22-11-03 16:18:52 - INFO - sentence_transformers.SentenceTransformer: Load pretrained SentenceTransformer: paraphrase-multilingual-mpnet-base-v2
22-11-03 16:18:54 - INFO - sentence_transformers.SentenceTransformer: Use pytorch device: cuda
22-11-03 16:18:54 - INFO - __main__: SBert model paraphrase-multilingual-mpnet-base-v2 is loaded.
22-11-03 16:18:56 - INFO - __main__: Num of SBert features: 768
22-11-03 16:18:57 - INFO - root: Generating sentence embeddings
22-11-03 16:19:05 - INFO - root: Generated sentence embeddings
22-11-03 16:19:05 - INFO - root: Training pytorch-MLP-nhid0-rmsprop-bs128 with (inner) 5-fold cross-validation
22-11-03 16:19:34 - INFO - root: Best param found at split 1: l2reg = 0.01                 with score 81.08
22-11-03 16:20:01 - INFO - root: Best param found at split 2: l2reg = 0.01                 with score 81.1
22-11-03 16:20:28 - INFO - root: Best param found at split 3: l2reg = 0.01                 with score 81.07
22-11-03 16:20:57 - INFO - root: Best param found at split 4: l2reg = 0.01                 with score 81.01
22-11-03 16:21:28 - INFO - root: Best param found at split 5: l2reg = 0.0001                 with score 80.8
22-11-03 16:21:29 - INFO - root: Generating sentence embeddings
22-11-03 16:21:32 - INFO - root: Generated sentence embeddings
22-11-03 16:21:32 - INFO - root: Training pytorch-MLP-nhid0-rmsprop-bs128 with (inner) 5-fold cross-validation
22-11-03 16:21:41 - INFO - root: Best param found at split 1: l2reg = 1e-05                 with score 90.63
22-11-03 16:21:51 - INFO - root: Best param found at split 2: l2reg = 0.001                 with score 90.5
22-11-03 16:21:59 - INFO - root: Best param found at split 3: l2reg = 0.001                 with score 90.0
22-11-03 16:22:09 - INFO - root: Best param found at split 4: l2reg = 0.001                 with score 90.5
22-11-03 16:22:18 - INFO - root: Best param found at split 5: l2reg = 0.01                 with score 89.77
22-11-03 16:22:19 - INFO - root: Generating sentence embeddings
22-11-03 16:22:27 - INFO - root: Generated sentence embeddings
22-11-03 16:22:27 - INFO - root: Training pytorch-MLP-nhid0-rmsprop-bs128 with (inner) 5-fold cross-validation
22-11-03 16:22:52 - INFO - root: Best param found at split 1: l2reg = 1e-05                 with score 91.13
22-11-03 16:23:19 - INFO - root: Best param found at split 2: l2reg = 0.01                 with score 91.81
22-11-03 16:23:47 - INFO - root: Best param found at split 3: l2reg = 0.01                 with score 91.59
22-11-03 16:24:13 - INFO - root: Best param found at split 4: l2reg = 0.0001                 with score 91.34
22-11-03 16:24:41 - INFO - root: Best param found at split 5: l2reg = 0.01                 with score 91.2
22-11-03 16:24:42 - INFO - root: Generating sentence embeddings
22-11-03 16:24:46 - INFO - root: Generated sentence embeddings
22-11-03 16:24:46 - INFO - root: Training pytorch-MLP-nhid0-rmsprop-bs128 with (inner) 5-fold cross-validation
22-11-03 16:25:12 - INFO - root: Best param found at split 1: l2reg = 0.01                 with score 89.24
22-11-03 16:25:40 - INFO - root: Best param found at split 2: l2reg = 0.01                 with score 88.23
22-11-03 16:26:08 - INFO - root: Best param found at split 3: l2reg = 0.01                 with score 89.13
22-11-03 16:26:35 - INFO - root: Best param found at split 4: l2reg = 0.01                 with score 88.39
22-11-03 16:27:05 - INFO - root: Best param found at split 5: l2reg = 0.01                 with score 88.53
22-11-03 16:27:06 - INFO - root: Computing embedding for train
22-11-03 16:27:12 - INFO - root: Computed train embeddings
22-11-03 16:27:12 - INFO - root: Computing embedding for dev
22-11-03 16:27:13 - INFO - root: Computed dev embeddings
22-11-03 16:27:13 - INFO - root: Computing embedding for test
22-11-03 16:27:14 - INFO - root: Computed test embeddings
22-11-03 16:27:14 - INFO - root: Training pytorch-MLP-nhid0-rmsprop-bs128 with standard validation..
22-11-03 16:27:21 - INFO - root: [('reg:1e-05', 43.23), ('reg:0.0001', 45.32), ('reg:0.001', 44.69), ('reg:0.01', 44.05)]
22-11-03 16:27:21 - INFO - root: Validation : best param found is reg = 0.0001 with score             45.32
22-11-03 16:27:21 - INFO - root: Evaluating...
22-11-03 16:27:23 - INFO - root: ***** Transfer task : TREC *****


22-11-03 16:27:25 - INFO - root: Computed train embeddings
22-11-03 16:27:25 - INFO - root: Computed test embeddings
22-11-03 16:27:25 - INFO - root: Training pytorch-MLP-nhid0-rmsprop-bs128 with 5-fold cross-validation
22-11-03 16:27:42 - INFO - root: [('reg:1e-05', 74.5), ('reg:0.0001', 74.12), ('reg:0.001', 73.39), ('reg:0.01', 72.08)]
22-11-03 16:27:42 - INFO - root: Cross-validation : best param found is reg = 1e-05             with score 74.5
22-11-03 16:27:42 - INFO - root: Evaluating...
22-11-03 16:27:43 - INFO - root: ***** Transfer task : MRPC *****


22-11-03 16:27:43 - INFO - root: Computing embedding for train
22-11-03 16:27:49 - INFO - root: Computed train embeddings
22-11-03 16:27:49 - INFO - root: Computing embedding for test
22-11-03 16:27:52 - INFO - root: Computed test embeddings
22-11-03 16:27:52 - INFO - root: Training pytorch-MLP-nhid0-rmsprop-bs128 with 5-fold cross-validation
22-11-03 16:28:04 - INFO - root: [('reg:1e-05', 73.75), ('reg:0.0001', 73.72), ('reg:0.001', 73.75), ('reg:0.01', 73.53)]
22-11-03 16:28:04 - INFO - root: Cross-validation : best param found is reg = 1e-05             with score 73.75
22-11-03 16:28:04 - INFO - root: Evaluating...
