22-11-04 08:48:57 - INFO - sentence_transformers.SentenceTransformer: Load pretrained SentenceTransformer: paraphrase-multilingual-mpnet-base-v2
22-11-04 08:49:00 - INFO - sentence_transformers.SentenceTransformer: Use pytorch device: cuda
22-11-04 08:49:00 - INFO - __main__: SBert model paraphrase-multilingual-mpnet-base-v2 is loaded.
22-11-04 08:49:02 - INFO - __main__: Num of SBert features: 768
22-11-04 08:49:03 - INFO - root: Generating sentence embeddings
22-11-04 08:49:11 - INFO - root: Generated sentence embeddings
22-11-04 08:49:11 - INFO - root: Training pytorch-MLP-nhid0-rmsprop-bs128 with (inner) 5-fold cross-validation
22-11-04 08:49:29 - INFO - root: Best param found at split 1: l2reg = 0.01                 with score 82.26
22-11-04 08:49:55 - INFO - root: Best param found at split 2: l2reg = 0.001                 with score 82.41
22-11-04 08:50:23 - INFO - root: Best param found at split 3: l2reg = 0.001                 with score 82.58
22-11-04 08:50:51 - INFO - root: Best param found at split 4: l2reg = 1e-05                 with score 81.56
22-11-04 08:51:19 - INFO - root: Best param found at split 5: l2reg = 0.01                 with score 82.72
22-11-04 08:51:20 - INFO - root: Generating sentence embeddings
22-11-04 08:51:23 - INFO - root: Generated sentence embeddings
22-11-04 08:51:23 - INFO - root: Training pytorch-MLP-nhid0-rmsprop-bs128 with (inner) 5-fold cross-validation
22-11-04 08:51:31 - INFO - root: Best param found at split 1: l2reg = 0.01                 with score 91.06
22-11-04 08:51:41 - INFO - root: Best param found at split 2: l2reg = 0.01                 with score 91.32
22-11-04 08:51:51 - INFO - root: Best param found at split 3: l2reg = 0.01                 with score 90.99
22-11-04 08:52:00 - INFO - root: Best param found at split 4: l2reg = 0.001                 with score 90.66
22-11-04 08:52:11 - INFO - root: Best param found at split 5: l2reg = 0.01                 with score 90.89
22-11-04 08:52:12 - INFO - root: Generating sentence embeddings
22-11-04 08:52:19 - INFO - root: Generated sentence embeddings
22-11-04 08:52:19 - INFO - root: Training pytorch-MLP-nhid0-rmsprop-bs128 with (inner) 5-fold cross-validation
22-11-04 08:52:46 - INFO - root: Best param found at split 1: l2reg = 0.01                 with score 92.96
22-11-04 08:53:07 - INFO - root: Best param found at split 2: l2reg = 1e-05                 with score 93.41
22-11-04 08:53:26 - INFO - root: Best param found at split 3: l2reg = 1e-05                 with score 93.09
22-11-04 08:53:51 - INFO - root: Best param found at split 4: l2reg = 0.01                 with score 92.91
22-11-04 08:54:23 - INFO - root: Best param found at split 5: l2reg = 0.01                 with score 93.3
22-11-04 08:54:24 - INFO - root: Generating sentence embeddings
22-11-04 08:54:28 - INFO - root: Generated sentence embeddings
22-11-04 08:54:28 - INFO - root: Training pytorch-MLP-nhid0-rmsprop-bs128 with (inner) 5-fold cross-validation
22-11-04 08:54:55 - INFO - root: Best param found at split 1: l2reg = 1e-05                 with score 90.3
22-11-04 08:55:28 - INFO - root: Best param found at split 2: l2reg = 0.0001                 with score 89.82
22-11-04 08:55:59 - INFO - root: Best param found at split 3: l2reg = 0.01                 with score 90.18
22-11-04 08:56:26 - INFO - root: Best param found at split 4: l2reg = 0.01                 with score 89.78
22-11-04 08:56:54 - INFO - root: Best param found at split 5: l2reg = 0.0001                 with score 89.96
22-11-04 08:56:55 - INFO - root: Computing embedding for train
22-11-04 08:57:01 - INFO - root: Computed train embeddings
22-11-04 08:57:01 - INFO - root: Computing embedding for dev
22-11-04 08:57:02 - INFO - root: Computed dev embeddings
22-11-04 08:57:02 - INFO - root: Computing embedding for test
22-11-04 08:57:03 - INFO - root: Computed test embeddings
22-11-04 08:57:03 - INFO - root: Training pytorch-MLP-nhid0-rmsprop-bs128 with standard validation..
22-11-04 08:57:09 - INFO - root: [('reg:1e-05', 45.05), ('reg:0.0001', 45.05), ('reg:0.001', 47.14), ('reg:0.01', 42.05)]
22-11-04 08:57:09 - INFO - root: Validation : best param found is reg = 0.001 with score             47.14
22-11-04 08:57:09 - INFO - root: Evaluating...
22-11-04 08:57:10 - INFO - root: ***** Transfer task : TREC *****


22-11-04 08:57:13 - INFO - root: Computed train embeddings
22-11-04 08:57:13 - INFO - root: Computed test embeddings
22-11-04 08:57:13 - INFO - root: Training pytorch-MLP-nhid0-rmsprop-bs128 with 5-fold cross-validation
22-11-04 08:57:34 - INFO - root: [('reg:1e-05', 74.67), ('reg:0.0001', 74.85), ('reg:0.001', 74.76), ('reg:0.01', 73.11)]
22-11-04 08:57:34 - INFO - root: Cross-validation : best param found is reg = 0.0001             with score 74.85
22-11-04 08:57:34 - INFO - root: Evaluating...
22-11-04 08:57:35 - INFO - root: ***** Transfer task : MRPC *****


22-11-04 08:57:35 - INFO - root: Computing embedding for train
22-11-04 08:57:41 - INFO - root: Computed train embeddings
22-11-04 08:57:41 - INFO - root: Computing embedding for test
22-11-04 08:57:44 - INFO - root: Computed test embeddings
22-11-04 08:57:44 - INFO - root: Training pytorch-MLP-nhid0-rmsprop-bs128 with 5-fold cross-validation
22-11-04 08:57:58 - INFO - root: [('reg:1e-05', 73.45), ('reg:0.0001', 73.48), ('reg:0.001', 73.99), ('reg:0.01', 74.07)]
22-11-04 08:57:58 - INFO - root: Cross-validation : best param found is reg = 0.01             with score 74.07
22-11-04 08:57:58 - INFO - root: Evaluating...
22-11-18 02:11:41 - INFO - sentence_transformers.SentenceTransformer: Load pretrained SentenceTransformer: paraphrase-multilingual-mpnet-base-v2
22-11-18 02:11:44 - INFO - sentence_transformers.SentenceTransformer: Use pytorch device: cuda
22-11-18 02:11:44 - INFO - __main__: SBert model paraphrase-multilingual-mpnet-base-v2 is loaded.
22-11-18 02:11:45 - INFO - __main__: Num of SBert features: 768
