22-11-04 17:24:58 - INFO - sentence_transformers.SentenceTransformer: Load pretrained SentenceTransformer: paraphrase-multilingual-mpnet-base-v2
22-11-04 17:25:01 - INFO - sentence_transformers.SentenceTransformer: Use pytorch device: cuda
22-11-04 17:25:01 - INFO - __main__: SBert model paraphrase-multilingual-mpnet-base-v2 is loaded.
22-11-04 17:25:03 - INFO - __main__: Num of SBert features: 768
22-11-04 17:25:04 - INFO - root: Generating sentence embeddings
22-11-04 17:25:12 - INFO - root: Generated sentence embeddings
22-11-04 17:25:12 - INFO - root: Training pytorch-MLP-nhid0-rmsprop-bs128 with (inner) 5-fold cross-validation
22-11-04 17:25:40 - INFO - root: Best param found at split 1: l2reg = 0.001                 with score 83.09
22-11-04 17:26:10 - INFO - root: Best param found at split 2: l2reg = 1e-05                 with score 82.71
22-11-04 17:26:39 - INFO - root: Best param found at split 3: l2reg = 0.01                 with score 83.15
22-11-04 17:27:07 - INFO - root: Best param found at split 4: l2reg = 0.01                 with score 83.07
22-11-04 17:27:34 - INFO - root: Best param found at split 5: l2reg = 0.01                 with score 82.32
22-11-04 17:27:35 - INFO - root: Generating sentence embeddings
22-11-04 17:27:38 - INFO - root: Generated sentence embeddings
22-11-04 17:27:38 - INFO - root: Training pytorch-MLP-nhid0-rmsprop-bs128 with (inner) 5-fold cross-validation
22-11-04 17:27:47 - INFO - root: Best param found at split 1: l2reg = 0.001                 with score 90.56
22-11-04 17:27:58 - INFO - root: Best param found at split 2: l2reg = 0.0001                 with score 90.89
22-11-04 17:28:07 - INFO - root: Best param found at split 3: l2reg = 0.001                 with score 90.96
22-11-04 17:28:17 - INFO - root: Best param found at split 4: l2reg = 0.01                 with score 90.6
22-11-04 17:28:28 - INFO - root: Best param found at split 5: l2reg = 1e-05                 with score 90.13
22-11-04 17:28:29 - INFO - root: Generating sentence embeddings
22-11-04 17:28:37 - INFO - root: Generated sentence embeddings
22-11-04 17:28:37 - INFO - root: Training pytorch-MLP-nhid0-rmsprop-bs128 with (inner) 5-fold cross-validation
22-11-04 17:29:04 - INFO - root: Best param found at split 1: l2reg = 0.001                 with score 92.94
22-11-04 17:29:32 - INFO - root: Best param found at split 2: l2reg = 0.01                 with score 93.37
22-11-04 17:30:01 - INFO - root: Best param found at split 3: l2reg = 0.01                 with score 92.86
22-11-04 17:30:29 - INFO - root: Best param found at split 4: l2reg = 0.0001                 with score 92.94
22-11-04 17:30:58 - INFO - root: Best param found at split 5: l2reg = 0.001                 with score 92.91
22-11-04 17:31:00 - INFO - root: Generating sentence embeddings
22-11-04 17:31:04 - INFO - root: Generated sentence embeddings
22-11-04 17:31:04 - INFO - root: Training pytorch-MLP-nhid0-rmsprop-bs128 with (inner) 5-fold cross-validation
22-11-04 17:31:30 - INFO - root: Best param found at split 1: l2reg = 0.0001                 with score 90.24
22-11-04 17:31:59 - INFO - root: Best param found at split 2: l2reg = 0.01                 with score 89.58
22-11-04 17:32:26 - INFO - root: Best param found at split 3: l2reg = 0.0001                 with score 89.73
22-11-04 17:32:54 - INFO - root: Best param found at split 4: l2reg = 0.01                 with score 90.48
22-11-04 17:33:23 - INFO - root: Best param found at split 5: l2reg = 0.0001                 with score 90.04
22-11-04 17:33:25 - INFO - root: Computing embedding for train
22-11-04 17:33:31 - INFO - root: Computed train embeddings
22-11-04 17:33:31 - INFO - root: Computing embedding for dev
22-11-04 17:33:32 - INFO - root: Computed dev embeddings
22-11-04 17:33:32 - INFO - root: Computing embedding for test
22-11-04 17:33:33 - INFO - root: Computed test embeddings
22-11-04 17:33:33 - INFO - root: Training pytorch-MLP-nhid0-rmsprop-bs128 with standard validation..
22-11-04 17:33:40 - INFO - root: [('reg:1e-05', 43.6), ('reg:0.0001', 46.14), ('reg:0.001', 43.42), ('reg:0.01', 46.68)]
22-11-04 17:33:40 - INFO - root: Validation : best param found is reg = 0.01 with score             46.68
22-11-04 17:33:40 - INFO - root: Evaluating...
22-11-04 17:33:42 - INFO - root: ***** Transfer task : TREC *****


22-11-04 17:33:45 - INFO - root: Computed train embeddings
22-11-04 17:33:45 - INFO - root: Computed test embeddings
22-11-04 17:33:45 - INFO - root: Training pytorch-MLP-nhid0-rmsprop-bs128 with 5-fold cross-validation
22-11-04 17:34:01 - INFO - root: [('reg:1e-05', 77.04), ('reg:0.0001', 77.62), ('reg:0.001', 81.58), ('reg:0.01', 74.89)]
22-11-04 17:34:01 - INFO - root: Cross-validation : best param found is reg = 0.001             with score 81.58
22-11-04 17:34:01 - INFO - root: Evaluating...
22-11-04 17:34:02 - INFO - root: ***** Transfer task : MRPC *****


22-11-04 17:34:02 - INFO - root: Computing embedding for train
22-11-04 17:34:09 - INFO - root: Computed train embeddings
22-11-04 17:34:09 - INFO - root: Computing embedding for test
22-11-04 17:34:11 - INFO - root: Computed test embeddings
22-11-04 17:34:11 - INFO - root: Training pytorch-MLP-nhid0-rmsprop-bs128 with 5-fold cross-validation
22-11-04 17:34:25 - INFO - root: [('reg:1e-05', 74.88), ('reg:0.0001', 74.51), ('reg:0.001', 74.02), ('reg:0.01', 74.36)]
22-11-04 17:34:25 - INFO - root: Cross-validation : best param found is reg = 1e-05             with score 74.88
22-11-04 17:34:25 - INFO - root: Evaluating...
22-11-18 05:42:55 - INFO - sentence_transformers.SentenceTransformer: Load pretrained SentenceTransformer: paraphrase-multilingual-mpnet-base-v2
22-11-18 05:42:57 - INFO - sentence_transformers.SentenceTransformer: Use pytorch device: cuda
22-11-18 05:42:57 - INFO - __main__: SBert model paraphrase-multilingual-mpnet-base-v2 is loaded.
22-11-18 05:42:59 - INFO - __main__: Num of SBert features: 768
