22-11-04 02:17:35 - INFO - sentence_transformers.SentenceTransformer: Load pretrained SentenceTransformer: paraphrase-multilingual-mpnet-base-v2
22-11-04 02:17:37 - INFO - sentence_transformers.SentenceTransformer: Use pytorch device: cuda
22-11-04 02:17:37 - INFO - __main__: SBert model paraphrase-multilingual-mpnet-base-v2 is loaded.
22-11-04 02:17:39 - INFO - __main__: Num of SBert features: 768
22-11-04 02:17:40 - INFO - root: Generating sentence embeddings
22-11-04 02:17:48 - INFO - root: Generated sentence embeddings
22-11-04 02:17:48 - INFO - root: Training pytorch-MLP-nhid0-rmsprop-bs128 with (inner) 5-fold cross-validation
22-11-04 02:18:17 - INFO - root: Best param found at split 1: l2reg = 1e-05                 with score 82.53
22-11-04 02:18:47 - INFO - root: Best param found at split 2: l2reg = 1e-05                 with score 82.19
22-11-04 02:19:16 - INFO - root: Best param found at split 3: l2reg = 0.001                 with score 82.42
22-11-04 02:19:45 - INFO - root: Best param found at split 4: l2reg = 0.001                 with score 82.3
22-11-04 02:20:17 - INFO - root: Best param found at split 5: l2reg = 0.01                 with score 82.64
22-11-04 02:20:18 - INFO - root: Generating sentence embeddings
22-11-04 02:20:21 - INFO - root: Generated sentence embeddings
22-11-04 02:20:21 - INFO - root: Training pytorch-MLP-nhid0-rmsprop-bs128 with (inner) 5-fold cross-validation
22-11-04 02:20:30 - INFO - root: Best param found at split 1: l2reg = 0.01                 with score 91.06
22-11-04 02:20:40 - INFO - root: Best param found at split 2: l2reg = 0.01                 with score 91.92
22-11-04 02:20:49 - INFO - root: Best param found at split 3: l2reg = 1e-05                 with score 91.42
22-11-04 02:20:59 - INFO - root: Best param found at split 4: l2reg = 0.01                 with score 91.39
22-11-04 02:21:09 - INFO - root: Best param found at split 5: l2reg = 0.01                 with score 91.09
22-11-04 02:21:10 - INFO - root: Generating sentence embeddings
22-11-04 02:21:18 - INFO - root: Generated sentence embeddings
22-11-04 02:21:18 - INFO - root: Training pytorch-MLP-nhid0-rmsprop-bs128 with (inner) 5-fold cross-validation
22-11-04 02:21:44 - INFO - root: Best param found at split 1: l2reg = 0.001                 with score 92.24
22-11-04 02:22:09 - INFO - root: Best param found at split 2: l2reg = 1e-05                 with score 92.55
22-11-04 02:22:40 - INFO - root: Best param found at split 3: l2reg = 0.001                 with score 92.46
22-11-04 02:23:05 - INFO - root: Best param found at split 4: l2reg = 0.001                 with score 92.38
22-11-04 02:23:31 - INFO - root: Best param found at split 5: l2reg = 0.001                 with score 92.22
22-11-04 02:23:32 - INFO - root: Generating sentence embeddings
22-11-04 02:23:36 - INFO - root: Generated sentence embeddings
22-11-04 02:23:36 - INFO - root: Training pytorch-MLP-nhid0-rmsprop-bs128 with (inner) 5-fold cross-validation
22-11-04 02:24:00 - INFO - root: Best param found at split 1: l2reg = 1e-05                 with score 89.56
22-11-04 02:24:30 - INFO - root: Best param found at split 2: l2reg = 0.0001                 with score 89.2
22-11-04 02:25:00 - INFO - root: Best param found at split 3: l2reg = 0.01                 with score 90.11
22-11-04 02:25:26 - INFO - root: Best param found at split 4: l2reg = 0.01                 with score 90.09
22-11-04 02:25:52 - INFO - root: Best param found at split 5: l2reg = 0.001                 with score 88.99
22-11-04 02:25:53 - INFO - root: Computing embedding for train
22-11-04 02:25:59 - INFO - root: Computed train embeddings
22-11-04 02:25:59 - INFO - root: Computing embedding for dev
22-11-04 02:26:00 - INFO - root: Computed dev embeddings
22-11-04 02:26:00 - INFO - root: Computing embedding for test
22-11-04 02:26:01 - INFO - root: Computed test embeddings
22-11-04 02:26:01 - INFO - root: Training pytorch-MLP-nhid0-rmsprop-bs128 with standard validation..
22-11-04 02:26:08 - INFO - root: [('reg:1e-05', 41.78), ('reg:0.0001', 39.24), ('reg:0.001', 46.23), ('reg:0.01', 45.69)]
22-11-04 02:26:08 - INFO - root: Validation : best param found is reg = 0.001 with score             46.23
22-11-04 02:26:08 - INFO - root: Evaluating...
22-11-04 02:26:10 - INFO - root: ***** Transfer task : TREC *****


22-11-04 02:26:13 - INFO - root: Computed train embeddings
22-11-04 02:26:13 - INFO - root: Computed test embeddings
22-11-04 02:26:13 - INFO - root: Training pytorch-MLP-nhid0-rmsprop-bs128 with 5-fold cross-validation
22-11-04 02:26:33 - INFO - root: [('reg:1e-05', 76.91), ('reg:0.0001', 76.63), ('reg:0.001', 76.67), ('reg:0.01', 70.96)]
22-11-04 02:26:33 - INFO - root: Cross-validation : best param found is reg = 1e-05             with score 76.91
22-11-04 02:26:33 - INFO - root: Evaluating...
22-11-04 02:26:34 - INFO - root: ***** Transfer task : MRPC *****


22-11-04 02:26:34 - INFO - root: Computing embedding for train
22-11-04 02:26:40 - INFO - root: Computed train embeddings
22-11-04 02:26:40 - INFO - root: Computing embedding for test
22-11-04 02:26:43 - INFO - root: Computed test embeddings
22-11-04 02:26:43 - INFO - root: Training pytorch-MLP-nhid0-rmsprop-bs128 with 5-fold cross-validation
22-11-04 02:26:56 - INFO - root: [('reg:1e-05', 73.7), ('reg:0.0001', 73.48), ('reg:0.001', 73.68), ('reg:0.01', 74.39)]
22-11-04 02:26:56 - INFO - root: Cross-validation : best param found is reg = 0.01             with score 74.39
22-11-04 02:26:56 - INFO - root: Evaluating...
22-11-17 23:34:28 - INFO - sentence_transformers.SentenceTransformer: Load pretrained SentenceTransformer: paraphrase-multilingual-mpnet-base-v2
22-11-17 23:34:30 - INFO - sentence_transformers.SentenceTransformer: Use pytorch device: cuda
22-11-17 23:34:30 - INFO - __main__: SBert model paraphrase-multilingual-mpnet-base-v2 is loaded.
22-11-17 23:34:32 - INFO - __main__: Num of SBert features: 768
