22-11-04 23:21:13 - INFO - sentence_transformers.SentenceTransformer: Load pretrained SentenceTransformer: paraphrase-multilingual-mpnet-base-v2
22-11-04 23:21:15 - INFO - sentence_transformers.SentenceTransformer: Use pytorch device: cuda
22-11-04 23:21:15 - INFO - __main__: SBert model paraphrase-multilingual-mpnet-base-v2 is loaded.
22-11-04 23:21:17 - INFO - __main__: Num of SBert features: 768
22-11-04 23:21:18 - INFO - root: Generating sentence embeddings
22-11-04 23:21:26 - INFO - root: Generated sentence embeddings
22-11-04 23:21:26 - INFO - root: Training pytorch-MLP-nhid0-rmsprop-bs128 with (inner) 5-fold cross-validation
22-11-04 23:21:52 - INFO - root: Best param found at split 1: l2reg = 1e-05                 with score 83.08
22-11-04 23:22:19 - INFO - root: Best param found at split 2: l2reg = 0.01                 with score 83.48
22-11-04 23:22:47 - INFO - root: Best param found at split 3: l2reg = 0.01                 with score 83.39
22-11-04 23:23:18 - INFO - root: Best param found at split 4: l2reg = 0.001                 with score 83.34
22-11-04 23:23:48 - INFO - root: Best param found at split 5: l2reg = 0.01                 with score 82.46
22-11-04 23:23:50 - INFO - root: Generating sentence embeddings
22-11-04 23:23:53 - INFO - root: Generated sentence embeddings
22-11-04 23:23:53 - INFO - root: Training pytorch-MLP-nhid0-rmsprop-bs128 with (inner) 5-fold cross-validation
22-11-04 23:24:02 - INFO - root: Best param found at split 1: l2reg = 1e-05                 with score 91.46
22-11-04 23:24:12 - INFO - root: Best param found at split 2: l2reg = 0.001                 with score 91.46
22-11-04 23:24:21 - INFO - root: Best param found at split 3: l2reg = 1e-05                 with score 91.85
22-11-04 23:24:31 - INFO - root: Best param found at split 4: l2reg = 0.0001                 with score 91.29
22-11-04 23:24:41 - INFO - root: Best param found at split 5: l2reg = 0.0001                 with score 91.39
22-11-04 23:24:41 - INFO - root: Generating sentence embeddings
22-11-04 23:24:49 - INFO - root: Generated sentence embeddings
22-11-04 23:24:49 - INFO - root: Training pytorch-MLP-nhid0-rmsprop-bs128 with (inner) 5-fold cross-validation
22-11-04 23:25:20 - INFO - root: Best param found at split 1: l2reg = 1e-05                 with score 93.56
22-11-04 23:25:53 - INFO - root: Best param found at split 2: l2reg = 0.01                 with score 93.61
22-11-04 23:26:21 - INFO - root: Best param found at split 3: l2reg = 0.01                 with score 93.36
22-11-04 23:26:48 - INFO - root: Best param found at split 4: l2reg = 0.0001                 with score 93.31
22-11-04 23:27:15 - INFO - root: Best param found at split 5: l2reg = 0.001                 with score 93.29
22-11-04 23:27:17 - INFO - root: Generating sentence embeddings
22-11-04 23:27:21 - INFO - root: Generated sentence embeddings
22-11-04 23:27:21 - INFO - root: Training pytorch-MLP-nhid0-rmsprop-bs128 with (inner) 5-fold cross-validation
22-11-04 23:27:49 - INFO - root: Best param found at split 1: l2reg = 0.01                 with score 90.38
22-11-04 23:28:18 - INFO - root: Best param found at split 2: l2reg = 1e-05                 with score 90.14
22-11-04 23:28:46 - INFO - root: Best param found at split 3: l2reg = 0.001                 with score 90.3
22-11-04 23:29:12 - INFO - root: Best param found at split 4: l2reg = 0.0001                 with score 90.3
22-11-04 23:29:40 - INFO - root: Best param found at split 5: l2reg = 0.01                 with score 90.39
22-11-04 23:29:42 - INFO - root: Computing embedding for train
22-11-04 23:29:48 - INFO - root: Computed train embeddings
22-11-04 23:29:48 - INFO - root: Computing embedding for dev
22-11-04 23:29:49 - INFO - root: Computed dev embeddings
22-11-04 23:29:49 - INFO - root: Computing embedding for test
22-11-04 23:29:50 - INFO - root: Computed test embeddings
22-11-04 23:29:50 - INFO - root: Training pytorch-MLP-nhid0-rmsprop-bs128 with standard validation..
22-11-04 23:29:57 - INFO - root: [('reg:1e-05', 44.5), ('reg:0.0001', 46.14), ('reg:0.001', 39.87), ('reg:0.01', 47.05)]
22-11-04 23:29:57 - INFO - root: Validation : best param found is reg = 0.01 with score             47.05
22-11-04 23:29:57 - INFO - root: Evaluating...
22-11-04 23:29:59 - INFO - root: ***** Transfer task : TREC *****


22-11-04 23:30:01 - INFO - root: Computed train embeddings
22-11-04 23:30:01 - INFO - root: Computed test embeddings
22-11-04 23:30:01 - INFO - root: Training pytorch-MLP-nhid0-rmsprop-bs128 with 5-fold cross-validation
22-11-04 23:30:21 - INFO - root: [('reg:1e-05', 81.55), ('reg:0.0001', 78.36), ('reg:0.001', 77.81), ('reg:0.01', 78.6)]
22-11-04 23:30:21 - INFO - root: Cross-validation : best param found is reg = 1e-05             with score 81.55
22-11-04 23:30:21 - INFO - root: Evaluating...
22-11-04 23:30:22 - INFO - root: ***** Transfer task : MRPC *****


22-11-04 23:30:22 - INFO - root: Computing embedding for train
22-11-04 23:30:28 - INFO - root: Computed train embeddings
22-11-04 23:30:28 - INFO - root: Computing embedding for test
22-11-04 23:30:31 - INFO - root: Computed test embeddings
22-11-04 23:30:31 - INFO - root: Training pytorch-MLP-nhid0-rmsprop-bs128 with 5-fold cross-validation
22-11-04 23:30:45 - INFO - root: [('reg:1e-05', 75.34), ('reg:0.0001', 73.38), ('reg:0.001', 73.55), ('reg:0.01', 74.34)]
22-11-04 23:30:45 - INFO - root: Cross-validation : best param found is reg = 1e-05             with score 75.34
22-11-04 23:30:45 - INFO - root: Evaluating...
