22-11-04 11:38:20 - INFO - sentence_transformers.SentenceTransformer: Load pretrained SentenceTransformer: paraphrase-multilingual-mpnet-base-v2
22-11-04 11:38:22 - INFO - sentence_transformers.SentenceTransformer: Use pytorch device: cuda
22-11-04 11:38:22 - INFO - __main__: SBert model paraphrase-multilingual-mpnet-base-v2 is loaded.
22-11-04 11:38:24 - INFO - __main__: Num of SBert features: 768
22-11-04 11:38:25 - INFO - root: Generating sentence embeddings
22-11-04 11:38:33 - INFO - root: Generated sentence embeddings
22-11-04 11:38:33 - INFO - root: Training pytorch-MLP-nhid0-rmsprop-bs128 with (inner) 5-fold cross-validation
22-11-04 11:39:01 - INFO - root: Best param found at split 1: l2reg = 0.01                 with score 82.6
22-11-04 11:39:32 - INFO - root: Best param found at split 2: l2reg = 0.001                 with score 82.35
22-11-04 11:40:00 - INFO - root: Best param found at split 3: l2reg = 1e-05                 with score 82.4
22-11-04 11:40:29 - INFO - root: Best param found at split 4: l2reg = 0.001                 with score 82.43
22-11-04 11:40:59 - INFO - root: Best param found at split 5: l2reg = 0.01                 with score 82.68
22-11-04 11:41:01 - INFO - root: Generating sentence embeddings
22-11-04 11:41:03 - INFO - root: Generated sentence embeddings
22-11-04 11:41:03 - INFO - root: Training pytorch-MLP-nhid0-rmsprop-bs128 with (inner) 5-fold cross-validation
22-11-04 11:41:13 - INFO - root: Best param found at split 1: l2reg = 0.001                 with score 91.16
22-11-04 11:41:24 - INFO - root: Best param found at split 2: l2reg = 0.01                 with score 91.26
22-11-04 11:41:34 - INFO - root: Best param found at split 3: l2reg = 0.01                 with score 91.62
22-11-04 11:41:44 - INFO - root: Best param found at split 4: l2reg = 0.01                 with score 91.49
22-11-04 11:41:51 - INFO - root: Best param found at split 5: l2reg = 0.001                 with score 91.39
22-11-04 11:41:52 - INFO - root: Generating sentence embeddings
22-11-04 11:42:00 - INFO - root: Generated sentence embeddings
22-11-04 11:42:00 - INFO - root: Training pytorch-MLP-nhid0-rmsprop-bs128 with (inner) 5-fold cross-validation
22-11-04 11:42:24 - INFO - root: Best param found at split 1: l2reg = 0.01                 with score 92.42
22-11-04 11:42:53 - INFO - root: Best param found at split 2: l2reg = 0.001                 with score 92.92
22-11-04 11:43:22 - INFO - root: Best param found at split 3: l2reg = 0.001                 with score 92.65
22-11-04 11:43:51 - INFO - root: Best param found at split 4: l2reg = 0.01                 with score 93.0
22-11-04 11:44:18 - INFO - root: Best param found at split 5: l2reg = 0.0001                 with score 92.58
22-11-04 11:44:20 - INFO - root: Generating sentence embeddings
22-11-04 11:44:24 - INFO - root: Generated sentence embeddings
22-11-04 11:44:24 - INFO - root: Training pytorch-MLP-nhid0-rmsprop-bs128 with (inner) 5-fold cross-validation
22-11-04 11:44:48 - INFO - root: Best param found at split 1: l2reg = 0.01                 with score 86.23
22-11-04 11:45:17 - INFO - root: Best param found at split 2: l2reg = 0.01                 with score 89.56
22-11-04 11:45:43 - INFO - root: Best param found at split 3: l2reg = 0.001                 with score 89.58
22-11-04 11:46:02 - INFO - root: Best param found at split 4: l2reg = 0.0001                 with score 89.58
22-11-04 11:46:20 - INFO - root: Best param found at split 5: l2reg = 1e-05                 with score 89.76
22-11-04 11:46:21 - INFO - root: Computing embedding for train
22-11-04 11:46:27 - INFO - root: Computed train embeddings
22-11-04 11:46:27 - INFO - root: Computing embedding for dev
22-11-04 11:46:27 - INFO - root: Computed dev embeddings
22-11-04 11:46:27 - INFO - root: Computing embedding for test
22-11-04 11:46:29 - INFO - root: Computed test embeddings
22-11-04 11:46:29 - INFO - root: Training pytorch-MLP-nhid0-rmsprop-bs128 with standard validation..
22-11-04 11:46:35 - INFO - root: [('reg:1e-05', 42.23), ('reg:0.0001', 39.6), ('reg:0.001', 44.32), ('reg:0.01', 43.32)]
22-11-04 11:46:35 - INFO - root: Validation : best param found is reg = 0.001 with score             44.32
22-11-04 11:46:35 - INFO - root: Evaluating...
22-11-04 11:46:36 - INFO - root: ***** Transfer task : TREC *****


22-11-04 11:46:39 - INFO - root: Computed train embeddings
22-11-04 11:46:39 - INFO - root: Computed test embeddings
22-11-04 11:46:39 - INFO - root: Training pytorch-MLP-nhid0-rmsprop-bs128 with 5-fold cross-validation
22-11-04 11:46:57 - INFO - root: [('reg:1e-05', 76.08), ('reg:0.0001', 75.13), ('reg:0.001', 76.71), ('reg:0.01', 72.12)]
22-11-04 11:46:57 - INFO - root: Cross-validation : best param found is reg = 0.001             with score 76.71
22-11-04 11:46:57 - INFO - root: Evaluating...
22-11-04 11:46:58 - INFO - root: ***** Transfer task : MRPC *****


22-11-04 11:46:58 - INFO - root: Computing embedding for train
22-11-04 11:47:04 - INFO - root: Computed train embeddings
22-11-04 11:47:04 - INFO - root: Computing embedding for test
22-11-04 11:47:07 - INFO - root: Computed test embeddings
22-11-04 11:47:07 - INFO - root: Training pytorch-MLP-nhid0-rmsprop-bs128 with 5-fold cross-validation
22-11-04 11:47:20 - INFO - root: [('reg:1e-05', 73.9), ('reg:0.0001', 73.63), ('reg:0.001', 73.99), ('reg:0.01', 73.43)]
22-11-04 11:47:20 - INFO - root: Cross-validation : best param found is reg = 0.001             with score 73.99
22-11-04 11:47:20 - INFO - root: Evaluating...
22-11-18 03:20:51 - INFO - sentence_transformers.SentenceTransformer: Load pretrained SentenceTransformer: paraphrase-multilingual-mpnet-base-v2
22-11-18 03:20:53 - INFO - sentence_transformers.SentenceTransformer: Use pytorch device: cuda
22-11-18 03:20:53 - INFO - __main__: SBert model paraphrase-multilingual-mpnet-base-v2 is loaded.
22-11-18 03:20:55 - INFO - __main__: Num of SBert features: 768
