22-11-04 14:30:23 - INFO - sentence_transformers.SentenceTransformer: Load pretrained SentenceTransformer: paraphrase-multilingual-mpnet-base-v2
22-11-04 14:30:26 - INFO - sentence_transformers.SentenceTransformer: Use pytorch device: cuda
22-11-04 14:30:26 - INFO - __main__: SBert model paraphrase-multilingual-mpnet-base-v2 is loaded.
22-11-04 14:30:28 - INFO - __main__: Num of SBert features: 768
22-11-04 14:30:29 - INFO - root: Generating sentence embeddings
22-11-04 14:30:37 - INFO - root: Generated sentence embeddings
22-11-04 14:30:37 - INFO - root: Training pytorch-MLP-nhid0-rmsprop-bs128 with (inner) 5-fold cross-validation
22-11-04 14:31:01 - INFO - root: Best param found at split 1: l2reg = 0.0001                 with score 82.76
22-11-04 14:31:26 - INFO - root: Best param found at split 2: l2reg = 0.01                 with score 82.53
22-11-04 14:31:56 - INFO - root: Best param found at split 3: l2reg = 0.0001                 with score 82.32
22-11-04 14:32:26 - INFO - root: Best param found at split 4: l2reg = 0.01                 with score 83.25
22-11-04 14:32:56 - INFO - root: Best param found at split 5: l2reg = 1e-05                 with score 82.9
22-11-04 14:32:57 - INFO - root: Generating sentence embeddings
22-11-04 14:33:00 - INFO - root: Generated sentence embeddings
22-11-04 14:33:00 - INFO - root: Training pytorch-MLP-nhid0-rmsprop-bs128 with (inner) 5-fold cross-validation
22-11-04 14:33:09 - INFO - root: Best param found at split 1: l2reg = 0.0001                 with score 91.19
22-11-04 14:33:20 - INFO - root: Best param found at split 2: l2reg = 0.001                 with score 91.72
22-11-04 14:33:29 - INFO - root: Best param found at split 3: l2reg = 0.01                 with score 91.56
22-11-04 14:33:39 - INFO - root: Best param found at split 4: l2reg = 0.01                 with score 91.56
22-11-04 14:33:49 - INFO - root: Best param found at split 5: l2reg = 0.001                 with score 91.46
22-11-04 14:33:49 - INFO - root: Generating sentence embeddings
22-11-04 14:33:57 - INFO - root: Generated sentence embeddings
22-11-04 14:33:57 - INFO - root: Training pytorch-MLP-nhid0-rmsprop-bs128 with (inner) 5-fold cross-validation
22-11-04 14:34:22 - INFO - root: Best param found at split 1: l2reg = 1e-05                 with score 93.1
22-11-04 14:34:50 - INFO - root: Best param found at split 2: l2reg = 1e-05                 with score 93.26
22-11-04 14:35:17 - INFO - root: Best param found at split 3: l2reg = 1e-05                 with score 92.94
22-11-04 14:35:45 - INFO - root: Best param found at split 4: l2reg = 0.01                 with score 93.2
22-11-04 14:36:11 - INFO - root: Best param found at split 5: l2reg = 0.01                 with score 92.92
22-11-04 14:36:13 - INFO - root: Generating sentence embeddings
22-11-04 14:36:16 - INFO - root: Generated sentence embeddings
22-11-04 14:36:16 - INFO - root: Training pytorch-MLP-nhid0-rmsprop-bs128 with (inner) 5-fold cross-validation
22-11-04 14:36:42 - INFO - root: Best param found at split 1: l2reg = 0.0001                 with score 90.12
22-11-04 14:37:12 - INFO - root: Best param found at split 2: l2reg = 0.01                 with score 89.7
22-11-04 14:37:42 - INFO - root: Best param found at split 3: l2reg = 0.01                 with score 90.09
22-11-04 14:38:10 - INFO - root: Best param found at split 4: l2reg = 1e-05                 with score 90.25
22-11-04 14:38:40 - INFO - root: Best param found at split 5: l2reg = 0.0001                 with score 89.89
22-11-04 14:38:41 - INFO - root: Computing embedding for train
22-11-04 14:38:47 - INFO - root: Computed train embeddings
22-11-04 14:38:47 - INFO - root: Computing embedding for dev
22-11-04 14:38:48 - INFO - root: Computed dev embeddings
22-11-04 14:38:48 - INFO - root: Computing embedding for test
22-11-04 14:38:50 - INFO - root: Computed test embeddings
22-11-04 14:38:50 - INFO - root: Training pytorch-MLP-nhid0-rmsprop-bs128 with standard validation..
22-11-04 14:38:57 - INFO - root: [('reg:1e-05', 41.87), ('reg:0.0001', 45.59), ('reg:0.001', 43.05), ('reg:0.01', 45.96)]
22-11-04 14:38:57 - INFO - root: Validation : best param found is reg = 0.01 with score             45.96
22-11-04 14:38:57 - INFO - root: Evaluating...
22-11-04 14:38:59 - INFO - root: ***** Transfer task : TREC *****


22-11-04 14:39:01 - INFO - root: Computed train embeddings
22-11-04 14:39:01 - INFO - root: Computed test embeddings
22-11-04 14:39:01 - INFO - root: Training pytorch-MLP-nhid0-rmsprop-bs128 with 5-fold cross-validation
22-11-04 14:39:18 - INFO - root: [('reg:1e-05', 78.39), ('reg:0.0001', 78.85), ('reg:0.001', 78.23), ('reg:0.01', 73.0)]
22-11-04 14:39:18 - INFO - root: Cross-validation : best param found is reg = 0.0001             with score 78.85
22-11-04 14:39:18 - INFO - root: Evaluating...
22-11-04 14:39:19 - INFO - root: ***** Transfer task : MRPC *****


22-11-04 14:39:19 - INFO - root: Computing embedding for train
22-11-04 14:39:26 - INFO - root: Computed train embeddings
22-11-04 14:39:26 - INFO - root: Computing embedding for test
22-11-04 14:39:28 - INFO - root: Computed test embeddings
22-11-04 14:39:28 - INFO - root: Training pytorch-MLP-nhid0-rmsprop-bs128 with 5-fold cross-validation
22-11-04 14:39:40 - INFO - root: [('reg:1e-05', 74.68), ('reg:0.0001', 74.78), ('reg:0.001', 75.02), ('reg:0.01', 74.53)]
22-11-04 14:39:40 - INFO - root: Cross-validation : best param found is reg = 0.001             with score 75.02
22-11-04 14:39:40 - INFO - root: Evaluating...
