22-11-04 22:16:16 - INFO - sentence_transformers.SentenceTransformer: Load pretrained SentenceTransformer: paraphrase-multilingual-mpnet-base-v2
22-11-04 22:16:19 - INFO - sentence_transformers.SentenceTransformer: Use pytorch device: cuda
22-11-04 22:16:19 - INFO - __main__: SBert model paraphrase-multilingual-mpnet-base-v2 is loaded.
22-11-04 22:16:21 - INFO - __main__: Num of SBert features: 768
22-11-04 22:16:22 - INFO - root: Generating sentence embeddings
22-11-04 22:16:30 - INFO - root: Generated sentence embeddings
22-11-04 22:16:30 - INFO - root: Training pytorch-MLP-nhid0-rmsprop-bs128 with (inner) 5-fold cross-validation
22-11-04 22:16:59 - INFO - root: Best param found at split 1: l2reg = 0.01                 with score 83.8
22-11-04 22:17:26 - INFO - root: Best param found at split 2: l2reg = 1e-05                 with score 82.69
22-11-04 22:17:53 - INFO - root: Best param found at split 3: l2reg = 0.01                 with score 82.94
22-11-04 22:18:21 - INFO - root: Best param found at split 4: l2reg = 0.0001                 with score 82.66
22-11-04 22:18:48 - INFO - root: Best param found at split 5: l2reg = 0.01                 with score 82.99
22-11-04 22:18:50 - INFO - root: Generating sentence embeddings
22-11-04 22:18:53 - INFO - root: Generated sentence embeddings
22-11-04 22:18:53 - INFO - root: Training pytorch-MLP-nhid0-rmsprop-bs128 with (inner) 5-fold cross-validation
22-11-04 22:19:01 - INFO - root: Best param found at split 1: l2reg = 1e-05                 with score 91.36
22-11-04 22:19:12 - INFO - root: Best param found at split 2: l2reg = 0.0001                 with score 91.59
22-11-04 22:19:21 - INFO - root: Best param found at split 3: l2reg = 0.0001                 with score 91.19
22-11-04 22:19:31 - INFO - root: Best param found at split 4: l2reg = 0.01                 with score 91.16
22-11-04 22:19:42 - INFO - root: Best param found at split 5: l2reg = 0.01                 with score 91.13
22-11-04 22:19:42 - INFO - root: Generating sentence embeddings
22-11-04 22:19:50 - INFO - root: Generated sentence embeddings
22-11-04 22:19:50 - INFO - root: Training pytorch-MLP-nhid0-rmsprop-bs128 with (inner) 5-fold cross-validation
22-11-04 22:20:18 - INFO - root: Best param found at split 1: l2reg = 1e-05                 with score 92.94
22-11-04 22:20:45 - INFO - root: Best param found at split 2: l2reg = 0.001                 with score 93.49
22-11-04 22:21:13 - INFO - root: Best param found at split 3: l2reg = 0.01                 with score 93.05
22-11-04 22:21:41 - INFO - root: Best param found at split 4: l2reg = 0.0001                 with score 93.11
22-11-04 22:22:08 - INFO - root: Best param found at split 5: l2reg = 0.001                 with score 93.06
22-11-04 22:22:10 - INFO - root: Generating sentence embeddings
22-11-04 22:22:14 - INFO - root: Generated sentence embeddings
22-11-04 22:22:14 - INFO - root: Training pytorch-MLP-nhid0-rmsprop-bs128 with (inner) 5-fold cross-validation
22-11-04 22:22:37 - INFO - root: Best param found at split 1: l2reg = 0.001                 with score 90.32
22-11-04 22:23:04 - INFO - root: Best param found at split 2: l2reg = 0.001                 with score 90.05
22-11-04 22:23:33 - INFO - root: Best param found at split 3: l2reg = 1e-05                 with score 90.37
22-11-04 22:24:02 - INFO - root: Best param found at split 4: l2reg = 0.0001                 with score 90.43
22-11-04 22:24:32 - INFO - root: Best param found at split 5: l2reg = 0.01                 with score 90.03
22-11-04 22:24:33 - INFO - root: Computing embedding for train
22-11-04 22:24:39 - INFO - root: Computed train embeddings
22-11-04 22:24:39 - INFO - root: Computing embedding for dev
22-11-04 22:24:40 - INFO - root: Computed dev embeddings
22-11-04 22:24:40 - INFO - root: Computing embedding for test
22-11-04 22:24:41 - INFO - root: Computed test embeddings
22-11-04 22:24:41 - INFO - root: Training pytorch-MLP-nhid0-rmsprop-bs128 with standard validation..
22-11-04 22:24:49 - INFO - root: [('reg:1e-05', 44.32), ('reg:0.0001', 41.33), ('reg:0.001', 45.14), ('reg:0.01', 45.14)]
22-11-04 22:24:49 - INFO - root: Validation : best param found is reg = 0.001 with score             45.14
22-11-04 22:24:49 - INFO - root: Evaluating...
22-11-04 22:24:51 - INFO - root: ***** Transfer task : TREC *****


22-11-04 22:24:54 - INFO - root: Computed train embeddings
22-11-04 22:24:54 - INFO - root: Computed test embeddings
22-11-04 22:24:54 - INFO - root: Training pytorch-MLP-nhid0-rmsprop-bs128 with 5-fold cross-validation
22-11-04 22:25:11 - INFO - root: [('reg:1e-05', 76.21), ('reg:0.0001', 78.08), ('reg:0.001', 76.6), ('reg:0.01', 76.06)]
22-11-04 22:25:11 - INFO - root: Cross-validation : best param found is reg = 0.0001             with score 78.08
22-11-04 22:25:11 - INFO - root: Evaluating...
22-11-04 22:25:12 - INFO - root: ***** Transfer task : MRPC *****


22-11-04 22:25:12 - INFO - root: Computing embedding for train
22-11-04 22:25:19 - INFO - root: Computed train embeddings
22-11-04 22:25:19 - INFO - root: Computing embedding for test
22-11-04 22:25:21 - INFO - root: Computed test embeddings
22-11-04 22:25:21 - INFO - root: Training pytorch-MLP-nhid0-rmsprop-bs128 with 5-fold cross-validation
22-11-04 22:25:34 - INFO - root: [('reg:1e-05', 74.63), ('reg:0.0001', 73.68), ('reg:0.001', 74.88), ('reg:0.01', 75.86)]
22-11-04 22:25:34 - INFO - root: Cross-validation : best param found is reg = 0.01             with score 75.86
22-11-04 22:25:34 - INFO - root: Evaluating...
22-11-18 07:40:40 - INFO - sentence_transformers.SentenceTransformer: Load pretrained SentenceTransformer: paraphrase-multilingual-mpnet-base-v2
22-11-18 07:40:42 - INFO - sentence_transformers.SentenceTransformer: Use pytorch device: cuda
22-11-18 07:40:42 - INFO - __main__: SBert model paraphrase-multilingual-mpnet-base-v2 is loaded.
22-11-18 07:40:44 - INFO - __main__: Num of SBert features: 768
