22-11-03 19:44:50 - INFO - sentence_transformers.SentenceTransformer: Load pretrained SentenceTransformer: paraphrase-multilingual-mpnet-base-v2
22-11-03 19:44:52 - INFO - sentence_transformers.SentenceTransformer: Use pytorch device: cuda
22-11-03 19:44:52 - INFO - __main__: SBert model paraphrase-multilingual-mpnet-base-v2 is loaded.
22-11-03 19:44:54 - INFO - __main__: Num of SBert features: 768
22-11-03 19:44:55 - INFO - root: Generating sentence embeddings
22-11-03 19:45:03 - INFO - root: Generated sentence embeddings
22-11-03 19:45:03 - INFO - root: Training pytorch-MLP-nhid0-rmsprop-bs128 with (inner) 5-fold cross-validation
22-11-03 19:45:29 - INFO - root: Best param found at split 1: l2reg = 0.01                 with score 81.31
22-11-03 19:45:56 - INFO - root: Best param found at split 2: l2reg = 0.01                 with score 81.1
22-11-03 19:46:25 - INFO - root: Best param found at split 3: l2reg = 0.001                 with score 80.93
22-11-03 19:46:58 - INFO - root: Best param found at split 4: l2reg = 0.01                 with score 81.44
22-11-03 19:47:26 - INFO - root: Best param found at split 5: l2reg = 0.001                 with score 81.3
22-11-03 19:47:27 - INFO - root: Generating sentence embeddings
22-11-03 19:47:30 - INFO - root: Generated sentence embeddings
22-11-03 19:47:30 - INFO - root: Training pytorch-MLP-nhid0-rmsprop-bs128 with (inner) 5-fold cross-validation
22-11-03 19:47:38 - INFO - root: Best param found at split 1: l2reg = 1e-05                 with score 90.4
22-11-03 19:47:48 - INFO - root: Best param found at split 2: l2reg = 0.01                 with score 90.6
22-11-03 19:47:58 - INFO - root: Best param found at split 3: l2reg = 0.001                 with score 90.63
22-11-03 19:48:08 - INFO - root: Best param found at split 4: l2reg = 0.01                 with score 90.43
22-11-03 19:48:18 - INFO - root: Best param found at split 5: l2reg = 0.01                 with score 90.4
22-11-03 19:48:19 - INFO - root: Generating sentence embeddings
22-11-03 19:48:27 - INFO - root: Generated sentence embeddings
22-11-03 19:48:27 - INFO - root: Training pytorch-MLP-nhid0-rmsprop-bs128 with (inner) 5-fold cross-validation
22-11-03 19:48:53 - INFO - root: Best param found at split 1: l2reg = 0.01                 with score 91.62
22-11-03 19:49:21 - INFO - root: Best param found at split 2: l2reg = 0.01                 with score 92.05
22-11-03 19:49:46 - INFO - root: Best param found at split 3: l2reg = 0.01                 with score 91.68
22-11-03 19:50:14 - INFO - root: Best param found at split 4: l2reg = 0.01                 with score 91.86
22-11-03 19:50:41 - INFO - root: Best param found at split 5: l2reg = 0.01                 with score 91.6
22-11-03 19:50:43 - INFO - root: Generating sentence embeddings
22-11-03 19:50:46 - INFO - root: Generated sentence embeddings
22-11-03 19:50:46 - INFO - root: Training pytorch-MLP-nhid0-rmsprop-bs128 with (inner) 5-fold cross-validation
22-11-03 19:51:10 - INFO - root: Best param found at split 1: l2reg = 0.001                 with score 86.1
22-11-03 19:51:37 - INFO - root: Best param found at split 2: l2reg = 1e-05                 with score 88.87
22-11-03 19:52:05 - INFO - root: Best param found at split 3: l2reg = 0.001                 with score 89.09
22-11-03 19:52:31 - INFO - root: Best param found at split 4: l2reg = 1e-05                 with score 89.07
22-11-03 19:53:02 - INFO - root: Best param found at split 5: l2reg = 0.01                 with score 87.79
22-11-03 19:53:04 - INFO - root: Computing embedding for train
22-11-03 19:53:10 - INFO - root: Computed train embeddings
22-11-03 19:53:10 - INFO - root: Computing embedding for dev
22-11-03 19:53:11 - INFO - root: Computed dev embeddings
22-11-03 19:53:11 - INFO - root: Computing embedding for test
22-11-03 19:53:12 - INFO - root: Computed test embeddings
22-11-03 19:53:12 - INFO - root: Training pytorch-MLP-nhid0-rmsprop-bs128 with standard validation..
22-11-03 19:53:19 - INFO - root: [('reg:1e-05', 42.42), ('reg:0.0001', 43.42), ('reg:0.001', 42.51), ('reg:0.01', 44.05)]
22-11-03 19:53:19 - INFO - root: Validation : best param found is reg = 0.01 with score             44.05
22-11-03 19:53:19 - INFO - root: Evaluating...
22-11-03 19:53:21 - INFO - root: ***** Transfer task : TREC *****


22-11-03 19:53:23 - INFO - root: Computed train embeddings
22-11-03 19:53:24 - INFO - root: Computed test embeddings
22-11-03 19:53:24 - INFO - root: Training pytorch-MLP-nhid0-rmsprop-bs128 with 5-fold cross-validation
22-11-03 19:53:42 - INFO - root: [('reg:1e-05', 73.33), ('reg:0.0001', 73.29), ('reg:0.001', 73.33), ('reg:0.01', 70.82)]
22-11-03 19:53:42 - INFO - root: Cross-validation : best param found is reg = 1e-05             with score 73.33
22-11-03 19:53:42 - INFO - root: Evaluating...
22-11-03 19:53:43 - INFO - root: ***** Transfer task : MRPC *****


22-11-03 19:53:43 - INFO - root: Computing embedding for train
22-11-03 19:53:50 - INFO - root: Computed train embeddings
22-11-03 19:53:50 - INFO - root: Computing embedding for test
22-11-03 19:53:52 - INFO - root: Computed test embeddings
22-11-03 19:53:52 - INFO - root: Training pytorch-MLP-nhid0-rmsprop-bs128 with 5-fold cross-validation
22-11-03 19:54:04 - INFO - root: [('reg:1e-05', 73.6), ('reg:0.0001', 73.53), ('reg:0.001', 73.55), ('reg:0.01', 74.29)]
22-11-03 19:54:04 - INFO - root: Cross-validation : best param found is reg = 0.01             with score 74.29
22-11-03 19:54:04 - INFO - root: Evaluating...
