22-11-03 12:53:31 - INFO - sentence_transformers.SentenceTransformer: Load pretrained SentenceTransformer: paraphrase-multilingual-mpnet-base-v2
22-11-03 12:53:33 - INFO - sentence_transformers.SentenceTransformer: Use pytorch device: cuda
22-11-03 12:53:33 - INFO - __main__: SBert model paraphrase-multilingual-mpnet-base-v2 is loaded.
22-11-03 12:53:36 - INFO - __main__: Num of SBert features: 768
22-11-03 12:53:36 - INFO - root: Generating sentence embeddings
22-11-03 12:53:44 - INFO - root: Generated sentence embeddings
22-11-03 12:53:44 - INFO - root: Training pytorch-MLP-nhid0-rmsprop-bs128 with (inner) 5-fold cross-validation
22-11-03 12:54:10 - INFO - root: Best param found at split 1: l2reg = 0.01                 with score 81.05
22-11-03 12:54:40 - INFO - root: Best param found at split 2: l2reg = 0.01                 with score 80.27
22-11-03 12:55:09 - INFO - root: Best param found at split 3: l2reg = 0.01                 with score 80.88
22-11-03 12:55:39 - INFO - root: Best param found at split 4: l2reg = 1e-05                 with score 80.83
22-11-03 12:56:09 - INFO - root: Best param found at split 5: l2reg = 0.0001                 with score 81.01
22-11-03 12:56:10 - INFO - root: Generating sentence embeddings
22-11-03 12:56:13 - INFO - root: Generated sentence embeddings
22-11-03 12:56:13 - INFO - root: Training pytorch-MLP-nhid0-rmsprop-bs128 with (inner) 5-fold cross-validation
22-11-03 12:56:21 - INFO - root: Best param found at split 1: l2reg = 0.001                 with score 89.83
22-11-03 12:56:31 - INFO - root: Best param found at split 2: l2reg = 0.01                 with score 90.3
22-11-03 12:56:40 - INFO - root: Best param found at split 3: l2reg = 0.01                 with score 90.4
22-11-03 12:56:49 - INFO - root: Best param found at split 4: l2reg = 1e-05                 with score 89.77
22-11-03 12:56:59 - INFO - root: Best param found at split 5: l2reg = 0.001                 with score 90.0
22-11-03 12:56:59 - INFO - root: Generating sentence embeddings
22-11-03 12:57:07 - INFO - root: Generated sentence embeddings
22-11-03 12:57:07 - INFO - root: Training pytorch-MLP-nhid0-rmsprop-bs128 with (inner) 5-fold cross-validation
22-11-03 12:57:31 - INFO - root: Best param found at split 1: l2reg = 0.01                 with score 89.76
22-11-03 12:57:57 - INFO - root: Best param found at split 2: l2reg = 0.01                 with score 90.39
22-11-03 12:58:24 - INFO - root: Best param found at split 3: l2reg = 1e-05                 with score 90.16
22-11-03 12:58:50 - INFO - root: Best param found at split 4: l2reg = 0.01                 with score 90.0
22-11-03 12:59:18 - INFO - root: Best param found at split 5: l2reg = 0.01                 with score 89.6
22-11-03 12:59:19 - INFO - root: Generating sentence embeddings
22-11-03 12:59:23 - INFO - root: Generated sentence embeddings
22-11-03 12:59:23 - INFO - root: Training pytorch-MLP-nhid0-rmsprop-bs128 with (inner) 5-fold cross-validation
22-11-03 12:59:51 - INFO - root: Best param found at split 1: l2reg = 0.01                 with score 88.26
22-11-03 13:00:20 - INFO - root: Best param found at split 2: l2reg = 0.01                 with score 87.97
22-11-03 13:00:50 - INFO - root: Best param found at split 3: l2reg = 0.01                 with score 88.04
22-11-03 13:01:18 - INFO - root: Best param found at split 4: l2reg = 0.001                 with score 88.04
22-11-03 13:01:47 - INFO - root: Best param found at split 5: l2reg = 0.001                 with score 87.7
22-11-03 13:01:49 - INFO - root: Computing embedding for train
22-11-03 13:01:54 - INFO - root: Computed train embeddings
22-11-03 13:01:54 - INFO - root: Computing embedding for dev
22-11-03 13:01:55 - INFO - root: Computed dev embeddings
22-11-03 13:01:55 - INFO - root: Computing embedding for test
22-11-03 13:01:57 - INFO - root: Computed test embeddings
22-11-03 13:01:57 - INFO - root: Training pytorch-MLP-nhid0-rmsprop-bs128 with standard validation..
22-11-03 13:02:03 - INFO - root: [('reg:1e-05', 42.33), ('reg:0.0001', 42.33), ('reg:0.001', 42.69), ('reg:0.01', 42.42)]
22-11-03 13:02:03 - INFO - root: Validation : best param found is reg = 0.001 with score             42.69
22-11-03 13:02:03 - INFO - root: Evaluating...
22-11-03 13:02:04 - INFO - root: ***** Transfer task : TREC *****


22-11-03 13:02:07 - INFO - root: Computed train embeddings
22-11-03 13:02:07 - INFO - root: Computed test embeddings
22-11-03 13:02:07 - INFO - root: Training pytorch-MLP-nhid0-rmsprop-bs128 with 5-fold cross-validation
22-11-03 13:02:24 - INFO - root: [('reg:1e-05', 70.71), ('reg:0.0001', 70.65), ('reg:0.001', 70.56), ('reg:0.01', 69.31)]
22-11-03 13:02:24 - INFO - root: Cross-validation : best param found is reg = 1e-05             with score 70.71
22-11-03 13:02:24 - INFO - root: Evaluating...
22-11-03 13:02:25 - INFO - root: ***** Transfer task : MRPC *****


22-11-03 13:02:25 - INFO - root: Computing embedding for train
22-11-03 13:02:31 - INFO - root: Computed train embeddings
22-11-03 13:02:31 - INFO - root: Computing embedding for test
22-11-03 13:02:34 - INFO - root: Computed test embeddings
22-11-03 13:02:34 - INFO - root: Training pytorch-MLP-nhid0-rmsprop-bs128 with 5-fold cross-validation
22-11-03 13:02:47 - INFO - root: [('reg:1e-05', 74.46), ('reg:0.0001', 74.41), ('reg:0.001', 74.41), ('reg:0.01', 74.14)]
22-11-03 13:02:47 - INFO - root: Cross-validation : best param found is reg = 1e-05             with score 74.46
22-11-03 13:02:47 - INFO - root: Evaluating...
22-11-17 18:18:24 - INFO - sentence_transformers.SentenceTransformer: Load pretrained SentenceTransformer: paraphrase-multilingual-mpnet-base-v2
22-11-17 18:18:26 - INFO - sentence_transformers.SentenceTransformer: Use pytorch device: cuda
22-11-17 18:18:26 - INFO - __main__: SBert model paraphrase-multilingual-mpnet-base-v2 is loaded.
22-11-17 18:18:28 - INFO - __main__: Num of SBert features: 768
