22-11-03 15:51:41 - INFO - sentence_transformers.SentenceTransformer: Load pretrained SentenceTransformer: paraphrase-multilingual-mpnet-base-v2
22-11-03 15:51:43 - INFO - sentence_transformers.SentenceTransformer: Use pytorch device: cuda
22-11-03 15:51:43 - INFO - __main__: SBert model paraphrase-multilingual-mpnet-base-v2 is loaded.
22-11-03 15:51:45 - INFO - __main__: Num of SBert features: 768
22-11-03 15:51:46 - INFO - root: Generating sentence embeddings
22-11-03 15:51:54 - INFO - root: Generated sentence embeddings
22-11-03 15:51:54 - INFO - root: Training pytorch-MLP-nhid0-rmsprop-bs128 with (inner) 5-fold cross-validation
22-11-03 15:52:23 - INFO - root: Best param found at split 1: l2reg = 1e-05                 with score 80.62
22-11-03 15:52:53 - INFO - root: Best param found at split 2: l2reg = 0.01                 with score 80.47
22-11-03 15:53:19 - INFO - root: Best param found at split 3: l2reg = 0.01                 with score 80.45
22-11-03 15:53:49 - INFO - root: Best param found at split 4: l2reg = 1e-05                 with score 80.43
22-11-03 15:54:17 - INFO - root: Best param found at split 5: l2reg = 0.001                 with score 80.54
22-11-03 15:54:19 - INFO - root: Generating sentence embeddings
22-11-03 15:54:22 - INFO - root: Generated sentence embeddings
22-11-03 15:54:22 - INFO - root: Training pytorch-MLP-nhid0-rmsprop-bs128 with (inner) 5-fold cross-validation
22-11-03 15:54:30 - INFO - root: Best param found at split 1: l2reg = 0.001                 with score 89.4
22-11-03 15:54:41 - INFO - root: Best param found at split 2: l2reg = 0.01                 with score 90.07
22-11-03 15:54:51 - INFO - root: Best param found at split 3: l2reg = 0.001                 with score 89.67
22-11-03 15:54:59 - INFO - root: Best param found at split 4: l2reg = 0.01                 with score 89.37
22-11-03 15:55:10 - INFO - root: Best param found at split 5: l2reg = 0.001                 with score 89.5
22-11-03 15:55:11 - INFO - root: Generating sentence embeddings
22-11-03 15:55:18 - INFO - root: Generated sentence embeddings
22-11-03 15:55:18 - INFO - root: Training pytorch-MLP-nhid0-rmsprop-bs128 with (inner) 5-fold cross-validation
22-11-03 15:55:43 - INFO - root: Best param found at split 1: l2reg = 0.01                 with score 90.1
22-11-03 15:56:09 - INFO - root: Best param found at split 2: l2reg = 0.001                 with score 90.59
22-11-03 15:56:36 - INFO - root: Best param found at split 3: l2reg = 0.01                 with score 90.35
22-11-03 15:57:01 - INFO - root: Best param found at split 4: l2reg = 1e-05                 with score 89.81
22-11-03 15:57:28 - INFO - root: Best param found at split 5: l2reg = 0.01                 with score 90.13
22-11-03 15:57:29 - INFO - root: Generating sentence embeddings
22-11-03 15:57:33 - INFO - root: Generated sentence embeddings
22-11-03 15:57:33 - INFO - root: Training pytorch-MLP-nhid0-rmsprop-bs128 with (inner) 5-fold cross-validation
22-11-03 15:57:58 - INFO - root: Best param found at split 1: l2reg = 1e-05                 with score 88.13
22-11-03 15:58:25 - INFO - root: Best param found at split 2: l2reg = 0.001                 with score 86.66
22-11-03 15:58:54 - INFO - root: Best param found at split 3: l2reg = 0.001                 with score 88.25
22-11-03 15:59:24 - INFO - root: Best param found at split 4: l2reg = 1e-05                 with score 88.69
22-11-03 15:59:52 - INFO - root: Best param found at split 5: l2reg = 0.0001                 with score 87.83
22-11-03 15:59:54 - INFO - root: Computing embedding for train
22-11-03 16:00:00 - INFO - root: Computed train embeddings
22-11-03 16:00:00 - INFO - root: Computing embedding for dev
22-11-03 16:00:01 - INFO - root: Computed dev embeddings
22-11-03 16:00:01 - INFO - root: Computing embedding for test
22-11-03 16:00:02 - INFO - root: Computed test embeddings
22-11-03 16:00:02 - INFO - root: Training pytorch-MLP-nhid0-rmsprop-bs128 with standard validation..
22-11-03 16:00:08 - INFO - root: [('reg:1e-05', 42.6), ('reg:0.0001', 42.69), ('reg:0.001', 42.87), ('reg:0.01', 42.96)]
22-11-03 16:00:08 - INFO - root: Validation : best param found is reg = 0.01 with score             42.96
22-11-03 16:00:08 - INFO - root: Evaluating...
22-11-03 16:00:09 - INFO - root: ***** Transfer task : TREC *****


22-11-03 16:00:12 - INFO - root: Computed train embeddings
22-11-03 16:00:12 - INFO - root: Computed test embeddings
22-11-03 16:00:12 - INFO - root: Training pytorch-MLP-nhid0-rmsprop-bs128 with 5-fold cross-validation
22-11-03 16:00:30 - INFO - root: [('reg:1e-05', 71.96), ('reg:0.0001', 71.99), ('reg:0.001', 71.68), ('reg:0.01', 71.04)]
22-11-03 16:00:30 - INFO - root: Cross-validation : best param found is reg = 0.0001             with score 71.99
22-11-03 16:00:30 - INFO - root: Evaluating...
22-11-03 16:00:31 - INFO - root: ***** Transfer task : MRPC *****


22-11-03 16:00:31 - INFO - root: Computing embedding for train
22-11-03 16:00:37 - INFO - root: Computed train embeddings
22-11-03 16:00:37 - INFO - root: Computing embedding for test
22-11-03 16:00:40 - INFO - root: Computed test embeddings
22-11-03 16:00:40 - INFO - root: Training pytorch-MLP-nhid0-rmsprop-bs128 with 5-fold cross-validation
22-11-03 16:00:51 - INFO - root: [('reg:1e-05', 73.06), ('reg:0.0001', 73.14), ('reg:0.001', 73.11), ('reg:0.01', 73.75)]
22-11-03 16:00:51 - INFO - root: Cross-validation : best param found is reg = 0.01             with score 73.75
22-11-03 16:00:51 - INFO - root: Evaluating...
