22-11-04 06:35:05 - INFO - sentence_transformers.SentenceTransformer: Load pretrained SentenceTransformer: paraphrase-multilingual-mpnet-base-v2
22-11-04 06:35:08 - INFO - sentence_transformers.SentenceTransformer: Use pytorch device: cuda
22-11-04 06:35:08 - INFO - __main__: SBert model paraphrase-multilingual-mpnet-base-v2 is loaded.
22-11-04 06:35:10 - INFO - __main__: Num of SBert features: 768
22-11-04 06:35:11 - INFO - root: Generating sentence embeddings
22-11-04 06:35:19 - INFO - root: Generated sentence embeddings
22-11-04 06:35:19 - INFO - root: Training pytorch-MLP-nhid0-rmsprop-bs128 with (inner) 5-fold cross-validation
22-11-04 06:35:47 - INFO - root: Best param found at split 1: l2reg = 0.01                 with score 82.46
22-11-04 06:36:13 - INFO - root: Best param found at split 2: l2reg = 0.01                 with score 82.04
22-11-04 06:36:43 - INFO - root: Best param found at split 3: l2reg = 0.01                 with score 81.72
22-11-04 06:37:08 - INFO - root: Best param found at split 4: l2reg = 0.0001                 with score 82.11
22-11-04 06:37:39 - INFO - root: Best param found at split 5: l2reg = 1e-05                 with score 81.7
22-11-04 06:37:41 - INFO - root: Generating sentence embeddings
22-11-04 06:37:43 - INFO - root: Generated sentence embeddings
22-11-04 06:37:43 - INFO - root: Training pytorch-MLP-nhid0-rmsprop-bs128 with (inner) 5-fold cross-validation
22-11-04 06:37:52 - INFO - root: Best param found at split 1: l2reg = 1e-05                 with score 90.63
22-11-04 06:38:01 - INFO - root: Best param found at split 2: l2reg = 0.001                 with score 90.93
22-11-04 06:38:11 - INFO - root: Best param found at split 3: l2reg = 0.0001                 with score 89.9
22-11-04 06:38:20 - INFO - root: Best param found at split 4: l2reg = 0.01                 with score 90.7
22-11-04 06:38:29 - INFO - root: Best param found at split 5: l2reg = 0.01                 with score 90.17
22-11-04 06:38:29 - INFO - root: Generating sentence embeddings
22-11-04 06:38:37 - INFO - root: Generated sentence embeddings
22-11-04 06:38:37 - INFO - root: Training pytorch-MLP-nhid0-rmsprop-bs128 with (inner) 5-fold cross-validation
22-11-04 06:39:04 - INFO - root: Best param found at split 1: l2reg = 0.01                 with score 92.35
22-11-04 06:39:33 - INFO - root: Best param found at split 2: l2reg = 0.01                 with score 92.89
22-11-04 06:40:03 - INFO - root: Best param found at split 3: l2reg = 0.0001                 with score 92.89
22-11-04 06:40:30 - INFO - root: Best param found at split 4: l2reg = 0.001                 with score 92.59
22-11-04 06:40:57 - INFO - root: Best param found at split 5: l2reg = 0.01                 with score 92.49
22-11-04 06:40:58 - INFO - root: Generating sentence embeddings
22-11-04 06:41:02 - INFO - root: Generated sentence embeddings
22-11-04 06:41:02 - INFO - root: Training pytorch-MLP-nhid0-rmsprop-bs128 with (inner) 5-fold cross-validation
22-11-04 06:41:20 - INFO - root: Best param found at split 1: l2reg = 0.0001                 with score 89.72
22-11-04 06:41:37 - INFO - root: Best param found at split 2: l2reg = 0.01                 with score 89.17
22-11-04 06:42:05 - INFO - root: Best param found at split 3: l2reg = 0.001                 with score 89.84
22-11-04 06:42:34 - INFO - root: Best param found at split 4: l2reg = 0.0001                 with score 89.97
22-11-04 06:43:04 - INFO - root: Best param found at split 5: l2reg = 0.001                 with score 89.32
22-11-04 06:43:05 - INFO - root: Computing embedding for train
22-11-04 06:43:11 - INFO - root: Computed train embeddings
22-11-04 06:43:11 - INFO - root: Computing embedding for dev
22-11-04 06:43:12 - INFO - root: Computed dev embeddings
22-11-04 06:43:12 - INFO - root: Computing embedding for test
22-11-04 06:43:13 - INFO - root: Computed test embeddings
22-11-04 06:43:13 - INFO - root: Training pytorch-MLP-nhid0-rmsprop-bs128 with standard validation..
22-11-04 06:43:19 - INFO - root: [('reg:1e-05', 39.6), ('reg:0.0001', 43.32), ('reg:0.001', 45.41), ('reg:0.01', 40.05)]
22-11-04 06:43:19 - INFO - root: Validation : best param found is reg = 0.001 with score             45.41
22-11-04 06:43:19 - INFO - root: Evaluating...
22-11-04 06:43:20 - INFO - root: ***** Transfer task : TREC *****


22-11-04 06:43:23 - INFO - root: Computed train embeddings
22-11-04 06:43:23 - INFO - root: Computed test embeddings
22-11-04 06:43:23 - INFO - root: Training pytorch-MLP-nhid0-rmsprop-bs128 with 5-fold cross-validation
22-11-04 06:43:39 - INFO - root: [('reg:1e-05', 74.52), ('reg:0.0001', 74.85), ('reg:0.001', 74.34), ('reg:0.01', 71.17)]
22-11-04 06:43:39 - INFO - root: Cross-validation : best param found is reg = 0.0001             with score 74.85
22-11-04 06:43:39 - INFO - root: Evaluating...
22-11-04 06:43:40 - INFO - root: ***** Transfer task : MRPC *****


22-11-04 06:43:40 - INFO - root: Computing embedding for train
22-11-04 06:43:47 - INFO - root: Computed train embeddings
22-11-04 06:43:47 - INFO - root: Computing embedding for test
22-11-04 06:43:49 - INFO - root: Computed test embeddings
22-11-04 06:43:49 - INFO - root: Training pytorch-MLP-nhid0-rmsprop-bs128 with 5-fold cross-validation
22-11-04 06:44:02 - INFO - root: [('reg:1e-05', 73.21), ('reg:0.0001', 73.11), ('reg:0.001', 73.33), ('reg:0.01', 73.14)]
22-11-04 06:44:02 - INFO - root: Cross-validation : best param found is reg = 0.001             with score 73.33
22-11-04 06:44:02 - INFO - root: Evaluating...
22-11-18 01:17:34 - INFO - sentence_transformers.SentenceTransformer: Load pretrained SentenceTransformer: paraphrase-multilingual-mpnet-base-v2
22-11-18 01:17:37 - INFO - sentence_transformers.SentenceTransformer: Use pytorch device: cuda
22-11-18 01:17:37 - INFO - __main__: SBert model paraphrase-multilingual-mpnet-base-v2 is loaded.
22-11-18 01:17:38 - INFO - __main__: Num of SBert features: 768
