22-11-04 21:14:19 - INFO - sentence_transformers.SentenceTransformer: Load pretrained SentenceTransformer: paraphrase-multilingual-mpnet-base-v2
22-11-04 21:14:22 - INFO - sentence_transformers.SentenceTransformer: Use pytorch device: cuda
22-11-04 21:14:22 - INFO - __main__: SBert model paraphrase-multilingual-mpnet-base-v2 is loaded.
22-11-04 21:14:24 - INFO - __main__: Num of SBert features: 768
22-11-04 21:14:24 - INFO - root: Generating sentence embeddings
22-11-04 21:14:33 - INFO - root: Generated sentence embeddings
22-11-04 21:14:33 - INFO - root: Training pytorch-MLP-nhid0-rmsprop-bs128 with (inner) 5-fold cross-validation
22-11-04 21:15:00 - INFO - root: Best param found at split 1: l2reg = 0.01                 with score 83.25
22-11-04 21:15:28 - INFO - root: Best param found at split 2: l2reg = 0.0001                 with score 82.06
22-11-04 21:15:56 - INFO - root: Best param found at split 3: l2reg = 0.0001                 with score 83.49
22-11-04 21:16:21 - INFO - root: Best param found at split 4: l2reg = 0.001                 with score 82.97
22-11-04 21:16:53 - INFO - root: Best param found at split 5: l2reg = 1e-05                 with score 83.01
22-11-04 21:16:54 - INFO - root: Generating sentence embeddings
22-11-04 21:16:57 - INFO - root: Generated sentence embeddings
22-11-04 21:16:57 - INFO - root: Training pytorch-MLP-nhid0-rmsprop-bs128 with (inner) 5-fold cross-validation
22-11-04 21:17:03 - INFO - root: Best param found at split 1: l2reg = 0.001                 with score 91.23
22-11-04 21:17:10 - INFO - root: Best param found at split 2: l2reg = 0.01                 with score 92.12
22-11-04 21:17:16 - INFO - root: Best param found at split 3: l2reg = 1e-05                 with score 91.42
22-11-04 21:17:24 - INFO - root: Best param found at split 4: l2reg = 0.0001                 with score 91.23
22-11-04 21:17:34 - INFO - root: Best param found at split 5: l2reg = 1e-05                 with score 90.99
22-11-04 21:17:35 - INFO - root: Generating sentence embeddings
22-11-04 21:17:43 - INFO - root: Generated sentence embeddings
22-11-04 21:17:43 - INFO - root: Training pytorch-MLP-nhid0-rmsprop-bs128 with (inner) 5-fold cross-validation
22-11-04 21:18:11 - INFO - root: Best param found at split 1: l2reg = 0.001                 with score 93.02
22-11-04 21:18:40 - INFO - root: Best param found at split 2: l2reg = 0.001                 with score 93.61
22-11-04 21:19:10 - INFO - root: Best param found at split 3: l2reg = 1e-05                 with score 93.1
22-11-04 21:19:40 - INFO - root: Best param found at split 4: l2reg = 0.01                 with score 93.34
22-11-04 21:20:08 - INFO - root: Best param found at split 5: l2reg = 0.01                 with score 93.08
22-11-04 21:20:10 - INFO - root: Generating sentence embeddings
22-11-04 21:20:13 - INFO - root: Generated sentence embeddings
22-11-04 21:20:13 - INFO - root: Training pytorch-MLP-nhid0-rmsprop-bs128 with (inner) 5-fold cross-validation
22-11-04 21:20:41 - INFO - root: Best param found at split 1: l2reg = 1e-05                 with score 90.23
22-11-04 21:21:10 - INFO - root: Best param found at split 2: l2reg = 0.001                 with score 90.25
22-11-04 21:21:44 - INFO - root: Best param found at split 3: l2reg = 0.01                 with score 90.47
22-11-04 21:22:09 - INFO - root: Best param found at split 4: l2reg = 0.0001                 with score 90.12
22-11-04 21:22:38 - INFO - root: Best param found at split 5: l2reg = 1e-05                 with score 90.18
22-11-04 21:22:39 - INFO - root: Computing embedding for train
22-11-04 21:22:45 - INFO - root: Computed train embeddings
22-11-04 21:22:45 - INFO - root: Computing embedding for dev
22-11-04 21:22:46 - INFO - root: Computed dev embeddings
22-11-04 21:22:46 - INFO - root: Computing embedding for test
22-11-04 21:22:48 - INFO - root: Computed test embeddings
22-11-04 21:22:48 - INFO - root: Training pytorch-MLP-nhid0-rmsprop-bs128 with standard validation..
22-11-04 21:22:55 - INFO - root: [('reg:1e-05', 42.42), ('reg:0.0001', 45.32), ('reg:0.001', 40.78), ('reg:0.01', 45.59)]
22-11-04 21:22:55 - INFO - root: Validation : best param found is reg = 0.01 with score             45.59
22-11-04 21:22:55 - INFO - root: Evaluating...
22-11-04 21:22:57 - INFO - root: ***** Transfer task : TREC *****


22-11-04 21:23:00 - INFO - root: Computed train embeddings
22-11-04 21:23:00 - INFO - root: Computed test embeddings
22-11-04 21:23:00 - INFO - root: Training pytorch-MLP-nhid0-rmsprop-bs128 with 5-fold cross-validation
22-11-04 21:23:19 - INFO - root: [('reg:1e-05', 79.48), ('reg:0.0001', 76.89), ('reg:0.001', 79.46), ('reg:0.01', 74.06)]
22-11-04 21:23:19 - INFO - root: Cross-validation : best param found is reg = 1e-05             with score 79.48
22-11-04 21:23:19 - INFO - root: Evaluating...
22-11-04 21:23:21 - INFO - root: ***** Transfer task : MRPC *****


22-11-04 21:23:21 - INFO - root: Computing embedding for train
22-11-04 21:23:27 - INFO - root: Computed train embeddings
22-11-04 21:23:27 - INFO - root: Computing embedding for test
22-11-04 21:23:29 - INFO - root: Computed test embeddings
22-11-04 21:23:30 - INFO - root: Training pytorch-MLP-nhid0-rmsprop-bs128 with 5-fold cross-validation
22-11-04 21:23:43 - INFO - root: [('reg:1e-05', 73.99), ('reg:0.0001', 74.68), ('reg:0.001', 73.36), ('reg:0.01', 73.48)]
22-11-04 21:23:43 - INFO - root: Cross-validation : best param found is reg = 0.0001             with score 74.68
22-11-04 21:23:43 - INFO - root: Evaluating...
22-11-18 07:15:21 - INFO - sentence_transformers.SentenceTransformer: Load pretrained SentenceTransformer: paraphrase-multilingual-mpnet-base-v2
22-11-18 07:15:24 - INFO - sentence_transformers.SentenceTransformer: Use pytorch device: cuda
22-11-18 07:15:24 - INFO - __main__: SBert model paraphrase-multilingual-mpnet-base-v2 is loaded.
22-11-18 07:15:26 - INFO - __main__: Num of SBert features: 768
