22-11-03 16:46:32 - INFO - sentence_transformers.SentenceTransformer: Load pretrained SentenceTransformer: paraphrase-multilingual-mpnet-base-v2
22-11-03 16:46:34 - INFO - sentence_transformers.SentenceTransformer: Use pytorch device: cuda
22-11-03 16:46:34 - INFO - __main__: SBert model paraphrase-multilingual-mpnet-base-v2 is loaded.
22-11-03 16:46:36 - INFO - __main__: Num of SBert features: 768
22-11-03 16:46:37 - INFO - root: Generating sentence embeddings
22-11-03 16:46:45 - INFO - root: Generated sentence embeddings
22-11-03 16:46:45 - INFO - root: Training pytorch-MLP-nhid0-rmsprop-bs128 with (inner) 5-fold cross-validation
22-11-03 16:47:11 - INFO - root: Best param found at split 1: l2reg = 0.01                 with score 81.83
22-11-03 16:47:37 - INFO - root: Best param found at split 2: l2reg = 0.01                 with score 80.44
22-11-03 16:48:08 - INFO - root: Best param found at split 3: l2reg = 0.01                 with score 81.58
22-11-03 16:48:35 - INFO - root: Best param found at split 4: l2reg = 1e-05                 with score 81.06
22-11-03 16:49:02 - INFO - root: Best param found at split 5: l2reg = 0.01                 with score 81.57
22-11-03 16:49:04 - INFO - root: Generating sentence embeddings
22-11-03 16:49:06 - INFO - root: Generated sentence embeddings
22-11-03 16:49:06 - INFO - root: Training pytorch-MLP-nhid0-rmsprop-bs128 with (inner) 5-fold cross-validation
22-11-03 16:49:15 - INFO - root: Best param found at split 1: l2reg = 0.01                 with score 90.13
22-11-03 16:49:24 - INFO - root: Best param found at split 2: l2reg = 0.01                 with score 90.36
22-11-03 16:49:34 - INFO - root: Best param found at split 3: l2reg = 0.001                 with score 90.13
22-11-03 16:49:43 - INFO - root: Best param found at split 4: l2reg = 0.001                 with score 90.1
22-11-03 16:49:53 - INFO - root: Best param found at split 5: l2reg = 1e-05                 with score 90.0
22-11-03 16:49:54 - INFO - root: Generating sentence embeddings
22-11-03 16:50:01 - INFO - root: Generated sentence embeddings
22-11-03 16:50:01 - INFO - root: Training pytorch-MLP-nhid0-rmsprop-bs128 with (inner) 5-fold cross-validation
22-11-03 16:50:25 - INFO - root: Best param found at split 1: l2reg = 0.01                 with score 91.41
22-11-03 16:50:54 - INFO - root: Best param found at split 2: l2reg = 0.01                 with score 91.52
22-11-03 16:51:21 - INFO - root: Best param found at split 3: l2reg = 0.01                 with score 91.75
22-11-03 16:51:47 - INFO - root: Best param found at split 4: l2reg = 0.01                 with score 91.39
22-11-03 16:52:15 - INFO - root: Best param found at split 5: l2reg = 0.01                 with score 91.41
22-11-03 16:52:16 - INFO - root: Generating sentence embeddings
22-11-03 16:52:20 - INFO - root: Generated sentence embeddings
22-11-03 16:52:20 - INFO - root: Training pytorch-MLP-nhid0-rmsprop-bs128 with (inner) 5-fold cross-validation
22-11-03 16:52:50 - INFO - root: Best param found at split 1: l2reg = 0.0001                 with score 89.16
22-11-03 16:53:17 - INFO - root: Best param found at split 2: l2reg = 1e-05                 with score 88.74
22-11-03 16:53:46 - INFO - root: Best param found at split 3: l2reg = 0.001                 with score 88.93
22-11-03 16:54:16 - INFO - root: Best param found at split 4: l2reg = 0.001                 with score 89.13
22-11-03 16:54:45 - INFO - root: Best param found at split 5: l2reg = 0.01                 with score 88.44
22-11-03 16:54:47 - INFO - root: Computing embedding for train
22-11-03 16:54:52 - INFO - root: Computed train embeddings
22-11-03 16:54:52 - INFO - root: Computing embedding for dev
22-11-03 16:54:53 - INFO - root: Computed dev embeddings
22-11-03 16:54:53 - INFO - root: Computing embedding for test
22-11-03 16:54:55 - INFO - root: Computed test embeddings
22-11-03 16:54:55 - INFO - root: Training pytorch-MLP-nhid0-rmsprop-bs128 with standard validation..
22-11-03 16:55:00 - INFO - root: [('reg:1e-05', 45.32), ('reg:0.0001', 44.87), ('reg:0.001', 44.69), ('reg:0.01', 46.68)]
22-11-03 16:55:00 - INFO - root: Validation : best param found is reg = 0.01 with score             46.68
22-11-03 16:55:00 - INFO - root: Evaluating...
22-11-03 16:55:02 - INFO - root: ***** Transfer task : TREC *****


22-11-03 16:55:05 - INFO - root: Computed train embeddings
22-11-03 16:55:05 - INFO - root: Computed test embeddings
22-11-03 16:55:05 - INFO - root: Training pytorch-MLP-nhid0-rmsprop-bs128 with 5-fold cross-validation
22-11-03 16:55:22 - INFO - root: [('reg:1e-05', 72.54), ('reg:0.0001', 72.52), ('reg:0.001', 72.52), ('reg:0.01', 71.42)]
22-11-03 16:55:22 - INFO - root: Cross-validation : best param found is reg = 1e-05             with score 72.54
22-11-03 16:55:22 - INFO - root: Evaluating...
22-11-03 16:55:24 - INFO - root: ***** Transfer task : MRPC *****


22-11-03 16:55:24 - INFO - root: Computing embedding for train
22-11-03 16:55:30 - INFO - root: Computed train embeddings
22-11-03 16:55:30 - INFO - root: Computing embedding for test
22-11-03 16:55:32 - INFO - root: Computed test embeddings
22-11-03 16:55:32 - INFO - root: Training pytorch-MLP-nhid0-rmsprop-bs128 with 5-fold cross-validation
22-11-03 16:55:44 - INFO - root: [('reg:1e-05', 73.63), ('reg:0.0001', 73.58), ('reg:0.001', 73.5), ('reg:0.01', 71.83)]
22-11-03 16:55:44 - INFO - root: Cross-validation : best param found is reg = 1e-05             with score 73.63
22-11-03 16:55:44 - INFO - root: Evaluating...
