22-11-04 16:49:58 - INFO - sentence_transformers.SentenceTransformer: Load pretrained SentenceTransformer: paraphrase-multilingual-mpnet-base-v2
22-11-04 16:50:00 - INFO - sentence_transformers.SentenceTransformer: Use pytorch device: cuda
22-11-04 16:50:00 - INFO - __main__: SBert model paraphrase-multilingual-mpnet-base-v2 is loaded.
22-11-04 16:50:02 - INFO - __main__: Num of SBert features: 768
22-11-04 16:50:03 - INFO - root: Generating sentence embeddings
22-11-04 16:50:11 - INFO - root: Generated sentence embeddings
22-11-04 16:50:11 - INFO - root: Training pytorch-MLP-nhid0-rmsprop-bs128 with (inner) 5-fold cross-validation
22-11-04 16:50:37 - INFO - root: Best param found at split 1: l2reg = 0.01                 with score 83.1
22-11-04 16:51:05 - INFO - root: Best param found at split 2: l2reg = 0.01                 with score 82.95
22-11-04 16:51:35 - INFO - root: Best param found at split 3: l2reg = 1e-05                 with score 83.21
22-11-04 16:52:05 - INFO - root: Best param found at split 4: l2reg = 0.0001                 with score 82.9
22-11-04 16:52:33 - INFO - root: Best param found at split 5: l2reg = 0.01                 with score 82.51
22-11-04 16:52:35 - INFO - root: Generating sentence embeddings
22-11-04 16:52:37 - INFO - root: Generated sentence embeddings
22-11-04 16:52:37 - INFO - root: Training pytorch-MLP-nhid0-rmsprop-bs128 with (inner) 5-fold cross-validation
22-11-04 16:52:46 - INFO - root: Best param found at split 1: l2reg = 1e-05                 with score 91.09
22-11-04 16:52:55 - INFO - root: Best param found at split 2: l2reg = 0.01                 with score 91.09
22-11-04 16:53:04 - INFO - root: Best param found at split 3: l2reg = 0.01                 with score 91.26
22-11-04 16:53:13 - INFO - root: Best param found at split 4: l2reg = 0.01                 with score 90.99
22-11-04 16:53:23 - INFO - root: Best param found at split 5: l2reg = 0.01                 with score 90.66
22-11-04 16:53:23 - INFO - root: Generating sentence embeddings
22-11-04 16:53:31 - INFO - root: Generated sentence embeddings
22-11-04 16:53:31 - INFO - root: Training pytorch-MLP-nhid0-rmsprop-bs128 with (inner) 5-fold cross-validation
22-11-04 16:53:58 - INFO - root: Best param found at split 1: l2reg = 0.001                 with score 93.21
22-11-04 16:54:29 - INFO - root: Best param found at split 2: l2reg = 1e-05                 with score 93.41
22-11-04 16:54:57 - INFO - root: Best param found at split 3: l2reg = 0.0001                 with score 93.05
22-11-04 16:55:25 - INFO - root: Best param found at split 4: l2reg = 0.01                 with score 93.34
22-11-04 16:55:53 - INFO - root: Best param found at split 5: l2reg = 0.001                 with score 93.24
22-11-04 16:55:55 - INFO - root: Generating sentence embeddings
22-11-04 16:55:58 - INFO - root: Generated sentence embeddings
22-11-04 16:55:58 - INFO - root: Training pytorch-MLP-nhid0-rmsprop-bs128 with (inner) 5-fold cross-validation
22-11-04 16:56:24 - INFO - root: Best param found at split 1: l2reg = 0.001                 with score 90.44
22-11-04 16:56:53 - INFO - root: Best param found at split 2: l2reg = 0.001                 with score 89.92
22-11-04 16:57:24 - INFO - root: Best param found at split 3: l2reg = 0.01                 with score 90.32
22-11-04 16:57:51 - INFO - root: Best param found at split 4: l2reg = 1e-05                 with score 90.25
22-11-04 16:58:21 - INFO - root: Best param found at split 5: l2reg = 0.001                 with score 90.06
22-11-04 16:58:23 - INFO - root: Computing embedding for train
22-11-04 16:58:29 - INFO - root: Computed train embeddings
22-11-04 16:58:29 - INFO - root: Computing embedding for dev
22-11-04 16:58:30 - INFO - root: Computed dev embeddings
22-11-04 16:58:30 - INFO - root: Computing embedding for test
22-11-04 16:58:31 - INFO - root: Computed test embeddings
22-11-04 16:58:31 - INFO - root: Training pytorch-MLP-nhid0-rmsprop-bs128 with standard validation..
22-11-04 16:58:38 - INFO - root: [('reg:1e-05', 42.69), ('reg:0.0001', 45.5), ('reg:0.001', 47.68), ('reg:0.01', 42.78)]
22-11-04 16:58:38 - INFO - root: Validation : best param found is reg = 0.001 with score             47.68
22-11-04 16:58:38 - INFO - root: Evaluating...
22-11-04 16:58:40 - INFO - root: ***** Transfer task : TREC *****


22-11-04 16:58:42 - INFO - root: Computed train embeddings
22-11-04 16:58:42 - INFO - root: Computed test embeddings
22-11-04 16:58:42 - INFO - root: Training pytorch-MLP-nhid0-rmsprop-bs128 with 5-fold cross-validation
22-11-04 16:59:04 - INFO - root: [('reg:1e-05', 78.01), ('reg:0.0001', 76.85), ('reg:0.001', 77.6), ('reg:0.01', 72.29)]
22-11-04 16:59:04 - INFO - root: Cross-validation : best param found is reg = 1e-05             with score 78.01
22-11-04 16:59:04 - INFO - root: Evaluating...
22-11-04 16:59:05 - INFO - root: ***** Transfer task : MRPC *****


22-11-04 16:59:05 - INFO - root: Computing embedding for train
22-11-04 16:59:12 - INFO - root: Computed train embeddings
22-11-04 16:59:12 - INFO - root: Computing embedding for test
22-11-04 16:59:14 - INFO - root: Computed test embeddings
22-11-04 16:59:14 - INFO - root: Training pytorch-MLP-nhid0-rmsprop-bs128 with 5-fold cross-validation
22-11-04 16:59:28 - INFO - root: [('reg:1e-05', 74.83), ('reg:0.0001', 74.24), ('reg:0.001', 73.63), ('reg:0.01', 74.71)]
22-11-04 16:59:28 - INFO - root: Cross-validation : best param found is reg = 1e-05             with score 74.83
22-11-04 16:59:28 - INFO - root: Evaluating...
