22-11-03 21:37:18 - INFO - sentence_transformers.SentenceTransformer: Load pretrained SentenceTransformer: paraphrase-multilingual-mpnet-base-v2
22-11-03 21:37:20 - INFO - sentence_transformers.SentenceTransformer: Use pytorch device: cuda
22-11-03 21:37:20 - INFO - __main__: SBert model paraphrase-multilingual-mpnet-base-v2 is loaded.
22-11-03 21:37:23 - INFO - __main__: Num of SBert features: 768
22-11-03 21:37:23 - INFO - root: Generating sentence embeddings
22-11-03 21:37:31 - INFO - root: Generated sentence embeddings
22-11-03 21:37:31 - INFO - root: Training pytorch-MLP-nhid0-rmsprop-bs128 with (inner) 5-fold cross-validation
22-11-03 21:38:02 - INFO - root: Best param found at split 1: l2reg = 0.01                 with score 81.43
22-11-03 21:38:29 - INFO - root: Best param found at split 2: l2reg = 0.01                 with score 81.4
22-11-03 21:38:58 - INFO - root: Best param found at split 3: l2reg = 0.0001                 with score 81.37
22-11-03 21:39:24 - INFO - root: Best param found at split 4: l2reg = 0.001                 with score 81.04
22-11-03 21:39:51 - INFO - root: Best param found at split 5: l2reg = 0.01                 with score 81.1
22-11-03 21:39:53 - INFO - root: Generating sentence embeddings
22-11-03 21:39:55 - INFO - root: Generated sentence embeddings
22-11-03 21:39:55 - INFO - root: Training pytorch-MLP-nhid0-rmsprop-bs128 with (inner) 5-fold cross-validation
22-11-03 21:40:03 - INFO - root: Best param found at split 1: l2reg = 0.01                 with score 90.63
22-11-03 21:40:13 - INFO - root: Best param found at split 2: l2reg = 0.001                 with score 90.6
22-11-03 21:40:22 - INFO - root: Best param found at split 3: l2reg = 1e-05                 with score 90.79
22-11-03 21:40:32 - INFO - root: Best param found at split 4: l2reg = 0.01                 with score 90.36
22-11-03 21:40:41 - INFO - root: Best param found at split 5: l2reg = 1e-05                 with score 90.23
22-11-03 21:40:41 - INFO - root: Generating sentence embeddings
22-11-03 21:40:49 - INFO - root: Generated sentence embeddings
22-11-03 21:40:49 - INFO - root: Training pytorch-MLP-nhid0-rmsprop-bs128 with (inner) 5-fold cross-validation
22-11-03 21:41:15 - INFO - root: Best param found at split 1: l2reg = 0.01                 with score 91.56
22-11-03 21:41:42 - INFO - root: Best param found at split 2: l2reg = 0.01                 with score 92.04
22-11-03 21:42:07 - INFO - root: Best param found at split 3: l2reg = 0.01                 with score 91.85
22-11-03 21:42:34 - INFO - root: Best param found at split 4: l2reg = 0.001                 with score 91.62
22-11-03 21:43:03 - INFO - root: Best param found at split 5: l2reg = 0.01                 with score 91.8
22-11-03 21:43:05 - INFO - root: Generating sentence embeddings
22-11-03 21:43:08 - INFO - root: Generated sentence embeddings
22-11-03 21:43:08 - INFO - root: Training pytorch-MLP-nhid0-rmsprop-bs128 with (inner) 5-fold cross-validation
22-11-03 21:43:34 - INFO - root: Best param found at split 1: l2reg = 0.001                 with score 89.05
22-11-03 21:44:02 - INFO - root: Best param found at split 2: l2reg = 0.01                 with score 88.31
22-11-03 21:44:30 - INFO - root: Best param found at split 3: l2reg = 0.01                 with score 89.62
22-11-03 21:45:01 - INFO - root: Best param found at split 4: l2reg = 0.001                 with score 89.09
22-11-03 21:45:29 - INFO - root: Best param found at split 5: l2reg = 0.01                 with score 89.39
22-11-03 21:45:31 - INFO - root: Computing embedding for train
22-11-03 21:45:36 - INFO - root: Computed train embeddings
22-11-03 21:45:36 - INFO - root: Computing embedding for dev
22-11-03 21:45:37 - INFO - root: Computed dev embeddings
22-11-03 21:45:37 - INFO - root: Computing embedding for test
22-11-03 21:45:39 - INFO - root: Computed test embeddings
22-11-03 21:45:39 - INFO - root: Training pytorch-MLP-nhid0-rmsprop-bs128 with standard validation..
22-11-03 21:45:46 - INFO - root: [('reg:1e-05', 44.05), ('reg:0.0001', 44.05), ('reg:0.001', 41.33), ('reg:0.01', 44.05)]
22-11-03 21:45:46 - INFO - root: Validation : best param found is reg = 1e-05 with score             44.05
22-11-03 21:45:46 - INFO - root: Evaluating...
22-11-03 21:45:48 - INFO - root: ***** Transfer task : TREC *****


22-11-03 21:45:51 - INFO - root: Computed train embeddings
22-11-03 21:45:51 - INFO - root: Computed test embeddings
22-11-03 21:45:51 - INFO - root: Training pytorch-MLP-nhid0-rmsprop-bs128 with 5-fold cross-validation
22-11-03 21:46:10 - INFO - root: [('reg:1e-05', 75.38), ('reg:0.0001', 75.15), ('reg:0.001', 74.49), ('reg:0.01', 72.03)]
22-11-03 21:46:10 - INFO - root: Cross-validation : best param found is reg = 1e-05             with score 75.38
22-11-03 21:46:10 - INFO - root: Evaluating...
22-11-03 21:46:11 - INFO - root: ***** Transfer task : MRPC *****


22-11-03 21:46:11 - INFO - root: Computing embedding for train
22-11-03 21:46:17 - INFO - root: Computed train embeddings
22-11-03 21:46:17 - INFO - root: Computing embedding for test
22-11-03 21:46:20 - INFO - root: Computed test embeddings
22-11-03 21:46:20 - INFO - root: Training pytorch-MLP-nhid0-rmsprop-bs128 with 5-fold cross-validation
22-11-03 21:46:32 - INFO - root: [('reg:1e-05', 73.63), ('reg:0.0001', 73.28), ('reg:0.001', 73.09), ('reg:0.01', 74.29)]
22-11-03 21:46:32 - INFO - root: Cross-validation : best param found is reg = 0.01             with score 74.29
22-11-03 21:46:32 - INFO - root: Evaluating...
22-11-17 21:44:00 - INFO - sentence_transformers.SentenceTransformer: Load pretrained SentenceTransformer: paraphrase-multilingual-mpnet-base-v2
22-11-17 21:44:02 - INFO - sentence_transformers.SentenceTransformer: Use pytorch device: cuda
22-11-17 21:44:02 - INFO - __main__: SBert model paraphrase-multilingual-mpnet-base-v2 is loaded.
22-11-17 21:44:04 - INFO - __main__: Num of SBert features: 768
