22-11-04 15:40:03 - INFO - sentence_transformers.SentenceTransformer: Load pretrained SentenceTransformer: paraphrase-multilingual-mpnet-base-v2
22-11-04 15:40:06 - INFO - sentence_transformers.SentenceTransformer: Use pytorch device: cuda
22-11-04 15:40:06 - INFO - __main__: SBert model paraphrase-multilingual-mpnet-base-v2 is loaded.
22-11-04 15:40:08 - INFO - __main__: Num of SBert features: 768
22-11-04 15:40:09 - INFO - root: Generating sentence embeddings
22-11-04 15:40:17 - INFO - root: Generated sentence embeddings
22-11-04 15:40:17 - INFO - root: Training pytorch-MLP-nhid0-rmsprop-bs128 with (inner) 5-fold cross-validation
22-11-04 15:40:41 - INFO - root: Best param found at split 1: l2reg = 1e-05                 with score 82.76
22-11-04 15:41:08 - INFO - root: Best param found at split 2: l2reg = 0.01                 with score 82.46
22-11-04 15:41:38 - INFO - root: Best param found at split 3: l2reg = 0.0001                 with score 82.7
22-11-04 15:42:10 - INFO - root: Best param found at split 4: l2reg = 0.01                 with score 82.64
22-11-04 15:42:39 - INFO - root: Best param found at split 5: l2reg = 0.01                 with score 82.47
22-11-04 15:42:41 - INFO - root: Generating sentence embeddings
22-11-04 15:42:43 - INFO - root: Generated sentence embeddings
22-11-04 15:42:43 - INFO - root: Training pytorch-MLP-nhid0-rmsprop-bs128 with (inner) 5-fold cross-validation
22-11-04 15:42:53 - INFO - root: Best param found at split 1: l2reg = 0.0001                 with score 91.49
22-11-04 15:43:03 - INFO - root: Best param found at split 2: l2reg = 0.0001                 with score 91.29
22-11-04 15:43:14 - INFO - root: Best param found at split 3: l2reg = 0.01                 with score 91.16
22-11-04 15:43:24 - INFO - root: Best param found at split 4: l2reg = 0.0001                 with score 90.99
22-11-04 15:43:34 - INFO - root: Best param found at split 5: l2reg = 1e-05                 with score 91.03
22-11-04 15:43:35 - INFO - root: Generating sentence embeddings
22-11-04 15:43:43 - INFO - root: Generated sentence embeddings
22-11-04 15:43:43 - INFO - root: Training pytorch-MLP-nhid0-rmsprop-bs128 with (inner) 5-fold cross-validation
22-11-04 15:44:10 - INFO - root: Best param found at split 1: l2reg = 1e-05                 with score 92.86
22-11-04 15:44:38 - INFO - root: Best param found at split 2: l2reg = 0.01                 with score 93.28
22-11-04 15:45:04 - INFO - root: Best param found at split 3: l2reg = 0.0001                 with score 92.88
22-11-04 15:45:36 - INFO - root: Best param found at split 4: l2reg = 0.01                 with score 92.92
22-11-04 15:46:05 - INFO - root: Best param found at split 5: l2reg = 0.01                 with score 92.94
22-11-04 15:46:07 - INFO - root: Generating sentence embeddings
22-11-04 15:46:10 - INFO - root: Generated sentence embeddings
22-11-04 15:46:10 - INFO - root: Training pytorch-MLP-nhid0-rmsprop-bs128 with (inner) 5-fold cross-validation
22-11-04 15:46:37 - INFO - root: Best param found at split 1: l2reg = 0.0001                 with score 90.02
22-11-04 15:47:06 - INFO - root: Best param found at split 2: l2reg = 0.001                 with score 89.68
22-11-04 15:47:35 - INFO - root: Best param found at split 3: l2reg = 0.01                 with score 90.16
22-11-04 15:48:05 - INFO - root: Best param found at split 4: l2reg = 0.01                 with score 90.45
22-11-04 15:48:34 - INFO - root: Best param found at split 5: l2reg = 0.0001                 with score 89.88
22-11-04 15:48:35 - INFO - root: Computing embedding for train
22-11-04 15:48:41 - INFO - root: Computed train embeddings
22-11-04 15:48:41 - INFO - root: Computing embedding for dev
22-11-04 15:48:42 - INFO - root: Computed dev embeddings
22-11-04 15:48:42 - INFO - root: Computing embedding for test
22-11-04 15:48:43 - INFO - root: Computed test embeddings
22-11-04 15:48:43 - INFO - root: Training pytorch-MLP-nhid0-rmsprop-bs128 with standard validation..
22-11-04 15:48:50 - INFO - root: [('reg:1e-05', 44.5), ('reg:0.0001', 42.14), ('reg:0.001', 42.51), ('reg:0.01', 42.87)]
22-11-04 15:48:50 - INFO - root: Validation : best param found is reg = 1e-05 with score             44.5
22-11-04 15:48:50 - INFO - root: Evaluating...
22-11-04 15:48:52 - INFO - root: ***** Transfer task : TREC *****


22-11-04 15:48:54 - INFO - root: Computed train embeddings
22-11-04 15:48:55 - INFO - root: Computed test embeddings
22-11-04 15:48:55 - INFO - root: Training pytorch-MLP-nhid0-rmsprop-bs128 with 5-fold cross-validation
22-11-04 15:49:12 - INFO - root: [('reg:1e-05', 79.99), ('reg:0.0001', 80.43), ('reg:0.001', 79.16), ('reg:0.01', 72.34)]
22-11-04 15:49:12 - INFO - root: Cross-validation : best param found is reg = 0.0001             with score 80.43
22-11-04 15:49:12 - INFO - root: Evaluating...
22-11-04 15:49:14 - INFO - root: ***** Transfer task : MRPC *****


22-11-04 15:49:14 - INFO - root: Computing embedding for train
22-11-04 15:49:20 - INFO - root: Computed train embeddings
22-11-04 15:49:20 - INFO - root: Computing embedding for test
22-11-04 15:49:22 - INFO - root: Computed test embeddings
22-11-04 15:49:23 - INFO - root: Training pytorch-MLP-nhid0-rmsprop-bs128 with 5-fold cross-validation
22-11-04 15:49:35 - INFO - root: [('reg:1e-05', 75.0), ('reg:0.0001', 74.78), ('reg:0.001', 74.44), ('reg:0.01', 75.71)]
22-11-04 15:49:35 - INFO - root: Cross-validation : best param found is reg = 0.01             with score 75.71
22-11-04 15:49:35 - INFO - root: Evaluating...
22-11-18 05:00:08 - INFO - sentence_transformers.SentenceTransformer: Load pretrained SentenceTransformer: paraphrase-multilingual-mpnet-base-v2
22-11-18 05:00:11 - INFO - sentence_transformers.SentenceTransformer: Use pytorch device: cuda
22-11-18 05:00:11 - INFO - __main__: SBert model paraphrase-multilingual-mpnet-base-v2 is loaded.
22-11-18 05:00:13 - INFO - __main__: Num of SBert features: 768
