22-11-03 18:21:50 - INFO - sentence_transformers.SentenceTransformer: Load pretrained SentenceTransformer: paraphrase-multilingual-mpnet-base-v2
22-11-03 18:21:52 - INFO - sentence_transformers.SentenceTransformer: Use pytorch device: cuda
22-11-03 18:21:52 - INFO - __main__: SBert model paraphrase-multilingual-mpnet-base-v2 is loaded.
22-11-03 18:21:54 - INFO - __main__: Num of SBert features: 768
22-11-03 18:21:55 - INFO - root: Generating sentence embeddings
22-11-03 18:22:03 - INFO - root: Generated sentence embeddings
22-11-03 18:22:03 - INFO - root: Training pytorch-MLP-nhid0-rmsprop-bs128 with (inner) 5-fold cross-validation
22-11-03 18:22:31 - INFO - root: Best param found at split 1: l2reg = 0.0001                 with score 80.56
22-11-03 18:23:01 - INFO - root: Best param found at split 2: l2reg = 0.001                 with score 81.12
22-11-03 18:23:28 - INFO - root: Best param found at split 3: l2reg = 0.001                 with score 80.86
22-11-03 18:23:58 - INFO - root: Best param found at split 4: l2reg = 0.01                 with score 80.96
22-11-03 18:24:28 - INFO - root: Best param found at split 5: l2reg = 0.0001                 with score 81.38
22-11-03 18:24:29 - INFO - root: Generating sentence embeddings
22-11-03 18:24:32 - INFO - root: Generated sentence embeddings
22-11-03 18:24:32 - INFO - root: Training pytorch-MLP-nhid0-rmsprop-bs128 with (inner) 5-fold cross-validation
22-11-03 18:24:37 - INFO - root: Best param found at split 1: l2reg = 0.01                 with score 90.07
22-11-03 18:24:44 - INFO - root: Best param found at split 2: l2reg = 0.01                 with score 90.33
22-11-03 18:24:54 - INFO - root: Best param found at split 3: l2reg = 0.01                 with score 90.5
22-11-03 18:25:04 - INFO - root: Best param found at split 4: l2reg = 0.01                 with score 90.07
22-11-03 18:25:14 - INFO - root: Best param found at split 5: l2reg = 0.01                 with score 90.33
22-11-03 18:25:15 - INFO - root: Generating sentence embeddings
22-11-03 18:25:23 - INFO - root: Generated sentence embeddings
22-11-03 18:25:23 - INFO - root: Training pytorch-MLP-nhid0-rmsprop-bs128 with (inner) 5-fold cross-validation
22-11-03 18:25:49 - INFO - root: Best param found at split 1: l2reg = 0.01                 with score 91.49
22-11-03 18:26:15 - INFO - root: Best param found at split 2: l2reg = 0.001                 with score 91.51
22-11-03 18:26:44 - INFO - root: Best param found at split 3: l2reg = 0.01                 with score 91.31
22-11-03 18:27:09 - INFO - root: Best param found at split 4: l2reg = 0.01                 with score 91.69
22-11-03 18:27:38 - INFO - root: Best param found at split 5: l2reg = 0.01                 with score 91.46
22-11-03 18:27:39 - INFO - root: Generating sentence embeddings
22-11-03 18:27:43 - INFO - root: Generated sentence embeddings
22-11-03 18:27:43 - INFO - root: Training pytorch-MLP-nhid0-rmsprop-bs128 with (inner) 5-fold cross-validation
22-11-03 18:28:07 - INFO - root: Best param found at split 1: l2reg = 0.01                 with score 88.31
22-11-03 18:28:35 - INFO - root: Best param found at split 2: l2reg = 1e-05                 with score 88.64
22-11-03 18:29:05 - INFO - root: Best param found at split 3: l2reg = 1e-05                 with score 88.65
22-11-03 18:29:32 - INFO - root: Best param found at split 4: l2reg = 0.01                 with score 89.4
22-11-03 18:30:02 - INFO - root: Best param found at split 5: l2reg = 0.001                 with score 89.0
22-11-03 18:30:04 - INFO - root: Computing embedding for train
22-11-03 18:30:09 - INFO - root: Computed train embeddings
22-11-03 18:30:09 - INFO - root: Computing embedding for dev
22-11-03 18:30:10 - INFO - root: Computed dev embeddings
22-11-03 18:30:10 - INFO - root: Computing embedding for test
22-11-03 18:30:12 - INFO - root: Computed test embeddings
22-11-03 18:30:12 - INFO - root: Training pytorch-MLP-nhid0-rmsprop-bs128 with standard validation..
22-11-03 18:30:18 - INFO - root: [('reg:1e-05', 43.05), ('reg:0.0001', 43.42), ('reg:0.001', 43.23), ('reg:0.01', 43.14)]
22-11-03 18:30:18 - INFO - root: Validation : best param found is reg = 0.0001 with score             43.42
22-11-03 18:30:18 - INFO - root: Evaluating...
22-11-03 18:30:20 - INFO - root: ***** Transfer task : TREC *****


22-11-03 18:30:22 - INFO - root: Computed train embeddings
22-11-03 18:30:22 - INFO - root: Computed test embeddings
22-11-03 18:30:22 - INFO - root: Training pytorch-MLP-nhid0-rmsprop-bs128 with 5-fold cross-validation
22-11-03 18:30:39 - INFO - root: [('reg:1e-05', 72.83), ('reg:0.0001', 72.82), ('reg:0.001', 72.95), ('reg:0.01', 71.39)]
22-11-03 18:30:39 - INFO - root: Cross-validation : best param found is reg = 0.001             with score 72.95
22-11-03 18:30:39 - INFO - root: Evaluating...
22-11-03 18:30:40 - INFO - root: ***** Transfer task : MRPC *****


22-11-03 18:30:40 - INFO - root: Computing embedding for train
22-11-03 18:30:46 - INFO - root: Computed train embeddings
22-11-03 18:30:46 - INFO - root: Computing embedding for test
22-11-03 18:30:49 - INFO - root: Computed test embeddings
22-11-03 18:30:49 - INFO - root: Training pytorch-MLP-nhid0-rmsprop-bs128 with 5-fold cross-validation
22-11-03 18:31:01 - INFO - root: [('reg:1e-05', 72.62), ('reg:0.0001', 72.62), ('reg:0.001', 72.28), ('reg:0.01', 73.26)]
22-11-03 18:31:01 - INFO - root: Cross-validation : best param found is reg = 0.01             with score 73.26
22-11-03 18:31:01 - INFO - root: Evaluating...
