22-11-04 22:50:32 - INFO - sentence_transformers.SentenceTransformer: Load pretrained SentenceTransformer: paraphrase-multilingual-mpnet-base-v2
22-11-04 22:50:34 - INFO - sentence_transformers.SentenceTransformer: Use pytorch device: cuda
22-11-04 22:50:34 - INFO - __main__: SBert model paraphrase-multilingual-mpnet-base-v2 is loaded.
22-11-04 22:50:37 - INFO - __main__: Num of SBert features: 768
22-11-04 22:50:37 - INFO - root: Generating sentence embeddings
22-11-04 22:50:46 - INFO - root: Generated sentence embeddings
22-11-04 22:50:46 - INFO - root: Training pytorch-MLP-nhid0-rmsprop-bs128 with (inner) 5-fold cross-validation
22-11-04 22:51:05 - INFO - root: Best param found at split 1: l2reg = 0.01                 with score 83.7
22-11-04 22:51:31 - INFO - root: Best param found at split 2: l2reg = 1e-05                 with score 83.21
22-11-04 22:51:58 - INFO - root: Best param found at split 3: l2reg = 0.0001                 with score 82.72
22-11-04 22:52:29 - INFO - root: Best param found at split 4: l2reg = 0.01                 with score 83.83
22-11-04 22:53:01 - INFO - root: Best param found at split 5: l2reg = 0.001                 with score 83.35
22-11-04 22:53:03 - INFO - root: Generating sentence embeddings
22-11-04 22:53:05 - INFO - root: Generated sentence embeddings
22-11-04 22:53:05 - INFO - root: Training pytorch-MLP-nhid0-rmsprop-bs128 with (inner) 5-fold cross-validation
22-11-04 22:53:15 - INFO - root: Best param found at split 1: l2reg = 1e-05                 with score 91.36
22-11-04 22:53:25 - INFO - root: Best param found at split 2: l2reg = 0.0001                 with score 91.23
22-11-04 22:53:36 - INFO - root: Best param found at split 3: l2reg = 0.01                 with score 91.32
22-11-04 22:53:46 - INFO - root: Best param found at split 4: l2reg = 0.01                 with score 91.13
22-11-04 22:53:57 - INFO - root: Best param found at split 5: l2reg = 0.01                 with score 91.19
22-11-04 22:53:58 - INFO - root: Generating sentence embeddings
22-11-04 22:54:06 - INFO - root: Generated sentence embeddings
22-11-04 22:54:06 - INFO - root: Training pytorch-MLP-nhid0-rmsprop-bs128 with (inner) 5-fold cross-validation
22-11-04 22:54:31 - INFO - root: Best param found at split 1: l2reg = 0.0001                 with score 93.18
22-11-04 22:55:01 - INFO - root: Best param found at split 2: l2reg = 0.001                 with score 93.79
22-11-04 22:55:31 - INFO - root: Best param found at split 3: l2reg = 0.0001                 with score 93.21
22-11-04 22:55:59 - INFO - root: Best param found at split 4: l2reg = 0.001                 with score 93.25
22-11-04 22:56:27 - INFO - root: Best param found at split 5: l2reg = 0.01                 with score 93.25
22-11-04 22:56:28 - INFO - root: Generating sentence embeddings
22-11-04 22:56:32 - INFO - root: Generated sentence embeddings
22-11-04 22:56:32 - INFO - root: Training pytorch-MLP-nhid0-rmsprop-bs128 with (inner) 5-fold cross-validation
22-11-04 22:56:58 - INFO - root: Best param found at split 1: l2reg = 0.001                 with score 90.44
22-11-04 22:57:28 - INFO - root: Best param found at split 2: l2reg = 0.01                 with score 90.09
22-11-04 22:57:59 - INFO - root: Best param found at split 3: l2reg = 0.01                 with score 90.29
22-11-04 22:58:27 - INFO - root: Best param found at split 4: l2reg = 0.0001                 with score 90.22
22-11-04 22:58:55 - INFO - root: Best param found at split 5: l2reg = 1e-05                 with score 90.04
22-11-04 22:58:57 - INFO - root: Computing embedding for train
22-11-04 22:59:03 - INFO - root: Computed train embeddings
22-11-04 22:59:03 - INFO - root: Computing embedding for dev
22-11-04 22:59:04 - INFO - root: Computed dev embeddings
22-11-04 22:59:04 - INFO - root: Computing embedding for test
22-11-04 22:59:05 - INFO - root: Computed test embeddings
22-11-04 22:59:05 - INFO - root: Training pytorch-MLP-nhid0-rmsprop-bs128 with standard validation..
22-11-04 22:59:12 - INFO - root: [('reg:1e-05', 43.69), ('reg:0.0001', 45.32), ('reg:0.001', 44.78), ('reg:0.01', 42.87)]
22-11-04 22:59:12 - INFO - root: Validation : best param found is reg = 0.0001 with score             45.32
22-11-04 22:59:12 - INFO - root: Evaluating...
22-11-04 22:59:13 - INFO - root: ***** Transfer task : TREC *****


22-11-04 22:59:16 - INFO - root: Computed train embeddings
22-11-04 22:59:16 - INFO - root: Computed test embeddings
22-11-04 22:59:16 - INFO - root: Training pytorch-MLP-nhid0-rmsprop-bs128 with 5-fold cross-validation
22-11-04 22:59:36 - INFO - root: [('reg:1e-05', 80.72), ('reg:0.0001', 80.17), ('reg:0.001', 78.32), ('reg:0.01', 78.28)]
22-11-04 22:59:36 - INFO - root: Cross-validation : best param found is reg = 1e-05             with score 80.72
22-11-04 22:59:36 - INFO - root: Evaluating...
22-11-04 22:59:37 - INFO - root: ***** Transfer task : MRPC *****


22-11-04 22:59:37 - INFO - root: Computing embedding for train
22-11-04 22:59:43 - INFO - root: Computed train embeddings
22-11-04 22:59:43 - INFO - root: Computing embedding for test
22-11-04 22:59:46 - INFO - root: Computed test embeddings
22-11-04 22:59:46 - INFO - root: Training pytorch-MLP-nhid0-rmsprop-bs128 with 5-fold cross-validation
22-11-04 22:59:58 - INFO - root: [('reg:1e-05', 74.34), ('reg:0.0001', 74.75), ('reg:0.001', 74.21), ('reg:0.01', 75.96)]
22-11-04 22:59:58 - INFO - root: Cross-validation : best param found is reg = 0.01             with score 75.96
22-11-04 22:59:58 - INFO - root: Evaluating...
