22-11-03 12:26:14 - INFO - sentence_transformers.SentenceTransformer: Load pretrained SentenceTransformer: paraphrase-multilingual-mpnet-base-v2
22-11-03 12:26:17 - INFO - sentence_transformers.SentenceTransformer: Use pytorch device: cuda
22-11-03 12:26:17 - INFO - __main__: SBert model paraphrase-multilingual-mpnet-base-v2 is loaded.
22-11-03 12:26:19 - INFO - __main__: Num of SBert features: 768
22-11-03 12:26:20 - INFO - root: Generating sentence embeddings
22-11-03 12:26:28 - INFO - root: Generated sentence embeddings
22-11-03 12:26:28 - INFO - root: Training pytorch-MLP-nhid0-rmsprop-bs128 with (inner) 5-fold cross-validation
22-11-03 12:26:54 - INFO - root: Best param found at split 1: l2reg = 0.001                 with score 80.53
22-11-03 12:27:22 - INFO - root: Best param found at split 2: l2reg = 0.001                 with score 80.89
22-11-03 12:27:49 - INFO - root: Best param found at split 3: l2reg = 0.01                 with score 80.94
22-11-03 12:28:17 - INFO - root: Best param found at split 4: l2reg = 0.01                 with score 80.6
22-11-03 12:28:47 - INFO - root: Best param found at split 5: l2reg = 0.01                 with score 80.66
22-11-03 12:28:48 - INFO - root: Generating sentence embeddings
22-11-03 12:28:51 - INFO - root: Generated sentence embeddings
22-11-03 12:28:51 - INFO - root: Training pytorch-MLP-nhid0-rmsprop-bs128 with (inner) 5-fold cross-validation
22-11-03 12:28:59 - INFO - root: Best param found at split 1: l2reg = 0.01                 with score 89.47
22-11-03 12:29:08 - INFO - root: Best param found at split 2: l2reg = 0.001                 with score 89.5
22-11-03 12:29:16 - INFO - root: Best param found at split 3: l2reg = 0.01                 with score 90.3
22-11-03 12:29:27 - INFO - root: Best param found at split 4: l2reg = 1e-05                 with score 90.13
22-11-03 12:29:37 - INFO - root: Best param found at split 5: l2reg = 0.01                 with score 89.5
22-11-03 12:29:37 - INFO - root: Generating sentence embeddings
22-11-03 12:29:45 - INFO - root: Generated sentence embeddings
22-11-03 12:29:45 - INFO - root: Training pytorch-MLP-nhid0-rmsprop-bs128 with (inner) 5-fold cross-validation
22-11-03 12:30:11 - INFO - root: Best param found at split 1: l2reg = 0.001                 with score 90.33
22-11-03 12:30:37 - INFO - root: Best param found at split 2: l2reg = 1e-05                 with score 90.74
22-11-03 12:31:06 - INFO - root: Best param found at split 3: l2reg = 0.001                 with score 90.0
22-11-03 12:31:30 - INFO - root: Best param found at split 4: l2reg = 1e-05                 with score 90.2
22-11-03 12:31:55 - INFO - root: Best param found at split 5: l2reg = 0.01                 with score 90.05
22-11-03 12:31:56 - INFO - root: Generating sentence embeddings
22-11-03 12:32:00 - INFO - root: Generated sentence embeddings
22-11-03 12:32:00 - INFO - root: Training pytorch-MLP-nhid0-rmsprop-bs128 with (inner) 5-fold cross-validation
22-11-03 12:32:23 - INFO - root: Best param found at split 1: l2reg = 0.01                 with score 88.2
22-11-03 12:32:52 - INFO - root: Best param found at split 2: l2reg = 0.01                 with score 87.6
22-11-03 12:33:24 - INFO - root: Best param found at split 3: l2reg = 0.001                 with score 88.36
22-11-03 12:33:53 - INFO - root: Best param found at split 4: l2reg = 0.01                 with score 88.43
22-11-03 12:34:23 - INFO - root: Best param found at split 5: l2reg = 0.01                 with score 87.68
22-11-03 12:34:24 - INFO - root: Computing embedding for train
22-11-03 12:34:30 - INFO - root: Computed train embeddings
22-11-03 12:34:30 - INFO - root: Computing embedding for dev
22-11-03 12:34:31 - INFO - root: Computed dev embeddings
22-11-03 12:34:31 - INFO - root: Computing embedding for test
22-11-03 12:34:32 - INFO - root: Computed test embeddings
22-11-03 12:34:32 - INFO - root: Training pytorch-MLP-nhid0-rmsprop-bs128 with standard validation..
22-11-03 12:34:38 - INFO - root: [('reg:1e-05', 44.69), ('reg:0.0001', 44.78), ('reg:0.001', 44.5), ('reg:0.01', 43.87)]
22-11-03 12:34:38 - INFO - root: Validation : best param found is reg = 0.0001 with score             44.78
22-11-03 12:34:38 - INFO - root: Evaluating...
22-11-03 12:34:40 - INFO - root: ***** Transfer task : TREC *****


22-11-03 12:34:42 - INFO - root: Computed train embeddings
22-11-03 12:34:43 - INFO - root: Computed test embeddings
22-11-03 12:34:43 - INFO - root: Training pytorch-MLP-nhid0-rmsprop-bs128 with 5-fold cross-validation
22-11-03 12:35:00 - INFO - root: [('reg:1e-05', 70.6), ('reg:0.0001', 70.6), ('reg:0.001', 70.43), ('reg:0.01', 68.38)]
22-11-03 12:35:00 - INFO - root: Cross-validation : best param found is reg = 1e-05             with score 70.6
22-11-03 12:35:00 - INFO - root: Evaluating...
22-11-03 12:35:01 - INFO - root: ***** Transfer task : MRPC *****


22-11-03 12:35:01 - INFO - root: Computing embedding for train
22-11-03 12:35:07 - INFO - root: Computed train embeddings
22-11-03 12:35:07 - INFO - root: Computing embedding for test
22-11-03 12:35:10 - INFO - root: Computed test embeddings
22-11-03 12:35:10 - INFO - root: Training pytorch-MLP-nhid0-rmsprop-bs128 with 5-fold cross-validation
22-11-03 12:35:22 - INFO - root: [('reg:1e-05', 73.09), ('reg:0.0001', 73.09), ('reg:0.001', 73.63), ('reg:0.01', 73.5)]
22-11-03 12:35:22 - INFO - root: Cross-validation : best param found is reg = 0.001             with score 73.63
22-11-03 12:35:22 - INFO - root: Evaluating...
22-11-17 18:04:35 - INFO - sentence_transformers.SentenceTransformer: Load pretrained SentenceTransformer: paraphrase-multilingual-mpnet-base-v2
22-11-17 18:04:37 - INFO - sentence_transformers.SentenceTransformer: Use pytorch device: cuda
22-11-17 18:04:37 - INFO - __main__: SBert model paraphrase-multilingual-mpnet-base-v2 is loaded.
22-11-17 18:04:39 - INFO - __main__: Num of SBert features: 768
