22-11-04 09:22:37 - INFO - sentence_transformers.SentenceTransformer: Load pretrained SentenceTransformer: paraphrase-multilingual-mpnet-base-v2
22-11-04 09:22:40 - INFO - sentence_transformers.SentenceTransformer: Use pytorch device: cuda
22-11-04 09:22:40 - INFO - __main__: SBert model paraphrase-multilingual-mpnet-base-v2 is loaded.
22-11-04 09:22:42 - INFO - __main__: Num of SBert features: 768
22-11-04 09:22:43 - INFO - root: Generating sentence embeddings
22-11-04 09:22:50 - INFO - root: Generated sentence embeddings
22-11-04 09:22:50 - INFO - root: Training pytorch-MLP-nhid0-rmsprop-bs128 with (inner) 5-fold cross-validation
22-11-04 09:23:19 - INFO - root: Best param found at split 1: l2reg = 0.01                 with score 82.94
22-11-04 09:23:48 - INFO - root: Best param found at split 2: l2reg = 0.01                 with score 81.36
22-11-04 09:24:20 - INFO - root: Best param found at split 3: l2reg = 0.01                 with score 82.67
22-11-04 09:24:49 - INFO - root: Best param found at split 4: l2reg = 0.001                 with score 82.77
22-11-04 09:25:20 - INFO - root: Best param found at split 5: l2reg = 0.01                 with score 82.85
22-11-04 09:25:22 - INFO - root: Generating sentence embeddings
22-11-04 09:25:24 - INFO - root: Generated sentence embeddings
22-11-04 09:25:24 - INFO - root: Training pytorch-MLP-nhid0-rmsprop-bs128 with (inner) 5-fold cross-validation
22-11-04 09:25:32 - INFO - root: Best param found at split 1: l2reg = 1e-05                 with score 90.93
22-11-04 09:25:42 - INFO - root: Best param found at split 2: l2reg = 0.01                 with score 91.06
22-11-04 09:25:52 - INFO - root: Best param found at split 3: l2reg = 0.01                 with score 91.32
22-11-04 09:26:01 - INFO - root: Best param found at split 4: l2reg = 0.01                 with score 90.46
22-11-04 09:26:12 - INFO - root: Best param found at split 5: l2reg = 1e-05                 with score 90.83
22-11-04 09:26:13 - INFO - root: Generating sentence embeddings
22-11-04 09:26:21 - INFO - root: Generated sentence embeddings
22-11-04 09:26:21 - INFO - root: Training pytorch-MLP-nhid0-rmsprop-bs128 with (inner) 5-fold cross-validation
22-11-04 09:26:48 - INFO - root: Best param found at split 1: l2reg = 0.0001                 with score 92.74
22-11-04 09:27:17 - INFO - root: Best param found at split 2: l2reg = 0.01                 with score 93.19
22-11-04 09:27:47 - INFO - root: Best param found at split 3: l2reg = 0.001                 with score 92.65
22-11-04 09:28:16 - INFO - root: Best param found at split 4: l2reg = 0.001                 with score 92.65
22-11-04 09:28:45 - INFO - root: Best param found at split 5: l2reg = 0.001                 with score 92.8
22-11-04 09:28:47 - INFO - root: Generating sentence embeddings
22-11-04 09:28:50 - INFO - root: Generated sentence embeddings
22-11-04 09:28:50 - INFO - root: Training pytorch-MLP-nhid0-rmsprop-bs128 with (inner) 5-fold cross-validation
22-11-04 09:29:15 - INFO - root: Best param found at split 1: l2reg = 0.01                 with score 86.13
22-11-04 09:29:44 - INFO - root: Best param found at split 2: l2reg = 0.0001                 with score 89.69
22-11-04 09:30:15 - INFO - root: Best param found at split 3: l2reg = 0.0001                 with score 89.3
22-11-04 09:30:41 - INFO - root: Best param found at split 4: l2reg = 1e-05                 with score 90.19
22-11-04 09:31:12 - INFO - root: Best param found at split 5: l2reg = 1e-05                 with score 89.71
22-11-04 09:31:13 - INFO - root: Computing embedding for train
22-11-04 09:31:19 - INFO - root: Computed train embeddings
22-11-04 09:31:19 - INFO - root: Computing embedding for dev
22-11-04 09:31:20 - INFO - root: Computed dev embeddings
22-11-04 09:31:20 - INFO - root: Computing embedding for test
22-11-04 09:31:22 - INFO - root: Computed test embeddings
22-11-04 09:31:22 - INFO - root: Training pytorch-MLP-nhid0-rmsprop-bs128 with standard validation..
22-11-04 09:31:28 - INFO - root: [('reg:1e-05', 39.15), ('reg:0.0001', 43.96), ('reg:0.001', 44.78), ('reg:0.01', 37.6)]
22-11-04 09:31:28 - INFO - root: Validation : best param found is reg = 0.001 with score             44.78
22-11-04 09:31:28 - INFO - root: Evaluating...
22-11-04 09:31:29 - INFO - root: ***** Transfer task : TREC *****


22-11-04 09:31:31 - INFO - root: Computed train embeddings
22-11-04 09:31:32 - INFO - root: Computed test embeddings
22-11-04 09:31:32 - INFO - root: Training pytorch-MLP-nhid0-rmsprop-bs128 with 5-fold cross-validation
22-11-04 09:31:48 - INFO - root: [('reg:1e-05', 74.62), ('reg:0.0001', 75.5), ('reg:0.001', 75.2), ('reg:0.01', 75.97)]
22-11-04 09:31:48 - INFO - root: Cross-validation : best param found is reg = 0.01             with score 75.97
22-11-04 09:31:48 - INFO - root: Evaluating...
22-11-04 09:31:49 - INFO - root: ***** Transfer task : MRPC *****


22-11-04 09:31:50 - INFO - root: Computing embedding for train
22-11-04 09:31:56 - INFO - root: Computed train embeddings
22-11-04 09:31:56 - INFO - root: Computing embedding for test
22-11-04 09:31:58 - INFO - root: Computed test embeddings
22-11-04 09:31:58 - INFO - root: Training pytorch-MLP-nhid0-rmsprop-bs128 with 5-fold cross-validation
22-11-04 09:32:10 - INFO - root: [('reg:1e-05', 73.31), ('reg:0.0001', 72.99), ('reg:0.001', 73.38), ('reg:0.01', 74.07)]
22-11-04 09:32:10 - INFO - root: Cross-validation : best param found is reg = 0.01             with score 74.07
22-11-04 09:32:10 - INFO - root: Evaluating...
