22-11-04 01:18:07 - INFO - sentence_transformers.SentenceTransformer: Load pretrained SentenceTransformer: paraphrase-multilingual-mpnet-base-v2
22-11-04 01:18:09 - INFO - sentence_transformers.SentenceTransformer: Use pytorch device: cuda
22-11-04 01:18:09 - INFO - __main__: SBert model paraphrase-multilingual-mpnet-base-v2 is loaded.
22-11-04 01:18:12 - INFO - __main__: Num of SBert features: 768
22-11-04 01:18:12 - INFO - root: Generating sentence embeddings
22-11-04 01:18:20 - INFO - root: Generated sentence embeddings
22-11-04 01:18:20 - INFO - root: Training pytorch-MLP-nhid0-rmsprop-bs128 with (inner) 5-fold cross-validation
22-11-04 01:18:48 - INFO - root: Best param found at split 1: l2reg = 0.01                 with score 81.98
22-11-04 01:19:14 - INFO - root: Best param found at split 2: l2reg = 1e-05                 with score 81.84
22-11-04 01:19:42 - INFO - root: Best param found at split 3: l2reg = 0.01                 with score 81.58
22-11-04 01:20:11 - INFO - root: Best param found at split 4: l2reg = 0.01                 with score 81.7
22-11-04 01:20:40 - INFO - root: Best param found at split 5: l2reg = 0.0001                 with score 82.2
22-11-04 01:20:41 - INFO - root: Generating sentence embeddings
22-11-04 01:20:44 - INFO - root: Generated sentence embeddings
22-11-04 01:20:44 - INFO - root: Training pytorch-MLP-nhid0-rmsprop-bs128 with (inner) 5-fold cross-validation
22-11-04 01:20:53 - INFO - root: Best param found at split 1: l2reg = 0.01                 with score 90.76
22-11-04 01:21:02 - INFO - root: Best param found at split 2: l2reg = 0.001                 with score 90.66
22-11-04 01:21:12 - INFO - root: Best param found at split 3: l2reg = 1e-05                 with score 90.86
22-11-04 01:21:23 - INFO - root: Best param found at split 4: l2reg = 1e-05                 with score 90.36
22-11-04 01:21:33 - INFO - root: Best param found at split 5: l2reg = 0.01                 with score 90.26
22-11-04 01:21:33 - INFO - root: Generating sentence embeddings
22-11-04 01:21:41 - INFO - root: Generated sentence embeddings
22-11-04 01:21:41 - INFO - root: Training pytorch-MLP-nhid0-rmsprop-bs128 with (inner) 5-fold cross-validation
22-11-04 01:22:05 - INFO - root: Best param found at split 1: l2reg = 0.01                 with score 91.51
22-11-04 01:22:33 - INFO - root: Best param found at split 2: l2reg = 0.001                 with score 91.86
22-11-04 01:22:59 - INFO - root: Best param found at split 3: l2reg = 0.01                 with score 91.71
22-11-04 01:23:30 - INFO - root: Best param found at split 4: l2reg = 0.01                 with score 91.7
22-11-04 01:23:57 - INFO - root: Best param found at split 5: l2reg = 0.01                 with score 91.6
22-11-04 01:23:59 - INFO - root: Generating sentence embeddings
22-11-04 01:24:02 - INFO - root: Generated sentence embeddings
22-11-04 01:24:02 - INFO - root: Training pytorch-MLP-nhid0-rmsprop-bs128 with (inner) 5-fold cross-validation
22-11-04 01:24:26 - INFO - root: Best param found at split 1: l2reg = 0.01                 with score 88.47
22-11-04 01:24:53 - INFO - root: Best param found at split 2: l2reg = 0.001                 with score 89.18
22-11-04 01:25:19 - INFO - root: Best param found at split 3: l2reg = 0.01                 with score 89.73
22-11-04 01:25:43 - INFO - root: Best param found at split 4: l2reg = 0.01                 with score 89.44
22-11-04 01:26:03 - INFO - root: Best param found at split 5: l2reg = 0.01                 with score 89.55
22-11-04 01:26:04 - INFO - root: Computing embedding for train
22-11-04 01:26:10 - INFO - root: Computed train embeddings
22-11-04 01:26:10 - INFO - root: Computing embedding for dev
22-11-04 01:26:10 - INFO - root: Computed dev embeddings
22-11-04 01:26:10 - INFO - root: Computing embedding for test
22-11-04 01:26:12 - INFO - root: Computed test embeddings
22-11-04 01:26:12 - INFO - root: Training pytorch-MLP-nhid0-rmsprop-bs128 with standard validation..
22-11-04 01:26:21 - INFO - root: [('reg:1e-05', 44.23), ('reg:0.0001', 45.14), ('reg:0.001', 46.41), ('reg:0.01', 45.87)]
22-11-04 01:26:21 - INFO - root: Validation : best param found is reg = 0.001 with score             46.41
22-11-04 01:26:21 - INFO - root: Evaluating...
22-11-04 01:26:23 - INFO - root: ***** Transfer task : TREC *****


22-11-04 01:26:25 - INFO - root: Computed train embeddings
22-11-04 01:26:25 - INFO - root: Computed test embeddings
22-11-04 01:26:25 - INFO - root: Training pytorch-MLP-nhid0-rmsprop-bs128 with 5-fold cross-validation
22-11-04 01:26:42 - INFO - root: [('reg:1e-05', 74.78), ('reg:0.0001', 74.6), ('reg:0.001', 74.67), ('reg:0.01', 74.32)]
22-11-04 01:26:42 - INFO - root: Cross-validation : best param found is reg = 1e-05             with score 74.78
22-11-04 01:26:42 - INFO - root: Evaluating...
22-11-04 01:26:43 - INFO - root: ***** Transfer task : MRPC *****


22-11-04 01:26:43 - INFO - root: Computing embedding for train
22-11-04 01:26:49 - INFO - root: Computed train embeddings
22-11-04 01:26:49 - INFO - root: Computing embedding for test
22-11-04 01:26:51 - INFO - root: Computed test embeddings
22-11-04 01:26:52 - INFO - root: Training pytorch-MLP-nhid0-rmsprop-bs128 with 5-fold cross-validation
22-11-04 01:27:03 - INFO - root: [('reg:1e-05', 74.29), ('reg:0.0001', 74.31), ('reg:0.001', 73.85), ('reg:0.01', 74.39)]
22-11-04 01:27:03 - INFO - root: Cross-validation : best param found is reg = 0.01             with score 74.39
22-11-04 01:27:03 - INFO - root: Evaluating...
22-11-17 23:09:54 - INFO - sentence_transformers.SentenceTransformer: Load pretrained SentenceTransformer: paraphrase-multilingual-mpnet-base-v2
22-11-17 23:09:56 - INFO - sentence_transformers.SentenceTransformer: Use pytorch device: cuda
22-11-17 23:09:56 - INFO - __main__: SBert model paraphrase-multilingual-mpnet-base-v2 is loaded.
22-11-17 23:09:58 - INFO - __main__: Num of SBert features: 768
