22-11-03 13:53:11 - INFO - sentence_transformers.SentenceTransformer: Load pretrained SentenceTransformer: paraphrase-multilingual-mpnet-base-v2
22-11-03 13:53:13 - INFO - sentence_transformers.SentenceTransformer: Use pytorch device: cuda
22-11-03 13:53:13 - INFO - __main__: SBert model paraphrase-multilingual-mpnet-base-v2 is loaded.
22-11-03 13:53:15 - INFO - __main__: Num of SBert features: 768
22-11-03 13:53:16 - INFO - root: Generating sentence embeddings
22-11-03 13:53:24 - INFO - root: Generated sentence embeddings
22-11-03 13:53:24 - INFO - root: Training pytorch-MLP-nhid0-rmsprop-bs128 with (inner) 5-fold cross-validation
22-11-03 13:53:49 - INFO - root: Best param found at split 1: l2reg = 0.001                 with score 81.19
22-11-03 13:54:17 - INFO - root: Best param found at split 2: l2reg = 0.01                 with score 81.04
22-11-03 13:54:44 - INFO - root: Best param found at split 3: l2reg = 0.01                 with score 80.7
22-11-03 13:55:13 - INFO - root: Best param found at split 4: l2reg = 0.01                 with score 81.38
22-11-03 13:55:46 - INFO - root: Best param found at split 5: l2reg = 0.01                 with score 80.83
22-11-03 13:55:47 - INFO - root: Generating sentence embeddings
22-11-03 13:55:50 - INFO - root: Generated sentence embeddings
22-11-03 13:55:50 - INFO - root: Training pytorch-MLP-nhid0-rmsprop-bs128 with (inner) 5-fold cross-validation
22-11-03 13:55:58 - INFO - root: Best param found at split 1: l2reg = 1e-05                 with score 90.33
22-11-03 13:56:08 - INFO - root: Best param found at split 2: l2reg = 0.01                 with score 90.43
22-11-03 13:56:16 - INFO - root: Best param found at split 3: l2reg = 0.001                 with score 90.6
22-11-03 13:56:26 - INFO - root: Best param found at split 4: l2reg = 1e-05                 with score 90.0
22-11-03 13:56:37 - INFO - root: Best param found at split 5: l2reg = 1e-05                 with score 90.4
22-11-03 13:56:38 - INFO - root: Generating sentence embeddings
22-11-03 13:56:45 - INFO - root: Generated sentence embeddings
22-11-03 13:56:45 - INFO - root: Training pytorch-MLP-nhid0-rmsprop-bs128 with (inner) 5-fold cross-validation
22-11-03 13:57:07 - INFO - root: Best param found at split 1: l2reg = 0.01                 with score 90.09
22-11-03 13:57:33 - INFO - root: Best param found at split 2: l2reg = 0.01                 with score 90.72
22-11-03 13:57:59 - INFO - root: Best param found at split 3: l2reg = 0.001                 with score 90.45
22-11-03 13:58:22 - INFO - root: Best param found at split 4: l2reg = 0.01                 with score 90.33
22-11-03 13:58:49 - INFO - root: Best param found at split 5: l2reg = 0.01                 with score 90.19
22-11-03 13:58:50 - INFO - root: Generating sentence embeddings
22-11-03 13:58:54 - INFO - root: Generated sentence embeddings
22-11-03 13:58:54 - INFO - root: Training pytorch-MLP-nhid0-rmsprop-bs128 with (inner) 5-fold cross-validation
22-11-03 13:59:18 - INFO - root: Best param found at split 1: l2reg = 0.001                 with score 88.45
22-11-03 13:59:49 - INFO - root: Best param found at split 2: l2reg = 0.01                 with score 87.67
22-11-03 14:00:21 - INFO - root: Best param found at split 3: l2reg = 0.01                 with score 88.34
22-11-03 14:00:50 - INFO - root: Best param found at split 4: l2reg = 0.01                 with score 87.92
22-11-03 14:01:24 - INFO - root: Best param found at split 5: l2reg = 0.0001                 with score 87.67
22-11-03 14:01:26 - INFO - root: Computing embedding for train
22-11-03 14:01:32 - INFO - root: Computed train embeddings
22-11-03 14:01:32 - INFO - root: Computing embedding for dev
22-11-03 14:01:32 - INFO - root: Computed dev embeddings
22-11-03 14:01:32 - INFO - root: Computing embedding for test
22-11-03 14:01:34 - INFO - root: Computed test embeddings
22-11-03 14:01:34 - INFO - root: Training pytorch-MLP-nhid0-rmsprop-bs128 with standard validation..
22-11-03 14:01:42 - INFO - root: [('reg:1e-05', 44.6), ('reg:0.0001', 44.41), ('reg:0.001', 44.78), ('reg:0.01', 44.87)]
22-11-03 14:01:42 - INFO - root: Validation : best param found is reg = 0.01 with score             44.87
22-11-03 14:01:42 - INFO - root: Evaluating...
22-11-03 14:01:44 - INFO - root: ***** Transfer task : TREC *****


22-11-03 14:01:47 - INFO - root: Computed train embeddings
22-11-03 14:01:47 - INFO - root: Computed test embeddings
22-11-03 14:01:47 - INFO - root: Training pytorch-MLP-nhid0-rmsprop-bs128 with 5-fold cross-validation
22-11-03 14:02:03 - INFO - root: [('reg:1e-05', 72.1), ('reg:0.0001', 72.18), ('reg:0.001', 72.1), ('reg:0.01', 71.3)]
22-11-03 14:02:03 - INFO - root: Cross-validation : best param found is reg = 0.0001             with score 72.18
22-11-03 14:02:03 - INFO - root: Evaluating...
22-11-03 14:02:04 - INFO - root: ***** Transfer task : MRPC *****


22-11-03 14:02:04 - INFO - root: Computing embedding for train
22-11-03 14:02:10 - INFO - root: Computed train embeddings
22-11-03 14:02:10 - INFO - root: Computing embedding for test
22-11-03 14:02:13 - INFO - root: Computed test embeddings
22-11-03 14:02:13 - INFO - root: Training pytorch-MLP-nhid0-rmsprop-bs128 with 5-fold cross-validation
22-11-03 14:02:25 - INFO - root: [('reg:1e-05', 72.74), ('reg:0.0001', 72.77), ('reg:0.001', 72.79), ('reg:0.01', 73.31)]
22-11-03 14:02:25 - INFO - root: Cross-validation : best param found is reg = 0.01             with score 73.31
22-11-03 14:02:25 - INFO - root: Evaluating...
