22-11-04 11:04:20 - INFO - sentence_transformers.SentenceTransformer: Load pretrained SentenceTransformer: paraphrase-multilingual-mpnet-base-v2
22-11-04 11:04:22 - INFO - sentence_transformers.SentenceTransformer: Use pytorch device: cuda
22-11-04 11:04:22 - INFO - __main__: SBert model paraphrase-multilingual-mpnet-base-v2 is loaded.
22-11-04 11:04:25 - INFO - __main__: Num of SBert features: 768
22-11-04 11:04:25 - INFO - root: Generating sentence embeddings
22-11-04 11:04:33 - INFO - root: Generated sentence embeddings
22-11-04 11:04:33 - INFO - root: Training pytorch-MLP-nhid0-rmsprop-bs128 with (inner) 5-fold cross-validation
22-11-04 11:05:01 - INFO - root: Best param found at split 1: l2reg = 0.01                 with score 82.65
22-11-04 11:05:29 - INFO - root: Best param found at split 2: l2reg = 0.001                 with score 82.19
22-11-04 11:05:58 - INFO - root: Best param found at split 3: l2reg = 1e-05                 with score 81.7
22-11-04 11:06:25 - INFO - root: Best param found at split 4: l2reg = 0.01                 with score 82.18
22-11-04 11:06:53 - INFO - root: Best param found at split 5: l2reg = 0.001                 with score 81.57
22-11-04 11:06:55 - INFO - root: Generating sentence embeddings
22-11-04 11:06:57 - INFO - root: Generated sentence embeddings
22-11-04 11:06:57 - INFO - root: Training pytorch-MLP-nhid0-rmsprop-bs128 with (inner) 5-fold cross-validation
22-11-04 11:07:06 - INFO - root: Best param found at split 1: l2reg = 0.0001                 with score 91.52
22-11-04 11:07:18 - INFO - root: Best param found at split 2: l2reg = 1e-05                 with score 91.49
22-11-04 11:07:27 - INFO - root: Best param found at split 3: l2reg = 0.01                 with score 90.93
22-11-04 11:07:38 - INFO - root: Best param found at split 4: l2reg = 0.01                 with score 91.03
22-11-04 11:07:49 - INFO - root: Best param found at split 5: l2reg = 0.001                 with score 90.36
22-11-04 11:07:49 - INFO - root: Generating sentence embeddings
22-11-04 11:07:57 - INFO - root: Generated sentence embeddings
22-11-04 11:07:57 - INFO - root: Training pytorch-MLP-nhid0-rmsprop-bs128 with (inner) 5-fold cross-validation
22-11-04 11:08:25 - INFO - root: Best param found at split 1: l2reg = 1e-05                 with score 92.66
22-11-04 11:08:54 - INFO - root: Best param found at split 2: l2reg = 0.01                 with score 93.24
22-11-04 11:09:21 - INFO - root: Best param found at split 3: l2reg = 0.0001                 with score 92.81
22-11-04 11:09:39 - INFO - root: Best param found at split 4: l2reg = 0.0001                 with score 92.74
22-11-04 11:09:58 - INFO - root: Best param found at split 5: l2reg = 0.01                 with score 93.04
22-11-04 11:10:00 - INFO - root: Generating sentence embeddings
22-11-04 11:10:03 - INFO - root: Generated sentence embeddings
22-11-04 11:10:03 - INFO - root: Training pytorch-MLP-nhid0-rmsprop-bs128 with (inner) 5-fold cross-validation
22-11-04 11:10:30 - INFO - root: Best param found at split 1: l2reg = 0.001                 with score 89.72
22-11-04 11:10:58 - INFO - root: Best param found at split 2: l2reg = 0.01                 with score 89.84
22-11-04 11:11:30 - INFO - root: Best param found at split 3: l2reg = 0.01                 with score 90.21
22-11-04 11:11:58 - INFO - root: Best param found at split 4: l2reg = 0.001                 with score 90.03
22-11-04 11:12:29 - INFO - root: Best param found at split 5: l2reg = 0.01                 with score 90.58
22-11-04 11:12:31 - INFO - root: Computing embedding for train
22-11-04 11:12:37 - INFO - root: Computed train embeddings
22-11-04 11:12:37 - INFO - root: Computing embedding for dev
22-11-04 11:12:37 - INFO - root: Computed dev embeddings
22-11-04 11:12:37 - INFO - root: Computing embedding for test
22-11-04 11:12:39 - INFO - root: Computed test embeddings
22-11-04 11:12:39 - INFO - root: Training pytorch-MLP-nhid0-rmsprop-bs128 with standard validation..
22-11-04 11:12:46 - INFO - root: [('reg:1e-05', 40.69), ('reg:0.0001', 42.33), ('reg:0.001', 42.14), ('reg:0.01', 42.42)]
22-11-04 11:12:46 - INFO - root: Validation : best param found is reg = 0.01 with score             42.42
22-11-04 11:12:46 - INFO - root: Evaluating...
22-11-04 11:12:48 - INFO - root: ***** Transfer task : TREC *****


22-11-04 11:12:51 - INFO - root: Computed train embeddings
22-11-04 11:12:51 - INFO - root: Computed test embeddings
22-11-04 11:12:51 - INFO - root: Training pytorch-MLP-nhid0-rmsprop-bs128 with 5-fold cross-validation
22-11-04 11:13:09 - INFO - root: [('reg:1e-05', 78.87), ('reg:0.0001', 75.7), ('reg:0.001', 78.04), ('reg:0.01', 75.99)]
22-11-04 11:13:09 - INFO - root: Cross-validation : best param found is reg = 1e-05             with score 78.87
22-11-04 11:13:09 - INFO - root: Evaluating...
22-11-04 11:13:10 - INFO - root: ***** Transfer task : MRPC *****


22-11-04 11:13:10 - INFO - root: Computing embedding for train
22-11-04 11:13:16 - INFO - root: Computed train embeddings
22-11-04 11:13:16 - INFO - root: Computing embedding for test
22-11-04 11:13:19 - INFO - root: Computed test embeddings
22-11-04 11:13:19 - INFO - root: Training pytorch-MLP-nhid0-rmsprop-bs128 with 5-fold cross-validation
22-11-04 11:13:31 - INFO - root: [('reg:1e-05', 74.95), ('reg:0.0001', 75.29), ('reg:0.001', 75.1), ('reg:0.01', 73.94)]
22-11-04 11:13:31 - INFO - root: Cross-validation : best param found is reg = 0.0001             with score 75.29
22-11-04 11:13:31 - INFO - root: Evaluating...
22-11-18 03:06:58 - INFO - sentence_transformers.SentenceTransformer: Load pretrained SentenceTransformer: paraphrase-multilingual-mpnet-base-v2
22-11-18 03:07:00 - INFO - sentence_transformers.SentenceTransformer: Use pytorch device: cuda
22-11-18 03:07:00 - INFO - __main__: SBert model paraphrase-multilingual-mpnet-base-v2 is loaded.
22-11-18 03:07:02 - INFO - __main__: Num of SBert features: 768
