22-11-03 22:32:22 - INFO - sentence_transformers.SentenceTransformer: Load pretrained SentenceTransformer: paraphrase-multilingual-mpnet-base-v2
22-11-03 22:32:24 - INFO - sentence_transformers.SentenceTransformer: Use pytorch device: cuda
22-11-03 22:32:24 - INFO - __main__: SBert model paraphrase-multilingual-mpnet-base-v2 is loaded.
22-11-03 22:32:26 - INFO - __main__: Num of SBert features: 768
22-11-03 22:32:27 - INFO - root: Generating sentence embeddings
22-11-03 22:32:35 - INFO - root: Generated sentence embeddings
22-11-03 22:32:35 - INFO - root: Training pytorch-MLP-nhid0-rmsprop-bs128 with (inner) 5-fold cross-validation
22-11-03 22:33:02 - INFO - root: Best param found at split 1: l2reg = 1e-05                 with score 81.44
22-11-03 22:33:30 - INFO - root: Best param found at split 2: l2reg = 0.01                 with score 81.8
22-11-03 22:33:59 - INFO - root: Best param found at split 3: l2reg = 0.0001                 with score 81.78
22-11-03 22:34:28 - INFO - root: Best param found at split 4: l2reg = 0.01                 with score 81.61
22-11-03 22:34:57 - INFO - root: Best param found at split 5: l2reg = 0.0001                 with score 81.9
22-11-03 22:34:58 - INFO - root: Generating sentence embeddings
22-11-03 22:35:01 - INFO - root: Generated sentence embeddings
22-11-03 22:35:01 - INFO - root: Training pytorch-MLP-nhid0-rmsprop-bs128 with (inner) 5-fold cross-validation
22-11-03 22:35:09 - INFO - root: Best param found at split 1: l2reg = 0.01                 with score 90.46
22-11-03 22:35:19 - INFO - root: Best param found at split 2: l2reg = 0.001                 with score 91.09
22-11-03 22:35:28 - INFO - root: Best param found at split 3: l2reg = 0.001                 with score 90.46
22-11-03 22:35:38 - INFO - root: Best param found at split 4: l2reg = 0.0001                 with score 90.3
22-11-03 22:35:47 - INFO - root: Best param found at split 5: l2reg = 0.01                 with score 90.33
22-11-03 22:35:48 - INFO - root: Generating sentence embeddings
22-11-03 22:35:56 - INFO - root: Generated sentence embeddings
22-11-03 22:35:56 - INFO - root: Training pytorch-MLP-nhid0-rmsprop-bs128 with (inner) 5-fold cross-validation
22-11-03 22:36:20 - INFO - root: Best param found at split 1: l2reg = 0.01                 with score 91.95
22-11-03 22:36:49 - INFO - root: Best param found at split 2: l2reg = 0.001                 with score 92.4
22-11-03 22:37:20 - INFO - root: Best param found at split 3: l2reg = 0.001                 with score 92.58
22-11-03 22:37:46 - INFO - root: Best param found at split 4: l2reg = 0.0001                 with score 91.85
22-11-03 22:38:14 - INFO - root: Best param found at split 5: l2reg = 0.01                 with score 92.18
22-11-03 22:38:16 - INFO - root: Generating sentence embeddings
22-11-03 22:38:20 - INFO - root: Generated sentence embeddings
22-11-03 22:38:20 - INFO - root: Training pytorch-MLP-nhid0-rmsprop-bs128 with (inner) 5-fold cross-validation
22-11-03 22:38:47 - INFO - root: Best param found at split 1: l2reg = 1e-05                 with score 89.37
22-11-03 22:39:15 - INFO - root: Best param found at split 2: l2reg = 0.001                 with score 89.02
22-11-03 22:39:44 - INFO - root: Best param found at split 3: l2reg = 0.001                 with score 89.44
22-11-03 22:40:06 - INFO - root: Best param found at split 4: l2reg = 0.01                 with score 89.77
22-11-03 22:40:35 - INFO - root: Best param found at split 5: l2reg = 1e-05                 with score 89.38
22-11-03 22:40:37 - INFO - root: Computing embedding for train
22-11-03 22:40:43 - INFO - root: Computed train embeddings
22-11-03 22:40:43 - INFO - root: Computing embedding for dev
22-11-03 22:40:44 - INFO - root: Computed dev embeddings
22-11-03 22:40:44 - INFO - root: Computing embedding for test
22-11-03 22:40:45 - INFO - root: Computed test embeddings
22-11-03 22:40:45 - INFO - root: Training pytorch-MLP-nhid0-rmsprop-bs128 with standard validation..
22-11-03 22:40:51 - INFO - root: [('reg:1e-05', 42.96), ('reg:0.0001', 41.69), ('reg:0.001', 41.42), ('reg:0.01', 45.41)]
22-11-03 22:40:51 - INFO - root: Validation : best param found is reg = 0.01 with score             45.41
22-11-03 22:40:51 - INFO - root: Evaluating...
22-11-03 22:40:53 - INFO - root: ***** Transfer task : TREC *****


22-11-03 22:40:55 - INFO - root: Computed train embeddings
22-11-03 22:40:55 - INFO - root: Computed test embeddings
22-11-03 22:40:55 - INFO - root: Training pytorch-MLP-nhid0-rmsprop-bs128 with 5-fold cross-validation
22-11-03 22:41:13 - INFO - root: [('reg:1e-05', 75.48), ('reg:0.0001', 75.68), ('reg:0.001', 75.57), ('reg:0.01', 75.66)]
22-11-03 22:41:13 - INFO - root: Cross-validation : best param found is reg = 0.0001             with score 75.68
22-11-03 22:41:13 - INFO - root: Evaluating...
22-11-03 22:41:15 - INFO - root: ***** Transfer task : MRPC *****


22-11-03 22:41:15 - INFO - root: Computing embedding for train
22-11-03 22:41:21 - INFO - root: Computed train embeddings
22-11-03 22:41:21 - INFO - root: Computing embedding for test
22-11-03 22:41:24 - INFO - root: Computed test embeddings
22-11-03 22:41:24 - INFO - root: Training pytorch-MLP-nhid0-rmsprop-bs128 with 5-fold cross-validation
22-11-03 22:41:37 - INFO - root: [('reg:1e-05', 73.7), ('reg:0.0001', 73.43), ('reg:0.001', 74.02), ('reg:0.01', 74.51)]
22-11-03 22:41:37 - INFO - root: Cross-validation : best param found is reg = 0.01             with score 74.51
22-11-03 22:41:37 - INFO - root: Evaluating...
22-11-17 22:04:41 - INFO - sentence_transformers.SentenceTransformer: Load pretrained SentenceTransformer: paraphrase-multilingual-mpnet-base-v2
22-11-17 22:04:44 - INFO - sentence_transformers.SentenceTransformer: Use pytorch device: cuda
22-11-17 22:04:44 - INFO - __main__: SBert model paraphrase-multilingual-mpnet-base-v2 is loaded.
22-11-17 22:04:46 - INFO - __main__: Num of SBert features: 768
