22-11-04 16:14:48 - INFO - sentence_transformers.SentenceTransformer: Load pretrained SentenceTransformer: paraphrase-multilingual-mpnet-base-v2
22-11-04 16:14:51 - INFO - sentence_transformers.SentenceTransformer: Use pytorch device: cuda
22-11-04 16:14:51 - INFO - __main__: SBert model paraphrase-multilingual-mpnet-base-v2 is loaded.
22-11-04 16:14:53 - INFO - __main__: Num of SBert features: 768
22-11-04 16:14:54 - INFO - root: Generating sentence embeddings
22-11-04 16:15:02 - INFO - root: Generated sentence embeddings
22-11-04 16:15:02 - INFO - root: Training pytorch-MLP-nhid0-rmsprop-bs128 with (inner) 5-fold cross-validation
22-11-04 16:15:29 - INFO - root: Best param found at split 1: l2reg = 0.01                 with score 83.07
22-11-04 16:15:57 - INFO - root: Best param found at split 2: l2reg = 0.001                 with score 83.23
22-11-04 16:16:25 - INFO - root: Best param found at split 3: l2reg = 0.01                 with score 82.77
22-11-04 16:16:53 - INFO - root: Best param found at split 4: l2reg = 0.001                 with score 82.64
22-11-04 16:17:20 - INFO - root: Best param found at split 5: l2reg = 0.0001                 with score 82.17
22-11-04 16:17:21 - INFO - root: Generating sentence embeddings
22-11-04 16:17:24 - INFO - root: Generated sentence embeddings
22-11-04 16:17:24 - INFO - root: Training pytorch-MLP-nhid0-rmsprop-bs128 with (inner) 5-fold cross-validation
22-11-04 16:17:33 - INFO - root: Best param found at split 1: l2reg = 0.01                 with score 91.26
22-11-04 16:17:43 - INFO - root: Best param found at split 2: l2reg = 0.001                 with score 91.62
22-11-04 16:17:51 - INFO - root: Best param found at split 3: l2reg = 1e-05                 with score 91.06
22-11-04 16:18:01 - INFO - root: Best param found at split 4: l2reg = 0.0001                 with score 91.23
22-11-04 16:18:11 - INFO - root: Best param found at split 5: l2reg = 1e-05                 with score 91.09
22-11-04 16:18:12 - INFO - root: Generating sentence embeddings
22-11-04 16:18:20 - INFO - root: Generated sentence embeddings
22-11-04 16:18:20 - INFO - root: Training pytorch-MLP-nhid0-rmsprop-bs128 with (inner) 5-fold cross-validation
22-11-04 16:18:43 - INFO - root: Best param found at split 1: l2reg = 0.001                 with score 92.65
22-11-04 16:19:12 - INFO - root: Best param found at split 2: l2reg = 0.01                 with score 93.2
22-11-04 16:19:39 - INFO - root: Best param found at split 3: l2reg = 0.01                 with score 92.82
22-11-04 16:20:06 - INFO - root: Best param found at split 4: l2reg = 0.0001                 with score 93.21
22-11-04 16:20:33 - INFO - root: Best param found at split 5: l2reg = 0.01                 with score 92.81
22-11-04 16:20:35 - INFO - root: Generating sentence embeddings
22-11-04 16:20:39 - INFO - root: Generated sentence embeddings
22-11-04 16:20:39 - INFO - root: Training pytorch-MLP-nhid0-rmsprop-bs128 with (inner) 5-fold cross-validation
22-11-04 16:21:07 - INFO - root: Best param found at split 1: l2reg = 0.01                 with score 90.43
22-11-04 16:21:36 - INFO - root: Best param found at split 2: l2reg = 0.01                 with score 89.88
22-11-04 16:22:06 - INFO - root: Best param found at split 3: l2reg = 0.001                 with score 90.32
22-11-04 16:22:33 - INFO - root: Best param found at split 4: l2reg = 0.01                 with score 90.34
22-11-04 16:23:02 - INFO - root: Best param found at split 5: l2reg = 0.0001                 with score 90.17
22-11-04 16:23:04 - INFO - root: Computing embedding for train
22-11-04 16:23:10 - INFO - root: Computed train embeddings
22-11-04 16:23:10 - INFO - root: Computing embedding for dev
22-11-04 16:23:11 - INFO - root: Computed dev embeddings
22-11-04 16:23:11 - INFO - root: Computing embedding for test
22-11-04 16:23:12 - INFO - root: Computed test embeddings
22-11-04 16:23:12 - INFO - root: Training pytorch-MLP-nhid0-rmsprop-bs128 with standard validation..
22-11-04 16:23:19 - INFO - root: [('reg:1e-05', 44.05), ('reg:0.0001', 46.78), ('reg:0.001', 42.33), ('reg:0.01', 46.87)]
22-11-04 16:23:19 - INFO - root: Validation : best param found is reg = 0.01 with score             46.87
22-11-04 16:23:19 - INFO - root: Evaluating...
22-11-04 16:23:21 - INFO - root: ***** Transfer task : TREC *****


22-11-04 16:23:23 - INFO - root: Computed train embeddings
22-11-04 16:23:23 - INFO - root: Computed test embeddings
22-11-04 16:23:23 - INFO - root: Training pytorch-MLP-nhid0-rmsprop-bs128 with 5-fold cross-validation
22-11-04 16:23:43 - INFO - root: [('reg:1e-05', 79.53), ('reg:0.0001', 80.06), ('reg:0.001', 79.2), ('reg:0.01', 75.64)]
22-11-04 16:23:43 - INFO - root: Cross-validation : best param found is reg = 0.0001             with score 80.06
22-11-04 16:23:43 - INFO - root: Evaluating...
22-11-04 16:23:44 - INFO - root: ***** Transfer task : MRPC *****


22-11-04 16:23:44 - INFO - root: Computing embedding for train
22-11-04 16:23:51 - INFO - root: Computed train embeddings
22-11-04 16:23:51 - INFO - root: Computing embedding for test
22-11-04 16:23:53 - INFO - root: Computed test embeddings
22-11-04 16:23:53 - INFO - root: Training pytorch-MLP-nhid0-rmsprop-bs128 with 5-fold cross-validation
22-11-04 16:24:07 - INFO - root: [('reg:1e-05', 73.75), ('reg:0.0001', 74.56), ('reg:0.001', 74.19), ('reg:0.01', 73.53)]
22-11-04 16:24:07 - INFO - root: Cross-validation : best param found is reg = 0.0001             with score 74.56
22-11-04 16:24:07 - INFO - root: Evaluating...
