22-11-03 20:14:39 - INFO - sentence_transformers.SentenceTransformer: Load pretrained SentenceTransformer: paraphrase-multilingual-mpnet-base-v2
22-11-03 20:14:41 - INFO - sentence_transformers.SentenceTransformer: Use pytorch device: cuda
22-11-03 20:14:41 - INFO - __main__: SBert model paraphrase-multilingual-mpnet-base-v2 is loaded.
22-11-03 20:14:43 - INFO - __main__: Num of SBert features: 768
22-11-03 20:14:44 - INFO - root: Generating sentence embeddings
22-11-03 20:14:52 - INFO - root: Generated sentence embeddings
22-11-03 20:14:52 - INFO - root: Training pytorch-MLP-nhid0-rmsprop-bs128 with (inner) 5-fold cross-validation
22-11-03 20:15:16 - INFO - root: Best param found at split 1: l2reg = 1e-05                 with score 81.26
22-11-03 20:15:44 - INFO - root: Best param found at split 2: l2reg = 0.001                 with score 81.4
22-11-03 20:16:12 - INFO - root: Best param found at split 3: l2reg = 0.0001                 with score 81.5
22-11-03 20:16:43 - INFO - root: Best param found at split 4: l2reg = 0.01                 with score 81.63
22-11-03 20:17:13 - INFO - root: Best param found at split 5: l2reg = 0.01                 with score 81.66
22-11-03 20:17:14 - INFO - root: Generating sentence embeddings
22-11-03 20:17:17 - INFO - root: Generated sentence embeddings
22-11-03 20:17:17 - INFO - root: Training pytorch-MLP-nhid0-rmsprop-bs128 with (inner) 5-fold cross-validation
22-11-03 20:17:25 - INFO - root: Best param found at split 1: l2reg = 0.001                 with score 89.83
22-11-03 20:17:34 - INFO - root: Best param found at split 2: l2reg = 0.01                 with score 90.26
22-11-03 20:17:44 - INFO - root: Best param found at split 3: l2reg = 0.01                 with score 90.07
22-11-03 20:17:54 - INFO - root: Best param found at split 4: l2reg = 0.01                 with score 89.8
22-11-03 20:18:04 - INFO - root: Best param found at split 5: l2reg = 0.01                 with score 89.93
22-11-03 20:18:05 - INFO - root: Generating sentence embeddings
22-11-03 20:18:12 - INFO - root: Generated sentence embeddings
22-11-03 20:18:12 - INFO - root: Training pytorch-MLP-nhid0-rmsprop-bs128 with (inner) 5-fold cross-validation
22-11-03 20:18:38 - INFO - root: Best param found at split 1: l2reg = 0.01                 with score 91.34
22-11-03 20:19:06 - INFO - root: Best param found at split 2: l2reg = 0.01                 with score 91.49
22-11-03 20:19:32 - INFO - root: Best param found at split 3: l2reg = 0.001                 with score 91.46
22-11-03 20:19:57 - INFO - root: Best param found at split 4: l2reg = 0.001                 with score 91.12
22-11-03 20:20:24 - INFO - root: Best param found at split 5: l2reg = 0.01                 with score 91.11
22-11-03 20:20:26 - INFO - root: Generating sentence embeddings
22-11-03 20:20:30 - INFO - root: Generated sentence embeddings
22-11-03 20:20:30 - INFO - root: Training pytorch-MLP-nhid0-rmsprop-bs128 with (inner) 5-fold cross-validation
22-11-03 20:20:58 - INFO - root: Best param found at split 1: l2reg = 0.01                 with score 88.6
22-11-03 20:21:25 - INFO - root: Best param found at split 2: l2reg = 1e-05                 with score 88.2
22-11-03 20:21:57 - INFO - root: Best param found at split 3: l2reg = 0.001                 with score 88.87
22-11-03 20:22:24 - INFO - root: Best param found at split 4: l2reg = 1e-05                 with score 88.26
22-11-03 20:22:55 - INFO - root: Best param found at split 5: l2reg = 0.001                 with score 88.08
22-11-03 20:22:56 - INFO - root: Computing embedding for train
22-11-03 20:23:02 - INFO - root: Computed train embeddings
22-11-03 20:23:02 - INFO - root: Computing embedding for dev
22-11-03 20:23:02 - INFO - root: Computed dev embeddings
22-11-03 20:23:02 - INFO - root: Computing embedding for test
22-11-03 20:23:04 - INFO - root: Computed test embeddings
22-11-03 20:23:04 - INFO - root: Training pytorch-MLP-nhid0-rmsprop-bs128 with standard validation..
22-11-03 20:23:10 - INFO - root: [('reg:1e-05', 46.41), ('reg:0.0001', 45.32), ('reg:0.001', 44.23), ('reg:0.01', 44.78)]
22-11-03 20:23:10 - INFO - root: Validation : best param found is reg = 1e-05 with score             46.41
22-11-03 20:23:10 - INFO - root: Evaluating...
22-11-03 20:23:12 - INFO - root: ***** Transfer task : TREC *****


22-11-03 20:23:14 - INFO - root: Computed train embeddings
22-11-03 20:23:14 - INFO - root: Computed test embeddings
22-11-03 20:23:14 - INFO - root: Training pytorch-MLP-nhid0-rmsprop-bs128 with 5-fold cross-validation
22-11-03 20:23:33 - INFO - root: [('reg:1e-05', 72.93), ('reg:0.0001', 72.91), ('reg:0.001', 73.75), ('reg:0.01', 73.2)]
22-11-03 20:23:33 - INFO - root: Cross-validation : best param found is reg = 0.001             with score 73.75
22-11-03 20:23:33 - INFO - root: Evaluating...
22-11-03 20:23:35 - INFO - root: ***** Transfer task : MRPC *****


22-11-03 20:23:35 - INFO - root: Computing embedding for train
22-11-03 20:23:41 - INFO - root: Computed train embeddings
22-11-03 20:23:41 - INFO - root: Computing embedding for test
22-11-03 20:23:43 - INFO - root: Computed test embeddings
22-11-03 20:23:43 - INFO - root: Training pytorch-MLP-nhid0-rmsprop-bs128 with 5-fold cross-validation
22-11-03 20:23:57 - INFO - root: [('reg:1e-05', 73.45), ('reg:0.0001', 73.45), ('reg:0.001', 73.6), ('reg:0.01', 73.65)]
22-11-03 20:23:57 - INFO - root: Cross-validation : best param found is reg = 0.01             with score 73.65
22-11-03 20:23:57 - INFO - root: Evaluating...
