22-11-04 09:56:23 - INFO - sentence_transformers.SentenceTransformer: Load pretrained SentenceTransformer: paraphrase-multilingual-mpnet-base-v2
22-11-04 09:56:25 - INFO - sentence_transformers.SentenceTransformer: Use pytorch device: cuda
22-11-04 09:56:25 - INFO - __main__: SBert model paraphrase-multilingual-mpnet-base-v2 is loaded.
22-11-04 09:56:27 - INFO - __main__: Num of SBert features: 768
22-11-04 09:56:28 - INFO - root: Generating sentence embeddings
22-11-04 09:56:36 - INFO - root: Generated sentence embeddings
22-11-04 09:56:36 - INFO - root: Training pytorch-MLP-nhid0-rmsprop-bs128 with (inner) 5-fold cross-validation
22-11-04 09:57:04 - INFO - root: Best param found at split 1: l2reg = 0.001                 with score 81.97
22-11-04 09:57:30 - INFO - root: Best param found at split 2: l2reg = 0.001                 with score 82.5
22-11-04 09:58:00 - INFO - root: Best param found at split 3: l2reg = 0.01                 with score 81.82
22-11-04 09:58:29 - INFO - root: Best param found at split 4: l2reg = 0.001                 with score 82.12
22-11-04 09:58:55 - INFO - root: Best param found at split 5: l2reg = 0.001                 with score 82.03
22-11-04 09:58:57 - INFO - root: Generating sentence embeddings
22-11-04 09:59:00 - INFO - root: Generated sentence embeddings
22-11-04 09:59:00 - INFO - root: Training pytorch-MLP-nhid0-rmsprop-bs128 with (inner) 5-fold cross-validation
22-11-04 09:59:09 - INFO - root: Best param found at split 1: l2reg = 0.001                 with score 90.89
22-11-04 09:59:18 - INFO - root: Best param found at split 2: l2reg = 1e-05                 with score 91.36
22-11-04 09:59:28 - INFO - root: Best param found at split 3: l2reg = 1e-05                 with score 91.42
22-11-04 09:59:37 - INFO - root: Best param found at split 4: l2reg = 0.01                 with score 90.76
22-11-04 09:59:47 - INFO - root: Best param found at split 5: l2reg = 0.01                 with score 90.73
22-11-04 09:59:48 - INFO - root: Generating sentence embeddings
22-11-04 09:59:56 - INFO - root: Generated sentence embeddings
22-11-04 09:59:56 - INFO - root: Training pytorch-MLP-nhid0-rmsprop-bs128 with (inner) 5-fold cross-validation
22-11-04 10:00:24 - INFO - root: Best param found at split 1: l2reg = 0.0001                 with score 92.44
22-11-04 10:00:53 - INFO - root: Best param found at split 2: l2reg = 0.01                 with score 93.1
22-11-04 10:01:19 - INFO - root: Best param found at split 3: l2reg = 0.01                 with score 92.88
22-11-04 10:01:45 - INFO - root: Best param found at split 4: l2reg = 0.0001                 with score 92.89
22-11-04 10:02:13 - INFO - root: Best param found at split 5: l2reg = 0.001                 with score 92.84
22-11-04 10:02:15 - INFO - root: Generating sentence embeddings
22-11-04 10:02:19 - INFO - root: Generated sentence embeddings
22-11-04 10:02:19 - INFO - root: Training pytorch-MLP-nhid0-rmsprop-bs128 with (inner) 5-fold cross-validation
22-11-04 10:02:45 - INFO - root: Best param found at split 1: l2reg = 0.001                 with score 89.77
22-11-04 10:03:15 - INFO - root: Best param found at split 2: l2reg = 0.001                 with score 89.91
22-11-04 10:03:45 - INFO - root: Best param found at split 3: l2reg = 0.001                 with score 89.95
22-11-04 10:04:14 - INFO - root: Best param found at split 4: l2reg = 1e-05                 with score 90.05
22-11-04 10:04:45 - INFO - root: Best param found at split 5: l2reg = 1e-05                 with score 89.68
22-11-04 10:04:47 - INFO - root: Computing embedding for train
22-11-04 10:04:52 - INFO - root: Computed train embeddings
22-11-04 10:04:52 - INFO - root: Computing embedding for dev
22-11-04 10:04:53 - INFO - root: Computed dev embeddings
22-11-04 10:04:53 - INFO - root: Computing embedding for test
22-11-04 10:04:55 - INFO - root: Computed test embeddings
22-11-04 10:04:55 - INFO - root: Training pytorch-MLP-nhid0-rmsprop-bs128 with standard validation..
22-11-04 10:05:01 - INFO - root: [('reg:1e-05', 42.6), ('reg:0.0001', 41.96), ('reg:0.001', 42.51), ('reg:0.01', 44.87)]
22-11-04 10:05:01 - INFO - root: Validation : best param found is reg = 0.01 with score             44.87
22-11-04 10:05:01 - INFO - root: Evaluating...
22-11-04 10:05:03 - INFO - root: ***** Transfer task : TREC *****


22-11-04 10:05:05 - INFO - root: Computed train embeddings
22-11-04 10:05:05 - INFO - root: Computed test embeddings
22-11-04 10:05:05 - INFO - root: Training pytorch-MLP-nhid0-rmsprop-bs128 with 5-fold cross-validation
22-11-04 10:05:24 - INFO - root: [('reg:1e-05', 76.76), ('reg:0.0001', 75.29), ('reg:0.001', 74.39), ('reg:0.01', 76.1)]
22-11-04 10:05:24 - INFO - root: Cross-validation : best param found is reg = 1e-05             with score 76.76
22-11-04 10:05:24 - INFO - root: Evaluating...
22-11-04 10:05:25 - INFO - root: ***** Transfer task : MRPC *****


22-11-04 10:05:25 - INFO - root: Computing embedding for train
22-11-04 10:05:31 - INFO - root: Computed train embeddings
22-11-04 10:05:31 - INFO - root: Computing embedding for test
22-11-04 10:05:34 - INFO - root: Computed test embeddings
22-11-04 10:05:34 - INFO - root: Training pytorch-MLP-nhid0-rmsprop-bs128 with 5-fold cross-validation
22-11-04 10:05:46 - INFO - root: [('reg:1e-05', 73.77), ('reg:0.0001', 74.21), ('reg:0.001', 74.24), ('reg:0.01', 71.81)]
22-11-04 10:05:46 - INFO - root: Cross-validation : best param found is reg = 0.001             with score 74.24
22-11-04 10:05:46 - INFO - root: Evaluating...
