22-11-03 11:56:47 - INFO - sentence_transformers.SentenceTransformer: Load pretrained SentenceTransformer: paraphrase-multilingual-mpnet-base-v2
22-11-03 11:56:49 - INFO - sentence_transformers.SentenceTransformer: Use pytorch device: cuda
22-11-03 11:56:49 - INFO - __main__: SBert model paraphrase-multilingual-mpnet-base-v2 is loaded.
22-11-03 11:56:51 - INFO - __main__: Num of SBert features: 768
22-11-03 11:56:52 - INFO - root: Generating sentence embeddings
22-11-03 11:57:00 - INFO - root: Generated sentence embeddings
22-11-03 11:57:00 - INFO - root: Training pytorch-MLP-nhid0-rmsprop-bs128 with (inner) 5-fold cross-validation
22-11-03 11:57:27 - INFO - root: Best param found at split 1: l2reg = 0.01                 with score 81.32
22-11-03 11:57:52 - INFO - root: Best param found at split 2: l2reg = 0.01                 with score 80.97
22-11-03 11:58:18 - INFO - root: Best param found at split 3: l2reg = 0.01                 with score 81.14
22-11-03 11:58:48 - INFO - root: Best param found at split 4: l2reg = 0.01                 with score 81.34
22-11-03 11:59:19 - INFO - root: Best param found at split 5: l2reg = 1e-05                 with score 81.36
22-11-03 11:59:21 - INFO - root: Generating sentence embeddings
22-11-03 11:59:23 - INFO - root: Generated sentence embeddings
22-11-03 11:59:23 - INFO - root: Training pytorch-MLP-nhid0-rmsprop-bs128 with (inner) 5-fold cross-validation
22-11-03 11:59:31 - INFO - root: Best param found at split 1: l2reg = 0.01                 with score 89.97
22-11-03 11:59:40 - INFO - root: Best param found at split 2: l2reg = 1e-05                 with score 89.77
22-11-03 11:59:50 - INFO - root: Best param found at split 3: l2reg = 0.0001                 with score 90.0
22-11-03 12:00:01 - INFO - root: Best param found at split 4: l2reg = 0.01                 with score 89.77
22-11-03 12:00:11 - INFO - root: Best param found at split 5: l2reg = 0.001                 with score 89.44
22-11-03 12:00:11 - INFO - root: Generating sentence embeddings
22-11-03 12:00:19 - INFO - root: Generated sentence embeddings
22-11-03 12:00:19 - INFO - root: Training pytorch-MLP-nhid0-rmsprop-bs128 with (inner) 5-fold cross-validation
22-11-03 12:00:33 - INFO - root: Best param found at split 1: l2reg = 1e-05                 with score 89.88
22-11-03 12:00:50 - INFO - root: Best param found at split 2: l2reg = 0.001                 with score 90.55
22-11-03 12:01:16 - INFO - root: Best param found at split 3: l2reg = 0.01                 with score 90.45
22-11-03 12:01:41 - INFO - root: Best param found at split 4: l2reg = 0.001                 with score 90.32
22-11-03 12:02:06 - INFO - root: Best param found at split 5: l2reg = 1e-05                 with score 90.11
22-11-03 12:02:07 - INFO - root: Generating sentence embeddings
22-11-03 12:02:11 - INFO - root: Generated sentence embeddings
22-11-03 12:02:11 - INFO - root: Training pytorch-MLP-nhid0-rmsprop-bs128 with (inner) 5-fold cross-validation
22-11-03 12:02:34 - INFO - root: Best param found at split 1: l2reg = 1e-05                 with score 87.6
22-11-03 12:03:02 - INFO - root: Best param found at split 2: l2reg = 0.001                 with score 87.27
22-11-03 12:03:34 - INFO - root: Best param found at split 3: l2reg = 0.01                 with score 87.99
22-11-03 12:04:03 - INFO - root: Best param found at split 4: l2reg = 0.001                 with score 88.08
22-11-03 12:04:34 - INFO - root: Best param found at split 5: l2reg = 0.001                 with score 88.14
22-11-03 12:04:35 - INFO - root: Computing embedding for train
22-11-03 12:04:41 - INFO - root: Computed train embeddings
22-11-03 12:04:41 - INFO - root: Computing embedding for dev
22-11-03 12:04:42 - INFO - root: Computed dev embeddings
22-11-03 12:04:42 - INFO - root: Computing embedding for test
22-11-03 12:04:43 - INFO - root: Computed test embeddings
22-11-03 12:04:43 - INFO - root: Training pytorch-MLP-nhid0-rmsprop-bs128 with standard validation..
22-11-03 12:04:49 - INFO - root: [('reg:1e-05', 45.23), ('reg:0.0001', 45.23), ('reg:0.001', 45.14), ('reg:0.01', 44.14)]
22-11-03 12:04:49 - INFO - root: Validation : best param found is reg = 1e-05 with score             45.23
22-11-03 12:04:49 - INFO - root: Evaluating...
22-11-03 12:04:51 - INFO - root: ***** Transfer task : TREC *****


22-11-03 12:04:53 - INFO - root: Computed train embeddings
22-11-03 12:04:53 - INFO - root: Computed test embeddings
22-11-03 12:04:53 - INFO - root: Training pytorch-MLP-nhid0-rmsprop-bs128 with 5-fold cross-validation
22-11-03 12:05:12 - INFO - root: [('reg:1e-05', 68.78), ('reg:0.0001', 68.75), ('reg:0.001', 68.67), ('reg:0.01', 67.32)]
22-11-03 12:05:12 - INFO - root: Cross-validation : best param found is reg = 1e-05             with score 68.78
22-11-03 12:05:12 - INFO - root: Evaluating...
22-11-03 12:05:14 - INFO - root: ***** Transfer task : MRPC *****


22-11-03 12:05:14 - INFO - root: Computing embedding for train
22-11-03 12:05:20 - INFO - root: Computed train embeddings
22-11-03 12:05:20 - INFO - root: Computing embedding for test
22-11-03 12:05:22 - INFO - root: Computed test embeddings
22-11-03 12:05:22 - INFO - root: Training pytorch-MLP-nhid0-rmsprop-bs128 with 5-fold cross-validation
22-11-03 12:05:37 - INFO - root: [('reg:1e-05', 73.14), ('reg:0.0001', 73.18), ('reg:0.001', 73.01), ('reg:0.01', 73.41)]
22-11-03 12:05:37 - INFO - root: Cross-validation : best param found is reg = 0.01             with score 73.41
22-11-03 12:05:37 - INFO - root: Evaluating...
22-11-17 17:52:28 - INFO - sentence_transformers.SentenceTransformer: Load pretrained SentenceTransformer: paraphrase-multilingual-mpnet-base-v2
22-11-17 17:52:30 - INFO - sentence_transformers.SentenceTransformer: Use pytorch device: cuda
22-11-17 17:52:30 - INFO - __main__: SBert model paraphrase-multilingual-mpnet-base-v2 is loaded.
22-11-17 17:52:32 - INFO - __main__: Num of SBert features: 768
