22-11-04 06:02:43 - INFO - sentence_transformers.SentenceTransformer: Load pretrained SentenceTransformer: paraphrase-multilingual-mpnet-base-v2
22-11-04 06:02:45 - INFO - sentence_transformers.SentenceTransformer: Use pytorch device: cuda
22-11-04 06:02:45 - INFO - __main__: SBert model paraphrase-multilingual-mpnet-base-v2 is loaded.
22-11-04 06:02:48 - INFO - __main__: Num of SBert features: 768
22-11-04 06:02:49 - INFO - root: Generating sentence embeddings
22-11-04 06:02:57 - INFO - root: Generated sentence embeddings
22-11-04 06:02:57 - INFO - root: Training pytorch-MLP-nhid0-rmsprop-bs128 with (inner) 5-fold cross-validation
22-11-04 06:03:26 - INFO - root: Best param found at split 1: l2reg = 0.01                 with score 82.28
22-11-04 06:03:55 - INFO - root: Best param found at split 2: l2reg = 0.01                 with score 81.43
22-11-04 06:04:23 - INFO - root: Best param found at split 3: l2reg = 0.001                 with score 81.69
22-11-04 06:04:53 - INFO - root: Best param found at split 4: l2reg = 0.01                 with score 82.3
22-11-04 06:05:22 - INFO - root: Best param found at split 5: l2reg = 0.01                 with score 82.25
22-11-04 06:05:23 - INFO - root: Generating sentence embeddings
22-11-04 06:05:25 - INFO - root: Generated sentence embeddings
22-11-04 06:05:25 - INFO - root: Training pytorch-MLP-nhid0-rmsprop-bs128 with (inner) 5-fold cross-validation
22-11-04 06:05:34 - INFO - root: Best param found at split 1: l2reg = 0.01                 with score 90.79
22-11-04 06:05:44 - INFO - root: Best param found at split 2: l2reg = 0.0001                 with score 90.96
22-11-04 06:05:54 - INFO - root: Best param found at split 3: l2reg = 0.001                 with score 90.93
22-11-04 06:06:03 - INFO - root: Best param found at split 4: l2reg = 0.01                 with score 90.7
22-11-04 06:06:14 - INFO - root: Best param found at split 5: l2reg = 0.01                 with score 90.76
22-11-04 06:06:14 - INFO - root: Generating sentence embeddings
22-11-04 06:06:22 - INFO - root: Generated sentence embeddings
22-11-04 06:06:22 - INFO - root: Training pytorch-MLP-nhid0-rmsprop-bs128 with (inner) 5-fold cross-validation
22-11-04 06:06:48 - INFO - root: Best param found at split 1: l2reg = 0.0001                 with score 92.3
22-11-04 06:07:16 - INFO - root: Best param found at split 2: l2reg = 0.001                 with score 92.32
22-11-04 06:07:45 - INFO - root: Best param found at split 3: l2reg = 0.0001                 with score 92.38
22-11-04 06:08:13 - INFO - root: Best param found at split 4: l2reg = 0.01                 with score 92.65
22-11-04 06:08:40 - INFO - root: Best param found at split 5: l2reg = 0.01                 with score 92.14
22-11-04 06:08:42 - INFO - root: Generating sentence embeddings
22-11-04 06:08:45 - INFO - root: Generated sentence embeddings
22-11-04 06:08:45 - INFO - root: Training pytorch-MLP-nhid0-rmsprop-bs128 with (inner) 5-fold cross-validation
22-11-04 06:09:14 - INFO - root: Best param found at split 1: l2reg = 0.01                 with score 89.64
22-11-04 06:09:44 - INFO - root: Best param found at split 2: l2reg = 0.01                 with score 89.32
22-11-04 06:10:17 - INFO - root: Best param found at split 3: l2reg = 1e-05                 with score 89.77
22-11-04 06:10:45 - INFO - root: Best param found at split 4: l2reg = 0.001                 with score 89.58
22-11-04 06:11:15 - INFO - root: Best param found at split 5: l2reg = 0.001                 with score 89.02
22-11-04 06:11:17 - INFO - root: Computing embedding for train
22-11-04 06:11:23 - INFO - root: Computed train embeddings
22-11-04 06:11:23 - INFO - root: Computing embedding for dev
22-11-04 06:11:23 - INFO - root: Computed dev embeddings
22-11-04 06:11:23 - INFO - root: Computing embedding for test
22-11-04 06:11:25 - INFO - root: Computed test embeddings
22-11-04 06:11:25 - INFO - root: Training pytorch-MLP-nhid0-rmsprop-bs128 with standard validation..
22-11-04 06:11:32 - INFO - root: [('reg:1e-05', 42.42), ('reg:0.0001', 40.05), ('reg:0.001', 43.78), ('reg:0.01', 41.14)]
22-11-04 06:11:32 - INFO - root: Validation : best param found is reg = 0.001 with score             43.78
22-11-04 06:11:32 - INFO - root: Evaluating...
22-11-04 06:11:33 - INFO - root: ***** Transfer task : TREC *****


22-11-04 06:11:36 - INFO - root: Computed train embeddings
22-11-04 06:11:36 - INFO - root: Computed test embeddings
22-11-04 06:11:36 - INFO - root: Training pytorch-MLP-nhid0-rmsprop-bs128 with 5-fold cross-validation
22-11-04 06:11:55 - INFO - root: [('reg:1e-05', 74.12), ('reg:0.0001', 72.41), ('reg:0.001', 76.14), ('reg:0.01', 70.64)]
22-11-04 06:11:55 - INFO - root: Cross-validation : best param found is reg = 0.001             with score 76.14
22-11-04 06:11:55 - INFO - root: Evaluating...
22-11-04 06:11:56 - INFO - root: ***** Transfer task : MRPC *****


22-11-04 06:11:56 - INFO - root: Computing embedding for train
22-11-04 06:12:02 - INFO - root: Computed train embeddings
22-11-04 06:12:02 - INFO - root: Computing embedding for test
22-11-04 06:12:05 - INFO - root: Computed test embeddings
22-11-04 06:12:05 - INFO - root: Training pytorch-MLP-nhid0-rmsprop-bs128 with 5-fold cross-validation
22-11-04 06:12:18 - INFO - root: [('reg:1e-05', 73.53), ('reg:0.0001', 73.72), ('reg:0.001', 74.07), ('reg:0.01', 73.58)]
22-11-04 06:12:18 - INFO - root: Cross-validation : best param found is reg = 0.001             with score 74.07
22-11-04 06:12:18 - INFO - root: Evaluating...
