22-11-03 22:04:54 - INFO - sentence_transformers.SentenceTransformer: Load pretrained SentenceTransformer: paraphrase-multilingual-mpnet-base-v2
22-11-03 22:04:56 - INFO - sentence_transformers.SentenceTransformer: Use pytorch device: cuda
22-11-03 22:04:56 - INFO - __main__: SBert model paraphrase-multilingual-mpnet-base-v2 is loaded.
22-11-03 22:04:58 - INFO - __main__: Num of SBert features: 768
22-11-03 22:04:59 - INFO - root: Generating sentence embeddings
22-11-03 22:05:07 - INFO - root: Generated sentence embeddings
22-11-03 22:05:07 - INFO - root: Training pytorch-MLP-nhid0-rmsprop-bs128 with (inner) 5-fold cross-validation
22-11-03 22:05:35 - INFO - root: Best param found at split 1: l2reg = 0.01                 with score 82.1
22-11-03 22:06:04 - INFO - root: Best param found at split 2: l2reg = 1e-05                 with score 82.06
22-11-03 22:06:40 - INFO - root: Best param found at split 3: l2reg = 0.0001                 with score 82.52
22-11-03 22:07:09 - INFO - root: Best param found at split 4: l2reg = 0.01                 with score 82.11
22-11-03 22:07:38 - INFO - root: Best param found at split 5: l2reg = 1e-05                 with score 81.96
22-11-03 22:07:39 - INFO - root: Generating sentence embeddings
22-11-03 22:07:42 - INFO - root: Generated sentence embeddings
22-11-03 22:07:42 - INFO - root: Training pytorch-MLP-nhid0-rmsprop-bs128 with (inner) 5-fold cross-validation
22-11-03 22:07:50 - INFO - root: Best param found at split 1: l2reg = 0.01                 with score 90.63
22-11-03 22:07:59 - INFO - root: Best param found at split 2: l2reg = 0.01                 with score 90.33
22-11-03 22:08:08 - INFO - root: Best param found at split 3: l2reg = 0.01                 with score 90.63
22-11-03 22:08:18 - INFO - root: Best param found at split 4: l2reg = 0.01                 with score 90.66
22-11-03 22:08:29 - INFO - root: Best param found at split 5: l2reg = 0.001                 with score 90.63
22-11-03 22:08:29 - INFO - root: Generating sentence embeddings
22-11-03 22:08:37 - INFO - root: Generated sentence embeddings
22-11-03 22:08:37 - INFO - root: Training pytorch-MLP-nhid0-rmsprop-bs128 with (inner) 5-fold cross-validation
22-11-03 22:09:01 - INFO - root: Best param found at split 1: l2reg = 0.01                 with score 91.91
22-11-03 22:09:27 - INFO - root: Best param found at split 2: l2reg = 0.01                 with score 92.25
22-11-03 22:09:56 - INFO - root: Best param found at split 3: l2reg = 0.01                 with score 92.3
22-11-03 22:10:21 - INFO - root: Best param found at split 4: l2reg = 1e-05                 with score 92.38
22-11-03 22:10:47 - INFO - root: Best param found at split 5: l2reg = 0.001                 with score 92.21
22-11-03 22:10:49 - INFO - root: Generating sentence embeddings
22-11-03 22:10:53 - INFO - root: Generated sentence embeddings
22-11-03 22:10:53 - INFO - root: Training pytorch-MLP-nhid0-rmsprop-bs128 with (inner) 5-fold cross-validation
22-11-03 22:11:16 - INFO - root: Best param found at split 1: l2reg = 0.001                 with score 88.67
22-11-03 22:11:44 - INFO - root: Best param found at split 2: l2reg = 0.01                 with score 88.92
22-11-03 22:12:14 - INFO - root: Best param found at split 3: l2reg = 0.01                 with score 88.91
22-11-03 22:12:40 - INFO - root: Best param found at split 4: l2reg = 0.01                 with score 89.2
22-11-03 22:13:13 - INFO - root: Best param found at split 5: l2reg = 0.0001                 with score 88.43
22-11-03 22:13:14 - INFO - root: Computing embedding for train
22-11-03 22:13:20 - INFO - root: Computed train embeddings
22-11-03 22:13:20 - INFO - root: Computing embedding for dev
22-11-03 22:13:21 - INFO - root: Computed dev embeddings
22-11-03 22:13:21 - INFO - root: Computing embedding for test
22-11-03 22:13:22 - INFO - root: Computed test embeddings
22-11-03 22:13:22 - INFO - root: Training pytorch-MLP-nhid0-rmsprop-bs128 with standard validation..
22-11-03 22:13:28 - INFO - root: [('reg:1e-05', 43.32), ('reg:0.0001', 44.32), ('reg:0.001', 38.87), ('reg:0.01', 44.14)]
22-11-03 22:13:28 - INFO - root: Validation : best param found is reg = 0.0001 with score             44.32
22-11-03 22:13:28 - INFO - root: Evaluating...
22-11-03 22:13:30 - INFO - root: ***** Transfer task : TREC *****


22-11-03 22:13:32 - INFO - root: Computed train embeddings
22-11-03 22:13:33 - INFO - root: Computed test embeddings
22-11-03 22:13:33 - INFO - root: Training pytorch-MLP-nhid0-rmsprop-bs128 with 5-fold cross-validation
22-11-03 22:13:54 - INFO - root: [('reg:1e-05', 74.39), ('reg:0.0001', 74.6), ('reg:0.001', 73.42), ('reg:0.01', 70.51)]
22-11-03 22:13:54 - INFO - root: Cross-validation : best param found is reg = 0.0001             with score 74.6
22-11-03 22:13:54 - INFO - root: Evaluating...
22-11-03 22:13:55 - INFO - root: ***** Transfer task : MRPC *****


22-11-03 22:13:55 - INFO - root: Computing embedding for train
22-11-03 22:14:01 - INFO - root: Computed train embeddings
22-11-03 22:14:01 - INFO - root: Computing embedding for test
22-11-03 22:14:04 - INFO - root: Computed test embeddings
22-11-03 22:14:04 - INFO - root: Training pytorch-MLP-nhid0-rmsprop-bs128 with 5-fold cross-validation
22-11-03 22:14:17 - INFO - root: [('reg:1e-05', 73.55), ('reg:0.0001', 73.4), ('reg:0.001', 73.28), ('reg:0.01', 73.65)]
22-11-03 22:14:17 - INFO - root: Cross-validation : best param found is reg = 0.01             with score 73.65
22-11-03 22:14:17 - INFO - root: Evaluating...
