22-11-03 23:55:27 - INFO - sentence_transformers.SentenceTransformer: Load pretrained SentenceTransformer: paraphrase-multilingual-mpnet-base-v2
22-11-03 23:55:29 - INFO - sentence_transformers.SentenceTransformer: Use pytorch device: cuda
22-11-03 23:55:29 - INFO - __main__: SBert model paraphrase-multilingual-mpnet-base-v2 is loaded.
22-11-03 23:55:31 - INFO - __main__: Num of SBert features: 768
22-11-03 23:55:32 - INFO - root: Generating sentence embeddings
22-11-03 23:55:40 - INFO - root: Generated sentence embeddings
22-11-03 23:55:40 - INFO - root: Training pytorch-MLP-nhid0-rmsprop-bs128 with (inner) 5-fold cross-validation
22-11-03 23:56:08 - INFO - root: Best param found at split 1: l2reg = 0.01                 with score 82.27
22-11-03 23:56:33 - INFO - root: Best param found at split 2: l2reg = 0.01                 with score 81.65
22-11-03 23:57:00 - INFO - root: Best param found at split 3: l2reg = 0.001                 with score 81.84
22-11-03 23:57:30 - INFO - root: Best param found at split 4: l2reg = 0.01                 with score 82.26
22-11-03 23:57:49 - INFO - root: Best param found at split 5: l2reg = 0.01                 with score 82.33
22-11-03 23:57:51 - INFO - root: Generating sentence embeddings
22-11-03 23:57:53 - INFO - root: Generated sentence embeddings
22-11-03 23:57:53 - INFO - root: Training pytorch-MLP-nhid0-rmsprop-bs128 with (inner) 5-fold cross-validation
22-11-03 23:57:59 - INFO - root: Best param found at split 1: l2reg = 0.01                 with score 90.5
22-11-03 23:58:08 - INFO - root: Best param found at split 2: l2reg = 0.01                 with score 90.56
22-11-03 23:58:18 - INFO - root: Best param found at split 3: l2reg = 0.0001                 with score 90.23
22-11-03 23:58:27 - INFO - root: Best param found at split 4: l2reg = 0.01                 with score 90.17
22-11-03 23:58:37 - INFO - root: Best param found at split 5: l2reg = 0.01                 with score 90.3
22-11-03 23:58:38 - INFO - root: Generating sentence embeddings
22-11-03 23:58:46 - INFO - root: Generated sentence embeddings
22-11-03 23:58:46 - INFO - root: Training pytorch-MLP-nhid0-rmsprop-bs128 with (inner) 5-fold cross-validation
22-11-03 23:59:11 - INFO - root: Best param found at split 1: l2reg = 0.01                 with score 91.74
22-11-03 23:59:41 - INFO - root: Best param found at split 2: l2reg = 0.001                 with score 92.01
22-11-04 00:00:09 - INFO - root: Best param found at split 3: l2reg = 0.001                 with score 91.91
22-11-04 00:00:35 - INFO - root: Best param found at split 4: l2reg = 0.001                 with score 92.26
22-11-04 00:01:04 - INFO - root: Best param found at split 5: l2reg = 0.01                 with score 92.24
22-11-04 00:01:05 - INFO - root: Generating sentence embeddings
22-11-04 00:01:09 - INFO - root: Generated sentence embeddings
22-11-04 00:01:09 - INFO - root: Training pytorch-MLP-nhid0-rmsprop-bs128 with (inner) 5-fold cross-validation
22-11-04 00:01:33 - INFO - root: Best param found at split 1: l2reg = 0.01                 with score 89.1
22-11-04 00:02:02 - INFO - root: Best param found at split 2: l2reg = 0.01                 with score 89.16
22-11-04 00:02:31 - INFO - root: Best param found at split 3: l2reg = 1e-05                 with score 89.52
22-11-04 00:02:58 - INFO - root: Best param found at split 4: l2reg = 1e-05                 with score 89.56
22-11-04 00:03:32 - INFO - root: Best param found at split 5: l2reg = 0.001                 with score 89.43
22-11-04 00:03:33 - INFO - root: Computing embedding for train
22-11-04 00:03:39 - INFO - root: Computed train embeddings
22-11-04 00:03:39 - INFO - root: Computing embedding for dev
22-11-04 00:03:40 - INFO - root: Computed dev embeddings
22-11-04 00:03:40 - INFO - root: Computing embedding for test
22-11-04 00:03:41 - INFO - root: Computed test embeddings
22-11-04 00:03:41 - INFO - root: Training pytorch-MLP-nhid0-rmsprop-bs128 with standard validation..
22-11-04 00:03:46 - INFO - root: [('reg:1e-05', 43.6), ('reg:0.0001', 39.69), ('reg:0.001', 40.69), ('reg:0.01', 44.6)]
22-11-04 00:03:46 - INFO - root: Validation : best param found is reg = 0.01 with score             44.6
22-11-04 00:03:46 - INFO - root: Evaluating...
22-11-04 00:03:47 - INFO - root: ***** Transfer task : TREC *****


22-11-04 00:03:49 - INFO - root: Computed train embeddings
22-11-04 00:03:49 - INFO - root: Computed test embeddings
22-11-04 00:03:49 - INFO - root: Training pytorch-MLP-nhid0-rmsprop-bs128 with 5-fold cross-validation
22-11-04 00:04:05 - INFO - root: [('reg:1e-05', 73.99), ('reg:0.0001', 74.03), ('reg:0.001', 73.44), ('reg:0.01', 72.38)]
22-11-04 00:04:05 - INFO - root: Cross-validation : best param found is reg = 0.0001             with score 74.03
22-11-04 00:04:05 - INFO - root: Evaluating...
22-11-04 00:04:06 - INFO - root: ***** Transfer task : MRPC *****


22-11-04 00:04:07 - INFO - root: Computing embedding for train
22-11-04 00:04:13 - INFO - root: Computed train embeddings
22-11-04 00:04:13 - INFO - root: Computing embedding for test
22-11-04 00:04:15 - INFO - root: Computed test embeddings
22-11-04 00:04:15 - INFO - root: Training pytorch-MLP-nhid0-rmsprop-bs128 with 5-fold cross-validation
22-11-04 00:04:28 - INFO - root: [('reg:1e-05', 73.01), ('reg:0.0001', 72.87), ('reg:0.001', 73.16), ('reg:0.01', 73.97)]
22-11-04 00:04:28 - INFO - root: Cross-validation : best param found is reg = 0.01             with score 73.97
22-11-04 00:04:28 - INFO - root: Evaluating...
