22-11-04 02:50:56 - INFO - sentence_transformers.SentenceTransformer: Load pretrained SentenceTransformer: paraphrase-multilingual-mpnet-base-v2
22-11-04 02:50:59 - INFO - sentence_transformers.SentenceTransformer: Use pytorch device: cuda
22-11-04 02:50:59 - INFO - __main__: SBert model paraphrase-multilingual-mpnet-base-v2 is loaded.
22-11-04 02:51:01 - INFO - __main__: Num of SBert features: 768
22-11-04 02:51:02 - INFO - root: Generating sentence embeddings
22-11-04 02:51:09 - INFO - root: Generated sentence embeddings
22-11-04 02:51:09 - INFO - root: Training pytorch-MLP-nhid0-rmsprop-bs128 with (inner) 5-fold cross-validation
22-11-04 02:51:36 - INFO - root: Best param found at split 1: l2reg = 0.01                 with score 82.39
22-11-04 02:52:03 - INFO - root: Best param found at split 2: l2reg = 0.0001                 with score 82.23
22-11-04 02:52:32 - INFO - root: Best param found at split 3: l2reg = 0.001                 with score 81.69
22-11-04 02:52:59 - INFO - root: Best param found at split 4: l2reg = 0.01                 with score 82.13
22-11-04 02:53:26 - INFO - root: Best param found at split 5: l2reg = 0.001                 with score 82.2
22-11-04 02:53:28 - INFO - root: Generating sentence embeddings
22-11-04 02:53:31 - INFO - root: Generated sentence embeddings
22-11-04 02:53:31 - INFO - root: Training pytorch-MLP-nhid0-rmsprop-bs128 with (inner) 5-fold cross-validation
22-11-04 02:53:39 - INFO - root: Best param found at split 1: l2reg = 0.001                 with score 90.63
22-11-04 02:53:49 - INFO - root: Best param found at split 2: l2reg = 0.01                 with score 90.79
22-11-04 02:53:58 - INFO - root: Best param found at split 3: l2reg = 1e-05                 with score 91.72
22-11-04 02:54:07 - INFO - root: Best param found at split 4: l2reg = 0.0001                 with score 90.93
22-11-04 02:54:17 - INFO - root: Best param found at split 5: l2reg = 0.001                 with score 90.89
22-11-04 02:54:18 - INFO - root: Generating sentence embeddings
22-11-04 02:54:25 - INFO - root: Generated sentence embeddings
22-11-04 02:54:25 - INFO - root: Training pytorch-MLP-nhid0-rmsprop-bs128 with (inner) 5-fold cross-validation
22-11-04 02:54:51 - INFO - root: Best param found at split 1: l2reg = 0.001                 with score 92.31
22-11-04 02:55:17 - INFO - root: Best param found at split 2: l2reg = 0.01                 with score 93.01
22-11-04 02:55:34 - INFO - root: Best param found at split 3: l2reg = 0.01                 with score 92.49
22-11-04 02:55:51 - INFO - root: Best param found at split 4: l2reg = 0.001                 with score 92.79
22-11-04 02:56:12 - INFO - root: Best param found at split 5: l2reg = 0.001                 with score 92.34
22-11-04 02:56:13 - INFO - root: Generating sentence embeddings
22-11-04 02:56:17 - INFO - root: Generated sentence embeddings
22-11-04 02:56:17 - INFO - root: Training pytorch-MLP-nhid0-rmsprop-bs128 with (inner) 5-fold cross-validation
22-11-04 02:56:41 - INFO - root: Best param found at split 1: l2reg = 0.01                 with score 85.77
22-11-04 02:57:08 - INFO - root: Best param found at split 2: l2reg = 1e-05                 with score 89.2
22-11-04 02:57:37 - INFO - root: Best param found at split 3: l2reg = 0.001                 with score 89.75
22-11-04 02:58:05 - INFO - root: Best param found at split 4: l2reg = 0.001                 with score 89.55
22-11-04 02:58:34 - INFO - root: Best param found at split 5: l2reg = 0.001                 with score 89.7
22-11-04 02:58:36 - INFO - root: Computing embedding for train
22-11-04 02:58:42 - INFO - root: Computed train embeddings
22-11-04 02:58:42 - INFO - root: Computing embedding for dev
22-11-04 02:58:43 - INFO - root: Computed dev embeddings
22-11-04 02:58:43 - INFO - root: Computing embedding for test
22-11-04 02:58:44 - INFO - root: Computed test embeddings
22-11-04 02:58:44 - INFO - root: Training pytorch-MLP-nhid0-rmsprop-bs128 with standard validation..
22-11-04 02:58:53 - INFO - root: [('reg:1e-05', 42.96), ('reg:0.0001', 45.05), ('reg:0.001', 40.33), ('reg:0.01', 43.87)]
22-11-04 02:58:53 - INFO - root: Validation : best param found is reg = 0.0001 with score             45.05
22-11-04 02:58:53 - INFO - root: Evaluating...
22-11-04 02:58:54 - INFO - root: ***** Transfer task : TREC *****


22-11-04 02:58:57 - INFO - root: Computed train embeddings
22-11-04 02:58:57 - INFO - root: Computed test embeddings
22-11-04 02:58:57 - INFO - root: Training pytorch-MLP-nhid0-rmsprop-bs128 with 5-fold cross-validation
22-11-04 02:59:15 - INFO - root: [('reg:1e-05', 74.51), ('reg:0.0001', 74.36), ('reg:0.001', 74.69), ('reg:0.01', 72.58)]
22-11-04 02:59:15 - INFO - root: Cross-validation : best param found is reg = 0.001             with score 74.69
22-11-04 02:59:15 - INFO - root: Evaluating...
22-11-04 02:59:16 - INFO - root: ***** Transfer task : MRPC *****


22-11-04 02:59:16 - INFO - root: Computing embedding for train
22-11-04 02:59:22 - INFO - root: Computed train embeddings
22-11-04 02:59:22 - INFO - root: Computing embedding for test
22-11-04 02:59:25 - INFO - root: Computed test embeddings
22-11-04 02:59:25 - INFO - root: Training pytorch-MLP-nhid0-rmsprop-bs128 with 5-fold cross-validation
22-11-04 02:59:38 - INFO - root: [('reg:1e-05', 74.53), ('reg:0.0001', 74.34), ('reg:0.001', 74.46), ('reg:0.01', 75.29)]
22-11-04 02:59:38 - INFO - root: Cross-validation : best param found is reg = 0.01             with score 75.29
22-11-04 02:59:38 - INFO - root: Evaluating...
