22-11-03 13:25:59 - INFO - sentence_transformers.SentenceTransformer: Load pretrained SentenceTransformer: paraphrase-multilingual-mpnet-base-v2
22-11-03 13:26:01 - INFO - sentence_transformers.SentenceTransformer: Use pytorch device: cuda
22-11-03 13:26:01 - INFO - __main__: SBert model paraphrase-multilingual-mpnet-base-v2 is loaded.
22-11-03 13:26:03 - INFO - __main__: Num of SBert features: 768
22-11-03 13:26:04 - INFO - root: Generating sentence embeddings
22-11-03 13:26:12 - INFO - root: Generated sentence embeddings
22-11-03 13:26:12 - INFO - root: Training pytorch-MLP-nhid0-rmsprop-bs128 with (inner) 5-fold cross-validation
22-11-03 13:26:36 - INFO - root: Best param found at split 1: l2reg = 1e-05                 with score 80.5
22-11-03 13:27:05 - INFO - root: Best param found at split 2: l2reg = 0.001                 with score 80.63
22-11-03 13:27:32 - INFO - root: Best param found at split 3: l2reg = 0.01                 with score 79.6
22-11-03 13:28:00 - INFO - root: Best param found at split 4: l2reg = 0.01                 with score 80.67
22-11-03 13:28:30 - INFO - root: Best param found at split 5: l2reg = 0.0001                 with score 79.87
22-11-03 13:28:32 - INFO - root: Generating sentence embeddings
22-11-03 13:28:34 - INFO - root: Generated sentence embeddings
22-11-03 13:28:34 - INFO - root: Training pytorch-MLP-nhid0-rmsprop-bs128 with (inner) 5-fold cross-validation
22-11-03 13:28:43 - INFO - root: Best param found at split 1: l2reg = 0.01                 with score 89.83
22-11-03 13:28:49 - INFO - root: Best param found at split 2: l2reg = 1e-05                 with score 89.6
22-11-03 13:28:55 - INFO - root: Best param found at split 3: l2reg = 0.01                 with score 89.6
22-11-03 13:29:00 - INFO - root: Best param found at split 4: l2reg = 0.01                 with score 89.34
22-11-03 13:29:07 - INFO - root: Best param found at split 5: l2reg = 0.001                 with score 89.01
22-11-03 13:29:08 - INFO - root: Generating sentence embeddings
22-11-03 13:29:16 - INFO - root: Generated sentence embeddings
22-11-03 13:29:16 - INFO - root: Training pytorch-MLP-nhid0-rmsprop-bs128 with (inner) 5-fold cross-validation
22-11-03 13:29:40 - INFO - root: Best param found at split 1: l2reg = 0.01                 with score 90.48
22-11-03 13:30:06 - INFO - root: Best param found at split 2: l2reg = 0.001                 with score 91.14
22-11-03 13:30:34 - INFO - root: Best param found at split 3: l2reg = 0.01                 with score 90.65
22-11-03 13:30:59 - INFO - root: Best param found at split 4: l2reg = 0.001                 with score 90.56
22-11-03 13:31:26 - INFO - root: Best param found at split 5: l2reg = 0.001                 with score 90.38
22-11-03 13:31:27 - INFO - root: Generating sentence embeddings
22-11-03 13:31:31 - INFO - root: Generated sentence embeddings
22-11-03 13:31:31 - INFO - root: Training pytorch-MLP-nhid0-rmsprop-bs128 with (inner) 5-fold cross-validation
22-11-03 13:31:53 - INFO - root: Best param found at split 1: l2reg = 0.001                 with score 87.62
22-11-03 13:32:23 - INFO - root: Best param found at split 2: l2reg = 0.001                 with score 87.41
22-11-03 13:32:53 - INFO - root: Best param found at split 3: l2reg = 0.01                 with score 88.4
22-11-03 13:33:21 - INFO - root: Best param found at split 4: l2reg = 0.01                 with score 87.99
22-11-03 13:33:50 - INFO - root: Best param found at split 5: l2reg = 0.01                 with score 87.35
22-11-03 13:33:52 - INFO - root: Computing embedding for train
22-11-03 13:33:58 - INFO - root: Computed train embeddings
22-11-03 13:33:58 - INFO - root: Computing embedding for dev
22-11-03 13:33:58 - INFO - root: Computed dev embeddings
22-11-03 13:33:58 - INFO - root: Computing embedding for test
22-11-03 13:34:00 - INFO - root: Computed test embeddings
22-11-03 13:34:00 - INFO - root: Training pytorch-MLP-nhid0-rmsprop-bs128 with standard validation..
22-11-03 13:34:07 - INFO - root: [('reg:1e-05', 44.69), ('reg:0.0001', 44.78), ('reg:0.001', 46.5), ('reg:0.01', 45.78)]
22-11-03 13:34:07 - INFO - root: Validation : best param found is reg = 0.001 with score             46.5
22-11-03 13:34:07 - INFO - root: Evaluating...
22-11-03 13:34:09 - INFO - root: ***** Transfer task : TREC *****


22-11-03 13:34:11 - INFO - root: Computed train embeddings
22-11-03 13:34:11 - INFO - root: Computed test embeddings
22-11-03 13:34:11 - INFO - root: Training pytorch-MLP-nhid0-rmsprop-bs128 with 5-fold cross-validation
22-11-03 13:34:27 - INFO - root: [('reg:1e-05', 72.36), ('reg:0.0001', 72.43), ('reg:0.001', 70.8), ('reg:0.01', 71.84)]
22-11-03 13:34:27 - INFO - root: Cross-validation : best param found is reg = 0.0001             with score 72.43
22-11-03 13:34:27 - INFO - root: Evaluating...
22-11-03 13:34:28 - INFO - root: ***** Transfer task : MRPC *****


22-11-03 13:34:28 - INFO - root: Computing embedding for train
22-11-03 13:34:34 - INFO - root: Computed train embeddings
22-11-03 13:34:34 - INFO - root: Computing embedding for test
22-11-03 13:34:37 - INFO - root: Computed test embeddings
22-11-03 13:34:37 - INFO - root: Training pytorch-MLP-nhid0-rmsprop-bs128 with 5-fold cross-validation
22-11-03 13:34:50 - INFO - root: [('reg:1e-05', 73.6), ('reg:0.0001', 73.6), ('reg:0.001', 73.31), ('reg:0.01', 73.77)]
22-11-03 13:34:50 - INFO - root: Cross-validation : best param found is reg = 0.01             with score 73.77
22-11-03 13:34:50 - INFO - root: Evaluating...
22-11-17 18:29:29 - INFO - sentence_transformers.SentenceTransformer: Load pretrained SentenceTransformer: paraphrase-multilingual-mpnet-base-v2
22-11-17 18:29:32 - INFO - sentence_transformers.SentenceTransformer: Use pytorch device: cuda
22-11-17 18:29:32 - INFO - __main__: SBert model paraphrase-multilingual-mpnet-base-v2 is loaded.
22-11-17 18:29:33 - INFO - __main__: Num of SBert features: 768
