22-11-04 04:26:49 - INFO - sentence_transformers.SentenceTransformer: Load pretrained SentenceTransformer: paraphrase-multilingual-mpnet-base-v2
22-11-04 04:26:52 - INFO - sentence_transformers.SentenceTransformer: Use pytorch device: cuda
22-11-04 04:26:52 - INFO - __main__: SBert model paraphrase-multilingual-mpnet-base-v2 is loaded.
22-11-04 04:26:54 - INFO - __main__: Num of SBert features: 768
22-11-04 04:26:55 - INFO - root: Generating sentence embeddings
22-11-04 04:27:03 - INFO - root: Generated sentence embeddings
22-11-04 04:27:03 - INFO - root: Training pytorch-MLP-nhid0-rmsprop-bs128 with (inner) 5-fold cross-validation
22-11-04 04:27:31 - INFO - root: Best param found at split 1: l2reg = 0.01                 with score 82.94
22-11-04 04:28:00 - INFO - root: Best param found at split 2: l2reg = 0.01                 with score 82.88
22-11-04 04:28:30 - INFO - root: Best param found at split 3: l2reg = 0.01                 with score 82.63
22-11-04 04:28:56 - INFO - root: Best param found at split 4: l2reg = 0.0001                 with score 82.2
22-11-04 04:29:23 - INFO - root: Best param found at split 5: l2reg = 1e-05                 with score 82.22
22-11-04 04:29:25 - INFO - root: Generating sentence embeddings
22-11-04 04:29:28 - INFO - root: Generated sentence embeddings
22-11-04 04:29:28 - INFO - root: Training pytorch-MLP-nhid0-rmsprop-bs128 with (inner) 5-fold cross-validation
22-11-04 04:29:36 - INFO - root: Best param found at split 1: l2reg = 1e-05                 with score 90.2
22-11-04 04:29:46 - INFO - root: Best param found at split 2: l2reg = 0.01                 with score 91.16
22-11-04 04:29:55 - INFO - root: Best param found at split 3: l2reg = 1e-05                 with score 91.19
22-11-04 04:30:05 - INFO - root: Best param found at split 4: l2reg = 0.01                 with score 90.83
22-11-04 04:30:15 - INFO - root: Best param found at split 5: l2reg = 0.001                 with score 90.76
22-11-04 04:30:16 - INFO - root: Generating sentence embeddings
22-11-04 04:30:24 - INFO - root: Generated sentence embeddings
22-11-04 04:30:24 - INFO - root: Training pytorch-MLP-nhid0-rmsprop-bs128 with (inner) 5-fold cross-validation
22-11-04 04:30:50 - INFO - root: Best param found at split 1: l2reg = 0.0001                 with score 92.41
22-11-04 04:31:22 - INFO - root: Best param found at split 2: l2reg = 0.01                 with score 92.66
22-11-04 04:31:49 - INFO - root: Best param found at split 3: l2reg = 0.001                 with score 92.45
22-11-04 04:32:16 - INFO - root: Best param found at split 4: l2reg = 1e-05                 with score 92.35
22-11-04 04:32:45 - INFO - root: Best param found at split 5: l2reg = 0.01                 with score 92.45
22-11-04 04:32:46 - INFO - root: Generating sentence embeddings
22-11-04 04:32:50 - INFO - root: Generated sentence embeddings
22-11-04 04:32:50 - INFO - root: Training pytorch-MLP-nhid0-rmsprop-bs128 with (inner) 5-fold cross-validation
22-11-04 04:33:15 - INFO - root: Best param found at split 1: l2reg = 0.001                 with score 89.59
22-11-04 04:33:44 - INFO - root: Best param found at split 2: l2reg = 0.01                 with score 89.49
22-11-04 04:34:10 - INFO - root: Best param found at split 3: l2reg = 0.01                 with score 89.81
22-11-04 04:34:37 - INFO - root: Best param found at split 4: l2reg = 0.01                 with score 89.23
22-11-04 04:35:07 - INFO - root: Best param found at split 5: l2reg = 0.001                 with score 89.66
22-11-04 04:35:08 - INFO - root: Computing embedding for train
22-11-04 04:35:14 - INFO - root: Computed train embeddings
22-11-04 04:35:14 - INFO - root: Computing embedding for dev
22-11-04 04:35:14 - INFO - root: Computed dev embeddings
22-11-04 04:35:14 - INFO - root: Computing embedding for test
22-11-04 04:35:16 - INFO - root: Computed test embeddings
22-11-04 04:35:16 - INFO - root: Training pytorch-MLP-nhid0-rmsprop-bs128 with standard validation..
22-11-04 04:35:23 - INFO - root: [('reg:1e-05', 43.32), ('reg:0.0001', 41.96), ('reg:0.001', 41.6), ('reg:0.01', 45.05)]
22-11-04 04:35:23 - INFO - root: Validation : best param found is reg = 0.01 with score             45.05
22-11-04 04:35:23 - INFO - root: Evaluating...
22-11-04 04:35:25 - INFO - root: ***** Transfer task : TREC *****


22-11-04 04:35:28 - INFO - root: Computed train embeddings
22-11-04 04:35:28 - INFO - root: Computed test embeddings
22-11-04 04:35:28 - INFO - root: Training pytorch-MLP-nhid0-rmsprop-bs128 with 5-fold cross-validation
22-11-04 04:35:44 - INFO - root: [('reg:1e-05', 75.0), ('reg:0.0001', 73.73), ('reg:0.001', 74.07), ('reg:0.01', 73.33)]
22-11-04 04:35:44 - INFO - root: Cross-validation : best param found is reg = 1e-05             with score 75.0
22-11-04 04:35:44 - INFO - root: Evaluating...
22-11-04 04:35:45 - INFO - root: ***** Transfer task : MRPC *****


22-11-04 04:35:45 - INFO - root: Computing embedding for train
22-11-04 04:35:52 - INFO - root: Computed train embeddings
22-11-04 04:35:52 - INFO - root: Computing embedding for test
22-11-04 04:35:54 - INFO - root: Computed test embeddings
22-11-04 04:35:54 - INFO - root: Training pytorch-MLP-nhid0-rmsprop-bs128 with 5-fold cross-validation
22-11-04 04:36:06 - INFO - root: [('reg:1e-05', 74.19), ('reg:0.0001', 74.14), ('reg:0.001', 73.36), ('reg:0.01', 73.28)]
22-11-04 04:36:06 - INFO - root: Cross-validation : best param found is reg = 1e-05             with score 74.19
22-11-04 04:36:06 - INFO - root: Evaluating...
