22-11-04 19:06:24 - INFO - sentence_transformers.SentenceTransformer: Load pretrained SentenceTransformer: paraphrase-multilingual-mpnet-base-v2
22-11-04 19:06:26 - INFO - sentence_transformers.SentenceTransformer: Use pytorch device: cuda
22-11-04 19:06:26 - INFO - __main__: SBert model paraphrase-multilingual-mpnet-base-v2 is loaded.
22-11-04 19:06:29 - INFO - __main__: Num of SBert features: 768
22-11-04 19:06:29 - INFO - root: Generating sentence embeddings
22-11-04 19:06:37 - INFO - root: Generated sentence embeddings
22-11-04 19:06:37 - INFO - root: Training pytorch-MLP-nhid0-rmsprop-bs128 with (inner) 5-fold cross-validation
22-11-04 19:07:05 - INFO - root: Best param found at split 1: l2reg = 0.0001                 with score 83.07
22-11-04 19:07:32 - INFO - root: Best param found at split 2: l2reg = 0.001                 with score 82.99
22-11-04 19:08:01 - INFO - root: Best param found at split 3: l2reg = 0.01                 with score 83.33
22-11-04 19:08:30 - INFO - root: Best param found at split 4: l2reg = 0.0001                 with score 83.05
22-11-04 19:08:59 - INFO - root: Best param found at split 5: l2reg = 0.001                 with score 83.01
22-11-04 19:09:01 - INFO - root: Generating sentence embeddings
22-11-04 19:09:03 - INFO - root: Generated sentence embeddings
22-11-04 19:09:03 - INFO - root: Training pytorch-MLP-nhid0-rmsprop-bs128 with (inner) 5-fold cross-validation
22-11-04 19:09:12 - INFO - root: Best param found at split 1: l2reg = 1e-05                 with score 90.99
22-11-04 19:09:22 - INFO - root: Best param found at split 2: l2reg = 0.01                 with score 91.23
22-11-04 19:09:31 - INFO - root: Best param found at split 3: l2reg = 0.01                 with score 91.75
22-11-04 19:09:41 - INFO - root: Best param found at split 4: l2reg = 0.01                 with score 91.16
22-11-04 19:09:53 - INFO - root: Best param found at split 5: l2reg = 0.001                 with score 91.36
22-11-04 19:09:53 - INFO - root: Generating sentence embeddings
22-11-04 19:10:01 - INFO - root: Generated sentence embeddings
22-11-04 19:10:01 - INFO - root: Training pytorch-MLP-nhid0-rmsprop-bs128 with (inner) 5-fold cross-validation
22-11-04 19:10:28 - INFO - root: Best param found at split 1: l2reg = 1e-05                 with score 93.02
22-11-04 19:11:00 - INFO - root: Best param found at split 2: l2reg = 0.001                 with score 93.53
22-11-04 19:11:28 - INFO - root: Best param found at split 3: l2reg = 0.001                 with score 93.11
22-11-04 19:11:55 - INFO - root: Best param found at split 4: l2reg = 0.001                 with score 93.49
22-11-04 19:12:21 - INFO - root: Best param found at split 5: l2reg = 1e-05                 with score 93.19
22-11-04 19:12:23 - INFO - root: Generating sentence embeddings
22-11-04 19:12:26 - INFO - root: Generated sentence embeddings
22-11-04 19:12:26 - INFO - root: Training pytorch-MLP-nhid0-rmsprop-bs128 with (inner) 5-fold cross-validation
22-11-04 19:12:50 - INFO - root: Best param found at split 1: l2reg = 1e-05                 with score 90.7
22-11-04 19:13:18 - INFO - root: Best param found at split 2: l2reg = 0.01                 with score 90.24
22-11-04 19:13:46 - INFO - root: Best param found at split 3: l2reg = 0.01                 with score 90.51
22-11-04 19:14:14 - INFO - root: Best param found at split 4: l2reg = 0.001                 with score 90.49
22-11-04 19:14:43 - INFO - root: Best param found at split 5: l2reg = 0.001                 with score 90.23
22-11-04 19:14:44 - INFO - root: Computing embedding for train
22-11-04 19:14:50 - INFO - root: Computed train embeddings
22-11-04 19:14:50 - INFO - root: Computing embedding for dev
22-11-04 19:14:51 - INFO - root: Computed dev embeddings
22-11-04 19:14:51 - INFO - root: Computing embedding for test
22-11-04 19:14:52 - INFO - root: Computed test embeddings
22-11-04 19:14:52 - INFO - root: Training pytorch-MLP-nhid0-rmsprop-bs128 with standard validation..
22-11-04 19:15:00 - INFO - root: [('reg:1e-05', 41.96), ('reg:0.0001', 43.78), ('reg:0.001', 39.51), ('reg:0.01', 43.69)]
22-11-04 19:15:00 - INFO - root: Validation : best param found is reg = 0.0001 with score             43.78
22-11-04 19:15:00 - INFO - root: Evaluating...
22-11-04 19:15:02 - INFO - root: ***** Transfer task : TREC *****


22-11-04 19:15:04 - INFO - root: Computed train embeddings
22-11-04 19:15:04 - INFO - root: Computed test embeddings
22-11-04 19:15:04 - INFO - root: Training pytorch-MLP-nhid0-rmsprop-bs128 with 5-fold cross-validation
22-11-04 19:15:22 - INFO - root: [('reg:1e-05', 76.43), ('reg:0.0001', 78.47), ('reg:0.001', 73.79), ('reg:0.01', 73.77)]
22-11-04 19:15:22 - INFO - root: Cross-validation : best param found is reg = 0.0001             with score 78.47
22-11-04 19:15:22 - INFO - root: Evaluating...
22-11-04 19:15:23 - INFO - root: ***** Transfer task : MRPC *****


22-11-04 19:15:23 - INFO - root: Computing embedding for train
22-11-04 19:15:30 - INFO - root: Computed train embeddings
22-11-04 19:15:30 - INFO - root: Computing embedding for test
22-11-04 19:15:32 - INFO - root: Computed test embeddings
22-11-04 19:15:32 - INFO - root: Training pytorch-MLP-nhid0-rmsprop-bs128 with 5-fold cross-validation
22-11-04 19:15:44 - INFO - root: [('reg:1e-05', 74.53), ('reg:0.0001', 74.12), ('reg:0.001', 73.8), ('reg:0.01', 75.49)]
22-11-04 19:15:44 - INFO - root: Cross-validation : best param found is reg = 0.01             with score 75.49
22-11-04 19:15:44 - INFO - root: Evaluating...
22-11-18 06:24:02 - INFO - sentence_transformers.SentenceTransformer: Load pretrained SentenceTransformer: paraphrase-multilingual-mpnet-base-v2
22-11-18 06:24:04 - INFO - sentence_transformers.SentenceTransformer: Use pytorch device: cuda
22-11-18 06:24:04 - INFO - __main__: SBert model paraphrase-multilingual-mpnet-base-v2 is loaded.
22-11-18 06:24:06 - INFO - __main__: Num of SBert features: 768
