22-11-03 22:59:41 - INFO - sentence_transformers.SentenceTransformer: Load pretrained SentenceTransformer: paraphrase-multilingual-mpnet-base-v2
22-11-03 22:59:44 - INFO - sentence_transformers.SentenceTransformer: Use pytorch device: cuda
22-11-03 22:59:44 - INFO - __main__: SBert model paraphrase-multilingual-mpnet-base-v2 is loaded.
22-11-03 22:59:46 - INFO - __main__: Num of SBert features: 768
22-11-03 22:59:47 - INFO - root: Generating sentence embeddings
22-11-03 22:59:55 - INFO - root: Generated sentence embeddings
22-11-03 22:59:55 - INFO - root: Training pytorch-MLP-nhid0-rmsprop-bs128 with (inner) 5-fold cross-validation
22-11-03 23:00:24 - INFO - root: Best param found at split 1: l2reg = 0.001                 with score 80.78
22-11-03 23:00:52 - INFO - root: Best param found at split 2: l2reg = 1e-05                 with score 81.11
22-11-03 23:01:21 - INFO - root: Best param found at split 3: l2reg = 0.01                 with score 81.41
22-11-03 23:01:50 - INFO - root: Best param found at split 4: l2reg = 0.001                 with score 81.9
22-11-03 23:02:21 - INFO - root: Best param found at split 5: l2reg = 0.01                 with score 81.23
22-11-03 23:02:23 - INFO - root: Generating sentence embeddings
22-11-03 23:02:25 - INFO - root: Generated sentence embeddings
22-11-03 23:02:25 - INFO - root: Training pytorch-MLP-nhid0-rmsprop-bs128 with (inner) 5-fold cross-validation
22-11-03 23:02:34 - INFO - root: Best param found at split 1: l2reg = 0.0001                 with score 90.46
22-11-03 23:02:44 - INFO - root: Best param found at split 2: l2reg = 0.0001                 with score 90.5
22-11-03 23:02:53 - INFO - root: Best param found at split 3: l2reg = 1e-05                 with score 90.4
22-11-03 23:03:04 - INFO - root: Best param found at split 4: l2reg = 0.01                 with score 90.17
22-11-03 23:03:13 - INFO - root: Best param found at split 5: l2reg = 0.01                 with score 89.9
22-11-03 23:03:13 - INFO - root: Generating sentence embeddings
22-11-03 23:03:21 - INFO - root: Generated sentence embeddings
22-11-03 23:03:21 - INFO - root: Training pytorch-MLP-nhid0-rmsprop-bs128 with (inner) 5-fold cross-validation
22-11-03 23:03:47 - INFO - root: Best param found at split 1: l2reg = 0.001                 with score 91.45
22-11-03 23:04:15 - INFO - root: Best param found at split 2: l2reg = 0.01                 with score 91.72
22-11-03 23:04:42 - INFO - root: Best param found at split 3: l2reg = 0.01                 with score 91.91
22-11-03 23:05:10 - INFO - root: Best param found at split 4: l2reg = 0.001                 with score 91.96
22-11-03 23:05:39 - INFO - root: Best param found at split 5: l2reg = 0.01                 with score 91.96
22-11-03 23:05:40 - INFO - root: Generating sentence embeddings
22-11-03 23:05:44 - INFO - root: Generated sentence embeddings
22-11-03 23:05:44 - INFO - root: Training pytorch-MLP-nhid0-rmsprop-bs128 with (inner) 5-fold cross-validation
22-11-03 23:06:09 - INFO - root: Best param found at split 1: l2reg = 0.0001                 with score 89.42
22-11-03 23:06:38 - INFO - root: Best param found at split 2: l2reg = 0.01                 with score 89.15
22-11-03 23:07:07 - INFO - root: Best param found at split 3: l2reg = 0.01                 with score 89.76
22-11-03 23:07:34 - INFO - root: Best param found at split 4: l2reg = 0.01                 with score 89.77
22-11-03 23:08:05 - INFO - root: Best param found at split 5: l2reg = 1e-05                 with score 89.03
22-11-03 23:08:07 - INFO - root: Computing embedding for train
22-11-03 23:08:12 - INFO - root: Computed train embeddings
22-11-03 23:08:12 - INFO - root: Computing embedding for dev
22-11-03 23:08:13 - INFO - root: Computed dev embeddings
22-11-03 23:08:13 - INFO - root: Computing embedding for test
22-11-03 23:08:15 - INFO - root: Computed test embeddings
22-11-03 23:08:15 - INFO - root: Training pytorch-MLP-nhid0-rmsprop-bs128 with standard validation..
22-11-03 23:08:21 - INFO - root: [('reg:1e-05', 44.05), ('reg:0.0001', 41.78), ('reg:0.001', 40.51), ('reg:0.01', 45.23)]
22-11-03 23:08:21 - INFO - root: Validation : best param found is reg = 0.01 with score             45.23
22-11-03 23:08:21 - INFO - root: Evaluating...
22-11-03 23:08:23 - INFO - root: ***** Transfer task : TREC *****


22-11-03 23:08:25 - INFO - root: Computed train embeddings
22-11-03 23:08:26 - INFO - root: Computed test embeddings
22-11-03 23:08:26 - INFO - root: Training pytorch-MLP-nhid0-rmsprop-bs128 with 5-fold cross-validation
22-11-03 23:08:45 - INFO - root: [('reg:1e-05', 74.58), ('reg:0.0001', 74.41), ('reg:0.001', 74.18), ('reg:0.01', 69.21)]
22-11-03 23:08:45 - INFO - root: Cross-validation : best param found is reg = 1e-05             with score 74.58
22-11-03 23:08:45 - INFO - root: Evaluating...
22-11-03 23:08:46 - INFO - root: ***** Transfer task : MRPC *****


22-11-03 23:08:46 - INFO - root: Computing embedding for train
22-11-03 23:08:52 - INFO - root: Computed train embeddings
22-11-03 23:08:52 - INFO - root: Computing embedding for test
22-11-03 23:08:55 - INFO - root: Computed test embeddings
22-11-03 23:08:55 - INFO - root: Training pytorch-MLP-nhid0-rmsprop-bs128 with 5-fold cross-validation
22-11-03 23:09:06 - INFO - root: [('reg:1e-05', 74.12), ('reg:0.0001', 74.07), ('reg:0.001', 74.02), ('reg:0.01', 74.93)]
22-11-03 23:09:06 - INFO - root: Cross-validation : best param found is reg = 0.01             with score 74.93
22-11-03 23:09:06 - INFO - root: Evaluating...
22-11-17 22:15:03 - INFO - sentence_transformers.SentenceTransformer: Load pretrained SentenceTransformer: paraphrase-multilingual-mpnet-base-v2
22-11-17 22:15:06 - INFO - sentence_transformers.SentenceTransformer: Use pytorch device: cuda
22-11-17 22:15:06 - INFO - __main__: SBert model paraphrase-multilingual-mpnet-base-v2 is loaded.
22-11-17 22:15:08 - INFO - __main__: Num of SBert features: 768
