22-11-04 13:55:42 - INFO - sentence_transformers.SentenceTransformer: Load pretrained SentenceTransformer: paraphrase-multilingual-mpnet-base-v2
22-11-04 13:55:44 - INFO - sentence_transformers.SentenceTransformer: Use pytorch device: cuda
22-11-04 13:55:44 - INFO - __main__: SBert model paraphrase-multilingual-mpnet-base-v2 is loaded.
22-11-04 13:55:47 - INFO - __main__: Num of SBert features: 768
22-11-04 13:55:47 - INFO - root: Generating sentence embeddings
22-11-04 13:55:55 - INFO - root: Generated sentence embeddings
22-11-04 13:55:55 - INFO - root: Training pytorch-MLP-nhid0-rmsprop-bs128 with (inner) 5-fold cross-validation
22-11-04 13:56:17 - INFO - root: Best param found at split 1: l2reg = 0.01                 with score 82.55
22-11-04 13:56:45 - INFO - root: Best param found at split 2: l2reg = 0.01                 with score 82.16
22-11-04 13:57:13 - INFO - root: Best param found at split 3: l2reg = 1e-05                 with score 83.18
22-11-04 13:57:40 - INFO - root: Best param found at split 4: l2reg = 0.01                 with score 83.33
22-11-04 13:58:06 - INFO - root: Best param found at split 5: l2reg = 0.001                 with score 82.99
22-11-04 13:58:07 - INFO - root: Generating sentence embeddings
22-11-04 13:58:10 - INFO - root: Generated sentence embeddings
22-11-04 13:58:10 - INFO - root: Training pytorch-MLP-nhid0-rmsprop-bs128 with (inner) 5-fold cross-validation
22-11-04 13:58:18 - INFO - root: Best param found at split 1: l2reg = 1e-05                 with score 91.32
22-11-04 13:58:28 - INFO - root: Best param found at split 2: l2reg = 1e-05                 with score 91.42
22-11-04 13:58:36 - INFO - root: Best param found at split 3: l2reg = 1e-05                 with score 91.52
22-11-04 13:58:46 - INFO - root: Best param found at split 4: l2reg = 1e-05                 with score 91.32
22-11-04 13:58:56 - INFO - root: Best param found at split 5: l2reg = 0.0001                 with score 91.09
22-11-04 13:58:57 - INFO - root: Generating sentence embeddings
22-11-04 13:59:05 - INFO - root: Generated sentence embeddings
22-11-04 13:59:05 - INFO - root: Training pytorch-MLP-nhid0-rmsprop-bs128 with (inner) 5-fold cross-validation
22-11-04 13:59:31 - INFO - root: Best param found at split 1: l2reg = 0.01                 with score 92.92
22-11-04 13:59:58 - INFO - root: Best param found at split 2: l2reg = 0.01                 with score 93.09
22-11-04 14:00:25 - INFO - root: Best param found at split 3: l2reg = 0.001                 with score 92.99
22-11-04 14:00:54 - INFO - root: Best param found at split 4: l2reg = 0.01                 with score 93.16
22-11-04 14:01:23 - INFO - root: Best param found at split 5: l2reg = 0.01                 with score 92.99
22-11-04 14:01:24 - INFO - root: Generating sentence embeddings
22-11-04 14:01:28 - INFO - root: Generated sentence embeddings
22-11-04 14:01:28 - INFO - root: Training pytorch-MLP-nhid0-rmsprop-bs128 with (inner) 5-fold cross-validation
22-11-04 14:01:55 - INFO - root: Best param found at split 1: l2reg = 0.0001                 with score 90.15
22-11-04 14:02:24 - INFO - root: Best param found at split 2: l2reg = 0.001                 with score 89.89
22-11-04 14:02:51 - INFO - root: Best param found at split 3: l2reg = 0.0001                 with score 90.31
22-11-04 14:03:17 - INFO - root: Best param found at split 4: l2reg = 0.01                 with score 90.35
22-11-04 14:03:47 - INFO - root: Best param found at split 5: l2reg = 0.001                 with score 90.14
22-11-04 14:03:48 - INFO - root: Computing embedding for train
22-11-04 14:03:54 - INFO - root: Computed train embeddings
22-11-04 14:03:54 - INFO - root: Computing embedding for dev
22-11-04 14:03:55 - INFO - root: Computed dev embeddings
22-11-04 14:03:55 - INFO - root: Computing embedding for test
22-11-04 14:03:57 - INFO - root: Computed test embeddings
22-11-04 14:03:57 - INFO - root: Training pytorch-MLP-nhid0-rmsprop-bs128 with standard validation..
22-11-04 14:04:03 - INFO - root: [('reg:1e-05', 41.51), ('reg:0.0001', 42.42), ('reg:0.001', 41.96), ('reg:0.01', 41.05)]
22-11-04 14:04:03 - INFO - root: Validation : best param found is reg = 0.0001 with score             42.42
22-11-04 14:04:03 - INFO - root: Evaluating...
22-11-04 14:04:05 - INFO - root: ***** Transfer task : TREC *****


22-11-04 14:04:07 - INFO - root: Computed train embeddings
22-11-04 14:04:08 - INFO - root: Computed test embeddings
22-11-04 14:04:08 - INFO - root: Training pytorch-MLP-nhid0-rmsprop-bs128 with 5-fold cross-validation
22-11-04 14:04:26 - INFO - root: [('reg:1e-05', 76.63), ('reg:0.0001', 74.36), ('reg:0.001', 76.84), ('reg:0.01', 78.23)]
22-11-04 14:04:26 - INFO - root: Cross-validation : best param found is reg = 0.01             with score 78.23
22-11-04 14:04:26 - INFO - root: Evaluating...
22-11-04 14:04:27 - INFO - root: ***** Transfer task : MRPC *****


22-11-04 14:04:27 - INFO - root: Computing embedding for train
22-11-04 14:04:33 - INFO - root: Computed train embeddings
22-11-04 14:04:33 - INFO - root: Computing embedding for test
22-11-04 14:04:36 - INFO - root: Computed test embeddings
22-11-04 14:04:36 - INFO - root: Training pytorch-MLP-nhid0-rmsprop-bs128 with 5-fold cross-validation
22-11-04 14:04:48 - INFO - root: [('reg:1e-05', 74.88), ('reg:0.0001', 74.17), ('reg:0.001', 74.56), ('reg:0.01', 74.46)]
22-11-04 14:04:48 - INFO - root: Cross-validation : best param found is reg = 1e-05             with score 74.88
22-11-04 14:04:48 - INFO - root: Evaluating...
22-11-18 04:17:13 - INFO - sentence_transformers.SentenceTransformer: Load pretrained SentenceTransformer: paraphrase-multilingual-mpnet-base-v2
22-11-18 04:17:16 - INFO - sentence_transformers.SentenceTransformer: Use pytorch device: cuda
22-11-18 04:17:16 - INFO - __main__: SBert model paraphrase-multilingual-mpnet-base-v2 is loaded.
22-11-18 04:17:17 - INFO - __main__: Num of SBert features: 768
