22-11-04 18:35:41 - INFO - sentence_transformers.SentenceTransformer: Load pretrained SentenceTransformer: paraphrase-multilingual-mpnet-base-v2
22-11-04 18:35:44 - INFO - sentence_transformers.SentenceTransformer: Use pytorch device: cuda
22-11-04 18:35:44 - INFO - __main__: SBert model paraphrase-multilingual-mpnet-base-v2 is loaded.
22-11-04 18:35:46 - INFO - __main__: Num of SBert features: 768
22-11-04 18:35:47 - INFO - root: Generating sentence embeddings
22-11-04 18:35:55 - INFO - root: Generated sentence embeddings
22-11-04 18:35:55 - INFO - root: Training pytorch-MLP-nhid0-rmsprop-bs128 with (inner) 5-fold cross-validation
22-11-04 18:36:20 - INFO - root: Best param found at split 1: l2reg = 0.001                 with score 83.03
22-11-04 18:36:46 - INFO - root: Best param found at split 2: l2reg = 0.01                 with score 83.15
22-11-04 18:37:16 - INFO - root: Best param found at split 3: l2reg = 0.001                 with score 83.08
22-11-04 18:37:43 - INFO - root: Best param found at split 4: l2reg = 0.01                 with score 83.17
22-11-04 18:38:12 - INFO - root: Best param found at split 5: l2reg = 0.01                 with score 83.09
22-11-04 18:38:13 - INFO - root: Generating sentence embeddings
22-11-04 18:38:16 - INFO - root: Generated sentence embeddings
22-11-04 18:38:16 - INFO - root: Training pytorch-MLP-nhid0-rmsprop-bs128 with (inner) 5-fold cross-validation
22-11-04 18:38:20 - INFO - root: Best param found at split 1: l2reg = 0.01                 with score 91.03
22-11-04 18:38:24 - INFO - root: Best param found at split 2: l2reg = 0.0001                 with score 91.72
22-11-04 18:38:28 - INFO - root: Best param found at split 3: l2reg = 1e-05                 with score 91.23
22-11-04 18:38:35 - INFO - root: Best param found at split 4: l2reg = 0.01                 with score 91.03
22-11-04 18:38:45 - INFO - root: Best param found at split 5: l2reg = 1e-05                 with score 91.16
22-11-04 18:38:46 - INFO - root: Generating sentence embeddings
22-11-04 18:38:53 - INFO - root: Generated sentence embeddings
22-11-04 18:38:53 - INFO - root: Training pytorch-MLP-nhid0-rmsprop-bs128 with (inner) 5-fold cross-validation
22-11-04 18:39:18 - INFO - root: Best param found at split 1: l2reg = 1e-05                 with score 93.09
22-11-04 18:39:47 - INFO - root: Best param found at split 2: l2reg = 0.01                 with score 93.39
22-11-04 18:40:15 - INFO - root: Best param found at split 3: l2reg = 0.0001                 with score 93.24
22-11-04 18:40:43 - INFO - root: Best param found at split 4: l2reg = 0.0001                 with score 93.41
22-11-04 18:41:11 - INFO - root: Best param found at split 5: l2reg = 1e-05                 with score 93.34
22-11-04 18:41:13 - INFO - root: Generating sentence embeddings
22-11-04 18:41:17 - INFO - root: Generated sentence embeddings
22-11-04 18:41:17 - INFO - root: Training pytorch-MLP-nhid0-rmsprop-bs128 with (inner) 5-fold cross-validation
22-11-04 18:41:42 - INFO - root: Best param found at split 1: l2reg = 0.01                 with score 90.41
22-11-04 18:42:12 - INFO - root: Best param found at split 2: l2reg = 0.01                 with score 89.88
22-11-04 18:42:42 - INFO - root: Best param found at split 3: l2reg = 0.01                 with score 89.98
22-11-04 18:43:11 - INFO - root: Best param found at split 4: l2reg = 0.0001                 with score 90.93
22-11-04 18:43:41 - INFO - root: Best param found at split 5: l2reg = 1e-05                 with score 90.39
22-11-04 18:43:42 - INFO - root: Computing embedding for train
22-11-04 18:43:48 - INFO - root: Computed train embeddings
22-11-04 18:43:48 - INFO - root: Computing embedding for dev
22-11-04 18:43:49 - INFO - root: Computed dev embeddings
22-11-04 18:43:49 - INFO - root: Computing embedding for test
22-11-04 18:43:51 - INFO - root: Computed test embeddings
22-11-04 18:43:51 - INFO - root: Training pytorch-MLP-nhid0-rmsprop-bs128 with standard validation..
22-11-04 18:43:57 - INFO - root: [('reg:1e-05', 36.97), ('reg:0.0001', 44.23), ('reg:0.001', 42.05), ('reg:0.01', 45.69)]
22-11-04 18:43:57 - INFO - root: Validation : best param found is reg = 0.01 with score             45.69
22-11-04 18:43:57 - INFO - root: Evaluating...
22-11-04 18:43:59 - INFO - root: ***** Transfer task : TREC *****


22-11-04 18:44:01 - INFO - root: Computed train embeddings
22-11-04 18:44:01 - INFO - root: Computed test embeddings
22-11-04 18:44:01 - INFO - root: Training pytorch-MLP-nhid0-rmsprop-bs128 with 5-fold cross-validation
22-11-04 18:44:19 - INFO - root: [('reg:1e-05', 80.21), ('reg:0.0001', 76.17), ('reg:0.001', 74.43), ('reg:0.01', 76.16)]
22-11-04 18:44:19 - INFO - root: Cross-validation : best param found is reg = 1e-05             with score 80.21
22-11-04 18:44:19 - INFO - root: Evaluating...
22-11-04 18:44:20 - INFO - root: ***** Transfer task : MRPC *****


22-11-04 18:44:20 - INFO - root: Computing embedding for train
22-11-04 18:44:26 - INFO - root: Computed train embeddings
22-11-04 18:44:26 - INFO - root: Computing embedding for test
22-11-04 18:44:29 - INFO - root: Computed test embeddings
22-11-04 18:44:29 - INFO - root: Training pytorch-MLP-nhid0-rmsprop-bs128 with 5-fold cross-validation
22-11-04 18:44:42 - INFO - root: [('reg:1e-05', 74.44), ('reg:0.0001', 74.26), ('reg:0.001', 75.12), ('reg:0.01', 75.15)]
22-11-04 18:44:42 - INFO - root: Cross-validation : best param found is reg = 0.01             with score 75.15
22-11-04 18:44:42 - INFO - root: Evaluating...
22-11-18 06:11:33 - INFO - sentence_transformers.SentenceTransformer: Load pretrained SentenceTransformer: paraphrase-multilingual-mpnet-base-v2
22-11-18 06:11:35 - INFO - sentence_transformers.SentenceTransformer: Use pytorch device: cuda
22-11-18 06:11:35 - INFO - __main__: SBert model paraphrase-multilingual-mpnet-base-v2 is loaded.
22-11-18 06:11:37 - INFO - __main__: Num of SBert features: 768
