22-11-03 21:09:37 - INFO - sentence_transformers.SentenceTransformer: Load pretrained SentenceTransformer: paraphrase-multilingual-mpnet-base-v2
22-11-03 21:09:39 - INFO - sentence_transformers.SentenceTransformer: Use pytorch device: cuda
22-11-03 21:09:39 - INFO - __main__: SBert model paraphrase-multilingual-mpnet-base-v2 is loaded.
22-11-03 21:09:41 - INFO - __main__: Num of SBert features: 768
22-11-03 21:09:42 - INFO - root: Generating sentence embeddings
22-11-03 21:09:50 - INFO - root: Generated sentence embeddings
22-11-03 21:09:50 - INFO - root: Training pytorch-MLP-nhid0-rmsprop-bs128 with (inner) 5-fold cross-validation
22-11-03 21:10:20 - INFO - root: Best param found at split 1: l2reg = 0.001                 with score 81.92
22-11-03 21:10:49 - INFO - root: Best param found at split 2: l2reg = 0.0001                 with score 82.26
22-11-03 21:11:17 - INFO - root: Best param found at split 3: l2reg = 0.01                 with score 81.61
22-11-03 21:11:47 - INFO - root: Best param found at split 4: l2reg = 0.01                 with score 82.04
22-11-03 21:12:17 - INFO - root: Best param found at split 5: l2reg = 0.01                 with score 82.22
22-11-03 21:12:18 - INFO - root: Generating sentence embeddings
22-11-03 21:12:20 - INFO - root: Generated sentence embeddings
22-11-03 21:12:20 - INFO - root: Training pytorch-MLP-nhid0-rmsprop-bs128 with (inner) 5-fold cross-validation
22-11-03 21:12:29 - INFO - root: Best param found at split 1: l2reg = 0.001                 with score 90.46
22-11-03 21:12:39 - INFO - root: Best param found at split 2: l2reg = 0.01                 with score 90.76
22-11-03 21:12:48 - INFO - root: Best param found at split 3: l2reg = 0.01                 with score 90.73
22-11-03 21:12:58 - INFO - root: Best param found at split 4: l2reg = 0.01                 with score 90.4
22-11-03 21:13:08 - INFO - root: Best param found at split 5: l2reg = 0.001                 with score 90.76
22-11-03 21:13:09 - INFO - root: Generating sentence embeddings
22-11-03 21:13:17 - INFO - root: Generated sentence embeddings
22-11-03 21:13:17 - INFO - root: Training pytorch-MLP-nhid0-rmsprop-bs128 with (inner) 5-fold cross-validation
22-11-03 21:13:44 - INFO - root: Best param found at split 1: l2reg = 1e-05                 with score 91.8
22-11-03 21:14:12 - INFO - root: Best param found at split 2: l2reg = 0.01                 with score 92.39
22-11-03 21:14:40 - INFO - root: Best param found at split 3: l2reg = 0.01                 with score 92.11
22-11-03 21:15:08 - INFO - root: Best param found at split 4: l2reg = 1e-05                 with score 92.16
22-11-03 21:15:36 - INFO - root: Best param found at split 5: l2reg = 0.01                 with score 91.95
22-11-03 21:15:38 - INFO - root: Generating sentence embeddings
22-11-03 21:15:42 - INFO - root: Generated sentence embeddings
22-11-03 21:15:42 - INFO - root: Training pytorch-MLP-nhid0-rmsprop-bs128 with (inner) 5-fold cross-validation
22-11-03 21:16:11 - INFO - root: Best param found at split 1: l2reg = 0.001                 with score 89.49
22-11-03 21:16:40 - INFO - root: Best param found at split 2: l2reg = 1e-05                 with score 88.1
22-11-03 21:17:09 - INFO - root: Best param found at split 3: l2reg = 0.0001                 with score 89.48
22-11-03 21:17:38 - INFO - root: Best param found at split 4: l2reg = 0.01                 with score 90.03
22-11-03 21:18:13 - INFO - root: Best param found at split 5: l2reg = 1e-05                 with score 89.3
22-11-03 21:18:14 - INFO - root: Computing embedding for train
22-11-03 21:18:20 - INFO - root: Computed train embeddings
22-11-03 21:18:20 - INFO - root: Computing embedding for dev
22-11-03 21:18:21 - INFO - root: Computed dev embeddings
22-11-03 21:18:21 - INFO - root: Computing embedding for test
22-11-03 21:18:22 - INFO - root: Computed test embeddings
22-11-03 21:18:22 - INFO - root: Training pytorch-MLP-nhid0-rmsprop-bs128 with standard validation..
22-11-03 21:18:28 - INFO - root: [('reg:1e-05', 43.32), ('reg:0.0001', 43.69), ('reg:0.001', 39.96), ('reg:0.01', 40.78)]
22-11-03 21:18:28 - INFO - root: Validation : best param found is reg = 0.0001 with score             43.69
22-11-03 21:18:28 - INFO - root: Evaluating...
22-11-03 21:18:29 - INFO - root: ***** Transfer task : TREC *****


22-11-03 21:18:32 - INFO - root: Computed train embeddings
22-11-03 21:18:32 - INFO - root: Computed test embeddings
22-11-03 21:18:32 - INFO - root: Training pytorch-MLP-nhid0-rmsprop-bs128 with 5-fold cross-validation
22-11-03 21:18:49 - INFO - root: [('reg:1e-05', 75.26), ('reg:0.0001', 75.33), ('reg:0.001', 75.38), ('reg:0.01', 75.07)]
22-11-03 21:18:49 - INFO - root: Cross-validation : best param found is reg = 0.001             with score 75.38
22-11-03 21:18:49 - INFO - root: Evaluating...
22-11-03 21:18:50 - INFO - root: ***** Transfer task : MRPC *****


22-11-03 21:18:50 - INFO - root: Computing embedding for train
22-11-03 21:18:56 - INFO - root: Computed train embeddings
22-11-03 21:18:56 - INFO - root: Computing embedding for test
22-11-03 21:18:59 - INFO - root: Computed test embeddings
22-11-03 21:18:59 - INFO - root: Training pytorch-MLP-nhid0-rmsprop-bs128 with 5-fold cross-validation
22-11-03 21:19:11 - INFO - root: [('reg:1e-05', 74.07), ('reg:0.0001', 73.65), ('reg:0.001', 74.66), ('reg:0.01', 73.85)]
22-11-03 21:19:11 - INFO - root: Cross-validation : best param found is reg = 0.001             with score 74.66
22-11-03 21:19:11 - INFO - root: Evaluating...
