22-11-04 07:40:57 - INFO - sentence_transformers.SentenceTransformer: Load pretrained SentenceTransformer: paraphrase-multilingual-mpnet-base-v2
22-11-04 07:40:59 - INFO - sentence_transformers.SentenceTransformer: Use pytorch device: cuda
22-11-04 07:40:59 - INFO - __main__: SBert model paraphrase-multilingual-mpnet-base-v2 is loaded.
22-11-04 07:41:01 - INFO - __main__: Num of SBert features: 768
22-11-04 07:41:02 - INFO - root: Generating sentence embeddings
22-11-04 07:41:10 - INFO - root: Generated sentence embeddings
22-11-04 07:41:10 - INFO - root: Training pytorch-MLP-nhid0-rmsprop-bs128 with (inner) 5-fold cross-validation
22-11-04 07:41:35 - INFO - root: Best param found at split 1: l2reg = 0.001                 with score 82.3
22-11-04 07:42:03 - INFO - root: Best param found at split 2: l2reg = 0.001                 with score 82.24
22-11-04 07:42:31 - INFO - root: Best param found at split 3: l2reg = 0.01                 with score 82.43
22-11-04 07:42:49 - INFO - root: Best param found at split 4: l2reg = 0.01                 with score 82.4
22-11-04 07:43:14 - INFO - root: Best param found at split 5: l2reg = 0.01                 with score 82.9
22-11-04 07:43:16 - INFO - root: Generating sentence embeddings
22-11-04 07:43:18 - INFO - root: Generated sentence embeddings
22-11-04 07:43:18 - INFO - root: Training pytorch-MLP-nhid0-rmsprop-bs128 with (inner) 5-fold cross-validation
22-11-04 07:43:27 - INFO - root: Best param found at split 1: l2reg = 0.0001                 with score 90.6
22-11-04 07:43:38 - INFO - root: Best param found at split 2: l2reg = 0.01                 with score 91.09
22-11-04 07:43:47 - INFO - root: Best param found at split 3: l2reg = 0.01                 with score 91.03
22-11-04 07:43:59 - INFO - root: Best param found at split 4: l2reg = 0.001                 with score 90.83
22-11-04 07:44:08 - INFO - root: Best param found at split 5: l2reg = 1e-05                 with score 90.73
22-11-04 07:44:09 - INFO - root: Generating sentence embeddings
22-11-04 07:44:17 - INFO - root: Generated sentence embeddings
22-11-04 07:44:17 - INFO - root: Training pytorch-MLP-nhid0-rmsprop-bs128 with (inner) 5-fold cross-validation
22-11-04 07:44:42 - INFO - root: Best param found at split 1: l2reg = 0.0001                 with score 92.65
22-11-04 07:45:09 - INFO - root: Best param found at split 2: l2reg = 0.01                 with score 92.79
22-11-04 07:45:38 - INFO - root: Best param found at split 3: l2reg = 0.01                 with score 93.0
22-11-04 07:46:05 - INFO - root: Best param found at split 4: l2reg = 0.01                 with score 92.69
22-11-04 07:46:33 - INFO - root: Best param found at split 5: l2reg = 0.01                 with score 92.72
22-11-04 07:46:34 - INFO - root: Generating sentence embeddings
22-11-04 07:46:38 - INFO - root: Generated sentence embeddings
22-11-04 07:46:38 - INFO - root: Training pytorch-MLP-nhid0-rmsprop-bs128 with (inner) 5-fold cross-validation
22-11-04 07:47:07 - INFO - root: Best param found at split 1: l2reg = 1e-05                 with score 89.86
22-11-04 07:47:38 - INFO - root: Best param found at split 2: l2reg = 1e-05                 with score 89.38
22-11-04 07:48:07 - INFO - root: Best param found at split 3: l2reg = 0.0001                 with score 89.89
22-11-04 07:48:35 - INFO - root: Best param found at split 4: l2reg = 0.0001                 with score 89.25
22-11-04 07:49:07 - INFO - root: Best param found at split 5: l2reg = 0.01                 with score 90.19
22-11-04 07:49:08 - INFO - root: Computing embedding for train
22-11-04 07:49:14 - INFO - root: Computed train embeddings
22-11-04 07:49:14 - INFO - root: Computing embedding for dev
22-11-04 07:49:15 - INFO - root: Computed dev embeddings
22-11-04 07:49:15 - INFO - root: Computing embedding for test
22-11-04 07:49:16 - INFO - root: Computed test embeddings
22-11-04 07:49:16 - INFO - root: Training pytorch-MLP-nhid0-rmsprop-bs128 with standard validation..
22-11-04 07:49:23 - INFO - root: [('reg:1e-05', 42.96), ('reg:0.0001', 43.42), ('reg:0.001', 42.78), ('reg:0.01', 40.87)]
22-11-04 07:49:23 - INFO - root: Validation : best param found is reg = 0.0001 with score             43.42
22-11-04 07:49:23 - INFO - root: Evaluating...
22-11-04 07:49:25 - INFO - root: ***** Transfer task : TREC *****


22-11-04 07:49:27 - INFO - root: Computed train embeddings
22-11-04 07:49:28 - INFO - root: Computed test embeddings
22-11-04 07:49:28 - INFO - root: Training pytorch-MLP-nhid0-rmsprop-bs128 with 5-fold cross-validation
22-11-04 07:49:45 - INFO - root: [('reg:1e-05', 77.82), ('reg:0.0001', 74.32), ('reg:0.001', 76.1), ('reg:0.01', 74.84)]
22-11-04 07:49:45 - INFO - root: Cross-validation : best param found is reg = 1e-05             with score 77.82
22-11-04 07:49:45 - INFO - root: Evaluating...
22-11-04 07:49:46 - INFO - root: ***** Transfer task : MRPC *****


22-11-04 07:49:46 - INFO - root: Computing embedding for train
22-11-04 07:49:53 - INFO - root: Computed train embeddings
22-11-04 07:49:53 - INFO - root: Computing embedding for test
22-11-04 07:49:55 - INFO - root: Computed test embeddings
22-11-04 07:49:55 - INFO - root: Training pytorch-MLP-nhid0-rmsprop-bs128 with 5-fold cross-validation
22-11-04 07:50:07 - INFO - root: [('reg:1e-05', 75.02), ('reg:0.0001', 74.78), ('reg:0.001', 74.56), ('reg:0.01', 74.85)]
22-11-04 07:50:07 - INFO - root: Cross-validation : best param found is reg = 1e-05             with score 75.02
22-11-04 07:50:07 - INFO - root: Evaluating...
22-11-18 01:44:16 - INFO - sentence_transformers.SentenceTransformer: Load pretrained SentenceTransformer: paraphrase-multilingual-mpnet-base-v2
22-11-18 01:44:19 - INFO - sentence_transformers.SentenceTransformer: Use pytorch device: cuda
22-11-18 01:44:19 - INFO - __main__: SBert model paraphrase-multilingual-mpnet-base-v2 is loaded.
22-11-18 01:44:21 - INFO - __main__: Num of SBert features: 768
