22-11-04 10:30:26 - INFO - sentence_transformers.SentenceTransformer: Load pretrained SentenceTransformer: paraphrase-multilingual-mpnet-base-v2
22-11-04 10:30:28 - INFO - sentence_transformers.SentenceTransformer: Use pytorch device: cuda
22-11-04 10:30:28 - INFO - __main__: SBert model paraphrase-multilingual-mpnet-base-v2 is loaded.
22-11-04 10:30:30 - INFO - __main__: Num of SBert features: 768
22-11-04 10:30:31 - INFO - root: Generating sentence embeddings
22-11-04 10:30:39 - INFO - root: Generated sentence embeddings
22-11-04 10:30:39 - INFO - root: Training pytorch-MLP-nhid0-rmsprop-bs128 with (inner) 5-fold cross-validation
22-11-04 10:31:04 - INFO - root: Best param found at split 1: l2reg = 0.001                 with score 82.78
22-11-04 10:31:31 - INFO - root: Best param found at split 2: l2reg = 0.001                 with score 82.53
22-11-04 10:32:00 - INFO - root: Best param found at split 3: l2reg = 0.01                 with score 81.35
22-11-04 10:32:29 - INFO - root: Best param found at split 4: l2reg = 1e-05                 with score 82.24
22-11-04 10:33:00 - INFO - root: Best param found at split 5: l2reg = 0.01                 with score 82.53
22-11-04 10:33:01 - INFO - root: Generating sentence embeddings
22-11-04 10:33:03 - INFO - root: Generated sentence embeddings
22-11-04 10:33:03 - INFO - root: Training pytorch-MLP-nhid0-rmsprop-bs128 with (inner) 5-fold cross-validation
22-11-04 10:33:12 - INFO - root: Best param found at split 1: l2reg = 0.001                 with score 90.63
22-11-04 10:33:24 - INFO - root: Best param found at split 2: l2reg = 0.0001                 with score 91.19
22-11-04 10:33:34 - INFO - root: Best param found at split 3: l2reg = 1e-05                 with score 90.73
22-11-04 10:33:44 - INFO - root: Best param found at split 4: l2reg = 0.01                 with score 90.96
22-11-04 10:33:55 - INFO - root: Best param found at split 5: l2reg = 0.0001                 with score 90.83
22-11-04 10:33:56 - INFO - root: Generating sentence embeddings
22-11-04 10:34:03 - INFO - root: Generated sentence embeddings
22-11-04 10:34:03 - INFO - root: Training pytorch-MLP-nhid0-rmsprop-bs128 with (inner) 5-fold cross-validation
22-11-04 10:34:29 - INFO - root: Best param found at split 1: l2reg = 0.001                 with score 92.51
22-11-04 10:34:59 - INFO - root: Best param found at split 2: l2reg = 1e-05                 with score 93.16
22-11-04 10:35:28 - INFO - root: Best param found at split 3: l2reg = 0.0001                 with score 92.84
22-11-04 10:35:54 - INFO - root: Best param found at split 4: l2reg = 0.01                 with score 92.84
22-11-04 10:36:24 - INFO - root: Best param found at split 5: l2reg = 0.001                 with score 92.86
22-11-04 10:36:25 - INFO - root: Generating sentence embeddings
22-11-04 10:36:29 - INFO - root: Generated sentence embeddings
22-11-04 10:36:29 - INFO - root: Training pytorch-MLP-nhid0-rmsprop-bs128 with (inner) 5-fold cross-validation
22-11-04 10:36:55 - INFO - root: Best param found at split 1: l2reg = 0.01                 with score 89.69
22-11-04 10:37:24 - INFO - root: Best param found at split 2: l2reg = 1e-05                 with score 89.75
22-11-04 10:37:52 - INFO - root: Best param found at split 3: l2reg = 0.001                 with score 90.01
22-11-04 10:38:21 - INFO - root: Best param found at split 4: l2reg = 0.01                 with score 90.03
22-11-04 10:38:52 - INFO - root: Best param found at split 5: l2reg = 0.01                 with score 90.49
22-11-04 10:38:53 - INFO - root: Computing embedding for train
22-11-04 10:38:59 - INFO - root: Computed train embeddings
22-11-04 10:38:59 - INFO - root: Computing embedding for dev
22-11-04 10:39:00 - INFO - root: Computed dev embeddings
22-11-04 10:39:00 - INFO - root: Computing embedding for test
22-11-04 10:39:01 - INFO - root: Computed test embeddings
22-11-04 10:39:01 - INFO - root: Training pytorch-MLP-nhid0-rmsprop-bs128 with standard validation..
22-11-04 10:39:08 - INFO - root: [('reg:1e-05', 39.96), ('reg:0.0001', 46.32), ('reg:0.001', 45.87), ('reg:0.01', 40.42)]
22-11-04 10:39:08 - INFO - root: Validation : best param found is reg = 0.0001 with score             46.32
22-11-04 10:39:08 - INFO - root: Evaluating...
22-11-04 10:39:09 - INFO - root: ***** Transfer task : TREC *****


22-11-04 10:39:12 - INFO - root: Computed train embeddings
22-11-04 10:39:12 - INFO - root: Computed test embeddings
22-11-04 10:39:12 - INFO - root: Training pytorch-MLP-nhid0-rmsprop-bs128 with 5-fold cross-validation
22-11-04 10:39:29 - INFO - root: [('reg:1e-05', 73.85), ('reg:0.0001', 73.53), ('reg:0.001', 72.91), ('reg:0.01', 72.95)]
22-11-04 10:39:29 - INFO - root: Cross-validation : best param found is reg = 1e-05             with score 73.85
22-11-04 10:39:29 - INFO - root: Evaluating...
22-11-04 10:39:30 - INFO - root: ***** Transfer task : MRPC *****


22-11-04 10:39:30 - INFO - root: Computing embedding for train
22-11-04 10:39:36 - INFO - root: Computed train embeddings
22-11-04 10:39:36 - INFO - root: Computing embedding for test
22-11-04 10:39:39 - INFO - root: Computed test embeddings
22-11-04 10:39:39 - INFO - root: Training pytorch-MLP-nhid0-rmsprop-bs128 with 5-fold cross-validation
22-11-04 10:39:50 - INFO - root: [('reg:1e-05', 75.12), ('reg:0.0001', 75.1), ('reg:0.001', 74.53), ('reg:0.01', 74.78)]
22-11-04 10:39:50 - INFO - root: Cross-validation : best param found is reg = 1e-05             with score 75.12
22-11-04 10:39:50 - INFO - root: Evaluating...
