22-11-03 10:53:15 - INFO - sentence_transformers.SentenceTransformer: Load pretrained SentenceTransformer: paraphrase-multilingual-mpnet-base-v2
22-11-03 10:53:18 - INFO - sentence_transformers.SentenceTransformer: Use pytorch device: cuda
22-11-03 10:53:18 - INFO - __main__: SBert model paraphrase-multilingual-mpnet-base-v2 is loaded.
22-11-03 10:53:20 - INFO - __main__: Num of SBert features: 768
22-11-03 10:53:20 - INFO - root: Generating sentence embeddings
22-11-03 10:53:28 - INFO - root: Generated sentence embeddings
22-11-03 10:53:28 - INFO - root: Training pytorch-MLP-nhid0-rmsprop-bs128 with (inner) 5-fold cross-validation
22-11-03 10:53:49 - INFO - root: Best param found at split 1: l2reg = 0.01                 with score 82.24
22-11-03 10:54:13 - INFO - root: Best param found at split 2: l2reg = 0.001                 with score 82.32
22-11-03 10:54:40 - INFO - root: Best param found at split 3: l2reg = 0.001                 with score 82.46
22-11-03 10:55:04 - INFO - root: Best param found at split 4: l2reg = 1e-05                 with score 82.1
22-11-03 10:55:27 - INFO - root: Best param found at split 5: l2reg = 0.01                 with score 82.75
22-11-03 10:55:29 - INFO - root: Generating sentence embeddings
22-11-03 10:55:31 - INFO - root: Generated sentence embeddings
22-11-03 10:55:31 - INFO - root: Training pytorch-MLP-nhid0-rmsprop-bs128 with (inner) 5-fold cross-validation
22-11-03 10:55:39 - INFO - root: Best param found at split 1: l2reg = 0.0001                 with score 90.63
22-11-03 10:55:48 - INFO - root: Best param found at split 2: l2reg = 0.001                 with score 90.96
22-11-03 10:55:56 - INFO - root: Best param found at split 3: l2reg = 1e-05                 with score 91.13
22-11-03 10:56:06 - INFO - root: Best param found at split 4: l2reg = 0.01                 with score 91.03
22-11-03 10:56:11 - INFO - root: Best param found at split 5: l2reg = 0.001                 with score 90.7
22-11-03 10:56:12 - INFO - root: Generating sentence embeddings
22-11-03 10:56:20 - INFO - root: Generated sentence embeddings
22-11-03 10:56:20 - INFO - root: Training pytorch-MLP-nhid0-rmsprop-bs128 with (inner) 5-fold cross-validation
22-11-03 10:56:37 - INFO - root: Best param found at split 1: l2reg = 0.01                 with score 92.64
22-11-03 10:57:00 - INFO - root: Best param found at split 2: l2reg = 0.01                 with score 93.28
22-11-03 10:57:25 - INFO - root: Best param found at split 3: l2reg = 1e-05                 with score 92.86
22-11-03 10:57:48 - INFO - root: Best param found at split 4: l2reg = 0.0001                 with score 92.96
22-11-03 10:58:12 - INFO - root: Best param found at split 5: l2reg = 0.01                 with score 92.85
22-11-03 10:58:12 - INFO - root: Generating sentence embeddings
22-11-03 10:58:16 - INFO - root: Generated sentence embeddings
22-11-03 10:58:16 - INFO - root: Training pytorch-MLP-nhid0-rmsprop-bs128 with (inner) 5-fold cross-validation
22-11-03 10:58:40 - INFO - root: Best param found at split 1: l2reg = 0.0001                 with score 89.11
22-11-03 10:59:08 - INFO - root: Best param found at split 2: l2reg = 0.001                 with score 85.49
22-11-03 10:59:26 - INFO - root: Best param found at split 3: l2reg = 0.001                 with score 89.46
22-11-03 10:59:44 - INFO - root: Best param found at split 4: l2reg = 0.0001                 with score 89.53
22-11-03 11:00:05 - INFO - root: Best param found at split 5: l2reg = 0.01                 with score 89.45
22-11-03 11:00:07 - INFO - root: Computing embedding for train
22-11-03 11:00:13 - INFO - root: Computed train embeddings
22-11-03 11:00:13 - INFO - root: Computing embedding for dev
22-11-03 11:00:13 - INFO - root: Computed dev embeddings
22-11-03 11:00:13 - INFO - root: Computing embedding for test
22-11-03 11:00:15 - INFO - root: Computed test embeddings
22-11-03 11:00:15 - INFO - root: Training pytorch-MLP-nhid0-rmsprop-bs128 with standard validation..
22-11-03 11:00:21 - INFO - root: [('reg:1e-05', 41.42), ('reg:0.0001', 41.6), ('reg:0.001', 40.87), ('reg:0.01', 44.5)]
22-11-03 11:00:21 - INFO - root: Validation : best param found is reg = 0.01 with score             44.5
22-11-03 11:00:21 - INFO - root: Evaluating...
22-11-03 11:00:22 - INFO - root: ***** Transfer task : TREC *****


22-11-03 11:00:24 - INFO - root: Computed train embeddings
22-11-03 11:00:25 - INFO - root: Computed test embeddings
22-11-03 11:00:25 - INFO - root: Training pytorch-MLP-nhid0-rmsprop-bs128 with 5-fold cross-validation
22-11-03 11:00:37 - INFO - root: [('reg:1e-05', 78.32), ('reg:0.0001', 78.12), ('reg:0.001', 77.35), ('reg:0.01', 74.69)]
22-11-03 11:00:37 - INFO - root: Cross-validation : best param found is reg = 1e-05             with score 78.32
22-11-03 11:00:37 - INFO - root: Evaluating...
22-11-03 11:00:38 - INFO - root: ***** Transfer task : MRPC *****


22-11-03 11:00:38 - INFO - root: Computing embedding for train
22-11-03 11:00:44 - INFO - root: Computed train embeddings
22-11-03 11:00:44 - INFO - root: Computing embedding for test
22-11-03 11:00:47 - INFO - root: Computed test embeddings
22-11-03 11:00:47 - INFO - root: Training pytorch-MLP-nhid0-rmsprop-bs128 with 5-fold cross-validation
22-11-03 11:00:59 - INFO - root: [('reg:1e-05', 74.29), ('reg:0.0001', 73.92), ('reg:0.001', 73.85), ('reg:0.01', 74.34)]
22-11-03 11:00:59 - INFO - root: Cross-validation : best param found is reg = 0.01             with score 74.34
22-11-03 11:00:59 - INFO - root: Evaluating...
22-11-17 17:28:55 - INFO - sentence_transformers.SentenceTransformer: Load pretrained SentenceTransformer: paraphrase-multilingual-mpnet-base-v2
22-11-17 17:28:58 - INFO - sentence_transformers.SentenceTransformer: Use pytorch device: cuda
22-11-17 17:28:58 - INFO - __main__: SBert model paraphrase-multilingual-mpnet-base-v2 is loaded.
22-11-17 17:29:00 - INFO - __main__: Num of SBert features: 768
