22-11-03 17:13:11 - INFO - sentence_transformers.SentenceTransformer: Load pretrained SentenceTransformer: paraphrase-multilingual-mpnet-base-v2
22-11-03 17:13:13 - INFO - sentence_transformers.SentenceTransformer: Use pytorch device: cuda
22-11-03 17:13:13 - INFO - __main__: SBert model paraphrase-multilingual-mpnet-base-v2 is loaded.
22-11-03 17:13:15 - INFO - __main__: Num of SBert features: 768
22-11-03 17:13:16 - INFO - root: Generating sentence embeddings
22-11-03 17:13:24 - INFO - root: Generated sentence embeddings
22-11-03 17:13:24 - INFO - root: Training pytorch-MLP-nhid0-rmsprop-bs128 with (inner) 5-fold cross-validation
22-11-03 17:13:50 - INFO - root: Best param found at split 1: l2reg = 0.01                 with score 81.21
22-11-03 17:14:17 - INFO - root: Best param found at split 2: l2reg = 0.001                 with score 81.52
22-11-03 17:14:45 - INFO - root: Best param found at split 3: l2reg = 0.001                 with score 80.66
22-11-03 17:15:15 - INFO - root: Best param found at split 4: l2reg = 0.01                 with score 81.21
22-11-03 17:15:45 - INFO - root: Best param found at split 5: l2reg = 0.01                 with score 80.95
22-11-03 17:15:47 - INFO - root: Generating sentence embeddings
22-11-03 17:15:49 - INFO - root: Generated sentence embeddings
22-11-03 17:15:49 - INFO - root: Training pytorch-MLP-nhid0-rmsprop-bs128 with (inner) 5-fold cross-validation
22-11-03 17:15:58 - INFO - root: Best param found at split 1: l2reg = 0.001                 with score 90.03
22-11-03 17:16:08 - INFO - root: Best param found at split 2: l2reg = 0.01                 with score 90.76
22-11-03 17:16:18 - INFO - root: Best param found at split 3: l2reg = 0.01                 with score 90.73
22-11-03 17:16:28 - INFO - root: Best param found at split 4: l2reg = 0.01                 with score 90.0
22-11-03 17:16:38 - INFO - root: Best param found at split 5: l2reg = 0.001                 with score 90.6
22-11-03 17:16:39 - INFO - root: Generating sentence embeddings
22-11-03 17:16:47 - INFO - root: Generated sentence embeddings
22-11-03 17:16:47 - INFO - root: Training pytorch-MLP-nhid0-rmsprop-bs128 with (inner) 5-fold cross-validation
22-11-03 17:17:13 - INFO - root: Best param found at split 1: l2reg = 1e-05                 with score 91.2
22-11-03 17:17:38 - INFO - root: Best param found at split 2: l2reg = 0.01                 with score 91.6
22-11-03 17:18:04 - INFO - root: Best param found at split 3: l2reg = 0.01                 with score 91.62
22-11-03 17:18:31 - INFO - root: Best param found at split 4: l2reg = 0.01                 with score 91.56
22-11-03 17:18:59 - INFO - root: Best param found at split 5: l2reg = 0.01                 with score 91.46
22-11-03 17:19:01 - INFO - root: Generating sentence embeddings
22-11-03 17:19:04 - INFO - root: Generated sentence embeddings
22-11-03 17:19:04 - INFO - root: Training pytorch-MLP-nhid0-rmsprop-bs128 with (inner) 5-fold cross-validation
22-11-03 17:19:34 - INFO - root: Best param found at split 1: l2reg = 1e-05                 with score 89.05
22-11-03 17:20:01 - INFO - root: Best param found at split 2: l2reg = 0.0001                 with score 88.54
22-11-03 17:20:32 - INFO - root: Best param found at split 3: l2reg = 0.001                 with score 89.03
22-11-03 17:20:59 - INFO - root: Best param found at split 4: l2reg = 0.01                 with score 88.77
22-11-03 17:21:29 - INFO - root: Best param found at split 5: l2reg = 0.01                 with score 89.07
22-11-03 17:21:30 - INFO - root: Computing embedding for train
22-11-03 17:21:36 - INFO - root: Computed train embeddings
22-11-03 17:21:36 - INFO - root: Computing embedding for dev
22-11-03 17:21:36 - INFO - root: Computed dev embeddings
22-11-03 17:21:36 - INFO - root: Computing embedding for test
22-11-03 17:21:38 - INFO - root: Computed test embeddings
22-11-03 17:21:38 - INFO - root: Training pytorch-MLP-nhid0-rmsprop-bs128 with standard validation..
22-11-03 17:21:44 - INFO - root: [('reg:1e-05', 45.14), ('reg:0.0001', 44.87), ('reg:0.001', 45.23), ('reg:0.01', 45.41)]
22-11-03 17:21:44 - INFO - root: Validation : best param found is reg = 0.01 with score             45.41
22-11-03 17:21:44 - INFO - root: Evaluating...
22-11-03 17:21:47 - INFO - root: ***** Transfer task : TREC *****


22-11-03 17:21:49 - INFO - root: Computed train embeddings
22-11-03 17:21:50 - INFO - root: Computed test embeddings
22-11-03 17:21:50 - INFO - root: Training pytorch-MLP-nhid0-rmsprop-bs128 with 5-fold cross-validation
22-11-03 17:22:06 - INFO - root: [('reg:1e-05', 72.78), ('reg:0.0001', 72.58), ('reg:0.001', 72.3), ('reg:0.01', 72.27)]
22-11-03 17:22:06 - INFO - root: Cross-validation : best param found is reg = 1e-05             with score 72.78
22-11-03 17:22:06 - INFO - root: Evaluating...
22-11-03 17:22:07 - INFO - root: ***** Transfer task : MRPC *****


22-11-03 17:22:07 - INFO - root: Computing embedding for train
22-11-03 17:22:13 - INFO - root: Computed train embeddings
22-11-03 17:22:13 - INFO - root: Computing embedding for test
22-11-03 17:22:16 - INFO - root: Computed test embeddings
22-11-03 17:22:16 - INFO - root: Training pytorch-MLP-nhid0-rmsprop-bs128 with 5-fold cross-validation
22-11-03 17:22:30 - INFO - root: [('reg:1e-05', 73.53), ('reg:0.0001', 73.53), ('reg:0.001', 73.16), ('reg:0.01', 74.46)]
22-11-03 17:22:30 - INFO - root: Cross-validation : best param found is reg = 0.01             with score 74.46
22-11-03 17:22:30 - INFO - root: Evaluating...
