22-11-04 12:45:41 - INFO - sentence_transformers.SentenceTransformer: Load pretrained SentenceTransformer: paraphrase-multilingual-mpnet-base-v2
22-11-04 12:45:43 - INFO - sentence_transformers.SentenceTransformer: Use pytorch device: cuda
22-11-04 12:45:43 - INFO - __main__: SBert model paraphrase-multilingual-mpnet-base-v2 is loaded.
22-11-04 12:45:45 - INFO - __main__: Num of SBert features: 768
22-11-04 12:45:46 - INFO - root: Generating sentence embeddings
22-11-04 12:45:54 - INFO - root: Generated sentence embeddings
22-11-04 12:45:54 - INFO - root: Training pytorch-MLP-nhid0-rmsprop-bs128 with (inner) 5-fold cross-validation
22-11-04 12:46:23 - INFO - root: Best param found at split 1: l2reg = 0.01                 with score 82.64
22-11-04 12:46:51 - INFO - root: Best param found at split 2: l2reg = 0.01                 with score 82.84
22-11-04 12:47:19 - INFO - root: Best param found at split 3: l2reg = 0.01                 with score 82.92
22-11-04 12:47:46 - INFO - root: Best param found at split 4: l2reg = 0.01                 with score 82.74
22-11-04 12:48:16 - INFO - root: Best param found at split 5: l2reg = 0.01                 with score 82.51
22-11-04 12:48:18 - INFO - root: Generating sentence embeddings
22-11-04 12:48:21 - INFO - root: Generated sentence embeddings
22-11-04 12:48:21 - INFO - root: Training pytorch-MLP-nhid0-rmsprop-bs128 with (inner) 5-fold cross-validation
22-11-04 12:48:29 - INFO - root: Best param found at split 1: l2reg = 0.01                 with score 91.09
22-11-04 12:48:39 - INFO - root: Best param found at split 2: l2reg = 1e-05                 with score 91.36
22-11-04 12:48:48 - INFO - root: Best param found at split 3: l2reg = 1e-05                 with score 91.72
22-11-04 12:48:57 - INFO - root: Best param found at split 4: l2reg = 0.01                 with score 91.16
22-11-04 12:49:07 - INFO - root: Best param found at split 5: l2reg = 0.01                 with score 91.06
22-11-04 12:49:07 - INFO - root: Generating sentence embeddings
22-11-04 12:49:15 - INFO - root: Generated sentence embeddings
22-11-04 12:49:15 - INFO - root: Training pytorch-MLP-nhid0-rmsprop-bs128 with (inner) 5-fold cross-validation
22-11-04 12:49:42 - INFO - root: Best param found at split 1: l2reg = 0.01                 with score 93.05
22-11-04 12:50:09 - INFO - root: Best param found at split 2: l2reg = 0.0001                 with score 93.28
22-11-04 12:50:38 - INFO - root: Best param found at split 3: l2reg = 0.001                 with score 93.12
22-11-04 12:51:07 - INFO - root: Best param found at split 4: l2reg = 0.01                 with score 93.2
22-11-04 12:51:33 - INFO - root: Best param found at split 5: l2reg = 0.01                 with score 92.79
22-11-04 12:51:35 - INFO - root: Generating sentence embeddings
22-11-04 12:51:38 - INFO - root: Generated sentence embeddings
22-11-04 12:51:38 - INFO - root: Training pytorch-MLP-nhid0-rmsprop-bs128 with (inner) 5-fold cross-validation
22-11-04 12:52:03 - INFO - root: Best param found at split 1: l2reg = 0.01                 with score 90.36
22-11-04 12:52:31 - INFO - root: Best param found at split 2: l2reg = 0.0001                 with score 89.69
22-11-04 12:53:01 - INFO - root: Best param found at split 3: l2reg = 0.01                 with score 90.06
22-11-04 12:53:29 - INFO - root: Best param found at split 4: l2reg = 0.001                 with score 90.34
22-11-04 12:54:00 - INFO - root: Best param found at split 5: l2reg = 0.001                 with score 90.03
22-11-04 12:54:01 - INFO - root: Computing embedding for train
22-11-04 12:54:07 - INFO - root: Computed train embeddings
22-11-04 12:54:07 - INFO - root: Computing embedding for dev
22-11-04 12:54:08 - INFO - root: Computed dev embeddings
22-11-04 12:54:08 - INFO - root: Computing embedding for test
22-11-04 12:54:09 - INFO - root: Computed test embeddings
22-11-04 12:54:09 - INFO - root: Training pytorch-MLP-nhid0-rmsprop-bs128 with standard validation..
22-11-04 12:54:16 - INFO - root: [('reg:1e-05', 44.96), ('reg:0.0001', 40.15), ('reg:0.001', 42.05), ('reg:0.01', 45.59)]
22-11-04 12:54:16 - INFO - root: Validation : best param found is reg = 0.01 with score             45.59
22-11-04 12:54:16 - INFO - root: Evaluating...
22-11-04 12:54:18 - INFO - root: ***** Transfer task : TREC *****


22-11-04 12:54:20 - INFO - root: Computed train embeddings
22-11-04 12:54:20 - INFO - root: Computed test embeddings
22-11-04 12:54:20 - INFO - root: Training pytorch-MLP-nhid0-rmsprop-bs128 with 5-fold cross-validation
22-11-04 12:54:40 - INFO - root: [('reg:1e-05', 80.08), ('reg:0.0001', 77.03), ('reg:0.001', 74.49), ('reg:0.01', 74.25)]
22-11-04 12:54:40 - INFO - root: Cross-validation : best param found is reg = 1e-05             with score 80.08
22-11-04 12:54:40 - INFO - root: Evaluating...
22-11-04 12:54:41 - INFO - root: ***** Transfer task : MRPC *****


22-11-04 12:54:41 - INFO - root: Computing embedding for train
22-11-04 12:54:48 - INFO - root: Computed train embeddings
22-11-04 12:54:48 - INFO - root: Computing embedding for test
22-11-04 12:54:50 - INFO - root: Computed test embeddings
22-11-04 12:54:50 - INFO - root: Training pytorch-MLP-nhid0-rmsprop-bs128 with 5-fold cross-validation
22-11-04 12:55:02 - INFO - root: [('reg:1e-05', 74.8), ('reg:0.0001', 75.34), ('reg:0.001', 75.05), ('reg:0.01', 75.56)]
22-11-04 12:55:02 - INFO - root: Cross-validation : best param found is reg = 0.01             with score 75.56
22-11-04 12:55:02 - INFO - root: Evaluating...
