22-11-04 04:58:41 - INFO - sentence_transformers.SentenceTransformer: Load pretrained SentenceTransformer: paraphrase-multilingual-mpnet-base-v2
22-11-04 04:58:43 - INFO - sentence_transformers.SentenceTransformer: Use pytorch device: cuda
22-11-04 04:58:43 - INFO - __main__: SBert model paraphrase-multilingual-mpnet-base-v2 is loaded.
22-11-04 04:58:46 - INFO - __main__: Num of SBert features: 768
22-11-04 04:58:46 - INFO - root: Generating sentence embeddings
22-11-04 04:58:54 - INFO - root: Generated sentence embeddings
22-11-04 04:58:54 - INFO - root: Training pytorch-MLP-nhid0-rmsprop-bs128 with (inner) 5-fold cross-validation
22-11-04 04:59:20 - INFO - root: Best param found at split 1: l2reg = 0.001                 with score 81.84
22-11-04 04:59:49 - INFO - root: Best param found at split 2: l2reg = 0.01                 with score 82.28
22-11-04 05:00:19 - INFO - root: Best param found at split 3: l2reg = 0.01                 with score 82.68
22-11-04 05:00:48 - INFO - root: Best param found at split 4: l2reg = 0.001                 with score 82.04
22-11-04 05:01:16 - INFO - root: Best param found at split 5: l2reg = 0.01                 with score 82.67
22-11-04 05:01:18 - INFO - root: Generating sentence embeddings
22-11-04 05:01:21 - INFO - root: Generated sentence embeddings
22-11-04 05:01:21 - INFO - root: Training pytorch-MLP-nhid0-rmsprop-bs128 with (inner) 5-fold cross-validation
22-11-04 05:01:29 - INFO - root: Best param found at split 1: l2reg = 0.01                 with score 90.93
22-11-04 05:01:39 - INFO - root: Best param found at split 2: l2reg = 0.0001                 with score 90.99
22-11-04 05:01:48 - INFO - root: Best param found at split 3: l2reg = 0.01                 with score 90.79
22-11-04 05:01:58 - INFO - root: Best param found at split 4: l2reg = 0.001                 with score 90.73
22-11-04 05:02:09 - INFO - root: Best param found at split 5: l2reg = 0.01                 with score 91.32
22-11-04 05:02:09 - INFO - root: Generating sentence embeddings
22-11-04 05:02:17 - INFO - root: Generated sentence embeddings
22-11-04 05:02:17 - INFO - root: Training pytorch-MLP-nhid0-rmsprop-bs128 with (inner) 5-fold cross-validation
22-11-04 05:02:43 - INFO - root: Best param found at split 1: l2reg = 0.01                 with score 92.16
22-11-04 05:03:11 - INFO - root: Best param found at split 2: l2reg = 0.01                 with score 92.44
22-11-04 05:03:36 - INFO - root: Best param found at split 3: l2reg = 0.001                 with score 92.36
22-11-04 05:04:05 - INFO - root: Best param found at split 4: l2reg = 1e-05                 with score 92.26
22-11-04 05:04:33 - INFO - root: Best param found at split 5: l2reg = 0.01                 with score 92.06
22-11-04 05:04:34 - INFO - root: Generating sentence embeddings
22-11-04 05:04:38 - INFO - root: Generated sentence embeddings
22-11-04 05:04:38 - INFO - root: Training pytorch-MLP-nhid0-rmsprop-bs128 with (inner) 5-fold cross-validation
22-11-04 05:04:59 - INFO - root: Best param found at split 1: l2reg = 0.01                 with score 85.89
22-11-04 05:05:27 - INFO - root: Best param found at split 2: l2reg = 0.01                 with score 89.37
22-11-04 05:05:58 - INFO - root: Best param found at split 3: l2reg = 0.001                 with score 89.61
22-11-04 05:06:25 - INFO - root: Best param found at split 4: l2reg = 0.0001                 with score 89.78
22-11-04 05:06:58 - INFO - root: Best param found at split 5: l2reg = 0.01                 with score 89.52
22-11-04 05:06:59 - INFO - root: Computing embedding for train
22-11-04 05:07:05 - INFO - root: Computed train embeddings
22-11-04 05:07:05 - INFO - root: Computing embedding for dev
22-11-04 05:07:06 - INFO - root: Computed dev embeddings
22-11-04 05:07:06 - INFO - root: Computing embedding for test
22-11-04 05:07:07 - INFO - root: Computed test embeddings
22-11-04 05:07:07 - INFO - root: Training pytorch-MLP-nhid0-rmsprop-bs128 with standard validation..
22-11-04 05:07:14 - INFO - root: [('reg:1e-05', 44.96), ('reg:0.0001', 43.6), ('reg:0.001', 43.69), ('reg:0.01', 46.68)]
22-11-04 05:07:14 - INFO - root: Validation : best param found is reg = 0.01 with score             46.68
22-11-04 05:07:14 - INFO - root: Evaluating...
22-11-04 05:07:16 - INFO - root: ***** Transfer task : TREC *****


22-11-04 05:07:18 - INFO - root: Computed train embeddings
22-11-04 05:07:18 - INFO - root: Computed test embeddings
22-11-04 05:07:18 - INFO - root: Training pytorch-MLP-nhid0-rmsprop-bs128 with 5-fold cross-validation
22-11-04 05:07:37 - INFO - root: [('reg:1e-05', 74.6), ('reg:0.0001', 75.35), ('reg:0.001', 72.8), ('reg:0.01', 71.9)]
22-11-04 05:07:37 - INFO - root: Cross-validation : best param found is reg = 0.0001             with score 75.35
22-11-04 05:07:37 - INFO - root: Evaluating...
22-11-04 05:07:38 - INFO - root: ***** Transfer task : MRPC *****


22-11-04 05:07:38 - INFO - root: Computing embedding for train
22-11-04 05:07:45 - INFO - root: Computed train embeddings
22-11-04 05:07:45 - INFO - root: Computing embedding for test
22-11-04 05:07:47 - INFO - root: Computed test embeddings
22-11-04 05:07:47 - INFO - root: Training pytorch-MLP-nhid0-rmsprop-bs128 with 5-fold cross-validation
22-11-04 05:07:59 - INFO - root: [('reg:1e-05', 74.04), ('reg:0.0001', 73.94), ('reg:0.001', 73.58), ('reg:0.01', 73.92)]
22-11-04 05:07:59 - INFO - root: Cross-validation : best param found is reg = 1e-05             with score 74.04
22-11-04 05:07:59 - INFO - root: Evaluating...
