22-11-04 18:00:24 - INFO - sentence_transformers.SentenceTransformer: Load pretrained SentenceTransformer: paraphrase-multilingual-mpnet-base-v2
22-11-04 18:00:26 - INFO - sentence_transformers.SentenceTransformer: Use pytorch device: cuda
22-11-04 18:00:26 - INFO - __main__: SBert model paraphrase-multilingual-mpnet-base-v2 is loaded.
22-11-04 18:00:28 - INFO - __main__: Num of SBert features: 768
22-11-04 18:00:29 - INFO - root: Generating sentence embeddings
22-11-04 18:00:37 - INFO - root: Generated sentence embeddings
22-11-04 18:00:37 - INFO - root: Training pytorch-MLP-nhid0-rmsprop-bs128 with (inner) 5-fold cross-validation
22-11-04 18:01:05 - INFO - root: Best param found at split 1: l2reg = 0.001                 with score 83.07
22-11-04 18:01:31 - INFO - root: Best param found at split 2: l2reg = 1e-05                 with score 82.82
22-11-04 18:02:00 - INFO - root: Best param found at split 3: l2reg = 0.001                 with score 82.59
22-11-04 18:02:31 - INFO - root: Best param found at split 4: l2reg = 0.01                 with score 82.57
22-11-04 18:02:59 - INFO - root: Best param found at split 5: l2reg = 0.01                 with score 83.13
22-11-04 18:03:01 - INFO - root: Generating sentence embeddings
22-11-04 18:03:03 - INFO - root: Generated sentence embeddings
22-11-04 18:03:03 - INFO - root: Training pytorch-MLP-nhid0-rmsprop-bs128 with (inner) 5-fold cross-validation
22-11-04 18:03:12 - INFO - root: Best param found at split 1: l2reg = 0.01                 with score 90.83
22-11-04 18:03:22 - INFO - root: Best param found at split 2: l2reg = 1e-05                 with score 91.13
22-11-04 18:03:31 - INFO - root: Best param found at split 3: l2reg = 0.0001                 with score 91.29
22-11-04 18:03:42 - INFO - root: Best param found at split 4: l2reg = 1e-05                 with score 90.89
22-11-04 18:03:52 - INFO - root: Best param found at split 5: l2reg = 0.001                 with score 90.89
22-11-04 18:03:52 - INFO - root: Generating sentence embeddings
22-11-04 18:04:00 - INFO - root: Generated sentence embeddings
22-11-04 18:04:00 - INFO - root: Training pytorch-MLP-nhid0-rmsprop-bs128 with (inner) 5-fold cross-validation
22-11-04 18:04:28 - INFO - root: Best param found at split 1: l2reg = 0.0001                 with score 93.11
22-11-04 18:04:58 - INFO - root: Best param found at split 2: l2reg = 0.01                 with score 93.54
22-11-04 18:05:24 - INFO - root: Best param found at split 3: l2reg = 0.001                 with score 93.15
22-11-04 18:05:53 - INFO - root: Best param found at split 4: l2reg = 0.001                 with score 93.14
22-11-04 18:06:22 - INFO - root: Best param found at split 5: l2reg = 0.01                 with score 93.06
22-11-04 18:06:24 - INFO - root: Generating sentence embeddings
22-11-04 18:06:27 - INFO - root: Generated sentence embeddings
22-11-04 18:06:27 - INFO - root: Training pytorch-MLP-nhid0-rmsprop-bs128 with (inner) 5-fold cross-validation
22-11-04 18:06:52 - INFO - root: Best param found at split 1: l2reg = 0.001                 with score 90.33
22-11-04 18:07:22 - INFO - root: Best param found at split 2: l2reg = 0.001                 with score 89.82
22-11-04 18:07:49 - INFO - root: Best param found at split 3: l2reg = 0.001                 with score 90.22
22-11-04 18:08:16 - INFO - root: Best param found at split 4: l2reg = 0.0001                 with score 90.37
22-11-04 18:08:45 - INFO - root: Best param found at split 5: l2reg = 0.01                 with score 90.28
22-11-04 18:08:46 - INFO - root: Computing embedding for train
22-11-04 18:08:52 - INFO - root: Computed train embeddings
22-11-04 18:08:52 - INFO - root: Computing embedding for dev
22-11-04 18:08:53 - INFO - root: Computed dev embeddings
22-11-04 18:08:53 - INFO - root: Computing embedding for test
22-11-04 18:08:54 - INFO - root: Computed test embeddings
22-11-04 18:08:54 - INFO - root: Training pytorch-MLP-nhid0-rmsprop-bs128 with standard validation..
22-11-04 18:09:01 - INFO - root: [('reg:1e-05', 43.69), ('reg:0.0001', 40.15), ('reg:0.001', 40.6), ('reg:0.01', 45.87)]
22-11-04 18:09:01 - INFO - root: Validation : best param found is reg = 0.01 with score             45.87
22-11-04 18:09:01 - INFO - root: Evaluating...
22-11-04 18:09:03 - INFO - root: ***** Transfer task : TREC *****


22-11-04 18:09:05 - INFO - root: Computed train embeddings
22-11-04 18:09:05 - INFO - root: Computed test embeddings
22-11-04 18:09:05 - INFO - root: Training pytorch-MLP-nhid0-rmsprop-bs128 with 5-fold cross-validation
22-11-04 18:09:25 - INFO - root: [('reg:1e-05', 77.64), ('reg:0.0001', 76.87), ('reg:0.001', 78.82), ('reg:0.01', 72.6)]
22-11-04 18:09:25 - INFO - root: Cross-validation : best param found is reg = 0.001             with score 78.82
22-11-04 18:09:25 - INFO - root: Evaluating...
22-11-04 18:09:26 - INFO - root: ***** Transfer task : MRPC *****


22-11-04 18:09:26 - INFO - root: Computing embedding for train
22-11-04 18:09:32 - INFO - root: Computed train embeddings
22-11-04 18:09:32 - INFO - root: Computing embedding for test
22-11-04 18:09:35 - INFO - root: Computed test embeddings
22-11-04 18:09:35 - INFO - root: Training pytorch-MLP-nhid0-rmsprop-bs128 with 5-fold cross-validation
22-11-04 18:09:47 - INFO - root: [('reg:1e-05', 74.66), ('reg:0.0001', 75.27), ('reg:0.001', 75.02), ('reg:0.01', 74.46)]
22-11-04 18:09:47 - INFO - root: Cross-validation : best param found is reg = 0.0001             with score 75.27
22-11-04 18:09:47 - INFO - root: Evaluating...
22-11-18 05:57:10 - INFO - sentence_transformers.SentenceTransformer: Load pretrained SentenceTransformer: paraphrase-multilingual-mpnet-base-v2
22-11-18 05:57:13 - INFO - sentence_transformers.SentenceTransformer: Use pytorch device: cuda
22-11-18 05:57:13 - INFO - __main__: SBert model paraphrase-multilingual-mpnet-base-v2 is loaded.
22-11-18 05:57:15 - INFO - __main__: Num of SBert features: 768
