22-11-04 03:54:07 - INFO - sentence_transformers.SentenceTransformer: Load pretrained SentenceTransformer: paraphrase-multilingual-mpnet-base-v2
22-11-04 03:54:10 - INFO - sentence_transformers.SentenceTransformer: Use pytorch device: cuda
22-11-04 03:54:10 - INFO - __main__: SBert model paraphrase-multilingual-mpnet-base-v2 is loaded.
22-11-04 03:54:12 - INFO - __main__: Num of SBert features: 768
22-11-04 03:54:13 - INFO - root: Generating sentence embeddings
22-11-04 03:54:21 - INFO - root: Generated sentence embeddings
22-11-04 03:54:21 - INFO - root: Training pytorch-MLP-nhid0-rmsprop-bs128 with (inner) 5-fold cross-validation
22-11-04 03:54:47 - INFO - root: Best param found at split 1: l2reg = 0.01                 with score 82.11
22-11-04 03:55:19 - INFO - root: Best param found at split 2: l2reg = 0.01                 with score 82.31
22-11-04 03:55:47 - INFO - root: Best param found at split 3: l2reg = 0.0001                 with score 82.38
22-11-04 03:56:17 - INFO - root: Best param found at split 4: l2reg = 0.001                 with score 81.98
22-11-04 03:56:44 - INFO - root: Best param found at split 5: l2reg = 0.01                 with score 81.83
22-11-04 03:56:46 - INFO - root: Generating sentence embeddings
22-11-04 03:56:49 - INFO - root: Generated sentence embeddings
22-11-04 03:56:49 - INFO - root: Training pytorch-MLP-nhid0-rmsprop-bs128 with (inner) 5-fold cross-validation
22-11-04 03:56:58 - INFO - root: Best param found at split 1: l2reg = 0.01                 with score 90.83
22-11-04 03:57:08 - INFO - root: Best param found at split 2: l2reg = 0.01                 with score 91.06
22-11-04 03:57:17 - INFO - root: Best param found at split 3: l2reg = 1e-05                 with score 91.26
22-11-04 03:57:27 - INFO - root: Best param found at split 4: l2reg = 1e-05                 with score 90.96
22-11-04 03:57:37 - INFO - root: Best param found at split 5: l2reg = 0.01                 with score 90.93
22-11-04 03:57:37 - INFO - root: Generating sentence embeddings
22-11-04 03:57:45 - INFO - root: Generated sentence embeddings
22-11-04 03:57:45 - INFO - root: Training pytorch-MLP-nhid0-rmsprop-bs128 with (inner) 5-fold cross-validation
22-11-04 03:58:10 - INFO - root: Best param found at split 1: l2reg = 0.01                 with score 92.14
22-11-04 03:58:40 - INFO - root: Best param found at split 2: l2reg = 0.01                 with score 92.66
22-11-04 03:59:06 - INFO - root: Best param found at split 3: l2reg = 0.01                 with score 92.79
22-11-04 03:59:36 - INFO - root: Best param found at split 4: l2reg = 0.01                 with score 92.6
22-11-04 04:00:03 - INFO - root: Best param found at split 5: l2reg = 1e-05                 with score 92.6
22-11-04 04:00:05 - INFO - root: Generating sentence embeddings
22-11-04 04:00:08 - INFO - root: Generated sentence embeddings
22-11-04 04:00:08 - INFO - root: Training pytorch-MLP-nhid0-rmsprop-bs128 with (inner) 5-fold cross-validation
22-11-04 04:00:31 - INFO - root: Best param found at split 1: l2reg = 0.01                 with score 89.77
22-11-04 04:01:00 - INFO - root: Best param found at split 2: l2reg = 0.0001                 with score 89.94
22-11-04 04:01:30 - INFO - root: Best param found at split 3: l2reg = 0.01                 with score 90.14
22-11-04 04:01:59 - INFO - root: Best param found at split 4: l2reg = 0.001                 with score 90.03
22-11-04 04:02:29 - INFO - root: Best param found at split 5: l2reg = 0.001                 with score 89.89
22-11-04 04:02:31 - INFO - root: Computing embedding for train
22-11-04 04:02:37 - INFO - root: Computed train embeddings
22-11-04 04:02:37 - INFO - root: Computing embedding for dev
22-11-04 04:02:37 - INFO - root: Computed dev embeddings
22-11-04 04:02:37 - INFO - root: Computing embedding for test
22-11-04 04:02:39 - INFO - root: Computed test embeddings
22-11-04 04:02:39 - INFO - root: Training pytorch-MLP-nhid0-rmsprop-bs128 with standard validation..
22-11-04 04:02:45 - INFO - root: [('reg:1e-05', 40.24), ('reg:0.0001', 40.51), ('reg:0.001', 42.42), ('reg:0.01', 42.14)]
22-11-04 04:02:45 - INFO - root: Validation : best param found is reg = 0.001 with score             42.42
22-11-04 04:02:45 - INFO - root: Evaluating...
22-11-04 04:02:47 - INFO - root: ***** Transfer task : TREC *****


22-11-04 04:02:49 - INFO - root: Computed train embeddings
22-11-04 04:02:49 - INFO - root: Computed test embeddings
22-11-04 04:02:49 - INFO - root: Training pytorch-MLP-nhid0-rmsprop-bs128 with 5-fold cross-validation
22-11-04 04:03:08 - INFO - root: [('reg:1e-05', 75.88), ('reg:0.0001', 75.81), ('reg:0.001', 76.56), ('reg:0.01', 76.36)]
22-11-04 04:03:08 - INFO - root: Cross-validation : best param found is reg = 0.001             with score 76.56
22-11-04 04:03:08 - INFO - root: Evaluating...
22-11-04 04:03:09 - INFO - root: ***** Transfer task : MRPC *****


22-11-04 04:03:09 - INFO - root: Computing embedding for train
22-11-04 04:03:15 - INFO - root: Computed train embeddings
22-11-04 04:03:15 - INFO - root: Computing embedding for test
22-11-04 04:03:18 - INFO - root: Computed test embeddings
22-11-04 04:03:18 - INFO - root: Training pytorch-MLP-nhid0-rmsprop-bs128 with 5-fold cross-validation
22-11-04 04:03:31 - INFO - root: [('reg:1e-05', 73.9), ('reg:0.0001', 73.99), ('reg:0.001', 73.99), ('reg:0.01', 74.73)]
22-11-04 04:03:31 - INFO - root: Cross-validation : best param found is reg = 0.01             with score 74.73
22-11-04 04:03:31 - INFO - root: Evaluating...
