22-11-04 01:45:02 - INFO - sentence_transformers.SentenceTransformer: Load pretrained SentenceTransformer: paraphrase-multilingual-mpnet-base-v2
22-11-04 01:45:04 - INFO - sentence_transformers.SentenceTransformer: Use pytorch device: cuda
22-11-04 01:45:04 - INFO - __main__: SBert model paraphrase-multilingual-mpnet-base-v2 is loaded.
22-11-04 01:45:06 - INFO - __main__: Num of SBert features: 768
22-11-04 01:45:07 - INFO - root: Generating sentence embeddings
22-11-04 01:45:15 - INFO - root: Generated sentence embeddings
22-11-04 01:45:15 - INFO - root: Training pytorch-MLP-nhid0-rmsprop-bs128 with (inner) 5-fold cross-validation
22-11-04 01:45:43 - INFO - root: Best param found at split 1: l2reg = 0.01                 with score 82.54
22-11-04 01:46:09 - INFO - root: Best param found at split 2: l2reg = 0.001                 with score 81.7
22-11-04 01:46:37 - INFO - root: Best param found at split 3: l2reg = 0.01                 with score 82.68
22-11-04 01:47:07 - INFO - root: Best param found at split 4: l2reg = 0.01                 with score 82.37
22-11-04 01:47:34 - INFO - root: Best param found at split 5: l2reg = 0.01                 with score 82.6
22-11-04 01:47:36 - INFO - root: Generating sentence embeddings
22-11-04 01:47:38 - INFO - root: Generated sentence embeddings
22-11-04 01:47:38 - INFO - root: Training pytorch-MLP-nhid0-rmsprop-bs128 with (inner) 5-fold cross-validation
22-11-04 01:47:47 - INFO - root: Best param found at split 1: l2reg = 1e-05                 with score 91.26
22-11-04 01:47:57 - INFO - root: Best param found at split 2: l2reg = 0.01                 with score 91.19
22-11-04 01:48:06 - INFO - root: Best param found at split 3: l2reg = 0.0001                 with score 91.26
22-11-04 01:48:16 - INFO - root: Best param found at split 4: l2reg = 0.01                 with score 91.13
22-11-04 01:48:26 - INFO - root: Best param found at split 5: l2reg = 0.01                 with score 90.76
22-11-04 01:48:26 - INFO - root: Generating sentence embeddings
22-11-04 01:48:34 - INFO - root: Generated sentence embeddings
22-11-04 01:48:34 - INFO - root: Training pytorch-MLP-nhid0-rmsprop-bs128 with (inner) 5-fold cross-validation
22-11-04 01:48:59 - INFO - root: Best param found at split 1: l2reg = 0.01                 with score 92.52
22-11-04 01:49:27 - INFO - root: Best param found at split 2: l2reg = 0.001                 with score 92.82
22-11-04 01:49:57 - INFO - root: Best param found at split 3: l2reg = 0.01                 with score 92.69
22-11-04 01:50:24 - INFO - root: Best param found at split 4: l2reg = 0.0001                 with score 92.66
22-11-04 01:50:50 - INFO - root: Best param found at split 5: l2reg = 0.01                 with score 92.34
22-11-04 01:50:51 - INFO - root: Generating sentence embeddings
22-11-04 01:50:55 - INFO - root: Generated sentence embeddings
22-11-04 01:50:55 - INFO - root: Training pytorch-MLP-nhid0-rmsprop-bs128 with (inner) 5-fold cross-validation
22-11-04 01:51:23 - INFO - root: Best param found at split 1: l2reg = 0.01                 with score 89.59
22-11-04 01:51:50 - INFO - root: Best param found at split 2: l2reg = 1e-05                 with score 88.95
22-11-04 01:52:20 - INFO - root: Best param found at split 3: l2reg = 0.01                 with score 89.55
22-11-04 01:52:46 - INFO - root: Best param found at split 4: l2reg = 0.01                 with score 89.91
22-11-04 01:53:17 - INFO - root: Best param found at split 5: l2reg = 1e-05                 with score 89.3
22-11-04 01:53:19 - INFO - root: Computing embedding for train
22-11-04 01:53:25 - INFO - root: Computed train embeddings
22-11-04 01:53:25 - INFO - root: Computing embedding for dev
22-11-04 01:53:25 - INFO - root: Computed dev embeddings
22-11-04 01:53:25 - INFO - root: Computing embedding for test
22-11-04 01:53:27 - INFO - root: Computed test embeddings
22-11-04 01:53:27 - INFO - root: Training pytorch-MLP-nhid0-rmsprop-bs128 with standard validation..
22-11-04 01:53:33 - INFO - root: [('reg:1e-05', 43.14), ('reg:0.0001', 41.87), ('reg:0.001', 41.69), ('reg:0.01', 41.78)]
22-11-04 01:53:33 - INFO - root: Validation : best param found is reg = 1e-05 with score             43.14
22-11-04 01:53:33 - INFO - root: Evaluating...
22-11-04 01:53:35 - INFO - root: ***** Transfer task : TREC *****


22-11-04 01:53:37 - INFO - root: Computed train embeddings
22-11-04 01:53:37 - INFO - root: Computed test embeddings
22-11-04 01:53:37 - INFO - root: Training pytorch-MLP-nhid0-rmsprop-bs128 with 5-fold cross-validation
22-11-04 01:53:55 - INFO - root: [('reg:1e-05', 73.79), ('reg:0.0001', 73.75), ('reg:0.001', 75.59), ('reg:0.01', 72.93)]
22-11-04 01:53:55 - INFO - root: Cross-validation : best param found is reg = 0.001             with score 75.59
22-11-04 01:53:55 - INFO - root: Evaluating...
22-11-04 01:53:56 - INFO - root: ***** Transfer task : MRPC *****


22-11-04 01:53:56 - INFO - root: Computing embedding for train
22-11-04 01:54:02 - INFO - root: Computed train embeddings
22-11-04 01:54:02 - INFO - root: Computing embedding for test
22-11-04 01:54:05 - INFO - root: Computed test embeddings
22-11-04 01:54:05 - INFO - root: Training pytorch-MLP-nhid0-rmsprop-bs128 with 5-fold cross-validation
22-11-04 01:54:16 - INFO - root: [('reg:1e-05', 74.39), ('reg:0.0001', 74.12), ('reg:0.001', 74.44), ('reg:0.01', 74.56)]
22-11-04 01:54:16 - INFO - root: Cross-validation : best param found is reg = 0.01             with score 74.56
22-11-04 01:54:16 - INFO - root: Evaluating...
