22-11-03 19:16:49 - INFO - sentence_transformers.SentenceTransformer: Load pretrained SentenceTransformer: paraphrase-multilingual-mpnet-base-v2
22-11-03 19:16:51 - INFO - sentence_transformers.SentenceTransformer: Use pytorch device: cuda
22-11-03 19:16:51 - INFO - __main__: SBert model paraphrase-multilingual-mpnet-base-v2 is loaded.
22-11-03 19:16:54 - INFO - __main__: Num of SBert features: 768
22-11-03 19:16:54 - INFO - root: Generating sentence embeddings
22-11-03 19:17:02 - INFO - root: Generated sentence embeddings
22-11-03 19:17:02 - INFO - root: Training pytorch-MLP-nhid0-rmsprop-bs128 with (inner) 5-fold cross-validation
22-11-03 19:17:30 - INFO - root: Best param found at split 1: l2reg = 0.001                 with score 80.16
22-11-03 19:17:59 - INFO - root: Best param found at split 2: l2reg = 1e-05                 with score 80.68
22-11-03 19:18:26 - INFO - root: Best param found at split 3: l2reg = 0.01                 with score 81.23
22-11-03 19:18:55 - INFO - root: Best param found at split 4: l2reg = 0.01                 with score 81.27
22-11-03 19:19:21 - INFO - root: Best param found at split 5: l2reg = 0.01                 with score 81.1
22-11-03 19:19:23 - INFO - root: Generating sentence embeddings
22-11-03 19:19:25 - INFO - root: Generated sentence embeddings
22-11-03 19:19:25 - INFO - root: Training pytorch-MLP-nhid0-rmsprop-bs128 with (inner) 5-fold cross-validation
22-11-03 19:19:33 - INFO - root: Best param found at split 1: l2reg = 0.01                 with score 90.53
22-11-03 19:19:43 - INFO - root: Best param found at split 2: l2reg = 1e-05                 with score 90.13
22-11-03 19:19:53 - INFO - root: Best param found at split 3: l2reg = 0.001                 with score 90.76
22-11-03 19:20:03 - INFO - root: Best param found at split 4: l2reg = 0.01                 with score 90.1
22-11-03 19:20:12 - INFO - root: Best param found at split 5: l2reg = 0.001                 with score 89.44
22-11-03 19:20:12 - INFO - root: Generating sentence embeddings
22-11-03 19:20:20 - INFO - root: Generated sentence embeddings
22-11-03 19:20:20 - INFO - root: Training pytorch-MLP-nhid0-rmsprop-bs128 with (inner) 5-fold cross-validation
22-11-03 19:20:44 - INFO - root: Best param found at split 1: l2reg = 1e-05                 with score 90.94
22-11-03 19:21:09 - INFO - root: Best param found at split 2: l2reg = 0.001                 with score 91.41
22-11-03 19:21:38 - INFO - root: Best param found at split 3: l2reg = 0.01                 with score 91.4
22-11-03 19:22:05 - INFO - root: Best param found at split 4: l2reg = 1e-05                 with score 91.14
22-11-03 19:22:32 - INFO - root: Best param found at split 5: l2reg = 1e-05                 with score 91.09
22-11-03 19:22:33 - INFO - root: Generating sentence embeddings
22-11-03 19:22:37 - INFO - root: Generated sentence embeddings
22-11-03 19:22:37 - INFO - root: Training pytorch-MLP-nhid0-rmsprop-bs128 with (inner) 5-fold cross-validation
22-11-03 19:23:02 - INFO - root: Best param found at split 1: l2reg = 1e-05                 with score 88.18
22-11-03 19:23:32 - INFO - root: Best param found at split 2: l2reg = 0.01                 with score 88.26
22-11-03 19:24:00 - INFO - root: Best param found at split 3: l2reg = 0.01                 with score 89.12
22-11-03 19:24:30 - INFO - root: Best param found at split 4: l2reg = 0.001                 with score 88.77
22-11-03 19:25:00 - INFO - root: Best param found at split 5: l2reg = 0.01                 with score 89.53
22-11-03 19:25:02 - INFO - root: Computing embedding for train
22-11-03 19:25:08 - INFO - root: Computed train embeddings
22-11-03 19:25:08 - INFO - root: Computing embedding for dev
22-11-03 19:25:09 - INFO - root: Computed dev embeddings
22-11-03 19:25:09 - INFO - root: Computing embedding for test
22-11-03 19:25:10 - INFO - root: Computed test embeddings
22-11-03 19:25:10 - INFO - root: Training pytorch-MLP-nhid0-rmsprop-bs128 with standard validation..
22-11-03 19:25:16 - INFO - root: [('reg:1e-05', 45.23), ('reg:0.0001', 43.51), ('reg:0.001', 44.14), ('reg:0.01', 45.78)]
22-11-03 19:25:16 - INFO - root: Validation : best param found is reg = 0.01 with score             45.78
22-11-03 19:25:16 - INFO - root: Evaluating...
22-11-03 19:25:17 - INFO - root: ***** Transfer task : TREC *****


22-11-03 19:25:20 - INFO - root: Computed train embeddings
22-11-03 19:25:20 - INFO - root: Computed test embeddings
22-11-03 19:25:20 - INFO - root: Training pytorch-MLP-nhid0-rmsprop-bs128 with 5-fold cross-validation
22-11-03 19:25:36 - INFO - root: [('reg:1e-05', 72.4), ('reg:0.0001', 72.4), ('reg:0.001', 72.47), ('reg:0.01', 71.44)]
22-11-03 19:25:36 - INFO - root: Cross-validation : best param found is reg = 0.001             with score 72.47
22-11-03 19:25:36 - INFO - root: Evaluating...
22-11-03 19:25:37 - INFO - root: ***** Transfer task : MRPC *****


22-11-03 19:25:37 - INFO - root: Computing embedding for train
22-11-03 19:25:43 - INFO - root: Computed train embeddings
22-11-03 19:25:43 - INFO - root: Computing embedding for test
22-11-03 19:25:46 - INFO - root: Computed test embeddings
22-11-03 19:25:46 - INFO - root: Training pytorch-MLP-nhid0-rmsprop-bs128 with 5-fold cross-validation
22-11-03 19:25:58 - INFO - root: [('reg:1e-05', 72.74), ('reg:0.0001', 73.21), ('reg:0.001', 72.91), ('reg:0.01', 74.04)]
22-11-03 19:25:58 - INFO - root: Cross-validation : best param found is reg = 0.01             with score 74.04
22-11-03 19:25:58 - INFO - root: Evaluating...
22-11-17 20:47:53 - INFO - sentence_transformers.SentenceTransformer: Load pretrained SentenceTransformer: paraphrase-multilingual-mpnet-base-v2
22-11-17 20:47:56 - INFO - sentence_transformers.SentenceTransformer: Use pytorch device: cuda
22-11-17 20:47:56 - INFO - __main__: SBert model paraphrase-multilingual-mpnet-base-v2 is loaded.
22-11-17 20:47:58 - INFO - __main__: Num of SBert features: 768
