22-11-04 12:11:37 - INFO - sentence_transformers.SentenceTransformer: Load pretrained SentenceTransformer: paraphrase-multilingual-mpnet-base-v2
22-11-04 12:11:39 - INFO - sentence_transformers.SentenceTransformer: Use pytorch device: cuda
22-11-04 12:11:39 - INFO - __main__: SBert model paraphrase-multilingual-mpnet-base-v2 is loaded.
22-11-04 12:11:41 - INFO - __main__: Num of SBert features: 768
22-11-04 12:11:42 - INFO - root: Generating sentence embeddings
22-11-04 12:11:50 - INFO - root: Generated sentence embeddings
22-11-04 12:11:50 - INFO - root: Training pytorch-MLP-nhid0-rmsprop-bs128 with (inner) 5-fold cross-validation
22-11-04 12:12:18 - INFO - root: Best param found at split 1: l2reg = 0.01                 with score 82.33
22-11-04 12:12:47 - INFO - root: Best param found at split 2: l2reg = 0.01                 with score 82.4
22-11-04 12:13:15 - INFO - root: Best param found at split 3: l2reg = 1e-05                 with score 81.77
22-11-04 12:13:42 - INFO - root: Best param found at split 4: l2reg = 0.01                 with score 82.81
22-11-04 12:14:13 - INFO - root: Best param found at split 5: l2reg = 0.01                 with score 82.86
22-11-04 12:14:14 - INFO - root: Generating sentence embeddings
22-11-04 12:14:17 - INFO - root: Generated sentence embeddings
22-11-04 12:14:17 - INFO - root: Training pytorch-MLP-nhid0-rmsprop-bs128 with (inner) 5-fold cross-validation
22-11-04 12:14:26 - INFO - root: Best param found at split 1: l2reg = 0.0001                 with score 90.99
22-11-04 12:14:37 - INFO - root: Best param found at split 2: l2reg = 1e-05                 with score 91.42
22-11-04 12:14:47 - INFO - root: Best param found at split 3: l2reg = 1e-05                 with score 91.69
22-11-04 12:14:57 - INFO - root: Best param found at split 4: l2reg = 0.0001                 with score 91.06
22-11-04 12:15:07 - INFO - root: Best param found at split 5: l2reg = 0.001                 with score 90.83
22-11-04 12:15:07 - INFO - root: Generating sentence embeddings
22-11-04 12:15:15 - INFO - root: Generated sentence embeddings
22-11-04 12:15:15 - INFO - root: Training pytorch-MLP-nhid0-rmsprop-bs128 with (inner) 5-fold cross-validation
22-11-04 12:15:44 - INFO - root: Best param found at split 1: l2reg = 0.01                 with score 92.64
22-11-04 12:16:15 - INFO - root: Best param found at split 2: l2reg = 0.01                 with score 93.04
22-11-04 12:16:43 - INFO - root: Best param found at split 3: l2reg = 0.0001                 with score 92.94
22-11-04 12:17:10 - INFO - root: Best param found at split 4: l2reg = 0.001                 with score 92.88
22-11-04 12:17:28 - INFO - root: Best param found at split 5: l2reg = 0.01                 with score 93.04
22-11-04 12:17:29 - INFO - root: Generating sentence embeddings
22-11-04 12:17:33 - INFO - root: Generated sentence embeddings
22-11-04 12:17:33 - INFO - root: Training pytorch-MLP-nhid0-rmsprop-bs128 with (inner) 5-fold cross-validation
22-11-04 12:17:58 - INFO - root: Best param found at split 1: l2reg = 0.01                 with score 90.19
22-11-04 12:18:26 - INFO - root: Best param found at split 2: l2reg = 0.01                 with score 89.69
22-11-04 12:18:56 - INFO - root: Best param found at split 3: l2reg = 0.01                 with score 90.1
22-11-04 12:19:27 - INFO - root: Best param found at split 4: l2reg = 0.01                 with score 89.61
22-11-04 12:19:55 - INFO - root: Best param found at split 5: l2reg = 0.0001                 with score 89.78
22-11-04 12:19:57 - INFO - root: Computing embedding for train
22-11-04 12:20:03 - INFO - root: Computed train embeddings
22-11-04 12:20:03 - INFO - root: Computing embedding for dev
22-11-04 12:20:04 - INFO - root: Computed dev embeddings
22-11-04 12:20:04 - INFO - root: Computing embedding for test
22-11-04 12:20:06 - INFO - root: Computed test embeddings
22-11-04 12:20:06 - INFO - root: Training pytorch-MLP-nhid0-rmsprop-bs128 with standard validation..
22-11-04 12:20:11 - INFO - root: [('reg:1e-05', 41.51), ('reg:0.0001', 44.32), ('reg:0.001', 40.33), ('reg:0.01', 43.23)]
22-11-04 12:20:11 - INFO - root: Validation : best param found is reg = 0.0001 with score             44.32
22-11-04 12:20:11 - INFO - root: Evaluating...
22-11-04 12:20:13 - INFO - root: ***** Transfer task : TREC *****


22-11-04 12:20:15 - INFO - root: Computed train embeddings
22-11-04 12:20:15 - INFO - root: Computed test embeddings
22-11-04 12:20:15 - INFO - root: Training pytorch-MLP-nhid0-rmsprop-bs128 with 5-fold cross-validation
22-11-04 12:20:34 - INFO - root: [('reg:1e-05', 78.52), ('reg:0.0001', 76.08), ('reg:0.001', 75.44), ('reg:0.01', 75.18)]
22-11-04 12:20:34 - INFO - root: Cross-validation : best param found is reg = 1e-05             with score 78.52
22-11-04 12:20:34 - INFO - root: Evaluating...
22-11-04 12:20:35 - INFO - root: ***** Transfer task : MRPC *****


22-11-04 12:20:35 - INFO - root: Computing embedding for train
22-11-04 12:20:41 - INFO - root: Computed train embeddings
22-11-04 12:20:41 - INFO - root: Computing embedding for test
22-11-04 12:20:44 - INFO - root: Computed test embeddings
22-11-04 12:20:44 - INFO - root: Training pytorch-MLP-nhid0-rmsprop-bs128 with 5-fold cross-validation
22-11-04 12:20:55 - INFO - root: [('reg:1e-05', 74.31), ('reg:0.0001', 74.09), ('reg:0.001', 73.87), ('reg:0.01', 74.39)]
22-11-04 12:20:55 - INFO - root: Cross-validation : best param found is reg = 0.01             with score 74.39
22-11-04 12:20:55 - INFO - root: Evaluating...
