22-11-03 14:53:27 - INFO - sentence_transformers.SentenceTransformer: Load pretrained SentenceTransformer: paraphrase-multilingual-mpnet-base-v2
22-11-03 14:53:30 - INFO - sentence_transformers.SentenceTransformer: Use pytorch device: cuda
22-11-03 14:53:30 - INFO - __main__: SBert model paraphrase-multilingual-mpnet-base-v2 is loaded.
22-11-03 14:53:32 - INFO - __main__: Num of SBert features: 768
22-11-03 14:53:33 - INFO - root: Generating sentence embeddings
22-11-03 14:53:41 - INFO - root: Generated sentence embeddings
22-11-03 14:53:41 - INFO - root: Training pytorch-MLP-nhid0-rmsprop-bs128 with (inner) 5-fold cross-validation
22-11-03 14:54:07 - INFO - root: Best param found at split 1: l2reg = 0.01                 with score 81.05
22-11-03 14:54:33 - INFO - root: Best param found at split 2: l2reg = 0.01                 with score 81.62
22-11-03 14:55:00 - INFO - root: Best param found at split 3: l2reg = 0.001                 with score 81.47
22-11-03 14:55:29 - INFO - root: Best param found at split 4: l2reg = 0.01                 with score 81.43
22-11-03 14:55:59 - INFO - root: Best param found at split 5: l2reg = 0.01                 with score 81.48
22-11-03 14:56:01 - INFO - root: Generating sentence embeddings
22-11-03 14:56:03 - INFO - root: Generated sentence embeddings
22-11-03 14:56:03 - INFO - root: Training pytorch-MLP-nhid0-rmsprop-bs128 with (inner) 5-fold cross-validation
22-11-03 14:56:11 - INFO - root: Best param found at split 1: l2reg = 0.01                 with score 90.56
22-11-03 14:56:21 - INFO - root: Best param found at split 2: l2reg = 1e-05                 with score 90.86
22-11-03 14:56:30 - INFO - root: Best param found at split 3: l2reg = 0.01                 with score 90.76
22-11-03 14:56:39 - INFO - root: Best param found at split 4: l2reg = 0.001                 with score 90.26
22-11-03 14:56:50 - INFO - root: Best param found at split 5: l2reg = 0.001                 with score 90.4
22-11-03 14:56:51 - INFO - root: Generating sentence embeddings
22-11-03 14:56:59 - INFO - root: Generated sentence embeddings
22-11-03 14:56:59 - INFO - root: Training pytorch-MLP-nhid0-rmsprop-bs128 with (inner) 5-fold cross-validation
22-11-03 14:57:24 - INFO - root: Best param found at split 1: l2reg = 0.001                 with score 90.61
22-11-03 14:57:51 - INFO - root: Best param found at split 2: l2reg = 0.0001                 with score 90.95
22-11-03 14:58:19 - INFO - root: Best param found at split 3: l2reg = 0.001                 with score 90.88
22-11-03 14:58:45 - INFO - root: Best param found at split 4: l2reg = 0.01                 with score 90.6
22-11-03 14:59:09 - INFO - root: Best param found at split 5: l2reg = 0.001                 with score 90.06
22-11-03 14:59:10 - INFO - root: Generating sentence embeddings
22-11-03 14:59:14 - INFO - root: Generated sentence embeddings
22-11-03 14:59:14 - INFO - root: Training pytorch-MLP-nhid0-rmsprop-bs128 with (inner) 5-fold cross-validation
22-11-03 14:59:38 - INFO - root: Best param found at split 1: l2reg = 0.01                 with score 86.55
22-11-03 15:00:05 - INFO - root: Best param found at split 2: l2reg = 0.01                 with score 87.46
22-11-03 15:00:34 - INFO - root: Best param found at split 3: l2reg = 0.001                 with score 87.96
22-11-03 15:01:03 - INFO - root: Best param found at split 4: l2reg = 0.01                 with score 88.2
22-11-03 15:01:33 - INFO - root: Best param found at split 5: l2reg = 0.01                 with score 87.86
22-11-03 15:01:34 - INFO - root: Computing embedding for train
22-11-03 15:01:40 - INFO - root: Computed train embeddings
22-11-03 15:01:40 - INFO - root: Computing embedding for dev
22-11-03 15:01:41 - INFO - root: Computed dev embeddings
22-11-03 15:01:41 - INFO - root: Computing embedding for test
22-11-03 15:01:42 - INFO - root: Computed test embeddings
22-11-03 15:01:42 - INFO - root: Training pytorch-MLP-nhid0-rmsprop-bs128 with standard validation..
22-11-03 15:01:49 - INFO - root: [('reg:1e-05', 45.05), ('reg:0.0001', 45.05), ('reg:0.001', 44.96), ('reg:0.01', 47.68)]
22-11-03 15:01:49 - INFO - root: Validation : best param found is reg = 0.01 with score             47.68
22-11-03 15:01:49 - INFO - root: Evaluating...
22-11-03 15:01:51 - INFO - root: ***** Transfer task : TREC *****


22-11-03 15:01:54 - INFO - root: Computed train embeddings
22-11-03 15:01:54 - INFO - root: Computed test embeddings
22-11-03 15:01:54 - INFO - root: Training pytorch-MLP-nhid0-rmsprop-bs128 with 5-fold cross-validation
22-11-03 15:02:10 - INFO - root: [('reg:1e-05', 72.65), ('reg:0.0001', 72.63), ('reg:0.001', 72.3), ('reg:0.01', 71.41)]
22-11-03 15:02:10 - INFO - root: Cross-validation : best param found is reg = 1e-05             with score 72.65
22-11-03 15:02:10 - INFO - root: Evaluating...
22-11-03 15:02:12 - INFO - root: ***** Transfer task : MRPC *****


22-11-03 15:02:12 - INFO - root: Computing embedding for train
22-11-03 15:02:18 - INFO - root: Computed train embeddings
22-11-03 15:02:18 - INFO - root: Computing embedding for test
22-11-03 15:02:20 - INFO - root: Computed test embeddings
22-11-03 15:02:20 - INFO - root: Training pytorch-MLP-nhid0-rmsprop-bs128 with 5-fold cross-validation
22-11-03 15:02:35 - INFO - root: [('reg:1e-05', 73.43), ('reg:0.0001', 73.48), ('reg:0.001', 73.38), ('reg:0.01', 73.97)]
22-11-03 15:02:35 - INFO - root: Cross-validation : best param found is reg = 0.01             with score 73.97
22-11-03 15:02:35 - INFO - root: Evaluating...
22-11-17 19:08:58 - INFO - sentence_transformers.SentenceTransformer: Load pretrained SentenceTransformer: paraphrase-multilingual-mpnet-base-v2
22-11-17 19:09:01 - INFO - sentence_transformers.SentenceTransformer: Use pytorch device: cuda
22-11-17 19:09:01 - INFO - __main__: SBert model paraphrase-multilingual-mpnet-base-v2 is loaded.
22-11-17 19:09:03 - INFO - __main__: Num of SBert features: 768
