22-11-04 03:22:30 - INFO - sentence_transformers.SentenceTransformer: Load pretrained SentenceTransformer: paraphrase-multilingual-mpnet-base-v2
22-11-04 03:22:32 - INFO - sentence_transformers.SentenceTransformer: Use pytorch device: cuda
22-11-04 03:22:32 - INFO - __main__: SBert model paraphrase-multilingual-mpnet-base-v2 is loaded.
22-11-04 03:22:35 - INFO - __main__: Num of SBert features: 768
22-11-04 03:22:35 - INFO - root: Generating sentence embeddings
22-11-04 03:22:43 - INFO - root: Generated sentence embeddings
22-11-04 03:22:43 - INFO - root: Training pytorch-MLP-nhid0-rmsprop-bs128 with (inner) 5-fold cross-validation
22-11-04 03:23:09 - INFO - root: Best param found at split 1: l2reg = 0.01                 with score 82.74
22-11-04 03:23:35 - INFO - root: Best param found at split 2: l2reg = 0.0001                 with score 82.62
22-11-04 03:24:04 - INFO - root: Best param found at split 3: l2reg = 0.01                 with score 82.34
22-11-04 03:24:30 - INFO - root: Best param found at split 4: l2reg = 0.01                 with score 82.38
22-11-04 03:25:00 - INFO - root: Best param found at split 5: l2reg = 0.01                 with score 82.37
22-11-04 03:25:02 - INFO - root: Generating sentence embeddings
22-11-04 03:25:04 - INFO - root: Generated sentence embeddings
22-11-04 03:25:04 - INFO - root: Training pytorch-MLP-nhid0-rmsprop-bs128 with (inner) 5-fold cross-validation
22-11-04 03:25:15 - INFO - root: Best param found at split 1: l2reg = 0.01                 with score 90.73
22-11-04 03:25:26 - INFO - root: Best param found at split 2: l2reg = 0.0001                 with score 90.5
22-11-04 03:25:35 - INFO - root: Best param found at split 3: l2reg = 0.0001                 with score 90.46
22-11-04 03:25:45 - INFO - root: Best param found at split 4: l2reg = 0.01                 with score 91.03
22-11-04 03:25:54 - INFO - root: Best param found at split 5: l2reg = 1e-05                 with score 90.76
22-11-04 03:25:55 - INFO - root: Generating sentence embeddings
22-11-04 03:26:03 - INFO - root: Generated sentence embeddings
22-11-04 03:26:03 - INFO - root: Training pytorch-MLP-nhid0-rmsprop-bs128 with (inner) 5-fold cross-validation
22-11-04 03:26:29 - INFO - root: Best param found at split 1: l2reg = 0.01                 with score 92.01
22-11-04 03:26:51 - INFO - root: Best param found at split 2: l2reg = 0.01                 with score 92.41
22-11-04 03:27:19 - INFO - root: Best param found at split 3: l2reg = 0.01                 with score 92.18
22-11-04 03:27:46 - INFO - root: Best param found at split 4: l2reg = 0.01                 with score 92.39
22-11-04 03:28:12 - INFO - root: Best param found at split 5: l2reg = 0.01                 with score 92.42
22-11-04 03:28:14 - INFO - root: Generating sentence embeddings
22-11-04 03:28:17 - INFO - root: Generated sentence embeddings
22-11-04 03:28:17 - INFO - root: Training pytorch-MLP-nhid0-rmsprop-bs128 with (inner) 5-fold cross-validation
22-11-04 03:28:46 - INFO - root: Best param found at split 1: l2reg = 1e-05                 with score 89.23
22-11-04 03:29:14 - INFO - root: Best param found at split 2: l2reg = 0.01                 with score 89.75
22-11-04 03:29:40 - INFO - root: Best param found at split 3: l2reg = 0.01                 with score 89.66
22-11-04 03:29:57 - INFO - root: Best param found at split 4: l2reg = 0.01                 with score 89.9
22-11-04 03:30:24 - INFO - root: Best param found at split 5: l2reg = 0.001                 with score 89.69
22-11-04 03:30:25 - INFO - root: Computing embedding for train
22-11-04 03:30:31 - INFO - root: Computed train embeddings
22-11-04 03:30:31 - INFO - root: Computing embedding for dev
22-11-04 03:30:32 - INFO - root: Computed dev embeddings
22-11-04 03:30:32 - INFO - root: Computing embedding for test
22-11-04 03:30:33 - INFO - root: Computed test embeddings
22-11-04 03:30:33 - INFO - root: Training pytorch-MLP-nhid0-rmsprop-bs128 with standard validation..
22-11-04 03:30:40 - INFO - root: [('reg:1e-05', 40.33), ('reg:0.0001', 43.32), ('reg:0.001', 43.6), ('reg:0.01', 43.05)]
22-11-04 03:30:40 - INFO - root: Validation : best param found is reg = 0.001 with score             43.6
22-11-04 03:30:40 - INFO - root: Evaluating...
22-11-04 03:30:42 - INFO - root: ***** Transfer task : TREC *****


22-11-04 03:30:45 - INFO - root: Computed train embeddings
22-11-04 03:30:45 - INFO - root: Computed test embeddings
22-11-04 03:30:45 - INFO - root: Training pytorch-MLP-nhid0-rmsprop-bs128 with 5-fold cross-validation
22-11-04 03:31:06 - INFO - root: [('reg:1e-05', 78.01), ('reg:0.0001', 76.98), ('reg:0.001', 77.48), ('reg:0.01', 77.11)]
22-11-04 03:31:06 - INFO - root: Cross-validation : best param found is reg = 1e-05             with score 78.01
22-11-04 03:31:06 - INFO - root: Evaluating...
22-11-04 03:31:07 - INFO - root: ***** Transfer task : MRPC *****


22-11-04 03:31:07 - INFO - root: Computing embedding for train
22-11-04 03:31:13 - INFO - root: Computed train embeddings
22-11-04 03:31:13 - INFO - root: Computing embedding for test
22-11-04 03:31:16 - INFO - root: Computed test embeddings
22-11-04 03:31:16 - INFO - root: Training pytorch-MLP-nhid0-rmsprop-bs128 with 5-fold cross-validation
22-11-04 03:31:28 - INFO - root: [('reg:1e-05', 74.14), ('reg:0.0001', 74.19), ('reg:0.001', 73.97), ('reg:0.01', 74.71)]
22-11-04 03:31:28 - INFO - root: Cross-validation : best param found is reg = 0.01             with score 74.71
22-11-04 03:31:28 - INFO - root: Evaluating...
