22-11-04 05:30:44 - INFO - sentence_transformers.SentenceTransformer: Load pretrained SentenceTransformer: paraphrase-multilingual-mpnet-base-v2
22-11-04 05:30:46 - INFO - sentence_transformers.SentenceTransformer: Use pytorch device: cuda
22-11-04 05:30:46 - INFO - __main__: SBert model paraphrase-multilingual-mpnet-base-v2 is loaded.
22-11-04 05:30:49 - INFO - __main__: Num of SBert features: 768
22-11-04 05:30:49 - INFO - root: Generating sentence embeddings
22-11-04 05:30:57 - INFO - root: Generated sentence embeddings
22-11-04 05:30:57 - INFO - root: Training pytorch-MLP-nhid0-rmsprop-bs128 with (inner) 5-fold cross-validation
22-11-04 05:31:24 - INFO - root: Best param found at split 1: l2reg = 0.01                 with score 81.12
22-11-04 05:31:51 - INFO - root: Best param found at split 2: l2reg = 1e-05                 with score 81.45
22-11-04 05:32:18 - INFO - root: Best param found at split 3: l2reg = 0.0001                 with score 81.74
22-11-04 05:32:45 - INFO - root: Best param found at split 4: l2reg = 0.001                 with score 81.99
22-11-04 05:33:11 - INFO - root: Best param found at split 5: l2reg = 0.01                 with score 82.02
22-11-04 05:33:12 - INFO - root: Generating sentence embeddings
22-11-04 05:33:15 - INFO - root: Generated sentence embeddings
22-11-04 05:33:15 - INFO - root: Training pytorch-MLP-nhid0-rmsprop-bs128 with (inner) 5-fold cross-validation
22-11-04 05:33:24 - INFO - root: Best param found at split 1: l2reg = 1e-05                 with score 90.93
22-11-04 05:33:34 - INFO - root: Best param found at split 2: l2reg = 0.0001                 with score 91.39
22-11-04 05:33:42 - INFO - root: Best param found at split 3: l2reg = 0.01                 with score 91.56
22-11-04 05:33:53 - INFO - root: Best param found at split 4: l2reg = 1e-05                 with score 91.39
22-11-04 05:34:04 - INFO - root: Best param found at split 5: l2reg = 1e-05                 with score 91.06
22-11-04 05:34:05 - INFO - root: Generating sentence embeddings
22-11-04 05:34:12 - INFO - root: Generated sentence embeddings
22-11-04 05:34:12 - INFO - root: Training pytorch-MLP-nhid0-rmsprop-bs128 with (inner) 5-fold cross-validation
22-11-04 05:34:38 - INFO - root: Best param found at split 1: l2reg = 0.01                 with score 92.18
22-11-04 05:34:55 - INFO - root: Best param found at split 2: l2reg = 0.01                 with score 92.66
22-11-04 05:35:18 - INFO - root: Best param found at split 3: l2reg = 0.0001                 with score 92.38
22-11-04 05:35:44 - INFO - root: Best param found at split 4: l2reg = 0.01                 with score 92.19
22-11-04 05:36:12 - INFO - root: Best param found at split 5: l2reg = 0.0001                 with score 92.3
22-11-04 05:36:13 - INFO - root: Generating sentence embeddings
22-11-04 05:36:17 - INFO - root: Generated sentence embeddings
22-11-04 05:36:17 - INFO - root: Training pytorch-MLP-nhid0-rmsprop-bs128 with (inner) 5-fold cross-validation
22-11-04 05:36:43 - INFO - root: Best param found at split 1: l2reg = 0.001                 with score 89.38
22-11-04 05:37:11 - INFO - root: Best param found at split 2: l2reg = 0.01                 with score 89.22
22-11-04 05:37:40 - INFO - root: Best param found at split 3: l2reg = 1e-05                 with score 88.98
22-11-04 05:38:08 - INFO - root: Best param found at split 4: l2reg = 0.01                 with score 89.12
22-11-04 05:38:40 - INFO - root: Best param found at split 5: l2reg = 0.01                 with score 89.68
22-11-04 05:38:41 - INFO - root: Computing embedding for train
22-11-04 05:38:47 - INFO - root: Computed train embeddings
22-11-04 05:38:47 - INFO - root: Computing embedding for dev
22-11-04 05:38:48 - INFO - root: Computed dev embeddings
22-11-04 05:38:48 - INFO - root: Computing embedding for test
22-11-04 05:38:49 - INFO - root: Computed test embeddings
22-11-04 05:38:49 - INFO - root: Training pytorch-MLP-nhid0-rmsprop-bs128 with standard validation..
22-11-04 05:38:55 - INFO - root: [('reg:1e-05', 39.24), ('reg:0.0001', 41.78), ('reg:0.001', 43.32), ('reg:0.01', 42.23)]
22-11-04 05:38:55 - INFO - root: Validation : best param found is reg = 0.001 with score             43.32
22-11-04 05:38:55 - INFO - root: Evaluating...
22-11-04 05:38:57 - INFO - root: ***** Transfer task : TREC *****


22-11-04 05:39:00 - INFO - root: Computed train embeddings
22-11-04 05:39:00 - INFO - root: Computed test embeddings
22-11-04 05:39:00 - INFO - root: Training pytorch-MLP-nhid0-rmsprop-bs128 with 5-fold cross-validation
22-11-04 05:39:19 - INFO - root: [('reg:1e-05', 72.82), ('reg:0.0001', 75.88), ('reg:0.001', 73.48), ('reg:0.01', 73.57)]
22-11-04 05:39:19 - INFO - root: Cross-validation : best param found is reg = 0.0001             with score 75.88
22-11-04 05:39:19 - INFO - root: Evaluating...
22-11-04 05:39:20 - INFO - root: ***** Transfer task : MRPC *****


22-11-04 05:39:20 - INFO - root: Computing embedding for train
22-11-04 05:39:26 - INFO - root: Computed train embeddings
22-11-04 05:39:26 - INFO - root: Computing embedding for test
22-11-04 05:39:29 - INFO - root: Computed test embeddings
22-11-04 05:39:29 - INFO - root: Training pytorch-MLP-nhid0-rmsprop-bs128 with 5-fold cross-validation
22-11-04 05:39:45 - INFO - root: [('reg:1e-05', 73.87), ('reg:0.0001', 73.97), ('reg:0.001', 73.82), ('reg:0.01', 74.19)]
22-11-04 05:39:45 - INFO - root: Cross-validation : best param found is reg = 0.01             with score 74.19
22-11-04 05:39:45 - INFO - root: Evaluating...
