22-11-03 14:26:30 - INFO - sentence_transformers.SentenceTransformer: Load pretrained SentenceTransformer: paraphrase-multilingual-mpnet-base-v2
22-11-03 14:26:32 - INFO - sentence_transformers.SentenceTransformer: Use pytorch device: cuda
22-11-03 14:26:32 - INFO - __main__: SBert model paraphrase-multilingual-mpnet-base-v2 is loaded.
22-11-03 14:26:34 - INFO - __main__: Num of SBert features: 768
22-11-03 14:26:35 - INFO - root: Generating sentence embeddings
22-11-03 14:26:43 - INFO - root: Generated sentence embeddings
22-11-03 14:26:43 - INFO - root: Training pytorch-MLP-nhid0-rmsprop-bs128 with (inner) 5-fold cross-validation
22-11-03 14:27:11 - INFO - root: Best param found at split 1: l2reg = 0.01                 with score 81.03
22-11-03 14:27:37 - INFO - root: Best param found at split 2: l2reg = 1e-05                 with score 81.21
22-11-03 14:28:05 - INFO - root: Best param found at split 3: l2reg = 0.001                 with score 81.0
22-11-03 14:28:32 - INFO - root: Best param found at split 4: l2reg = 0.01                 with score 80.79
22-11-03 14:29:02 - INFO - root: Best param found at split 5: l2reg = 0.01                 with score 80.56
22-11-03 14:29:04 - INFO - root: Generating sentence embeddings
22-11-03 14:29:06 - INFO - root: Generated sentence embeddings
22-11-03 14:29:06 - INFO - root: Training pytorch-MLP-nhid0-rmsprop-bs128 with (inner) 5-fold cross-validation
22-11-03 14:29:15 - INFO - root: Best param found at split 1: l2reg = 0.01                 with score 90.33
22-11-03 14:29:25 - INFO - root: Best param found at split 2: l2reg = 1e-05                 with score 90.43
22-11-03 14:29:35 - INFO - root: Best param found at split 3: l2reg = 0.01                 with score 90.96
22-11-03 14:29:44 - INFO - root: Best param found at split 4: l2reg = 0.01                 with score 90.4
22-11-03 14:29:55 - INFO - root: Best param found at split 5: l2reg = 0.01                 with score 90.83
22-11-03 14:29:56 - INFO - root: Generating sentence embeddings
22-11-03 14:30:03 - INFO - root: Generated sentence embeddings
22-11-03 14:30:03 - INFO - root: Training pytorch-MLP-nhid0-rmsprop-bs128 with (inner) 5-fold cross-validation
22-11-03 14:30:28 - INFO - root: Best param found at split 1: l2reg = 0.001                 with score 89.55
22-11-03 14:30:54 - INFO - root: Best param found at split 2: l2reg = 0.0001                 with score 90.05
22-11-03 14:31:20 - INFO - root: Best param found at split 3: l2reg = 0.001                 with score 90.16
22-11-03 14:31:47 - INFO - root: Best param found at split 4: l2reg = 0.0001                 with score 89.94
22-11-03 14:32:15 - INFO - root: Best param found at split 5: l2reg = 0.01                 with score 89.51
22-11-03 14:32:17 - INFO - root: Generating sentence embeddings
22-11-03 14:32:21 - INFO - root: Generated sentence embeddings
22-11-03 14:32:21 - INFO - root: Training pytorch-MLP-nhid0-rmsprop-bs128 with (inner) 5-fold cross-validation
22-11-03 14:32:49 - INFO - root: Best param found at split 1: l2reg = 0.01                 with score 87.93
22-11-03 14:33:16 - INFO - root: Best param found at split 2: l2reg = 0.0001                 with score 87.6
22-11-03 14:33:46 - INFO - root: Best param found at split 3: l2reg = 0.001                 with score 88.07
22-11-03 14:34:14 - INFO - root: Best param found at split 4: l2reg = 0.01                 with score 87.87
22-11-03 14:34:45 - INFO - root: Best param found at split 5: l2reg = 1e-05                 with score 88.04
22-11-03 14:34:47 - INFO - root: Computing embedding for train
22-11-03 14:34:52 - INFO - root: Computed train embeddings
22-11-03 14:34:52 - INFO - root: Computing embedding for dev
22-11-03 14:34:53 - INFO - root: Computed dev embeddings
22-11-03 14:34:53 - INFO - root: Computing embedding for test
22-11-03 14:34:55 - INFO - root: Computed test embeddings
22-11-03 14:34:55 - INFO - root: Training pytorch-MLP-nhid0-rmsprop-bs128 with standard validation..
22-11-03 14:35:04 - INFO - root: [('reg:1e-05', 42.51), ('reg:0.0001', 42.51), ('reg:0.001', 42.96), ('reg:0.01', 44.96)]
22-11-03 14:35:04 - INFO - root: Validation : best param found is reg = 0.01 with score             44.96
22-11-03 14:35:04 - INFO - root: Evaluating...
22-11-03 14:35:06 - INFO - root: ***** Transfer task : TREC *****


22-11-03 14:35:09 - INFO - root: Computed train embeddings
22-11-03 14:35:09 - INFO - root: Computed test embeddings
22-11-03 14:35:09 - INFO - root: Training pytorch-MLP-nhid0-rmsprop-bs128 with 5-fold cross-validation
22-11-03 14:35:27 - INFO - root: [('reg:1e-05', 71.83), ('reg:0.0001', 71.86), ('reg:0.001', 71.74), ('reg:0.01', 70.01)]
22-11-03 14:35:27 - INFO - root: Cross-validation : best param found is reg = 0.0001             with score 71.86
22-11-03 14:35:27 - INFO - root: Evaluating...
22-11-03 14:35:28 - INFO - root: ***** Transfer task : MRPC *****


22-11-03 14:35:28 - INFO - root: Computing embedding for train
22-11-03 14:35:34 - INFO - root: Computed train embeddings
22-11-03 14:35:34 - INFO - root: Computing embedding for test
22-11-03 14:35:36 - INFO - root: Computed test embeddings
22-11-03 14:35:36 - INFO - root: Training pytorch-MLP-nhid0-rmsprop-bs128 with 5-fold cross-validation
22-11-03 14:35:50 - INFO - root: [('reg:1e-05', 73.45), ('reg:0.0001', 73.55), ('reg:0.001', 73.58), ('reg:0.01', 73.28)]
22-11-03 14:35:50 - INFO - root: Cross-validation : best param found is reg = 0.001             with score 73.58
22-11-03 14:35:50 - INFO - root: Evaluating...
22-11-17 18:55:28 - INFO - sentence_transformers.SentenceTransformer: Load pretrained SentenceTransformer: paraphrase-multilingual-mpnet-base-v2
22-11-17 18:55:30 - INFO - sentence_transformers.SentenceTransformer: Use pytorch device: cuda
22-11-17 18:55:30 - INFO - __main__: SBert model paraphrase-multilingual-mpnet-base-v2 is loaded.
22-11-17 18:55:32 - INFO - __main__: Num of SBert features: 768
