22-11-03 20:42:26 - INFO - sentence_transformers.SentenceTransformer: Load pretrained SentenceTransformer: paraphrase-multilingual-mpnet-base-v2
22-11-03 20:42:28 - INFO - sentence_transformers.SentenceTransformer: Use pytorch device: cuda
22-11-03 20:42:28 - INFO - __main__: SBert model paraphrase-multilingual-mpnet-base-v2 is loaded.
22-11-03 20:42:30 - INFO - __main__: Num of SBert features: 768
22-11-03 20:42:31 - INFO - root: Generating sentence embeddings
22-11-03 20:42:39 - INFO - root: Generated sentence embeddings
22-11-03 20:42:39 - INFO - root: Training pytorch-MLP-nhid0-rmsprop-bs128 with (inner) 5-fold cross-validation
22-11-03 20:43:04 - INFO - root: Best param found at split 1: l2reg = 1e-05                 with score 80.56
22-11-03 20:43:28 - INFO - root: Best param found at split 2: l2reg = 0.01                 with score 81.04
22-11-03 20:43:57 - INFO - root: Best param found at split 3: l2reg = 0.01                 with score 81.3
22-11-03 20:44:27 - INFO - root: Best param found at split 4: l2reg = 0.01                 with score 81.21
22-11-03 20:44:57 - INFO - root: Best param found at split 5: l2reg = 0.01                 with score 81.0
22-11-03 20:44:59 - INFO - root: Generating sentence embeddings
22-11-03 20:45:01 - INFO - root: Generated sentence embeddings
22-11-03 20:45:01 - INFO - root: Training pytorch-MLP-nhid0-rmsprop-bs128 with (inner) 5-fold cross-validation
22-11-03 20:45:10 - INFO - root: Best param found at split 1: l2reg = 1e-05                 with score 90.6
22-11-03 20:45:19 - INFO - root: Best param found at split 2: l2reg = 0.01                 with score 90.6
22-11-03 20:45:30 - INFO - root: Best param found at split 3: l2reg = 0.01                 with score 90.86
22-11-03 20:45:39 - INFO - root: Best param found at split 4: l2reg = 1e-05                 with score 90.6
22-11-03 20:45:50 - INFO - root: Best param found at split 5: l2reg = 0.01                 with score 90.4
22-11-03 20:45:50 - INFO - root: Generating sentence embeddings
22-11-03 20:45:58 - INFO - root: Generated sentence embeddings
22-11-03 20:45:58 - INFO - root: Training pytorch-MLP-nhid0-rmsprop-bs128 with (inner) 5-fold cross-validation
22-11-03 20:46:23 - INFO - root: Best param found at split 1: l2reg = 0.01                 with score 91.59
22-11-03 20:46:49 - INFO - root: Best param found at split 2: l2reg = 0.01                 with score 91.75
22-11-03 20:47:17 - INFO - root: Best param found at split 3: l2reg = 0.001                 with score 91.78
22-11-03 20:47:43 - INFO - root: Best param found at split 4: l2reg = 0.01                 with score 91.45
22-11-03 20:48:08 - INFO - root: Best param found at split 5: l2reg = 0.01                 with score 91.61
22-11-03 20:48:09 - INFO - root: Generating sentence embeddings
22-11-03 20:48:13 - INFO - root: Generated sentence embeddings
22-11-03 20:48:13 - INFO - root: Training pytorch-MLP-nhid0-rmsprop-bs128 with (inner) 5-fold cross-validation
22-11-03 20:48:38 - INFO - root: Best param found at split 1: l2reg = 0.01                 with score 88.65
22-11-03 20:49:05 - INFO - root: Best param found at split 2: l2reg = 1e-05                 with score 88.66
22-11-03 20:49:35 - INFO - root: Best param found at split 3: l2reg = 0.001                 with score 88.98
22-11-03 20:50:02 - INFO - root: Best param found at split 4: l2reg = 0.01                 with score 89.25
22-11-03 20:50:34 - INFO - root: Best param found at split 5: l2reg = 1e-05                 with score 88.0
22-11-03 20:50:35 - INFO - root: Computing embedding for train
22-11-03 20:50:41 - INFO - root: Computed train embeddings
22-11-03 20:50:41 - INFO - root: Computing embedding for dev
22-11-03 20:50:42 - INFO - root: Computed dev embeddings
22-11-03 20:50:42 - INFO - root: Computing embedding for test
22-11-03 20:50:43 - INFO - root: Computed test embeddings
22-11-03 20:50:43 - INFO - root: Training pytorch-MLP-nhid0-rmsprop-bs128 with standard validation..
22-11-03 20:50:49 - INFO - root: [('reg:1e-05', 45.05), ('reg:0.0001', 45.23), ('reg:0.001', 44.78), ('reg:0.01', 44.14)]
22-11-03 20:50:49 - INFO - root: Validation : best param found is reg = 0.0001 with score             45.23
22-11-03 20:50:49 - INFO - root: Evaluating...
22-11-03 20:50:50 - INFO - root: ***** Transfer task : TREC *****


22-11-03 20:50:53 - INFO - root: Computed train embeddings
22-11-03 20:50:53 - INFO - root: Computed test embeddings
22-11-03 20:50:53 - INFO - root: Training pytorch-MLP-nhid0-rmsprop-bs128 with 5-fold cross-validation
22-11-03 20:51:10 - INFO - root: [('reg:1e-05', 71.79), ('reg:0.0001', 71.74), ('reg:0.001', 72.21), ('reg:0.01', 70.65)]
22-11-03 20:51:10 - INFO - root: Cross-validation : best param found is reg = 0.001             with score 72.21
22-11-03 20:51:10 - INFO - root: Evaluating...
22-11-03 20:51:11 - INFO - root: ***** Transfer task : MRPC *****


22-11-03 20:51:11 - INFO - root: Computing embedding for train
22-11-03 20:51:17 - INFO - root: Computed train embeddings
22-11-03 20:51:17 - INFO - root: Computing embedding for test
22-11-03 20:51:19 - INFO - root: Computed test embeddings
22-11-03 20:51:19 - INFO - root: Training pytorch-MLP-nhid0-rmsprop-bs128 with 5-fold cross-validation
22-11-03 20:51:32 - INFO - root: [('reg:1e-05', 73.21), ('reg:0.0001', 73.48), ('reg:0.001', 73.58), ('reg:0.01', 73.23)]
22-11-03 20:51:32 - INFO - root: Cross-validation : best param found is reg = 0.001             with score 73.58
22-11-03 20:51:32 - INFO - root: Evaluating...
