22-11-03 23:27:31 - INFO - sentence_transformers.SentenceTransformer: Load pretrained SentenceTransformer: paraphrase-multilingual-mpnet-base-v2
22-11-03 23:27:33 - INFO - sentence_transformers.SentenceTransformer: Use pytorch device: cuda
22-11-03 23:27:33 - INFO - __main__: SBert model paraphrase-multilingual-mpnet-base-v2 is loaded.
22-11-03 23:27:35 - INFO - __main__: Num of SBert features: 768
22-11-03 23:27:36 - INFO - root: Generating sentence embeddings
22-11-03 23:27:44 - INFO - root: Generated sentence embeddings
22-11-03 23:27:44 - INFO - root: Training pytorch-MLP-nhid0-rmsprop-bs128 with (inner) 5-fold cross-validation
22-11-03 23:28:14 - INFO - root: Best param found at split 1: l2reg = 0.01                 with score 82.39
22-11-03 23:28:44 - INFO - root: Best param found at split 2: l2reg = 1e-05                 with score 81.78
22-11-03 23:29:13 - INFO - root: Best param found at split 3: l2reg = 0.01                 with score 82.17
22-11-03 23:29:41 - INFO - root: Best param found at split 4: l2reg = 1e-05                 with score 81.82
22-11-03 23:30:10 - INFO - root: Best param found at split 5: l2reg = 0.01                 with score 82.19
22-11-03 23:30:12 - INFO - root: Generating sentence embeddings
22-11-03 23:30:14 - INFO - root: Generated sentence embeddings
22-11-03 23:30:14 - INFO - root: Training pytorch-MLP-nhid0-rmsprop-bs128 with (inner) 5-fold cross-validation
22-11-03 23:30:23 - INFO - root: Best param found at split 1: l2reg = 1e-05                 with score 90.33
22-11-03 23:30:33 - INFO - root: Best param found at split 2: l2reg = 0.01                 with score 90.63
22-11-03 23:30:43 - INFO - root: Best param found at split 3: l2reg = 0.01                 with score 90.43
22-11-03 23:30:53 - INFO - root: Best param found at split 4: l2reg = 1e-05                 with score 90.03
22-11-03 23:31:03 - INFO - root: Best param found at split 5: l2reg = 0.01                 with score 90.23
22-11-03 23:31:04 - INFO - root: Generating sentence embeddings
22-11-03 23:31:12 - INFO - root: Generated sentence embeddings
22-11-03 23:31:12 - INFO - root: Training pytorch-MLP-nhid0-rmsprop-bs128 with (inner) 5-fold cross-validation
22-11-03 23:31:37 - INFO - root: Best param found at split 1: l2reg = 0.001                 with score 91.88
22-11-03 23:32:04 - INFO - root: Best param found at split 2: l2reg = 0.01                 with score 92.44
22-11-03 23:32:31 - INFO - root: Best param found at split 3: l2reg = 0.01                 with score 92.15
22-11-03 23:33:00 - INFO - root: Best param found at split 4: l2reg = 0.01                 with score 92.2
22-11-03 23:33:25 - INFO - root: Best param found at split 5: l2reg = 0.01                 with score 91.86
22-11-03 23:33:27 - INFO - root: Generating sentence embeddings
22-11-03 23:33:31 - INFO - root: Generated sentence embeddings
22-11-03 23:33:31 - INFO - root: Training pytorch-MLP-nhid0-rmsprop-bs128 with (inner) 5-fold cross-validation
22-11-03 23:33:58 - INFO - root: Best param found at split 1: l2reg = 0.01                 with score 89.52
22-11-03 23:34:27 - INFO - root: Best param found at split 2: l2reg = 0.001                 with score 89.26
22-11-03 23:34:58 - INFO - root: Best param found at split 3: l2reg = 0.01                 with score 89.82
22-11-03 23:35:25 - INFO - root: Best param found at split 4: l2reg = 0.01                 with score 89.53
22-11-03 23:35:58 - INFO - root: Best param found at split 5: l2reg = 0.001                 with score 89.19
22-11-03 23:36:00 - INFO - root: Computing embedding for train
22-11-03 23:36:06 - INFO - root: Computed train embeddings
22-11-03 23:36:06 - INFO - root: Computing embedding for dev
22-11-03 23:36:06 - INFO - root: Computed dev embeddings
22-11-03 23:36:06 - INFO - root: Computing embedding for test
22-11-03 23:36:08 - INFO - root: Computed test embeddings
22-11-03 23:36:08 - INFO - root: Training pytorch-MLP-nhid0-rmsprop-bs128 with standard validation..
22-11-03 23:36:15 - INFO - root: [('reg:1e-05', 44.6), ('reg:0.0001', 43.87), ('reg:0.001', 43.6), ('reg:0.01', 44.69)]
22-11-03 23:36:15 - INFO - root: Validation : best param found is reg = 0.01 with score             44.69
22-11-03 23:36:15 - INFO - root: Evaluating...
22-11-03 23:36:17 - INFO - root: ***** Transfer task : TREC *****


22-11-03 23:36:20 - INFO - root: Computed train embeddings
22-11-03 23:36:20 - INFO - root: Computed test embeddings
22-11-03 23:36:20 - INFO - root: Training pytorch-MLP-nhid0-rmsprop-bs128 with 5-fold cross-validation
22-11-03 23:36:39 - INFO - root: [('reg:1e-05', 72.65), ('reg:0.0001', 72.62), ('reg:0.001', 72.51), ('reg:0.01', 71.33)]
22-11-03 23:36:39 - INFO - root: Cross-validation : best param found is reg = 1e-05             with score 72.65
22-11-03 23:36:39 - INFO - root: Evaluating...
22-11-03 23:36:40 - INFO - root: ***** Transfer task : MRPC *****


22-11-03 23:36:40 - INFO - root: Computing embedding for train
22-11-03 23:36:46 - INFO - root: Computed train embeddings
22-11-03 23:36:46 - INFO - root: Computing embedding for test
22-11-03 23:36:49 - INFO - root: Computed test embeddings
22-11-03 23:36:49 - INFO - root: Training pytorch-MLP-nhid0-rmsprop-bs128 with 5-fold cross-validation
22-11-03 23:37:02 - INFO - root: [('reg:1e-05', 74.19), ('reg:0.0001', 74.66), ('reg:0.001', 74.39), ('reg:0.01', 74.53)]
22-11-03 23:37:02 - INFO - root: Cross-validation : best param found is reg = 0.0001             with score 74.66
22-11-03 23:37:02 - INFO - root: Evaluating...
