22-11-06 01:06:12 - INFO - sentence_transformers.SentenceTransformer: Load pretrained SentenceTransformer: paraphrase-multilingual-MiniLM-L12-v2
22-11-06 01:06:14 - INFO - sentence_transformers.SentenceTransformer: Use pytorch device: cuda
22-11-06 01:06:14 - INFO - __main__: SBert model paraphrase-multilingual-MiniLM-L12-v2 is loaded.
22-11-06 01:06:16 - INFO - __main__: Num of SBert features: 384
22-11-06 01:06:16 - INFO - root: Generating sentence embeddings
22-11-06 01:06:21 - INFO - root: Generated sentence embeddings
22-11-06 01:06:21 - INFO - root: Training pytorch-MLP-nhid0-rmsprop-bs128 with (inner) 5-fold cross-validation
22-11-06 01:06:47 - INFO - root: Best param found at split 1: l2reg = 0.001                 with score 77.37
22-11-06 01:07:11 - INFO - root: Best param found at split 2: l2reg = 0.0001                 with score 78.2
22-11-06 01:07:31 - INFO - root: Best param found at split 3: l2reg = 0.001                 with score 77.48
22-11-06 01:08:00 - INFO - root: Best param found at split 4: l2reg = 0.01                 with score 78.29
22-11-06 01:08:28 - INFO - root: Best param found at split 5: l2reg = 1e-05                 with score 77.4
22-11-06 01:08:30 - INFO - root: Generating sentence embeddings
22-11-06 01:08:31 - INFO - root: Generated sentence embeddings
22-11-06 01:08:31 - INFO - root: Training pytorch-MLP-nhid0-rmsprop-bs128 with (inner) 5-fold cross-validation
22-11-06 01:08:39 - INFO - root: Best param found at split 1: l2reg = 0.01                 with score 88.41
22-11-06 01:08:50 - INFO - root: Best param found at split 2: l2reg = 0.0001                 with score 88.74
22-11-06 01:09:01 - INFO - root: Best param found at split 3: l2reg = 0.01                 with score 88.01
22-11-06 01:09:10 - INFO - root: Best param found at split 4: l2reg = 1e-05                 with score 88.61
22-11-06 01:09:19 - INFO - root: Best param found at split 5: l2reg = 1e-05                 with score 88.38
22-11-06 01:09:20 - INFO - root: Generating sentence embeddings
22-11-06 01:09:24 - INFO - root: Generated sentence embeddings
22-11-06 01:09:24 - INFO - root: Training pytorch-MLP-nhid0-rmsprop-bs128 with (inner) 5-fold cross-validation
22-11-06 01:09:48 - INFO - root: Best param found at split 1: l2reg = 0.01                 with score 91.26
22-11-06 01:10:14 - INFO - root: Best param found at split 2: l2reg = 0.01                 with score 91.66
22-11-06 01:10:42 - INFO - root: Best param found at split 3: l2reg = 0.01                 with score 91.45
22-11-06 01:11:11 - INFO - root: Best param found at split 4: l2reg = 0.0001                 with score 91.49
22-11-06 01:11:38 - INFO - root: Best param found at split 5: l2reg = 0.001                 with score 91.1
22-11-06 01:11:39 - INFO - root: Generating sentence embeddings
22-11-06 01:11:43 - INFO - root: Generated sentence embeddings
22-11-06 01:11:43 - INFO - root: Training pytorch-MLP-nhid0-rmsprop-bs128 with (inner) 5-fold cross-validation
22-11-06 01:12:13 - INFO - root: Best param found at split 1: l2reg = 0.001                 with score 88.94
22-11-06 01:12:44 - INFO - root: Best param found at split 2: l2reg = 0.0001                 with score 88.72
22-11-06 01:13:16 - INFO - root: Best param found at split 3: l2reg = 0.0001                 with score 89.02
22-11-06 01:13:42 - INFO - root: Best param found at split 4: l2reg = 0.001                 with score 88.99
22-11-06 01:14:07 - INFO - root: Best param found at split 5: l2reg = 1e-05                 with score 88.54
22-11-06 01:14:08 - INFO - root: Computing embedding for train
22-11-06 01:14:12 - INFO - root: Computed train embeddings
22-11-06 01:14:12 - INFO - root: Computing embedding for dev
22-11-06 01:14:12 - INFO - root: Computed dev embeddings
22-11-06 01:14:12 - INFO - root: Computing embedding for test
22-11-06 01:14:13 - INFO - root: Computed test embeddings
22-11-06 01:14:13 - INFO - root: Training pytorch-MLP-nhid0-rmsprop-bs128 with standard validation..
22-11-06 01:14:20 - INFO - root: [('reg:1e-05', 42.42), ('reg:0.0001', 43.05), ('reg:0.001', 41.6), ('reg:0.01', 38.15)]
22-11-06 01:14:20 - INFO - root: Validation : best param found is reg = 0.0001 with score             43.05
22-11-06 01:14:20 - INFO - root: Evaluating...
22-11-06 01:14:22 - INFO - root: ***** Transfer task : TREC *****


22-11-06 01:14:24 - INFO - root: Computed train embeddings
22-11-06 01:14:24 - INFO - root: Computed test embeddings
22-11-06 01:14:24 - INFO - root: Training pytorch-MLP-nhid0-rmsprop-bs128 with 5-fold cross-validation
22-11-06 01:14:43 - INFO - root: [('reg:1e-05', 74.93), ('reg:0.0001', 75.55), ('reg:0.001', 72.32), ('reg:0.01', 69.92)]
22-11-06 01:14:43 - INFO - root: Cross-validation : best param found is reg = 0.0001             with score 75.55
22-11-06 01:14:43 - INFO - root: Evaluating...
22-11-06 01:14:45 - INFO - root: ***** Transfer task : MRPC *****


22-11-06 01:14:45 - INFO - root: Computing embedding for train
22-11-06 01:14:48 - INFO - root: Computed train embeddings
22-11-06 01:14:48 - INFO - root: Computing embedding for test
22-11-06 01:14:50 - INFO - root: Computed test embeddings
22-11-06 01:14:50 - INFO - root: Training pytorch-MLP-nhid0-rmsprop-bs128 with 5-fold cross-validation
22-11-06 01:15:04 - INFO - root: [('reg:1e-05', 72.57), ('reg:0.0001', 71.44), ('reg:0.001', 72.1), ('reg:0.01', 71.74)]
22-11-06 01:15:04 - INFO - root: Cross-validation : best param found is reg = 1e-05             with score 72.57
22-11-06 01:15:04 - INFO - root: Evaluating...
