22-11-06 05:17:23 - INFO - sentence_transformers.SentenceTransformer: Load pretrained SentenceTransformer: paraphrase-multilingual-MiniLM-L12-v2
22-11-06 05:17:24 - INFO - sentence_transformers.SentenceTransformer: Use pytorch device: cuda
22-11-06 05:17:24 - INFO - __main__: SBert model paraphrase-multilingual-MiniLM-L12-v2 is loaded.
22-11-06 05:17:26 - INFO - __main__: Num of SBert features: 384
22-11-06 05:17:27 - INFO - root: Generating sentence embeddings
22-11-06 05:17:32 - INFO - root: Generated sentence embeddings
22-11-06 05:17:32 - INFO - root: Training pytorch-MLP-nhid0-rmsprop-bs128 with (inner) 5-fold cross-validation
22-11-06 05:18:01 - INFO - root: Best param found at split 1: l2reg = 0.01                 with score 77.82
22-11-06 05:18:27 - INFO - root: Best param found at split 2: l2reg = 0.001                 with score 78.92
22-11-06 05:18:57 - INFO - root: Best param found at split 3: l2reg = 0.0001                 with score 77.88
22-11-06 05:19:29 - INFO - root: Best param found at split 4: l2reg = 1e-05                 with score 78.69
22-11-06 05:19:58 - INFO - root: Best param found at split 5: l2reg = 1e-05                 with score 78.19
22-11-06 05:20:00 - INFO - root: Generating sentence embeddings
22-11-06 05:20:01 - INFO - root: Generated sentence embeddings
22-11-06 05:20:01 - INFO - root: Training pytorch-MLP-nhid0-rmsprop-bs128 with (inner) 5-fold cross-validation
22-11-06 05:20:09 - INFO - root: Best param found at split 1: l2reg = 0.01                 with score 88.21
22-11-06 05:20:20 - INFO - root: Best param found at split 2: l2reg = 0.01                 with score 88.91
22-11-06 05:20:29 - INFO - root: Best param found at split 3: l2reg = 1e-05                 with score 87.88
22-11-06 05:20:39 - INFO - root: Best param found at split 4: l2reg = 1e-05                 with score 88.01
22-11-06 05:20:48 - INFO - root: Best param found at split 5: l2reg = 0.01                 with score 87.85
22-11-06 05:20:49 - INFO - root: Generating sentence embeddings
22-11-06 05:20:54 - INFO - root: Generated sentence embeddings
22-11-06 05:20:54 - INFO - root: Training pytorch-MLP-nhid0-rmsprop-bs128 with (inner) 5-fold cross-validation
22-11-06 05:21:18 - INFO - root: Best param found at split 1: l2reg = 0.01                 with score 91.15
22-11-06 05:21:44 - INFO - root: Best param found at split 2: l2reg = 0.01                 with score 91.86
22-11-06 05:22:13 - INFO - root: Best param found at split 3: l2reg = 0.01                 with score 91.64
22-11-06 05:22:40 - INFO - root: Best param found at split 4: l2reg = 0.01                 with score 91.68
22-11-06 05:23:08 - INFO - root: Best param found at split 5: l2reg = 0.01                 with score 91.45
22-11-06 05:23:09 - INFO - root: Generating sentence embeddings
22-11-06 05:23:13 - INFO - root: Generated sentence embeddings
22-11-06 05:23:13 - INFO - root: Training pytorch-MLP-nhid0-rmsprop-bs128 with (inner) 5-fold cross-validation
22-11-06 05:23:31 - INFO - root: Best param found at split 1: l2reg = 0.001                 with score 89.53
22-11-06 05:23:59 - INFO - root: Best param found at split 2: l2reg = 0.001                 with score 89.1
22-11-06 05:24:28 - INFO - root: Best param found at split 3: l2reg = 1e-05                 with score 89.49
22-11-06 05:24:56 - INFO - root: Best param found at split 4: l2reg = 1e-05                 with score 89.15
22-11-06 05:25:25 - INFO - root: Best param found at split 5: l2reg = 0.0001                 with score 87.86
22-11-06 05:25:26 - INFO - root: Computing embedding for train
22-11-06 05:25:30 - INFO - root: Computed train embeddings
22-11-06 05:25:30 - INFO - root: Computing embedding for dev
22-11-06 05:25:30 - INFO - root: Computed dev embeddings
22-11-06 05:25:30 - INFO - root: Computing embedding for test
22-11-06 05:25:31 - INFO - root: Computed test embeddings
22-11-06 05:25:31 - INFO - root: Training pytorch-MLP-nhid0-rmsprop-bs128 with standard validation..
22-11-06 05:25:37 - INFO - root: [('reg:1e-05', 42.96), ('reg:0.0001', 43.14), ('reg:0.001', 39.96), ('reg:0.01', 40.96)]
22-11-06 05:25:37 - INFO - root: Validation : best param found is reg = 0.0001 with score             43.14
22-11-06 05:25:37 - INFO - root: Evaluating...
22-11-06 05:25:38 - INFO - root: ***** Transfer task : TREC *****


22-11-06 05:25:41 - INFO - root: Computed train embeddings
22-11-06 05:25:41 - INFO - root: Computed test embeddings
22-11-06 05:25:41 - INFO - root: Training pytorch-MLP-nhid0-rmsprop-bs128 with 5-fold cross-validation
22-11-06 05:26:00 - INFO - root: [('reg:1e-05', 76.17), ('reg:0.0001', 78.37), ('reg:0.001', 74.6), ('reg:0.01', 72.03)]
22-11-06 05:26:00 - INFO - root: Cross-validation : best param found is reg = 0.0001             with score 78.37
22-11-06 05:26:00 - INFO - root: Evaluating...
22-11-06 05:26:02 - INFO - root: ***** Transfer task : MRPC *****


22-11-06 05:26:02 - INFO - root: Computing embedding for train
22-11-06 05:26:05 - INFO - root: Computed train embeddings
22-11-06 05:26:05 - INFO - root: Computing embedding for test
22-11-06 05:26:07 - INFO - root: Computed test embeddings
22-11-06 05:26:07 - INFO - root: Training pytorch-MLP-nhid0-rmsprop-bs128 with 5-fold cross-validation
22-11-06 05:26:20 - INFO - root: [('reg:1e-05', 73.82), ('reg:0.0001', 74.12), ('reg:0.001', 73.14), ('reg:0.01', 73.06)]
22-11-06 05:26:20 - INFO - root: Cross-validation : best param found is reg = 0.0001             with score 74.12
22-11-06 05:26:20 - INFO - root: Evaluating...
