22-11-05 19:34:58 - INFO - sentence_transformers.SentenceTransformer: Load pretrained SentenceTransformer: paraphrase-multilingual-MiniLM-L12-v2
22-11-05 19:34:59 - INFO - sentence_transformers.SentenceTransformer: Use pytorch device: cuda
22-11-05 19:34:59 - INFO - __main__: SBert model paraphrase-multilingual-MiniLM-L12-v2 is loaded.
22-11-05 19:35:02 - INFO - __main__: Num of SBert features: 384
22-11-05 19:35:03 - INFO - root: Generating sentence embeddings
22-11-05 19:35:07 - INFO - root: Generated sentence embeddings
22-11-05 19:35:07 - INFO - root: Training pytorch-MLP-nhid0-rmsprop-bs128 with (inner) 5-fold cross-validation
22-11-05 19:35:30 - INFO - root: Best param found at split 1: l2reg = 0.01                 with score 78.18
22-11-05 19:35:48 - INFO - root: Best param found at split 2: l2reg = 0.001                 with score 77.16
22-11-05 19:36:15 - INFO - root: Best param found at split 3: l2reg = 0.01                 with score 77.39
22-11-05 19:36:47 - INFO - root: Best param found at split 4: l2reg = 0.01                 with score 77.89
22-11-05 19:37:16 - INFO - root: Best param found at split 5: l2reg = 0.001                 with score 77.67
22-11-05 19:37:18 - INFO - root: Generating sentence embeddings
22-11-05 19:37:19 - INFO - root: Generated sentence embeddings
22-11-05 19:37:19 - INFO - root: Training pytorch-MLP-nhid0-rmsprop-bs128 with (inner) 5-fold cross-validation
22-11-05 19:37:28 - INFO - root: Best param found at split 1: l2reg = 0.01                 with score 88.21
22-11-05 19:37:39 - INFO - root: Best param found at split 2: l2reg = 1e-05                 with score 88.34
22-11-05 19:37:49 - INFO - root: Best param found at split 3: l2reg = 1e-05                 with score 88.71
22-11-05 19:38:01 - INFO - root: Best param found at split 4: l2reg = 0.0001                 with score 88.84
22-11-05 19:38:10 - INFO - root: Best param found at split 5: l2reg = 0.01                 with score 88.18
22-11-05 19:38:11 - INFO - root: Generating sentence embeddings
22-11-05 19:38:15 - INFO - root: Generated sentence embeddings
22-11-05 19:38:15 - INFO - root: Training pytorch-MLP-nhid0-rmsprop-bs128 with (inner) 5-fold cross-validation
22-11-05 19:38:43 - INFO - root: Best param found at split 1: l2reg = 0.01                 with score 91.16
22-11-05 19:39:10 - INFO - root: Best param found at split 2: l2reg = 0.001                 with score 91.28
22-11-05 19:39:39 - INFO - root: Best param found at split 3: l2reg = 1e-05                 with score 91.38
22-11-05 19:40:05 - INFO - root: Best param found at split 4: l2reg = 0.001                 with score 91.01
22-11-05 19:40:33 - INFO - root: Best param found at split 5: l2reg = 0.0001                 with score 90.96
22-11-05 19:40:35 - INFO - root: Generating sentence embeddings
22-11-05 19:40:39 - INFO - root: Generated sentence embeddings
22-11-05 19:40:39 - INFO - root: Training pytorch-MLP-nhid0-rmsprop-bs128 with (inner) 5-fold cross-validation
22-11-05 19:41:08 - INFO - root: Best param found at split 1: l2reg = 0.001                 with score 88.81
22-11-05 19:41:36 - INFO - root: Best param found at split 2: l2reg = 0.01                 with score 88.41
22-11-05 19:42:06 - INFO - root: Best param found at split 3: l2reg = 1e-05                 with score 89.04
22-11-05 19:42:35 - INFO - root: Best param found at split 4: l2reg = 0.001                 with score 88.39
22-11-05 19:43:01 - INFO - root: Best param found at split 5: l2reg = 0.001                 with score 88.44
22-11-05 19:43:03 - INFO - root: Computing embedding for train
22-11-05 19:43:06 - INFO - root: Computed train embeddings
22-11-05 19:43:06 - INFO - root: Computing embedding for dev
22-11-05 19:43:07 - INFO - root: Computed dev embeddings
22-11-05 19:43:07 - INFO - root: Computing embedding for test
22-11-05 19:43:07 - INFO - root: Computed test embeddings
22-11-05 19:43:07 - INFO - root: Training pytorch-MLP-nhid0-rmsprop-bs128 with standard validation..
22-11-05 19:43:14 - INFO - root: [('reg:1e-05', 39.42), ('reg:0.0001', 40.6), ('reg:0.001', 37.33), ('reg:0.01', 41.6)]
22-11-05 19:43:14 - INFO - root: Validation : best param found is reg = 0.01 with score             41.6
22-11-05 19:43:14 - INFO - root: Evaluating...
22-11-05 19:43:15 - INFO - root: ***** Transfer task : TREC *****


22-11-05 19:43:17 - INFO - root: Computed train embeddings
22-11-05 19:43:17 - INFO - root: Computed test embeddings
22-11-05 19:43:17 - INFO - root: Training pytorch-MLP-nhid0-rmsprop-bs128 with 5-fold cross-validation
22-11-05 19:43:35 - INFO - root: [('reg:1e-05', 73.95), ('reg:0.0001', 75.93), ('reg:0.001', 74.49), ('reg:0.01', 68.96)]
22-11-05 19:43:35 - INFO - root: Cross-validation : best param found is reg = 0.0001             with score 75.93
22-11-05 19:43:35 - INFO - root: Evaluating...
22-11-05 19:43:37 - INFO - root: ***** Transfer task : MRPC *****


22-11-05 19:43:37 - INFO - root: Computing embedding for train
22-11-05 19:43:40 - INFO - root: Computed train embeddings
22-11-05 19:43:40 - INFO - root: Computing embedding for test
22-11-05 19:43:42 - INFO - root: Computed test embeddings
22-11-05 19:43:42 - INFO - root: Training pytorch-MLP-nhid0-rmsprop-bs128 with 5-fold cross-validation
22-11-05 19:43:56 - INFO - root: [('reg:1e-05', 72.45), ('reg:0.0001', 72.62), ('reg:0.001', 74.02), ('reg:0.01', 73.36)]
22-11-05 19:43:56 - INFO - root: Cross-validation : best param found is reg = 0.001             with score 74.02
22-11-05 19:43:56 - INFO - root: Evaluating...
