22-11-05 21:25:02 - INFO - sentence_transformers.SentenceTransformer: Load pretrained SentenceTransformer: paraphrase-multilingual-MiniLM-L12-v2
22-11-05 21:25:03 - INFO - sentence_transformers.SentenceTransformer: Use pytorch device: cuda
22-11-05 21:25:03 - INFO - __main__: SBert model paraphrase-multilingual-MiniLM-L12-v2 is loaded.
22-11-05 21:25:05 - INFO - __main__: Num of SBert features: 384
22-11-05 21:25:06 - INFO - root: Generating sentence embeddings
22-11-05 21:25:10 - INFO - root: Generated sentence embeddings
22-11-05 21:25:10 - INFO - root: Training pytorch-MLP-nhid0-rmsprop-bs128 with (inner) 5-fold cross-validation
22-11-05 21:25:42 - INFO - root: Best param found at split 1: l2reg = 0.01                 with score 77.59
22-11-05 21:26:10 - INFO - root: Best param found at split 2: l2reg = 0.01                 with score 77.08
22-11-05 21:26:39 - INFO - root: Best param found at split 3: l2reg = 1e-05                 with score 76.51
22-11-05 21:27:12 - INFO - root: Best param found at split 4: l2reg = 0.01                 with score 77.66
22-11-05 21:27:45 - INFO - root: Best param found at split 5: l2reg = 0.01                 with score 76.27
22-11-05 21:27:47 - INFO - root: Generating sentence embeddings
22-11-05 21:27:48 - INFO - root: Generated sentence embeddings
22-11-05 21:27:48 - INFO - root: Training pytorch-MLP-nhid0-rmsprop-bs128 with (inner) 5-fold cross-validation
22-11-05 21:27:58 - INFO - root: Best param found at split 1: l2reg = 1e-05                 with score 88.05
22-11-05 21:28:09 - INFO - root: Best param found at split 2: l2reg = 0.001                 with score 88.15
22-11-05 21:28:19 - INFO - root: Best param found at split 3: l2reg = 1e-05                 with score 87.19
22-11-05 21:28:28 - INFO - root: Best param found at split 4: l2reg = 0.001                 with score 87.81
22-11-05 21:28:38 - INFO - root: Best param found at split 5: l2reg = 0.01                 with score 87.55
22-11-05 21:28:39 - INFO - root: Generating sentence embeddings
22-11-05 21:28:43 - INFO - root: Generated sentence embeddings
22-11-05 21:28:43 - INFO - root: Training pytorch-MLP-nhid0-rmsprop-bs128 with (inner) 5-fold cross-validation
22-11-05 21:29:08 - INFO - root: Best param found at split 1: l2reg = 0.01                 with score 91.02
22-11-05 21:29:38 - INFO - root: Best param found at split 2: l2reg = 0.0001                 with score 91.7
22-11-05 21:30:05 - INFO - root: Best param found at split 3: l2reg = 0.01                 with score 91.22
22-11-05 21:30:32 - INFO - root: Best param found at split 4: l2reg = 0.01                 with score 91.0
22-11-05 21:30:59 - INFO - root: Best param found at split 5: l2reg = 0.01                 with score 91.07
22-11-05 21:31:01 - INFO - root: Generating sentence embeddings
22-11-05 21:31:05 - INFO - root: Generated sentence embeddings
22-11-05 21:31:05 - INFO - root: Training pytorch-MLP-nhid0-rmsprop-bs128 with (inner) 5-fold cross-validation
22-11-05 21:31:31 - INFO - root: Best param found at split 1: l2reg = 0.001                 with score 89.12
22-11-05 21:32:02 - INFO - root: Best param found at split 2: l2reg = 0.0001                 with score 88.41
22-11-05 21:32:34 - INFO - root: Best param found at split 3: l2reg = 0.01                 with score 88.63
22-11-05 21:33:05 - INFO - root: Best param found at split 4: l2reg = 0.0001                 with score 88.29
22-11-05 21:33:29 - INFO - root: Best param found at split 5: l2reg = 0.01                 with score 88.41
22-11-05 21:33:31 - INFO - root: Computing embedding for train
22-11-05 21:33:34 - INFO - root: Computed train embeddings
22-11-05 21:33:34 - INFO - root: Computing embedding for dev
22-11-05 21:33:35 - INFO - root: Computed dev embeddings
22-11-05 21:33:35 - INFO - root: Computing embedding for test
22-11-05 21:33:35 - INFO - root: Computed test embeddings
22-11-05 21:33:35 - INFO - root: Training pytorch-MLP-nhid0-rmsprop-bs128 with standard validation..
22-11-05 21:33:42 - INFO - root: [('reg:1e-05', 36.24), ('reg:0.0001', 39.96), ('reg:0.001', 41.69), ('reg:0.01', 40.15)]
22-11-05 21:33:42 - INFO - root: Validation : best param found is reg = 0.001 with score             41.69
22-11-05 21:33:42 - INFO - root: Evaluating...
22-11-05 21:33:43 - INFO - root: ***** Transfer task : TREC *****


22-11-05 21:33:46 - INFO - root: Computed train embeddings
22-11-05 21:33:46 - INFO - root: Computed test embeddings
22-11-05 21:33:46 - INFO - root: Training pytorch-MLP-nhid0-rmsprop-bs128 with 5-fold cross-validation
22-11-05 21:34:05 - INFO - root: [('reg:1e-05', 73.31), ('reg:0.0001', 77.0), ('reg:0.001', 72.95), ('reg:0.01', 71.63)]
22-11-05 21:34:05 - INFO - root: Cross-validation : best param found is reg = 0.0001             with score 77.0
22-11-05 21:34:05 - INFO - root: Evaluating...
22-11-05 21:34:06 - INFO - root: ***** Transfer task : MRPC *****


22-11-05 21:34:06 - INFO - root: Computing embedding for train
22-11-05 21:34:10 - INFO - root: Computed train embeddings
22-11-05 21:34:10 - INFO - root: Computing embedding for test
22-11-05 21:34:12 - INFO - root: Computed test embeddings
22-11-05 21:34:12 - INFO - root: Training pytorch-MLP-nhid0-rmsprop-bs128 with 5-fold cross-validation
22-11-05 21:34:24 - INFO - root: [('reg:1e-05', 73.33), ('reg:0.0001', 73.45), ('reg:0.001', 73.45), ('reg:0.01', 73.92)]
22-11-05 21:34:24 - INFO - root: Cross-validation : best param found is reg = 0.01             with score 73.92
22-11-05 21:34:24 - INFO - root: Evaluating...
22-11-18 16:21:44 - INFO - sentence_transformers.SentenceTransformer: Load pretrained SentenceTransformer: paraphrase-multilingual-MiniLM-L12-v2
22-11-18 16:21:45 - INFO - sentence_transformers.SentenceTransformer: Use pytorch device: cuda
22-11-18 16:21:45 - INFO - __main__: SBert model paraphrase-multilingual-MiniLM-L12-v2 is loaded.
22-11-18 16:21:47 - INFO - __main__: Num of SBert features: 384
