22-11-05 07:31:26 - INFO - sentence_transformers.SentenceTransformer: Load pretrained SentenceTransformer: paraphrase-multilingual-MiniLM-L12-v2
22-11-05 07:31:28 - INFO - sentence_transformers.SentenceTransformer: Use pytorch device: cuda
22-11-05 07:31:28 - INFO - __main__: SBert model paraphrase-multilingual-MiniLM-L12-v2 is loaded.
22-11-05 07:31:30 - INFO - __main__: Num of SBert features: 384
22-11-05 07:31:31 - INFO - root: Generating sentence embeddings
22-11-05 07:31:35 - INFO - root: Generated sentence embeddings
22-11-05 07:31:35 - INFO - root: Training pytorch-MLP-nhid0-rmsprop-bs128 with (inner) 5-fold cross-validation
22-11-05 07:32:01 - INFO - root: Best param found at split 1: l2reg = 0.001                 with score 77.73
22-11-05 07:32:28 - INFO - root: Best param found at split 2: l2reg = 0.01                 with score 76.68
22-11-05 07:32:56 - INFO - root: Best param found at split 3: l2reg = 0.001                 with score 76.58
22-11-05 07:33:27 - INFO - root: Best param found at split 4: l2reg = 0.01                 with score 76.66
22-11-05 07:33:57 - INFO - root: Best param found at split 5: l2reg = 0.001                 with score 76.68
22-11-05 07:33:58 - INFO - root: Generating sentence embeddings
22-11-05 07:34:00 - INFO - root: Generated sentence embeddings
22-11-05 07:34:00 - INFO - root: Training pytorch-MLP-nhid0-rmsprop-bs128 with (inner) 5-fold cross-validation
22-11-05 07:34:10 - INFO - root: Best param found at split 1: l2reg = 0.01                 with score 86.79
22-11-05 07:34:20 - INFO - root: Best param found at split 2: l2reg = 0.01                 with score 88.15
22-11-05 07:34:29 - INFO - root: Best param found at split 3: l2reg = 0.01                 with score 86.85
22-11-05 07:34:39 - INFO - root: Best param found at split 4: l2reg = 0.01                 with score 86.79
22-11-05 07:34:50 - INFO - root: Best param found at split 5: l2reg = 0.01                 with score 87.12
22-11-05 07:34:50 - INFO - root: Generating sentence embeddings
22-11-05 07:34:55 - INFO - root: Generated sentence embeddings
22-11-05 07:34:55 - INFO - root: Training pytorch-MLP-nhid0-rmsprop-bs128 with (inner) 5-fold cross-validation
22-11-05 07:35:25 - INFO - root: Best param found at split 1: l2reg = 0.01                 with score 90.25
22-11-05 07:35:58 - INFO - root: Best param found at split 2: l2reg = 1e-05                 with score 90.13
22-11-05 07:36:30 - INFO - root: Best param found at split 3: l2reg = 0.01                 with score 90.4
22-11-05 07:37:00 - INFO - root: Best param found at split 4: l2reg = 1e-05                 with score 89.6
22-11-05 07:37:27 - INFO - root: Best param found at split 5: l2reg = 0.01                 with score 89.86
22-11-05 07:37:28 - INFO - root: Generating sentence embeddings
22-11-05 07:37:32 - INFO - root: Generated sentence embeddings
22-11-05 07:37:32 - INFO - root: Training pytorch-MLP-nhid0-rmsprop-bs128 with (inner) 5-fold cross-validation
22-11-05 07:37:54 - INFO - root: Best param found at split 1: l2reg = 0.01                 with score 87.18
22-11-05 07:38:22 - INFO - root: Best param found at split 2: l2reg = 0.01                 with score 87.71
22-11-05 07:38:56 - INFO - root: Best param found at split 3: l2reg = 0.01                 with score 87.74
22-11-05 07:39:23 - INFO - root: Best param found at split 4: l2reg = 0.01                 with score 86.51
22-11-05 07:39:49 - INFO - root: Best param found at split 5: l2reg = 0.01                 with score 87.7
22-11-05 07:39:51 - INFO - root: Computing embedding for train
22-11-05 07:39:54 - INFO - root: Computed train embeddings
22-11-05 07:39:54 - INFO - root: Computing embedding for dev
22-11-05 07:39:55 - INFO - root: Computed dev embeddings
22-11-05 07:39:55 - INFO - root: Computing embedding for test
22-11-05 07:39:55 - INFO - root: Computed test embeddings
22-11-05 07:39:55 - INFO - root: Training pytorch-MLP-nhid0-rmsprop-bs128 with standard validation..
22-11-05 07:40:01 - INFO - root: [('reg:1e-05', 41.69), ('reg:0.0001', 41.33), ('reg:0.001', 40.42), ('reg:0.01', 42.33)]
22-11-05 07:40:01 - INFO - root: Validation : best param found is reg = 0.01 with score             42.33
22-11-05 07:40:01 - INFO - root: Evaluating...
22-11-05 07:40:03 - INFO - root: ***** Transfer task : TREC *****


22-11-05 07:40:05 - INFO - root: Computed train embeddings
22-11-05 07:40:05 - INFO - root: Computed test embeddings
22-11-05 07:40:05 - INFO - root: Training pytorch-MLP-nhid0-rmsprop-bs128 with 5-fold cross-validation
22-11-05 07:40:24 - INFO - root: [('reg:1e-05', 71.84), ('reg:0.0001', 71.75), ('reg:0.001', 71.7), ('reg:0.01', 68.76)]
22-11-05 07:40:24 - INFO - root: Cross-validation : best param found is reg = 1e-05             with score 71.84
22-11-05 07:40:24 - INFO - root: Evaluating...
22-11-05 07:40:25 - INFO - root: ***** Transfer task : MRPC *****


22-11-05 07:40:25 - INFO - root: Computing embedding for train
22-11-05 07:40:28 - INFO - root: Computed train embeddings
22-11-05 07:40:28 - INFO - root: Computing embedding for test
22-11-05 07:40:30 - INFO - root: Computed test embeddings
22-11-05 07:40:30 - INFO - root: Training pytorch-MLP-nhid0-rmsprop-bs128 with 5-fold cross-validation
22-11-05 07:40:42 - INFO - root: [('reg:1e-05', 73.01), ('reg:0.0001', 73.23), ('reg:0.001', 73.23), ('reg:0.01', 73.01)]
22-11-05 07:40:42 - INFO - root: Cross-validation : best param found is reg = 0.0001             with score 73.23
22-11-05 07:40:42 - INFO - root: Evaluating...
22-11-18 11:07:20 - INFO - sentence_transformers.SentenceTransformer: Load pretrained SentenceTransformer: paraphrase-multilingual-MiniLM-L12-v2
22-11-18 11:07:22 - INFO - sentence_transformers.SentenceTransformer: Use pytorch device: cuda
22-11-18 11:07:22 - INFO - __main__: SBert model paraphrase-multilingual-MiniLM-L12-v2 is loaded.
22-11-18 11:07:24 - INFO - __main__: Num of SBert features: 384
