22-11-05 20:02:22 - INFO - sentence_transformers.SentenceTransformer: Load pretrained SentenceTransformer: paraphrase-multilingual-MiniLM-L12-v2
22-11-05 20:02:24 - INFO - sentence_transformers.SentenceTransformer: Use pytorch device: cuda
22-11-05 20:02:24 - INFO - __main__: SBert model paraphrase-multilingual-MiniLM-L12-v2 is loaded.
22-11-05 20:02:26 - INFO - __main__: Num of SBert features: 384
22-11-05 20:02:26 - INFO - root: Generating sentence embeddings
22-11-05 20:02:31 - INFO - root: Generated sentence embeddings
22-11-05 20:02:31 - INFO - root: Training pytorch-MLP-nhid0-rmsprop-bs128 with (inner) 5-fold cross-validation
22-11-05 20:03:04 - INFO - root: Best param found at split 1: l2reg = 0.01                 with score 78.22
22-11-05 20:03:32 - INFO - root: Best param found at split 2: l2reg = 1e-05                 with score 75.75
22-11-05 20:04:03 - INFO - root: Best param found at split 3: l2reg = 1e-05                 with score 77.67
22-11-05 20:04:32 - INFO - root: Best param found at split 4: l2reg = 0.01                 with score 77.8
22-11-05 20:04:59 - INFO - root: Best param found at split 5: l2reg = 0.01                 with score 77.42
22-11-05 20:05:00 - INFO - root: Generating sentence embeddings
22-11-05 20:05:02 - INFO - root: Generated sentence embeddings
22-11-05 20:05:02 - INFO - root: Training pytorch-MLP-nhid0-rmsprop-bs128 with (inner) 5-fold cross-validation
22-11-05 20:05:10 - INFO - root: Best param found at split 1: l2reg = 0.01                 with score 88.44
22-11-05 20:05:21 - INFO - root: Best param found at split 2: l2reg = 0.001                 with score 88.41
22-11-05 20:05:31 - INFO - root: Best param found at split 3: l2reg = 1e-05                 with score 87.62
22-11-05 20:05:42 - INFO - root: Best param found at split 4: l2reg = 0.001                 with score 87.78
22-11-05 20:05:51 - INFO - root: Best param found at split 5: l2reg = 1e-05                 with score 87.38
22-11-05 20:05:52 - INFO - root: Generating sentence embeddings
22-11-05 20:05:56 - INFO - root: Generated sentence embeddings
22-11-05 20:05:56 - INFO - root: Training pytorch-MLP-nhid0-rmsprop-bs128 with (inner) 5-fold cross-validation
22-11-05 20:06:23 - INFO - root: Best param found at split 1: l2reg = 0.001                 with score 90.84
22-11-05 20:06:50 - INFO - root: Best param found at split 2: l2reg = 0.01                 with score 91.19
22-11-05 20:07:16 - INFO - root: Best param found at split 3: l2reg = 0.001                 with score 91.02
22-11-05 20:07:44 - INFO - root: Best param found at split 4: l2reg = 1e-05                 with score 90.91
22-11-05 20:08:08 - INFO - root: Best param found at split 5: l2reg = 0.001                 with score 90.83
22-11-05 20:08:10 - INFO - root: Generating sentence embeddings
22-11-05 20:08:13 - INFO - root: Generated sentence embeddings
22-11-05 20:08:13 - INFO - root: Training pytorch-MLP-nhid0-rmsprop-bs128 with (inner) 5-fold cross-validation
22-11-05 20:08:43 - INFO - root: Best param found at split 1: l2reg = 0.001                 with score 88.58
22-11-05 20:09:10 - INFO - root: Best param found at split 2: l2reg = 0.0001                 with score 88.49
22-11-05 20:09:42 - INFO - root: Best param found at split 3: l2reg = 0.0001                 with score 88.87
22-11-05 20:10:10 - INFO - root: Best param found at split 4: l2reg = 0.0001                 with score 88.51
22-11-05 20:10:35 - INFO - root: Best param found at split 5: l2reg = 0.001                 with score 88.54
22-11-05 20:10:37 - INFO - root: Computing embedding for train
22-11-05 20:10:41 - INFO - root: Computed train embeddings
22-11-05 20:10:41 - INFO - root: Computing embedding for dev
22-11-05 20:10:41 - INFO - root: Computed dev embeddings
22-11-05 20:10:41 - INFO - root: Computing embedding for test
22-11-05 20:10:42 - INFO - root: Computed test embeddings
22-11-05 20:10:42 - INFO - root: Training pytorch-MLP-nhid0-rmsprop-bs128 with standard validation..
22-11-05 20:10:48 - INFO - root: [('reg:1e-05', 42.87), ('reg:0.0001', 38.24), ('reg:0.001', 43.42), ('reg:0.01', 39.06)]
22-11-05 20:10:48 - INFO - root: Validation : best param found is reg = 0.001 with score             43.42
22-11-05 20:10:48 - INFO - root: Evaluating...
22-11-05 20:10:50 - INFO - root: ***** Transfer task : TREC *****


22-11-05 20:10:52 - INFO - root: Computed train embeddings
22-11-05 20:10:52 - INFO - root: Computed test embeddings
22-11-05 20:10:52 - INFO - root: Training pytorch-MLP-nhid0-rmsprop-bs128 with 5-fold cross-validation
22-11-05 20:11:11 - INFO - root: [('reg:1e-05', 74.49), ('reg:0.0001', 73.88), ('reg:0.001', 74.03), ('reg:0.01', 66.73)]
22-11-05 20:11:11 - INFO - root: Cross-validation : best param found is reg = 1e-05             with score 74.49
22-11-05 20:11:11 - INFO - root: Evaluating...
22-11-05 20:11:12 - INFO - root: ***** Transfer task : MRPC *****


22-11-05 20:11:12 - INFO - root: Computing embedding for train
22-11-05 20:11:15 - INFO - root: Computed train embeddings
22-11-05 20:11:15 - INFO - root: Computing embedding for test
22-11-05 20:11:17 - INFO - root: Computed test embeddings
22-11-05 20:11:17 - INFO - root: Training pytorch-MLP-nhid0-rmsprop-bs128 with 5-fold cross-validation
22-11-05 20:11:29 - INFO - root: [('reg:1e-05', 72.08), ('reg:0.0001', 72.62), ('reg:0.001', 71.17), ('reg:0.01', 71.25)]
22-11-05 20:11:29 - INFO - root: Cross-validation : best param found is reg = 0.0001             with score 72.62
22-11-05 20:11:29 - INFO - root: Evaluating...
