22-11-05 03:32:09 - INFO - sentence_transformers.SentenceTransformer: Load pretrained SentenceTransformer: paraphrase-multilingual-MiniLM-L12-v2
22-11-05 03:32:10 - INFO - sentence_transformers.SentenceTransformer: Use pytorch device: cuda
22-11-05 03:32:10 - INFO - __main__: SBert model paraphrase-multilingual-MiniLM-L12-v2 is loaded.
22-11-05 03:32:12 - INFO - __main__: Num of SBert features: 384
22-11-05 03:32:13 - INFO - root: Generating sentence embeddings
22-11-05 03:32:17 - INFO - root: Generated sentence embeddings
22-11-05 03:32:17 - INFO - root: Training pytorch-MLP-nhid0-rmsprop-bs128 with (inner) 5-fold cross-validation
22-11-05 03:32:50 - INFO - root: Best param found at split 1: l2reg = 1e-05                 with score 76.23
22-11-05 03:33:28 - INFO - root: Best param found at split 2: l2reg = 1e-05                 with score 75.72
22-11-05 03:34:02 - INFO - root: Best param found at split 3: l2reg = 1e-05                 with score 74.91
22-11-05 03:34:37 - INFO - root: Best param found at split 4: l2reg = 0.01                 with score 75.59
22-11-05 03:35:18 - INFO - root: Best param found at split 5: l2reg = 0.01                 with score 75.9
22-11-05 03:35:20 - INFO - root: Generating sentence embeddings
22-11-05 03:35:21 - INFO - root: Generated sentence embeddings
22-11-05 03:35:21 - INFO - root: Training pytorch-MLP-nhid0-rmsprop-bs128 with (inner) 5-fold cross-validation
22-11-05 03:35:31 - INFO - root: Best param found at split 1: l2reg = 1e-05                 with score 86.36
22-11-05 03:35:42 - INFO - root: Best param found at split 2: l2reg = 0.01                 with score 87.19
22-11-05 03:35:53 - INFO - root: Best param found at split 3: l2reg = 0.0001                 with score 87.15
22-11-05 03:36:02 - INFO - root: Best param found at split 4: l2reg = 1e-05                 with score 86.82
22-11-05 03:36:11 - INFO - root: Best param found at split 5: l2reg = 0.0001                 with score 86.39
22-11-05 03:36:12 - INFO - root: Generating sentence embeddings
22-11-05 03:36:16 - INFO - root: Generated sentence embeddings
22-11-05 03:36:16 - INFO - root: Training pytorch-MLP-nhid0-rmsprop-bs128 with (inner) 5-fold cross-validation
22-11-05 03:36:39 - INFO - root: Best param found at split 1: l2reg = 0.01                 with score 89.16
22-11-05 03:37:05 - INFO - root: Best param found at split 2: l2reg = 0.01                 with score 89.72
22-11-05 03:37:30 - INFO - root: Best param found at split 3: l2reg = 0.001                 with score 89.39
22-11-05 03:37:54 - INFO - root: Best param found at split 4: l2reg = 0.001                 with score 88.95
22-11-05 03:38:21 - INFO - root: Best param found at split 5: l2reg = 0.01                 with score 89.05
22-11-05 03:38:22 - INFO - root: Generating sentence embeddings
22-11-05 03:38:26 - INFO - root: Generated sentence embeddings
22-11-05 03:38:26 - INFO - root: Training pytorch-MLP-nhid0-rmsprop-bs128 with (inner) 5-fold cross-validation
22-11-05 03:38:55 - INFO - root: Best param found at split 1: l2reg = 0.01                 with score 86.55
22-11-05 03:39:19 - INFO - root: Best param found at split 2: l2reg = 1e-05                 with score 85.21
22-11-05 03:39:49 - INFO - root: Best param found at split 3: l2reg = 0.0001                 with score 86.42
22-11-05 03:40:16 - INFO - root: Best param found at split 4: l2reg = 0.01                 with score 86.76
22-11-05 03:40:45 - INFO - root: Best param found at split 5: l2reg = 1e-05                 with score 86.45
22-11-05 03:40:47 - INFO - root: Computing embedding for train
22-11-05 03:40:50 - INFO - root: Computed train embeddings
22-11-05 03:40:50 - INFO - root: Computing embedding for dev
22-11-05 03:40:50 - INFO - root: Computed dev embeddings
22-11-05 03:40:50 - INFO - root: Computing embedding for test
22-11-05 03:40:51 - INFO - root: Computed test embeddings
22-11-05 03:40:51 - INFO - root: Training pytorch-MLP-nhid0-rmsprop-bs128 with standard validation..
22-11-05 03:40:57 - INFO - root: [('reg:1e-05', 40.96), ('reg:0.0001', 40.96), ('reg:0.001', 40.96), ('reg:0.01', 41.05)]
22-11-05 03:40:57 - INFO - root: Validation : best param found is reg = 0.01 with score             41.05
22-11-05 03:40:57 - INFO - root: Evaluating...
22-11-05 03:40:59 - INFO - root: ***** Transfer task : TREC *****


22-11-05 03:41:01 - INFO - root: Computed train embeddings
22-11-05 03:41:01 - INFO - root: Computed test embeddings
22-11-05 03:41:01 - INFO - root: Training pytorch-MLP-nhid0-rmsprop-bs128 with 5-fold cross-validation
22-11-05 03:41:18 - INFO - root: [('reg:1e-05', 68.95), ('reg:0.0001', 68.89), ('reg:0.001', 68.19), ('reg:0.01', 67.31)]
22-11-05 03:41:18 - INFO - root: Cross-validation : best param found is reg = 1e-05             with score 68.95
22-11-05 03:41:18 - INFO - root: Evaluating...
22-11-05 03:41:19 - INFO - root: ***** Transfer task : MRPC *****


22-11-05 03:41:19 - INFO - root: Computing embedding for train
22-11-05 03:41:23 - INFO - root: Computed train embeddings
22-11-05 03:41:23 - INFO - root: Computing embedding for test
22-11-05 03:41:24 - INFO - root: Computed test embeddings
22-11-05 03:41:24 - INFO - root: Training pytorch-MLP-nhid0-rmsprop-bs128 with 5-fold cross-validation
22-11-05 03:41:39 - INFO - root: [('reg:1e-05', 72.28), ('reg:0.0001', 72.4), ('reg:0.001', 72.4), ('reg:0.01', 72.82)]
22-11-05 03:41:39 - INFO - root: Cross-validation : best param found is reg = 0.01             with score 72.82
22-11-05 03:41:39 - INFO - root: Evaluating...
