22-11-06 06:11:44 - INFO - sentence_transformers.SentenceTransformer: Load pretrained SentenceTransformer: paraphrase-multilingual-MiniLM-L12-v2
22-11-06 06:11:46 - INFO - sentence_transformers.SentenceTransformer: Use pytorch device: cuda
22-11-06 06:11:46 - INFO - __main__: SBert model paraphrase-multilingual-MiniLM-L12-v2 is loaded.
22-11-06 06:11:48 - INFO - __main__: Num of SBert features: 384
22-11-06 06:11:48 - INFO - root: Generating sentence embeddings
22-11-06 06:11:53 - INFO - root: Generated sentence embeddings
22-11-06 06:11:53 - INFO - root: Training pytorch-MLP-nhid0-rmsprop-bs128 with (inner) 5-fold cross-validation
22-11-06 06:12:21 - INFO - root: Best param found at split 1: l2reg = 0.0001                 with score 78.37
22-11-06 06:12:50 - INFO - root: Best param found at split 2: l2reg = 0.001                 with score 78.44
22-11-06 06:13:18 - INFO - root: Best param found at split 3: l2reg = 1e-05                 with score 77.46
22-11-06 06:13:48 - INFO - root: Best param found at split 4: l2reg = 0.01                 with score 78.1
22-11-06 06:14:17 - INFO - root: Best param found at split 5: l2reg = 0.01                 with score 77.9
22-11-06 06:14:19 - INFO - root: Generating sentence embeddings
22-11-06 06:14:20 - INFO - root: Generated sentence embeddings
22-11-06 06:14:20 - INFO - root: Training pytorch-MLP-nhid0-rmsprop-bs128 with (inner) 5-fold cross-validation
22-11-06 06:14:30 - INFO - root: Best param found at split 1: l2reg = 0.0001                 with score 88.68
22-11-06 06:14:40 - INFO - root: Best param found at split 2: l2reg = 0.0001                 with score 88.48
22-11-06 06:14:50 - INFO - root: Best param found at split 3: l2reg = 0.01                 with score 87.98
22-11-06 06:15:00 - INFO - root: Best param found at split 4: l2reg = 0.01                 with score 88.31
22-11-06 06:15:10 - INFO - root: Best param found at split 5: l2reg = 0.001                 with score 87.98
22-11-06 06:15:11 - INFO - root: Generating sentence embeddings
22-11-06 06:15:15 - INFO - root: Generated sentence embeddings
22-11-06 06:15:15 - INFO - root: Training pytorch-MLP-nhid0-rmsprop-bs128 with (inner) 5-fold cross-validation
22-11-06 06:15:40 - INFO - root: Best param found at split 1: l2reg = 1e-05                 with score 91.48
22-11-06 06:16:08 - INFO - root: Best param found at split 2: l2reg = 1e-05                 with score 91.8
22-11-06 06:16:33 - INFO - root: Best param found at split 3: l2reg = 0.01                 with score 91.46
22-11-06 06:17:01 - INFO - root: Best param found at split 4: l2reg = 0.01                 with score 91.59
22-11-06 06:17:27 - INFO - root: Best param found at split 5: l2reg = 0.01                 with score 91.5
22-11-06 06:17:29 - INFO - root: Generating sentence embeddings
22-11-06 06:17:32 - INFO - root: Generated sentence embeddings
22-11-06 06:17:32 - INFO - root: Training pytorch-MLP-nhid0-rmsprop-bs128 with (inner) 5-fold cross-validation
22-11-06 06:17:51 - INFO - root: Best param found at split 1: l2reg = 0.01                 with score 89.51
22-11-06 06:18:20 - INFO - root: Best param found at split 2: l2reg = 0.001                 with score 88.99
22-11-06 06:18:50 - INFO - root: Best param found at split 3: l2reg = 0.0001                 with score 88.96
22-11-06 06:19:19 - INFO - root: Best param found at split 4: l2reg = 1e-05                 with score 88.83
22-11-06 06:19:46 - INFO - root: Best param found at split 5: l2reg = 0.001                 with score 88.79
22-11-06 06:19:48 - INFO - root: Computing embedding for train
22-11-06 06:19:51 - INFO - root: Computed train embeddings
22-11-06 06:19:51 - INFO - root: Computing embedding for dev
22-11-06 06:19:51 - INFO - root: Computed dev embeddings
22-11-06 06:19:51 - INFO - root: Computing embedding for test
22-11-06 06:19:52 - INFO - root: Computed test embeddings
22-11-06 06:19:52 - INFO - root: Training pytorch-MLP-nhid0-rmsprop-bs128 with standard validation..
22-11-06 06:19:59 - INFO - root: [('reg:1e-05', 42.87), ('reg:0.0001', 37.15), ('reg:0.001', 39.42), ('reg:0.01', 40.69)]
22-11-06 06:19:59 - INFO - root: Validation : best param found is reg = 1e-05 with score             42.87
22-11-06 06:19:59 - INFO - root: Evaluating...
22-11-06 06:20:01 - INFO - root: ***** Transfer task : TREC *****


22-11-06 06:20:03 - INFO - root: Computed train embeddings
22-11-06 06:20:03 - INFO - root: Computed test embeddings
22-11-06 06:20:03 - INFO - root: Training pytorch-MLP-nhid0-rmsprop-bs128 with 5-fold cross-validation
22-11-06 06:20:21 - INFO - root: [('reg:1e-05', 74.05), ('reg:0.0001', 73.39), ('reg:0.001', 78.63), ('reg:0.01', 70.69)]
22-11-06 06:20:21 - INFO - root: Cross-validation : best param found is reg = 0.001             with score 78.63
22-11-06 06:20:21 - INFO - root: Evaluating...
22-11-06 06:20:22 - INFO - root: ***** Transfer task : MRPC *****


22-11-06 06:20:22 - INFO - root: Computing embedding for train
22-11-06 06:20:26 - INFO - root: Computed train embeddings
22-11-06 06:20:26 - INFO - root: Computing embedding for test
22-11-06 06:20:27 - INFO - root: Computed test embeddings
22-11-06 06:20:27 - INFO - root: Training pytorch-MLP-nhid0-rmsprop-bs128 with 5-fold cross-validation
22-11-06 06:20:40 - INFO - root: [('reg:1e-05', 73.8), ('reg:0.0001', 72.99), ('reg:0.001', 75.32), ('reg:0.01', 74.36)]
22-11-06 06:20:40 - INFO - root: Cross-validation : best param found is reg = 0.001             with score 75.32
22-11-06 06:20:40 - INFO - root: Evaluating...
