22-11-05 17:19:24 - INFO - sentence_transformers.SentenceTransformer: Load pretrained SentenceTransformer: paraphrase-multilingual-MiniLM-L12-v2
22-11-05 17:19:25 - INFO - sentence_transformers.SentenceTransformer: Use pytorch device: cuda
22-11-05 17:19:25 - INFO - __main__: SBert model paraphrase-multilingual-MiniLM-L12-v2 is loaded.
22-11-05 17:19:27 - INFO - __main__: Num of SBert features: 384
22-11-05 17:19:28 - INFO - root: Generating sentence embeddings
22-11-05 17:19:32 - INFO - root: Generated sentence embeddings
22-11-05 17:19:32 - INFO - root: Training pytorch-MLP-nhid0-rmsprop-bs128 with (inner) 5-fold cross-validation
22-11-05 17:20:00 - INFO - root: Best param found at split 1: l2reg = 0.01                 with score 78.05
22-11-05 17:20:29 - INFO - root: Best param found at split 2: l2reg = 0.01                 with score 77.07
22-11-05 17:21:00 - INFO - root: Best param found at split 3: l2reg = 0.001                 with score 76.3
22-11-05 17:21:29 - INFO - root: Best param found at split 4: l2reg = 0.01                 with score 78.0
22-11-05 17:21:55 - INFO - root: Best param found at split 5: l2reg = 0.01                 with score 77.4
22-11-05 17:21:56 - INFO - root: Generating sentence embeddings
22-11-05 17:21:58 - INFO - root: Generated sentence embeddings
22-11-05 17:21:58 - INFO - root: Training pytorch-MLP-nhid0-rmsprop-bs128 with (inner) 5-fold cross-validation
22-11-05 17:22:07 - INFO - root: Best param found at split 1: l2reg = 1e-05                 with score 87.42
22-11-05 17:22:18 - INFO - root: Best param found at split 2: l2reg = 1e-05                 with score 88.31
22-11-05 17:22:28 - INFO - root: Best param found at split 3: l2reg = 0.01                 with score 87.81
22-11-05 17:22:37 - INFO - root: Best param found at split 4: l2reg = 0.0001                 with score 88.11
22-11-05 17:22:46 - INFO - root: Best param found at split 5: l2reg = 0.001                 with score 87.85
22-11-05 17:22:46 - INFO - root: Generating sentence embeddings
22-11-05 17:22:50 - INFO - root: Generated sentence embeddings
22-11-05 17:22:50 - INFO - root: Training pytorch-MLP-nhid0-rmsprop-bs128 with (inner) 5-fold cross-validation
22-11-05 17:23:13 - INFO - root: Best param found at split 1: l2reg = 0.01                 with score 90.55
22-11-05 17:23:39 - INFO - root: Best param found at split 2: l2reg = 0.001                 with score 90.96
22-11-05 17:24:04 - INFO - root: Best param found at split 3: l2reg = 1e-05                 with score 90.41
22-11-05 17:24:32 - INFO - root: Best param found at split 4: l2reg = 1e-05                 with score 90.74
22-11-05 17:24:56 - INFO - root: Best param found at split 5: l2reg = 0.01                 with score 90.51
22-11-05 17:24:58 - INFO - root: Generating sentence embeddings
22-11-05 17:25:02 - INFO - root: Generated sentence embeddings
22-11-05 17:25:02 - INFO - root: Training pytorch-MLP-nhid0-rmsprop-bs128 with (inner) 5-fold cross-validation
22-11-05 17:25:29 - INFO - root: Best param found at split 1: l2reg = 1e-05                 with score 88.88
22-11-05 17:25:59 - INFO - root: Best param found at split 2: l2reg = 0.01                 with score 87.64
22-11-05 17:26:27 - INFO - root: Best param found at split 3: l2reg = 0.01                 with score 88.46
22-11-05 17:26:54 - INFO - root: Best param found at split 4: l2reg = 0.001                 with score 88.38
22-11-05 17:27:22 - INFO - root: Best param found at split 5: l2reg = 0.001                 with score 87.98
22-11-05 17:27:24 - INFO - root: Computing embedding for train
22-11-05 17:27:27 - INFO - root: Computed train embeddings
22-11-05 17:27:27 - INFO - root: Computing embedding for dev
22-11-05 17:27:28 - INFO - root: Computed dev embeddings
22-11-05 17:27:28 - INFO - root: Computing embedding for test
22-11-05 17:27:29 - INFO - root: Computed test embeddings
22-11-05 17:27:29 - INFO - root: Training pytorch-MLP-nhid0-rmsprop-bs128 with standard validation..
22-11-05 17:27:37 - INFO - root: [('reg:1e-05', 41.87), ('reg:0.0001', 38.69), ('reg:0.001', 41.78), ('reg:0.01', 41.42)]
22-11-05 17:27:37 - INFO - root: Validation : best param found is reg = 1e-05 with score             41.87
22-11-05 17:27:37 - INFO - root: Evaluating...
22-11-05 17:27:39 - INFO - root: ***** Transfer task : TREC *****


22-11-05 17:27:41 - INFO - root: Computed train embeddings
22-11-05 17:27:42 - INFO - root: Computed test embeddings
22-11-05 17:27:42 - INFO - root: Training pytorch-MLP-nhid0-rmsprop-bs128 with 5-fold cross-validation
22-11-05 17:27:57 - INFO - root: [('reg:1e-05', 74.65), ('reg:0.0001', 75.37), ('reg:0.001', 73.59), ('reg:0.01', 70.32)]
22-11-05 17:27:57 - INFO - root: Cross-validation : best param found is reg = 0.0001             with score 75.37
22-11-05 17:27:57 - INFO - root: Evaluating...
22-11-05 17:27:58 - INFO - root: ***** Transfer task : MRPC *****


22-11-05 17:27:58 - INFO - root: Computing embedding for train
22-11-05 17:28:01 - INFO - root: Computed train embeddings
22-11-05 17:28:01 - INFO - root: Computing embedding for test
22-11-05 17:28:03 - INFO - root: Computed test embeddings
22-11-05 17:28:03 - INFO - root: Training pytorch-MLP-nhid0-rmsprop-bs128 with 5-fold cross-validation
22-11-05 17:28:16 - INFO - root: [('reg:1e-05', 72.5), ('reg:0.0001', 72.91), ('reg:0.001', 72.45), ('reg:0.01', 71.88)]
22-11-05 17:28:16 - INFO - root: Cross-validation : best param found is reg = 0.0001             with score 72.91
22-11-05 17:28:16 - INFO - root: Evaluating...
