22-11-06 02:02:14 - INFO - sentence_transformers.SentenceTransformer: Load pretrained SentenceTransformer: paraphrase-multilingual-MiniLM-L12-v2
22-11-06 02:02:16 - INFO - sentence_transformers.SentenceTransformer: Use pytorch device: cuda
22-11-06 02:02:16 - INFO - __main__: SBert model paraphrase-multilingual-MiniLM-L12-v2 is loaded.
22-11-06 02:02:18 - INFO - __main__: Num of SBert features: 384
22-11-06 02:02:19 - INFO - root: Generating sentence embeddings
22-11-06 02:02:24 - INFO - root: Generated sentence embeddings
22-11-06 02:02:24 - INFO - root: Training pytorch-MLP-nhid0-rmsprop-bs128 with (inner) 5-fold cross-validation
22-11-06 02:02:49 - INFO - root: Best param found at split 1: l2reg = 0.01                 with score 76.73
22-11-06 02:03:15 - INFO - root: Best param found at split 2: l2reg = 0.0001                 with score 77.23
22-11-06 02:03:47 - INFO - root: Best param found at split 3: l2reg = 0.01                 with score 77.8
22-11-06 02:04:15 - INFO - root: Best param found at split 4: l2reg = 0.01                 with score 78.22
22-11-06 02:04:35 - INFO - root: Best param found at split 5: l2reg = 1e-05                 with score 76.87
22-11-06 02:04:36 - INFO - root: Generating sentence embeddings
22-11-06 02:04:38 - INFO - root: Generated sentence embeddings
22-11-06 02:04:38 - INFO - root: Training pytorch-MLP-nhid0-rmsprop-bs128 with (inner) 5-fold cross-validation
22-11-06 02:04:47 - INFO - root: Best param found at split 1: l2reg = 1e-05                 with score 87.91
22-11-06 02:04:58 - INFO - root: Best param found at split 2: l2reg = 0.0001                 with score 88.71
22-11-06 02:05:07 - INFO - root: Best param found at split 3: l2reg = 0.001                 with score 88.21
22-11-06 02:05:18 - INFO - root: Best param found at split 4: l2reg = 0.01                 with score 88.21
22-11-06 02:05:27 - INFO - root: Best param found at split 5: l2reg = 0.01                 with score 88.48
22-11-06 02:05:28 - INFO - root: Generating sentence embeddings
22-11-06 02:05:32 - INFO - root: Generated sentence embeddings
22-11-06 02:05:32 - INFO - root: Training pytorch-MLP-nhid0-rmsprop-bs128 with (inner) 5-fold cross-validation
22-11-06 02:05:56 - INFO - root: Best param found at split 1: l2reg = 0.01                 with score 91.24
22-11-06 02:06:24 - INFO - root: Best param found at split 2: l2reg = 0.01                 with score 91.91
22-11-06 02:06:48 - INFO - root: Best param found at split 3: l2reg = 0.001                 with score 91.5
22-11-06 02:07:14 - INFO - root: Best param found at split 4: l2reg = 1e-05                 with score 91.5
22-11-06 02:07:37 - INFO - root: Best param found at split 5: l2reg = 0.01                 with score 91.46
22-11-06 02:07:38 - INFO - root: Generating sentence embeddings
22-11-06 02:07:42 - INFO - root: Generated sentence embeddings
22-11-06 02:07:42 - INFO - root: Training pytorch-MLP-nhid0-rmsprop-bs128 with (inner) 5-fold cross-validation
22-11-06 02:08:10 - INFO - root: Best param found at split 1: l2reg = 0.001                 with score 89.1
22-11-06 02:08:38 - INFO - root: Best param found at split 2: l2reg = 0.0001                 with score 88.65
22-11-06 02:09:08 - INFO - root: Best param found at split 3: l2reg = 0.0001                 with score 89.03
22-11-06 02:09:34 - INFO - root: Best param found at split 4: l2reg = 0.001                 with score 89.07
22-11-06 02:10:02 - INFO - root: Best param found at split 5: l2reg = 0.001                 with score 88.57
22-11-06 02:10:03 - INFO - root: Computing embedding for train
22-11-06 02:10:07 - INFO - root: Computed train embeddings
22-11-06 02:10:07 - INFO - root: Computing embedding for dev
22-11-06 02:10:07 - INFO - root: Computed dev embeddings
22-11-06 02:10:07 - INFO - root: Computing embedding for test
22-11-06 02:10:08 - INFO - root: Computed test embeddings
22-11-06 02:10:08 - INFO - root: Training pytorch-MLP-nhid0-rmsprop-bs128 with standard validation..
22-11-06 02:10:16 - INFO - root: [('reg:1e-05', 39.24), ('reg:0.0001', 43.6), ('reg:0.001', 41.6), ('reg:0.01', 38.96)]
22-11-06 02:10:16 - INFO - root: Validation : best param found is reg = 0.0001 with score             43.6
22-11-06 02:10:16 - INFO - root: Evaluating...
22-11-06 02:10:17 - INFO - root: ***** Transfer task : TREC *****


22-11-06 02:10:19 - INFO - root: Computed train embeddings
22-11-06 02:10:20 - INFO - root: Computed test embeddings
22-11-06 02:10:20 - INFO - root: Training pytorch-MLP-nhid0-rmsprop-bs128 with 5-fold cross-validation
22-11-06 02:10:39 - INFO - root: [('reg:1e-05', 78.94), ('reg:0.0001', 74.89), ('reg:0.001', 78.94), ('reg:0.01', 78.14)]
22-11-06 02:10:39 - INFO - root: Cross-validation : best param found is reg = 1e-05             with score 78.94
22-11-06 02:10:39 - INFO - root: Evaluating...
22-11-06 02:10:41 - INFO - root: ***** Transfer task : MRPC *****


22-11-06 02:10:41 - INFO - root: Computing embedding for train
22-11-06 02:10:44 - INFO - root: Computed train embeddings
22-11-06 02:10:44 - INFO - root: Computing embedding for test
22-11-06 02:10:46 - INFO - root: Computed test embeddings
22-11-06 02:10:46 - INFO - root: Training pytorch-MLP-nhid0-rmsprop-bs128 with 5-fold cross-validation
22-11-06 02:10:59 - INFO - root: [('reg:1e-05', 74.93), ('reg:0.0001', 73.65), ('reg:0.001', 73.72), ('reg:0.01', 74.19)]
22-11-06 02:10:59 - INFO - root: Cross-validation : best param found is reg = 1e-05             with score 74.93
22-11-06 02:10:59 - INFO - root: Evaluating...
