22-11-06 05:44:43 - INFO - sentence_transformers.SentenceTransformer: Load pretrained SentenceTransformer: paraphrase-multilingual-MiniLM-L12-v2
22-11-06 05:44:45 - INFO - sentence_transformers.SentenceTransformer: Use pytorch device: cuda
22-11-06 05:44:45 - INFO - __main__: SBert model paraphrase-multilingual-MiniLM-L12-v2 is loaded.
22-11-06 05:44:47 - INFO - __main__: Num of SBert features: 384
22-11-06 05:44:47 - INFO - root: Generating sentence embeddings
22-11-06 05:44:52 - INFO - root: Generated sentence embeddings
22-11-06 05:44:52 - INFO - root: Training pytorch-MLP-nhid0-rmsprop-bs128 with (inner) 5-fold cross-validation
22-11-06 05:45:21 - INFO - root: Best param found at split 1: l2reg = 0.0001                 with score 79.02
22-11-06 05:45:49 - INFO - root: Best param found at split 2: l2reg = 0.001                 with score 77.64
22-11-06 05:46:18 - INFO - root: Best param found at split 3: l2reg = 0.01                 with score 78.08
22-11-06 05:46:48 - INFO - root: Best param found at split 4: l2reg = 1e-05                 with score 78.92
22-11-06 05:47:17 - INFO - root: Best param found at split 5: l2reg = 1e-05                 with score 77.57
22-11-06 05:47:18 - INFO - root: Generating sentence embeddings
22-11-06 05:47:19 - INFO - root: Generated sentence embeddings
22-11-06 05:47:19 - INFO - root: Training pytorch-MLP-nhid0-rmsprop-bs128 with (inner) 5-fold cross-validation
22-11-06 05:47:29 - INFO - root: Best param found at split 1: l2reg = 1e-05                 with score 87.32
22-11-06 05:47:39 - INFO - root: Best param found at split 2: l2reg = 1e-05                 with score 88.21
22-11-06 05:47:49 - INFO - root: Best param found at split 3: l2reg = 0.0001                 with score 88.15
22-11-06 05:47:58 - INFO - root: Best param found at split 4: l2reg = 0.01                 with score 88.51
22-11-06 05:48:08 - INFO - root: Best param found at split 5: l2reg = 0.0001                 with score 88.21
22-11-06 05:48:08 - INFO - root: Generating sentence embeddings
22-11-06 05:48:13 - INFO - root: Generated sentence embeddings
22-11-06 05:48:13 - INFO - root: Training pytorch-MLP-nhid0-rmsprop-bs128 with (inner) 5-fold cross-validation
22-11-06 05:48:37 - INFO - root: Best param found at split 1: l2reg = 0.01                 with score 91.38
22-11-06 05:49:05 - INFO - root: Best param found at split 2: l2reg = 1e-05                 with score 91.94
22-11-06 05:49:33 - INFO - root: Best param found at split 3: l2reg = 0.0001                 with score 91.74
22-11-06 05:49:57 - INFO - root: Best param found at split 4: l2reg = 0.001                 with score 91.45
22-11-06 05:50:23 - INFO - root: Best param found at split 5: l2reg = 0.01                 with score 91.74
22-11-06 05:50:25 - INFO - root: Generating sentence embeddings
22-11-06 05:50:29 - INFO - root: Generated sentence embeddings
22-11-06 05:50:29 - INFO - root: Training pytorch-MLP-nhid0-rmsprop-bs128 with (inner) 5-fold cross-validation
22-11-06 05:50:57 - INFO - root: Best param found at split 1: l2reg = 0.01                 with score 89.01
22-11-06 05:51:27 - INFO - root: Best param found at split 2: l2reg = 0.01                 with score 88.85
22-11-06 05:51:58 - INFO - root: Best param found at split 3: l2reg = 1e-05                 with score 89.28
22-11-06 05:52:20 - INFO - root: Best param found at split 4: l2reg = 1e-05                 with score 88.96
22-11-06 05:52:39 - INFO - root: Best param found at split 5: l2reg = 0.0001                 with score 88.98
22-11-06 05:52:40 - INFO - root: Computing embedding for train
22-11-06 05:52:44 - INFO - root: Computed train embeddings
22-11-06 05:52:44 - INFO - root: Computing embedding for dev
22-11-06 05:52:44 - INFO - root: Computed dev embeddings
22-11-06 05:52:44 - INFO - root: Computing embedding for test
22-11-06 05:52:45 - INFO - root: Computed test embeddings
22-11-06 05:52:45 - INFO - root: Training pytorch-MLP-nhid0-rmsprop-bs128 with standard validation..
22-11-06 05:52:51 - INFO - root: [('reg:1e-05', 42.42), ('reg:0.0001', 40.6), ('reg:0.001', 38.96), ('reg:0.01', 35.69)]
22-11-06 05:52:51 - INFO - root: Validation : best param found is reg = 1e-05 with score             42.42
22-11-06 05:52:51 - INFO - root: Evaluating...
22-11-06 05:52:52 - INFO - root: ***** Transfer task : TREC *****


22-11-06 05:52:54 - INFO - root: Computed train embeddings
22-11-06 05:52:54 - INFO - root: Computed test embeddings
22-11-06 05:52:54 - INFO - root: Training pytorch-MLP-nhid0-rmsprop-bs128 with 5-fold cross-validation
22-11-06 05:53:14 - INFO - root: [('reg:1e-05', 76.85), ('reg:0.0001', 77.6), ('reg:0.001', 76.5), ('reg:0.01', 68.1)]
22-11-06 05:53:14 - INFO - root: Cross-validation : best param found is reg = 0.0001             with score 77.6
22-11-06 05:53:14 - INFO - root: Evaluating...
22-11-06 05:53:15 - INFO - root: ***** Transfer task : MRPC *****


22-11-06 05:53:15 - INFO - root: Computing embedding for train
22-11-06 05:53:19 - INFO - root: Computed train embeddings
22-11-06 05:53:19 - INFO - root: Computing embedding for test
22-11-06 05:53:20 - INFO - root: Computed test embeddings
22-11-06 05:53:20 - INFO - root: Training pytorch-MLP-nhid0-rmsprop-bs128 with 5-fold cross-validation
22-11-06 05:53:32 - INFO - root: [('reg:1e-05', 74.78), ('reg:0.0001', 73.8), ('reg:0.001', 74.14), ('reg:0.01', 74.53)]
22-11-06 05:53:32 - INFO - root: Cross-validation : best param found is reg = 1e-05             with score 74.78
22-11-06 05:53:32 - INFO - root: Evaluating...
