22-11-05 12:23:56 - INFO - sentence_transformers.SentenceTransformer: Load pretrained SentenceTransformer: paraphrase-multilingual-MiniLM-L12-v2
22-11-05 12:23:58 - INFO - sentence_transformers.SentenceTransformer: Use pytorch device: cuda
22-11-05 12:23:58 - INFO - __main__: SBert model paraphrase-multilingual-MiniLM-L12-v2 is loaded.
22-11-05 12:24:00 - INFO - __main__: Num of SBert features: 384
22-11-05 12:24:01 - INFO - root: Generating sentence embeddings
22-11-05 12:24:05 - INFO - root: Generated sentence embeddings
22-11-05 12:24:05 - INFO - root: Training pytorch-MLP-nhid0-rmsprop-bs128 with (inner) 5-fold cross-validation
22-11-05 12:24:35 - INFO - root: Best param found at split 1: l2reg = 0.001                 with score 77.54
22-11-05 12:25:03 - INFO - root: Best param found at split 2: l2reg = 0.01                 with score 76.94
22-11-05 12:25:32 - INFO - root: Best param found at split 3: l2reg = 0.001                 with score 76.81
22-11-05 12:26:02 - INFO - root: Best param found at split 4: l2reg = 0.01                 with score 76.78
22-11-05 12:26:32 - INFO - root: Best param found at split 5: l2reg = 0.01                 with score 76.68
22-11-05 12:26:34 - INFO - root: Generating sentence embeddings
22-11-05 12:26:35 - INFO - root: Generated sentence embeddings
22-11-05 12:26:35 - INFO - root: Training pytorch-MLP-nhid0-rmsprop-bs128 with (inner) 5-fold cross-validation
22-11-05 12:26:45 - INFO - root: Best param found at split 1: l2reg = 0.001                 with score 86.79
22-11-05 12:26:57 - INFO - root: Best param found at split 2: l2reg = 0.01                 with score 87.85
22-11-05 12:27:06 - INFO - root: Best param found at split 3: l2reg = 1e-05                 with score 86.82
22-11-05 12:27:17 - INFO - root: Best param found at split 4: l2reg = 0.01                 with score 87.25
22-11-05 12:27:26 - INFO - root: Best param found at split 5: l2reg = 0.0001                 with score 87.02
22-11-05 12:27:27 - INFO - root: Generating sentence embeddings
22-11-05 12:27:31 - INFO - root: Generated sentence embeddings
22-11-05 12:27:31 - INFO - root: Training pytorch-MLP-nhid0-rmsprop-bs128 with (inner) 5-fold cross-validation
22-11-05 12:27:58 - INFO - root: Best param found at split 1: l2reg = 0.001                 with score 90.56
22-11-05 12:28:22 - INFO - root: Best param found at split 2: l2reg = 0.01                 with score 90.51
22-11-05 12:28:47 - INFO - root: Best param found at split 3: l2reg = 0.0001                 with score 90.46
22-11-05 12:29:15 - INFO - root: Best param found at split 4: l2reg = 0.001                 with score 90.16
22-11-05 12:29:42 - INFO - root: Best param found at split 5: l2reg = 0.01                 with score 90.44
22-11-05 12:29:43 - INFO - root: Generating sentence embeddings
22-11-05 12:29:47 - INFO - root: Generated sentence embeddings
22-11-05 12:29:47 - INFO - root: Training pytorch-MLP-nhid0-rmsprop-bs128 with (inner) 5-fold cross-validation
22-11-05 12:30:12 - INFO - root: Best param found at split 1: l2reg = 0.01                 with score 88.1
22-11-05 12:30:42 - INFO - root: Best param found at split 2: l2reg = 0.001                 with score 87.2
22-11-05 12:31:15 - INFO - root: Best param found at split 3: l2reg = 0.01                 with score 88.34
22-11-05 12:31:43 - INFO - root: Best param found at split 4: l2reg = 0.0001                 with score 87.41
22-11-05 12:32:14 - INFO - root: Best param found at split 5: l2reg = 0.01                 with score 87.92
22-11-05 12:32:16 - INFO - root: Computing embedding for train
22-11-05 12:32:19 - INFO - root: Computed train embeddings
22-11-05 12:32:19 - INFO - root: Computing embedding for dev
22-11-05 12:32:20 - INFO - root: Computed dev embeddings
22-11-05 12:32:20 - INFO - root: Computing embedding for test
22-11-05 12:32:21 - INFO - root: Computed test embeddings
22-11-05 12:32:21 - INFO - root: Training pytorch-MLP-nhid0-rmsprop-bs128 with standard validation..
22-11-05 12:32:29 - INFO - root: [('reg:1e-05', 37.87), ('reg:0.0001', 41.05), ('reg:0.001', 40.6), ('reg:0.01', 41.87)]
22-11-05 12:32:29 - INFO - root: Validation : best param found is reg = 0.01 with score             41.87
22-11-05 12:32:29 - INFO - root: Evaluating...
22-11-05 12:32:31 - INFO - root: ***** Transfer task : TREC *****


22-11-05 12:32:33 - INFO - root: Computed train embeddings
22-11-05 12:32:33 - INFO - root: Computed test embeddings
22-11-05 12:32:33 - INFO - root: Training pytorch-MLP-nhid0-rmsprop-bs128 with 5-fold cross-validation
22-11-05 12:32:52 - INFO - root: [('reg:1e-05', 71.5), ('reg:0.0001', 71.59), ('reg:0.001', 71.26), ('reg:0.01', 70.47)]
22-11-05 12:32:52 - INFO - root: Cross-validation : best param found is reg = 0.0001             with score 71.59
22-11-05 12:32:52 - INFO - root: Evaluating...
22-11-05 12:32:53 - INFO - root: ***** Transfer task : MRPC *****


22-11-05 12:32:53 - INFO - root: Computing embedding for train
22-11-05 12:32:57 - INFO - root: Computed train embeddings
22-11-05 12:32:57 - INFO - root: Computing embedding for test
22-11-05 12:32:58 - INFO - root: Computed test embeddings
22-11-05 12:32:58 - INFO - root: Training pytorch-MLP-nhid0-rmsprop-bs128 with 5-fold cross-validation
22-11-05 12:33:12 - INFO - root: [('reg:1e-05', 71.76), ('reg:0.0001', 72.3), ('reg:0.001', 72.55), ('reg:0.01', 72.45)]
22-11-05 12:33:12 - INFO - root: Cross-validation : best param found is reg = 0.001             with score 72.55
22-11-05 12:33:12 - INFO - root: Evaluating...
