22-11-06 02:29:46 - INFO - sentence_transformers.SentenceTransformer: Load pretrained SentenceTransformer: paraphrase-multilingual-MiniLM-L12-v2
22-11-06 02:29:48 - INFO - sentence_transformers.SentenceTransformer: Use pytorch device: cuda
22-11-06 02:29:48 - INFO - __main__: SBert model paraphrase-multilingual-MiniLM-L12-v2 is loaded.
22-11-06 02:29:50 - INFO - __main__: Num of SBert features: 384
22-11-06 02:29:51 - INFO - root: Generating sentence embeddings
22-11-06 02:29:55 - INFO - root: Generated sentence embeddings
22-11-06 02:29:55 - INFO - root: Training pytorch-MLP-nhid0-rmsprop-bs128 with (inner) 5-fold cross-validation
22-11-06 02:30:25 - INFO - root: Best param found at split 1: l2reg = 0.01                 with score 77.85
22-11-06 02:30:50 - INFO - root: Best param found at split 2: l2reg = 0.01                 with score 77.65
22-11-06 02:31:17 - INFO - root: Best param found at split 3: l2reg = 0.01                 with score 77.28
22-11-06 02:31:46 - INFO - root: Best param found at split 4: l2reg = 0.01                 with score 78.28
22-11-06 02:32:11 - INFO - root: Best param found at split 5: l2reg = 0.01                 with score 76.32
22-11-06 02:32:13 - INFO - root: Generating sentence embeddings
22-11-06 02:32:14 - INFO - root: Generated sentence embeddings
22-11-06 02:32:14 - INFO - root: Training pytorch-MLP-nhid0-rmsprop-bs128 with (inner) 5-fold cross-validation
22-11-06 02:32:24 - INFO - root: Best param found at split 1: l2reg = 0.0001                 with score 88.61
22-11-06 02:32:35 - INFO - root: Best param found at split 2: l2reg = 1e-05                 with score 88.81
22-11-06 02:32:44 - INFO - root: Best param found at split 3: l2reg = 0.001                 with score 88.61
22-11-06 02:32:54 - INFO - root: Best param found at split 4: l2reg = 1e-05                 with score 88.58
22-11-06 02:33:05 - INFO - root: Best param found at split 5: l2reg = 0.01                 with score 88.71
22-11-06 02:33:06 - INFO - root: Generating sentence embeddings
22-11-06 02:33:10 - INFO - root: Generated sentence embeddings
22-11-06 02:33:10 - INFO - root: Training pytorch-MLP-nhid0-rmsprop-bs128 with (inner) 5-fold cross-validation
22-11-06 02:33:35 - INFO - root: Best param found at split 1: l2reg = 0.001                 with score 91.5
22-11-06 02:34:02 - INFO - root: Best param found at split 2: l2reg = 0.01                 with score 91.8
22-11-06 02:34:29 - INFO - root: Best param found at split 3: l2reg = 0.01                 with score 91.45
22-11-06 02:34:57 - INFO - root: Best param found at split 4: l2reg = 0.0001                 with score 91.18
22-11-06 02:35:25 - INFO - root: Best param found at split 5: l2reg = 0.0001                 with score 91.32
22-11-06 02:35:27 - INFO - root: Generating sentence embeddings
22-11-06 02:35:31 - INFO - root: Generated sentence embeddings
22-11-06 02:35:31 - INFO - root: Training pytorch-MLP-nhid0-rmsprop-bs128 with (inner) 5-fold cross-validation
22-11-06 02:35:58 - INFO - root: Best param found at split 1: l2reg = 0.01                 with score 89.19
22-11-06 02:36:23 - INFO - root: Best param found at split 2: l2reg = 0.0001                 with score 88.8
22-11-06 02:36:53 - INFO - root: Best param found at split 3: l2reg = 0.01                 with score 89.12
22-11-06 02:37:21 - INFO - root: Best param found at split 4: l2reg = 1e-05                 with score 89.12
22-11-06 02:37:50 - INFO - root: Best param found at split 5: l2reg = 0.01                 with score 88.92
22-11-06 02:37:52 - INFO - root: Computing embedding for train
22-11-06 02:37:56 - INFO - root: Computed train embeddings
22-11-06 02:37:56 - INFO - root: Computing embedding for dev
22-11-06 02:37:56 - INFO - root: Computed dev embeddings
22-11-06 02:37:56 - INFO - root: Computing embedding for test
22-11-06 02:37:57 - INFO - root: Computed test embeddings
22-11-06 02:37:57 - INFO - root: Training pytorch-MLP-nhid0-rmsprop-bs128 with standard validation..
22-11-06 02:38:04 - INFO - root: [('reg:1e-05', 38.87), ('reg:0.0001', 34.51), ('reg:0.001', 41.96), ('reg:0.01', 40.24)]
22-11-06 02:38:04 - INFO - root: Validation : best param found is reg = 0.001 with score             41.96
22-11-06 02:38:04 - INFO - root: Evaluating...
22-11-06 02:38:06 - INFO - root: ***** Transfer task : TREC *****


22-11-06 02:38:08 - INFO - root: Computed train embeddings
22-11-06 02:38:09 - INFO - root: Computed test embeddings
22-11-06 02:38:09 - INFO - root: Training pytorch-MLP-nhid0-rmsprop-bs128 with 5-fold cross-validation
22-11-06 02:38:28 - INFO - root: [('reg:1e-05', 76.54), ('reg:0.0001', 75.7), ('reg:0.001', 77.88), ('reg:0.01', 74.67)]
22-11-06 02:38:28 - INFO - root: Cross-validation : best param found is reg = 0.001             with score 77.88
22-11-06 02:38:28 - INFO - root: Evaluating...
22-11-06 02:38:29 - INFO - root: ***** Transfer task : MRPC *****


22-11-06 02:38:29 - INFO - root: Computing embedding for train
22-11-06 02:38:32 - INFO - root: Computed train embeddings
22-11-06 02:38:32 - INFO - root: Computing embedding for test
22-11-06 02:38:34 - INFO - root: Computed test embeddings
22-11-06 02:38:34 - INFO - root: Training pytorch-MLP-nhid0-rmsprop-bs128 with 5-fold cross-validation
22-11-06 02:38:47 - INFO - root: [('reg:1e-05', 73.45), ('reg:0.0001', 72.99), ('reg:0.001', 72.1), ('reg:0.01', 72.84)]
22-11-06 02:38:47 - INFO - root: Cross-validation : best param found is reg = 1e-05             with score 73.45
22-11-06 02:38:47 - INFO - root: Evaluating...
