22-11-05 17:46:17 - INFO - sentence_transformers.SentenceTransformer: Load pretrained SentenceTransformer: paraphrase-multilingual-MiniLM-L12-v2
22-11-05 17:46:18 - INFO - sentence_transformers.SentenceTransformer: Use pytorch device: cuda
22-11-05 17:46:18 - INFO - __main__: SBert model paraphrase-multilingual-MiniLM-L12-v2 is loaded.
22-11-05 17:46:20 - INFO - __main__: Num of SBert features: 384
22-11-05 17:46:21 - INFO - root: Generating sentence embeddings
22-11-05 17:46:26 - INFO - root: Generated sentence embeddings
22-11-05 17:46:26 - INFO - root: Training pytorch-MLP-nhid0-rmsprop-bs128 with (inner) 5-fold cross-validation
22-11-05 17:46:52 - INFO - root: Best param found at split 1: l2reg = 1e-05                 with score 76.81
22-11-05 17:47:15 - INFO - root: Best param found at split 2: l2reg = 0.001                 with score 77.38
22-11-05 17:47:46 - INFO - root: Best param found at split 3: l2reg = 0.01                 with score 77.68
22-11-05 17:48:16 - INFO - root: Best param found at split 4: l2reg = 0.01                 with score 77.06
22-11-05 17:48:42 - INFO - root: Best param found at split 5: l2reg = 0.0001                 with score 76.2
22-11-05 17:48:43 - INFO - root: Generating sentence embeddings
22-11-05 17:48:45 - INFO - root: Generated sentence embeddings
22-11-05 17:48:45 - INFO - root: Training pytorch-MLP-nhid0-rmsprop-bs128 with (inner) 5-fold cross-validation
22-11-05 17:48:54 - INFO - root: Best param found at split 1: l2reg = 1e-05                 with score 88.11
22-11-05 17:49:04 - INFO - root: Best param found at split 2: l2reg = 0.001                 with score 88.44
22-11-05 17:49:15 - INFO - root: Best param found at split 3: l2reg = 0.01                 with score 86.95
22-11-05 17:49:25 - INFO - root: Best param found at split 4: l2reg = 0.01                 with score 87.35
22-11-05 17:49:35 - INFO - root: Best param found at split 5: l2reg = 0.001                 with score 87.25
22-11-05 17:49:35 - INFO - root: Generating sentence embeddings
22-11-05 17:49:40 - INFO - root: Generated sentence embeddings
22-11-05 17:49:40 - INFO - root: Training pytorch-MLP-nhid0-rmsprop-bs128 with (inner) 5-fold cross-validation
22-11-05 17:50:03 - INFO - root: Best param found at split 1: l2reg = 0.001                 with score 90.54
22-11-05 17:50:31 - INFO - root: Best param found at split 2: l2reg = 0.0001                 with score 91.04
22-11-05 17:50:59 - INFO - root: Best param found at split 3: l2reg = 0.001                 with score 90.65
22-11-05 17:51:26 - INFO - root: Best param found at split 4: l2reg = 0.01                 with score 90.71
22-11-05 17:51:53 - INFO - root: Best param found at split 5: l2reg = 0.01                 with score 91.07
22-11-05 17:51:55 - INFO - root: Generating sentence embeddings
22-11-05 17:51:58 - INFO - root: Generated sentence embeddings
22-11-05 17:51:58 - INFO - root: Training pytorch-MLP-nhid0-rmsprop-bs128 with (inner) 5-fold cross-validation
22-11-05 17:52:26 - INFO - root: Best param found at split 1: l2reg = 0.01                 with score 88.53
22-11-05 17:52:53 - INFO - root: Best param found at split 2: l2reg = 0.001                 with score 87.91
22-11-05 17:53:26 - INFO - root: Best param found at split 3: l2reg = 1e-05                 with score 88.78
22-11-05 17:53:53 - INFO - root: Best param found at split 4: l2reg = 0.001                 with score 88.17
22-11-05 17:54:21 - INFO - root: Best param found at split 5: l2reg = 1e-05                 with score 88.5
22-11-05 17:54:23 - INFO - root: Computing embedding for train
22-11-05 17:54:26 - INFO - root: Computed train embeddings
22-11-05 17:54:26 - INFO - root: Computing embedding for dev
22-11-05 17:54:27 - INFO - root: Computed dev embeddings
22-11-05 17:54:27 - INFO - root: Computing embedding for test
22-11-05 17:54:28 - INFO - root: Computed test embeddings
22-11-05 17:54:28 - INFO - root: Training pytorch-MLP-nhid0-rmsprop-bs128 with standard validation..
22-11-05 17:54:35 - INFO - root: [('reg:1e-05', 42.51), ('reg:0.0001', 39.33), ('reg:0.001', 42.6), ('reg:0.01', 41.87)]
22-11-05 17:54:35 - INFO - root: Validation : best param found is reg = 0.001 with score             42.6
22-11-05 17:54:35 - INFO - root: Evaluating...
22-11-05 17:54:37 - INFO - root: ***** Transfer task : TREC *****


22-11-05 17:54:39 - INFO - root: Computed train embeddings
22-11-05 17:54:39 - INFO - root: Computed test embeddings
22-11-05 17:54:39 - INFO - root: Training pytorch-MLP-nhid0-rmsprop-bs128 with 5-fold cross-validation
22-11-05 17:54:56 - INFO - root: [('reg:1e-05', 72.19), ('reg:0.0001', 70.4), ('reg:0.001', 70.38), ('reg:0.01', 68.0)]
22-11-05 17:54:56 - INFO - root: Cross-validation : best param found is reg = 1e-05             with score 72.19
22-11-05 17:54:56 - INFO - root: Evaluating...
22-11-05 17:54:57 - INFO - root: ***** Transfer task : MRPC *****


22-11-05 17:54:57 - INFO - root: Computing embedding for train
22-11-05 17:55:00 - INFO - root: Computed train embeddings
22-11-05 17:55:00 - INFO - root: Computing embedding for test
22-11-05 17:55:02 - INFO - root: Computed test embeddings
22-11-05 17:55:02 - INFO - root: Training pytorch-MLP-nhid0-rmsprop-bs128 with 5-fold cross-validation
22-11-05 17:55:15 - INFO - root: [('reg:1e-05', 73.18), ('reg:0.0001', 73.45), ('reg:0.001', 73.38), ('reg:0.01', 73.67)]
22-11-05 17:55:15 - INFO - root: Cross-validation : best param found is reg = 0.01             with score 73.67
22-11-05 17:55:15 - INFO - root: Evaluating...
22-11-18 15:00:34 - INFO - sentence_transformers.SentenceTransformer: Load pretrained SentenceTransformer: paraphrase-multilingual-MiniLM-L12-v2
22-11-18 15:00:36 - INFO - sentence_transformers.SentenceTransformer: Use pytorch device: cuda
22-11-18 15:00:36 - INFO - __main__: SBert model paraphrase-multilingual-MiniLM-L12-v2 is loaded.
22-11-18 15:00:37 - INFO - __main__: Num of SBert features: 384
