22-11-05 03:58:55 - INFO - sentence_transformers.SentenceTransformer: Load pretrained SentenceTransformer: paraphrase-multilingual-MiniLM-L12-v2
22-11-05 03:58:57 - INFO - sentence_transformers.SentenceTransformer: Use pytorch device: cuda
22-11-05 03:58:57 - INFO - __main__: SBert model paraphrase-multilingual-MiniLM-L12-v2 is loaded.
22-11-05 03:58:59 - INFO - __main__: Num of SBert features: 384
22-11-05 03:59:00 - INFO - root: Generating sentence embeddings
22-11-05 03:59:04 - INFO - root: Generated sentence embeddings
22-11-05 03:59:04 - INFO - root: Training pytorch-MLP-nhid0-rmsprop-bs128 with (inner) 5-fold cross-validation
22-11-05 03:59:30 - INFO - root: Best param found at split 1: l2reg = 0.01                 with score 76.79
22-11-05 04:00:01 - INFO - root: Best param found at split 2: l2reg = 0.01                 with score 75.98
22-11-05 04:00:29 - INFO - root: Best param found at split 3: l2reg = 0.001                 with score 76.12
22-11-05 04:00:56 - INFO - root: Best param found at split 4: l2reg = 0.01                 with score 76.28
22-11-05 04:01:25 - INFO - root: Best param found at split 5: l2reg = 0.001                 with score 76.39
22-11-05 04:01:26 - INFO - root: Generating sentence embeddings
22-11-05 04:01:28 - INFO - root: Generated sentence embeddings
22-11-05 04:01:28 - INFO - root: Training pytorch-MLP-nhid0-rmsprop-bs128 with (inner) 5-fold cross-validation
22-11-05 04:01:36 - INFO - root: Best param found at split 1: l2reg = 0.001                 with score 86.46
22-11-05 04:01:45 - INFO - root: Best param found at split 2: l2reg = 0.01                 with score 87.09
22-11-05 04:01:55 - INFO - root: Best param found at split 3: l2reg = 0.01                 with score 87.38
22-11-05 04:02:05 - INFO - root: Best param found at split 4: l2reg = 0.01                 with score 86.85
22-11-05 04:02:15 - INFO - root: Best param found at split 5: l2reg = 0.01                 with score 86.92
22-11-05 04:02:16 - INFO - root: Generating sentence embeddings
22-11-05 04:02:20 - INFO - root: Generated sentence embeddings
22-11-05 04:02:20 - INFO - root: Training pytorch-MLP-nhid0-rmsprop-bs128 with (inner) 5-fold cross-validation
22-11-05 04:02:44 - INFO - root: Best param found at split 1: l2reg = 0.0001                 with score 88.3
22-11-05 04:03:09 - INFO - root: Best param found at split 2: l2reg = 0.01                 with score 89.02
22-11-05 04:03:37 - INFO - root: Best param found at split 3: l2reg = 0.01                 with score 88.44
22-11-05 04:04:03 - INFO - root: Best param found at split 4: l2reg = 0.01                 with score 88.32
22-11-05 04:04:32 - INFO - root: Best param found at split 5: l2reg = 0.01                 with score 88.55
22-11-05 04:04:34 - INFO - root: Generating sentence embeddings
22-11-05 04:04:38 - INFO - root: Generated sentence embeddings
22-11-05 04:04:38 - INFO - root: Training pytorch-MLP-nhid0-rmsprop-bs128 with (inner) 5-fold cross-validation
22-11-05 04:05:05 - INFO - root: Best param found at split 1: l2reg = 1e-05                 with score 86.83
22-11-05 04:05:32 - INFO - root: Best param found at split 2: l2reg = 1e-05                 with score 86.43
22-11-05 04:06:03 - INFO - root: Best param found at split 3: l2reg = 0.01                 with score 87.64
22-11-05 04:06:29 - INFO - root: Best param found at split 4: l2reg = 0.01                 with score 87.52
22-11-05 04:06:59 - INFO - root: Best param found at split 5: l2reg = 0.01                 with score 86.54
22-11-05 04:07:00 - INFO - root: Computing embedding for train
22-11-05 04:07:03 - INFO - root: Computed train embeddings
22-11-05 04:07:03 - INFO - root: Computing embedding for dev
22-11-05 04:07:04 - INFO - root: Computed dev embeddings
22-11-05 04:07:04 - INFO - root: Computing embedding for test
22-11-05 04:07:05 - INFO - root: Computed test embeddings
22-11-05 04:07:05 - INFO - root: Training pytorch-MLP-nhid0-rmsprop-bs128 with standard validation..
22-11-05 04:07:12 - INFO - root: [('reg:1e-05', 41.42), ('reg:0.0001', 41.51), ('reg:0.001', 41.33), ('reg:0.01', 41.78)]
22-11-05 04:07:12 - INFO - root: Validation : best param found is reg = 0.01 with score             41.78
22-11-05 04:07:12 - INFO - root: Evaluating...
22-11-05 04:07:14 - INFO - root: ***** Transfer task : TREC *****


22-11-05 04:07:16 - INFO - root: Computed train embeddings
22-11-05 04:07:16 - INFO - root: Computed test embeddings
22-11-05 04:07:16 - INFO - root: Training pytorch-MLP-nhid0-rmsprop-bs128 with 5-fold cross-validation
22-11-05 04:07:35 - INFO - root: [('reg:1e-05', 69.7), ('reg:0.0001', 69.74), ('reg:0.001', 69.7), ('reg:0.01', 67.99)]
22-11-05 04:07:35 - INFO - root: Cross-validation : best param found is reg = 0.0001             with score 69.74
22-11-05 04:07:35 - INFO - root: Evaluating...
22-11-05 04:07:36 - INFO - root: ***** Transfer task : MRPC *****


22-11-05 04:07:36 - INFO - root: Computing embedding for train
22-11-05 04:07:40 - INFO - root: Computed train embeddings
22-11-05 04:07:40 - INFO - root: Computing embedding for test
22-11-05 04:07:41 - INFO - root: Computed test embeddings
22-11-05 04:07:41 - INFO - root: Training pytorch-MLP-nhid0-rmsprop-bs128 with 5-fold cross-validation
22-11-05 04:07:56 - INFO - root: [('reg:1e-05', 72.13), ('reg:0.0001', 72.13), ('reg:0.001', 72.28), ('reg:0.01', 72.77)]
22-11-05 04:07:56 - INFO - root: Cross-validation : best param found is reg = 0.01             with score 72.77
22-11-05 04:07:56 - INFO - root: Evaluating...
