22-11-06 03:54:19 - INFO - sentence_transformers.SentenceTransformer: Load pretrained SentenceTransformer: paraphrase-multilingual-MiniLM-L12-v2
22-11-06 03:54:20 - INFO - sentence_transformers.SentenceTransformer: Use pytorch device: cuda
22-11-06 03:54:20 - INFO - __main__: SBert model paraphrase-multilingual-MiniLM-L12-v2 is loaded.
22-11-06 03:54:22 - INFO - __main__: Num of SBert features: 384
22-11-06 03:54:23 - INFO - root: Generating sentence embeddings
22-11-06 03:54:28 - INFO - root: Generated sentence embeddings
22-11-06 03:54:28 - INFO - root: Training pytorch-MLP-nhid0-rmsprop-bs128 with (inner) 5-fold cross-validation
22-11-06 03:54:50 - INFO - root: Best param found at split 1: l2reg = 0.01                 with score 77.28
22-11-06 03:55:16 - INFO - root: Best param found at split 2: l2reg = 0.0001                 with score 78.06
22-11-06 03:55:47 - INFO - root: Best param found at split 3: l2reg = 0.01                 with score 78.03
22-11-06 03:56:14 - INFO - root: Best param found at split 4: l2reg = 1e-05                 with score 78.31
22-11-06 03:56:44 - INFO - root: Best param found at split 5: l2reg = 0.001                 with score 78.03
22-11-06 03:56:46 - INFO - root: Generating sentence embeddings
22-11-06 03:56:47 - INFO - root: Generated sentence embeddings
22-11-06 03:56:47 - INFO - root: Training pytorch-MLP-nhid0-rmsprop-bs128 with (inner) 5-fold cross-validation
22-11-06 03:56:57 - INFO - root: Best param found at split 1: l2reg = 0.01                 with score 88.21
22-11-06 03:57:08 - INFO - root: Best param found at split 2: l2reg = 0.01                 with score 88.77
22-11-06 03:57:18 - INFO - root: Best param found at split 3: l2reg = 0.0001                 with score 88.41
22-11-06 03:57:27 - INFO - root: Best param found at split 4: l2reg = 1e-05                 with score 88.34
22-11-06 03:57:37 - INFO - root: Best param found at split 5: l2reg = 0.001                 with score 88.21
22-11-06 03:57:38 - INFO - root: Generating sentence embeddings
22-11-06 03:57:42 - INFO - root: Generated sentence embeddings
22-11-06 03:57:42 - INFO - root: Training pytorch-MLP-nhid0-rmsprop-bs128 with (inner) 5-fold cross-validation
22-11-06 03:58:09 - INFO - root: Best param found at split 1: l2reg = 0.01                 with score 91.62
22-11-06 03:58:36 - INFO - root: Best param found at split 2: l2reg = 0.001                 with score 91.84
22-11-06 03:59:02 - INFO - root: Best param found at split 3: l2reg = 0.001                 with score 91.86
22-11-06 03:59:31 - INFO - root: Best param found at split 4: l2reg = 0.01                 with score 91.48
22-11-06 03:59:55 - INFO - root: Best param found at split 5: l2reg = 0.01                 with score 91.34
22-11-06 03:59:57 - INFO - root: Generating sentence embeddings
22-11-06 04:00:01 - INFO - root: Generated sentence embeddings
22-11-06 04:00:01 - INFO - root: Training pytorch-MLP-nhid0-rmsprop-bs128 with (inner) 5-fold cross-validation
22-11-06 04:00:28 - INFO - root: Best param found at split 1: l2reg = 0.01                 with score 89.1
22-11-06 04:00:55 - INFO - root: Best param found at split 2: l2reg = 0.001                 with score 88.98
22-11-06 04:01:25 - INFO - root: Best param found at split 3: l2reg = 1e-05                 with score 88.83
22-11-06 04:01:54 - INFO - root: Best param found at split 4: l2reg = 0.0001                 with score 88.52
22-11-06 04:02:20 - INFO - root: Best param found at split 5: l2reg = 0.001                 with score 88.8
22-11-06 04:02:21 - INFO - root: Computing embedding for train
22-11-06 04:02:25 - INFO - root: Computed train embeddings
22-11-06 04:02:25 - INFO - root: Computing embedding for dev
22-11-06 04:02:25 - INFO - root: Computed dev embeddings
22-11-06 04:02:25 - INFO - root: Computing embedding for test
22-11-06 04:02:26 - INFO - root: Computed test embeddings
22-11-06 04:02:26 - INFO - root: Training pytorch-MLP-nhid0-rmsprop-bs128 with standard validation..
22-11-06 04:02:33 - INFO - root: [('reg:1e-05', 40.24), ('reg:0.0001', 42.69), ('reg:0.001', 38.69), ('reg:0.01', 37.69)]
22-11-06 04:02:33 - INFO - root: Validation : best param found is reg = 0.0001 with score             42.69
22-11-06 04:02:33 - INFO - root: Evaluating...
22-11-06 04:02:35 - INFO - root: ***** Transfer task : TREC *****


22-11-06 04:02:37 - INFO - root: Computed train embeddings
22-11-06 04:02:37 - INFO - root: Computed test embeddings
22-11-06 04:02:37 - INFO - root: Training pytorch-MLP-nhid0-rmsprop-bs128 with 5-fold cross-validation
22-11-06 04:02:57 - INFO - root: [('reg:1e-05', 75.77), ('reg:0.0001', 77.46), ('reg:0.001', 75.57), ('reg:0.01', 68.45)]
22-11-06 04:02:57 - INFO - root: Cross-validation : best param found is reg = 0.0001             with score 77.46
22-11-06 04:02:57 - INFO - root: Evaluating...
22-11-06 04:02:58 - INFO - root: ***** Transfer task : MRPC *****


22-11-06 04:02:58 - INFO - root: Computing embedding for train
22-11-06 04:03:02 - INFO - root: Computed train embeddings
22-11-06 04:03:02 - INFO - root: Computing embedding for test
22-11-06 04:03:03 - INFO - root: Computed test embeddings
22-11-06 04:03:03 - INFO - root: Training pytorch-MLP-nhid0-rmsprop-bs128 with 5-fold cross-validation
22-11-06 04:03:17 - INFO - root: [('reg:1e-05', 73.75), ('reg:0.0001', 73.55), ('reg:0.001', 73.5), ('reg:0.01', 73.72)]
22-11-06 04:03:17 - INFO - root: Cross-validation : best param found is reg = 1e-05             with score 73.75
22-11-06 04:03:17 - INFO - root: Evaluating...
