22-11-05 18:40:18 - INFO - sentence_transformers.SentenceTransformer: Load pretrained SentenceTransformer: paraphrase-multilingual-MiniLM-L12-v2
22-11-05 18:40:19 - INFO - sentence_transformers.SentenceTransformer: Use pytorch device: cuda
22-11-05 18:40:19 - INFO - __main__: SBert model paraphrase-multilingual-MiniLM-L12-v2 is loaded.
22-11-05 18:40:21 - INFO - __main__: Num of SBert features: 384
22-11-05 18:40:22 - INFO - root: Generating sentence embeddings
22-11-05 18:40:26 - INFO - root: Generated sentence embeddings
22-11-05 18:40:26 - INFO - root: Training pytorch-MLP-nhid0-rmsprop-bs128 with (inner) 5-fold cross-validation
22-11-05 18:40:57 - INFO - root: Best param found at split 1: l2reg = 0.01                 with score 78.17
22-11-05 18:41:23 - INFO - root: Best param found at split 2: l2reg = 0.01                 with score 77.13
22-11-05 18:41:51 - INFO - root: Best param found at split 3: l2reg = 0.01                 with score 77.02
22-11-05 18:42:19 - INFO - root: Best param found at split 4: l2reg = 0.01                 with score 77.49
22-11-05 18:42:47 - INFO - root: Best param found at split 5: l2reg = 1e-05                 with score 77.29
22-11-05 18:42:49 - INFO - root: Generating sentence embeddings
22-11-05 18:42:51 - INFO - root: Generated sentence embeddings
22-11-05 18:42:51 - INFO - root: Training pytorch-MLP-nhid0-rmsprop-bs128 with (inner) 5-fold cross-validation
22-11-05 18:42:59 - INFO - root: Best param found at split 1: l2reg = 0.001                 with score 88.21
22-11-05 18:43:09 - INFO - root: Best param found at split 2: l2reg = 0.001                 with score 88.48
22-11-05 18:43:19 - INFO - root: Best param found at split 3: l2reg = 0.01                 with score 87.62
22-11-05 18:43:30 - INFO - root: Best param found at split 4: l2reg = 0.001                 with score 88.08
22-11-05 18:43:39 - INFO - root: Best param found at split 5: l2reg = 0.001                 with score 87.88
22-11-05 18:43:40 - INFO - root: Generating sentence embeddings
22-11-05 18:43:44 - INFO - root: Generated sentence embeddings
22-11-05 18:43:44 - INFO - root: Training pytorch-MLP-nhid0-rmsprop-bs128 with (inner) 5-fold cross-validation
22-11-05 18:44:07 - INFO - root: Best param found at split 1: l2reg = 0.01                 with score 90.99
22-11-05 18:44:33 - INFO - root: Best param found at split 2: l2reg = 0.001                 with score 91.32
22-11-05 18:45:00 - INFO - root: Best param found at split 3: l2reg = 0.01                 with score 91.28
22-11-05 18:45:28 - INFO - root: Best param found at split 4: l2reg = 0.01                 with score 90.61
22-11-05 18:45:55 - INFO - root: Best param found at split 5: l2reg = 0.0001                 with score 90.89
22-11-05 18:45:57 - INFO - root: Generating sentence embeddings
22-11-05 18:46:01 - INFO - root: Generated sentence embeddings
22-11-05 18:46:01 - INFO - root: Training pytorch-MLP-nhid0-rmsprop-bs128 with (inner) 5-fold cross-validation
22-11-05 18:46:27 - INFO - root: Best param found at split 1: l2reg = 1e-05                 with score 89.13
22-11-05 18:46:57 - INFO - root: Best param found at split 2: l2reg = 0.01                 with score 88.31
22-11-05 18:47:26 - INFO - root: Best param found at split 3: l2reg = 0.01                 with score 88.7
22-11-05 18:47:54 - INFO - root: Best param found at split 4: l2reg = 0.01                 with score 88.57
22-11-05 18:48:21 - INFO - root: Best param found at split 5: l2reg = 0.01                 with score 88.85
22-11-05 18:48:22 - INFO - root: Computing embedding for train
22-11-05 18:48:25 - INFO - root: Computed train embeddings
22-11-05 18:48:25 - INFO - root: Computing embedding for dev
22-11-05 18:48:26 - INFO - root: Computed dev embeddings
22-11-05 18:48:26 - INFO - root: Computing embedding for test
22-11-05 18:48:27 - INFO - root: Computed test embeddings
22-11-05 18:48:27 - INFO - root: Training pytorch-MLP-nhid0-rmsprop-bs128 with standard validation..
22-11-05 18:48:33 - INFO - root: [('reg:1e-05', 36.06), ('reg:0.0001', 40.42), ('reg:0.001', 41.6), ('reg:0.01', 43.05)]
22-11-05 18:48:33 - INFO - root: Validation : best param found is reg = 0.01 with score             43.05
22-11-05 18:48:33 - INFO - root: Evaluating...
22-11-05 18:48:35 - INFO - root: ***** Transfer task : TREC *****


22-11-05 18:48:37 - INFO - root: Computed train embeddings
22-11-05 18:48:38 - INFO - root: Computed test embeddings
22-11-05 18:48:38 - INFO - root: Training pytorch-MLP-nhid0-rmsprop-bs128 with 5-fold cross-validation
22-11-05 18:48:57 - INFO - root: [('reg:1e-05', 74.29), ('reg:0.0001', 72.8), ('reg:0.001', 73.93), ('reg:0.01', 72.3)]
22-11-05 18:48:57 - INFO - root: Cross-validation : best param found is reg = 1e-05             with score 74.29
22-11-05 18:48:57 - INFO - root: Evaluating...
22-11-05 18:48:59 - INFO - root: ***** Transfer task : MRPC *****


22-11-05 18:48:59 - INFO - root: Computing embedding for train
22-11-05 18:49:02 - INFO - root: Computed train embeddings
22-11-05 18:49:02 - INFO - root: Computing embedding for test
22-11-05 18:49:04 - INFO - root: Computed test embeddings
22-11-05 18:49:04 - INFO - root: Training pytorch-MLP-nhid0-rmsprop-bs128 with 5-fold cross-validation
22-11-05 18:49:17 - INFO - root: [('reg:1e-05', 71.52), ('reg:0.0001', 72.99), ('reg:0.001', 72.96), ('reg:0.01', 72.94)]
22-11-05 18:49:17 - INFO - root: Cross-validation : best param found is reg = 0.0001             with score 72.99
22-11-05 18:49:17 - INFO - root: Evaluating...
