22-11-05 01:47:04 - INFO - sentence_transformers.SentenceTransformer: Load pretrained SentenceTransformer: paraphrase-multilingual-MiniLM-L12-v2
22-11-05 01:47:05 - INFO - sentence_transformers.SentenceTransformer: Use pytorch device: cuda
22-11-05 01:47:05 - INFO - __main__: SBert model paraphrase-multilingual-MiniLM-L12-v2 is loaded.
22-11-05 01:47:07 - INFO - __main__: Num of SBert features: 384
22-11-05 01:47:08 - INFO - root: Generating sentence embeddings
22-11-05 01:47:12 - INFO - root: Generated sentence embeddings
22-11-05 01:47:12 - INFO - root: Training pytorch-MLP-nhid0-rmsprop-bs128 with (inner) 5-fold cross-validation
22-11-05 01:47:42 - INFO - root: Best param found at split 1: l2reg = 0.01                 with score 76.41
22-11-05 01:48:11 - INFO - root: Best param found at split 2: l2reg = 0.01                 with score 75.33
22-11-05 01:48:38 - INFO - root: Best param found at split 3: l2reg = 0.0001                 with score 75.55
22-11-05 01:49:07 - INFO - root: Best param found at split 4: l2reg = 1e-05                 with score 75.67
22-11-05 01:49:40 - INFO - root: Best param found at split 5: l2reg = 0.01                 with score 76.14
22-11-05 01:49:41 - INFO - root: Generating sentence embeddings
22-11-05 01:49:43 - INFO - root: Generated sentence embeddings
22-11-05 01:49:43 - INFO - root: Training pytorch-MLP-nhid0-rmsprop-bs128 with (inner) 5-fold cross-validation
22-11-05 01:49:51 - INFO - root: Best param found at split 1: l2reg = 0.01                 with score 87.48
22-11-05 01:50:00 - INFO - root: Best param found at split 2: l2reg = 0.001                 with score 87.88
22-11-05 01:50:10 - INFO - root: Best param found at split 3: l2reg = 0.01                 with score 86.75
22-11-05 01:50:20 - INFO - root: Best param found at split 4: l2reg = 0.01                 with score 87.58
22-11-05 01:50:30 - INFO - root: Best param found at split 5: l2reg = 0.01                 with score 86.95
22-11-05 01:50:30 - INFO - root: Generating sentence embeddings
22-11-05 01:50:35 - INFO - root: Generated sentence embeddings
22-11-05 01:50:35 - INFO - root: Training pytorch-MLP-nhid0-rmsprop-bs128 with (inner) 5-fold cross-validation
22-11-05 01:50:58 - INFO - root: Best param found at split 1: l2reg = 1e-05                 with score 88.7
22-11-05 01:51:26 - INFO - root: Best param found at split 2: l2reg = 0.01                 with score 88.95
22-11-05 01:51:51 - INFO - root: Best param found at split 3: l2reg = 0.001                 with score 89.11
22-11-05 01:52:16 - INFO - root: Best param found at split 4: l2reg = 1e-05                 with score 88.58
22-11-05 01:52:43 - INFO - root: Best param found at split 5: l2reg = 1e-05                 with score 88.85
22-11-05 01:52:45 - INFO - root: Generating sentence embeddings
22-11-05 01:52:48 - INFO - root: Generated sentence embeddings
22-11-05 01:52:48 - INFO - root: Training pytorch-MLP-nhid0-rmsprop-bs128 with (inner) 5-fold cross-validation
22-11-05 01:53:13 - INFO - root: Best param found at split 1: l2reg = 0.001                 with score 87.08
22-11-05 01:53:44 - INFO - root: Best param found at split 2: l2reg = 0.01                 with score 86.95
22-11-05 01:54:13 - INFO - root: Best param found at split 3: l2reg = 0.0001                 with score 87.0
22-11-05 01:54:43 - INFO - root: Best param found at split 4: l2reg = 1e-05                 with score 86.93
22-11-05 01:55:12 - INFO - root: Best param found at split 5: l2reg = 0.01                 with score 87.3
22-11-05 01:55:13 - INFO - root: Computing embedding for train
22-11-05 01:55:17 - INFO - root: Computed train embeddings
22-11-05 01:55:17 - INFO - root: Computing embedding for dev
22-11-05 01:55:17 - INFO - root: Computed dev embeddings
22-11-05 01:55:17 - INFO - root: Computing embedding for test
22-11-05 01:55:18 - INFO - root: Computed test embeddings
22-11-05 01:55:18 - INFO - root: Training pytorch-MLP-nhid0-rmsprop-bs128 with standard validation..
22-11-05 01:55:26 - INFO - root: [('reg:1e-05', 40.15), ('reg:0.0001', 40.33), ('reg:0.001', 40.24), ('reg:0.01', 40.87)]
22-11-05 01:55:26 - INFO - root: Validation : best param found is reg = 0.01 with score             40.87
22-11-05 01:55:26 - INFO - root: Evaluating...
22-11-05 01:55:27 - INFO - root: ***** Transfer task : TREC *****


22-11-05 01:55:29 - INFO - root: Computed train embeddings
22-11-05 01:55:30 - INFO - root: Computed test embeddings
22-11-05 01:55:30 - INFO - root: Training pytorch-MLP-nhid0-rmsprop-bs128 with 5-fold cross-validation
22-11-05 01:55:46 - INFO - root: [('reg:1e-05', 67.39), ('reg:0.0001', 67.54), ('reg:0.001', 67.24), ('reg:0.01', 65.85)]
22-11-05 01:55:46 - INFO - root: Cross-validation : best param found is reg = 0.0001             with score 67.54
22-11-05 01:55:46 - INFO - root: Evaluating...
22-11-05 01:55:47 - INFO - root: ***** Transfer task : MRPC *****


22-11-05 01:55:47 - INFO - root: Computing embedding for train
22-11-05 01:55:51 - INFO - root: Computed train embeddings
22-11-05 01:55:51 - INFO - root: Computing embedding for test
22-11-05 01:55:52 - INFO - root: Computed test embeddings
22-11-05 01:55:52 - INFO - root: Training pytorch-MLP-nhid0-rmsprop-bs128 with 5-fold cross-validation
22-11-05 01:56:09 - INFO - root: [('reg:1e-05', 72.37), ('reg:0.0001', 72.23), ('reg:0.001', 72.35), ('reg:0.01', 72.37)]
22-11-05 01:56:09 - INFO - root: Cross-validation : best param found is reg = 1e-05             with score 72.37
22-11-05 01:56:09 - INFO - root: Evaluating...
22-11-18 09:00:28 - INFO - sentence_transformers.SentenceTransformer: Load pretrained SentenceTransformer: paraphrase-multilingual-MiniLM-L12-v2
22-11-18 09:00:29 - INFO - sentence_transformers.SentenceTransformer: Use pytorch device: cuda
22-11-18 09:00:29 - INFO - __main__: SBert model paraphrase-multilingual-MiniLM-L12-v2 is loaded.
22-11-18 09:00:31 - INFO - __main__: Num of SBert features: 384
