22-11-05 23:15:04 - INFO - sentence_transformers.SentenceTransformer: Load pretrained SentenceTransformer: paraphrase-multilingual-MiniLM-L12-v2
22-11-05 23:15:06 - INFO - sentence_transformers.SentenceTransformer: Use pytorch device: cuda
22-11-05 23:15:06 - INFO - __main__: SBert model paraphrase-multilingual-MiniLM-L12-v2 is loaded.
22-11-05 23:15:08 - INFO - __main__: Num of SBert features: 384
22-11-05 23:15:09 - INFO - root: Generating sentence embeddings
22-11-05 23:15:14 - INFO - root: Generated sentence embeddings
22-11-05 23:15:14 - INFO - root: Training pytorch-MLP-nhid0-rmsprop-bs128 with (inner) 5-fold cross-validation
22-11-05 23:15:43 - INFO - root: Best param found at split 1: l2reg = 0.01                 with score 78.39
22-11-05 23:16:11 - INFO - root: Best param found at split 2: l2reg = 0.001                 with score 77.37
22-11-05 23:16:42 - INFO - root: Best param found at split 3: l2reg = 0.001                 with score 77.22
22-11-05 23:17:10 - INFO - root: Best param found at split 4: l2reg = 0.001                 with score 77.48
22-11-05 23:17:41 - INFO - root: Best param found at split 5: l2reg = 0.0001                 with score 77.58
22-11-05 23:17:43 - INFO - root: Generating sentence embeddings
22-11-05 23:17:44 - INFO - root: Generated sentence embeddings
22-11-05 23:17:44 - INFO - root: Training pytorch-MLP-nhid0-rmsprop-bs128 with (inner) 5-fold cross-validation
22-11-05 23:17:53 - INFO - root: Best param found at split 1: l2reg = 0.01                 with score 88.08
22-11-05 23:18:04 - INFO - root: Best param found at split 2: l2reg = 1e-05                 with score 88.84
22-11-05 23:18:14 - INFO - root: Best param found at split 3: l2reg = 0.01                 with score 88.34
22-11-05 23:18:23 - INFO - root: Best param found at split 4: l2reg = 0.01                 with score 88.15
22-11-05 23:18:32 - INFO - root: Best param found at split 5: l2reg = 0.01                 with score 87.72
22-11-05 23:18:33 - INFO - root: Generating sentence embeddings
22-11-05 23:18:37 - INFO - root: Generated sentence embeddings
22-11-05 23:18:37 - INFO - root: Training pytorch-MLP-nhid0-rmsprop-bs128 with (inner) 5-fold cross-validation
22-11-05 23:18:55 - INFO - root: Best param found at split 1: l2reg = 1e-05                 with score 91.2
22-11-05 23:19:23 - INFO - root: Best param found at split 2: l2reg = 0.01                 with score 91.92
22-11-05 23:19:50 - INFO - root: Best param found at split 3: l2reg = 1e-05                 with score 91.64
22-11-05 23:20:17 - INFO - root: Best param found at split 4: l2reg = 0.01                 with score 91.56
22-11-05 23:20:42 - INFO - root: Best param found at split 5: l2reg = 0.01                 with score 91.66
22-11-05 23:20:43 - INFO - root: Generating sentence embeddings
22-11-05 23:20:47 - INFO - root: Generated sentence embeddings
22-11-05 23:20:47 - INFO - root: Training pytorch-MLP-nhid0-rmsprop-bs128 with (inner) 5-fold cross-validation
22-11-05 23:21:13 - INFO - root: Best param found at split 1: l2reg = 1e-05                 with score 89.46
22-11-05 23:21:44 - INFO - root: Best param found at split 2: l2reg = 0.001                 with score 88.97
22-11-05 23:22:15 - INFO - root: Best param found at split 3: l2reg = 1e-05                 with score 88.96
22-11-05 23:22:42 - INFO - root: Best param found at split 4: l2reg = 1e-05                 with score 88.82
22-11-05 23:23:09 - INFO - root: Best param found at split 5: l2reg = 0.0001                 with score 88.99
22-11-05 23:23:10 - INFO - root: Computing embedding for train
22-11-05 23:23:13 - INFO - root: Computed train embeddings
22-11-05 23:23:13 - INFO - root: Computing embedding for dev
22-11-05 23:23:14 - INFO - root: Computed dev embeddings
22-11-05 23:23:14 - INFO - root: Computing embedding for test
22-11-05 23:23:15 - INFO - root: Computed test embeddings
22-11-05 23:23:15 - INFO - root: Training pytorch-MLP-nhid0-rmsprop-bs128 with standard validation..
22-11-05 23:23:22 - INFO - root: [('reg:1e-05', 39.6), ('reg:0.0001', 42.05), ('reg:0.001', 42.05), ('reg:0.01', 38.42)]
22-11-05 23:23:22 - INFO - root: Validation : best param found is reg = 0.0001 with score             42.05
22-11-05 23:23:22 - INFO - root: Evaluating...
22-11-05 23:23:23 - INFO - root: ***** Transfer task : TREC *****


22-11-05 23:23:25 - INFO - root: Computed train embeddings
22-11-05 23:23:25 - INFO - root: Computed test embeddings
22-11-05 23:23:25 - INFO - root: Training pytorch-MLP-nhid0-rmsprop-bs128 with 5-fold cross-validation
22-11-05 23:23:45 - INFO - root: [('reg:1e-05', 77.97), ('reg:0.0001', 73.99), ('reg:0.001', 76.14), ('reg:0.01', 72.65)]
22-11-05 23:23:45 - INFO - root: Cross-validation : best param found is reg = 1e-05             with score 77.97
22-11-05 23:23:45 - INFO - root: Evaluating...
22-11-05 23:23:46 - INFO - root: ***** Transfer task : MRPC *****


22-11-05 23:23:46 - INFO - root: Computing embedding for train
22-11-05 23:23:50 - INFO - root: Computed train embeddings
22-11-05 23:23:50 - INFO - root: Computing embedding for test
22-11-05 23:23:51 - INFO - root: Computed test embeddings
22-11-05 23:23:51 - INFO - root: Training pytorch-MLP-nhid0-rmsprop-bs128 with 5-fold cross-validation
22-11-05 23:24:03 - INFO - root: [('reg:1e-05', 72.5), ('reg:0.0001', 73.77), ('reg:0.001', 73.43), ('reg:0.01', 73.45)]
22-11-05 23:24:03 - INFO - root: Cross-validation : best param found is reg = 0.0001             with score 73.77
22-11-05 23:24:03 - INFO - root: Evaluating...
