22-11-05 08:50:15 - INFO - sentence_transformers.SentenceTransformer: Load pretrained SentenceTransformer: paraphrase-multilingual-MiniLM-L12-v2
22-11-05 08:50:17 - INFO - sentence_transformers.SentenceTransformer: Use pytorch device: cuda
22-11-05 08:50:17 - INFO - __main__: SBert model paraphrase-multilingual-MiniLM-L12-v2 is loaded.
22-11-05 08:50:19 - INFO - __main__: Num of SBert features: 384
22-11-05 08:50:20 - INFO - root: Generating sentence embeddings
22-11-05 08:50:24 - INFO - root: Generated sentence embeddings
22-11-05 08:50:24 - INFO - root: Training pytorch-MLP-nhid0-rmsprop-bs128 with (inner) 5-fold cross-validation
22-11-05 08:50:44 - INFO - root: Best param found at split 1: l2reg = 0.01                 with score 77.13
22-11-05 08:51:02 - INFO - root: Best param found at split 2: l2reg = 0.01                 with score 76.32
22-11-05 08:51:31 - INFO - root: Best param found at split 3: l2reg = 0.01                 with score 76.38
22-11-05 08:51:59 - INFO - root: Best param found at split 4: l2reg = 1e-05                 with score 76.74
22-11-05 08:52:28 - INFO - root: Best param found at split 5: l2reg = 0.01                 with score 76.38
22-11-05 08:52:29 - INFO - root: Generating sentence embeddings
22-11-05 08:52:31 - INFO - root: Generated sentence embeddings
22-11-05 08:52:31 - INFO - root: Training pytorch-MLP-nhid0-rmsprop-bs128 with (inner) 5-fold cross-validation
22-11-05 08:52:39 - INFO - root: Best param found at split 1: l2reg = 1e-05                 with score 86.13
22-11-05 08:52:48 - INFO - root: Best param found at split 2: l2reg = 0.0001                 with score 87.48
22-11-05 08:52:57 - INFO - root: Best param found at split 3: l2reg = 0.0001                 with score 86.66
22-11-05 08:53:07 - INFO - root: Best param found at split 4: l2reg = 0.01                 with score 87.22
22-11-05 08:53:17 - INFO - root: Best param found at split 5: l2reg = 0.01                 with score 86.92
22-11-05 08:53:17 - INFO - root: Generating sentence embeddings
22-11-05 08:53:22 - INFO - root: Generated sentence embeddings
22-11-05 08:53:22 - INFO - root: Training pytorch-MLP-nhid0-rmsprop-bs128 with (inner) 5-fold cross-validation
22-11-05 08:53:47 - INFO - root: Best param found at split 1: l2reg = 0.01                 with score 89.84
22-11-05 08:54:13 - INFO - root: Best param found at split 2: l2reg = 1e-05                 with score 89.95
22-11-05 08:54:39 - INFO - root: Best param found at split 3: l2reg = 0.01                 with score 89.86
22-11-05 08:55:04 - INFO - root: Best param found at split 4: l2reg = 1e-05                 with score 89.68
22-11-05 08:55:30 - INFO - root: Best param found at split 5: l2reg = 0.01                 with score 89.89
22-11-05 08:55:31 - INFO - root: Generating sentence embeddings
22-11-05 08:55:35 - INFO - root: Generated sentence embeddings
22-11-05 08:55:35 - INFO - root: Training pytorch-MLP-nhid0-rmsprop-bs128 with (inner) 5-fold cross-validation
22-11-05 08:56:01 - INFO - root: Best param found at split 1: l2reg = 0.01                 with score 88.21
22-11-05 08:56:30 - INFO - root: Best param found at split 2: l2reg = 0.001                 with score 86.82
22-11-05 08:57:01 - INFO - root: Best param found at split 3: l2reg = 0.01                 with score 87.92
22-11-05 08:57:30 - INFO - root: Best param found at split 4: l2reg = 0.01                 with score 87.66
22-11-05 08:57:59 - INFO - root: Best param found at split 5: l2reg = 0.01                 with score 88.04
22-11-05 08:58:00 - INFO - root: Computing embedding for train
22-11-05 08:58:04 - INFO - root: Computed train embeddings
22-11-05 08:58:04 - INFO - root: Computing embedding for dev
22-11-05 08:58:04 - INFO - root: Computed dev embeddings
22-11-05 08:58:04 - INFO - root: Computing embedding for test
22-11-05 08:58:05 - INFO - root: Computed test embeddings
22-11-05 08:58:05 - INFO - root: Training pytorch-MLP-nhid0-rmsprop-bs128 with standard validation..
22-11-05 08:58:12 - INFO - root: [('reg:1e-05', 41.14), ('reg:0.0001', 41.42), ('reg:0.001', 40.78), ('reg:0.01', 41.42)]
22-11-05 08:58:12 - INFO - root: Validation : best param found is reg = 0.0001 with score             41.42
22-11-05 08:58:12 - INFO - root: Evaluating...
22-11-05 08:58:14 - INFO - root: ***** Transfer task : TREC *****


22-11-05 08:58:16 - INFO - root: Computed train embeddings
22-11-05 08:58:16 - INFO - root: Computed test embeddings
22-11-05 08:58:16 - INFO - root: Training pytorch-MLP-nhid0-rmsprop-bs128 with 5-fold cross-validation
22-11-05 08:58:34 - INFO - root: [('reg:1e-05', 69.81), ('reg:0.0001', 69.99), ('reg:0.001', 69.22), ('reg:0.01', 67.0)]
22-11-05 08:58:34 - INFO - root: Cross-validation : best param found is reg = 0.0001             with score 69.99
22-11-05 08:58:34 - INFO - root: Evaluating...
22-11-05 08:58:34 - INFO - root: ***** Transfer task : MRPC *****


22-11-05 08:58:34 - INFO - root: Computing embedding for train
22-11-05 08:58:38 - INFO - root: Computed train embeddings
22-11-05 08:58:38 - INFO - root: Computing embedding for test
22-11-05 08:58:39 - INFO - root: Computed test embeddings
22-11-05 08:58:39 - INFO - root: Training pytorch-MLP-nhid0-rmsprop-bs128 with 5-fold cross-validation
22-11-05 08:58:53 - INFO - root: [('reg:1e-05', 71.66), ('reg:0.0001', 71.66), ('reg:0.001', 71.83), ('reg:0.01', 72.25)]
22-11-05 08:58:53 - INFO - root: Cross-validation : best param found is reg = 0.01             with score 72.25
22-11-05 08:58:53 - INFO - root: Evaluating...
