22-11-05 14:37:51 - INFO - sentence_transformers.SentenceTransformer: Load pretrained SentenceTransformer: paraphrase-multilingual-MiniLM-L12-v2
22-11-05 14:37:52 - INFO - sentence_transformers.SentenceTransformer: Use pytorch device: cuda
22-11-05 14:37:52 - INFO - __main__: SBert model paraphrase-multilingual-MiniLM-L12-v2 is loaded.
22-11-05 14:37:55 - INFO - __main__: Num of SBert features: 384
22-11-05 14:37:56 - INFO - root: Generating sentence embeddings
22-11-05 14:38:00 - INFO - root: Generated sentence embeddings
22-11-05 14:38:00 - INFO - root: Training pytorch-MLP-nhid0-rmsprop-bs128 with (inner) 5-fold cross-validation
22-11-05 14:38:27 - INFO - root: Best param found at split 1: l2reg = 1e-05                 with score 77.3
22-11-05 14:38:56 - INFO - root: Best param found at split 2: l2reg = 0.001                 with score 76.3
22-11-05 14:39:25 - INFO - root: Best param found at split 3: l2reg = 0.01                 with score 76.21
22-11-05 14:39:57 - INFO - root: Best param found at split 4: l2reg = 0.001                 with score 76.82
22-11-05 14:40:26 - INFO - root: Best param found at split 5: l2reg = 0.01                 with score 77.75
22-11-05 14:40:27 - INFO - root: Generating sentence embeddings
22-11-05 14:40:29 - INFO - root: Generated sentence embeddings
22-11-05 14:40:29 - INFO - root: Training pytorch-MLP-nhid0-rmsprop-bs128 with (inner) 5-fold cross-validation
22-11-05 14:40:38 - INFO - root: Best param found at split 1: l2reg = 1e-05                 with score 88.38
22-11-05 14:40:48 - INFO - root: Best param found at split 2: l2reg = 0.001                 with score 88.34
22-11-05 14:40:59 - INFO - root: Best param found at split 3: l2reg = 0.0001                 with score 87.88
22-11-05 14:41:08 - INFO - root: Best param found at split 4: l2reg = 0.01                 with score 87.78
22-11-05 14:41:18 - INFO - root: Best param found at split 5: l2reg = 0.01                 with score 87.85
22-11-05 14:41:18 - INFO - root: Generating sentence embeddings
22-11-05 14:41:23 - INFO - root: Generated sentence embeddings
22-11-05 14:41:23 - INFO - root: Training pytorch-MLP-nhid0-rmsprop-bs128 with (inner) 5-fold cross-validation
22-11-05 14:41:49 - INFO - root: Best param found at split 1: l2reg = 0.01                 with score 90.69
22-11-05 14:42:14 - INFO - root: Best param found at split 2: l2reg = 1e-05                 with score 90.95
22-11-05 14:42:41 - INFO - root: Best param found at split 3: l2reg = 0.001                 with score 90.92
22-11-05 14:43:05 - INFO - root: Best param found at split 4: l2reg = 0.0001                 with score 90.68
22-11-05 14:43:30 - INFO - root: Best param found at split 5: l2reg = 0.01                 with score 90.95
22-11-05 14:43:31 - INFO - root: Generating sentence embeddings
22-11-05 14:43:35 - INFO - root: Generated sentence embeddings
22-11-05 14:43:35 - INFO - root: Training pytorch-MLP-nhid0-rmsprop-bs128 with (inner) 5-fold cross-validation
22-11-05 14:44:00 - INFO - root: Best param found at split 1: l2reg = 0.01                 with score 88.32
22-11-05 14:44:27 - INFO - root: Best param found at split 2: l2reg = 0.001                 with score 88.13
22-11-05 14:44:55 - INFO - root: Best param found at split 3: l2reg = 0.01                 with score 88.3
22-11-05 14:45:21 - INFO - root: Best param found at split 4: l2reg = 0.01                 with score 88.69
22-11-05 14:45:49 - INFO - root: Best param found at split 5: l2reg = 0.01                 with score 87.77
22-11-05 14:45:51 - INFO - root: Computing embedding for train
22-11-05 14:45:54 - INFO - root: Computed train embeddings
22-11-05 14:45:54 - INFO - root: Computing embedding for dev
22-11-05 14:45:55 - INFO - root: Computed dev embeddings
22-11-05 14:45:55 - INFO - root: Computing embedding for test
22-11-05 14:45:55 - INFO - root: Computed test embeddings
22-11-05 14:45:55 - INFO - root: Training pytorch-MLP-nhid0-rmsprop-bs128 with standard validation..
22-11-05 14:46:02 - INFO - root: [('reg:1e-05', 41.6), ('reg:0.0001', 40.96), ('reg:0.001', 40.51), ('reg:0.01', 41.96)]
22-11-05 14:46:02 - INFO - root: Validation : best param found is reg = 0.01 with score             41.96
22-11-05 14:46:02 - INFO - root: Evaluating...
22-11-05 14:46:03 - INFO - root: ***** Transfer task : TREC *****


22-11-05 14:46:05 - INFO - root: Computed train embeddings
22-11-05 14:46:06 - INFO - root: Computed test embeddings
22-11-05 14:46:06 - INFO - root: Training pytorch-MLP-nhid0-rmsprop-bs128 with 5-fold cross-validation
22-11-05 14:46:25 - INFO - root: [('reg:1e-05', 69.85), ('reg:0.0001', 70.84), ('reg:0.001', 68.52), ('reg:0.01', 65.94)]
22-11-05 14:46:25 - INFO - root: Cross-validation : best param found is reg = 0.0001             with score 70.84
22-11-05 14:46:25 - INFO - root: Evaluating...
22-11-05 14:46:26 - INFO - root: ***** Transfer task : MRPC *****


22-11-05 14:46:26 - INFO - root: Computing embedding for train
22-11-05 14:46:30 - INFO - root: Computed train embeddings
22-11-05 14:46:30 - INFO - root: Computing embedding for test
22-11-05 14:46:31 - INFO - root: Computed test embeddings
22-11-05 14:46:31 - INFO - root: Training pytorch-MLP-nhid0-rmsprop-bs128 with 5-fold cross-validation
22-11-05 14:46:45 - INFO - root: [('reg:1e-05', 73.26), ('reg:0.0001', 72.55), ('reg:0.001', 73.23), ('reg:0.01', 72.37)]
22-11-05 14:46:45 - INFO - root: Cross-validation : best param found is reg = 1e-05             with score 73.26
22-11-05 14:46:45 - INFO - root: Evaluating...
22-11-18 13:48:39 - INFO - sentence_transformers.SentenceTransformer: Load pretrained SentenceTransformer: paraphrase-multilingual-MiniLM-L12-v2
22-11-18 13:48:41 - INFO - sentence_transformers.SentenceTransformer: Use pytorch device: cuda
22-11-18 13:48:41 - INFO - __main__: SBert model paraphrase-multilingual-MiniLM-L12-v2 is loaded.
22-11-18 13:48:43 - INFO - __main__: Num of SBert features: 384
