22-11-05 06:38:01 - INFO - sentence_transformers.SentenceTransformer: Load pretrained SentenceTransformer: paraphrase-multilingual-MiniLM-L12-v2
22-11-05 06:38:02 - INFO - sentence_transformers.SentenceTransformer: Use pytorch device: cuda
22-11-05 06:38:02 - INFO - __main__: SBert model paraphrase-multilingual-MiniLM-L12-v2 is loaded.
22-11-05 06:38:04 - INFO - __main__: Num of SBert features: 384
22-11-05 06:38:05 - INFO - root: Generating sentence embeddings
22-11-05 06:38:10 - INFO - root: Generated sentence embeddings
22-11-05 06:38:10 - INFO - root: Training pytorch-MLP-nhid0-rmsprop-bs128 with (inner) 5-fold cross-validation
22-11-05 06:38:34 - INFO - root: Best param found at split 1: l2reg = 0.01                 with score 76.64
22-11-05 06:39:00 - INFO - root: Best param found at split 2: l2reg = 0.01                 with score 76.74
22-11-05 06:39:28 - INFO - root: Best param found at split 3: l2reg = 0.001                 with score 76.48
22-11-05 06:39:56 - INFO - root: Best param found at split 4: l2reg = 0.01                 with score 76.6
22-11-05 06:40:28 - INFO - root: Best param found at split 5: l2reg = 0.01                 with score 75.91
22-11-05 06:40:30 - INFO - root: Generating sentence embeddings
22-11-05 06:40:31 - INFO - root: Generated sentence embeddings
22-11-05 06:40:31 - INFO - root: Training pytorch-MLP-nhid0-rmsprop-bs128 with (inner) 5-fold cross-validation
22-11-05 06:40:39 - INFO - root: Best param found at split 1: l2reg = 1e-05                 with score 87.62
22-11-05 06:40:50 - INFO - root: Best param found at split 2: l2reg = 1e-05                 with score 87.45
22-11-05 06:41:00 - INFO - root: Best param found at split 3: l2reg = 0.01                 with score 87.52
22-11-05 06:41:09 - INFO - root: Best param found at split 4: l2reg = 1e-05                 with score 87.25
22-11-05 06:41:19 - INFO - root: Best param found at split 5: l2reg = 0.001                 with score 86.89
22-11-05 06:41:20 - INFO - root: Generating sentence embeddings
22-11-05 06:41:24 - INFO - root: Generated sentence embeddings
22-11-05 06:41:24 - INFO - root: Training pytorch-MLP-nhid0-rmsprop-bs128 with (inner) 5-fold cross-validation
22-11-05 06:41:50 - INFO - root: Best param found at split 1: l2reg = 0.01                 with score 89.7
22-11-05 06:42:15 - INFO - root: Best param found at split 2: l2reg = 0.01                 with score 89.68
22-11-05 06:42:41 - INFO - root: Best param found at split 3: l2reg = 0.01                 with score 89.76
22-11-05 06:43:06 - INFO - root: Best param found at split 4: l2reg = 0.001                 with score 89.35
22-11-05 06:43:34 - INFO - root: Best param found at split 5: l2reg = 0.01                 with score 89.46
22-11-05 06:43:36 - INFO - root: Generating sentence embeddings
22-11-05 06:43:39 - INFO - root: Generated sentence embeddings
22-11-05 06:43:39 - INFO - root: Training pytorch-MLP-nhid0-rmsprop-bs128 with (inner) 5-fold cross-validation
22-11-05 06:44:05 - INFO - root: Best param found at split 1: l2reg = 0.01                 with score 88.19
22-11-05 06:44:35 - INFO - root: Best param found at split 2: l2reg = 0.001                 with score 86.22
22-11-05 06:45:06 - INFO - root: Best param found at split 3: l2reg = 0.01                 with score 88.2
22-11-05 06:45:33 - INFO - root: Best param found at split 4: l2reg = 0.01                 with score 88.06
22-11-05 06:46:01 - INFO - root: Best param found at split 5: l2reg = 0.01                 with score 87.13
22-11-05 06:46:03 - INFO - root: Computing embedding for train
22-11-05 06:46:07 - INFO - root: Computed train embeddings
22-11-05 06:46:07 - INFO - root: Computing embedding for dev
22-11-05 06:46:07 - INFO - root: Computed dev embeddings
22-11-05 06:46:07 - INFO - root: Computing embedding for test
22-11-05 06:46:08 - INFO - root: Computed test embeddings
22-11-05 06:46:08 - INFO - root: Training pytorch-MLP-nhid0-rmsprop-bs128 with standard validation..
22-11-05 06:46:16 - INFO - root: [('reg:1e-05', 38.42), ('reg:0.0001', 42.51), ('reg:0.001', 41.05), ('reg:0.01', 43.87)]
22-11-05 06:46:16 - INFO - root: Validation : best param found is reg = 0.01 with score             43.87
22-11-05 06:46:16 - INFO - root: Evaluating...
22-11-05 06:46:18 - INFO - root: ***** Transfer task : TREC *****


22-11-05 06:46:20 - INFO - root: Computed train embeddings
22-11-05 06:46:20 - INFO - root: Computed test embeddings
22-11-05 06:46:20 - INFO - root: Training pytorch-MLP-nhid0-rmsprop-bs128 with 5-fold cross-validation
22-11-05 06:46:37 - INFO - root: [('reg:1e-05', 70.86), ('reg:0.0001', 70.86), ('reg:0.001', 70.62), ('reg:0.01', 68.93)]
22-11-05 06:46:37 - INFO - root: Cross-validation : best param found is reg = 1e-05             with score 70.86
22-11-05 06:46:37 - INFO - root: Evaluating...
22-11-05 06:46:38 - INFO - root: ***** Transfer task : MRPC *****


22-11-05 06:46:38 - INFO - root: Computing embedding for train
22-11-05 06:46:42 - INFO - root: Computed train embeddings
22-11-05 06:46:42 - INFO - root: Computing embedding for test
22-11-05 06:46:44 - INFO - root: Computed test embeddings
22-11-05 06:46:44 - INFO - root: Training pytorch-MLP-nhid0-rmsprop-bs128 with 5-fold cross-validation
22-11-05 06:46:56 - INFO - root: [('reg:1e-05', 72.18), ('reg:0.0001', 72.03), ('reg:0.001', 72.13), ('reg:0.01', 72.72)]
22-11-05 06:46:56 - INFO - root: Cross-validation : best param found is reg = 0.01             with score 72.72
22-11-05 06:46:56 - INFO - root: Evaluating...
