22-11-06 04:49:44 - INFO - sentence_transformers.SentenceTransformer: Load pretrained SentenceTransformer: paraphrase-multilingual-MiniLM-L12-v2
22-11-06 04:49:45 - INFO - sentence_transformers.SentenceTransformer: Use pytorch device: cuda
22-11-06 04:49:45 - INFO - __main__: SBert model paraphrase-multilingual-MiniLM-L12-v2 is loaded.
22-11-06 04:49:47 - INFO - __main__: Num of SBert features: 384
22-11-06 04:49:48 - INFO - root: Generating sentence embeddings
22-11-06 04:49:53 - INFO - root: Generated sentence embeddings
22-11-06 04:49:53 - INFO - root: Training pytorch-MLP-nhid0-rmsprop-bs128 with (inner) 5-fold cross-validation
22-11-06 04:50:19 - INFO - root: Best param found at split 1: l2reg = 0.01                 with score 78.61
22-11-06 04:50:50 - INFO - root: Best param found at split 2: l2reg = 0.001                 with score 78.59
22-11-06 04:51:21 - INFO - root: Best param found at split 3: l2reg = 0.001                 with score 78.07
22-11-06 04:51:52 - INFO - root: Best param found at split 4: l2reg = 0.01                 with score 77.98
22-11-06 04:52:20 - INFO - root: Best param found at split 5: l2reg = 0.001                 with score 77.55
22-11-06 04:52:21 - INFO - root: Generating sentence embeddings
22-11-06 04:52:23 - INFO - root: Generated sentence embeddings
22-11-06 04:52:23 - INFO - root: Training pytorch-MLP-nhid0-rmsprop-bs128 with (inner) 5-fold cross-validation
22-11-06 04:52:32 - INFO - root: Best param found at split 1: l2reg = 1e-05                 with score 88.68
22-11-06 04:52:43 - INFO - root: Best param found at split 2: l2reg = 0.001                 with score 88.97
22-11-06 04:52:53 - INFO - root: Best param found at split 3: l2reg = 1e-05                 with score 88.11
22-11-06 04:53:03 - INFO - root: Best param found at split 4: l2reg = 0.01                 with score 88.44
22-11-06 04:53:13 - INFO - root: Best param found at split 5: l2reg = 0.01                 with score 88.15
22-11-06 04:53:13 - INFO - root: Generating sentence embeddings
22-11-06 04:53:17 - INFO - root: Generated sentence embeddings
22-11-06 04:53:17 - INFO - root: Training pytorch-MLP-nhid0-rmsprop-bs128 with (inner) 5-fold cross-validation
22-11-06 04:53:45 - INFO - root: Best param found at split 1: l2reg = 1e-05                 with score 91.75
22-11-06 04:54:12 - INFO - root: Best param found at split 2: l2reg = 1e-05                 with score 92.01
22-11-06 04:54:40 - INFO - root: Best param found at split 3: l2reg = 0.001                 with score 91.84
22-11-06 04:55:08 - INFO - root: Best param found at split 4: l2reg = 1e-05                 with score 91.71
22-11-06 04:55:34 - INFO - root: Best param found at split 5: l2reg = 0.001                 with score 91.48
22-11-06 04:55:36 - INFO - root: Generating sentence embeddings
22-11-06 04:55:40 - INFO - root: Generated sentence embeddings
22-11-06 04:55:40 - INFO - root: Training pytorch-MLP-nhid0-rmsprop-bs128 with (inner) 5-fold cross-validation
22-11-06 04:56:05 - INFO - root: Best param found at split 1: l2reg = 1e-05                 with score 89.34
22-11-06 04:56:35 - INFO - root: Best param found at split 2: l2reg = 1e-05                 with score 89.13
22-11-06 04:57:03 - INFO - root: Best param found at split 3: l2reg = 0.0001                 with score 89.22
22-11-06 04:57:30 - INFO - root: Best param found at split 4: l2reg = 0.0001                 with score 89.23
22-11-06 04:57:57 - INFO - root: Best param found at split 5: l2reg = 0.001                 with score 88.95
22-11-06 04:57:59 - INFO - root: Computing embedding for train
22-11-06 04:58:03 - INFO - root: Computed train embeddings
22-11-06 04:58:03 - INFO - root: Computing embedding for dev
22-11-06 04:58:03 - INFO - root: Computed dev embeddings
22-11-06 04:58:03 - INFO - root: Computing embedding for test
22-11-06 04:58:04 - INFO - root: Computed test embeddings
22-11-06 04:58:04 - INFO - root: Training pytorch-MLP-nhid0-rmsprop-bs128 with standard validation..
22-11-06 04:58:12 - INFO - root: [('reg:1e-05', 43.05), ('reg:0.0001', 42.05), ('reg:0.001', 38.33), ('reg:0.01', 43.51)]
22-11-06 04:58:12 - INFO - root: Validation : best param found is reg = 0.01 with score             43.51
22-11-06 04:58:12 - INFO - root: Evaluating...
22-11-06 04:58:14 - INFO - root: ***** Transfer task : TREC *****


22-11-06 04:58:17 - INFO - root: Computed train embeddings
22-11-06 04:58:17 - INFO - root: Computed test embeddings
22-11-06 04:58:17 - INFO - root: Training pytorch-MLP-nhid0-rmsprop-bs128 with 5-fold cross-validation
22-11-06 04:58:37 - INFO - root: [('reg:1e-05', 76.19), ('reg:0.0001', 77.58), ('reg:0.001', 76.06), ('reg:0.01', 72.05)]
22-11-06 04:58:37 - INFO - root: Cross-validation : best param found is reg = 0.0001             with score 77.58
22-11-06 04:58:37 - INFO - root: Evaluating...
22-11-06 04:58:38 - INFO - root: ***** Transfer task : MRPC *****


22-11-06 04:58:38 - INFO - root: Computing embedding for train
22-11-06 04:58:41 - INFO - root: Computed train embeddings
22-11-06 04:58:41 - INFO - root: Computing embedding for test
22-11-06 04:58:43 - INFO - root: Computed test embeddings
22-11-06 04:58:43 - INFO - root: Training pytorch-MLP-nhid0-rmsprop-bs128 with 5-fold cross-validation
22-11-06 04:58:54 - INFO - root: [('reg:1e-05', 73.48), ('reg:0.0001', 72.47), ('reg:0.001', 73.97), ('reg:0.01', 73.36)]
22-11-06 04:58:54 - INFO - root: Cross-validation : best param found is reg = 0.001             with score 73.97
22-11-06 04:58:54 - INFO - root: Evaluating...
