22-11-05 00:53:51 - INFO - sentence_transformers.SentenceTransformer: Load pretrained SentenceTransformer: paraphrase-multilingual-MiniLM-L12-v2
22-11-05 00:53:53 - INFO - sentence_transformers.SentenceTransformer: Use pytorch device: cuda
22-11-05 00:53:53 - INFO - __main__: SBert model paraphrase-multilingual-MiniLM-L12-v2 is loaded.
22-11-05 00:53:55 - INFO - __main__: Num of SBert features: 384
22-11-05 00:53:56 - INFO - root: Generating sentence embeddings
22-11-05 00:54:00 - INFO - root: Generated sentence embeddings
22-11-05 00:54:00 - INFO - root: Training pytorch-MLP-nhid0-rmsprop-bs128 with (inner) 5-fold cross-validation
22-11-05 00:54:29 - INFO - root: Best param found at split 1: l2reg = 0.01                 with score 76.28
22-11-05 00:55:01 - INFO - root: Best param found at split 2: l2reg = 0.01                 with score 75.46
22-11-05 00:55:28 - INFO - root: Best param found at split 3: l2reg = 1e-05                 with score 76.13
22-11-05 00:55:56 - INFO - root: Best param found at split 4: l2reg = 0.01                 with score 76.35
22-11-05 00:56:25 - INFO - root: Best param found at split 5: l2reg = 0.0001                 with score 75.74
22-11-05 00:56:27 - INFO - root: Generating sentence embeddings
22-11-05 00:56:29 - INFO - root: Generated sentence embeddings
22-11-05 00:56:29 - INFO - root: Training pytorch-MLP-nhid0-rmsprop-bs128 with (inner) 5-fold cross-validation
22-11-05 00:56:37 - INFO - root: Best param found at split 1: l2reg = 0.01                 with score 86.59
22-11-05 00:56:47 - INFO - root: Best param found at split 2: l2reg = 0.001                 with score 87.35
22-11-05 00:56:56 - INFO - root: Best param found at split 3: l2reg = 0.001                 with score 86.72
22-11-05 00:57:07 - INFO - root: Best param found at split 4: l2reg = 0.01                 with score 87.09
22-11-05 00:57:18 - INFO - root: Best param found at split 5: l2reg = 1e-05                 with score 86.92
22-11-05 00:57:18 - INFO - root: Generating sentence embeddings
22-11-05 00:57:23 - INFO - root: Generated sentence embeddings
22-11-05 00:57:23 - INFO - root: Training pytorch-MLP-nhid0-rmsprop-bs128 with (inner) 5-fold cross-validation
22-11-05 00:57:46 - INFO - root: Best param found at split 1: l2reg = 0.001                 with score 89.05
22-11-05 00:58:12 - INFO - root: Best param found at split 2: l2reg = 0.01                 with score 89.55
22-11-05 00:58:36 - INFO - root: Best param found at split 3: l2reg = 0.01                 with score 89.21
22-11-05 00:59:01 - INFO - root: Best param found at split 4: l2reg = 0.01                 with score 88.5
22-11-05 00:59:26 - INFO - root: Best param found at split 5: l2reg = 0.0001                 with score 88.98
22-11-05 00:59:27 - INFO - root: Generating sentence embeddings
22-11-05 00:59:31 - INFO - root: Generated sentence embeddings
22-11-05 00:59:31 - INFO - root: Training pytorch-MLP-nhid0-rmsprop-bs128 with (inner) 5-fold cross-validation
22-11-05 00:59:58 - INFO - root: Best param found at split 1: l2reg = 0.01                 with score 86.35
22-11-05 01:00:25 - INFO - root: Best param found at split 2: l2reg = 1e-05                 with score 86.25
22-11-05 01:00:56 - INFO - root: Best param found at split 3: l2reg = 0.0001                 with score 87.21
22-11-05 01:01:23 - INFO - root: Best param found at split 4: l2reg = 0.01                 with score 86.86
22-11-05 01:01:50 - INFO - root: Best param found at split 5: l2reg = 0.001                 with score 87.41
22-11-05 01:01:51 - INFO - root: Computing embedding for train
22-11-05 01:01:55 - INFO - root: Computed train embeddings
22-11-05 01:01:55 - INFO - root: Computing embedding for dev
22-11-05 01:01:55 - INFO - root: Computed dev embeddings
22-11-05 01:01:55 - INFO - root: Computing embedding for test
22-11-05 01:01:56 - INFO - root: Computed test embeddings
22-11-05 01:01:56 - INFO - root: Training pytorch-MLP-nhid0-rmsprop-bs128 with standard validation..
22-11-05 01:02:03 - INFO - root: [('reg:1e-05', 38.24), ('reg:0.0001', 38.24), ('reg:0.001', 38.33), ('reg:0.01', 39.87)]
22-11-05 01:02:03 - INFO - root: Validation : best param found is reg = 0.01 with score             39.87
22-11-05 01:02:03 - INFO - root: Evaluating...
22-11-05 01:02:05 - INFO - root: ***** Transfer task : TREC *****


22-11-05 01:02:07 - INFO - root: Computed train embeddings
22-11-05 01:02:07 - INFO - root: Computed test embeddings
22-11-05 01:02:07 - INFO - root: Training pytorch-MLP-nhid0-rmsprop-bs128 with 5-fold cross-validation
22-11-05 01:02:25 - INFO - root: [('reg:1e-05', 70.12), ('reg:0.0001', 70.12), ('reg:0.001', 69.85), ('reg:0.01', 67.87)]
22-11-05 01:02:25 - INFO - root: Cross-validation : best param found is reg = 1e-05             with score 70.12
22-11-05 01:02:25 - INFO - root: Evaluating...
22-11-05 01:02:26 - INFO - root: ***** Transfer task : MRPC *****


22-11-05 01:02:26 - INFO - root: Computing embedding for train
22-11-05 01:02:30 - INFO - root: Computed train embeddings
22-11-05 01:02:30 - INFO - root: Computing embedding for test
22-11-05 01:02:31 - INFO - root: Computed test embeddings
22-11-05 01:02:31 - INFO - root: Training pytorch-MLP-nhid0-rmsprop-bs128 with 5-fold cross-validation
22-11-05 01:02:44 - INFO - root: [('reg:1e-05', 71.74), ('reg:0.0001', 71.74), ('reg:0.001', 71.74), ('reg:0.01', 71.98)]
22-11-05 01:02:44 - INFO - root: Cross-validation : best param found is reg = 0.01             with score 71.98
22-11-05 01:02:44 - INFO - root: Evaluating...
