22-11-05 15:04:29 - INFO - sentence_transformers.SentenceTransformer: Load pretrained SentenceTransformer: paraphrase-multilingual-MiniLM-L12-v2
22-11-05 15:04:31 - INFO - sentence_transformers.SentenceTransformer: Use pytorch device: cuda
22-11-05 15:04:31 - INFO - __main__: SBert model paraphrase-multilingual-MiniLM-L12-v2 is loaded.
22-11-05 15:04:33 - INFO - __main__: Num of SBert features: 384
22-11-05 15:04:34 - INFO - root: Generating sentence embeddings
22-11-05 15:04:38 - INFO - root: Generated sentence embeddings
22-11-05 15:04:38 - INFO - root: Training pytorch-MLP-nhid0-rmsprop-bs128 with (inner) 5-fold cross-validation
22-11-05 15:05:05 - INFO - root: Best param found at split 1: l2reg = 0.001                 with score 75.75
22-11-05 15:05:31 - INFO - root: Best param found at split 2: l2reg = 0.01                 with score 78.09
22-11-05 15:06:01 - INFO - root: Best param found at split 3: l2reg = 0.01                 with score 77.58
22-11-05 15:06:32 - INFO - root: Best param found at split 4: l2reg = 0.01                 with score 77.81
22-11-05 15:07:02 - INFO - root: Best param found at split 5: l2reg = 0.01                 with score 77.75
22-11-05 15:07:03 - INFO - root: Generating sentence embeddings
22-11-05 15:07:05 - INFO - root: Generated sentence embeddings
22-11-05 15:07:05 - INFO - root: Training pytorch-MLP-nhid0-rmsprop-bs128 with (inner) 5-fold cross-validation
22-11-05 15:07:13 - INFO - root: Best param found at split 1: l2reg = 0.01                 with score 88.41
22-11-05 15:07:23 - INFO - root: Best param found at split 2: l2reg = 0.001                 with score 88.87
22-11-05 15:07:32 - INFO - root: Best param found at split 3: l2reg = 0.0001                 with score 88.97
22-11-05 15:07:42 - INFO - root: Best param found at split 4: l2reg = 0.001                 with score 87.98
22-11-05 15:07:51 - INFO - root: Best param found at split 5: l2reg = 0.01                 with score 88.05
22-11-05 15:07:52 - INFO - root: Generating sentence embeddings
22-11-05 15:07:56 - INFO - root: Generated sentence embeddings
22-11-05 15:07:56 - INFO - root: Training pytorch-MLP-nhid0-rmsprop-bs128 with (inner) 5-fold cross-validation
22-11-05 15:08:21 - INFO - root: Best param found at split 1: l2reg = 0.01                 with score 91.04
22-11-05 15:08:45 - INFO - root: Best param found at split 2: l2reg = 0.01                 with score 91.15
22-11-05 15:09:13 - INFO - root: Best param found at split 3: l2reg = 1e-05                 with score 91.18
22-11-05 15:09:41 - INFO - root: Best param found at split 4: l2reg = 0.01                 with score 91.3
22-11-05 15:10:10 - INFO - root: Best param found at split 5: l2reg = 0.01                 with score 90.96
22-11-05 15:10:12 - INFO - root: Generating sentence embeddings
22-11-05 15:10:15 - INFO - root: Generated sentence embeddings
22-11-05 15:10:15 - INFO - root: Training pytorch-MLP-nhid0-rmsprop-bs128 with (inner) 5-fold cross-validation
22-11-05 15:10:43 - INFO - root: Best param found at split 1: l2reg = 0.01                 with score 88.94
22-11-05 15:11:09 - INFO - root: Best param found at split 2: l2reg = 0.001                 with score 88.08
22-11-05 15:11:37 - INFO - root: Best param found at split 3: l2reg = 0.01                 with score 88.57
22-11-05 15:12:04 - INFO - root: Best param found at split 4: l2reg = 0.01                 with score 88.2
22-11-05 15:12:32 - INFO - root: Best param found at split 5: l2reg = 0.01                 with score 88.31
22-11-05 15:12:34 - INFO - root: Computing embedding for train
22-11-05 15:12:37 - INFO - root: Computed train embeddings
22-11-05 15:12:37 - INFO - root: Computing embedding for dev
22-11-05 15:12:37 - INFO - root: Computed dev embeddings
22-11-05 15:12:37 - INFO - root: Computing embedding for test
22-11-05 15:12:38 - INFO - root: Computed test embeddings
22-11-05 15:12:38 - INFO - root: Training pytorch-MLP-nhid0-rmsprop-bs128 with standard validation..
22-11-05 15:12:44 - INFO - root: [('reg:1e-05', 39.69), ('reg:0.0001', 37.15), ('reg:0.001', 40.51), ('reg:0.01', 41.33)]
22-11-05 15:12:44 - INFO - root: Validation : best param found is reg = 0.01 with score             41.33
22-11-05 15:12:44 - INFO - root: Evaluating...
22-11-05 15:12:45 - INFO - root: ***** Transfer task : TREC *****


22-11-05 15:12:47 - INFO - root: Computed train embeddings
22-11-05 15:12:48 - INFO - root: Computed test embeddings
22-11-05 15:12:48 - INFO - root: Training pytorch-MLP-nhid0-rmsprop-bs128 with 5-fold cross-validation
22-11-05 15:13:06 - INFO - root: [('reg:1e-05', 72.54), ('reg:0.0001', 73.2), ('reg:0.001', 74.05), ('reg:0.01', 70.16)]
22-11-05 15:13:06 - INFO - root: Cross-validation : best param found is reg = 0.001             with score 74.05
22-11-05 15:13:06 - INFO - root: Evaluating...
22-11-05 15:13:08 - INFO - root: ***** Transfer task : MRPC *****


22-11-05 15:13:08 - INFO - root: Computing embedding for train
22-11-05 15:13:11 - INFO - root: Computed train embeddings
22-11-05 15:13:11 - INFO - root: Computing embedding for test
22-11-05 15:13:13 - INFO - root: Computed test embeddings
22-11-05 15:13:13 - INFO - root: Training pytorch-MLP-nhid0-rmsprop-bs128 with 5-fold cross-validation
22-11-05 15:13:25 - INFO - root: [('reg:1e-05', 73.36), ('reg:0.0001', 73.18), ('reg:0.001', 72.94), ('reg:0.01', 70.51)]
22-11-05 15:13:25 - INFO - root: Cross-validation : best param found is reg = 1e-05             with score 73.36
22-11-05 15:13:25 - INFO - root: Evaluating...
