22-11-05 13:44:02 - INFO - sentence_transformers.SentenceTransformer: Load pretrained SentenceTransformer: paraphrase-multilingual-MiniLM-L12-v2
22-11-05 13:44:03 - INFO - sentence_transformers.SentenceTransformer: Use pytorch device: cuda
22-11-05 13:44:03 - INFO - __main__: SBert model paraphrase-multilingual-MiniLM-L12-v2 is loaded.
22-11-05 13:44:05 - INFO - __main__: Num of SBert features: 384
22-11-05 13:44:06 - INFO - root: Generating sentence embeddings
22-11-05 13:44:11 - INFO - root: Generated sentence embeddings
22-11-05 13:44:11 - INFO - root: Training pytorch-MLP-nhid0-rmsprop-bs128 with (inner) 5-fold cross-validation
22-11-05 13:44:40 - INFO - root: Best param found at split 1: l2reg = 0.01                 with score 78.09
22-11-05 13:45:05 - INFO - root: Best param found at split 2: l2reg = 1e-05                 with score 77.63
22-11-05 13:45:32 - INFO - root: Best param found at split 3: l2reg = 1e-05                 with score 76.23
22-11-05 13:45:50 - INFO - root: Best param found at split 4: l2reg = 0.01                 with score 77.25
22-11-05 13:46:08 - INFO - root: Best param found at split 5: l2reg = 0.01                 with score 76.72
22-11-05 13:46:08 - INFO - root: Generating sentence embeddings
22-11-05 13:46:10 - INFO - root: Generated sentence embeddings
22-11-05 13:46:10 - INFO - root: Training pytorch-MLP-nhid0-rmsprop-bs128 with (inner) 5-fold cross-validation
22-11-05 13:46:18 - INFO - root: Best param found at split 1: l2reg = 0.01                 with score 87.78
22-11-05 13:46:27 - INFO - root: Best param found at split 2: l2reg = 0.001                 with score 88.18
22-11-05 13:46:38 - INFO - root: Best param found at split 3: l2reg = 1e-05                 with score 88.01
22-11-05 13:46:48 - INFO - root: Best param found at split 4: l2reg = 0.01                 with score 87.55
22-11-05 13:46:58 - INFO - root: Best param found at split 5: l2reg = 0.0001                 with score 87.25
22-11-05 13:46:58 - INFO - root: Generating sentence embeddings
22-11-05 13:47:03 - INFO - root: Generated sentence embeddings
22-11-05 13:47:03 - INFO - root: Training pytorch-MLP-nhid0-rmsprop-bs128 with (inner) 5-fold cross-validation
22-11-05 13:47:27 - INFO - root: Best param found at split 1: l2reg = 0.01                 with score 90.98
22-11-05 13:47:52 - INFO - root: Best param found at split 2: l2reg = 0.01                 with score 91.45
22-11-05 13:48:20 - INFO - root: Best param found at split 3: l2reg = 0.01                 with score 90.78
22-11-05 13:48:47 - INFO - root: Best param found at split 4: l2reg = 0.01                 with score 90.94
22-11-05 13:49:15 - INFO - root: Best param found at split 5: l2reg = 0.01                 with score 90.95
22-11-05 13:49:16 - INFO - root: Generating sentence embeddings
22-11-05 13:49:20 - INFO - root: Generated sentence embeddings
22-11-05 13:49:20 - INFO - root: Training pytorch-MLP-nhid0-rmsprop-bs128 with (inner) 5-fold cross-validation
22-11-05 13:49:47 - INFO - root: Best param found at split 1: l2reg = 0.01                 with score 88.53
22-11-05 13:50:15 - INFO - root: Best param found at split 2: l2reg = 0.01                 with score 88.07
22-11-05 13:50:47 - INFO - root: Best param found at split 3: l2reg = 0.01                 with score 88.19
22-11-05 13:51:17 - INFO - root: Best param found at split 4: l2reg = 0.01                 with score 88.32
22-11-05 13:51:46 - INFO - root: Best param found at split 5: l2reg = 0.01                 with score 87.74
22-11-05 13:51:48 - INFO - root: Computing embedding for train
22-11-05 13:51:51 - INFO - root: Computed train embeddings
22-11-05 13:51:51 - INFO - root: Computing embedding for dev
22-11-05 13:51:52 - INFO - root: Computed dev embeddings
22-11-05 13:51:52 - INFO - root: Computing embedding for test
22-11-05 13:51:53 - INFO - root: Computed test embeddings
22-11-05 13:51:53 - INFO - root: Training pytorch-MLP-nhid0-rmsprop-bs128 with standard validation..
22-11-05 13:51:59 - INFO - root: [('reg:1e-05', 42.51), ('reg:0.0001', 39.33), ('reg:0.001', 39.33), ('reg:0.01', 38.87)]
22-11-05 13:51:59 - INFO - root: Validation : best param found is reg = 1e-05 with score             42.51
22-11-05 13:51:59 - INFO - root: Evaluating...
22-11-05 13:52:00 - INFO - root: ***** Transfer task : TREC *****


22-11-05 13:52:02 - INFO - root: Computed train embeddings
22-11-05 13:52:03 - INFO - root: Computed test embeddings
22-11-05 13:52:03 - INFO - root: Training pytorch-MLP-nhid0-rmsprop-bs128 with 5-fold cross-validation
22-11-05 13:52:21 - INFO - root: [('reg:1e-05', 73.07), ('reg:0.0001', 72.49), ('reg:0.001', 72.25), ('reg:0.01', 72.52)]
22-11-05 13:52:21 - INFO - root: Cross-validation : best param found is reg = 1e-05             with score 73.07
22-11-05 13:52:21 - INFO - root: Evaluating...
22-11-05 13:52:22 - INFO - root: ***** Transfer task : MRPC *****


22-11-05 13:52:22 - INFO - root: Computing embedding for train
22-11-05 13:52:26 - INFO - root: Computed train embeddings
22-11-05 13:52:26 - INFO - root: Computing embedding for test
22-11-05 13:52:27 - INFO - root: Computed test embeddings
22-11-05 13:52:27 - INFO - root: Training pytorch-MLP-nhid0-rmsprop-bs128 with 5-fold cross-validation
22-11-05 13:52:39 - INFO - root: [('reg:1e-05', 72.64), ('reg:0.0001', 72.57), ('reg:0.001', 72.1), ('reg:0.01', 73.45)]
22-11-05 13:52:39 - INFO - root: Cross-validation : best param found is reg = 0.01             with score 73.45
22-11-05 13:52:39 - INFO - root: Evaluating...
