22-11-05 20:29:47 - INFO - sentence_transformers.SentenceTransformer: Load pretrained SentenceTransformer: paraphrase-multilingual-MiniLM-L12-v2
22-11-05 20:29:49 - INFO - sentence_transformers.SentenceTransformer: Use pytorch device: cuda
22-11-05 20:29:49 - INFO - __main__: SBert model paraphrase-multilingual-MiniLM-L12-v2 is loaded.
22-11-05 20:29:51 - INFO - __main__: Num of SBert features: 384
22-11-05 20:29:52 - INFO - root: Generating sentence embeddings
22-11-05 20:29:56 - INFO - root: Generated sentence embeddings
22-11-05 20:29:56 - INFO - root: Training pytorch-MLP-nhid0-rmsprop-bs128 with (inner) 5-fold cross-validation
22-11-05 20:30:25 - INFO - root: Best param found at split 1: l2reg = 0.01                 with score 78.02
22-11-05 20:30:53 - INFO - root: Best param found at split 2: l2reg = 0.0001                 with score 76.94
22-11-05 20:31:24 - INFO - root: Best param found at split 3: l2reg = 1e-05                 with score 77.15
22-11-05 20:31:53 - INFO - root: Best param found at split 4: l2reg = 0.001                 with score 78.19
22-11-05 20:32:22 - INFO - root: Best param found at split 5: l2reg = 1e-05                 with score 76.71
22-11-05 20:32:23 - INFO - root: Generating sentence embeddings
22-11-05 20:32:25 - INFO - root: Generated sentence embeddings
22-11-05 20:32:25 - INFO - root: Training pytorch-MLP-nhid0-rmsprop-bs128 with (inner) 5-fold cross-validation
22-11-05 20:32:33 - INFO - root: Best param found at split 1: l2reg = 0.001                 with score 87.45
22-11-05 20:32:43 - INFO - root: Best param found at split 2: l2reg = 0.01                 with score 88.58
22-11-05 20:32:52 - INFO - root: Best param found at split 3: l2reg = 0.01                 with score 87.62
22-11-05 20:33:02 - INFO - root: Best param found at split 4: l2reg = 0.001                 with score 88.21
22-11-05 20:33:12 - INFO - root: Best param found at split 5: l2reg = 1e-05                 with score 87.78
22-11-05 20:33:13 - INFO - root: Generating sentence embeddings
22-11-05 20:33:17 - INFO - root: Generated sentence embeddings
22-11-05 20:33:17 - INFO - root: Training pytorch-MLP-nhid0-rmsprop-bs128 with (inner) 5-fold cross-validation
22-11-05 20:33:44 - INFO - root: Best param found at split 1: l2reg = 0.01                 with score 91.07
22-11-05 20:34:13 - INFO - root: Best param found at split 2: l2reg = 0.01                 with score 91.38
22-11-05 20:34:39 - INFO - root: Best param found at split 3: l2reg = 0.01                 with score 91.19
22-11-05 20:35:07 - INFO - root: Best param found at split 4: l2reg = 1e-05                 with score 90.89
22-11-05 20:35:34 - INFO - root: Best param found at split 5: l2reg = 0.01                 with score 90.84
22-11-05 20:35:35 - INFO - root: Generating sentence embeddings
22-11-05 20:35:39 - INFO - root: Generated sentence embeddings
22-11-05 20:35:39 - INFO - root: Training pytorch-MLP-nhid0-rmsprop-bs128 with (inner) 5-fold cross-validation
22-11-05 20:36:04 - INFO - root: Best param found at split 1: l2reg = 0.0001                 with score 88.98
22-11-05 20:36:33 - INFO - root: Best param found at split 2: l2reg = 1e-05                 with score 88.23
22-11-05 20:37:01 - INFO - root: Best param found at split 3: l2reg = 0.001                 with score 88.56
22-11-05 20:37:27 - INFO - root: Best param found at split 4: l2reg = 1e-05                 with score 88.38
22-11-05 20:37:56 - INFO - root: Best param found at split 5: l2reg = 0.01                 with score 87.97
22-11-05 20:37:57 - INFO - root: Computing embedding for train
22-11-05 20:38:00 - INFO - root: Computed train embeddings
22-11-05 20:38:00 - INFO - root: Computing embedding for dev
22-11-05 20:38:01 - INFO - root: Computed dev embeddings
22-11-05 20:38:01 - INFO - root: Computing embedding for test
22-11-05 20:38:02 - INFO - root: Computed test embeddings
22-11-05 20:38:02 - INFO - root: Training pytorch-MLP-nhid0-rmsprop-bs128 with standard validation..
22-11-05 20:38:08 - INFO - root: [('reg:1e-05', 41.96), ('reg:0.0001', 38.33), ('reg:0.001', 37.87), ('reg:0.01', 40.87)]
22-11-05 20:38:08 - INFO - root: Validation : best param found is reg = 1e-05 with score             41.96
22-11-05 20:38:08 - INFO - root: Evaluating...
22-11-05 20:38:10 - INFO - root: ***** Transfer task : TREC *****


22-11-05 20:38:12 - INFO - root: Computed train embeddings
22-11-05 20:38:12 - INFO - root: Computed test embeddings
22-11-05 20:38:12 - INFO - root: Training pytorch-MLP-nhid0-rmsprop-bs128 with 5-fold cross-validation
22-11-05 20:38:30 - INFO - root: [('reg:1e-05', 77.73), ('reg:0.0001', 77.4), ('reg:0.001', 75.24), ('reg:0.01', 74.52)]
22-11-05 20:38:30 - INFO - root: Cross-validation : best param found is reg = 1e-05             with score 77.73
22-11-05 20:38:30 - INFO - root: Evaluating...
22-11-05 20:38:31 - INFO - root: ***** Transfer task : MRPC *****


22-11-05 20:38:31 - INFO - root: Computing embedding for train
22-11-05 20:38:35 - INFO - root: Computed train embeddings
22-11-05 20:38:35 - INFO - root: Computing embedding for test
22-11-05 20:38:37 - INFO - root: Computed test embeddings
22-11-05 20:38:37 - INFO - root: Training pytorch-MLP-nhid0-rmsprop-bs128 with 5-fold cross-validation
22-11-05 20:38:50 - INFO - root: [('reg:1e-05', 72.94), ('reg:0.0001', 73.77), ('reg:0.001', 73.28), ('reg:0.01', 74.14)]
22-11-05 20:38:50 - INFO - root: Cross-validation : best param found is reg = 0.01             with score 74.14
22-11-05 20:38:50 - INFO - root: Evaluating...
22-11-18 16:01:10 - INFO - sentence_transformers.SentenceTransformer: Load pretrained SentenceTransformer: paraphrase-multilingual-MiniLM-L12-v2
22-11-18 16:01:11 - INFO - sentence_transformers.SentenceTransformer: Use pytorch device: cuda
22-11-18 16:01:11 - INFO - __main__: SBert model paraphrase-multilingual-MiniLM-L12-v2 is loaded.
22-11-18 16:01:13 - INFO - __main__: Num of SBert features: 384
