22-11-04 23:52:16 - INFO - sentence_transformers.SentenceTransformer: Load pretrained SentenceTransformer: paraphrase-multilingual-MiniLM-L12-v2
22-11-04 23:52:17 - INFO - sentence_transformers.SentenceTransformer: Use pytorch device: cuda
22-11-04 23:52:17 - INFO - __main__: SBert model paraphrase-multilingual-MiniLM-L12-v2 is loaded.
22-11-04 23:52:19 - INFO - __main__: Num of SBert features: 384
22-11-04 23:52:19 - INFO - root: Generating sentence embeddings
22-11-04 23:52:24 - INFO - root: Generated sentence embeddings
22-11-04 23:52:24 - INFO - root: Training pytorch-MLP-nhid0-rmsprop-bs128 with (inner) 5-fold cross-validation
22-11-04 23:52:52 - INFO - root: Best param found at split 1: l2reg = 1e-05                 with score 77.5
22-11-04 23:53:25 - INFO - root: Best param found at split 2: l2reg = 0.01                 with score 77.35
22-11-04 23:53:58 - INFO - root: Best param found at split 3: l2reg = 0.001                 with score 77.0
22-11-04 23:54:34 - INFO - root: Best param found at split 4: l2reg = 0.01                 with score 77.32
22-11-04 23:55:11 - INFO - root: Best param found at split 5: l2reg = 0.01                 with score 77.5
22-11-04 23:55:13 - INFO - root: Generating sentence embeddings
22-11-04 23:55:14 - INFO - root: Generated sentence embeddings
22-11-04 23:55:14 - INFO - root: Training pytorch-MLP-nhid0-rmsprop-bs128 with (inner) 5-fold cross-validation
22-11-04 23:55:23 - INFO - root: Best param found at split 1: l2reg = 1e-05                 with score 88.05
22-11-04 23:55:34 - INFO - root: Best param found at split 2: l2reg = 0.01                 with score 88.48
22-11-04 23:55:46 - INFO - root: Best param found at split 3: l2reg = 1e-05                 with score 88.15
22-11-04 23:55:56 - INFO - root: Best param found at split 4: l2reg = 0.0001                 with score 87.09
22-11-04 23:56:05 - INFO - root: Best param found at split 5: l2reg = 0.01                 with score 87.85
22-11-04 23:56:06 - INFO - root: Generating sentence embeddings
22-11-04 23:56:10 - INFO - root: Generated sentence embeddings
22-11-04 23:56:10 - INFO - root: Training pytorch-MLP-nhid0-rmsprop-bs128 with (inner) 5-fold cross-validation
22-11-04 23:56:35 - INFO - root: Best param found at split 1: l2reg = 0.01                 with score 90.72
22-11-04 23:57:02 - INFO - root: Best param found at split 2: l2reg = 0.01                 with score 91.05
22-11-04 23:57:30 - INFO - root: Best param found at split 3: l2reg = 0.01                 with score 90.7
22-11-04 23:57:56 - INFO - root: Best param found at split 4: l2reg = 0.001                 with score 90.74
22-11-04 23:58:23 - INFO - root: Best param found at split 5: l2reg = 0.01                 with score 90.85
22-11-04 23:58:25 - INFO - root: Generating sentence embeddings
22-11-04 23:58:28 - INFO - root: Generated sentence embeddings
22-11-04 23:58:29 - INFO - root: Training pytorch-MLP-nhid0-rmsprop-bs128 with (inner) 5-fold cross-validation
22-11-04 23:58:54 - INFO - root: Best param found at split 1: l2reg = 0.01                 with score 88.27
22-11-04 23:59:24 - INFO - root: Best param found at split 2: l2reg = 0.001                 with score 87.88
22-11-04 23:59:52 - INFO - root: Best param found at split 3: l2reg = 0.001                 with score 88.03
22-11-05 00:00:20 - INFO - root: Best param found at split 4: l2reg = 0.001                 with score 87.71
22-11-05 00:00:46 - INFO - root: Best param found at split 5: l2reg = 0.001                 with score 86.85
22-11-05 00:00:48 - INFO - root: Computing embedding for train
22-11-05 00:00:51 - INFO - root: Computed train embeddings
22-11-05 00:00:51 - INFO - root: Computing embedding for dev
22-11-05 00:00:51 - INFO - root: Computed dev embeddings
22-11-05 00:00:51 - INFO - root: Computing embedding for test
22-11-05 00:00:52 - INFO - root: Computed test embeddings
22-11-05 00:00:52 - INFO - root: Training pytorch-MLP-nhid0-rmsprop-bs128 with standard validation..
22-11-05 00:00:59 - INFO - root: [('reg:1e-05', 40.69), ('reg:0.0001', 41.87), ('reg:0.001', 40.33), ('reg:0.01', 41.14)]
22-11-05 00:00:59 - INFO - root: Validation : best param found is reg = 0.0001 with score             41.87
22-11-05 00:00:59 - INFO - root: Evaluating...
22-11-05 00:01:01 - INFO - root: ***** Transfer task : TREC *****


22-11-05 00:01:03 - INFO - root: Computed train embeddings
22-11-05 00:01:03 - INFO - root: Computed test embeddings
22-11-05 00:01:03 - INFO - root: Training pytorch-MLP-nhid0-rmsprop-bs128 with 5-fold cross-validation
22-11-05 00:01:21 - INFO - root: [('reg:1e-05', 72.19), ('reg:0.0001', 72.07), ('reg:0.001', 72.32), ('reg:0.01', 71.02)]
22-11-05 00:01:21 - INFO - root: Cross-validation : best param found is reg = 0.001             with score 72.32
22-11-05 00:01:21 - INFO - root: Evaluating...
22-11-05 00:01:23 - INFO - root: ***** Transfer task : MRPC *****


22-11-05 00:01:23 - INFO - root: Computing embedding for train
22-11-05 00:01:26 - INFO - root: Computed train embeddings
22-11-05 00:01:26 - INFO - root: Computing embedding for test
22-11-05 00:01:27 - INFO - root: Computed test embeddings
22-11-05 00:01:27 - INFO - root: Training pytorch-MLP-nhid0-rmsprop-bs128 with 5-fold cross-validation
22-11-05 00:01:41 - INFO - root: [('reg:1e-05', 72.45), ('reg:0.0001', 72.45), ('reg:0.001', 72.67), ('reg:0.01', 73.28)]
22-11-05 00:01:41 - INFO - root: Cross-validation : best param found is reg = 0.01             with score 73.28
22-11-05 00:01:41 - INFO - root: Evaluating...
