22-11-05 08:24:13 - INFO - sentence_transformers.SentenceTransformer: Load pretrained SentenceTransformer: paraphrase-multilingual-MiniLM-L12-v2
22-11-05 08:24:14 - INFO - sentence_transformers.SentenceTransformer: Use pytorch device: cuda
22-11-05 08:24:14 - INFO - __main__: SBert model paraphrase-multilingual-MiniLM-L12-v2 is loaded.
22-11-05 08:24:16 - INFO - __main__: Num of SBert features: 384
22-11-05 08:24:17 - INFO - root: Generating sentence embeddings
22-11-05 08:24:21 - INFO - root: Generated sentence embeddings
22-11-05 08:24:21 - INFO - root: Training pytorch-MLP-nhid0-rmsprop-bs128 with (inner) 5-fold cross-validation
22-11-05 08:24:52 - INFO - root: Best param found at split 1: l2reg = 0.01                 with score 76.93
22-11-05 08:25:18 - INFO - root: Best param found at split 2: l2reg = 0.01                 with score 76.52
22-11-05 08:25:47 - INFO - root: Best param found at split 3: l2reg = 0.01                 with score 76.61
22-11-05 08:26:17 - INFO - root: Best param found at split 4: l2reg = 0.001                 with score 76.91
22-11-05 08:26:44 - INFO - root: Best param found at split 5: l2reg = 1e-05                 with score 77.05
22-11-05 08:26:46 - INFO - root: Generating sentence embeddings
22-11-05 08:26:47 - INFO - root: Generated sentence embeddings
22-11-05 08:26:47 - INFO - root: Training pytorch-MLP-nhid0-rmsprop-bs128 with (inner) 5-fold cross-validation
22-11-05 08:26:52 - INFO - root: Best param found at split 1: l2reg = 0.01                 with score 87.05
22-11-05 08:26:59 - INFO - root: Best param found at split 2: l2reg = 0.001                 with score 87.72
22-11-05 08:27:06 - INFO - root: Best param found at split 3: l2reg = 0.01                 with score 87.25
22-11-05 08:27:16 - INFO - root: Best param found at split 4: l2reg = 0.001                 with score 87.02
22-11-05 08:27:25 - INFO - root: Best param found at split 5: l2reg = 0.01                 with score 86.95
22-11-05 08:27:26 - INFO - root: Generating sentence embeddings
22-11-05 08:27:30 - INFO - root: Generated sentence embeddings
22-11-05 08:27:30 - INFO - root: Training pytorch-MLP-nhid0-rmsprop-bs128 with (inner) 5-fold cross-validation
22-11-05 08:27:55 - INFO - root: Best param found at split 1: l2reg = 0.01                 with score 89.49
22-11-05 08:28:22 - INFO - root: Best param found at split 2: l2reg = 0.01                 with score 89.64
22-11-05 08:28:47 - INFO - root: Best param found at split 3: l2reg = 0.01                 with score 89.48
22-11-05 08:29:11 - INFO - root: Best param found at split 4: l2reg = 0.001                 with score 89.54
22-11-05 08:29:39 - INFO - root: Best param found at split 5: l2reg = 0.01                 with score 89.52
22-11-05 08:29:40 - INFO - root: Generating sentence embeddings
22-11-05 08:29:44 - INFO - root: Generated sentence embeddings
22-11-05 08:29:44 - INFO - root: Training pytorch-MLP-nhid0-rmsprop-bs128 with (inner) 5-fold cross-validation
22-11-05 08:30:07 - INFO - root: Best param found at split 1: l2reg = 0.01                 with score 87.82
22-11-05 08:30:34 - INFO - root: Best param found at split 2: l2reg = 0.001                 with score 87.33
22-11-05 08:31:00 - INFO - root: Best param found at split 3: l2reg = 0.01                 with score 87.26
22-11-05 08:31:26 - INFO - root: Best param found at split 4: l2reg = 0.01                 with score 87.18
22-11-05 08:31:55 - INFO - root: Best param found at split 5: l2reg = 0.01                 with score 87.34
22-11-05 08:31:56 - INFO - root: Computing embedding for train
22-11-05 08:32:00 - INFO - root: Computed train embeddings
22-11-05 08:32:00 - INFO - root: Computing embedding for dev
22-11-05 08:32:00 - INFO - root: Computed dev embeddings
22-11-05 08:32:00 - INFO - root: Computing embedding for test
22-11-05 08:32:01 - INFO - root: Computed test embeddings
22-11-05 08:32:01 - INFO - root: Training pytorch-MLP-nhid0-rmsprop-bs128 with standard validation..
22-11-05 08:32:07 - INFO - root: [('reg:1e-05', 41.24), ('reg:0.0001', 42.05), ('reg:0.001', 40.15), ('reg:0.01', 42.69)]
22-11-05 08:32:07 - INFO - root: Validation : best param found is reg = 0.01 with score             42.69
22-11-05 08:32:07 - INFO - root: Evaluating...
22-11-05 08:32:09 - INFO - root: ***** Transfer task : TREC *****


22-11-05 08:32:11 - INFO - root: Computed train embeddings
22-11-05 08:32:11 - INFO - root: Computed test embeddings
22-11-05 08:32:11 - INFO - root: Training pytorch-MLP-nhid0-rmsprop-bs128 with 5-fold cross-validation
22-11-05 08:32:28 - INFO - root: [('reg:1e-05', 71.35), ('reg:0.0001', 71.31), ('reg:0.001', 71.24), ('reg:0.01', 70.16)]
22-11-05 08:32:28 - INFO - root: Cross-validation : best param found is reg = 1e-05             with score 71.35
22-11-05 08:32:28 - INFO - root: Evaluating...
22-11-05 08:32:30 - INFO - root: ***** Transfer task : MRPC *****


22-11-05 08:32:30 - INFO - root: Computing embedding for train
22-11-05 08:32:33 - INFO - root: Computed train embeddings
22-11-05 08:32:33 - INFO - root: Computing embedding for test
22-11-05 08:32:34 - INFO - root: Computed test embeddings
22-11-05 08:32:34 - INFO - root: Training pytorch-MLP-nhid0-rmsprop-bs128 with 5-fold cross-validation
22-11-05 08:32:46 - INFO - root: [('reg:1e-05', 73.16), ('reg:0.0001', 73.16), ('reg:0.001', 72.96), ('reg:0.01', 73.43)]
22-11-05 08:32:46 - INFO - root: Cross-validation : best param found is reg = 0.01             with score 73.43
22-11-05 08:32:46 - INFO - root: Evaluating...
22-11-18 11:26:40 - INFO - sentence_transformers.SentenceTransformer: Load pretrained SentenceTransformer: paraphrase-multilingual-MiniLM-L12-v2
22-11-18 11:26:42 - INFO - sentence_transformers.SentenceTransformer: Use pytorch device: cuda
22-11-18 11:26:42 - INFO - __main__: SBert model paraphrase-multilingual-MiniLM-L12-v2 is loaded.
22-11-18 11:26:44 - INFO - __main__: Num of SBert features: 384
