22-11-05 01:20:28 - INFO - sentence_transformers.SentenceTransformer: Load pretrained SentenceTransformer: paraphrase-multilingual-MiniLM-L12-v2
22-11-05 01:20:29 - INFO - sentence_transformers.SentenceTransformer: Use pytorch device: cuda
22-11-05 01:20:29 - INFO - __main__: SBert model paraphrase-multilingual-MiniLM-L12-v2 is loaded.
22-11-05 01:20:31 - INFO - __main__: Num of SBert features: 384
22-11-05 01:20:32 - INFO - root: Generating sentence embeddings
22-11-05 01:20:37 - INFO - root: Generated sentence embeddings
22-11-05 01:20:37 - INFO - root: Training pytorch-MLP-nhid0-rmsprop-bs128 with (inner) 5-fold cross-validation
22-11-05 01:21:04 - INFO - root: Best param found at split 1: l2reg = 0.01                 with score 76.64
22-11-05 01:21:24 - INFO - root: Best param found at split 2: l2reg = 0.001                 with score 76.33
22-11-05 01:21:49 - INFO - root: Best param found at split 3: l2reg = 1e-05                 with score 75.22
22-11-05 01:22:19 - INFO - root: Best param found at split 4: l2reg = 0.01                 with score 76.68
22-11-05 01:22:52 - INFO - root: Best param found at split 5: l2reg = 0.01                 with score 76.54
22-11-05 01:22:53 - INFO - root: Generating sentence embeddings
22-11-05 01:22:55 - INFO - root: Generated sentence embeddings
22-11-05 01:22:55 - INFO - root: Training pytorch-MLP-nhid0-rmsprop-bs128 with (inner) 5-fold cross-validation
22-11-05 01:23:03 - INFO - root: Best param found at split 1: l2reg = 0.01                 with score 87.48
22-11-05 01:23:14 - INFO - root: Best param found at split 2: l2reg = 1e-05                 with score 87.52
22-11-05 01:23:24 - INFO - root: Best param found at split 3: l2reg = 1e-05                 with score 87.48
22-11-05 01:23:33 - INFO - root: Best param found at split 4: l2reg = 1e-05                 with score 86.95
22-11-05 01:23:44 - INFO - root: Best param found at split 5: l2reg = 0.001                 with score 86.89
22-11-05 01:23:44 - INFO - root: Generating sentence embeddings
22-11-05 01:23:49 - INFO - root: Generated sentence embeddings
22-11-05 01:23:49 - INFO - root: Training pytorch-MLP-nhid0-rmsprop-bs128 with (inner) 5-fold cross-validation
22-11-05 01:24:13 - INFO - root: Best param found at split 1: l2reg = 0.01                 with score 88.29
22-11-05 01:24:38 - INFO - root: Best param found at split 2: l2reg = 0.001                 with score 88.96
22-11-05 01:25:06 - INFO - root: Best param found at split 3: l2reg = 0.001                 with score 88.66
22-11-05 01:25:39 - INFO - root: Best param found at split 4: l2reg = 0.001                 with score 88.26
22-11-05 01:26:07 - INFO - root: Best param found at split 5: l2reg = 0.01                 with score 88.34
22-11-05 01:26:08 - INFO - root: Generating sentence embeddings
22-11-05 01:26:12 - INFO - root: Generated sentence embeddings
22-11-05 01:26:12 - INFO - root: Training pytorch-MLP-nhid0-rmsprop-bs128 with (inner) 5-fold cross-validation
22-11-05 01:26:38 - INFO - root: Best param found at split 1: l2reg = 0.001                 with score 86.99
22-11-05 01:27:05 - INFO - root: Best param found at split 2: l2reg = 0.01                 with score 86.2
22-11-05 01:27:33 - INFO - root: Best param found at split 3: l2reg = 0.001                 with score 86.8
22-11-05 01:27:59 - INFO - root: Best param found at split 4: l2reg = 0.001                 with score 86.51
22-11-05 01:28:27 - INFO - root: Best param found at split 5: l2reg = 0.01                 with score 86.81
22-11-05 01:28:29 - INFO - root: Computing embedding for train
22-11-05 01:28:32 - INFO - root: Computed train embeddings
22-11-05 01:28:32 - INFO - root: Computing embedding for dev
22-11-05 01:28:33 - INFO - root: Computed dev embeddings
22-11-05 01:28:33 - INFO - root: Computing embedding for test
22-11-05 01:28:34 - INFO - root: Computed test embeddings
22-11-05 01:28:34 - INFO - root: Training pytorch-MLP-nhid0-rmsprop-bs128 with standard validation..
22-11-05 01:28:41 - INFO - root: [('reg:1e-05', 39.69), ('reg:0.0001', 39.69), ('reg:0.001', 39.78), ('reg:0.01', 41.14)]
22-11-05 01:28:41 - INFO - root: Validation : best param found is reg = 0.01 with score             41.14
22-11-05 01:28:41 - INFO - root: Evaluating...
22-11-05 01:28:43 - INFO - root: ***** Transfer task : TREC *****


22-11-05 01:28:45 - INFO - root: Computed train embeddings
22-11-05 01:28:45 - INFO - root: Computed test embeddings
22-11-05 01:28:45 - INFO - root: Training pytorch-MLP-nhid0-rmsprop-bs128 with 5-fold cross-validation
22-11-05 01:29:02 - INFO - root: [('reg:1e-05', 68.53), ('reg:0.0001', 68.54), ('reg:0.001', 68.45), ('reg:0.01', 65.46)]
22-11-05 01:29:02 - INFO - root: Cross-validation : best param found is reg = 0.0001             with score 68.54
22-11-05 01:29:02 - INFO - root: Evaluating...
22-11-05 01:29:03 - INFO - root: ***** Transfer task : MRPC *****


22-11-05 01:29:03 - INFO - root: Computing embedding for train
22-11-05 01:29:06 - INFO - root: Computed train embeddings
22-11-05 01:29:06 - INFO - root: Computing embedding for test
22-11-05 01:29:08 - INFO - root: Computed test embeddings
22-11-05 01:29:08 - INFO - root: Training pytorch-MLP-nhid0-rmsprop-bs128 with 5-fold cross-validation
22-11-05 01:29:21 - INFO - root: [('reg:1e-05', 71.79), ('reg:0.0001', 71.88), ('reg:0.001', 72.5), ('reg:0.01', 72.74)]
22-11-05 01:29:21 - INFO - root: Cross-validation : best param found is reg = 0.01             with score 72.74
22-11-05 01:29:21 - INFO - root: Evaluating...
