22-11-05 22:46:58 - INFO - sentence_transformers.SentenceTransformer: Load pretrained SentenceTransformer: paraphrase-multilingual-MiniLM-L12-v2
22-11-05 22:46:59 - INFO - sentence_transformers.SentenceTransformer: Use pytorch device: cuda
22-11-05 22:46:59 - INFO - __main__: SBert model paraphrase-multilingual-MiniLM-L12-v2 is loaded.
22-11-05 22:47:01 - INFO - __main__: Num of SBert features: 384
22-11-05 22:47:02 - INFO - root: Generating sentence embeddings
22-11-05 22:47:06 - INFO - root: Generated sentence embeddings
22-11-05 22:47:06 - INFO - root: Training pytorch-MLP-nhid0-rmsprop-bs128 with (inner) 5-fold cross-validation
22-11-05 22:47:35 - INFO - root: Best param found at split 1: l2reg = 0.0001                 with score 77.49
22-11-05 22:48:04 - INFO - root: Best param found at split 2: l2reg = 0.0001                 with score 77.38
22-11-05 22:48:31 - INFO - root: Best param found at split 3: l2reg = 0.01                 with score 77.97
22-11-05 22:48:57 - INFO - root: Best param found at split 4: l2reg = 0.01                 with score 77.68
22-11-05 22:49:25 - INFO - root: Best param found at split 5: l2reg = 0.01                 with score 78.29
22-11-05 22:49:26 - INFO - root: Generating sentence embeddings
22-11-05 22:49:28 - INFO - root: Generated sentence embeddings
22-11-05 22:49:28 - INFO - root: Training pytorch-MLP-nhid0-rmsprop-bs128 with (inner) 5-fold cross-validation
22-11-05 22:49:37 - INFO - root: Best param found at split 1: l2reg = 0.0001                 with score 87.95
22-11-05 22:49:47 - INFO - root: Best param found at split 2: l2reg = 0.01                 with score 88.38
22-11-05 22:49:58 - INFO - root: Best param found at split 3: l2reg = 0.01                 with score 87.58
22-11-05 22:50:08 - INFO - root: Best param found at split 4: l2reg = 0.01                 with score 87.91
22-11-05 22:50:18 - INFO - root: Best param found at split 5: l2reg = 0.001                 with score 88.21
22-11-05 22:50:18 - INFO - root: Generating sentence embeddings
22-11-05 22:50:22 - INFO - root: Generated sentence embeddings
22-11-05 22:50:22 - INFO - root: Training pytorch-MLP-nhid0-rmsprop-bs128 with (inner) 5-fold cross-validation
22-11-05 22:50:48 - INFO - root: Best param found at split 1: l2reg = 0.01                 with score 91.04
22-11-05 22:51:17 - INFO - root: Best param found at split 2: l2reg = 0.01                 with score 91.72
22-11-05 22:51:42 - INFO - root: Best param found at split 3: l2reg = 0.01                 with score 91.29
22-11-05 22:52:07 - INFO - root: Best param found at split 4: l2reg = 0.001                 with score 91.04
22-11-05 22:52:34 - INFO - root: Best param found at split 5: l2reg = 0.001                 with score 91.28
22-11-05 22:52:36 - INFO - root: Generating sentence embeddings
22-11-05 22:52:39 - INFO - root: Generated sentence embeddings
22-11-05 22:52:39 - INFO - root: Training pytorch-MLP-nhid0-rmsprop-bs128 with (inner) 5-fold cross-validation
22-11-05 22:53:08 - INFO - root: Best param found at split 1: l2reg = 0.0001                 with score 89.12
22-11-05 22:53:36 - INFO - root: Best param found at split 2: l2reg = 0.001                 with score 88.83
22-11-05 22:54:06 - INFO - root: Best param found at split 3: l2reg = 0.01                 with score 88.95
22-11-05 22:54:35 - INFO - root: Best param found at split 4: l2reg = 0.001                 with score 88.85
22-11-05 22:55:02 - INFO - root: Best param found at split 5: l2reg = 0.0001                 with score 88.82
22-11-05 22:55:03 - INFO - root: Computing embedding for train
22-11-05 22:55:07 - INFO - root: Computed train embeddings
22-11-05 22:55:07 - INFO - root: Computing embedding for dev
22-11-05 22:55:07 - INFO - root: Computed dev embeddings
22-11-05 22:55:07 - INFO - root: Computing embedding for test
22-11-05 22:55:08 - INFO - root: Computed test embeddings
22-11-05 22:55:08 - INFO - root: Training pytorch-MLP-nhid0-rmsprop-bs128 with standard validation..
22-11-05 22:55:15 - INFO - root: [('reg:1e-05', 39.96), ('reg:0.0001', 40.69), ('reg:0.001', 36.24), ('reg:0.01', 40.96)]
22-11-05 22:55:15 - INFO - root: Validation : best param found is reg = 0.01 with score             40.96
22-11-05 22:55:15 - INFO - root: Evaluating...
22-11-05 22:55:17 - INFO - root: ***** Transfer task : TREC *****


22-11-05 22:55:19 - INFO - root: Computed train embeddings
22-11-05 22:55:19 - INFO - root: Computed test embeddings
22-11-05 22:55:19 - INFO - root: Training pytorch-MLP-nhid0-rmsprop-bs128 with 5-fold cross-validation
22-11-05 22:55:37 - INFO - root: [('reg:1e-05', 75.68), ('reg:0.0001', 73.33), ('reg:0.001', 74.78), ('reg:0.01', 71.15)]
22-11-05 22:55:37 - INFO - root: Cross-validation : best param found is reg = 1e-05             with score 75.68
22-11-05 22:55:37 - INFO - root: Evaluating...
22-11-05 22:55:38 - INFO - root: ***** Transfer task : MRPC *****


22-11-05 22:55:38 - INFO - root: Computing embedding for train
22-11-05 22:55:41 - INFO - root: Computed train embeddings
22-11-05 22:55:41 - INFO - root: Computing embedding for test
22-11-05 22:55:43 - INFO - root: Computed test embeddings
22-11-05 22:55:43 - INFO - root: Training pytorch-MLP-nhid0-rmsprop-bs128 with 5-fold cross-validation
22-11-05 22:55:56 - INFO - root: [('reg:1e-05', 73.41), ('reg:0.0001', 74.04), ('reg:0.001', 73.11), ('reg:0.01', 72.99)]
22-11-05 22:55:56 - INFO - root: Cross-validation : best param found is reg = 0.0001             with score 74.04
22-11-05 22:55:56 - INFO - root: Evaluating...
