22-11-05 12:50:44 - INFO - sentence_transformers.SentenceTransformer: Load pretrained SentenceTransformer: paraphrase-multilingual-MiniLM-L12-v2
22-11-05 12:50:46 - INFO - sentence_transformers.SentenceTransformer: Use pytorch device: cuda
22-11-05 12:50:46 - INFO - __main__: SBert model paraphrase-multilingual-MiniLM-L12-v2 is loaded.
22-11-05 12:50:48 - INFO - __main__: Num of SBert features: 384
22-11-05 12:50:49 - INFO - root: Generating sentence embeddings
22-11-05 12:50:53 - INFO - root: Generated sentence embeddings
22-11-05 12:50:53 - INFO - root: Training pytorch-MLP-nhid0-rmsprop-bs128 with (inner) 5-fold cross-validation
22-11-05 12:51:23 - INFO - root: Best param found at split 1: l2reg = 0.001                 with score 77.1
22-11-05 12:51:49 - INFO - root: Best param found at split 2: l2reg = 0.01                 with score 77.48
22-11-05 12:52:17 - INFO - root: Best param found at split 3: l2reg = 0.001                 with score 77.02
22-11-05 12:52:47 - INFO - root: Best param found at split 4: l2reg = 0.01                 with score 77.12
22-11-05 12:53:20 - INFO - root: Best param found at split 5: l2reg = 0.001                 with score 76.85
22-11-05 12:53:21 - INFO - root: Generating sentence embeddings
22-11-05 12:53:23 - INFO - root: Generated sentence embeddings
22-11-05 12:53:23 - INFO - root: Training pytorch-MLP-nhid0-rmsprop-bs128 with (inner) 5-fold cross-validation
22-11-05 12:53:31 - INFO - root: Best param found at split 1: l2reg = 0.001                 with score 87.38
22-11-05 12:53:42 - INFO - root: Best param found at split 2: l2reg = 0.001                 with score 86.82
22-11-05 12:53:51 - INFO - root: Best param found at split 3: l2reg = 0.01                 with score 86.89
22-11-05 12:54:02 - INFO - root: Best param found at split 4: l2reg = 1e-05                 with score 87.12
22-11-05 12:54:12 - INFO - root: Best param found at split 5: l2reg = 1e-05                 with score 86.89
22-11-05 12:54:13 - INFO - root: Generating sentence embeddings
22-11-05 12:54:17 - INFO - root: Generated sentence embeddings
22-11-05 12:54:17 - INFO - root: Training pytorch-MLP-nhid0-rmsprop-bs128 with (inner) 5-fold cross-validation
22-11-05 12:54:43 - INFO - root: Best param found at split 1: l2reg = 0.01                 with score 90.06
22-11-05 12:55:08 - INFO - root: Best param found at split 2: l2reg = 0.01                 with score 90.4
22-11-05 12:55:37 - INFO - root: Best param found at split 3: l2reg = 0.01                 with score 90.18
22-11-05 12:56:05 - INFO - root: Best param found at split 4: l2reg = 0.01                 with score 89.97
22-11-05 12:56:32 - INFO - root: Best param found at split 5: l2reg = 0.001                 with score 90.09
22-11-05 12:56:33 - INFO - root: Generating sentence embeddings
22-11-05 12:56:37 - INFO - root: Generated sentence embeddings
22-11-05 12:56:37 - INFO - root: Training pytorch-MLP-nhid0-rmsprop-bs128 with (inner) 5-fold cross-validation
22-11-05 12:57:02 - INFO - root: Best param found at split 1: l2reg = 0.01                 with score 88.12
22-11-05 12:57:33 - INFO - root: Best param found at split 2: l2reg = 0.01                 with score 87.09
22-11-05 12:58:01 - INFO - root: Best param found at split 3: l2reg = 0.01                 with score 87.96
22-11-05 12:58:29 - INFO - root: Best param found at split 4: l2reg = 0.01                 with score 88.06
22-11-05 12:58:56 - INFO - root: Best param found at split 5: l2reg = 0.01                 with score 87.31
22-11-05 12:58:58 - INFO - root: Computing embedding for train
22-11-05 12:59:02 - INFO - root: Computed train embeddings
22-11-05 12:59:02 - INFO - root: Computing embedding for dev
22-11-05 12:59:02 - INFO - root: Computed dev embeddings
22-11-05 12:59:02 - INFO - root: Computing embedding for test
22-11-05 12:59:03 - INFO - root: Computed test embeddings
22-11-05 12:59:03 - INFO - root: Training pytorch-MLP-nhid0-rmsprop-bs128 with standard validation..
22-11-05 12:59:10 - INFO - root: [('reg:1e-05', 41.42), ('reg:0.0001', 38.69), ('reg:0.001', 39.15), ('reg:0.01', 40.24)]
22-11-05 12:59:10 - INFO - root: Validation : best param found is reg = 1e-05 with score             41.42
22-11-05 12:59:10 - INFO - root: Evaluating...
22-11-05 12:59:11 - INFO - root: ***** Transfer task : TREC *****


22-11-05 12:59:14 - INFO - root: Computed train embeddings
22-11-05 12:59:14 - INFO - root: Computed test embeddings
22-11-05 12:59:14 - INFO - root: Training pytorch-MLP-nhid0-rmsprop-bs128 with 5-fold cross-validation
22-11-05 12:59:28 - INFO - root: [('reg:1e-05', 69.79), ('reg:0.0001', 69.96), ('reg:0.001', 69.44), ('reg:0.01', 65.92)]
22-11-05 12:59:28 - INFO - root: Cross-validation : best param found is reg = 0.0001             with score 69.96
22-11-05 12:59:28 - INFO - root: Evaluating...
22-11-05 12:59:29 - INFO - root: ***** Transfer task : MRPC *****


22-11-05 12:59:29 - INFO - root: Computing embedding for train
22-11-05 12:59:33 - INFO - root: Computed train embeddings
22-11-05 12:59:33 - INFO - root: Computing embedding for test
22-11-05 12:59:34 - INFO - root: Computed test embeddings
22-11-05 12:59:35 - INFO - root: Training pytorch-MLP-nhid0-rmsprop-bs128 with 5-fold cross-validation
22-11-05 12:59:48 - INFO - root: [('reg:1e-05', 72.13), ('reg:0.0001', 72.91), ('reg:0.001', 72.79), ('reg:0.01', 73.01)]
22-11-05 12:59:48 - INFO - root: Cross-validation : best param found is reg = 0.01             with score 73.01
22-11-05 12:59:48 - INFO - root: Evaluating...
