22-11-05 06:11:53 - INFO - sentence_transformers.SentenceTransformer: Load pretrained SentenceTransformer: paraphrase-multilingual-MiniLM-L12-v2
22-11-05 06:11:54 - INFO - sentence_transformers.SentenceTransformer: Use pytorch device: cuda
22-11-05 06:11:54 - INFO - __main__: SBert model paraphrase-multilingual-MiniLM-L12-v2 is loaded.
22-11-05 06:11:56 - INFO - __main__: Num of SBert features: 384
22-11-05 06:11:57 - INFO - root: Generating sentence embeddings
22-11-05 06:12:02 - INFO - root: Generated sentence embeddings
22-11-05 06:12:02 - INFO - root: Training pytorch-MLP-nhid0-rmsprop-bs128 with (inner) 5-fold cross-validation
22-11-05 06:12:27 - INFO - root: Best param found at split 1: l2reg = 0.01                 with score 76.45
22-11-05 06:12:55 - INFO - root: Best param found at split 2: l2reg = 0.01                 with score 75.88
22-11-05 06:13:21 - INFO - root: Best param found at split 3: l2reg = 0.01                 with score 75.43
22-11-05 06:13:48 - INFO - root: Best param found at split 4: l2reg = 0.01                 with score 76.19
22-11-05 06:14:18 - INFO - root: Best param found at split 5: l2reg = 0.01                 with score 75.59
22-11-05 06:14:20 - INFO - root: Generating sentence embeddings
22-11-05 06:14:21 - INFO - root: Generated sentence embeddings
22-11-05 06:14:21 - INFO - root: Training pytorch-MLP-nhid0-rmsprop-bs128 with (inner) 5-fold cross-validation
22-11-05 06:14:29 - INFO - root: Best param found at split 1: l2reg = 0.01                 with score 86.69
22-11-05 06:14:41 - INFO - root: Best param found at split 2: l2reg = 0.001                 with score 86.75
22-11-05 06:14:51 - INFO - root: Best param found at split 3: l2reg = 0.001                 with score 86.59
22-11-05 06:15:01 - INFO - root: Best param found at split 4: l2reg = 0.001                 with score 86.69
22-11-05 06:15:10 - INFO - root: Best param found at split 5: l2reg = 0.01                 with score 86.26
22-11-05 06:15:11 - INFO - root: Generating sentence embeddings
22-11-05 06:15:15 - INFO - root: Generated sentence embeddings
22-11-05 06:15:15 - INFO - root: Training pytorch-MLP-nhid0-rmsprop-bs128 with (inner) 5-fold cross-validation
22-11-05 06:15:39 - INFO - root: Best param found at split 1: l2reg = 0.01                 with score 89.76
22-11-05 06:16:04 - INFO - root: Best param found at split 2: l2reg = 0.01                 with score 89.79
22-11-05 06:16:29 - INFO - root: Best param found at split 3: l2reg = 0.01                 with score 90.24
22-11-05 06:16:55 - INFO - root: Best param found at split 4: l2reg = 0.01                 with score 89.85
22-11-05 06:17:22 - INFO - root: Best param found at split 5: l2reg = 0.01                 with score 90.0
22-11-05 06:17:23 - INFO - root: Generating sentence embeddings
22-11-05 06:17:27 - INFO - root: Generated sentence embeddings
22-11-05 06:17:27 - INFO - root: Training pytorch-MLP-nhid0-rmsprop-bs128 with (inner) 5-fold cross-validation
22-11-05 06:17:53 - INFO - root: Best param found at split 1: l2reg = 0.001                 with score 87.36
22-11-05 06:18:19 - INFO - root: Best param found at split 2: l2reg = 0.001                 with score 87.37
22-11-05 06:18:47 - INFO - root: Best param found at split 3: l2reg = 0.01                 with score 87.38
22-11-05 06:19:14 - INFO - root: Best param found at split 4: l2reg = 0.01                 with score 87.61
22-11-05 06:19:42 - INFO - root: Best param found at split 5: l2reg = 1e-05                 with score 86.88
22-11-05 06:19:44 - INFO - root: Computing embedding for train
22-11-05 06:19:47 - INFO - root: Computed train embeddings
22-11-05 06:19:47 - INFO - root: Computing embedding for dev
22-11-05 06:19:48 - INFO - root: Computed dev embeddings
22-11-05 06:19:48 - INFO - root: Computing embedding for test
22-11-05 06:19:49 - INFO - root: Computed test embeddings
22-11-05 06:19:49 - INFO - root: Training pytorch-MLP-nhid0-rmsprop-bs128 with standard validation..
22-11-05 06:19:55 - INFO - root: [('reg:1e-05', 37.33), ('reg:0.0001', 37.42), ('reg:0.001', 36.78), ('reg:0.01', 40.6)]
22-11-05 06:19:55 - INFO - root: Validation : best param found is reg = 0.01 with score             40.6
22-11-05 06:19:55 - INFO - root: Evaluating...
22-11-05 06:19:57 - INFO - root: ***** Transfer task : TREC *****


22-11-05 06:19:59 - INFO - root: Computed train embeddings
22-11-05 06:19:59 - INFO - root: Computed test embeddings
22-11-05 06:19:59 - INFO - root: Training pytorch-MLP-nhid0-rmsprop-bs128 with 5-fold cross-validation
22-11-05 06:20:15 - INFO - root: [('reg:1e-05', 69.44), ('reg:0.0001', 69.59), ('reg:0.001', 69.61), ('reg:0.01', 67.24)]
22-11-05 06:20:15 - INFO - root: Cross-validation : best param found is reg = 0.001             with score 69.61
22-11-05 06:20:15 - INFO - root: Evaluating...
22-11-05 06:20:17 - INFO - root: ***** Transfer task : MRPC *****


22-11-05 06:20:17 - INFO - root: Computing embedding for train
22-11-05 06:20:20 - INFO - root: Computed train embeddings
22-11-05 06:20:20 - INFO - root: Computing embedding for test
22-11-05 06:20:21 - INFO - root: Computed test embeddings
22-11-05 06:20:21 - INFO - root: Training pytorch-MLP-nhid0-rmsprop-bs128 with 5-fold cross-validation
22-11-05 06:20:34 - INFO - root: [('reg:1e-05', 73.06), ('reg:0.0001', 73.14), ('reg:0.001', 72.25), ('reg:0.01', 72.99)]
22-11-05 06:20:34 - INFO - root: Cross-validation : best param found is reg = 0.0001             with score 73.14
22-11-05 06:20:34 - INFO - root: Evaluating...
