22-11-06 06:39:28 - INFO - sentence_transformers.SentenceTransformer: Load pretrained SentenceTransformer: paraphrase-multilingual-MiniLM-L12-v2
22-11-06 06:39:30 - INFO - sentence_transformers.SentenceTransformer: Use pytorch device: cuda
22-11-06 06:39:30 - INFO - __main__: SBert model paraphrase-multilingual-MiniLM-L12-v2 is loaded.
22-11-06 06:39:32 - INFO - __main__: Num of SBert features: 384
22-11-06 06:39:32 - INFO - root: Generating sentence embeddings
22-11-06 06:39:37 - INFO - root: Generated sentence embeddings
22-11-06 06:39:37 - INFO - root: Training pytorch-MLP-nhid0-rmsprop-bs128 with (inner) 5-fold cross-validation
22-11-06 06:40:05 - INFO - root: Best param found at split 1: l2reg = 1e-05                 with score 78.57
22-11-06 06:40:33 - INFO - root: Best param found at split 2: l2reg = 0.001                 with score 78.33
22-11-06 06:41:02 - INFO - root: Best param found at split 3: l2reg = 0.001                 with score 77.76
22-11-06 06:41:31 - INFO - root: Best param found at split 4: l2reg = 1e-05                 with score 78.22
22-11-06 06:41:59 - INFO - root: Best param found at split 5: l2reg = 0.001                 with score 78.16
22-11-06 06:42:01 - INFO - root: Generating sentence embeddings
22-11-06 06:42:02 - INFO - root: Generated sentence embeddings
22-11-06 06:42:02 - INFO - root: Training pytorch-MLP-nhid0-rmsprop-bs128 with (inner) 5-fold cross-validation
22-11-06 06:42:11 - INFO - root: Best param found at split 1: l2reg = 0.001                 with score 88.38
22-11-06 06:42:22 - INFO - root: Best param found at split 2: l2reg = 0.01                 with score 89.04
22-11-06 06:42:32 - INFO - root: Best param found at split 3: l2reg = 0.0001                 with score 88.05
22-11-06 06:42:41 - INFO - root: Best param found at split 4: l2reg = 1e-05                 with score 88.01
22-11-06 06:42:51 - INFO - root: Best param found at split 5: l2reg = 0.001                 with score 88.18
22-11-06 06:42:52 - INFO - root: Generating sentence embeddings
22-11-06 06:42:56 - INFO - root: Generated sentence embeddings
22-11-06 06:42:56 - INFO - root: Training pytorch-MLP-nhid0-rmsprop-bs128 with (inner) 5-fold cross-validation
22-11-06 06:43:23 - INFO - root: Best param found at split 1: l2reg = 0.0001                 with score 91.52
22-11-06 06:43:51 - INFO - root: Best param found at split 2: l2reg = 0.01                 with score 91.88
22-11-06 06:44:18 - INFO - root: Best param found at split 3: l2reg = 0.001                 with score 91.68
22-11-06 06:44:45 - INFO - root: Best param found at split 4: l2reg = 0.01                 with score 91.7
22-11-06 06:45:13 - INFO - root: Best param found at split 5: l2reg = 0.001                 with score 91.64
22-11-06 06:45:14 - INFO - root: Generating sentence embeddings
22-11-06 06:45:18 - INFO - root: Generated sentence embeddings
22-11-06 06:45:18 - INFO - root: Training pytorch-MLP-nhid0-rmsprop-bs128 with (inner) 5-fold cross-validation
22-11-06 06:45:40 - INFO - root: Best param found at split 1: l2reg = 0.001                 with score 89.53
22-11-06 06:46:07 - INFO - root: Best param found at split 2: l2reg = 0.001                 with score 88.86
22-11-06 06:46:36 - INFO - root: Best param found at split 3: l2reg = 0.01                 with score 89.1
22-11-06 06:47:04 - INFO - root: Best param found at split 4: l2reg = 0.0001                 with score 88.95
22-11-06 06:47:31 - INFO - root: Best param found at split 5: l2reg = 0.001                 with score 88.86
22-11-06 06:47:32 - INFO - root: Computing embedding for train
22-11-06 06:47:36 - INFO - root: Computed train embeddings
22-11-06 06:47:36 - INFO - root: Computing embedding for dev
22-11-06 06:47:36 - INFO - root: Computed dev embeddings
22-11-06 06:47:36 - INFO - root: Computing embedding for test
22-11-06 06:47:37 - INFO - root: Computed test embeddings
22-11-06 06:47:37 - INFO - root: Training pytorch-MLP-nhid0-rmsprop-bs128 with standard validation..
22-11-06 06:47:43 - INFO - root: [('reg:1e-05', 41.69), ('reg:0.0001', 37.24), ('reg:0.001', 40.87), ('reg:0.01', 41.87)]
22-11-06 06:47:43 - INFO - root: Validation : best param found is reg = 0.01 with score             41.87
22-11-06 06:47:43 - INFO - root: Evaluating...
22-11-06 06:47:44 - INFO - root: ***** Transfer task : TREC *****


22-11-06 06:47:46 - INFO - root: Computed train embeddings
22-11-06 06:47:46 - INFO - root: Computed test embeddings
22-11-06 06:47:46 - INFO - root: Training pytorch-MLP-nhid0-rmsprop-bs128 with 5-fold cross-validation
22-11-06 06:48:04 - INFO - root: [('reg:1e-05', 77.75), ('reg:0.0001', 76.74), ('reg:0.001', 75.62), ('reg:0.01', 68.8)]
22-11-06 06:48:04 - INFO - root: Cross-validation : best param found is reg = 1e-05             with score 77.75
22-11-06 06:48:04 - INFO - root: Evaluating...
22-11-06 06:48:05 - INFO - root: ***** Transfer task : MRPC *****


22-11-06 06:48:05 - INFO - root: Computing embedding for train
22-11-06 06:48:09 - INFO - root: Computed train embeddings
22-11-06 06:48:09 - INFO - root: Computing embedding for test
22-11-06 06:48:10 - INFO - root: Computed test embeddings
22-11-06 06:48:10 - INFO - root: Training pytorch-MLP-nhid0-rmsprop-bs128 with 5-fold cross-validation
22-11-06 06:48:23 - INFO - root: [('reg:1e-05', 74.12), ('reg:0.0001', 74.04), ('reg:0.001', 73.87), ('reg:0.01', 74.14)]
22-11-06 06:48:23 - INFO - root: Cross-validation : best param found is reg = 0.01             with score 74.14
22-11-06 06:48:23 - INFO - root: Evaluating...
