22-11-05 11:30:09 - INFO - sentence_transformers.SentenceTransformer: Load pretrained SentenceTransformer: paraphrase-multilingual-MiniLM-L12-v2
22-11-05 11:30:10 - INFO - sentence_transformers.SentenceTransformer: Use pytorch device: cuda
22-11-05 11:30:10 - INFO - __main__: SBert model paraphrase-multilingual-MiniLM-L12-v2 is loaded.
22-11-05 11:30:12 - INFO - __main__: Num of SBert features: 384
22-11-05 11:30:13 - INFO - root: Generating sentence embeddings
22-11-05 11:30:18 - INFO - root: Generated sentence embeddings
22-11-05 11:30:18 - INFO - root: Training pytorch-MLP-nhid0-rmsprop-bs128 with (inner) 5-fold cross-validation
22-11-05 11:30:45 - INFO - root: Best param found at split 1: l2reg = 0.01                 with score 77.16
22-11-05 11:31:14 - INFO - root: Best param found at split 2: l2reg = 0.01                 with score 76.87
22-11-05 11:31:43 - INFO - root: Best param found at split 3: l2reg = 0.01                 with score 77.54
22-11-05 11:32:11 - INFO - root: Best param found at split 4: l2reg = 1e-05                 with score 77.01
22-11-05 11:32:39 - INFO - root: Best param found at split 5: l2reg = 0.01                 with score 76.86
22-11-05 11:32:40 - INFO - root: Generating sentence embeddings
22-11-05 11:32:42 - INFO - root: Generated sentence embeddings
22-11-05 11:32:42 - INFO - root: Training pytorch-MLP-nhid0-rmsprop-bs128 with (inner) 5-fold cross-validation
22-11-05 11:32:50 - INFO - root: Best param found at split 1: l2reg = 1e-05                 with score 87.58
22-11-05 11:32:59 - INFO - root: Best param found at split 2: l2reg = 1e-05                 with score 87.88
22-11-05 11:33:10 - INFO - root: Best param found at split 3: l2reg = 0.01                 with score 87.65
22-11-05 11:33:19 - INFO - root: Best param found at split 4: l2reg = 0.0001                 with score 87.15
22-11-05 11:33:29 - INFO - root: Best param found at split 5: l2reg = 0.0001                 with score 87.42
22-11-05 11:33:30 - INFO - root: Generating sentence embeddings
22-11-05 11:33:34 - INFO - root: Generated sentence embeddings
22-11-05 11:33:34 - INFO - root: Training pytorch-MLP-nhid0-rmsprop-bs128 with (inner) 5-fold cross-validation
22-11-05 11:33:57 - INFO - root: Best param found at split 1: l2reg = 0.01                 with score 90.1
22-11-05 11:34:25 - INFO - root: Best param found at split 2: l2reg = 0.001                 with score 90.84
22-11-05 11:34:52 - INFO - root: Best param found at split 3: l2reg = 0.0001                 with score 90.62
22-11-05 11:35:17 - INFO - root: Best param found at split 4: l2reg = 0.01                 with score 90.19
22-11-05 11:35:43 - INFO - root: Best param found at split 5: l2reg = 0.01                 with score 89.98
22-11-05 11:35:44 - INFO - root: Generating sentence embeddings
22-11-05 11:35:48 - INFO - root: Generated sentence embeddings
22-11-05 11:35:48 - INFO - root: Training pytorch-MLP-nhid0-rmsprop-bs128 with (inner) 5-fold cross-validation
22-11-05 11:36:12 - INFO - root: Best param found at split 1: l2reg = 1e-05                 with score 86.82
22-11-05 11:36:41 - INFO - root: Best param found at split 2: l2reg = 0.01                 with score 87.15
22-11-05 11:37:11 - INFO - root: Best param found at split 3: l2reg = 0.01                 with score 88.11
22-11-05 11:37:37 - INFO - root: Best param found at split 4: l2reg = 0.001                 with score 87.61
22-11-05 11:38:06 - INFO - root: Best param found at split 5: l2reg = 0.001                 with score 87.92
22-11-05 11:38:07 - INFO - root: Computing embedding for train
22-11-05 11:38:10 - INFO - root: Computed train embeddings
22-11-05 11:38:10 - INFO - root: Computing embedding for dev
22-11-05 11:38:11 - INFO - root: Computed dev embeddings
22-11-05 11:38:11 - INFO - root: Computing embedding for test
22-11-05 11:38:12 - INFO - root: Computed test embeddings
22-11-05 11:38:12 - INFO - root: Training pytorch-MLP-nhid0-rmsprop-bs128 with standard validation..
22-11-05 11:38:18 - INFO - root: [('reg:1e-05', 41.6), ('reg:0.0001', 42.14), ('reg:0.001', 41.96), ('reg:0.01', 41.6)]
22-11-05 11:38:18 - INFO - root: Validation : best param found is reg = 0.0001 with score             42.14
22-11-05 11:38:18 - INFO - root: Evaluating...
22-11-05 11:38:21 - INFO - root: ***** Transfer task : TREC *****


22-11-05 11:38:23 - INFO - root: Computed train embeddings
22-11-05 11:38:23 - INFO - root: Computed test embeddings
22-11-05 11:38:23 - INFO - root: Training pytorch-MLP-nhid0-rmsprop-bs128 with 5-fold cross-validation
22-11-05 11:38:43 - INFO - root: [('reg:1e-05', 71.99), ('reg:0.0001', 71.73), ('reg:0.001', 71.18), ('reg:0.01', 69.81)]
22-11-05 11:38:43 - INFO - root: Cross-validation : best param found is reg = 1e-05             with score 71.99
22-11-05 11:38:43 - INFO - root: Evaluating...
22-11-05 11:38:44 - INFO - root: ***** Transfer task : MRPC *****


22-11-05 11:38:44 - INFO - root: Computing embedding for train
22-11-05 11:38:48 - INFO - root: Computed train embeddings
22-11-05 11:38:48 - INFO - root: Computing embedding for test
22-11-05 11:38:49 - INFO - root: Computed test embeddings
22-11-05 11:38:49 - INFO - root: Training pytorch-MLP-nhid0-rmsprop-bs128 with 5-fold cross-validation
22-11-05 11:39:02 - INFO - root: [('reg:1e-05', 72.33), ('reg:0.0001', 72.2), ('reg:0.001', 72.2), ('reg:0.01', 73.38)]
22-11-05 11:39:02 - INFO - root: Cross-validation : best param found is reg = 0.01             with score 73.38
22-11-05 11:39:02 - INFO - root: Evaluating...
