22-11-05 09:16:32 - INFO - sentence_transformers.SentenceTransformer: Load pretrained SentenceTransformer: paraphrase-multilingual-MiniLM-L12-v2
22-11-05 09:16:33 - INFO - sentence_transformers.SentenceTransformer: Use pytorch device: cuda
22-11-05 09:16:33 - INFO - __main__: SBert model paraphrase-multilingual-MiniLM-L12-v2 is loaded.
22-11-05 09:16:36 - INFO - __main__: Num of SBert features: 384
22-11-05 09:16:37 - INFO - root: Generating sentence embeddings
22-11-05 09:16:41 - INFO - root: Generated sentence embeddings
22-11-05 09:16:41 - INFO - root: Training pytorch-MLP-nhid0-rmsprop-bs128 with (inner) 5-fold cross-validation
22-11-05 09:17:07 - INFO - root: Best param found at split 1: l2reg = 0.01                 with score 77.34
22-11-05 09:17:32 - INFO - root: Best param found at split 2: l2reg = 0.01                 with score 77.15
22-11-05 09:18:00 - INFO - root: Best param found at split 3: l2reg = 1e-05                 with score 76.2
22-11-05 09:18:27 - INFO - root: Best param found at split 4: l2reg = 0.01                 with score 76.64
22-11-05 09:18:55 - INFO - root: Best param found at split 5: l2reg = 0.01                 with score 75.65
22-11-05 09:18:57 - INFO - root: Generating sentence embeddings
22-11-05 09:18:59 - INFO - root: Generated sentence embeddings
22-11-05 09:18:59 - INFO - root: Training pytorch-MLP-nhid0-rmsprop-bs128 with (inner) 5-fold cross-validation
22-11-05 09:19:08 - INFO - root: Best param found at split 1: l2reg = 0.0001                 with score 88.18
22-11-05 09:19:18 - INFO - root: Best param found at split 2: l2reg = 0.01                 with score 88.18
22-11-05 09:19:28 - INFO - root: Best param found at split 3: l2reg = 0.0001                 with score 87.28
22-11-05 09:19:38 - INFO - root: Best param found at split 4: l2reg = 0.001                 with score 87.91
22-11-05 09:19:48 - INFO - root: Best param found at split 5: l2reg = 0.001                 with score 87.85
22-11-05 09:19:48 - INFO - root: Generating sentence embeddings
22-11-05 09:19:53 - INFO - root: Generated sentence embeddings
22-11-05 09:19:53 - INFO - root: Training pytorch-MLP-nhid0-rmsprop-bs128 with (inner) 5-fold cross-validation
22-11-05 09:20:15 - INFO - root: Best param found at split 1: l2reg = 0.01                 with score 90.54
22-11-05 09:20:41 - INFO - root: Best param found at split 2: l2reg = 0.01                 with score 90.79
22-11-05 09:21:09 - INFO - root: Best param found at split 3: l2reg = 0.01                 with score 90.39
22-11-05 09:21:35 - INFO - root: Best param found at split 4: l2reg = 1e-05                 with score 89.92
22-11-05 09:22:02 - INFO - root: Best param found at split 5: l2reg = 0.01                 with score 90.51
22-11-05 09:22:04 - INFO - root: Generating sentence embeddings
22-11-05 09:22:08 - INFO - root: Generated sentence embeddings
22-11-05 09:22:08 - INFO - root: Training pytorch-MLP-nhid0-rmsprop-bs128 with (inner) 5-fold cross-validation
22-11-05 09:22:33 - INFO - root: Best param found at split 1: l2reg = 1e-05                 with score 85.07
22-11-05 09:22:59 - INFO - root: Best param found at split 2: l2reg = 0.001                 with score 84.78
22-11-05 09:23:28 - INFO - root: Best param found at split 3: l2reg = 0.01                 with score 87.87
22-11-05 09:23:51 - INFO - root: Best param found at split 4: l2reg = 0.01                 with score 87.88
22-11-05 09:24:11 - INFO - root: Best param found at split 5: l2reg = 0.01                 with score 87.88
22-11-05 09:24:13 - INFO - root: Computing embedding for train
22-11-05 09:24:17 - INFO - root: Computed train embeddings
22-11-05 09:24:17 - INFO - root: Computing embedding for dev
22-11-05 09:24:17 - INFO - root: Computed dev embeddings
22-11-05 09:24:17 - INFO - root: Computing embedding for test
22-11-05 09:24:18 - INFO - root: Computed test embeddings
22-11-05 09:24:18 - INFO - root: Training pytorch-MLP-nhid0-rmsprop-bs128 with standard validation..
22-11-05 09:24:24 - INFO - root: [('reg:1e-05', 38.51), ('reg:0.0001', 39.78), ('reg:0.001', 36.88), ('reg:0.01', 42.05)]
22-11-05 09:24:24 - INFO - root: Validation : best param found is reg = 0.01 with score             42.05
22-11-05 09:24:24 - INFO - root: Evaluating...
22-11-05 09:24:26 - INFO - root: ***** Transfer task : TREC *****


22-11-05 09:24:28 - INFO - root: Computed train embeddings
22-11-05 09:24:28 - INFO - root: Computed test embeddings
22-11-05 09:24:28 - INFO - root: Training pytorch-MLP-nhid0-rmsprop-bs128 with 5-fold cross-validation
22-11-05 09:24:47 - INFO - root: [('reg:1e-05', 70.71), ('reg:0.0001', 70.76), ('reg:0.001', 70.51), ('reg:0.01', 69.85)]
22-11-05 09:24:47 - INFO - root: Cross-validation : best param found is reg = 0.0001             with score 70.76
22-11-05 09:24:47 - INFO - root: Evaluating...
22-11-05 09:24:48 - INFO - root: ***** Transfer task : MRPC *****


22-11-05 09:24:48 - INFO - root: Computing embedding for train
22-11-05 09:24:52 - INFO - root: Computed train embeddings
22-11-05 09:24:52 - INFO - root: Computing embedding for test
22-11-05 09:24:53 - INFO - root: Computed test embeddings
22-11-05 09:24:53 - INFO - root: Training pytorch-MLP-nhid0-rmsprop-bs128 with 5-fold cross-validation
22-11-05 09:25:07 - INFO - root: [('reg:1e-05', 72.82), ('reg:0.0001', 72.82), ('reg:0.001', 73.09), ('reg:0.01', 72.99)]
22-11-05 09:25:07 - INFO - root: Cross-validation : best param found is reg = 0.001             with score 73.09
22-11-05 09:25:07 - INFO - root: Evaluating...
