22-11-05 14:10:50 - INFO - sentence_transformers.SentenceTransformer: Load pretrained SentenceTransformer: paraphrase-multilingual-MiniLM-L12-v2
22-11-05 14:10:52 - INFO - sentence_transformers.SentenceTransformer: Use pytorch device: cuda
22-11-05 14:10:52 - INFO - __main__: SBert model paraphrase-multilingual-MiniLM-L12-v2 is loaded.
22-11-05 14:10:54 - INFO - __main__: Num of SBert features: 384
22-11-05 14:10:54 - INFO - root: Generating sentence embeddings
22-11-05 14:10:59 - INFO - root: Generated sentence embeddings
22-11-05 14:10:59 - INFO - root: Training pytorch-MLP-nhid0-rmsprop-bs128 with (inner) 5-fold cross-validation
22-11-05 14:11:26 - INFO - root: Best param found at split 1: l2reg = 0.001                 with score 77.72
22-11-05 14:11:54 - INFO - root: Best param found at split 2: l2reg = 0.01                 with score 75.85
22-11-05 14:12:23 - INFO - root: Best param found at split 3: l2reg = 0.001                 with score 76.62
22-11-05 14:12:54 - INFO - root: Best param found at split 4: l2reg = 0.01                 with score 77.25
22-11-05 14:13:25 - INFO - root: Best param found at split 5: l2reg = 0.01                 with score 77.29
22-11-05 14:13:27 - INFO - root: Generating sentence embeddings
22-11-05 14:13:28 - INFO - root: Generated sentence embeddings
22-11-05 14:13:28 - INFO - root: Training pytorch-MLP-nhid0-rmsprop-bs128 with (inner) 5-fold cross-validation
22-11-05 14:13:37 - INFO - root: Best param found at split 1: l2reg = 0.01                 with score 88.01
22-11-05 14:13:47 - INFO - root: Best param found at split 2: l2reg = 0.0001                 with score 88.08
22-11-05 14:13:56 - INFO - root: Best param found at split 3: l2reg = 0.001                 with score 87.45
22-11-05 14:14:07 - INFO - root: Best param found at split 4: l2reg = 0.01                 with score 87.45
22-11-05 14:14:17 - INFO - root: Best param found at split 5: l2reg = 0.001                 with score 88.21
22-11-05 14:14:18 - INFO - root: Generating sentence embeddings
22-11-05 14:14:22 - INFO - root: Generated sentence embeddings
22-11-05 14:14:22 - INFO - root: Training pytorch-MLP-nhid0-rmsprop-bs128 with (inner) 5-fold cross-validation
22-11-05 14:14:47 - INFO - root: Best param found at split 1: l2reg = 0.01                 with score 90.8
22-11-05 14:15:14 - INFO - root: Best param found at split 2: l2reg = 0.01                 with score 91.11
22-11-05 14:15:41 - INFO - root: Best param found at split 3: l2reg = 0.01                 with score 90.89
22-11-05 14:16:08 - INFO - root: Best param found at split 4: l2reg = 0.01                 with score 90.75
22-11-05 14:16:35 - INFO - root: Best param found at split 5: l2reg = 0.0001                 with score 90.81
22-11-05 14:16:36 - INFO - root: Generating sentence embeddings
22-11-05 14:16:40 - INFO - root: Generated sentence embeddings
22-11-05 14:16:40 - INFO - root: Training pytorch-MLP-nhid0-rmsprop-bs128 with (inner) 5-fold cross-validation
22-11-05 14:17:07 - INFO - root: Best param found at split 1: l2reg = 0.01                 with score 88.39
22-11-05 14:17:36 - INFO - root: Best param found at split 2: l2reg = 0.01                 with score 88.24
22-11-05 14:18:06 - INFO - root: Best param found at split 3: l2reg = 0.01                 with score 88.49
22-11-05 14:18:34 - INFO - root: Best param found at split 4: l2reg = 1e-05                 with score 88.39
22-11-05 14:19:06 - INFO - root: Best param found at split 5: l2reg = 0.0001                 with score 87.59
22-11-05 14:19:08 - INFO - root: Computing embedding for train
22-11-05 14:19:11 - INFO - root: Computed train embeddings
22-11-05 14:19:11 - INFO - root: Computing embedding for dev
22-11-05 14:19:11 - INFO - root: Computed dev embeddings
22-11-05 14:19:11 - INFO - root: Computing embedding for test
22-11-05 14:19:12 - INFO - root: Computed test embeddings
22-11-05 14:19:12 - INFO - root: Training pytorch-MLP-nhid0-rmsprop-bs128 with standard validation..
22-11-05 14:19:19 - INFO - root: [('reg:1e-05', 41.96), ('reg:0.0001', 36.15), ('reg:0.001', 39.51), ('reg:0.01', 43.05)]
22-11-05 14:19:19 - INFO - root: Validation : best param found is reg = 0.01 with score             43.05
22-11-05 14:19:19 - INFO - root: Evaluating...
22-11-05 14:19:21 - INFO - root: ***** Transfer task : TREC *****


22-11-05 14:19:23 - INFO - root: Computed train embeddings
22-11-05 14:19:23 - INFO - root: Computed test embeddings
22-11-05 14:19:23 - INFO - root: Training pytorch-MLP-nhid0-rmsprop-bs128 with 5-fold cross-validation
22-11-05 14:19:42 - INFO - root: [('reg:1e-05', 74.91), ('reg:0.0001', 75.11), ('reg:0.001', 72.23), ('reg:0.01', 72.05)]
22-11-05 14:19:42 - INFO - root: Cross-validation : best param found is reg = 0.0001             with score 75.11
22-11-05 14:19:42 - INFO - root: Evaluating...
22-11-05 14:19:43 - INFO - root: ***** Transfer task : MRPC *****


22-11-05 14:19:43 - INFO - root: Computing embedding for train
22-11-05 14:19:46 - INFO - root: Computed train embeddings
22-11-05 14:19:46 - INFO - root: Computing embedding for test
22-11-05 14:19:48 - INFO - root: Computed test embeddings
22-11-05 14:19:48 - INFO - root: Training pytorch-MLP-nhid0-rmsprop-bs128 with 5-fold cross-validation
22-11-05 14:20:00 - INFO - root: [('reg:1e-05', 73.09), ('reg:0.0001', 73.63), ('reg:0.001', 73.33), ('reg:0.01', 73.43)]
22-11-05 14:20:00 - INFO - root: Cross-validation : best param found is reg = 0.0001             with score 73.63
22-11-05 14:20:00 - INFO - root: Evaluating...
22-11-18 13:38:54 - INFO - sentence_transformers.SentenceTransformer: Load pretrained SentenceTransformer: paraphrase-multilingual-MiniLM-L12-v2
22-11-18 13:38:56 - INFO - sentence_transformers.SentenceTransformer: Use pytorch device: cuda
22-11-18 13:38:56 - INFO - __main__: SBert model paraphrase-multilingual-MiniLM-L12-v2 is loaded.
22-11-18 13:38:58 - INFO - __main__: Num of SBert features: 384
