22-11-05 21:53:16 - INFO - sentence_transformers.SentenceTransformer: Load pretrained SentenceTransformer: paraphrase-multilingual-MiniLM-L12-v2
22-11-05 21:53:17 - INFO - sentence_transformers.SentenceTransformer: Use pytorch device: cuda
22-11-05 21:53:17 - INFO - __main__: SBert model paraphrase-multilingual-MiniLM-L12-v2 is loaded.
22-11-05 21:53:20 - INFO - __main__: Num of SBert features: 384
22-11-05 21:53:20 - INFO - root: Generating sentence embeddings
22-11-05 21:53:25 - INFO - root: Generated sentence embeddings
22-11-05 21:53:25 - INFO - root: Training pytorch-MLP-nhid0-rmsprop-bs128 with (inner) 5-fold cross-validation
22-11-05 21:53:51 - INFO - root: Best param found at split 1: l2reg = 0.01                 with score 76.98
22-11-05 21:54:17 - INFO - root: Best param found at split 2: l2reg = 0.001                 with score 77.08
22-11-05 21:54:48 - INFO - root: Best param found at split 3: l2reg = 0.01                 with score 77.14
22-11-05 21:55:15 - INFO - root: Best param found at split 4: l2reg = 0.01                 with score 77.44
22-11-05 21:55:46 - INFO - root: Best param found at split 5: l2reg = 0.001                 with score 77.05
22-11-05 21:55:48 - INFO - root: Generating sentence embeddings
22-11-05 21:55:50 - INFO - root: Generated sentence embeddings
22-11-05 21:55:50 - INFO - root: Training pytorch-MLP-nhid0-rmsprop-bs128 with (inner) 5-fold cross-validation
22-11-05 21:55:56 - INFO - root: Best param found at split 1: l2reg = 0.0001                 with score 88.28
22-11-05 21:56:05 - INFO - root: Best param found at split 2: l2reg = 0.001                 with score 88.31
22-11-05 21:56:15 - INFO - root: Best param found at split 3: l2reg = 0.01                 with score 87.95
22-11-05 21:56:25 - INFO - root: Best param found at split 4: l2reg = 0.01                 with score 88.44
22-11-05 21:56:35 - INFO - root: Best param found at split 5: l2reg = 0.0001                 with score 87.48
22-11-05 21:56:35 - INFO - root: Generating sentence embeddings
22-11-05 21:56:39 - INFO - root: Generated sentence embeddings
22-11-05 21:56:39 - INFO - root: Training pytorch-MLP-nhid0-rmsprop-bs128 with (inner) 5-fold cross-validation
22-11-05 21:57:07 - INFO - root: Best param found at split 1: l2reg = 1e-05                 with score 90.84
22-11-05 21:57:34 - INFO - root: Best param found at split 2: l2reg = 0.001                 with score 91.81
22-11-05 21:58:04 - INFO - root: Best param found at split 3: l2reg = 0.0001                 with score 91.35
22-11-05 21:58:29 - INFO - root: Best param found at split 4: l2reg = 0.01                 with score 91.08
22-11-05 21:58:56 - INFO - root: Best param found at split 5: l2reg = 0.0001                 with score 90.88
22-11-05 21:58:58 - INFO - root: Generating sentence embeddings
22-11-05 21:59:01 - INFO - root: Generated sentence embeddings
22-11-05 21:59:01 - INFO - root: Training pytorch-MLP-nhid0-rmsprop-bs128 with (inner) 5-fold cross-validation
22-11-05 21:59:26 - INFO - root: Best param found at split 1: l2reg = 0.001                 with score 88.24
22-11-05 21:59:55 - INFO - root: Best param found at split 2: l2reg = 0.001                 with score 88.34
22-11-05 22:00:24 - INFO - root: Best param found at split 3: l2reg = 0.01                 with score 88.72
22-11-05 22:00:54 - INFO - root: Best param found at split 4: l2reg = 1e-05                 with score 88.71
22-11-05 22:01:20 - INFO - root: Best param found at split 5: l2reg = 0.001                 with score 88.6
22-11-05 22:01:22 - INFO - root: Computing embedding for train
22-11-05 22:01:25 - INFO - root: Computed train embeddings
22-11-05 22:01:25 - INFO - root: Computing embedding for dev
22-11-05 22:01:26 - INFO - root: Computed dev embeddings
22-11-05 22:01:26 - INFO - root: Computing embedding for test
22-11-05 22:01:27 - INFO - root: Computed test embeddings
22-11-05 22:01:27 - INFO - root: Training pytorch-MLP-nhid0-rmsprop-bs128 with standard validation..
22-11-05 22:01:32 - INFO - root: [('reg:1e-05', 42.69), ('reg:0.0001', 42.51), ('reg:0.001', 42.42), ('reg:0.01', 37.87)]
22-11-05 22:01:32 - INFO - root: Validation : best param found is reg = 1e-05 with score             42.69
22-11-05 22:01:32 - INFO - root: Evaluating...
22-11-05 22:01:33 - INFO - root: ***** Transfer task : TREC *****


22-11-05 22:01:35 - INFO - root: Computed train embeddings
22-11-05 22:01:35 - INFO - root: Computed test embeddings
22-11-05 22:01:35 - INFO - root: Training pytorch-MLP-nhid0-rmsprop-bs128 with 5-fold cross-validation
22-11-05 22:01:53 - INFO - root: [('reg:1e-05', 73.84), ('reg:0.0001', 73.49), ('reg:0.001', 74.67), ('reg:0.01', 71.66)]
22-11-05 22:01:53 - INFO - root: Cross-validation : best param found is reg = 0.001             with score 74.67
22-11-05 22:01:53 - INFO - root: Evaluating...
22-11-05 22:01:54 - INFO - root: ***** Transfer task : MRPC *****


22-11-05 22:01:54 - INFO - root: Computing embedding for train
22-11-05 22:01:57 - INFO - root: Computed train embeddings
22-11-05 22:01:57 - INFO - root: Computing embedding for test
22-11-05 22:01:59 - INFO - root: Computed test embeddings
22-11-05 22:01:59 - INFO - root: Training pytorch-MLP-nhid0-rmsprop-bs128 with 5-fold cross-validation
22-11-05 22:02:12 - INFO - root: [('reg:1e-05', 73.55), ('reg:0.0001', 73.09), ('reg:0.001', 74.09), ('reg:0.01', 72.72)]
22-11-05 22:02:12 - INFO - root: Cross-validation : best param found is reg = 0.001             with score 74.09
22-11-05 22:02:12 - INFO - root: Evaluating...
