22-11-05 19:07:48 - INFO - sentence_transformers.SentenceTransformer: Load pretrained SentenceTransformer: paraphrase-multilingual-MiniLM-L12-v2
22-11-05 19:07:49 - INFO - sentence_transformers.SentenceTransformer: Use pytorch device: cuda
22-11-05 19:07:49 - INFO - __main__: SBert model paraphrase-multilingual-MiniLM-L12-v2 is loaded.
22-11-05 19:07:51 - INFO - __main__: Num of SBert features: 384
22-11-05 19:07:52 - INFO - root: Generating sentence embeddings
22-11-05 19:07:57 - INFO - root: Generated sentence embeddings
22-11-05 19:07:57 - INFO - root: Training pytorch-MLP-nhid0-rmsprop-bs128 with (inner) 5-fold cross-validation
22-11-05 19:08:25 - INFO - root: Best param found at split 1: l2reg = 0.001                 with score 76.74
22-11-05 19:08:52 - INFO - root: Best param found at split 2: l2reg = 0.001                 with score 77.64
22-11-05 19:09:24 - INFO - root: Best param found at split 3: l2reg = 0.01                 with score 78.12
22-11-05 19:09:53 - INFO - root: Best param found at split 4: l2reg = 0.01                 with score 78.08
22-11-05 19:10:21 - INFO - root: Best param found at split 5: l2reg = 0.01                 with score 76.71
22-11-05 19:10:23 - INFO - root: Generating sentence embeddings
22-11-05 19:10:24 - INFO - root: Generated sentence embeddings
22-11-05 19:10:24 - INFO - root: Training pytorch-MLP-nhid0-rmsprop-bs128 with (inner) 5-fold cross-validation
22-11-05 19:10:33 - INFO - root: Best param found at split 1: l2reg = 1e-05                 with score 88.34
22-11-05 19:10:43 - INFO - root: Best param found at split 2: l2reg = 0.01                 with score 88.44
22-11-05 19:10:54 - INFO - root: Best param found at split 3: l2reg = 0.01                 with score 88.41
22-11-05 19:11:04 - INFO - root: Best param found at split 4: l2reg = 0.01                 with score 88.84
22-11-05 19:11:15 - INFO - root: Best param found at split 5: l2reg = 0.001                 with score 87.95
22-11-05 19:11:16 - INFO - root: Generating sentence embeddings
22-11-05 19:11:20 - INFO - root: Generated sentence embeddings
22-11-05 19:11:20 - INFO - root: Training pytorch-MLP-nhid0-rmsprop-bs128 with (inner) 5-fold cross-validation
22-11-05 19:11:46 - INFO - root: Best param found at split 1: l2reg = 0.01                 with score 91.21
22-11-05 19:12:11 - INFO - root: Best param found at split 2: l2reg = 0.01                 with score 91.21
22-11-05 19:12:38 - INFO - root: Best param found at split 3: l2reg = 1e-05                 with score 91.14
22-11-05 19:13:06 - INFO - root: Best param found at split 4: l2reg = 0.01                 with score 91.36
22-11-05 19:13:32 - INFO - root: Best param found at split 5: l2reg = 0.01                 with score 91.0
22-11-05 19:13:33 - INFO - root: Generating sentence embeddings
22-11-05 19:13:36 - INFO - root: Generated sentence embeddings
22-11-05 19:13:36 - INFO - root: Training pytorch-MLP-nhid0-rmsprop-bs128 with (inner) 5-fold cross-validation
22-11-05 19:14:02 - INFO - root: Best param found at split 1: l2reg = 0.0001                 with score 88.59
22-11-05 19:14:33 - INFO - root: Best param found at split 2: l2reg = 0.0001                 with score 88.38
22-11-05 19:15:02 - INFO - root: Best param found at split 3: l2reg = 1e-05                 with score 88.5
22-11-05 19:15:29 - INFO - root: Best param found at split 4: l2reg = 1e-05                 with score 88.26
22-11-05 19:15:58 - INFO - root: Best param found at split 5: l2reg = 0.01                 with score 87.48
22-11-05 19:16:00 - INFO - root: Computing embedding for train
22-11-05 19:16:03 - INFO - root: Computed train embeddings
22-11-05 19:16:03 - INFO - root: Computing embedding for dev
22-11-05 19:16:04 - INFO - root: Computed dev embeddings
22-11-05 19:16:04 - INFO - root: Computing embedding for test
22-11-05 19:16:05 - INFO - root: Computed test embeddings
22-11-05 19:16:05 - INFO - root: Training pytorch-MLP-nhid0-rmsprop-bs128 with standard validation..
22-11-05 19:16:11 - INFO - root: [('reg:1e-05', 39.78), ('reg:0.0001', 40.78), ('reg:0.001', 36.6), ('reg:0.01', 41.05)]
22-11-05 19:16:11 - INFO - root: Validation : best param found is reg = 0.01 with score             41.05
22-11-05 19:16:11 - INFO - root: Evaluating...
22-11-05 19:16:12 - INFO - root: ***** Transfer task : TREC *****


22-11-05 19:16:14 - INFO - root: Computed train embeddings
22-11-05 19:16:15 - INFO - root: Computed test embeddings
22-11-05 19:16:15 - INFO - root: Training pytorch-MLP-nhid0-rmsprop-bs128 with 5-fold cross-validation
22-11-05 19:16:33 - INFO - root: [('reg:1e-05', 74.8), ('reg:0.0001', 74.05), ('reg:0.001', 74.61), ('reg:0.01', 67.81)]
22-11-05 19:16:33 - INFO - root: Cross-validation : best param found is reg = 1e-05             with score 74.8
22-11-05 19:16:33 - INFO - root: Evaluating...
22-11-05 19:16:34 - INFO - root: ***** Transfer task : MRPC *****


22-11-05 19:16:34 - INFO - root: Computing embedding for train
22-11-05 19:16:37 - INFO - root: Computed train embeddings
22-11-05 19:16:37 - INFO - root: Computing embedding for test
22-11-05 19:16:39 - INFO - root: Computed test embeddings
22-11-05 19:16:39 - INFO - root: Training pytorch-MLP-nhid0-rmsprop-bs128 with 5-fold cross-validation
22-11-05 19:16:51 - INFO - root: [('reg:1e-05', 73.82), ('reg:0.0001', 73.58), ('reg:0.001', 74.41), ('reg:0.01', 74.02)]
22-11-05 19:16:51 - INFO - root: Cross-validation : best param found is reg = 0.001             with score 74.41
22-11-05 19:16:51 - INFO - root: Evaluating...
22-11-18 15:30:57 - INFO - sentence_transformers.SentenceTransformer: Load pretrained SentenceTransformer: paraphrase-multilingual-MiniLM-L12-v2
22-11-18 15:30:59 - INFO - sentence_transformers.SentenceTransformer: Use pytorch device: cuda
22-11-18 15:30:59 - INFO - __main__: SBert model paraphrase-multilingual-MiniLM-L12-v2 is loaded.
22-11-18 15:31:01 - INFO - __main__: Num of SBert features: 384
