22-11-05 07:58:15 - INFO - sentence_transformers.SentenceTransformer: Load pretrained SentenceTransformer: paraphrase-multilingual-MiniLM-L12-v2
22-11-05 07:58:17 - INFO - sentence_transformers.SentenceTransformer: Use pytorch device: cuda
22-11-05 07:58:17 - INFO - __main__: SBert model paraphrase-multilingual-MiniLM-L12-v2 is loaded.
22-11-05 07:58:19 - INFO - __main__: Num of SBert features: 384
22-11-05 07:58:20 - INFO - root: Generating sentence embeddings
22-11-05 07:58:24 - INFO - root: Generated sentence embeddings
22-11-05 07:58:24 - INFO - root: Training pytorch-MLP-nhid0-rmsprop-bs128 with (inner) 5-fold cross-validation
22-11-05 07:58:52 - INFO - root: Best param found at split 1: l2reg = 0.01                 with score 76.94
22-11-05 07:59:17 - INFO - root: Best param found at split 2: l2reg = 0.01                 with score 76.3
22-11-05 07:59:44 - INFO - root: Best param found at split 3: l2reg = 0.01                 with score 76.52
22-11-05 08:00:12 - INFO - root: Best param found at split 4: l2reg = 0.001                 with score 76.37
22-11-05 08:00:44 - INFO - root: Best param found at split 5: l2reg = 0.01                 with score 76.3
22-11-05 08:00:46 - INFO - root: Generating sentence embeddings
22-11-05 08:00:47 - INFO - root: Generated sentence embeddings
22-11-05 08:00:47 - INFO - root: Training pytorch-MLP-nhid0-rmsprop-bs128 with (inner) 5-fold cross-validation
22-11-05 08:00:55 - INFO - root: Best param found at split 1: l2reg = 0.01                 with score 86.26
22-11-05 08:01:05 - INFO - root: Best param found at split 2: l2reg = 0.01                 with score 87.28
22-11-05 08:01:15 - INFO - root: Best param found at split 3: l2reg = 0.01                 with score 86.92
22-11-05 08:01:24 - INFO - root: Best param found at split 4: l2reg = 0.01                 with score 86.75
22-11-05 08:01:33 - INFO - root: Best param found at split 5: l2reg = 0.01                 with score 86.82
22-11-05 08:01:34 - INFO - root: Generating sentence embeddings
22-11-05 08:01:38 - INFO - root: Generated sentence embeddings
22-11-05 08:01:38 - INFO - root: Training pytorch-MLP-nhid0-rmsprop-bs128 with (inner) 5-fold cross-validation
22-11-05 08:02:03 - INFO - root: Best param found at split 1: l2reg = 0.01                 with score 89.66
22-11-05 08:02:30 - INFO - root: Best param found at split 2: l2reg = 1e-05                 with score 89.99
22-11-05 08:02:55 - INFO - root: Best param found at split 3: l2reg = 0.01                 with score 89.55
22-11-05 08:03:20 - INFO - root: Best param found at split 4: l2reg = 0.0001                 with score 89.49
22-11-05 08:03:48 - INFO - root: Best param found at split 5: l2reg = 0.001                 with score 89.56
22-11-05 08:03:49 - INFO - root: Generating sentence embeddings
22-11-05 08:03:53 - INFO - root: Generated sentence embeddings
22-11-05 08:03:53 - INFO - root: Training pytorch-MLP-nhid0-rmsprop-bs128 with (inner) 5-fold cross-validation
22-11-05 08:04:18 - INFO - root: Best param found at split 1: l2reg = 0.001                 with score 87.69
22-11-05 08:04:45 - INFO - root: Best param found at split 2: l2reg = 0.001                 with score 87.52
22-11-05 08:05:15 - INFO - root: Best param found at split 3: l2reg = 0.01                 with score 87.91
22-11-05 08:05:44 - INFO - root: Best param found at split 4: l2reg = 0.01                 with score 88.1
22-11-05 08:06:12 - INFO - root: Best param found at split 5: l2reg = 0.001                 with score 87.74
22-11-05 08:06:14 - INFO - root: Computing embedding for train
22-11-05 08:06:17 - INFO - root: Computed train embeddings
22-11-05 08:06:17 - INFO - root: Computing embedding for dev
22-11-05 08:06:17 - INFO - root: Computed dev embeddings
22-11-05 08:06:17 - INFO - root: Computing embedding for test
22-11-05 08:06:18 - INFO - root: Computed test embeddings
22-11-05 08:06:18 - INFO - root: Training pytorch-MLP-nhid0-rmsprop-bs128 with standard validation..
22-11-05 08:06:25 - INFO - root: [('reg:1e-05', 40.05), ('reg:0.0001', 40.51), ('reg:0.001', 40.33), ('reg:0.01', 40.87)]
22-11-05 08:06:25 - INFO - root: Validation : best param found is reg = 0.01 with score             40.87
22-11-05 08:06:25 - INFO - root: Evaluating...
22-11-05 08:06:28 - INFO - root: ***** Transfer task : TREC *****


22-11-05 08:06:30 - INFO - root: Computed train embeddings
22-11-05 08:06:30 - INFO - root: Computed test embeddings
22-11-05 08:06:30 - INFO - root: Training pytorch-MLP-nhid0-rmsprop-bs128 with 5-fold cross-validation
22-11-05 08:06:47 - INFO - root: [('reg:1e-05', 71.5), ('reg:0.0001', 71.4), ('reg:0.001', 71.17), ('reg:0.01', 68.73)]
22-11-05 08:06:47 - INFO - root: Cross-validation : best param found is reg = 1e-05             with score 71.5
22-11-05 08:06:47 - INFO - root: Evaluating...
22-11-05 08:06:48 - INFO - root: ***** Transfer task : MRPC *****


22-11-05 08:06:48 - INFO - root: Computing embedding for train
22-11-05 08:06:51 - INFO - root: Computed train embeddings
22-11-05 08:06:51 - INFO - root: Computing embedding for test
22-11-05 08:06:53 - INFO - root: Computed test embeddings
22-11-05 08:06:53 - INFO - root: Training pytorch-MLP-nhid0-rmsprop-bs128 with 5-fold cross-validation
22-11-05 08:07:06 - INFO - root: [('reg:1e-05', 73.06), ('reg:0.0001', 72.96), ('reg:0.001', 72.79), ('reg:0.01', 73.31)]
22-11-05 08:07:06 - INFO - root: Cross-validation : best param found is reg = 0.01             with score 73.31
22-11-05 08:07:06 - INFO - root: Evaluating...
