22-11-13 04:18:55 - INFO - __main__: Laser model is loaded.
22-11-13 04:18:56 - INFO - __main__: Num of Laser features: 1024
22-11-13 04:18:57 - INFO - root: Generating sentence embeddings
22-11-13 04:19:01 - INFO - root: Generated sentence embeddings
22-11-13 04:19:01 - INFO - root: Training pytorch-MLP-nhid0-rmsprop-bs128 with (inner) 5-fold cross-validation
22-11-13 04:19:25 - INFO - root: Best param found at split 1: l2reg = 0.01                 with score 63.33
22-11-13 04:19:52 - INFO - root: Best param found at split 2: l2reg = 1e-05                 with score 61.59
22-11-13 04:20:21 - INFO - root: Best param found at split 3: l2reg = 0.001                 with score 62.8
22-11-13 04:20:51 - INFO - root: Best param found at split 4: l2reg = 0.0001                 with score 63.12
22-11-13 04:21:23 - INFO - root: Best param found at split 5: l2reg = 0.001                 with score 64.27
22-11-13 04:21:25 - INFO - root: Generating sentence embeddings
22-11-13 04:21:26 - INFO - root: Generated sentence embeddings
22-11-13 04:21:26 - INFO - root: Training pytorch-MLP-nhid0-rmsprop-bs128 with (inner) 5-fold cross-validation
22-11-13 04:21:38 - INFO - root: Best param found at split 1: l2reg = 1e-05                 with score 73.61
22-11-13 04:21:49 - INFO - root: Best param found at split 2: l2reg = 1e-05                 with score 72.81
22-11-13 04:22:00 - INFO - root: Best param found at split 3: l2reg = 0.01                 with score 73.61
22-11-13 04:22:12 - INFO - root: Best param found at split 4: l2reg = 0.0001                 with score 73.44
22-11-13 04:22:24 - INFO - root: Best param found at split 5: l2reg = 0.01                 with score 73.01
22-11-13 04:22:25 - INFO - root: Generating sentence embeddings
22-11-13 04:22:30 - INFO - root: Generated sentence embeddings
22-11-13 04:22:30 - INFO - root: Training pytorch-MLP-nhid0-rmsprop-bs128 with (inner) 5-fold cross-validation
22-11-13 04:22:56 - INFO - root: Best param found at split 1: l2reg = 0.0001                 with score 83.98
22-11-13 04:23:23 - INFO - root: Best param found at split 2: l2reg = 1e-05                 with score 83.19
22-11-13 04:23:51 - INFO - root: Best param found at split 3: l2reg = 0.0001                 with score 83.09
22-11-13 04:24:19 - INFO - root: Best param found at split 4: l2reg = 0.01                 with score 82.96
22-11-13 04:24:46 - INFO - root: Best param found at split 5: l2reg = 0.01                 with score 83.15
22-11-13 04:24:48 - INFO - root: Generating sentence embeddings
22-11-13 04:24:50 - INFO - root: Generated sentence embeddings
22-11-13 04:24:50 - INFO - root: Training pytorch-MLP-nhid0-rmsprop-bs128 with (inner) 5-fold cross-validation
22-11-13 04:25:18 - INFO - root: Best param found at split 1: l2reg = 0.001                 with score 84.72
22-11-13 04:25:42 - INFO - root: Best param found at split 2: l2reg = 0.0001                 with score 83.45
22-11-13 04:26:08 - INFO - root: Best param found at split 3: l2reg = 0.01                 with score 84.29
22-11-13 04:26:40 - INFO - root: Best param found at split 4: l2reg = 0.01                 with score 83.71
22-11-13 04:27:09 - INFO - root: Best param found at split 5: l2reg = 0.01                 with score 84.1
22-11-13 04:27:11 - INFO - root: Computing embedding for train
22-11-13 04:27:14 - INFO - root: Computed train embeddings
22-11-13 04:27:14 - INFO - root: Computing embedding for dev
22-11-13 04:27:15 - INFO - root: Computed dev embeddings
22-11-13 04:27:15 - INFO - root: Computing embedding for test
22-11-13 04:27:16 - INFO - root: Computed test embeddings
22-11-13 04:27:16 - INFO - root: Training pytorch-MLP-nhid0-rmsprop-bs128 with standard validation..
22-11-13 04:27:22 - INFO - root: [('reg:1e-05', 33.88), ('reg:0.0001', 32.24), ('reg:0.001', 32.06), ('reg:0.01', 34.15)]
22-11-13 04:27:22 - INFO - root: Validation : best param found is reg = 0.01 with score             34.15
22-11-13 04:27:22 - INFO - root: Evaluating...
22-11-13 04:27:24 - INFO - root: ***** Transfer task : TREC *****


22-11-13 04:27:26 - INFO - root: Computed train embeddings
22-11-13 04:27:26 - INFO - root: Computed test embeddings
22-11-13 04:27:26 - INFO - root: Training pytorch-MLP-nhid0-rmsprop-bs128 with 5-fold cross-validation
22-11-13 04:27:40 - INFO - root: [('reg:1e-05', 65.46), ('reg:0.0001', 65.5), ('reg:0.001', 64.97), ('reg:0.01', 61.28)]
22-11-13 04:27:40 - INFO - root: Cross-validation : best param found is reg = 0.0001             with score 65.5
22-11-13 04:27:40 - INFO - root: Evaluating...
22-11-13 04:27:41 - INFO - root: ***** Transfer task : MRPC *****


22-11-13 04:27:41 - INFO - root: Computing embedding for train
22-11-13 04:27:45 - INFO - root: Computed train embeddings
22-11-13 04:27:45 - INFO - root: Computing embedding for test
22-11-13 04:27:47 - INFO - root: Computed test embeddings
22-11-13 04:27:47 - INFO - root: Training pytorch-MLP-nhid0-rmsprop-bs128 with 5-fold cross-validation
22-11-13 04:27:54 - INFO - root: [('reg:1e-05', 71.15), ('reg:0.0001', 71.15), ('reg:0.001', 70.63), ('reg:0.01', 71.37)]
22-11-13 04:27:54 - INFO - root: Cross-validation : best param found is reg = 0.01             with score 71.37
22-11-13 04:27:54 - INFO - root: Evaluating...
