22-11-13 07:39:21 - INFO - __main__: Laser model is loaded.
22-11-13 07:39:21 - INFO - __main__: Num of Laser features: 1024
22-11-13 07:39:22 - INFO - root: Generating sentence embeddings
22-11-13 07:39:26 - INFO - root: Generated sentence embeddings
22-11-13 07:39:26 - INFO - root: Training pytorch-MLP-nhid0-rmsprop-bs128 with (inner) 5-fold cross-validation
22-11-13 07:39:56 - INFO - root: Best param found at split 1: l2reg = 0.0001                 with score 64.23
22-11-13 07:40:28 - INFO - root: Best param found at split 2: l2reg = 1e-05                 with score 64.77
22-11-13 07:40:58 - INFO - root: Best param found at split 3: l2reg = 0.0001                 with score 65.59
22-11-13 07:41:27 - INFO - root: Best param found at split 4: l2reg = 1e-05                 with score 64.09
22-11-13 07:41:59 - INFO - root: Best param found at split 5: l2reg = 1e-05                 with score 64.36
22-11-13 07:42:01 - INFO - root: Generating sentence embeddings
22-11-13 07:42:02 - INFO - root: Generated sentence embeddings
22-11-13 07:42:02 - INFO - root: Training pytorch-MLP-nhid0-rmsprop-bs128 with (inner) 5-fold cross-validation
22-11-13 07:42:12 - INFO - root: Best param found at split 1: l2reg = 1e-05                 with score 73.41
22-11-13 07:42:23 - INFO - root: Best param found at split 2: l2reg = 0.0001                 with score 73.74
22-11-13 07:42:33 - INFO - root: Best param found at split 3: l2reg = 0.0001                 with score 73.05
22-11-13 07:42:45 - INFO - root: Best param found at split 4: l2reg = 0.0001                 with score 72.85
22-11-13 07:42:56 - INFO - root: Best param found at split 5: l2reg = 0.0001                 with score 73.74
22-11-13 07:42:57 - INFO - root: Generating sentence embeddings
22-11-13 07:43:01 - INFO - root: Generated sentence embeddings
22-11-13 07:43:01 - INFO - root: Training pytorch-MLP-nhid0-rmsprop-bs128 with (inner) 5-fold cross-validation
22-11-13 07:43:26 - INFO - root: Best param found at split 1: l2reg = 0.0001                 with score 84.5
22-11-13 07:43:53 - INFO - root: Best param found at split 2: l2reg = 0.0001                 with score 85.05
22-11-13 07:44:22 - INFO - root: Best param found at split 3: l2reg = 0.0001                 with score 85.18
22-11-13 07:44:51 - INFO - root: Best param found at split 4: l2reg = 0.001                 with score 84.76
22-11-13 07:45:17 - INFO - root: Best param found at split 5: l2reg = 0.001                 with score 84.4
22-11-13 07:45:19 - INFO - root: Generating sentence embeddings
22-11-13 07:45:21 - INFO - root: Generated sentence embeddings
22-11-13 07:45:21 - INFO - root: Training pytorch-MLP-nhid0-rmsprop-bs128 with (inner) 5-fold cross-validation
22-11-13 07:45:51 - INFO - root: Best param found at split 1: l2reg = 1e-05                 with score 84.97
22-11-13 07:46:19 - INFO - root: Best param found at split 2: l2reg = 1e-05                 with score 84.22
22-11-13 07:46:47 - INFO - root: Best param found at split 3: l2reg = 0.01                 with score 85.22
22-11-13 07:47:17 - INFO - root: Best param found at split 4: l2reg = 0.0001                 with score 85.06
22-11-13 07:47:49 - INFO - root: Best param found at split 5: l2reg = 0.0001                 with score 83.85
22-11-13 07:47:51 - INFO - root: Computing embedding for train
22-11-13 07:47:54 - INFO - root: Computed train embeddings
22-11-13 07:47:54 - INFO - root: Computing embedding for dev
22-11-13 07:47:54 - INFO - root: Computed dev embeddings
22-11-13 07:47:54 - INFO - root: Computing embedding for test
22-11-13 07:47:55 - INFO - root: Computed test embeddings
22-11-13 07:47:55 - INFO - root: Training pytorch-MLP-nhid0-rmsprop-bs128 with standard validation..
22-11-13 07:48:02 - INFO - root: [('reg:1e-05', 33.24), ('reg:0.0001', 33.06), ('reg:0.001', 35.97), ('reg:0.01', 33.42)]
22-11-13 07:48:02 - INFO - root: Validation : best param found is reg = 0.001 with score             35.97
22-11-13 07:48:02 - INFO - root: Evaluating...
22-11-13 07:48:04 - INFO - root: ***** Transfer task : TREC *****


22-11-13 07:48:05 - INFO - root: Computed train embeddings
22-11-13 07:48:06 - INFO - root: Computed test embeddings
22-11-13 07:48:06 - INFO - root: Training pytorch-MLP-nhid0-rmsprop-bs128 with 5-fold cross-validation
22-11-13 07:48:24 - INFO - root: [('reg:1e-05', 67.98), ('reg:0.0001', 68.01), ('reg:0.001', 68.31), ('reg:0.01', 67.92)]
22-11-13 07:48:24 - INFO - root: Cross-validation : best param found is reg = 0.001             with score 68.31
22-11-13 07:48:24 - INFO - root: Evaluating...
22-11-13 07:48:25 - INFO - root: ***** Transfer task : MRPC *****


22-11-13 07:48:25 - INFO - root: Computing embedding for train
22-11-13 07:48:29 - INFO - root: Computed train embeddings
22-11-13 07:48:29 - INFO - root: Computing embedding for test
22-11-13 07:48:31 - INFO - root: Computed test embeddings
22-11-13 07:48:31 - INFO - root: Training pytorch-MLP-nhid0-rmsprop-bs128 with 5-fold cross-validation
22-11-13 07:48:44 - INFO - root: [('reg:1e-05', 72.64), ('reg:0.0001', 72.57), ('reg:0.001', 73.09), ('reg:0.01', 72.08)]
22-11-13 07:48:44 - INFO - root: Cross-validation : best param found is reg = 0.001             with score 73.09
22-11-13 07:48:44 - INFO - root: Evaluating...
