22-11-13 09:19:52 - INFO - __main__: Laser model is loaded.
22-11-13 09:19:52 - INFO - __main__: Num of Laser features: 1024
22-11-13 09:19:53 - INFO - root: Generating sentence embeddings
22-11-13 09:19:57 - INFO - root: Generated sentence embeddings
22-11-13 09:19:57 - INFO - root: Training pytorch-MLP-nhid0-rmsprop-bs128 with (inner) 5-fold cross-validation
22-11-13 09:20:28 - INFO - root: Best param found at split 1: l2reg = 0.0001                 with score 66.03
22-11-13 09:20:59 - INFO - root: Best param found at split 2: l2reg = 0.01                 with score 64.38
22-11-13 09:21:29 - INFO - root: Best param found at split 3: l2reg = 1e-05                 with score 65.7
22-11-13 09:22:00 - INFO - root: Best param found at split 4: l2reg = 0.001                 with score 63.9
22-11-13 09:22:27 - INFO - root: Best param found at split 5: l2reg = 1e-05                 with score 65.28
22-11-13 09:22:29 - INFO - root: Generating sentence embeddings
22-11-13 09:22:30 - INFO - root: Generated sentence embeddings
22-11-13 09:22:30 - INFO - root: Training pytorch-MLP-nhid0-rmsprop-bs128 with (inner) 5-fold cross-validation
22-11-13 09:22:42 - INFO - root: Best param found at split 1: l2reg = 0.001                 with score 74.7
22-11-13 09:22:53 - INFO - root: Best param found at split 2: l2reg = 1e-05                 with score 76.03
22-11-13 09:23:04 - INFO - root: Best param found at split 3: l2reg = 0.01                 with score 75.79
22-11-13 09:23:17 - INFO - root: Best param found at split 4: l2reg = 0.001                 with score 74.97
22-11-13 09:23:28 - INFO - root: Best param found at split 5: l2reg = 0.0001                 with score 73.87
22-11-13 09:23:29 - INFO - root: Generating sentence embeddings
22-11-13 09:23:33 - INFO - root: Generated sentence embeddings
22-11-13 09:23:33 - INFO - root: Training pytorch-MLP-nhid0-rmsprop-bs128 with (inner) 5-fold cross-validation
22-11-13 09:24:00 - INFO - root: Best param found at split 1: l2reg = 0.001                 with score 86.14
22-11-13 09:24:27 - INFO - root: Best param found at split 2: l2reg = 0.0001                 with score 86.4
22-11-13 09:24:59 - INFO - root: Best param found at split 3: l2reg = 0.001                 with score 86.86
22-11-13 09:25:27 - INFO - root: Best param found at split 4: l2reg = 0.001                 with score 86.16
22-11-13 09:25:57 - INFO - root: Best param found at split 5: l2reg = 1e-05                 with score 86.08
22-11-13 09:25:58 - INFO - root: Generating sentence embeddings
22-11-13 09:26:00 - INFO - root: Generated sentence embeddings
22-11-13 09:26:00 - INFO - root: Training pytorch-MLP-nhid0-rmsprop-bs128 with (inner) 5-fold cross-validation
22-11-13 09:26:27 - INFO - root: Best param found at split 1: l2reg = 0.0001                 with score 86.07
22-11-13 09:26:59 - INFO - root: Best param found at split 2: l2reg = 0.01                 with score 85.8
22-11-13 09:27:30 - INFO - root: Best param found at split 3: l2reg = 0.01                 with score 86.18
22-11-13 09:27:58 - INFO - root: Best param found at split 4: l2reg = 0.01                 with score 85.13
22-11-13 09:28:27 - INFO - root: Best param found at split 5: l2reg = 0.01                 with score 84.96
22-11-13 09:28:29 - INFO - root: Computing embedding for train
22-11-13 09:28:33 - INFO - root: Computed train embeddings
22-11-13 09:28:33 - INFO - root: Computing embedding for dev
22-11-13 09:28:33 - INFO - root: Computed dev embeddings
22-11-13 09:28:33 - INFO - root: Computing embedding for test
22-11-13 09:28:34 - INFO - root: Computed test embeddings
22-11-13 09:28:34 - INFO - root: Training pytorch-MLP-nhid0-rmsprop-bs128 with standard validation..
22-11-13 09:28:41 - INFO - root: [('reg:1e-05', 33.79), ('reg:0.0001', 35.33), ('reg:0.001', 35.88), ('reg:0.01', 34.79)]
22-11-13 09:28:41 - INFO - root: Validation : best param found is reg = 0.001 with score             35.88
22-11-13 09:28:41 - INFO - root: Evaluating...
22-11-13 09:28:43 - INFO - root: ***** Transfer task : TREC *****


22-11-13 09:28:45 - INFO - root: Computed train embeddings
22-11-13 09:28:45 - INFO - root: Computed test embeddings
22-11-13 09:28:45 - INFO - root: Training pytorch-MLP-nhid0-rmsprop-bs128 with 5-fold cross-validation
22-11-13 09:29:04 - INFO - root: [('reg:1e-05', 69.3), ('reg:0.0001', 67.98), ('reg:0.001', 68.11), ('reg:0.01', 65.72)]
22-11-13 09:29:04 - INFO - root: Cross-validation : best param found is reg = 1e-05             with score 69.3
22-11-13 09:29:04 - INFO - root: Evaluating...
22-11-13 09:29:05 - INFO - root: ***** Transfer task : MRPC *****


22-11-13 09:29:05 - INFO - root: Computing embedding for train
22-11-13 09:29:09 - INFO - root: Computed train embeddings
22-11-13 09:29:09 - INFO - root: Computing embedding for test
22-11-13 09:29:11 - INFO - root: Computed test embeddings
22-11-13 09:29:11 - INFO - root: Training pytorch-MLP-nhid0-rmsprop-bs128 with 5-fold cross-validation
22-11-13 09:29:24 - INFO - root: [('reg:1e-05', 72.42), ('reg:0.0001', 72.35), ('reg:0.001', 71.62), ('reg:0.01', 72.4)]
22-11-13 09:29:24 - INFO - root: Cross-validation : best param found is reg = 1e-05             with score 72.42
22-11-13 09:29:24 - INFO - root: Evaluating...
