22-11-13 08:12:39 - INFO - __main__: Laser model is loaded.
22-11-13 08:12:40 - INFO - __main__: Num of Laser features: 1024
22-11-13 08:12:41 - INFO - root: Generating sentence embeddings
22-11-13 08:12:45 - INFO - root: Generated sentence embeddings
22-11-13 08:12:45 - INFO - root: Training pytorch-MLP-nhid0-rmsprop-bs128 with (inner) 5-fold cross-validation
22-11-13 08:13:18 - INFO - root: Best param found at split 1: l2reg = 0.001                 with score 67.37
22-11-13 08:13:46 - INFO - root: Best param found at split 2: l2reg = 0.0001                 with score 65.88
22-11-13 08:14:19 - INFO - root: Best param found at split 3: l2reg = 0.001                 with score 66.59
22-11-13 08:14:48 - INFO - root: Best param found at split 4: l2reg = 0.001                 with score 65.46
22-11-13 08:15:17 - INFO - root: Best param found at split 5: l2reg = 0.0001                 with score 64.38
22-11-13 08:15:18 - INFO - root: Generating sentence embeddings
22-11-13 08:15:20 - INFO - root: Generated sentence embeddings
22-11-13 08:15:20 - INFO - root: Training pytorch-MLP-nhid0-rmsprop-bs128 with (inner) 5-fold cross-validation
22-11-13 08:15:30 - INFO - root: Best param found at split 1: l2reg = 1e-05                 with score 75.4
22-11-13 08:15:40 - INFO - root: Best param found at split 2: l2reg = 0.01                 with score 74.64
22-11-13 08:15:52 - INFO - root: Best param found at split 3: l2reg = 1e-05                 with score 75.63
22-11-13 08:16:03 - INFO - root: Best param found at split 4: l2reg = 1e-05                 with score 74.44
22-11-13 08:16:15 - INFO - root: Best param found at split 5: l2reg = 0.001                 with score 75.13
22-11-13 08:16:15 - INFO - root: Generating sentence embeddings
22-11-13 08:16:20 - INFO - root: Generated sentence embeddings
22-11-13 08:16:20 - INFO - root: Training pytorch-MLP-nhid0-rmsprop-bs128 with (inner) 5-fold cross-validation
22-11-13 08:16:44 - INFO - root: Best param found at split 1: l2reg = 0.01                 with score 86.57
22-11-13 08:17:10 - INFO - root: Best param found at split 2: l2reg = 0.001                 with score 86.15
22-11-13 08:17:39 - INFO - root: Best param found at split 3: l2reg = 1e-05                 with score 86.42
22-11-13 08:18:07 - INFO - root: Best param found at split 4: l2reg = 1e-05                 with score 84.55
22-11-13 08:18:36 - INFO - root: Best param found at split 5: l2reg = 0.001                 with score 85.72
22-11-13 08:18:38 - INFO - root: Generating sentence embeddings
22-11-13 08:18:40 - INFO - root: Generated sentence embeddings
22-11-13 08:18:40 - INFO - root: Training pytorch-MLP-nhid0-rmsprop-bs128 with (inner) 5-fold cross-validation
22-11-13 08:19:08 - INFO - root: Best param found at split 1: l2reg = 0.0001                 with score 85.58
22-11-13 08:19:36 - INFO - root: Best param found at split 2: l2reg = 0.0001                 with score 85.21
22-11-13 08:20:07 - INFO - root: Best param found at split 3: l2reg = 0.01                 with score 85.72
22-11-13 08:20:36 - INFO - root: Best param found at split 4: l2reg = 0.01                 with score 85.43
22-11-13 08:21:10 - INFO - root: Best param found at split 5: l2reg = 0.0001                 with score 85.16
22-11-13 08:21:12 - INFO - root: Computing embedding for train
22-11-13 08:21:16 - INFO - root: Computed train embeddings
22-11-13 08:21:16 - INFO - root: Computing embedding for dev
22-11-13 08:21:16 - INFO - root: Computed dev embeddings
22-11-13 08:21:16 - INFO - root: Computing embedding for test
22-11-13 08:21:17 - INFO - root: Computed test embeddings
22-11-13 08:21:17 - INFO - root: Training pytorch-MLP-nhid0-rmsprop-bs128 with standard validation..
22-11-13 08:21:24 - INFO - root: [('reg:1e-05', 34.6), ('reg:0.0001', 35.24), ('reg:0.001', 36.33), ('reg:0.01', 35.42)]
22-11-13 08:21:24 - INFO - root: Validation : best param found is reg = 0.001 with score             36.33
22-11-13 08:21:24 - INFO - root: Evaluating...
22-11-13 08:21:26 - INFO - root: ***** Transfer task : TREC *****


22-11-13 08:21:27 - INFO - root: Computed train embeddings
22-11-13 08:21:27 - INFO - root: Computed test embeddings
22-11-13 08:21:27 - INFO - root: Training pytorch-MLP-nhid0-rmsprop-bs128 with 5-fold cross-validation
22-11-13 08:21:47 - INFO - root: [('reg:1e-05', 71.88), ('reg:0.0001', 73.57), ('reg:0.001', 73.7), ('reg:0.01', 66.2)]
22-11-13 08:21:47 - INFO - root: Cross-validation : best param found is reg = 0.001             with score 73.7
22-11-13 08:21:47 - INFO - root: Evaluating...
22-11-13 08:21:48 - INFO - root: ***** Transfer task : MRPC *****


22-11-13 08:21:48 - INFO - root: Computing embedding for train
22-11-13 08:21:52 - INFO - root: Computed train embeddings
22-11-13 08:21:52 - INFO - root: Computing embedding for test
22-11-13 08:21:54 - INFO - root: Computed test embeddings
22-11-13 08:21:54 - INFO - root: Training pytorch-MLP-nhid0-rmsprop-bs128 with 5-fold cross-validation
22-11-13 08:22:06 - INFO - root: [('reg:1e-05', 72.18), ('reg:0.0001', 71.93), ('reg:0.001', 71.44), ('reg:0.01', 72.01)]
22-11-13 08:22:06 - INFO - root: Cross-validation : best param found is reg = 1e-05             with score 72.18
22-11-13 08:22:06 - INFO - root: Evaluating...
