22-11-13 08:46:22 - INFO - __main__: Laser model is loaded.
22-11-13 08:46:23 - INFO - __main__: Num of Laser features: 1024
22-11-13 08:46:24 - INFO - root: Generating sentence embeddings
22-11-13 08:46:28 - INFO - root: Generated sentence embeddings
22-11-13 08:46:28 - INFO - root: Training pytorch-MLP-nhid0-rmsprop-bs128 with (inner) 5-fold cross-validation
22-11-13 08:46:58 - INFO - root: Best param found at split 1: l2reg = 0.0001                 with score 67.73
22-11-13 08:47:29 - INFO - root: Best param found at split 2: l2reg = 0.001                 with score 66.19
22-11-13 08:47:59 - INFO - root: Best param found at split 3: l2reg = 0.001                 with score 67.84
22-11-13 08:48:30 - INFO - root: Best param found at split 4: l2reg = 0.001                 with score 65.09
22-11-13 08:49:03 - INFO - root: Best param found at split 5: l2reg = 1e-05                 with score 63.87
22-11-13 08:49:04 - INFO - root: Generating sentence embeddings
22-11-13 08:49:06 - INFO - root: Generated sentence embeddings
22-11-13 08:49:06 - INFO - root: Training pytorch-MLP-nhid0-rmsprop-bs128 with (inner) 5-fold cross-validation
22-11-13 08:49:18 - INFO - root: Best param found at split 1: l2reg = 0.001                 with score 76.79
22-11-13 08:49:30 - INFO - root: Best param found at split 2: l2reg = 0.0001                 with score 76.23
22-11-13 08:49:41 - INFO - root: Best param found at split 3: l2reg = 0.01                 with score 75.79
22-11-13 08:49:53 - INFO - root: Best param found at split 4: l2reg = 0.0001                 with score 74.93
22-11-13 08:50:04 - INFO - root: Best param found at split 5: l2reg = 0.0001                 with score 74.87
22-11-13 08:50:05 - INFO - root: Generating sentence embeddings
22-11-13 08:50:10 - INFO - root: Generated sentence embeddings
22-11-13 08:50:10 - INFO - root: Training pytorch-MLP-nhid0-rmsprop-bs128 with (inner) 5-fold cross-validation
22-11-13 08:50:39 - INFO - root: Best param found at split 1: l2reg = 0.001                 with score 86.66
22-11-13 08:51:08 - INFO - root: Best param found at split 2: l2reg = 0.001                 with score 86.19
22-11-13 08:51:37 - INFO - root: Best param found at split 3: l2reg = 0.01                 with score 86.11
22-11-13 08:52:05 - INFO - root: Best param found at split 4: l2reg = 1e-05                 with score 85.71
22-11-13 08:52:35 - INFO - root: Best param found at split 5: l2reg = 0.01                 with score 86.01
22-11-13 08:52:37 - INFO - root: Generating sentence embeddings
22-11-13 08:52:39 - INFO - root: Generated sentence embeddings
22-11-13 08:52:39 - INFO - root: Training pytorch-MLP-nhid0-rmsprop-bs128 with (inner) 5-fold cross-validation
22-11-13 08:53:05 - INFO - root: Best param found at split 1: l2reg = 1e-05                 with score 86.33
22-11-13 08:53:34 - INFO - root: Best param found at split 2: l2reg = 0.01                 with score 85.47
22-11-13 08:54:05 - INFO - root: Best param found at split 3: l2reg = 0.001                 with score 85.81
22-11-13 08:54:36 - INFO - root: Best param found at split 4: l2reg = 0.01                 with score 86.41
22-11-13 08:55:06 - INFO - root: Best param found at split 5: l2reg = 0.0001                 with score 83.72
22-11-13 08:55:08 - INFO - root: Computing embedding for train
22-11-13 08:55:11 - INFO - root: Computed train embeddings
22-11-13 08:55:11 - INFO - root: Computing embedding for dev
22-11-13 08:55:12 - INFO - root: Computed dev embeddings
22-11-13 08:55:12 - INFO - root: Computing embedding for test
22-11-13 08:55:12 - INFO - root: Computed test embeddings
22-11-13 08:55:12 - INFO - root: Training pytorch-MLP-nhid0-rmsprop-bs128 with standard validation..
22-11-13 08:55:19 - INFO - root: [('reg:1e-05', 33.88), ('reg:0.0001', 35.97), ('reg:0.001', 37.69), ('reg:0.01', 35.51)]
22-11-13 08:55:19 - INFO - root: Validation : best param found is reg = 0.001 with score             37.69
22-11-13 08:55:19 - INFO - root: Evaluating...
22-11-13 08:55:22 - INFO - root: ***** Transfer task : TREC *****


22-11-13 08:55:23 - INFO - root: Computed train embeddings
22-11-13 08:55:23 - INFO - root: Computed test embeddings
22-11-13 08:55:23 - INFO - root: Training pytorch-MLP-nhid0-rmsprop-bs128 with 5-fold cross-validation
22-11-13 08:55:40 - INFO - root: [('reg:1e-05', 70.97), ('reg:0.0001', 72.25), ('reg:0.001', 70.36), ('reg:0.01', 66.42)]
22-11-13 08:55:40 - INFO - root: Cross-validation : best param found is reg = 0.0001             with score 72.25
22-11-13 08:55:40 - INFO - root: Evaluating...
22-11-13 08:55:41 - INFO - root: ***** Transfer task : MRPC *****


22-11-13 08:55:41 - INFO - root: Computing embedding for train
22-11-13 08:55:45 - INFO - root: Computed train embeddings
22-11-13 08:55:45 - INFO - root: Computing embedding for test
22-11-13 08:55:47 - INFO - root: Computed test embeddings
22-11-13 08:55:47 - INFO - root: Training pytorch-MLP-nhid0-rmsprop-bs128 with 5-fold cross-validation
22-11-13 08:56:00 - INFO - root: [('reg:1e-05', 70.63), ('reg:0.0001', 70.71), ('reg:0.001', 71.22), ('reg:0.01', 71.71)]
22-11-13 08:56:00 - INFO - root: Cross-validation : best param found is reg = 0.01             with score 71.71
22-11-13 08:56:00 - INFO - root: Evaluating...
