22-11-13 14:48:45 - INFO - __main__: Laser model is loaded.
22-11-13 14:48:45 - INFO - __main__: Num of Laser features: 1024
22-11-13 14:48:46 - INFO - root: Generating sentence embeddings
22-11-13 14:48:51 - INFO - root: Generated sentence embeddings
22-11-13 14:48:51 - INFO - root: Training pytorch-MLP-nhid0-rmsprop-bs128 with (inner) 5-fold cross-validation
22-11-13 14:49:18 - INFO - root: Best param found at split 1: l2reg = 0.01                 with score 65.92
22-11-13 14:49:46 - INFO - root: Best param found at split 2: l2reg = 1e-05                 with score 67.05
22-11-13 14:50:13 - INFO - root: Best param found at split 3: l2reg = 1e-05                 with score 64.5
22-11-13 14:50:40 - INFO - root: Best param found at split 4: l2reg = 1e-05                 with score 65.43
22-11-13 14:51:04 - INFO - root: Best param found at split 5: l2reg = 0.01                 with score 65.22
22-11-13 14:51:06 - INFO - root: Generating sentence embeddings
22-11-13 14:51:07 - INFO - root: Generated sentence embeddings
22-11-13 14:51:07 - INFO - root: Training pytorch-MLP-nhid0-rmsprop-bs128 with (inner) 5-fold cross-validation
22-11-13 14:51:17 - INFO - root: Best param found at split 1: l2reg = 1e-05                 with score 78.31
22-11-13 14:51:28 - INFO - root: Best param found at split 2: l2reg = 0.01                 with score 75.2
22-11-13 14:51:39 - INFO - root: Best param found at split 3: l2reg = 0.0001                 with score 78.15
22-11-13 14:51:50 - INFO - root: Best param found at split 4: l2reg = 0.0001                 with score 76.32
22-11-13 14:52:02 - INFO - root: Best param found at split 5: l2reg = 0.0001                 with score 76.09
22-11-13 14:52:03 - INFO - root: Generating sentence embeddings
22-11-13 14:52:07 - INFO - root: Generated sentence embeddings
22-11-13 14:52:07 - INFO - root: Training pytorch-MLP-nhid0-rmsprop-bs128 with (inner) 5-fold cross-validation
22-11-13 14:52:35 - INFO - root: Best param found at split 1: l2reg = 0.01                 with score 89.11
22-11-13 14:53:04 - INFO - root: Best param found at split 2: l2reg = 1e-05                 with score 89.36
22-11-13 14:53:35 - INFO - root: Best param found at split 3: l2reg = 0.001                 with score 89.02
22-11-13 14:54:07 - INFO - root: Best param found at split 4: l2reg = 0.01                 with score 88.63
22-11-13 14:54:36 - INFO - root: Best param found at split 5: l2reg = 0.01                 with score 88.63
22-11-13 14:54:38 - INFO - root: Generating sentence embeddings
22-11-13 14:54:40 - INFO - root: Generated sentence embeddings
22-11-13 14:54:40 - INFO - root: Training pytorch-MLP-nhid0-rmsprop-bs128 with (inner) 5-fold cross-validation
22-11-13 14:55:09 - INFO - root: Best param found at split 1: l2reg = 0.01                 with score 87.29
22-11-13 14:55:40 - INFO - root: Best param found at split 2: l2reg = 0.001                 with score 86.65
22-11-13 14:56:13 - INFO - root: Best param found at split 3: l2reg = 0.001                 with score 87.01
22-11-13 14:56:41 - INFO - root: Best param found at split 4: l2reg = 0.01                 with score 87.25
22-11-13 14:57:11 - INFO - root: Best param found at split 5: l2reg = 0.01                 with score 86.84
22-11-13 14:57:12 - INFO - root: Computing embedding for train
22-11-13 14:57:15 - INFO - root: Computed train embeddings
22-11-13 14:57:15 - INFO - root: Computing embedding for dev
22-11-13 14:57:15 - INFO - root: Computed dev embeddings
22-11-13 14:57:15 - INFO - root: Computing embedding for test
22-11-13 14:57:16 - INFO - root: Computed test embeddings
22-11-13 14:57:16 - INFO - root: Training pytorch-MLP-nhid0-rmsprop-bs128 with standard validation..
22-11-13 14:57:20 - INFO - root: [('reg:1e-05', 35.6), ('reg:0.0001', 36.42), ('reg:0.001', 36.33), ('reg:0.01', 35.42)]
22-11-13 14:57:20 - INFO - root: Validation : best param found is reg = 0.0001 with score             36.42
22-11-13 14:57:20 - INFO - root: Evaluating...
22-11-13 14:57:22 - INFO - root: ***** Transfer task : TREC *****


22-11-13 14:57:23 - INFO - root: Computed train embeddings
22-11-13 14:57:23 - INFO - root: Computed test embeddings
22-11-13 14:57:23 - INFO - root: Training pytorch-MLP-nhid0-rmsprop-bs128 with 5-fold cross-validation
22-11-13 14:57:34 - INFO - root: [('reg:1e-05', 71.22), ('reg:0.0001', 69.26), ('reg:0.001', 74.01), ('reg:0.01', 70.67)]
22-11-13 14:57:34 - INFO - root: Cross-validation : best param found is reg = 0.001             with score 74.01
22-11-13 14:57:34 - INFO - root: Evaluating...
22-11-13 14:57:35 - INFO - root: ***** Transfer task : MRPC *****


22-11-13 14:57:35 - INFO - root: Computing embedding for train
22-11-13 14:57:39 - INFO - root: Computed train embeddings
22-11-13 14:57:39 - INFO - root: Computing embedding for test
22-11-13 14:57:41 - INFO - root: Computed test embeddings
22-11-13 14:57:41 - INFO - root: Training pytorch-MLP-nhid0-rmsprop-bs128 with 5-fold cross-validation
22-11-13 14:57:52 - INFO - root: [('reg:1e-05', 73.87), ('reg:0.0001', 74.17), ('reg:0.001', 73.6), ('reg:0.01', 74.24)]
22-11-13 14:57:52 - INFO - root: Cross-validation : best param found is reg = 0.01             with score 74.24
22-11-13 14:57:52 - INFO - root: Evaluating...
