22-11-13 03:12:48 - INFO - __main__: Laser model is loaded.
22-11-13 03:12:49 - INFO - __main__: Num of Laser features: 1024
22-11-13 03:12:50 - INFO - root: Generating sentence embeddings
22-11-13 03:12:54 - INFO - root: Generated sentence embeddings
22-11-13 03:12:54 - INFO - root: Training pytorch-MLP-nhid0-rmsprop-bs128 with (inner) 5-fold cross-validation
22-11-13 03:13:23 - INFO - root: Best param found at split 1: l2reg = 0.01                 with score 65.03
22-11-13 03:13:51 - INFO - root: Best param found at split 2: l2reg = 0.0001                 with score 63.29
22-11-13 03:14:26 - INFO - root: Best param found at split 3: l2reg = 0.001                 with score 64.61
22-11-13 03:14:57 - INFO - root: Best param found at split 4: l2reg = 1e-05                 with score 64.75
22-11-13 03:15:27 - INFO - root: Best param found at split 5: l2reg = 1e-05                 with score 63.89
22-11-13 03:15:29 - INFO - root: Generating sentence embeddings
22-11-13 03:15:31 - INFO - root: Generated sentence embeddings
22-11-13 03:15:31 - INFO - root: Training pytorch-MLP-nhid0-rmsprop-bs128 with (inner) 5-fold cross-validation
22-11-13 03:15:41 - INFO - root: Best param found at split 1: l2reg = 0.01                 with score 73.18
22-11-13 03:15:53 - INFO - root: Best param found at split 2: l2reg = 0.01                 with score 72.81
22-11-13 03:16:04 - INFO - root: Best param found at split 3: l2reg = 0.001                 with score 73.05
22-11-13 03:16:16 - INFO - root: Best param found at split 4: l2reg = 1e-05                 with score 73.01
22-11-13 03:16:28 - INFO - root: Best param found at split 5: l2reg = 0.001                 with score 71.49
22-11-13 03:16:30 - INFO - root: Generating sentence embeddings
22-11-13 03:16:34 - INFO - root: Generated sentence embeddings
22-11-13 03:16:34 - INFO - root: Training pytorch-MLP-nhid0-rmsprop-bs128 with (inner) 5-fold cross-validation
22-11-13 03:17:01 - INFO - root: Best param found at split 1: l2reg = 0.001                 with score 82.74
22-11-13 03:17:30 - INFO - root: Best param found at split 2: l2reg = 0.01                 with score 83.14
22-11-13 03:17:59 - INFO - root: Best param found at split 3: l2reg = 0.001                 with score 82.65
22-11-13 03:18:27 - INFO - root: Best param found at split 4: l2reg = 0.01                 with score 82.78
22-11-13 03:18:54 - INFO - root: Best param found at split 5: l2reg = 1e-05                 with score 82.19
22-11-13 03:18:56 - INFO - root: Generating sentence embeddings
22-11-13 03:18:57 - INFO - root: Generated sentence embeddings
22-11-13 03:18:57 - INFO - root: Training pytorch-MLP-nhid0-rmsprop-bs128 with (inner) 5-fold cross-validation
22-11-13 03:19:25 - INFO - root: Best param found at split 1: l2reg = 0.001                 with score 83.98
22-11-13 03:19:53 - INFO - root: Best param found at split 2: l2reg = 0.001                 with score 83.78
22-11-13 03:20:22 - INFO - root: Best param found at split 3: l2reg = 0.0001                 with score 84.04
22-11-13 03:20:52 - INFO - root: Best param found at split 4: l2reg = 0.01                 with score 84.42
22-11-13 03:21:21 - INFO - root: Best param found at split 5: l2reg = 1e-05                 with score 83.29
22-11-13 03:21:22 - INFO - root: Computing embedding for train
22-11-13 03:21:25 - INFO - root: Computed train embeddings
22-11-13 03:21:25 - INFO - root: Computing embedding for dev
22-11-13 03:21:26 - INFO - root: Computed dev embeddings
22-11-13 03:21:26 - INFO - root: Computing embedding for test
22-11-13 03:21:27 - INFO - root: Computed test embeddings
22-11-13 03:21:27 - INFO - root: Training pytorch-MLP-nhid0-rmsprop-bs128 with standard validation..
22-11-13 03:21:34 - INFO - root: [('reg:1e-05', 33.51), ('reg:0.0001', 34.97), ('reg:0.001', 32.33), ('reg:0.01', 31.06)]
22-11-13 03:21:34 - INFO - root: Validation : best param found is reg = 0.0001 with score             34.97
22-11-13 03:21:34 - INFO - root: Evaluating...
22-11-13 03:21:36 - INFO - root: ***** Transfer task : TREC *****


22-11-13 03:21:38 - INFO - root: Computed train embeddings
22-11-13 03:21:38 - INFO - root: Computed test embeddings
22-11-13 03:21:38 - INFO - root: Training pytorch-MLP-nhid0-rmsprop-bs128 with 5-fold cross-validation
22-11-13 03:21:59 - INFO - root: [('reg:1e-05', 67.53), ('reg:0.0001', 67.66), ('reg:0.001', 67.63), ('reg:0.01', 63.31)]
22-11-13 03:21:59 - INFO - root: Cross-validation : best param found is reg = 0.0001             with score 67.66
22-11-13 03:21:59 - INFO - root: Evaluating...
22-11-13 03:22:00 - INFO - root: ***** Transfer task : MRPC *****


22-11-13 03:22:00 - INFO - root: Computing embedding for train
22-11-13 03:22:04 - INFO - root: Computed train embeddings
22-11-13 03:22:04 - INFO - root: Computing embedding for test
22-11-13 03:22:05 - INFO - root: Computed test embeddings
22-11-13 03:22:05 - INFO - root: Training pytorch-MLP-nhid0-rmsprop-bs128 with 5-fold cross-validation
22-11-13 03:22:19 - INFO - root: [('reg:1e-05', 71.49), ('reg:0.0001', 71.42), ('reg:0.001', 71.39), ('reg:0.01', 73.11)]
22-11-13 03:22:19 - INFO - root: Cross-validation : best param found is reg = 0.01             with score 73.11
22-11-13 03:22:19 - INFO - root: Evaluating...
