22-11-13 00:59:16 - INFO - __main__: Laser model is loaded.
22-11-13 00:59:17 - INFO - __main__: Num of Laser features: 1024
22-11-13 00:59:18 - INFO - root: Generating sentence embeddings
22-11-13 00:59:22 - INFO - root: Generated sentence embeddings
22-11-13 00:59:22 - INFO - root: Training pytorch-MLP-nhid0-rmsprop-bs128 with (inner) 5-fold cross-validation
22-11-13 00:59:50 - INFO - root: Best param found at split 1: l2reg = 1e-05                 with score 63.62
22-11-13 01:00:21 - INFO - root: Best param found at split 2: l2reg = 0.001                 with score 63.4
22-11-13 01:00:50 - INFO - root: Best param found at split 3: l2reg = 0.01                 with score 63.82
22-11-13 01:01:21 - INFO - root: Best param found at split 4: l2reg = 0.01                 with score 63.46
22-11-13 01:01:53 - INFO - root: Best param found at split 5: l2reg = 0.01                 with score 63.63
22-11-13 01:01:54 - INFO - root: Generating sentence embeddings
22-11-13 01:01:56 - INFO - root: Generated sentence embeddings
22-11-13 01:01:56 - INFO - root: Training pytorch-MLP-nhid0-rmsprop-bs128 with (inner) 5-fold cross-validation
22-11-13 01:02:07 - INFO - root: Best param found at split 1: l2reg = 0.001                 with score 70.99
22-11-13 01:02:19 - INFO - root: Best param found at split 2: l2reg = 0.01                 with score 71.89
22-11-13 01:02:30 - INFO - root: Best param found at split 3: l2reg = 0.01                 with score 71.32
22-11-13 01:02:41 - INFO - root: Best param found at split 4: l2reg = 0.001                 with score 71.56
22-11-13 01:02:52 - INFO - root: Best param found at split 5: l2reg = 1e-05                 with score 70.93
22-11-13 01:02:53 - INFO - root: Generating sentence embeddings
22-11-13 01:02:57 - INFO - root: Generated sentence embeddings
22-11-13 01:02:57 - INFO - root: Training pytorch-MLP-nhid0-rmsprop-bs128 with (inner) 5-fold cross-validation
22-11-13 01:03:25 - INFO - root: Best param found at split 1: l2reg = 0.001                 with score 81.89
22-11-13 01:03:52 - INFO - root: Best param found at split 2: l2reg = 0.001                 with score 81.86
22-11-13 01:04:21 - INFO - root: Best param found at split 3: l2reg = 0.001                 with score 81.94
22-11-13 01:04:50 - INFO - root: Best param found at split 4: l2reg = 0.01                 with score 81.74
22-11-13 01:05:20 - INFO - root: Best param found at split 5: l2reg = 1e-05                 with score 81.86
22-11-13 01:05:22 - INFO - root: Generating sentence embeddings
22-11-13 01:05:24 - INFO - root: Generated sentence embeddings
22-11-13 01:05:24 - INFO - root: Training pytorch-MLP-nhid0-rmsprop-bs128 with (inner) 5-fold cross-validation
22-11-13 01:05:50 - INFO - root: Best param found at split 1: l2reg = 0.01                 with score 81.36
22-11-13 01:06:19 - INFO - root: Best param found at split 2: l2reg = 0.01                 with score 79.6
22-11-13 01:06:50 - INFO - root: Best param found at split 3: l2reg = 0.01                 with score 81.84
22-11-13 01:07:22 - INFO - root: Best param found at split 4: l2reg = 0.001                 with score 82.49
22-11-13 01:07:53 - INFO - root: Best param found at split 5: l2reg = 0.0001                 with score 82.38
22-11-13 01:07:55 - INFO - root: Computing embedding for train
22-11-13 01:07:58 - INFO - root: Computed train embeddings
22-11-13 01:07:58 - INFO - root: Computing embedding for dev
22-11-13 01:07:58 - INFO - root: Computed dev embeddings
22-11-13 01:07:58 - INFO - root: Computing embedding for test
22-11-13 01:07:59 - INFO - root: Computed test embeddings
22-11-13 01:07:59 - INFO - root: Training pytorch-MLP-nhid0-rmsprop-bs128 with standard validation..
22-11-13 01:08:06 - INFO - root: [('reg:1e-05', 33.33), ('reg:0.0001', 33.33), ('reg:0.001', 33.33), ('reg:0.01', 32.97)]
22-11-13 01:08:06 - INFO - root: Validation : best param found is reg = 1e-05 with score             33.33
22-11-13 01:08:06 - INFO - root: Evaluating...
22-11-13 01:08:08 - INFO - root: ***** Transfer task : TREC *****


22-11-13 01:08:09 - INFO - root: Computed train embeddings
22-11-13 01:08:09 - INFO - root: Computed test embeddings
22-11-13 01:08:09 - INFO - root: Training pytorch-MLP-nhid0-rmsprop-bs128 with 5-fold cross-validation
22-11-13 01:08:26 - INFO - root: [('reg:1e-05', 63.5), ('reg:0.0001', 63.7), ('reg:0.001', 63.98), ('reg:0.01', 62.45)]
22-11-13 01:08:26 - INFO - root: Cross-validation : best param found is reg = 0.001             with score 63.98
22-11-13 01:08:26 - INFO - root: Evaluating...
22-11-13 01:08:27 - INFO - root: ***** Transfer task : MRPC *****


22-11-13 01:08:27 - INFO - root: Computing embedding for train
22-11-13 01:08:31 - INFO - root: Computed train embeddings
22-11-13 01:08:31 - INFO - root: Computing embedding for test
22-11-13 01:08:33 - INFO - root: Computed test embeddings
22-11-13 01:08:33 - INFO - root: Training pytorch-MLP-nhid0-rmsprop-bs128 with 5-fold cross-validation
22-11-13 01:08:46 - INFO - root: [('reg:1e-05', 72.28), ('reg:0.0001', 72.37), ('reg:0.001', 72.37), ('reg:0.01', 72.47)]
22-11-13 01:08:46 - INFO - root: Cross-validation : best param found is reg = 0.01             with score 72.47
22-11-13 01:08:46 - INFO - root: Evaluating...
