22-11-13 17:27:58 - INFO - __main__: Laser model is loaded.
22-11-13 17:27:58 - INFO - __main__: Num of Laser features: 1024
22-11-13 17:27:59 - INFO - root: Generating sentence embeddings
22-11-13 17:28:03 - INFO - root: Generated sentence embeddings
22-11-13 17:28:03 - INFO - root: Training pytorch-MLP-nhid0-rmsprop-bs128 with (inner) 5-fold cross-validation
22-11-13 17:28:31 - INFO - root: Best param found at split 1: l2reg = 0.0001                 with score 66.06
22-11-13 17:29:00 - INFO - root: Best param found at split 2: l2reg = 1e-05                 with score 67.28
22-11-13 17:29:29 - INFO - root: Best param found at split 3: l2reg = 0.001                 with score 66.53
22-11-13 17:30:04 - INFO - root: Best param found at split 4: l2reg = 1e-05                 with score 67.69
22-11-13 17:30:32 - INFO - root: Best param found at split 5: l2reg = 0.0001                 with score 66.42
22-11-13 17:30:33 - INFO - root: Generating sentence embeddings
22-11-13 17:30:35 - INFO - root: Generated sentence embeddings
22-11-13 17:30:35 - INFO - root: Training pytorch-MLP-nhid0-rmsprop-bs128 with (inner) 5-fold cross-validation
22-11-13 17:30:45 - INFO - root: Best param found at split 1: l2reg = 0.01                 with score 78.41
22-11-13 17:30:56 - INFO - root: Best param found at split 2: l2reg = 0.0001                 with score 76.59
22-11-13 17:31:08 - INFO - root: Best param found at split 3: l2reg = 0.0001                 with score 77.95
22-11-13 17:31:19 - INFO - root: Best param found at split 4: l2reg = 1e-05                 with score 77.35
22-11-13 17:31:30 - INFO - root: Best param found at split 5: l2reg = 0.001                 with score 76.92
22-11-13 17:31:31 - INFO - root: Generating sentence embeddings
22-11-13 17:31:35 - INFO - root: Generated sentence embeddings
22-11-13 17:31:35 - INFO - root: Training pytorch-MLP-nhid0-rmsprop-bs128 with (inner) 5-fold cross-validation
22-11-13 17:31:59 - INFO - root: Best param found at split 1: l2reg = 0.001                 with score 89.21
22-11-13 17:32:28 - INFO - root: Best param found at split 2: l2reg = 0.01                 with score 88.94
22-11-13 17:33:00 - INFO - root: Best param found at split 3: l2reg = 0.01                 with score 89.68
22-11-13 17:33:30 - INFO - root: Best param found at split 4: l2reg = 0.001                 with score 88.49
22-11-13 17:34:03 - INFO - root: Best param found at split 5: l2reg = 0.01                 with score 89.19
22-11-13 17:34:05 - INFO - root: Generating sentence embeddings
22-11-13 17:34:07 - INFO - root: Generated sentence embeddings
22-11-13 17:34:07 - INFO - root: Training pytorch-MLP-nhid0-rmsprop-bs128 with (inner) 5-fold cross-validation
22-11-13 17:34:36 - INFO - root: Best param found at split 1: l2reg = 0.001                 with score 87.36
22-11-13 17:35:05 - INFO - root: Best param found at split 2: l2reg = 1e-05                 with score 86.25
22-11-13 17:35:37 - INFO - root: Best param found at split 3: l2reg = 1e-05                 with score 87.53
22-11-13 17:36:05 - INFO - root: Best param found at split 4: l2reg = 1e-05                 with score 87.19
22-11-13 17:36:35 - INFO - root: Best param found at split 5: l2reg = 0.0001                 with score 86.82
22-11-13 17:36:36 - INFO - root: Computing embedding for train
22-11-13 17:36:40 - INFO - root: Computed train embeddings
22-11-13 17:36:40 - INFO - root: Computing embedding for dev
22-11-13 17:36:40 - INFO - root: Computed dev embeddings
22-11-13 17:36:40 - INFO - root: Computing embedding for test
22-11-13 17:36:41 - INFO - root: Computed test embeddings
22-11-13 17:36:41 - INFO - root: Training pytorch-MLP-nhid0-rmsprop-bs128 with standard validation..
22-11-13 17:36:48 - INFO - root: [('reg:1e-05', 35.69), ('reg:0.0001', 36.42), ('reg:0.001', 36.88), ('reg:0.01', 35.06)]
22-11-13 17:36:48 - INFO - root: Validation : best param found is reg = 0.001 with score             36.88
22-11-13 17:36:48 - INFO - root: Evaluating...
22-11-13 17:36:50 - INFO - root: ***** Transfer task : TREC *****


22-11-13 17:36:52 - INFO - root: Computed train embeddings
22-11-13 17:36:52 - INFO - root: Computed test embeddings
22-11-13 17:36:52 - INFO - root: Training pytorch-MLP-nhid0-rmsprop-bs128 with 5-fold cross-validation
22-11-13 17:37:11 - INFO - root: [('reg:1e-05', 75.94), ('reg:0.0001', 76.85), ('reg:0.001', 78.76), ('reg:0.01', 65.74)]
22-11-13 17:37:11 - INFO - root: Cross-validation : best param found is reg = 0.001             with score 78.76
22-11-13 17:37:11 - INFO - root: Evaluating...
22-11-13 17:37:12 - INFO - root: ***** Transfer task : MRPC *****


22-11-13 17:37:12 - INFO - root: Computing embedding for train
22-11-13 17:37:16 - INFO - root: Computed train embeddings
22-11-13 17:37:16 - INFO - root: Computing embedding for test
22-11-13 17:37:18 - INFO - root: Computed test embeddings
22-11-13 17:37:18 - INFO - root: Training pytorch-MLP-nhid0-rmsprop-bs128 with 5-fold cross-validation
22-11-13 17:37:32 - INFO - root: [('reg:1e-05', 74.73), ('reg:0.0001', 73.8), ('reg:0.001', 74.29), ('reg:0.01', 73.5)]
22-11-13 17:37:32 - INFO - root: Cross-validation : best param found is reg = 1e-05             with score 74.73
22-11-13 17:37:32 - INFO - root: Evaluating...
