22-11-13 17:45:45 - INFO - __main__: Laser model is loaded.
22-11-13 17:45:45 - INFO - __main__: Num of Laser features: 1024
22-11-13 17:45:47 - INFO - root: Generating sentence embeddings
22-11-13 17:45:51 - INFO - root: Generated sentence embeddings
22-11-13 17:45:51 - INFO - root: Training pytorch-MLP-nhid0-rmsprop-bs128 with (inner) 5-fold cross-validation
22-11-13 17:46:20 - INFO - root: Best param found at split 1: l2reg = 1e-05                 with score 66.77
22-11-13 17:46:53 - INFO - root: Best param found at split 2: l2reg = 0.001                 with score 67.01
22-11-13 17:47:19 - INFO - root: Best param found at split 3: l2reg = 1e-05                 with score 67.83
22-11-13 17:47:50 - INFO - root: Best param found at split 4: l2reg = 0.001                 with score 66.64
22-11-13 17:48:20 - INFO - root: Best param found at split 5: l2reg = 0.001                 with score 67.22
22-11-13 17:48:21 - INFO - root: Generating sentence embeddings
22-11-13 17:48:23 - INFO - root: Generated sentence embeddings
22-11-13 17:48:23 - INFO - root: Training pytorch-MLP-nhid0-rmsprop-bs128 with (inner) 5-fold cross-validation
22-11-13 17:48:34 - INFO - root: Best param found at split 1: l2reg = 0.0001                 with score 77.02
22-11-13 17:48:46 - INFO - root: Best param found at split 2: l2reg = 0.001                 with score 75.99
22-11-13 17:48:58 - INFO - root: Best param found at split 3: l2reg = 0.0001                 with score 78.54
22-11-13 17:49:10 - INFO - root: Best param found at split 4: l2reg = 1e-05                 with score 78.51
22-11-13 17:49:21 - INFO - root: Best param found at split 5: l2reg = 0.001                 with score 77.75
22-11-13 17:49:21 - INFO - root: Generating sentence embeddings
22-11-13 17:49:26 - INFO - root: Generated sentence embeddings
22-11-13 17:49:26 - INFO - root: Training pytorch-MLP-nhid0-rmsprop-bs128 with (inner) 5-fold cross-validation
22-11-13 17:49:53 - INFO - root: Best param found at split 1: l2reg = 0.001                 with score 89.3
22-11-13 17:50:25 - INFO - root: Best param found at split 2: l2reg = 1e-05                 with score 89.17
22-11-13 17:50:56 - INFO - root: Best param found at split 3: l2reg = 0.001                 with score 89.49
22-11-13 17:51:26 - INFO - root: Best param found at split 4: l2reg = 0.0001                 with score 89.7
22-11-13 17:51:58 - INFO - root: Best param found at split 5: l2reg = 0.01                 with score 89.36
22-11-13 17:51:59 - INFO - root: Generating sentence embeddings
22-11-13 17:52:01 - INFO - root: Generated sentence embeddings
22-11-13 17:52:01 - INFO - root: Training pytorch-MLP-nhid0-rmsprop-bs128 with (inner) 5-fold cross-validation
22-11-13 17:52:29 - INFO - root: Best param found at split 1: l2reg = 1e-05                 with score 86.93
22-11-13 17:52:59 - INFO - root: Best param found at split 2: l2reg = 1e-05                 with score 86.98
22-11-13 17:53:33 - INFO - root: Best param found at split 3: l2reg = 0.0001                 with score 86.82
22-11-13 17:54:03 - INFO - root: Best param found at split 4: l2reg = 1e-05                 with score 87.08
22-11-13 17:54:37 - INFO - root: Best param found at split 5: l2reg = 0.01                 with score 87.12
22-11-13 17:54:39 - INFO - root: Computing embedding for train
22-11-13 17:54:42 - INFO - root: Computed train embeddings
22-11-13 17:54:42 - INFO - root: Computing embedding for dev
22-11-13 17:54:43 - INFO - root: Computed dev embeddings
22-11-13 17:54:43 - INFO - root: Computing embedding for test
22-11-13 17:54:43 - INFO - root: Computed test embeddings
22-11-13 17:54:43 - INFO - root: Training pytorch-MLP-nhid0-rmsprop-bs128 with standard validation..
22-11-13 17:54:51 - INFO - root: [('reg:1e-05', 34.79), ('reg:0.0001', 37.87), ('reg:0.001', 38.24), ('reg:0.01', 37.97)]
22-11-13 17:54:51 - INFO - root: Validation : best param found is reg = 0.001 with score             38.24
22-11-13 17:54:51 - INFO - root: Evaluating...
22-11-13 17:54:52 - INFO - root: ***** Transfer task : TREC *****


22-11-13 17:54:54 - INFO - root: Computed train embeddings
22-11-13 17:54:54 - INFO - root: Computed test embeddings
22-11-13 17:54:54 - INFO - root: Training pytorch-MLP-nhid0-rmsprop-bs128 with 5-fold cross-validation
22-11-13 17:55:13 - INFO - root: [('reg:1e-05', 76.32), ('reg:0.0001', 73.97), ('reg:0.001', 76.25), ('reg:0.01', 71.0)]
22-11-13 17:55:13 - INFO - root: Cross-validation : best param found is reg = 1e-05             with score 76.32
22-11-13 17:55:13 - INFO - root: Evaluating...
22-11-13 17:55:14 - INFO - root: ***** Transfer task : MRPC *****


22-11-13 17:55:14 - INFO - root: Computing embedding for train
22-11-13 17:55:18 - INFO - root: Computed train embeddings
22-11-13 17:55:18 - INFO - root: Computing embedding for test
22-11-13 17:55:20 - INFO - root: Computed test embeddings
22-11-13 17:55:20 - INFO - root: Training pytorch-MLP-nhid0-rmsprop-bs128 with 5-fold cross-validation
22-11-13 17:55:34 - INFO - root: [('reg:1e-05', 72.64), ('reg:0.0001', 74.44), ('reg:0.001', 73.75), ('reg:0.01', 74.26)]
22-11-13 17:55:34 - INFO - root: Cross-validation : best param found is reg = 0.0001             with score 74.44
22-11-13 17:55:34 - INFO - root: Evaluating...
