22-11-13 02:38:22 - INFO - __main__: Laser model is loaded.
22-11-13 02:38:22 - INFO - __main__: Num of Laser features: 1024
22-11-13 02:38:23 - INFO - root: Generating sentence embeddings
22-11-13 02:38:28 - INFO - root: Generated sentence embeddings
22-11-13 02:38:28 - INFO - root: Training pytorch-MLP-nhid0-rmsprop-bs128 with (inner) 5-fold cross-validation
22-11-13 02:38:56 - INFO - root: Best param found at split 1: l2reg = 1e-05                 with score 65.47
22-11-13 02:39:24 - INFO - root: Best param found at split 2: l2reg = 0.001                 with score 64.2
22-11-13 02:39:57 - INFO - root: Best param found at split 3: l2reg = 1e-05                 with score 66.14
22-11-13 02:40:28 - INFO - root: Best param found at split 4: l2reg = 0.001                 with score 65.58
22-11-13 02:41:01 - INFO - root: Best param found at split 5: l2reg = 1e-05                 with score 65.94
22-11-13 02:41:02 - INFO - root: Generating sentence embeddings
22-11-13 02:41:04 - INFO - root: Generated sentence embeddings
22-11-13 02:41:04 - INFO - root: Training pytorch-MLP-nhid0-rmsprop-bs128 with (inner) 5-fold cross-validation
22-11-13 02:41:15 - INFO - root: Best param found at split 1: l2reg = 1e-05                 with score 74.4
22-11-13 02:41:26 - INFO - root: Best param found at split 2: l2reg = 0.0001                 with score 72.95
22-11-13 02:41:38 - INFO - root: Best param found at split 3: l2reg = 1e-05                 with score 74.64
22-11-13 02:41:50 - INFO - root: Best param found at split 4: l2reg = 0.001                 with score 73.48
22-11-13 02:42:02 - INFO - root: Best param found at split 5: l2reg = 1e-05                 with score 73.68
22-11-13 02:42:03 - INFO - root: Generating sentence embeddings
22-11-13 02:42:07 - INFO - root: Generated sentence embeddings
22-11-13 02:42:07 - INFO - root: Training pytorch-MLP-nhid0-rmsprop-bs128 with (inner) 5-fold cross-validation
22-11-13 02:42:34 - INFO - root: Best param found at split 1: l2reg = 0.001                 with score 83.22
22-11-13 02:43:02 - INFO - root: Best param found at split 2: l2reg = 0.001                 with score 83.64
22-11-13 02:43:31 - INFO - root: Best param found at split 3: l2reg = 0.001                 with score 83.76
22-11-13 02:43:58 - INFO - root: Best param found at split 4: l2reg = 1e-05                 with score 83.39
22-11-13 02:44:25 - INFO - root: Best param found at split 5: l2reg = 0.001                 with score 83.4
22-11-13 02:44:26 - INFO - root: Generating sentence embeddings
22-11-13 02:44:28 - INFO - root: Generated sentence embeddings
22-11-13 02:44:28 - INFO - root: Training pytorch-MLP-nhid0-rmsprop-bs128 with (inner) 5-fold cross-validation
22-11-13 02:44:55 - INFO - root: Best param found at split 1: l2reg = 0.001                 with score 82.47
22-11-13 02:45:25 - INFO - root: Best param found at split 2: l2reg = 1e-05                 with score 83.31
22-11-13 02:45:57 - INFO - root: Best param found at split 3: l2reg = 1e-05                 with score 84.22
22-11-13 02:46:25 - INFO - root: Best param found at split 4: l2reg = 1e-05                 with score 83.76
22-11-13 02:46:53 - INFO - root: Best param found at split 5: l2reg = 1e-05                 with score 83.54
22-11-13 02:46:55 - INFO - root: Computing embedding for train
22-11-13 02:46:58 - INFO - root: Computed train embeddings
22-11-13 02:46:58 - INFO - root: Computing embedding for dev
22-11-13 02:46:58 - INFO - root: Computed dev embeddings
22-11-13 02:46:58 - INFO - root: Computing embedding for test
22-11-13 02:46:59 - INFO - root: Computed test embeddings
22-11-13 02:46:59 - INFO - root: Training pytorch-MLP-nhid0-rmsprop-bs128 with standard validation..
22-11-13 02:47:05 - INFO - root: [('reg:1e-05', 34.7), ('reg:0.0001', 35.24), ('reg:0.001', 33.51), ('reg:0.01', 29.7)]
22-11-13 02:47:05 - INFO - root: Validation : best param found is reg = 0.0001 with score             35.24
22-11-13 02:47:05 - INFO - root: Evaluating...
22-11-13 02:47:07 - INFO - root: ***** Transfer task : TREC *****


22-11-13 02:47:09 - INFO - root: Computed train embeddings
22-11-13 02:47:09 - INFO - root: Computed test embeddings
22-11-13 02:47:09 - INFO - root: Training pytorch-MLP-nhid0-rmsprop-bs128 with 5-fold cross-validation
22-11-13 02:47:28 - INFO - root: [('reg:1e-05', 67.63), ('reg:0.0001', 67.0), ('reg:0.001', 67.09), ('reg:0.01', 64.75)]
22-11-13 02:47:28 - INFO - root: Cross-validation : best param found is reg = 1e-05             with score 67.63
22-11-13 02:47:28 - INFO - root: Evaluating...
22-11-13 02:47:29 - INFO - root: ***** Transfer task : MRPC *****


22-11-13 02:47:29 - INFO - root: Computing embedding for train
22-11-13 02:47:33 - INFO - root: Computed train embeddings
22-11-13 02:47:33 - INFO - root: Computing embedding for test
22-11-13 02:47:34 - INFO - root: Computed test embeddings
22-11-13 02:47:34 - INFO - root: Training pytorch-MLP-nhid0-rmsprop-bs128 with 5-fold cross-validation
22-11-13 02:47:47 - INFO - root: [('reg:1e-05', 72.01), ('reg:0.0001', 72.47), ('reg:0.001', 72.6), ('reg:0.01', 72.77)]
22-11-13 02:47:47 - INFO - root: Cross-validation : best param found is reg = 0.01             with score 72.77
22-11-13 02:47:47 - INFO - root: Evaluating...
