22-11-13 02:56:15 - INFO - __main__: Laser model is loaded.
22-11-13 02:56:15 - INFO - __main__: Num of Laser features: 1024
22-11-13 02:56:16 - INFO - root: Generating sentence embeddings
22-11-13 02:56:20 - INFO - root: Generated sentence embeddings
22-11-13 02:56:20 - INFO - root: Training pytorch-MLP-nhid0-rmsprop-bs128 with (inner) 5-fold cross-validation
22-11-13 02:56:51 - INFO - root: Best param found at split 1: l2reg = 1e-05                 with score 64.02
22-11-13 02:57:25 - INFO - root: Best param found at split 2: l2reg = 0.01                 with score 64.97
22-11-13 02:57:54 - INFO - root: Best param found at split 3: l2reg = 0.001                 with score 64.4
22-11-13 02:58:25 - INFO - root: Best param found at split 4: l2reg = 1e-05                 with score 65.01
22-11-13 02:58:54 - INFO - root: Best param found at split 5: l2reg = 0.0001                 with score 63.34
22-11-13 02:58:55 - INFO - root: Generating sentence embeddings
22-11-13 02:58:57 - INFO - root: Generated sentence embeddings
22-11-13 02:58:57 - INFO - root: Training pytorch-MLP-nhid0-rmsprop-bs128 with (inner) 5-fold cross-validation
22-11-13 02:59:08 - INFO - root: Best param found at split 1: l2reg = 0.0001                 with score 73.68
22-11-13 02:59:19 - INFO - root: Best param found at split 2: l2reg = 1e-05                 with score 73.54
22-11-13 02:59:31 - INFO - root: Best param found at split 3: l2reg = 0.001                 with score 72.88
22-11-13 02:59:43 - INFO - root: Best param found at split 4: l2reg = 0.01                 with score 70.99
22-11-13 02:59:56 - INFO - root: Best param found at split 5: l2reg = 0.0001                 with score 72.35
22-11-13 02:59:56 - INFO - root: Generating sentence embeddings
22-11-13 03:00:01 - INFO - root: Generated sentence embeddings
22-11-13 03:00:01 - INFO - root: Training pytorch-MLP-nhid0-rmsprop-bs128 with (inner) 5-fold cross-validation
22-11-13 03:00:26 - INFO - root: Best param found at split 1: l2reg = 1e-05                 with score 83.46
22-11-13 03:00:52 - INFO - root: Best param found at split 2: l2reg = 0.0001                 with score 83.58
22-11-13 03:01:22 - INFO - root: Best param found at split 3: l2reg = 0.01                 with score 83.48
22-11-13 03:01:49 - INFO - root: Best param found at split 4: l2reg = 0.01                 with score 83.12
22-11-13 03:02:18 - INFO - root: Best param found at split 5: l2reg = 0.01                 with score 83.51
22-11-13 03:02:19 - INFO - root: Generating sentence embeddings
22-11-13 03:02:21 - INFO - root: Generated sentence embeddings
22-11-13 03:02:21 - INFO - root: Training pytorch-MLP-nhid0-rmsprop-bs128 with (inner) 5-fold cross-validation
22-11-13 03:02:49 - INFO - root: Best param found at split 1: l2reg = 0.01                 with score 84.46
22-11-13 03:03:20 - INFO - root: Best param found at split 2: l2reg = 0.001                 with score 83.1
22-11-13 03:03:49 - INFO - root: Best param found at split 3: l2reg = 0.01                 with score 84.24
22-11-13 03:04:20 - INFO - root: Best param found at split 4: l2reg = 0.01                 with score 81.81
22-11-13 03:04:50 - INFO - root: Best param found at split 5: l2reg = 0.001                 with score 84.03
22-11-13 03:04:51 - INFO - root: Computing embedding for train
22-11-13 03:04:54 - INFO - root: Computed train embeddings
22-11-13 03:04:54 - INFO - root: Computing embedding for dev
22-11-13 03:04:55 - INFO - root: Computed dev embeddings
22-11-13 03:04:55 - INFO - root: Computing embedding for test
22-11-13 03:04:56 - INFO - root: Computed test embeddings
22-11-13 03:04:56 - INFO - root: Training pytorch-MLP-nhid0-rmsprop-bs128 with standard validation..
22-11-13 03:05:03 - INFO - root: [('reg:1e-05', 33.42), ('reg:0.0001', 35.06), ('reg:0.001', 32.88), ('reg:0.01', 31.24)]
22-11-13 03:05:03 - INFO - root: Validation : best param found is reg = 0.0001 with score             35.06
22-11-13 03:05:03 - INFO - root: Evaluating...
22-11-13 03:05:05 - INFO - root: ***** Transfer task : TREC *****


22-11-13 03:05:07 - INFO - root: Computed train embeddings
22-11-13 03:05:07 - INFO - root: Computed test embeddings
22-11-13 03:05:07 - INFO - root: Training pytorch-MLP-nhid0-rmsprop-bs128 with 5-fold cross-validation
22-11-13 03:05:25 - INFO - root: [('reg:1e-05', 66.32), ('reg:0.0001', 66.49), ('reg:0.001', 65.88), ('reg:0.01', 63.74)]
22-11-13 03:05:25 - INFO - root: Cross-validation : best param found is reg = 0.0001             with score 66.49
22-11-13 03:05:25 - INFO - root: Evaluating...
22-11-13 03:05:26 - INFO - root: ***** Transfer task : MRPC *****


22-11-13 03:05:26 - INFO - root: Computing embedding for train
22-11-13 03:05:30 - INFO - root: Computed train embeddings
22-11-13 03:05:30 - INFO - root: Computing embedding for test
22-11-13 03:05:31 - INFO - root: Computed test embeddings
22-11-13 03:05:31 - INFO - root: Training pytorch-MLP-nhid0-rmsprop-bs128 with 5-fold cross-validation
22-11-13 03:05:44 - INFO - root: [('reg:1e-05', 71.15), ('reg:0.0001', 70.88), ('reg:0.001', 70.61), ('reg:0.01', 71.3)]
22-11-13 03:05:44 - INFO - root: Cross-validation : best param found is reg = 0.01             with score 71.3
22-11-13 03:05:44 - INFO - root: Evaluating...
