22-11-13 15:23:39 - INFO - __main__: Laser model is loaded.
22-11-13 15:23:39 - INFO - __main__: Num of Laser features: 1024
22-11-13 15:23:40 - INFO - root: Generating sentence embeddings
22-11-13 15:23:44 - INFO - root: Generated sentence embeddings
22-11-13 15:23:44 - INFO - root: Training pytorch-MLP-nhid0-rmsprop-bs128 with (inner) 5-fold cross-validation
22-11-13 15:24:12 - INFO - root: Best param found at split 1: l2reg = 1e-05                 with score 67.33
22-11-13 15:24:40 - INFO - root: Best param found at split 2: l2reg = 1e-05                 with score 67.5
22-11-13 15:25:09 - INFO - root: Best param found at split 3: l2reg = 0.01                 with score 65.16
22-11-13 15:25:41 - INFO - root: Best param found at split 4: l2reg = 1e-05                 with score 67.35
22-11-13 15:26:17 - INFO - root: Best param found at split 5: l2reg = 1e-05                 with score 66.85
22-11-13 15:26:19 - INFO - root: Generating sentence embeddings
22-11-13 15:26:20 - INFO - root: Generated sentence embeddings
22-11-13 15:26:20 - INFO - root: Training pytorch-MLP-nhid0-rmsprop-bs128 with (inner) 5-fold cross-validation
22-11-13 15:26:31 - INFO - root: Best param found at split 1: l2reg = 0.01                 with score 75.76
22-11-13 15:26:42 - INFO - root: Best param found at split 2: l2reg = 0.0001                 with score 76.82
22-11-13 15:26:54 - INFO - root: Best param found at split 3: l2reg = 0.001                 with score 77.95
22-11-13 15:27:04 - INFO - root: Best param found at split 4: l2reg = 0.01                 with score 75.96
22-11-13 15:27:15 - INFO - root: Best param found at split 5: l2reg = 0.001                 with score 75.99
22-11-13 15:27:16 - INFO - root: Generating sentence embeddings
22-11-13 15:27:20 - INFO - root: Generated sentence embeddings
22-11-13 15:27:20 - INFO - root: Training pytorch-MLP-nhid0-rmsprop-bs128 with (inner) 5-fold cross-validation
22-11-13 15:27:49 - INFO - root: Best param found at split 1: l2reg = 0.0001                 with score 88.42
22-11-13 15:28:18 - INFO - root: Best param found at split 2: l2reg = 0.01                 with score 88.55
22-11-13 15:28:45 - INFO - root: Best param found at split 3: l2reg = 0.001                 with score 88.32
22-11-13 15:29:13 - INFO - root: Best param found at split 4: l2reg = 0.001                 with score 88.25
22-11-13 15:29:45 - INFO - root: Best param found at split 5: l2reg = 0.001                 with score 87.66
22-11-13 15:29:46 - INFO - root: Generating sentence embeddings
22-11-13 15:29:48 - INFO - root: Generated sentence embeddings
22-11-13 15:29:48 - INFO - root: Training pytorch-MLP-nhid0-rmsprop-bs128 with (inner) 5-fold cross-validation
22-11-13 15:30:14 - INFO - root: Best param found at split 1: l2reg = 1e-05                 with score 86.88
22-11-13 15:30:44 - INFO - root: Best param found at split 2: l2reg = 0.0001                 with score 86.05
22-11-13 15:31:16 - INFO - root: Best param found at split 3: l2reg = 0.01                 with score 87.44
22-11-13 15:31:46 - INFO - root: Best param found at split 4: l2reg = 0.0001                 with score 86.61
22-11-13 15:32:17 - INFO - root: Best param found at split 5: l2reg = 0.001                 with score 87.21
22-11-13 15:32:19 - INFO - root: Computing embedding for train
22-11-13 15:32:22 - INFO - root: Computed train embeddings
22-11-13 15:32:22 - INFO - root: Computing embedding for dev
22-11-13 15:32:23 - INFO - root: Computed dev embeddings
22-11-13 15:32:23 - INFO - root: Computing embedding for test
22-11-13 15:32:23 - INFO - root: Computed test embeddings
22-11-13 15:32:23 - INFO - root: Training pytorch-MLP-nhid0-rmsprop-bs128 with standard validation..
22-11-13 15:32:31 - INFO - root: [('reg:1e-05', 35.69), ('reg:0.0001', 35.6), ('reg:0.001', 39.42), ('reg:0.01', 37.24)]
22-11-13 15:32:31 - INFO - root: Validation : best param found is reg = 0.001 with score             39.42
22-11-13 15:32:31 - INFO - root: Evaluating...
22-11-13 15:32:33 - INFO - root: ***** Transfer task : TREC *****


22-11-13 15:32:35 - INFO - root: Computed train embeddings
22-11-13 15:32:35 - INFO - root: Computed test embeddings
22-11-13 15:32:35 - INFO - root: Training pytorch-MLP-nhid0-rmsprop-bs128 with 5-fold cross-validation
22-11-13 15:32:54 - INFO - root: [('reg:1e-05', 69.37), ('reg:0.0001', 71.75), ('reg:0.001', 77.15), ('reg:0.01', 66.4)]
22-11-13 15:32:54 - INFO - root: Cross-validation : best param found is reg = 0.001             with score 77.15
22-11-13 15:32:54 - INFO - root: Evaluating...
22-11-13 15:32:55 - INFO - root: ***** Transfer task : MRPC *****


22-11-13 15:32:55 - INFO - root: Computing embedding for train
22-11-13 15:32:59 - INFO - root: Computed train embeddings
22-11-13 15:32:59 - INFO - root: Computing embedding for test
22-11-13 15:33:01 - INFO - root: Computed test embeddings
22-11-13 15:33:01 - INFO - root: Training pytorch-MLP-nhid0-rmsprop-bs128 with 5-fold cross-validation
22-11-13 15:33:13 - INFO - root: [('reg:1e-05', 72.42), ('reg:0.0001', 73.55), ('reg:0.001', 71.88), ('reg:0.01', 73.99)]
22-11-13 15:33:13 - INFO - root: Cross-validation : best param found is reg = 0.01             with score 73.99
22-11-13 15:33:13 - INFO - root: Evaluating...
