22-11-13 06:32:30 - INFO - __main__: Laser model is loaded.
22-11-13 06:32:30 - INFO - __main__: Num of Laser features: 1024
22-11-13 06:32:31 - INFO - root: Generating sentence embeddings
22-11-13 06:32:35 - INFO - root: Generated sentence embeddings
22-11-13 06:32:35 - INFO - root: Training pytorch-MLP-nhid0-rmsprop-bs128 with (inner) 5-fold cross-validation
22-11-13 06:33:00 - INFO - root: Best param found at split 1: l2reg = 1e-05                 with score 62.14
22-11-13 06:33:30 - INFO - root: Best param found at split 2: l2reg = 0.001                 with score 64.88
22-11-13 06:34:02 - INFO - root: Best param found at split 3: l2reg = 0.001                 with score 63.27
22-11-13 06:34:36 - INFO - root: Best param found at split 4: l2reg = 1e-05                 with score 63.21
22-11-13 06:35:07 - INFO - root: Best param found at split 5: l2reg = 0.0001                 with score 63.67
22-11-13 06:35:08 - INFO - root: Generating sentence embeddings
22-11-13 06:35:10 - INFO - root: Generated sentence embeddings
22-11-13 06:35:10 - INFO - root: Training pytorch-MLP-nhid0-rmsprop-bs128 with (inner) 5-fold cross-validation
22-11-13 06:35:20 - INFO - root: Best param found at split 1: l2reg = 0.001                 with score 73.01
22-11-13 06:35:32 - INFO - root: Best param found at split 2: l2reg = 0.0001                 with score 73.38
22-11-13 06:35:43 - INFO - root: Best param found at split 3: l2reg = 0.0001                 with score 73.74
22-11-13 06:35:53 - INFO - root: Best param found at split 4: l2reg = 0.001                 with score 71.95
22-11-13 06:36:05 - INFO - root: Best param found at split 5: l2reg = 0.001                 with score 71.82
22-11-13 06:36:06 - INFO - root: Generating sentence embeddings
22-11-13 06:36:10 - INFO - root: Generated sentence embeddings
22-11-13 06:36:10 - INFO - root: Training pytorch-MLP-nhid0-rmsprop-bs128 with (inner) 5-fold cross-validation
22-11-13 06:36:36 - INFO - root: Best param found at split 1: l2reg = 0.0001                 with score 85.54
22-11-13 06:37:03 - INFO - root: Best param found at split 2: l2reg = 0.001                 with score 85.66
22-11-13 06:37:32 - INFO - root: Best param found at split 3: l2reg = 1e-05                 with score 84.99
22-11-13 06:38:01 - INFO - root: Best param found at split 4: l2reg = 0.01                 with score 85.16
22-11-13 06:38:27 - INFO - root: Best param found at split 5: l2reg = 0.001                 with score 84.66
22-11-13 06:38:28 - INFO - root: Generating sentence embeddings
22-11-13 06:38:30 - INFO - root: Generated sentence embeddings
22-11-13 06:38:30 - INFO - root: Training pytorch-MLP-nhid0-rmsprop-bs128 with (inner) 5-fold cross-validation
22-11-13 06:38:56 - INFO - root: Best param found at split 1: l2reg = 1e-05                 with score 84.21
22-11-13 06:39:25 - INFO - root: Best param found at split 2: l2reg = 1e-05                 with score 83.87
22-11-13 06:39:58 - INFO - root: Best param found at split 3: l2reg = 0.001                 with score 84.93
22-11-13 06:40:28 - INFO - root: Best param found at split 4: l2reg = 1e-05                 with score 84.86
22-11-13 06:40:58 - INFO - root: Best param found at split 5: l2reg = 1e-05                 with score 84.68
22-11-13 06:41:00 - INFO - root: Computing embedding for train
22-11-13 06:41:03 - INFO - root: Computed train embeddings
22-11-13 06:41:03 - INFO - root: Computing embedding for dev
22-11-13 06:41:03 - INFO - root: Computed dev embeddings
22-11-13 06:41:03 - INFO - root: Computing embedding for test
22-11-13 06:41:04 - INFO - root: Computed test embeddings
22-11-13 06:41:04 - INFO - root: Training pytorch-MLP-nhid0-rmsprop-bs128 with standard validation..
22-11-13 06:41:11 - INFO - root: [('reg:1e-05', 34.79), ('reg:0.0001', 32.7), ('reg:0.001', 36.51), ('reg:0.01', 34.33)]
22-11-13 06:41:11 - INFO - root: Validation : best param found is reg = 0.001 with score             36.51
22-11-13 06:41:11 - INFO - root: Evaluating...
22-11-13 06:41:13 - INFO - root: ***** Transfer task : TREC *****


22-11-13 06:41:15 - INFO - root: Computed train embeddings
22-11-13 06:41:15 - INFO - root: Computed test embeddings
22-11-13 06:41:15 - INFO - root: Training pytorch-MLP-nhid0-rmsprop-bs128 with 5-fold cross-validation
22-11-13 06:41:34 - INFO - root: [('reg:1e-05', 64.99), ('reg:0.0001', 65.12), ('reg:0.001', 65.04), ('reg:0.01', 63.74)]
22-11-13 06:41:34 - INFO - root: Cross-validation : best param found is reg = 0.0001             with score 65.12
22-11-13 06:41:34 - INFO - root: Evaluating...
22-11-13 06:41:36 - INFO - root: ***** Transfer task : MRPC *****


22-11-13 06:41:36 - INFO - root: Computing embedding for train
22-11-13 06:41:40 - INFO - root: Computed train embeddings
22-11-13 06:41:40 - INFO - root: Computing embedding for test
22-11-13 06:41:42 - INFO - root: Computed test embeddings
22-11-13 06:41:42 - INFO - root: Training pytorch-MLP-nhid0-rmsprop-bs128 with 5-fold cross-validation
22-11-13 06:41:55 - INFO - root: [('reg:1e-05', 71.59), ('reg:0.0001', 71.49), ('reg:0.001', 71.42), ('reg:0.01', 71.2)]
22-11-13 06:41:55 - INFO - root: Cross-validation : best param found is reg = 1e-05             with score 71.59
22-11-13 06:41:55 - INFO - root: Evaluating...
