22-11-13 09:37:13 - INFO - __main__: Laser model is loaded.
22-11-13 09:37:13 - INFO - __main__: Num of Laser features: 1024
22-11-13 09:37:14 - INFO - root: Generating sentence embeddings
22-11-13 09:37:18 - INFO - root: Generated sentence embeddings
22-11-13 09:37:18 - INFO - root: Training pytorch-MLP-nhid0-rmsprop-bs128 with (inner) 5-fold cross-validation
22-11-13 09:37:46 - INFO - root: Best param found at split 1: l2reg = 0.001                 with score 66.02
22-11-13 09:38:18 - INFO - root: Best param found at split 2: l2reg = 0.001                 with score 65.74
22-11-13 09:38:44 - INFO - root: Best param found at split 3: l2reg = 0.0001                 with score 64.16
22-11-13 09:39:17 - INFO - root: Best param found at split 4: l2reg = 1e-05                 with score 65.06
22-11-13 09:39:54 - INFO - root: Best param found at split 5: l2reg = 1e-05                 with score 65.49
22-11-13 09:39:56 - INFO - root: Generating sentence embeddings
22-11-13 09:39:58 - INFO - root: Generated sentence embeddings
22-11-13 09:39:58 - INFO - root: Training pytorch-MLP-nhid0-rmsprop-bs128 with (inner) 5-fold cross-validation
22-11-13 09:40:09 - INFO - root: Best param found at split 1: l2reg = 0.001                 with score 75.73
22-11-13 09:40:20 - INFO - root: Best param found at split 2: l2reg = 1e-05                 with score 73.44
22-11-13 09:40:32 - INFO - root: Best param found at split 3: l2reg = 0.001                 with score 74.54
22-11-13 09:40:45 - INFO - root: Best param found at split 4: l2reg = 0.01                 with score 75.13
22-11-13 09:40:57 - INFO - root: Best param found at split 5: l2reg = 0.001                 with score 75.83
22-11-13 09:40:58 - INFO - root: Generating sentence embeddings
22-11-13 09:41:03 - INFO - root: Generated sentence embeddings
22-11-13 09:41:03 - INFO - root: Training pytorch-MLP-nhid0-rmsprop-bs128 with (inner) 5-fold cross-validation
22-11-13 09:41:30 - INFO - root: Best param found at split 1: l2reg = 0.001                 with score 86.46
22-11-13 09:41:56 - INFO - root: Best param found at split 2: l2reg = 0.01                 with score 86.9
22-11-13 09:42:26 - INFO - root: Best param found at split 3: l2reg = 0.001                 with score 87.19
22-11-13 09:42:55 - INFO - root: Best param found at split 4: l2reg = 0.01                 with score 86.5
22-11-13 09:43:27 - INFO - root: Best param found at split 5: l2reg = 0.01                 with score 86.42
22-11-13 09:43:29 - INFO - root: Generating sentence embeddings
22-11-13 09:43:31 - INFO - root: Generated sentence embeddings
22-11-13 09:43:31 - INFO - root: Training pytorch-MLP-nhid0-rmsprop-bs128 with (inner) 5-fold cross-validation
22-11-13 09:44:02 - INFO - root: Best param found at split 1: l2reg = 1e-05                 with score 86.62
22-11-13 09:44:27 - INFO - root: Best param found at split 2: l2reg = 1e-05                 with score 85.63
22-11-13 09:44:46 - INFO - root: Best param found at split 3: l2reg = 0.01                 with score 86.29
22-11-13 09:45:05 - INFO - root: Best param found at split 4: l2reg = 0.01                 with score 86.15
22-11-13 09:45:32 - INFO - root: Best param found at split 5: l2reg = 0.001                 with score 85.3
22-11-13 09:45:33 - INFO - root: Computing embedding for train
22-11-13 09:45:37 - INFO - root: Computed train embeddings
22-11-13 09:45:37 - INFO - root: Computing embedding for dev
22-11-13 09:45:37 - INFO - root: Computed dev embeddings
22-11-13 09:45:37 - INFO - root: Computing embedding for test
22-11-13 09:45:38 - INFO - root: Computed test embeddings
22-11-13 09:45:38 - INFO - root: Training pytorch-MLP-nhid0-rmsprop-bs128 with standard validation..
22-11-13 09:45:45 - INFO - root: [('reg:1e-05', 36.06), ('reg:0.0001', 36.06), ('reg:0.001', 33.24), ('reg:0.01', 38.6)]
22-11-13 09:45:45 - INFO - root: Validation : best param found is reg = 0.01 with score             38.6
22-11-13 09:45:45 - INFO - root: Evaluating...
22-11-13 09:45:46 - INFO - root: ***** Transfer task : TREC *****


22-11-13 09:45:48 - INFO - root: Computed train embeddings
22-11-13 09:45:48 - INFO - root: Computed test embeddings
22-11-13 09:45:48 - INFO - root: Training pytorch-MLP-nhid0-rmsprop-bs128 with 5-fold cross-validation
22-11-13 09:46:07 - INFO - root: [('reg:1e-05', 72.8), ('reg:0.0001', 72.01), ('reg:0.001', 72.25), ('reg:0.01', 68.86)]
22-11-13 09:46:07 - INFO - root: Cross-validation : best param found is reg = 1e-05             with score 72.8
22-11-13 09:46:07 - INFO - root: Evaluating...
22-11-13 09:46:08 - INFO - root: ***** Transfer task : MRPC *****


22-11-13 09:46:09 - INFO - root: Computing embedding for train
22-11-13 09:46:13 - INFO - root: Computed train embeddings
22-11-13 09:46:13 - INFO - root: Computing embedding for test
22-11-13 09:46:14 - INFO - root: Computed test embeddings
22-11-13 09:46:14 - INFO - root: Training pytorch-MLP-nhid0-rmsprop-bs128 with 5-fold cross-validation
22-11-13 09:46:27 - INFO - root: [('reg:1e-05', 71.69), ('reg:0.0001', 71.37), ('reg:0.001', 71.64), ('reg:0.01', 71.79)]
22-11-13 09:46:27 - INFO - root: Cross-validation : best param found is reg = 0.01             with score 71.79
22-11-13 09:46:27 - INFO - root: Evaluating...
