22-11-13 12:10:31 - INFO - __main__: Laser model is loaded.
22-11-13 12:10:31 - INFO - __main__: Num of Laser features: 1024
22-11-13 12:10:32 - INFO - root: Generating sentence embeddings
22-11-13 12:10:36 - INFO - root: Generated sentence embeddings
22-11-13 12:10:36 - INFO - root: Training pytorch-MLP-nhid0-rmsprop-bs128 with (inner) 5-fold cross-validation
22-11-13 12:11:04 - INFO - root: Best param found at split 1: l2reg = 0.001                 with score 63.28
22-11-13 12:11:32 - INFO - root: Best param found at split 2: l2reg = 0.001                 with score 66.28
22-11-13 12:12:05 - INFO - root: Best param found at split 3: l2reg = 0.0001                 with score 66.95
22-11-13 12:12:36 - INFO - root: Best param found at split 4: l2reg = 0.001                 with score 67.06
22-11-13 12:13:02 - INFO - root: Best param found at split 5: l2reg = 1e-05                 with score 65.96
22-11-13 12:13:03 - INFO - root: Generating sentence embeddings
22-11-13 12:13:05 - INFO - root: Generated sentence embeddings
22-11-13 12:13:05 - INFO - root: Training pytorch-MLP-nhid0-rmsprop-bs128 with (inner) 5-fold cross-validation
22-11-13 12:13:15 - INFO - root: Best param found at split 1: l2reg = 0.0001                 with score 76.72
22-11-13 12:13:26 - INFO - root: Best param found at split 2: l2reg = 1e-05                 with score 75.17
22-11-13 12:13:38 - INFO - root: Best param found at split 3: l2reg = 0.0001                 with score 76.99
22-11-13 12:13:49 - INFO - root: Best param found at split 4: l2reg = 0.01                 with score 75.73
22-11-13 12:14:01 - INFO - root: Best param found at split 5: l2reg = 1e-05                 with score 76.59
22-11-13 12:14:02 - INFO - root: Generating sentence embeddings
22-11-13 12:14:07 - INFO - root: Generated sentence embeddings
22-11-13 12:14:07 - INFO - root: Training pytorch-MLP-nhid0-rmsprop-bs128 with (inner) 5-fold cross-validation
22-11-13 12:14:34 - INFO - root: Best param found at split 1: l2reg = 0.01                 with score 87.66
22-11-13 12:15:03 - INFO - root: Best param found at split 2: l2reg = 0.0001                 with score 87.82
22-11-13 12:15:34 - INFO - root: Best param found at split 3: l2reg = 0.01                 with score 87.93
22-11-13 12:16:05 - INFO - root: Best param found at split 4: l2reg = 0.01                 with score 87.35
22-11-13 12:16:34 - INFO - root: Best param found at split 5: l2reg = 1e-05                 with score 87.28
22-11-13 12:16:36 - INFO - root: Generating sentence embeddings
22-11-13 12:16:38 - INFO - root: Generated sentence embeddings
22-11-13 12:16:38 - INFO - root: Training pytorch-MLP-nhid0-rmsprop-bs128 with (inner) 5-fold cross-validation
22-11-13 12:17:05 - INFO - root: Best param found at split 1: l2reg = 0.0001                 with score 86.78
22-11-13 12:17:33 - INFO - root: Best param found at split 2: l2reg = 0.0001                 with score 85.68
22-11-13 12:18:07 - INFO - root: Best param found at split 3: l2reg = 0.01                 with score 86.94
22-11-13 12:18:39 - INFO - root: Best param found at split 4: l2reg = 0.0001                 with score 85.92
22-11-13 12:19:10 - INFO - root: Best param found at split 5: l2reg = 1e-05                 with score 85.94
22-11-13 12:19:12 - INFO - root: Computing embedding for train
22-11-13 12:19:15 - INFO - root: Computed train embeddings
22-11-13 12:19:15 - INFO - root: Computing embedding for dev
22-11-13 12:19:15 - INFO - root: Computed dev embeddings
22-11-13 12:19:15 - INFO - root: Computing embedding for test
22-11-13 12:19:16 - INFO - root: Computed test embeddings
22-11-13 12:19:16 - INFO - root: Training pytorch-MLP-nhid0-rmsprop-bs128 with standard validation..
22-11-13 12:19:23 - INFO - root: [('reg:1e-05', 36.06), ('reg:0.0001', 35.6), ('reg:0.001', 36.24), ('reg:0.01', 33.88)]
22-11-13 12:19:23 - INFO - root: Validation : best param found is reg = 0.001 with score             36.24
22-11-13 12:19:23 - INFO - root: Evaluating...
22-11-13 12:19:25 - INFO - root: ***** Transfer task : TREC *****


22-11-13 12:19:26 - INFO - root: Computed train embeddings
22-11-13 12:19:26 - INFO - root: Computed test embeddings
22-11-13 12:19:26 - INFO - root: Training pytorch-MLP-nhid0-rmsprop-bs128 with 5-fold cross-validation
22-11-13 12:19:46 - INFO - root: [('reg:1e-05', 73.59), ('reg:0.0001', 74.1), ('reg:0.001', 70.12), ('reg:0.01', 67.06)]
22-11-13 12:19:46 - INFO - root: Cross-validation : best param found is reg = 0.0001             with score 74.1
22-11-13 12:19:46 - INFO - root: Evaluating...
22-11-13 12:19:47 - INFO - root: ***** Transfer task : MRPC *****


22-11-13 12:19:47 - INFO - root: Computing embedding for train
22-11-13 12:19:51 - INFO - root: Computed train embeddings
22-11-13 12:19:51 - INFO - root: Computing embedding for test
22-11-13 12:19:53 - INFO - root: Computed test embeddings
22-11-13 12:19:53 - INFO - root: Training pytorch-MLP-nhid0-rmsprop-bs128 with 5-fold cross-validation
22-11-13 12:20:06 - INFO - root: [('reg:1e-05', 72.72), ('reg:0.0001', 72.52), ('reg:0.001', 72.84), ('reg:0.01', 71.52)]
22-11-13 12:20:06 - INFO - root: Cross-validation : best param found is reg = 0.001             with score 72.84
22-11-13 12:20:06 - INFO - root: Evaluating...
