22-11-13 04:35:04 - INFO - __main__: Laser model is loaded.
22-11-13 04:35:05 - INFO - __main__: Num of Laser features: 1024
22-11-13 04:35:06 - INFO - root: Generating sentence embeddings
22-11-13 04:35:10 - INFO - root: Generated sentence embeddings
22-11-13 04:35:10 - INFO - root: Training pytorch-MLP-nhid0-rmsprop-bs128 with (inner) 5-fold cross-validation
22-11-13 04:35:36 - INFO - root: Best param found at split 1: l2reg = 0.0001                 with score 63.91
22-11-13 04:36:04 - INFO - root: Best param found at split 2: l2reg = 1e-05                 with score 64.42
22-11-13 04:36:35 - INFO - root: Best param found at split 3: l2reg = 1e-05                 with score 65.42
22-11-13 04:37:03 - INFO - root: Best param found at split 4: l2reg = 0.0001                 with score 64.48
22-11-13 04:37:21 - INFO - root: Best param found at split 5: l2reg = 0.001                 with score 64.97
22-11-13 04:37:22 - INFO - root: Generating sentence embeddings
22-11-13 04:37:23 - INFO - root: Generated sentence embeddings
22-11-13 04:37:23 - INFO - root: Training pytorch-MLP-nhid0-rmsprop-bs128 with (inner) 5-fold cross-validation
22-11-13 04:37:29 - INFO - root: Best param found at split 1: l2reg = 1e-05                 with score 75.0
22-11-13 04:37:37 - INFO - root: Best param found at split 2: l2reg = 0.01                 with score 74.4
22-11-13 04:37:44 - INFO - root: Best param found at split 3: l2reg = 0.01                 with score 74.3
22-11-13 04:37:51 - INFO - root: Best param found at split 4: l2reg = 0.0001                 with score 74.07
22-11-13 04:38:03 - INFO - root: Best param found at split 5: l2reg = 0.001                 with score 74.3
22-11-13 04:38:03 - INFO - root: Generating sentence embeddings
22-11-13 04:38:08 - INFO - root: Generated sentence embeddings
22-11-13 04:38:08 - INFO - root: Training pytorch-MLP-nhid0-rmsprop-bs128 with (inner) 5-fold cross-validation
22-11-13 04:38:38 - INFO - root: Best param found at split 1: l2reg = 0.001                 with score 84.62
22-11-13 04:39:07 - INFO - root: Best param found at split 2: l2reg = 0.01                 with score 85.15
22-11-13 04:39:36 - INFO - root: Best param found at split 3: l2reg = 0.01                 with score 85.26
22-11-13 04:40:08 - INFO - root: Best param found at split 4: l2reg = 0.01                 with score 84.94
22-11-13 04:40:35 - INFO - root: Best param found at split 5: l2reg = 0.001                 with score 84.72
22-11-13 04:40:36 - INFO - root: Generating sentence embeddings
22-11-13 04:40:38 - INFO - root: Generated sentence embeddings
22-11-13 04:40:38 - INFO - root: Training pytorch-MLP-nhid0-rmsprop-bs128 with (inner) 5-fold cross-validation
22-11-13 04:41:07 - INFO - root: Best param found at split 1: l2reg = 0.01                 with score 84.57
22-11-13 04:41:36 - INFO - root: Best param found at split 2: l2reg = 1e-05                 with score 83.45
22-11-13 04:42:07 - INFO - root: Best param found at split 3: l2reg = 0.01                 with score 84.62
22-11-13 04:42:39 - INFO - root: Best param found at split 4: l2reg = 1e-05                 with score 83.84
22-11-13 04:43:08 - INFO - root: Best param found at split 5: l2reg = 0.01                 with score 82.22
22-11-13 04:43:10 - INFO - root: Computing embedding for train
22-11-13 04:43:13 - INFO - root: Computed train embeddings
22-11-13 04:43:13 - INFO - root: Computing embedding for dev
22-11-13 04:43:13 - INFO - root: Computed dev embeddings
22-11-13 04:43:13 - INFO - root: Computing embedding for test
22-11-13 04:43:14 - INFO - root: Computed test embeddings
22-11-13 04:43:14 - INFO - root: Training pytorch-MLP-nhid0-rmsprop-bs128 with standard validation..
22-11-13 04:43:20 - INFO - root: [('reg:1e-05', 35.15), ('reg:0.0001', 37.24), ('reg:0.001', 33.33), ('reg:0.01', 33.88)]
22-11-13 04:43:20 - INFO - root: Validation : best param found is reg = 0.0001 with score             37.24
22-11-13 04:43:20 - INFO - root: Evaluating...
22-11-13 04:43:22 - INFO - root: ***** Transfer task : TREC *****


22-11-13 04:43:23 - INFO - root: Computed train embeddings
22-11-13 04:43:24 - INFO - root: Computed test embeddings
22-11-13 04:43:24 - INFO - root: Training pytorch-MLP-nhid0-rmsprop-bs128 with 5-fold cross-validation
22-11-13 04:43:41 - INFO - root: [('reg:1e-05', 65.87), ('reg:0.0001', 65.96), ('reg:0.001', 66.21), ('reg:0.01', 64.8)]
22-11-13 04:43:41 - INFO - root: Cross-validation : best param found is reg = 0.001             with score 66.21
22-11-13 04:43:41 - INFO - root: Evaluating...
22-11-13 04:43:42 - INFO - root: ***** Transfer task : MRPC *****


22-11-13 04:43:43 - INFO - root: Computing embedding for train
22-11-13 04:43:46 - INFO - root: Computed train embeddings
22-11-13 04:43:46 - INFO - root: Computing embedding for test
22-11-13 04:43:48 - INFO - root: Computed test embeddings
22-11-13 04:43:48 - INFO - root: Training pytorch-MLP-nhid0-rmsprop-bs128 with 5-fold cross-validation
22-11-13 04:44:01 - INFO - root: [('reg:1e-05', 72.74), ('reg:0.0001', 72.62), ('reg:0.001', 72.87), ('reg:0.01', 72.52)]
22-11-13 04:44:01 - INFO - root: Cross-validation : best param found is reg = 0.001             with score 72.87
22-11-13 04:44:01 - INFO - root: Evaluating...
