22-11-13 04:02:19 - INFO - __main__: Laser model is loaded.
22-11-13 04:02:19 - INFO - __main__: Num of Laser features: 1024
22-11-13 04:02:20 - INFO - root: Generating sentence embeddings
22-11-13 04:02:25 - INFO - root: Generated sentence embeddings
22-11-13 04:02:25 - INFO - root: Training pytorch-MLP-nhid0-rmsprop-bs128 with (inner) 5-fold cross-validation
22-11-13 04:02:51 - INFO - root: Best param found at split 1: l2reg = 1e-05                 with score 62.93
22-11-13 04:03:20 - INFO - root: Best param found at split 2: l2reg = 0.001                 with score 62.98
22-11-13 04:03:55 - INFO - root: Best param found at split 3: l2reg = 0.0001                 with score 63.26
22-11-13 04:04:26 - INFO - root: Best param found at split 4: l2reg = 0.01                 with score 64.06
22-11-13 04:05:01 - INFO - root: Best param found at split 5: l2reg = 0.001                 with score 64.94
22-11-13 04:05:03 - INFO - root: Generating sentence embeddings
22-11-13 04:05:05 - INFO - root: Generated sentence embeddings
22-11-13 04:05:05 - INFO - root: Training pytorch-MLP-nhid0-rmsprop-bs128 with (inner) 5-fold cross-validation
22-11-13 04:05:15 - INFO - root: Best param found at split 1: l2reg = 0.0001                 with score 73.77
22-11-13 04:05:27 - INFO - root: Best param found at split 2: l2reg = 0.01                 with score 72.58
22-11-13 04:05:37 - INFO - root: Best param found at split 3: l2reg = 0.01                 with score 73.21
22-11-13 04:05:50 - INFO - root: Best param found at split 4: l2reg = 0.01                 with score 73.44
22-11-13 04:06:02 - INFO - root: Best param found at split 5: l2reg = 0.001                 with score 72.72
22-11-13 04:06:03 - INFO - root: Generating sentence embeddings
22-11-13 04:06:07 - INFO - root: Generated sentence embeddings
22-11-13 04:06:07 - INFO - root: Training pytorch-MLP-nhid0-rmsprop-bs128 with (inner) 5-fold cross-validation
22-11-13 04:06:33 - INFO - root: Best param found at split 1: l2reg = 0.001                 with score 83.34
22-11-13 04:07:02 - INFO - root: Best param found at split 2: l2reg = 0.0001                 with score 83.94
22-11-13 04:07:30 - INFO - root: Best param found at split 3: l2reg = 0.01                 with score 84.14
22-11-13 04:07:59 - INFO - root: Best param found at split 4: l2reg = 0.01                 with score 83.55
22-11-13 04:08:29 - INFO - root: Best param found at split 5: l2reg = 0.01                 with score 84.14
22-11-13 04:08:30 - INFO - root: Generating sentence embeddings
22-11-13 04:08:32 - INFO - root: Generated sentence embeddings
22-11-13 04:08:32 - INFO - root: Training pytorch-MLP-nhid0-rmsprop-bs128 with (inner) 5-fold cross-validation
22-11-13 04:08:56 - INFO - root: Best param found at split 1: l2reg = 0.001                 with score 81.4
22-11-13 04:09:25 - INFO - root: Best param found at split 2: l2reg = 1e-05                 with score 83.13
22-11-13 04:09:54 - INFO - root: Best param found at split 3: l2reg = 1e-05                 with score 83.63
22-11-13 04:10:25 - INFO - root: Best param found at split 4: l2reg = 0.0001                 with score 83.49
22-11-13 04:10:54 - INFO - root: Best param found at split 5: l2reg = 0.0001                 with score 81.8
22-11-13 04:10:55 - INFO - root: Computing embedding for train
22-11-13 04:10:59 - INFO - root: Computed train embeddings
22-11-13 04:10:59 - INFO - root: Computing embedding for dev
22-11-13 04:10:59 - INFO - root: Computed dev embeddings
22-11-13 04:10:59 - INFO - root: Computing embedding for test
22-11-13 04:11:00 - INFO - root: Computed test embeddings
22-11-13 04:11:00 - INFO - root: Training pytorch-MLP-nhid0-rmsprop-bs128 with standard validation..
22-11-13 04:11:08 - INFO - root: [('reg:1e-05', 34.24), ('reg:0.0001', 34.24), ('reg:0.001', 33.33), ('reg:0.01', 32.7)]
22-11-13 04:11:08 - INFO - root: Validation : best param found is reg = 1e-05 with score             34.24
22-11-13 04:11:08 - INFO - root: Evaluating...
22-11-13 04:11:10 - INFO - root: ***** Transfer task : TREC *****


22-11-13 04:11:12 - INFO - root: Computed train embeddings
22-11-13 04:11:12 - INFO - root: Computed test embeddings
22-11-13 04:11:12 - INFO - root: Training pytorch-MLP-nhid0-rmsprop-bs128 with 5-fold cross-validation
22-11-13 04:11:31 - INFO - root: [('reg:1e-05', 65.68), ('reg:0.0001', 65.92), ('reg:0.001', 65.87), ('reg:0.01', 66.58)]
22-11-13 04:11:31 - INFO - root: Cross-validation : best param found is reg = 0.01             with score 66.58
22-11-13 04:11:31 - INFO - root: Evaluating...
22-11-13 04:11:32 - INFO - root: ***** Transfer task : MRPC *****


22-11-13 04:11:32 - INFO - root: Computing embedding for train
22-11-13 04:11:36 - INFO - root: Computed train embeddings
22-11-13 04:11:36 - INFO - root: Computing embedding for test
22-11-13 04:11:37 - INFO - root: Computed test embeddings
22-11-13 04:11:37 - INFO - root: Training pytorch-MLP-nhid0-rmsprop-bs128 with 5-fold cross-validation
22-11-13 04:11:49 - INFO - root: [('reg:1e-05', 71.74), ('reg:0.0001', 71.42), ('reg:0.001', 71.49), ('reg:0.01', 71.84)]
22-11-13 04:11:49 - INFO - root: Cross-validation : best param found is reg = 0.01             with score 71.84
22-11-13 04:11:49 - INFO - root: Evaluating...
