22-11-13 11:53:42 - INFO - __main__: Laser model is loaded.
22-11-13 11:53:42 - INFO - __main__: Num of Laser features: 1024
22-11-13 11:53:43 - INFO - root: Generating sentence embeddings
22-11-13 11:53:47 - INFO - root: Generated sentence embeddings
22-11-13 11:53:47 - INFO - root: Training pytorch-MLP-nhid0-rmsprop-bs128 with (inner) 5-fold cross-validation
22-11-13 11:54:14 - INFO - root: Best param found at split 1: l2reg = 0.01                 with score 66.03
22-11-13 11:54:47 - INFO - root: Best param found at split 2: l2reg = 1e-05                 with score 66.91
22-11-13 11:55:21 - INFO - root: Best param found at split 3: l2reg = 0.001                 with score 68.24
22-11-13 11:55:50 - INFO - root: Best param found at split 4: l2reg = 1e-05                 with score 65.92
22-11-13 11:56:25 - INFO - root: Best param found at split 5: l2reg = 0.0001                 with score 66.21
22-11-13 11:56:27 - INFO - root: Generating sentence embeddings
22-11-13 11:56:28 - INFO - root: Generated sentence embeddings
22-11-13 11:56:28 - INFO - root: Training pytorch-MLP-nhid0-rmsprop-bs128 with (inner) 5-fold cross-validation
22-11-13 11:56:39 - INFO - root: Best param found at split 1: l2reg = 1e-05                 with score 78.05
22-11-13 11:56:49 - INFO - root: Best param found at split 2: l2reg = 0.0001                 with score 74.97
22-11-13 11:57:00 - INFO - root: Best param found at split 3: l2reg = 0.01                 with score 75.63
22-11-13 11:57:10 - INFO - root: Best param found at split 4: l2reg = 0.001                 with score 75.2
22-11-13 11:57:22 - INFO - root: Best param found at split 5: l2reg = 0.01                 with score 76.13
22-11-13 11:57:23 - INFO - root: Generating sentence embeddings
22-11-13 11:57:27 - INFO - root: Generated sentence embeddings
22-11-13 11:57:27 - INFO - root: Training pytorch-MLP-nhid0-rmsprop-bs128 with (inner) 5-fold cross-validation
22-11-13 11:57:55 - INFO - root: Best param found at split 1: l2reg = 0.01                 with score 88.51
22-11-13 11:58:24 - INFO - root: Best param found at split 2: l2reg = 0.001                 with score 87.54
22-11-13 11:58:53 - INFO - root: Best param found at split 3: l2reg = 1e-05                 with score 87.19
22-11-13 11:59:14 - INFO - root: Best param found at split 4: l2reg = 0.01                 with score 86.78
22-11-13 11:59:32 - INFO - root: Best param found at split 5: l2reg = 0.01                 with score 87.51
22-11-13 11:59:34 - INFO - root: Generating sentence embeddings
22-11-13 11:59:36 - INFO - root: Generated sentence embeddings
22-11-13 11:59:36 - INFO - root: Training pytorch-MLP-nhid0-rmsprop-bs128 with (inner) 5-fold cross-validation
22-11-13 11:59:53 - INFO - root: Best param found at split 1: l2reg = 0.0001                 with score 86.6
22-11-13 12:00:13 - INFO - root: Best param found at split 2: l2reg = 0.001                 with score 85.88
22-11-13 12:00:44 - INFO - root: Best param found at split 3: l2reg = 0.01                 with score 86.52
22-11-13 12:01:12 - INFO - root: Best param found at split 4: l2reg = 0.001                 with score 86.01
22-11-13 12:01:42 - INFO - root: Best param found at split 5: l2reg = 0.01                 with score 85.15
22-11-13 12:01:44 - INFO - root: Computing embedding for train
22-11-13 12:01:47 - INFO - root: Computed train embeddings
22-11-13 12:01:47 - INFO - root: Computing embedding for dev
22-11-13 12:01:47 - INFO - root: Computed dev embeddings
22-11-13 12:01:47 - INFO - root: Computing embedding for test
22-11-13 12:01:48 - INFO - root: Computed test embeddings
22-11-13 12:01:48 - INFO - root: Training pytorch-MLP-nhid0-rmsprop-bs128 with standard validation..
22-11-13 12:01:56 - INFO - root: [('reg:1e-05', 35.33), ('reg:0.0001', 35.79), ('reg:0.001', 31.61), ('reg:0.01', 36.42)]
22-11-13 12:01:56 - INFO - root: Validation : best param found is reg = 0.01 with score             36.42
22-11-13 12:01:56 - INFO - root: Evaluating...
22-11-13 12:01:58 - INFO - root: ***** Transfer task : TREC *****


22-11-13 12:02:00 - INFO - root: Computed train embeddings
22-11-13 12:02:00 - INFO - root: Computed test embeddings
22-11-13 12:02:00 - INFO - root: Training pytorch-MLP-nhid0-rmsprop-bs128 with 5-fold cross-validation
22-11-13 12:02:18 - INFO - root: [('reg:1e-05', 71.2), ('reg:0.0001', 72.65), ('reg:0.001', 72.27), ('reg:0.01', 70.58)]
22-11-13 12:02:18 - INFO - root: Cross-validation : best param found is reg = 0.0001             with score 72.65
22-11-13 12:02:18 - INFO - root: Evaluating...
22-11-13 12:02:19 - INFO - root: ***** Transfer task : MRPC *****


22-11-13 12:02:20 - INFO - root: Computing embedding for train
22-11-13 12:02:24 - INFO - root: Computed train embeddings
22-11-13 12:02:24 - INFO - root: Computing embedding for test
22-11-13 12:02:25 - INFO - root: Computed test embeddings
22-11-13 12:02:25 - INFO - root: Training pytorch-MLP-nhid0-rmsprop-bs128 with 5-fold cross-validation
22-11-13 12:02:38 - INFO - root: [('reg:1e-05', 72.77), ('reg:0.0001', 72.89), ('reg:0.001', 72.62), ('reg:0.01', 72.94)]
22-11-13 12:02:38 - INFO - root: Cross-validation : best param found is reg = 0.01             with score 72.94
22-11-13 12:02:38 - INFO - root: Evaluating...
