22-11-13 07:05:59 - INFO - __main__: Laser model is loaded.
22-11-13 07:05:59 - INFO - __main__: Num of Laser features: 1024
22-11-13 07:06:00 - INFO - root: Generating sentence embeddings
22-11-13 07:06:05 - INFO - root: Generated sentence embeddings
22-11-13 07:06:05 - INFO - root: Training pytorch-MLP-nhid0-rmsprop-bs128 with (inner) 5-fold cross-validation
22-11-13 07:06:34 - INFO - root: Best param found at split 1: l2reg = 1e-05                 with score 66.64
22-11-13 07:06:58 - INFO - root: Best param found at split 2: l2reg = 0.001                 with score 64.24
22-11-13 07:07:28 - INFO - root: Best param found at split 3: l2reg = 1e-05                 with score 63.59
22-11-13 07:08:00 - INFO - root: Best param found at split 4: l2reg = 0.001                 with score 63.52
22-11-13 07:08:29 - INFO - root: Best param found at split 5: l2reg = 0.0001                 with score 65.22
22-11-13 07:08:31 - INFO - root: Generating sentence embeddings
22-11-13 07:08:32 - INFO - root: Generated sentence embeddings
22-11-13 07:08:32 - INFO - root: Training pytorch-MLP-nhid0-rmsprop-bs128 with (inner) 5-fold cross-validation
22-11-13 07:08:44 - INFO - root: Best param found at split 1: l2reg = 0.01                 with score 75.76
22-11-13 07:08:57 - INFO - root: Best param found at split 2: l2reg = 0.01                 with score 75.2
22-11-13 07:09:08 - INFO - root: Best param found at split 3: l2reg = 0.001                 with score 74.7
22-11-13 07:09:19 - INFO - root: Best param found at split 4: l2reg = 0.001                 with score 73.41
22-11-13 07:09:30 - INFO - root: Best param found at split 5: l2reg = 0.0001                 with score 74.47
22-11-13 07:09:31 - INFO - root: Generating sentence embeddings
22-11-13 07:09:35 - INFO - root: Generated sentence embeddings
22-11-13 07:09:35 - INFO - root: Training pytorch-MLP-nhid0-rmsprop-bs128 with (inner) 5-fold cross-validation
22-11-13 07:10:01 - INFO - root: Best param found at split 1: l2reg = 0.01                 with score 85.71
22-11-13 07:10:29 - INFO - root: Best param found at split 2: l2reg = 0.0001                 with score 86.08
22-11-13 07:10:56 - INFO - root: Best param found at split 3: l2reg = 0.001                 with score 86.25
22-11-13 07:11:25 - INFO - root: Best param found at split 4: l2reg = 0.01                 with score 85.59
22-11-13 07:11:52 - INFO - root: Best param found at split 5: l2reg = 0.01                 with score 85.49
22-11-13 07:11:54 - INFO - root: Generating sentence embeddings
22-11-13 07:11:55 - INFO - root: Generated sentence embeddings
22-11-13 07:11:55 - INFO - root: Training pytorch-MLP-nhid0-rmsprop-bs128 with (inner) 5-fold cross-validation
22-11-13 07:12:23 - INFO - root: Best param found at split 1: l2reg = 0.001                 with score 84.77
22-11-13 07:12:53 - INFO - root: Best param found at split 2: l2reg = 0.001                 with score 84.25
22-11-13 07:13:23 - INFO - root: Best param found at split 3: l2reg = 0.01                 with score 84.89
22-11-13 07:13:53 - INFO - root: Best param found at split 4: l2reg = 0.01                 with score 84.28
22-11-13 07:14:25 - INFO - root: Best param found at split 5: l2reg = 0.0001                 with score 84.94
22-11-13 07:14:27 - INFO - root: Computing embedding for train
22-11-13 07:14:30 - INFO - root: Computed train embeddings
22-11-13 07:14:30 - INFO - root: Computing embedding for dev
22-11-13 07:14:31 - INFO - root: Computed dev embeddings
22-11-13 07:14:31 - INFO - root: Computing embedding for test
22-11-13 07:14:31 - INFO - root: Computed test embeddings
22-11-13 07:14:31 - INFO - root: Training pytorch-MLP-nhid0-rmsprop-bs128 with standard validation..
22-11-13 07:14:38 - INFO - root: [('reg:1e-05', 34.97), ('reg:0.0001', 33.61), ('reg:0.001', 36.24), ('reg:0.01', 33.33)]
22-11-13 07:14:38 - INFO - root: Validation : best param found is reg = 0.001 with score             36.24
22-11-13 07:14:38 - INFO - root: Evaluating...
22-11-13 07:14:39 - INFO - root: ***** Transfer task : TREC *****


22-11-13 07:14:41 - INFO - root: Computed train embeddings
22-11-13 07:14:41 - INFO - root: Computed test embeddings
22-11-13 07:14:41 - INFO - root: Training pytorch-MLP-nhid0-rmsprop-bs128 with 5-fold cross-validation
22-11-13 07:15:00 - INFO - root: [('reg:1e-05', 69.31), ('reg:0.0001', 69.81), ('reg:0.001', 68.82), ('reg:0.01', 66.14)]
22-11-13 07:15:00 - INFO - root: Cross-validation : best param found is reg = 0.0001             with score 69.81
22-11-13 07:15:00 - INFO - root: Evaluating...
22-11-13 07:15:01 - INFO - root: ***** Transfer task : MRPC *****


22-11-13 07:15:01 - INFO - root: Computing embedding for train
22-11-13 07:15:05 - INFO - root: Computed train embeddings
22-11-13 07:15:05 - INFO - root: Computing embedding for test
22-11-13 07:15:07 - INFO - root: Computed test embeddings
22-11-13 07:15:07 - INFO - root: Training pytorch-MLP-nhid0-rmsprop-bs128 with 5-fold cross-validation
22-11-13 07:15:19 - INFO - root: [('reg:1e-05', 71.83), ('reg:0.0001', 71.66), ('reg:0.001', 71.66), ('reg:0.01', 72.77)]
22-11-13 07:15:19 - INFO - root: Cross-validation : best param found is reg = 0.01             with score 72.77
22-11-13 07:15:19 - INFO - root: Evaluating...
