22-11-13 03:45:49 - INFO - __main__: Laser model is loaded.
22-11-13 03:45:49 - INFO - __main__: Num of Laser features: 1024
22-11-13 03:45:50 - INFO - root: Generating sentence embeddings
22-11-13 03:45:55 - INFO - root: Generated sentence embeddings
22-11-13 03:45:55 - INFO - root: Training pytorch-MLP-nhid0-rmsprop-bs128 with (inner) 5-fold cross-validation
22-11-13 03:46:23 - INFO - root: Best param found at split 1: l2reg = 0.0001                 with score 63.9
22-11-13 03:46:51 - INFO - root: Best param found at split 2: l2reg = 0.0001                 with score 63.76
22-11-13 03:47:23 - INFO - root: Best param found at split 3: l2reg = 1e-05                 with score 64.02
22-11-13 03:47:54 - INFO - root: Best param found at split 4: l2reg = 0.0001                 with score 63.86
22-11-13 03:48:27 - INFO - root: Best param found at split 5: l2reg = 0.01                 with score 63.61
22-11-13 03:48:28 - INFO - root: Generating sentence embeddings
22-11-13 03:48:30 - INFO - root: Generated sentence embeddings
22-11-13 03:48:30 - INFO - root: Training pytorch-MLP-nhid0-rmsprop-bs128 with (inner) 5-fold cross-validation
22-11-13 03:48:39 - INFO - root: Best param found at split 1: l2reg = 0.01                 with score 72.68
22-11-13 03:48:51 - INFO - root: Best param found at split 2: l2reg = 0.001                 with score 72.02
22-11-13 03:49:03 - INFO - root: Best param found at split 3: l2reg = 0.01                 with score 73.38
22-11-13 03:49:15 - INFO - root: Best param found at split 4: l2reg = 0.0001                 with score 72.35
22-11-13 03:49:26 - INFO - root: Best param found at split 5: l2reg = 0.01                 with score 73.38
22-11-13 03:49:27 - INFO - root: Generating sentence embeddings
22-11-13 03:49:32 - INFO - root: Generated sentence embeddings
22-11-13 03:49:32 - INFO - root: Training pytorch-MLP-nhid0-rmsprop-bs128 with (inner) 5-fold cross-validation
22-11-13 03:49:54 - INFO - root: Best param found at split 1: l2reg = 0.001                 with score 83.3
22-11-13 03:50:23 - INFO - root: Best param found at split 2: l2reg = 0.0001                 with score 83.6
22-11-13 03:50:54 - INFO - root: Best param found at split 3: l2reg = 0.01                 with score 83.8
22-11-13 03:51:22 - INFO - root: Best param found at split 4: l2reg = 0.0001                 with score 83.59
22-11-13 03:51:50 - INFO - root: Best param found at split 5: l2reg = 0.01                 with score 83.19
22-11-13 03:51:51 - INFO - root: Generating sentence embeddings
22-11-13 03:51:53 - INFO - root: Generated sentence embeddings
22-11-13 03:51:53 - INFO - root: Training pytorch-MLP-nhid0-rmsprop-bs128 with (inner) 5-fold cross-validation
22-11-13 03:52:19 - INFO - root: Best param found at split 1: l2reg = 0.01                 with score 84.03
22-11-13 03:52:52 - INFO - root: Best param found at split 2: l2reg = 0.001                 with score 83.84
22-11-13 03:53:22 - INFO - root: Best param found at split 3: l2reg = 0.0001                 with score 84.51
22-11-13 03:53:52 - INFO - root: Best param found at split 4: l2reg = 0.01                 with score 84.49
22-11-13 03:54:23 - INFO - root: Best param found at split 5: l2reg = 1e-05                 with score 82.88
22-11-13 03:54:25 - INFO - root: Computing embedding for train
22-11-13 03:54:28 - INFO - root: Computed train embeddings
22-11-13 03:54:28 - INFO - root: Computing embedding for dev
22-11-13 03:54:28 - INFO - root: Computed dev embeddings
22-11-13 03:54:28 - INFO - root: Computing embedding for test
22-11-13 03:54:29 - INFO - root: Computed test embeddings
22-11-13 03:54:29 - INFO - root: Training pytorch-MLP-nhid0-rmsprop-bs128 with standard validation..
22-11-13 03:54:36 - INFO - root: [('reg:1e-05', 35.06), ('reg:0.0001', 33.06), ('reg:0.001', 34.33), ('reg:0.01', 32.61)]
22-11-13 03:54:36 - INFO - root: Validation : best param found is reg = 1e-05 with score             35.06
22-11-13 03:54:36 - INFO - root: Evaluating...
22-11-13 03:54:37 - INFO - root: ***** Transfer task : TREC *****


22-11-13 03:54:39 - INFO - root: Computed train embeddings
22-11-13 03:54:39 - INFO - root: Computed test embeddings
22-11-13 03:54:39 - INFO - root: Training pytorch-MLP-nhid0-rmsprop-bs128 with 5-fold cross-validation
22-11-13 03:54:57 - INFO - root: [('reg:1e-05', 64.2), ('reg:0.0001', 63.74), ('reg:0.001', 63.61), ('reg:0.01', 62.16)]
22-11-13 03:54:57 - INFO - root: Cross-validation : best param found is reg = 1e-05             with score 64.2
22-11-13 03:54:57 - INFO - root: Evaluating...
22-11-13 03:54:59 - INFO - root: ***** Transfer task : MRPC *****


22-11-13 03:54:59 - INFO - root: Computing embedding for train
22-11-13 03:55:03 - INFO - root: Computed train embeddings
22-11-13 03:55:03 - INFO - root: Computing embedding for test
22-11-13 03:55:04 - INFO - root: Computed test embeddings
22-11-13 03:55:04 - INFO - root: Training pytorch-MLP-nhid0-rmsprop-bs128 with 5-fold cross-validation
22-11-13 03:55:18 - INFO - root: [('reg:1e-05', 70.93), ('reg:0.0001', 71.0), ('reg:0.001', 70.85), ('reg:0.01', 71.42)]
22-11-13 03:55:18 - INFO - root: Cross-validation : best param found is reg = 0.01             with score 71.42
22-11-13 03:55:18 - INFO - root: Evaluating...
