22-11-13 12:45:38 - INFO - __main__: Laser model is loaded.
22-11-13 12:45:39 - INFO - __main__: Num of Laser features: 1024
22-11-13 12:45:40 - INFO - root: Generating sentence embeddings
22-11-13 12:45:44 - INFO - root: Generated sentence embeddings
22-11-13 12:45:44 - INFO - root: Training pytorch-MLP-nhid0-rmsprop-bs128 with (inner) 5-fold cross-validation
22-11-13 12:46:11 - INFO - root: Best param found at split 1: l2reg = 0.001                 with score 64.63
22-11-13 12:46:45 - INFO - root: Best param found at split 2: l2reg = 1e-05                 with score 66.94
22-11-13 12:47:14 - INFO - root: Best param found at split 3: l2reg = 0.001                 with score 67.26
22-11-13 12:47:42 - INFO - root: Best param found at split 4: l2reg = 0.01                 with score 66.12
22-11-13 12:48:16 - INFO - root: Best param found at split 5: l2reg = 0.0001                 with score 64.79
22-11-13 12:48:18 - INFO - root: Generating sentence embeddings
22-11-13 12:48:20 - INFO - root: Generated sentence embeddings
22-11-13 12:48:20 - INFO - root: Training pytorch-MLP-nhid0-rmsprop-bs128 with (inner) 5-fold cross-validation
22-11-13 12:48:30 - INFO - root: Best param found at split 1: l2reg = 1e-05                 with score 75.43
22-11-13 12:48:41 - INFO - root: Best param found at split 2: l2reg = 0.0001                 with score 74.57
22-11-13 12:48:53 - INFO - root: Best param found at split 3: l2reg = 0.001                 with score 76.79
22-11-13 12:49:04 - INFO - root: Best param found at split 4: l2reg = 0.01                 with score 74.44
22-11-13 12:49:16 - INFO - root: Best param found at split 5: l2reg = 1e-05                 with score 76.06
22-11-13 12:49:17 - INFO - root: Generating sentence embeddings
22-11-13 12:49:21 - INFO - root: Generated sentence embeddings
22-11-13 12:49:21 - INFO - root: Training pytorch-MLP-nhid0-rmsprop-bs128 with (inner) 5-fold cross-validation
22-11-13 12:49:47 - INFO - root: Best param found at split 1: l2reg = 0.001                 with score 87.4
22-11-13 12:50:15 - INFO - root: Best param found at split 2: l2reg = 1e-05                 with score 87.54
22-11-13 12:50:46 - INFO - root: Best param found at split 3: l2reg = 1e-05                 with score 87.64
22-11-13 12:51:13 - INFO - root: Best param found at split 4: l2reg = 0.01                 with score 87.42
22-11-13 12:51:42 - INFO - root: Best param found at split 5: l2reg = 0.01                 with score 87.21
22-11-13 12:51:44 - INFO - root: Generating sentence embeddings
22-11-13 12:51:45 - INFO - root: Generated sentence embeddings
22-11-13 12:51:45 - INFO - root: Training pytorch-MLP-nhid0-rmsprop-bs128 with (inner) 5-fold cross-validation
22-11-13 12:52:11 - INFO - root: Best param found at split 1: l2reg = 1e-05                 with score 86.37
22-11-13 12:52:41 - INFO - root: Best param found at split 2: l2reg = 0.001                 with score 85.95
22-11-13 12:53:12 - INFO - root: Best param found at split 3: l2reg = 0.01                 with score 86.26
22-11-13 12:53:41 - INFO - root: Best param found at split 4: l2reg = 1e-05                 with score 86.46
22-11-13 12:54:11 - INFO - root: Best param found at split 5: l2reg = 0.01                 with score 86.03
22-11-13 12:54:12 - INFO - root: Computing embedding for train
22-11-13 12:54:15 - INFO - root: Computed train embeddings
22-11-13 12:54:15 - INFO - root: Computing embedding for dev
22-11-13 12:54:16 - INFO - root: Computed dev embeddings
22-11-13 12:54:16 - INFO - root: Computing embedding for test
22-11-13 12:54:17 - INFO - root: Computed test embeddings
22-11-13 12:54:17 - INFO - root: Training pytorch-MLP-nhid0-rmsprop-bs128 with standard validation..
22-11-13 12:54:23 - INFO - root: [('reg:1e-05', 35.06), ('reg:0.0001', 36.24), ('reg:0.001', 37.15), ('reg:0.01', 36.78)]
22-11-13 12:54:23 - INFO - root: Validation : best param found is reg = 0.001 with score             37.15
22-11-13 12:54:23 - INFO - root: Evaluating...
22-11-13 12:54:25 - INFO - root: ***** Transfer task : TREC *****


22-11-13 12:54:27 - INFO - root: Computed train embeddings
22-11-13 12:54:27 - INFO - root: Computed test embeddings
22-11-13 12:54:27 - INFO - root: Training pytorch-MLP-nhid0-rmsprop-bs128 with 5-fold cross-validation
22-11-13 12:54:47 - INFO - root: [('reg:1e-05', 71.73), ('reg:0.0001', 71.79), ('reg:0.001', 71.51), ('reg:0.01', 67.28)]
22-11-13 12:54:47 - INFO - root: Cross-validation : best param found is reg = 0.0001             with score 71.79
22-11-13 12:54:47 - INFO - root: Evaluating...
22-11-13 12:54:48 - INFO - root: ***** Transfer task : MRPC *****


22-11-13 12:54:48 - INFO - root: Computing embedding for train
22-11-13 12:54:52 - INFO - root: Computed train embeddings
22-11-13 12:54:52 - INFO - root: Computing embedding for test
22-11-13 12:54:54 - INFO - root: Computed test embeddings
22-11-13 12:54:54 - INFO - root: Training pytorch-MLP-nhid0-rmsprop-bs128 with 5-fold cross-validation
22-11-13 12:55:07 - INFO - root: [('reg:1e-05', 72.23), ('reg:0.0001', 72.87), ('reg:0.001', 72.57), ('reg:0.01', 73.33)]
22-11-13 12:55:07 - INFO - root: Cross-validation : best param found is reg = 0.01             with score 73.33
22-11-13 12:55:07 - INFO - root: Evaluating...
