22-11-13 15:41:27 - INFO - __main__: Laser model is loaded.
22-11-13 15:41:27 - INFO - __main__: Num of Laser features: 1024
22-11-13 15:41:28 - INFO - root: Generating sentence embeddings
22-11-13 15:41:33 - INFO - root: Generated sentence embeddings
22-11-13 15:41:33 - INFO - root: Training pytorch-MLP-nhid0-rmsprop-bs128 with (inner) 5-fold cross-validation
22-11-13 15:42:01 - INFO - root: Best param found at split 1: l2reg = 1e-05                 with score 68.51
22-11-13 15:42:28 - INFO - root: Best param found at split 2: l2reg = 0.001                 with score 65.85
22-11-13 15:43:02 - INFO - root: Best param found at split 3: l2reg = 0.0001                 with score 68.48
22-11-13 15:43:33 - INFO - root: Best param found at split 4: l2reg = 0.0001                 with score 67.2
22-11-13 15:44:02 - INFO - root: Best param found at split 5: l2reg = 0.01                 with score 65.7
22-11-13 15:44:04 - INFO - root: Generating sentence embeddings
22-11-13 15:44:05 - INFO - root: Generated sentence embeddings
22-11-13 15:44:05 - INFO - root: Training pytorch-MLP-nhid0-rmsprop-bs128 with (inner) 5-fold cross-validation
22-11-13 15:44:16 - INFO - root: Best param found at split 1: l2reg = 0.001                 with score 76.75
22-11-13 15:44:28 - INFO - root: Best param found at split 2: l2reg = 1e-05                 with score 76.66
22-11-13 15:44:38 - INFO - root: Best param found at split 3: l2reg = 0.0001                 with score 76.66
22-11-13 15:44:49 - INFO - root: Best param found at split 4: l2reg = 0.0001                 with score 77.05
22-11-13 15:45:01 - INFO - root: Best param found at split 5: l2reg = 0.01                 with score 76.26
22-11-13 15:45:02 - INFO - root: Generating sentence embeddings
22-11-13 15:45:06 - INFO - root: Generated sentence embeddings
22-11-13 15:45:06 - INFO - root: Training pytorch-MLP-nhid0-rmsprop-bs128 with (inner) 5-fold cross-validation
22-11-13 15:45:30 - INFO - root: Best param found at split 1: l2reg = 0.001                 with score 88.49
22-11-13 15:45:47 - INFO - root: Best param found at split 2: l2reg = 0.0001                 with score 88.72
22-11-13 15:46:13 - INFO - root: Best param found at split 3: l2reg = 1e-05                 with score 88.91
22-11-13 15:46:45 - INFO - root: Best param found at split 4: l2reg = 0.0001                 with score 88.49
22-11-13 15:47:17 - INFO - root: Best param found at split 5: l2reg = 0.01                 with score 88.46
22-11-13 15:47:18 - INFO - root: Generating sentence embeddings
22-11-13 15:47:20 - INFO - root: Generated sentence embeddings
22-11-13 15:47:20 - INFO - root: Training pytorch-MLP-nhid0-rmsprop-bs128 with (inner) 5-fold cross-validation
22-11-13 15:47:47 - INFO - root: Best param found at split 1: l2reg = 1e-05                 with score 87.06
22-11-13 15:48:16 - INFO - root: Best param found at split 2: l2reg = 1e-05                 with score 85.83
22-11-13 15:48:50 - INFO - root: Best param found at split 3: l2reg = 0.01                 with score 86.62
22-11-13 15:49:20 - INFO - root: Best param found at split 4: l2reg = 1e-05                 with score 86.61
22-11-13 15:49:52 - INFO - root: Best param found at split 5: l2reg = 1e-05                 with score 86.58
22-11-13 15:49:54 - INFO - root: Computing embedding for train
22-11-13 15:49:57 - INFO - root: Computed train embeddings
22-11-13 15:49:57 - INFO - root: Computing embedding for dev
22-11-13 15:49:57 - INFO - root: Computed dev embeddings
22-11-13 15:49:57 - INFO - root: Computing embedding for test
22-11-13 15:49:58 - INFO - root: Computed test embeddings
22-11-13 15:49:58 - INFO - root: Training pytorch-MLP-nhid0-rmsprop-bs128 with standard validation..
22-11-13 15:50:05 - INFO - root: [('reg:1e-05', 35.6), ('reg:0.0001', 32.97), ('reg:0.001', 31.7), ('reg:0.01', 34.88)]
22-11-13 15:50:05 - INFO - root: Validation : best param found is reg = 1e-05 with score             35.6
22-11-13 15:50:05 - INFO - root: Evaluating...
22-11-13 15:50:07 - INFO - root: ***** Transfer task : TREC *****


22-11-13 15:50:09 - INFO - root: Computed train embeddings
22-11-13 15:50:09 - INFO - root: Computed test embeddings
22-11-13 15:50:09 - INFO - root: Training pytorch-MLP-nhid0-rmsprop-bs128 with 5-fold cross-validation
22-11-13 15:50:28 - INFO - root: [('reg:1e-05', 77.38), ('reg:0.0001', 76.89), ('reg:0.001', 75.37), ('reg:0.01', 72.78)]
22-11-13 15:50:28 - INFO - root: Cross-validation : best param found is reg = 1e-05             with score 77.38
22-11-13 15:50:28 - INFO - root: Evaluating...
22-11-13 15:50:30 - INFO - root: ***** Transfer task : MRPC *****


22-11-13 15:50:30 - INFO - root: Computing embedding for train
22-11-13 15:50:34 - INFO - root: Computed train embeddings
22-11-13 15:50:34 - INFO - root: Computing embedding for test
22-11-13 15:50:35 - INFO - root: Computed test embeddings
22-11-13 15:50:35 - INFO - root: Training pytorch-MLP-nhid0-rmsprop-bs128 with 5-fold cross-validation
22-11-13 15:50:49 - INFO - root: [('reg:1e-05', 73.72), ('reg:0.0001', 72.92), ('reg:0.001', 73.72), ('reg:0.01', 72.65)]
22-11-13 15:50:49 - INFO - root: Cross-validation : best param found is reg = 1e-05             with score 73.72
22-11-13 15:50:49 - INFO - root: Evaluating...
