22-11-13 10:10:20 - INFO - __main__: Laser model is loaded.
22-11-13 10:10:20 - INFO - __main__: Num of Laser features: 1024
22-11-13 10:10:21 - INFO - root: Generating sentence embeddings
22-11-13 10:10:26 - INFO - root: Generated sentence embeddings
22-11-13 10:10:26 - INFO - root: Training pytorch-MLP-nhid0-rmsprop-bs128 with (inner) 5-fold cross-validation
22-11-13 10:10:55 - INFO - root: Best param found at split 1: l2reg = 0.01                 with score 65.49
22-11-13 10:11:26 - INFO - root: Best param found at split 2: l2reg = 1e-05                 with score 64.33
22-11-13 10:11:55 - INFO - root: Best param found at split 3: l2reg = 0.0001                 with score 64.53
22-11-13 10:12:27 - INFO - root: Best param found at split 4: l2reg = 0.0001                 with score 66.54
22-11-13 10:12:59 - INFO - root: Best param found at split 5: l2reg = 1e-05                 with score 65.71
22-11-13 10:13:01 - INFO - root: Generating sentence embeddings
22-11-13 10:13:03 - INFO - root: Generated sentence embeddings
22-11-13 10:13:03 - INFO - root: Training pytorch-MLP-nhid0-rmsprop-bs128 with (inner) 5-fold cross-validation
22-11-13 10:13:09 - INFO - root: Best param found at split 1: l2reg = 0.001                 with score 75.73
22-11-13 10:13:16 - INFO - root: Best param found at split 2: l2reg = 0.001                 with score 74.7
22-11-13 10:13:26 - INFO - root: Best param found at split 3: l2reg = 1e-05                 with score 75.56
22-11-13 10:13:38 - INFO - root: Best param found at split 4: l2reg = 0.001                 with score 74.5
22-11-13 10:13:50 - INFO - root: Best param found at split 5: l2reg = 1e-05                 with score 74.83
22-11-13 10:13:51 - INFO - root: Generating sentence embeddings
22-11-13 10:13:55 - INFO - root: Generated sentence embeddings
22-11-13 10:13:55 - INFO - root: Training pytorch-MLP-nhid0-rmsprop-bs128 with (inner) 5-fold cross-validation
22-11-13 10:14:20 - INFO - root: Best param found at split 1: l2reg = 0.0001                 with score 86.1
22-11-13 10:14:49 - INFO - root: Best param found at split 2: l2reg = 0.01                 with score 86.22
22-11-13 10:15:17 - INFO - root: Best param found at split 3: l2reg = 0.001                 with score 86.31
22-11-13 10:15:47 - INFO - root: Best param found at split 4: l2reg = 0.001                 with score 85.79
22-11-13 10:16:18 - INFO - root: Best param found at split 5: l2reg = 0.001                 with score 85.96
22-11-13 10:16:20 - INFO - root: Generating sentence embeddings
22-11-13 10:16:22 - INFO - root: Generated sentence embeddings
22-11-13 10:16:22 - INFO - root: Training pytorch-MLP-nhid0-rmsprop-bs128 with (inner) 5-fold cross-validation
22-11-13 10:16:42 - INFO - root: Best param found at split 1: l2reg = 1e-05                 with score 85.36
22-11-13 10:17:10 - INFO - root: Best param found at split 2: l2reg = 0.01                 with score 85.55
22-11-13 10:17:44 - INFO - root: Best param found at split 3: l2reg = 0.01                 with score 86.22
22-11-13 10:18:13 - INFO - root: Best param found at split 4: l2reg = 0.01                 with score 85.52
22-11-13 10:18:45 - INFO - root: Best param found at split 5: l2reg = 0.001                 with score 84.56
22-11-13 10:18:47 - INFO - root: Computing embedding for train
22-11-13 10:18:50 - INFO - root: Computed train embeddings
22-11-13 10:18:50 - INFO - root: Computing embedding for dev
22-11-13 10:18:51 - INFO - root: Computed dev embeddings
22-11-13 10:18:51 - INFO - root: Computing embedding for test
22-11-13 10:18:51 - INFO - root: Computed test embeddings
22-11-13 10:18:51 - INFO - root: Training pytorch-MLP-nhid0-rmsprop-bs128 with standard validation..
22-11-13 10:19:00 - INFO - root: [('reg:1e-05', 35.06), ('reg:0.0001', 34.24), ('reg:0.001', 38.24), ('reg:0.01', 39.15)]
22-11-13 10:19:00 - INFO - root: Validation : best param found is reg = 0.01 with score             39.15
22-11-13 10:19:00 - INFO - root: Evaluating...
22-11-13 10:19:02 - INFO - root: ***** Transfer task : TREC *****


22-11-13 10:19:04 - INFO - root: Computed train embeddings
22-11-13 10:19:04 - INFO - root: Computed test embeddings
22-11-13 10:19:04 - INFO - root: Training pytorch-MLP-nhid0-rmsprop-bs128 with 5-fold cross-validation
22-11-13 10:19:22 - INFO - root: [('reg:1e-05', 71.86), ('reg:0.0001', 71.0), ('reg:0.001', 70.4), ('reg:0.01', 68.01)]
22-11-13 10:19:22 - INFO - root: Cross-validation : best param found is reg = 1e-05             with score 71.86
22-11-13 10:19:22 - INFO - root: Evaluating...
22-11-13 10:19:23 - INFO - root: ***** Transfer task : MRPC *****


22-11-13 10:19:23 - INFO - root: Computing embedding for train
22-11-13 10:19:27 - INFO - root: Computed train embeddings
22-11-13 10:19:27 - INFO - root: Computing embedding for test
22-11-13 10:19:29 - INFO - root: Computed test embeddings
22-11-13 10:19:29 - INFO - root: Training pytorch-MLP-nhid0-rmsprop-bs128 with 5-fold cross-validation
22-11-13 10:19:42 - INFO - root: [('reg:1e-05', 72.62), ('reg:0.0001', 72.45), ('reg:0.001', 72.37), ('reg:0.01', 72.82)]
22-11-13 10:19:42 - INFO - root: Cross-validation : best param found is reg = 0.01             with score 72.82
22-11-13 10:19:42 - INFO - root: Evaluating...
