22-11-13 01:15:46 - INFO - __main__: Laser model is loaded.
22-11-13 01:15:46 - INFO - __main__: Num of Laser features: 1024
22-11-13 01:15:47 - INFO - root: Generating sentence embeddings
22-11-13 01:15:52 - INFO - root: Generated sentence embeddings
22-11-13 01:15:52 - INFO - root: Training pytorch-MLP-nhid0-rmsprop-bs128 with (inner) 5-fold cross-validation
22-11-13 01:16:24 - INFO - root: Best param found at split 1: l2reg = 0.01                 with score 64.19
22-11-13 01:16:54 - INFO - root: Best param found at split 2: l2reg = 0.01                 with score 63.79
22-11-13 01:17:24 - INFO - root: Best param found at split 3: l2reg = 1e-05                 with score 64.23
22-11-13 01:17:52 - INFO - root: Best param found at split 4: l2reg = 0.01                 with score 64.57
22-11-13 01:18:24 - INFO - root: Best param found at split 5: l2reg = 0.01                 with score 65.23
22-11-13 01:18:26 - INFO - root: Generating sentence embeddings
22-11-13 01:18:27 - INFO - root: Generated sentence embeddings
22-11-13 01:18:27 - INFO - root: Training pytorch-MLP-nhid0-rmsprop-bs128 with (inner) 5-fold cross-validation
22-11-13 01:18:39 - INFO - root: Best param found at split 1: l2reg = 0.01                 with score 74.17
22-11-13 01:18:50 - INFO - root: Best param found at split 2: l2reg = 0.01                 with score 73.18
22-11-13 01:19:02 - INFO - root: Best param found at split 3: l2reg = 1e-05                 with score 72.45
22-11-13 01:19:12 - INFO - root: Best param found at split 4: l2reg = 0.01                 with score 72.85
22-11-13 01:19:25 - INFO - root: Best param found at split 5: l2reg = 1e-05                 with score 73.11
22-11-13 01:19:25 - INFO - root: Generating sentence embeddings
22-11-13 01:19:30 - INFO - root: Generated sentence embeddings
22-11-13 01:19:30 - INFO - root: Training pytorch-MLP-nhid0-rmsprop-bs128 with (inner) 5-fold cross-validation
22-11-13 01:19:55 - INFO - root: Best param found at split 1: l2reg = 0.001                 with score 82.34
22-11-13 01:20:23 - INFO - root: Best param found at split 2: l2reg = 0.01                 with score 81.94
22-11-13 01:20:54 - INFO - root: Best param found at split 3: l2reg = 0.01                 with score 81.95
22-11-13 01:21:22 - INFO - root: Best param found at split 4: l2reg = 0.001                 with score 81.59
22-11-13 01:21:51 - INFO - root: Best param found at split 5: l2reg = 1e-05                 with score 81.69
22-11-13 01:21:53 - INFO - root: Generating sentence embeddings
22-11-13 01:21:55 - INFO - root: Generated sentence embeddings
22-11-13 01:21:55 - INFO - root: Training pytorch-MLP-nhid0-rmsprop-bs128 with (inner) 5-fold cross-validation
22-11-13 01:22:24 - INFO - root: Best param found at split 1: l2reg = 0.001                 with score 80.14
22-11-13 01:22:53 - INFO - root: Best param found at split 2: l2reg = 1e-05                 with score 82.53
22-11-13 01:23:25 - INFO - root: Best param found at split 3: l2reg = 0.001                 with score 82.53
22-11-13 01:23:57 - INFO - root: Best param found at split 4: l2reg = 0.01                 with score 81.31
22-11-13 01:24:27 - INFO - root: Best param found at split 5: l2reg = 0.0001                 with score 81.94
22-11-13 01:24:29 - INFO - root: Computing embedding for train
22-11-13 01:24:32 - INFO - root: Computed train embeddings
22-11-13 01:24:32 - INFO - root: Computing embedding for dev
22-11-13 01:24:32 - INFO - root: Computed dev embeddings
22-11-13 01:24:32 - INFO - root: Computing embedding for test
22-11-13 01:24:33 - INFO - root: Computed test embeddings
22-11-13 01:24:33 - INFO - root: Training pytorch-MLP-nhid0-rmsprop-bs128 with standard validation..
22-11-13 01:24:40 - INFO - root: [('reg:1e-05', 33.42), ('reg:0.0001', 33.24), ('reg:0.001', 33.15), ('reg:0.01', 33.33)]
22-11-13 01:24:40 - INFO - root: Validation : best param found is reg = 1e-05 with score             33.42
22-11-13 01:24:40 - INFO - root: Evaluating...
22-11-13 01:24:41 - INFO - root: ***** Transfer task : TREC *****


22-11-13 01:24:43 - INFO - root: Computed train embeddings
22-11-13 01:24:43 - INFO - root: Computed test embeddings
22-11-13 01:24:43 - INFO - root: Training pytorch-MLP-nhid0-rmsprop-bs128 with 5-fold cross-validation
22-11-13 01:24:57 - INFO - root: [('reg:1e-05', 62.8), ('reg:0.0001', 62.86), ('reg:0.001', 62.66), ('reg:0.01', 60.82)]
22-11-13 01:24:57 - INFO - root: Cross-validation : best param found is reg = 0.0001             with score 62.86
22-11-13 01:24:57 - INFO - root: Evaluating...
22-11-13 01:24:57 - INFO - root: ***** Transfer task : MRPC *****


22-11-13 01:24:57 - INFO - root: Computing embedding for train
22-11-13 01:25:01 - INFO - root: Computed train embeddings
22-11-13 01:25:01 - INFO - root: Computing embedding for test
22-11-13 01:25:03 - INFO - root: Computed test embeddings
22-11-13 01:25:03 - INFO - root: Training pytorch-MLP-nhid0-rmsprop-bs128 with 5-fold cross-validation
22-11-13 01:25:12 - INFO - root: [('reg:1e-05', 71.05), ('reg:0.0001', 71.27), ('reg:0.001', 71.05), ('reg:0.01', 71.74)]
22-11-13 01:25:12 - INFO - root: Cross-validation : best param found is reg = 0.01             with score 71.74
22-11-13 01:25:12 - INFO - root: Evaluating...
