22-11-13 03:29:19 - INFO - __main__: Laser model is loaded.
22-11-13 03:29:20 - INFO - __main__: Num of Laser features: 1024
22-11-13 03:29:21 - INFO - root: Generating sentence embeddings
22-11-13 03:29:25 - INFO - root: Generated sentence embeddings
22-11-13 03:29:25 - INFO - root: Training pytorch-MLP-nhid0-rmsprop-bs128 with (inner) 5-fold cross-validation
22-11-13 03:29:50 - INFO - root: Best param found at split 1: l2reg = 0.001                 with score 63.95
22-11-13 03:30:22 - INFO - root: Best param found at split 2: l2reg = 0.0001                 with score 64.0
22-11-13 03:30:53 - INFO - root: Best param found at split 3: l2reg = 0.001                 with score 66.11
22-11-13 03:31:19 - INFO - root: Best param found at split 4: l2reg = 0.0001                 with score 64.81
22-11-13 03:31:48 - INFO - root: Best param found at split 5: l2reg = 0.01                 with score 64.03
22-11-13 03:31:49 - INFO - root: Generating sentence embeddings
22-11-13 03:31:51 - INFO - root: Generated sentence embeddings
22-11-13 03:31:51 - INFO - root: Training pytorch-MLP-nhid0-rmsprop-bs128 with (inner) 5-fold cross-validation
22-11-13 03:32:01 - INFO - root: Best param found at split 1: l2reg = 1e-05                 with score 74.74
22-11-13 03:32:12 - INFO - root: Best param found at split 2: l2reg = 0.001                 with score 72.38
22-11-13 03:32:23 - INFO - root: Best param found at split 3: l2reg = 0.01                 with score 73.68
22-11-13 03:32:34 - INFO - root: Best param found at split 4: l2reg = 1e-05                 with score 73.58
22-11-13 03:32:46 - INFO - root: Best param found at split 5: l2reg = 0.001                 with score 74.4
22-11-13 03:32:47 - INFO - root: Generating sentence embeddings
22-11-13 03:32:52 - INFO - root: Generated sentence embeddings
22-11-13 03:32:52 - INFO - root: Training pytorch-MLP-nhid0-rmsprop-bs128 with (inner) 5-fold cross-validation
22-11-13 03:33:16 - INFO - root: Best param found at split 1: l2reg = 0.0001                 with score 83.29
22-11-13 03:33:43 - INFO - root: Best param found at split 2: l2reg = 0.01                 with score 83.32
22-11-13 03:34:12 - INFO - root: Best param found at split 3: l2reg = 0.0001                 with score 83.46
22-11-13 03:34:39 - INFO - root: Best param found at split 4: l2reg = 0.01                 with score 82.89
22-11-13 03:35:09 - INFO - root: Best param found at split 5: l2reg = 0.0001                 with score 83.22
22-11-13 03:35:10 - INFO - root: Generating sentence embeddings
22-11-13 03:35:12 - INFO - root: Generated sentence embeddings
22-11-13 03:35:12 - INFO - root: Training pytorch-MLP-nhid0-rmsprop-bs128 with (inner) 5-fold cross-validation
22-11-13 03:35:41 - INFO - root: Best param found at split 1: l2reg = 0.01                 with score 84.3
22-11-13 03:36:11 - INFO - root: Best param found at split 2: l2reg = 0.01                 with score 83.76
22-11-13 03:36:44 - INFO - root: Best param found at split 3: l2reg = 0.001                 with score 84.45
22-11-13 03:37:16 - INFO - root: Best param found at split 4: l2reg = 0.001                 with score 82.19
22-11-13 03:37:48 - INFO - root: Best param found at split 5: l2reg = 0.001                 with score 83.74
22-11-13 03:37:50 - INFO - root: Computing embedding for train
22-11-13 03:37:54 - INFO - root: Computed train embeddings
22-11-13 03:37:54 - INFO - root: Computing embedding for dev
22-11-13 03:37:54 - INFO - root: Computed dev embeddings
22-11-13 03:37:54 - INFO - root: Computing embedding for test
22-11-13 03:37:55 - INFO - root: Computed test embeddings
22-11-13 03:37:55 - INFO - root: Training pytorch-MLP-nhid0-rmsprop-bs128 with standard validation..
22-11-13 03:38:01 - INFO - root: [('reg:1e-05', 32.79), ('reg:0.0001', 34.6), ('reg:0.001', 33.42), ('reg:0.01', 32.79)]
22-11-13 03:38:01 - INFO - root: Validation : best param found is reg = 0.0001 with score             34.6
22-11-13 03:38:01 - INFO - root: Evaluating...
22-11-13 03:38:03 - INFO - root: ***** Transfer task : TREC *****


22-11-13 03:38:05 - INFO - root: Computed train embeddings
22-11-13 03:38:05 - INFO - root: Computed test embeddings
22-11-13 03:38:05 - INFO - root: Training pytorch-MLP-nhid0-rmsprop-bs128 with 5-fold cross-validation
22-11-13 03:38:22 - INFO - root: [('reg:1e-05', 67.06), ('reg:0.0001', 67.08), ('reg:0.001', 66.97), ('reg:0.01', 64.73)]
22-11-13 03:38:22 - INFO - root: Cross-validation : best param found is reg = 0.0001             with score 67.08
22-11-13 03:38:22 - INFO - root: Evaluating...
22-11-13 03:38:23 - INFO - root: ***** Transfer task : MRPC *****


22-11-13 03:38:23 - INFO - root: Computing embedding for train
22-11-13 03:38:27 - INFO - root: Computed train embeddings
22-11-13 03:38:27 - INFO - root: Computing embedding for test
22-11-13 03:38:29 - INFO - root: Computed test embeddings
22-11-13 03:38:29 - INFO - root: Training pytorch-MLP-nhid0-rmsprop-bs128 with 5-fold cross-validation
22-11-13 03:38:40 - INFO - root: [('reg:1e-05', 72.4), ('reg:0.0001', 72.1), ('reg:0.001', 72.1), ('reg:0.01', 72.67)]
22-11-13 03:38:40 - INFO - root: Cross-validation : best param found is reg = 0.01             with score 72.67
22-11-13 03:38:40 - INFO - root: Evaluating...
