22-11-13 18:03:44 - INFO - __main__: Laser model is loaded.
22-11-13 18:03:44 - INFO - __main__: Num of Laser features: 1024
22-11-13 18:03:45 - INFO - root: Generating sentence embeddings
22-11-13 18:03:49 - INFO - root: Generated sentence embeddings
22-11-13 18:03:49 - INFO - root: Training pytorch-MLP-nhid0-rmsprop-bs128 with (inner) 5-fold cross-validation
22-11-13 18:04:25 - INFO - root: Best param found at split 1: l2reg = 0.001                 with score 70.83
22-11-13 18:04:58 - INFO - root: Best param found at split 2: l2reg = 0.001                 with score 67.8
22-11-13 18:05:36 - INFO - root: Best param found at split 3: l2reg = 0.0001                 with score 69.86
22-11-13 18:06:10 - INFO - root: Best param found at split 4: l2reg = 1e-05                 with score 66.52
22-11-13 18:06:42 - INFO - root: Best param found at split 5: l2reg = 1e-05                 with score 67.28
22-11-13 18:06:44 - INFO - root: Generating sentence embeddings
22-11-13 18:06:45 - INFO - root: Generated sentence embeddings
22-11-13 18:06:45 - INFO - root: Training pytorch-MLP-nhid0-rmsprop-bs128 with (inner) 5-fold cross-validation
22-11-13 18:06:58 - INFO - root: Best param found at split 1: l2reg = 1e-05                 with score 78.68
22-11-13 18:07:09 - INFO - root: Best param found at split 2: l2reg = 0.001                 with score 77.48
22-11-13 18:07:20 - INFO - root: Best param found at split 3: l2reg = 0.01                 with score 77.68
22-11-13 18:07:28 - INFO - root: Best param found at split 4: l2reg = 0.0001                 with score 76.29
22-11-13 18:07:34 - INFO - root: Best param found at split 5: l2reg = 0.001                 with score 76.16
22-11-13 18:07:35 - INFO - root: Generating sentence embeddings
22-11-13 18:07:39 - INFO - root: Generated sentence embeddings
22-11-13 18:07:39 - INFO - root: Training pytorch-MLP-nhid0-rmsprop-bs128 with (inner) 5-fold cross-validation
22-11-13 18:07:55 - INFO - root: Best param found at split 1: l2reg = 0.01                 with score 89.59
22-11-13 18:08:19 - INFO - root: Best param found at split 2: l2reg = 0.01                 with score 89.71
22-11-13 18:08:50 - INFO - root: Best param found at split 3: l2reg = 1e-05                 with score 89.86
22-11-13 18:09:22 - INFO - root: Best param found at split 4: l2reg = 0.0001                 with score 89.35
22-11-13 18:09:52 - INFO - root: Best param found at split 5: l2reg = 0.0001                 with score 89.5
22-11-13 18:09:54 - INFO - root: Generating sentence embeddings
22-11-13 18:09:56 - INFO - root: Generated sentence embeddings
22-11-13 18:09:56 - INFO - root: Training pytorch-MLP-nhid0-rmsprop-bs128 with (inner) 5-fold cross-validation
22-11-13 18:10:22 - INFO - root: Best param found at split 1: l2reg = 0.01                 with score 87.27
22-11-13 18:10:53 - INFO - root: Best param found at split 2: l2reg = 0.0001                 with score 86.88
22-11-13 18:11:25 - INFO - root: Best param found at split 3: l2reg = 0.0001                 with score 87.04
22-11-13 18:11:53 - INFO - root: Best param found at split 4: l2reg = 0.001                 with score 87.38
22-11-13 18:12:26 - INFO - root: Best param found at split 5: l2reg = 1e-05                 with score 87.15
22-11-13 18:12:28 - INFO - root: Computing embedding for train
22-11-13 18:12:31 - INFO - root: Computed train embeddings
22-11-13 18:12:31 - INFO - root: Computing embedding for dev
22-11-13 18:12:31 - INFO - root: Computed dev embeddings
22-11-13 18:12:31 - INFO - root: Computing embedding for test
22-11-13 18:12:32 - INFO - root: Computed test embeddings
22-11-13 18:12:32 - INFO - root: Training pytorch-MLP-nhid0-rmsprop-bs128 with standard validation..
22-11-13 18:12:39 - INFO - root: [('reg:1e-05', 37.78), ('reg:0.0001', 38.15), ('reg:0.001', 36.51), ('reg:0.01', 39.51)]
22-11-13 18:12:39 - INFO - root: Validation : best param found is reg = 0.01 with score             39.51
22-11-13 18:12:39 - INFO - root: Evaluating...
22-11-13 18:12:41 - INFO - root: ***** Transfer task : TREC *****


22-11-13 18:12:43 - INFO - root: Computed train embeddings
22-11-13 18:12:43 - INFO - root: Computed test embeddings
22-11-13 18:12:43 - INFO - root: Training pytorch-MLP-nhid0-rmsprop-bs128 with 5-fold cross-validation
22-11-13 18:13:02 - INFO - root: [('reg:1e-05', 76.92), ('reg:0.0001', 75.97), ('reg:0.001', 76.36), ('reg:0.01', 71.44)]
22-11-13 18:13:02 - INFO - root: Cross-validation : best param found is reg = 1e-05             with score 76.92
22-11-13 18:13:02 - INFO - root: Evaluating...
22-11-13 18:13:03 - INFO - root: ***** Transfer task : MRPC *****


22-11-13 18:13:04 - INFO - root: Computing embedding for train
22-11-13 18:13:08 - INFO - root: Computed train embeddings
22-11-13 18:13:08 - INFO - root: Computing embedding for test
22-11-13 18:13:09 - INFO - root: Computed test embeddings
22-11-13 18:13:09 - INFO - root: Training pytorch-MLP-nhid0-rmsprop-bs128 with 5-fold cross-validation
22-11-13 18:13:23 - INFO - root: [('reg:1e-05', 71.96), ('reg:0.0001', 72.52), ('reg:0.001', 72.1), ('reg:0.01', 72.08)]
22-11-13 18:13:23 - INFO - root: Cross-validation : best param found is reg = 0.0001             with score 72.52
22-11-13 18:13:23 - INFO - root: Evaluating...
