22-11-13 15:06:07 - INFO - __main__: Laser model is loaded.
22-11-13 15:06:07 - INFO - __main__: Num of Laser features: 1024
22-11-13 15:06:08 - INFO - root: Generating sentence embeddings
22-11-13 15:06:12 - INFO - root: Generated sentence embeddings
22-11-13 15:06:12 - INFO - root: Training pytorch-MLP-nhid0-rmsprop-bs128 with (inner) 5-fold cross-validation
22-11-13 15:06:34 - INFO - root: Best param found at split 1: l2reg = 0.01                 with score 68.37
22-11-13 15:07:04 - INFO - root: Best param found at split 2: l2reg = 1e-05                 with score 69.05
22-11-13 15:07:38 - INFO - root: Best param found at split 3: l2reg = 1e-05                 with score 69.46
22-11-13 15:08:08 - INFO - root: Best param found at split 4: l2reg = 0.0001                 with score 67.05
22-11-13 15:08:33 - INFO - root: Best param found at split 5: l2reg = 0.0001                 with score 67.26
22-11-13 15:08:34 - INFO - root: Generating sentence embeddings
22-11-13 15:08:36 - INFO - root: Generated sentence embeddings
22-11-13 15:08:36 - INFO - root: Training pytorch-MLP-nhid0-rmsprop-bs128 with (inner) 5-fold cross-validation
22-11-13 15:08:41 - INFO - root: Best param found at split 1: l2reg = 0.0001                 with score 77.32
22-11-13 15:08:50 - INFO - root: Best param found at split 2: l2reg = 1e-05                 with score 75.56
22-11-13 15:09:01 - INFO - root: Best param found at split 3: l2reg = 1e-05                 with score 75.76
22-11-13 15:09:11 - INFO - root: Best param found at split 4: l2reg = 1e-05                 with score 75.4
22-11-13 15:09:23 - INFO - root: Best param found at split 5: l2reg = 0.001                 with score 76.03
22-11-13 15:09:24 - INFO - root: Generating sentence embeddings
22-11-13 15:09:28 - INFO - root: Generated sentence embeddings
22-11-13 15:09:28 - INFO - root: Training pytorch-MLP-nhid0-rmsprop-bs128 with (inner) 5-fold cross-validation
22-11-13 15:09:54 - INFO - root: Best param found at split 1: l2reg = 0.01                 with score 88.49
22-11-13 15:10:22 - INFO - root: Best param found at split 2: l2reg = 0.01                 with score 88.49
22-11-13 15:10:53 - INFO - root: Best param found at split 3: l2reg = 0.001                 with score 88.76
22-11-13 15:11:27 - INFO - root: Best param found at split 4: l2reg = 0.0001                 with score 89.0
22-11-13 15:11:59 - INFO - root: Best param found at split 5: l2reg = 0.001                 with score 88.52
22-11-13 15:12:00 - INFO - root: Generating sentence embeddings
22-11-13 15:12:02 - INFO - root: Generated sentence embeddings
22-11-13 15:12:02 - INFO - root: Training pytorch-MLP-nhid0-rmsprop-bs128 with (inner) 5-fold cross-validation
22-11-13 15:12:30 - INFO - root: Best param found at split 1: l2reg = 0.0001                 with score 87.01
22-11-13 15:13:01 - INFO - root: Best param found at split 2: l2reg = 0.001                 with score 86.81
22-11-13 15:13:32 - INFO - root: Best param found at split 3: l2reg = 0.0001                 with score 86.6
22-11-13 15:13:59 - INFO - root: Best param found at split 4: l2reg = 1e-05                 with score 87.28
22-11-13 15:14:30 - INFO - root: Best param found at split 5: l2reg = 0.001                 with score 86.0
22-11-13 15:14:32 - INFO - root: Computing embedding for train
22-11-13 15:14:35 - INFO - root: Computed train embeddings
22-11-13 15:14:35 - INFO - root: Computing embedding for dev
22-11-13 15:14:35 - INFO - root: Computed dev embeddings
22-11-13 15:14:35 - INFO - root: Computing embedding for test
22-11-13 15:14:36 - INFO - root: Computed test embeddings
22-11-13 15:14:36 - INFO - root: Training pytorch-MLP-nhid0-rmsprop-bs128 with standard validation..
22-11-13 15:14:45 - INFO - root: [('reg:1e-05', 36.24), ('reg:0.0001', 35.06), ('reg:0.001', 34.42), ('reg:0.01', 34.97)]
22-11-13 15:14:45 - INFO - root: Validation : best param found is reg = 1e-05 with score             36.24
22-11-13 15:14:45 - INFO - root: Evaluating...
22-11-13 15:14:47 - INFO - root: ***** Transfer task : TREC *****


22-11-13 15:14:49 - INFO - root: Computed train embeddings
22-11-13 15:14:49 - INFO - root: Computed test embeddings
22-11-13 15:14:49 - INFO - root: Training pytorch-MLP-nhid0-rmsprop-bs128 with 5-fold cross-validation
22-11-13 15:15:08 - INFO - root: [('reg:1e-05', 72.17), ('reg:0.0001', 74.89), ('reg:0.001', 72.67), ('reg:0.01', 68.32)]
22-11-13 15:15:08 - INFO - root: Cross-validation : best param found is reg = 0.0001             with score 74.89
22-11-13 15:15:08 - INFO - root: Evaluating...
22-11-13 15:15:09 - INFO - root: ***** Transfer task : MRPC *****


22-11-13 15:15:09 - INFO - root: Computing embedding for train
22-11-13 15:15:13 - INFO - root: Computed train embeddings
22-11-13 15:15:13 - INFO - root: Computing embedding for test
22-11-13 15:15:14 - INFO - root: Computed test embeddings
22-11-13 15:15:15 - INFO - root: Training pytorch-MLP-nhid0-rmsprop-bs128 with 5-fold cross-validation
22-11-13 15:15:28 - INFO - root: [('reg:1e-05', 72.64), ('reg:0.0001', 72.55), ('reg:0.001', 72.89), ('reg:0.01', 73.53)]
22-11-13 15:15:28 - INFO - root: Cross-validation : best param found is reg = 0.01             with score 73.53
22-11-13 15:15:28 - INFO - root: Evaluating...
