22-11-12 23:05:42 - INFO - __main__: Laser model is loaded.
22-11-12 23:05:43 - INFO - __main__: Num of Laser features: 1024
22-11-12 23:05:43 - INFO - root: Generating sentence embeddings
22-11-12 23:05:46 - INFO - root: Generated sentence embeddings
22-11-12 23:05:46 - INFO - root: Training pytorch-MLP-nhid0-rmsprop-bs128 with (inner) 5-fold cross-validation
22-11-12 23:06:22 - INFO - root: Best param found at split 1: l2reg = 1e-05                 with score 75.44
22-11-12 23:06:58 - INFO - root: Best param found at split 2: l2reg = 1e-05                 with score 74.89
22-11-12 23:07:30 - INFO - root: Best param found at split 3: l2reg = 1e-05                 with score 74.74
22-11-12 23:08:04 - INFO - root: Best param found at split 4: l2reg = 1e-05                 with score 74.76
22-11-12 23:08:41 - INFO - root: Best param found at split 5: l2reg = 1e-05                 with score 74.72
22-11-12 23:08:43 - INFO - root: Generating sentence embeddings
22-11-12 23:08:44 - INFO - root: Generated sentence embeddings
22-11-12 23:08:44 - INFO - root: Training pytorch-MLP-nhid0-rmsprop-bs128 with (inner) 5-fold cross-validation
22-11-12 23:08:56 - INFO - root: Best param found at split 1: l2reg = 0.0001                 with score 82.78
22-11-12 23:09:10 - INFO - root: Best param found at split 2: l2reg = 1e-05                 with score 81.62
22-11-12 23:09:23 - INFO - root: Best param found at split 3: l2reg = 0.0001                 with score 81.85
22-11-12 23:09:37 - INFO - root: Best param found at split 4: l2reg = 1e-05                 with score 81.32
22-11-12 23:09:51 - INFO - root: Best param found at split 5: l2reg = 1e-05                 with score 81.89
22-11-12 23:09:52 - INFO - root: Generating sentence embeddings
22-11-12 23:09:56 - INFO - root: Generated sentence embeddings
22-11-12 23:09:56 - INFO - root: Training pytorch-MLP-nhid0-rmsprop-bs128 with (inner) 5-fold cross-validation
22-11-12 23:10:30 - INFO - root: Best param found at split 1: l2reg = 1e-05                 with score 92.15
22-11-12 23:11:05 - INFO - root: Best param found at split 2: l2reg = 1e-05                 with score 92.18
22-11-12 23:11:42 - INFO - root: Best param found at split 3: l2reg = 1e-05                 with score 92.34
22-11-12 23:12:18 - INFO - root: Best param found at split 4: l2reg = 1e-05                 with score 92.16
22-11-12 23:12:55 - INFO - root: Best param found at split 5: l2reg = 1e-05                 with score 92.07
22-11-12 23:12:58 - INFO - root: Generating sentence embeddings
22-11-12 23:13:00 - INFO - root: Generated sentence embeddings
22-11-12 23:13:00 - INFO - root: Training pytorch-MLP-nhid0-rmsprop-bs128 with (inner) 5-fold cross-validation
22-11-12 23:13:31 - INFO - root: Best param found at split 1: l2reg = 1e-05                 with score 88.74
22-11-12 23:14:03 - INFO - root: Best param found at split 2: l2reg = 1e-05                 with score 88.16
22-11-12 23:14:35 - INFO - root: Best param found at split 3: l2reg = 1e-05                 with score 88.54
22-11-12 23:15:06 - INFO - root: Best param found at split 4: l2reg = 1e-05                 with score 88.52
22-11-12 23:15:38 - INFO - root: Best param found at split 5: l2reg = 1e-05                 with score 88.77
22-11-12 23:15:40 - INFO - root: Computing embedding for train
22-11-12 23:15:43 - INFO - root: Computed train embeddings
22-11-12 23:15:43 - INFO - root: Computing embedding for dev
22-11-12 23:15:43 - INFO - root: Computed dev embeddings
22-11-12 23:15:43 - INFO - root: Computing embedding for test
22-11-12 23:15:44 - INFO - root: Computed test embeddings
22-11-12 23:15:44 - INFO - root: Training pytorch-MLP-nhid0-rmsprop-bs128 with standard validation..
22-11-12 23:15:53 - INFO - root: [('reg:1e-05', 42.6), ('reg:0.0001', 43.87), ('reg:0.001', 39.24), ('reg:0.01', 27.25)]
22-11-12 23:15:53 - INFO - root: Validation : best param found is reg = 0.0001 with score             43.87
22-11-12 23:15:53 - INFO - root: Evaluating...
22-11-12 23:15:56 - INFO - root: ***** Transfer task : TREC *****


22-11-12 23:15:58 - INFO - root: Computed train embeddings
22-11-12 23:15:58 - INFO - root: Computed test embeddings
22-11-12 23:15:58 - INFO - root: Training pytorch-MLP-nhid0-rmsprop-bs128 with 5-fold cross-validation
22-11-12 23:16:23 - INFO - root: [('reg:1e-05', 83.68), ('reg:0.0001', 81.02), ('reg:0.001', 71.64), ('reg:0.01', 48.94)]
22-11-12 23:16:23 - INFO - root: Cross-validation : best param found is reg = 1e-05             with score 83.68
22-11-12 23:16:23 - INFO - root: Evaluating...
22-11-12 23:16:25 - INFO - root: ***** Transfer task : MRPC *****


22-11-12 23:16:25 - INFO - root: Computing embedding for train
22-11-12 23:16:29 - INFO - root: Computed train embeddings
22-11-12 23:16:29 - INFO - root: Computing embedding for test
22-11-12 23:16:31 - INFO - root: Computed test embeddings
22-11-12 23:16:31 - INFO - root: Training pytorch-MLP-nhid0-rmsprop-bs128 with 5-fold cross-validation
22-11-12 23:16:45 - INFO - root: [('reg:1e-05', 77.04), ('reg:0.0001', 76.57), ('reg:0.001', 74.29), ('reg:0.01', 68.13)]
22-11-12 23:16:45 - INFO - root: Cross-validation : best param found is reg = 1e-05             with score 77.04
22-11-12 23:16:45 - INFO - root: Evaluating...
