22-11-13 15:59:06 - INFO - __main__: Laser model is loaded.
22-11-13 15:59:07 - INFO - __main__: Num of Laser features: 1024
22-11-13 15:59:08 - INFO - root: Generating sentence embeddings
22-11-13 15:59:12 - INFO - root: Generated sentence embeddings
22-11-13 15:59:12 - INFO - root: Training pytorch-MLP-nhid0-rmsprop-bs128 with (inner) 5-fold cross-validation
22-11-13 15:59:41 - INFO - root: Best param found at split 1: l2reg = 0.0001                 with score 66.82
22-11-13 16:00:15 - INFO - root: Best param found at split 2: l2reg = 1e-05                 with score 69.65
22-11-13 16:00:49 - INFO - root: Best param found at split 3: l2reg = 0.0001                 with score 69.06
22-11-13 16:01:20 - INFO - root: Best param found at split 4: l2reg = 0.0001                 with score 67.68
22-11-13 16:01:53 - INFO - root: Best param found at split 5: l2reg = 0.0001                 with score 68.23
22-11-13 16:01:55 - INFO - root: Generating sentence embeddings
22-11-13 16:01:57 - INFO - root: Generated sentence embeddings
22-11-13 16:01:57 - INFO - root: Training pytorch-MLP-nhid0-rmsprop-bs128 with (inner) 5-fold cross-validation
22-11-13 16:02:09 - INFO - root: Best param found at split 1: l2reg = 0.01                 with score 76.92
22-11-13 16:02:20 - INFO - root: Best param found at split 2: l2reg = 0.001                 with score 77.09
22-11-13 16:02:32 - INFO - root: Best param found at split 3: l2reg = 0.001                 with score 77.78
22-11-13 16:02:43 - INFO - root: Best param found at split 4: l2reg = 0.0001                 with score 76.95
22-11-13 16:02:54 - INFO - root: Best param found at split 5: l2reg = 1e-05                 with score 75.1
22-11-13 16:02:55 - INFO - root: Generating sentence embeddings
22-11-13 16:03:00 - INFO - root: Generated sentence embeddings
22-11-13 16:03:00 - INFO - root: Training pytorch-MLP-nhid0-rmsprop-bs128 with (inner) 5-fold cross-validation
22-11-13 16:03:27 - INFO - root: Best param found at split 1: l2reg = 1e-05                 with score 88.99
22-11-13 16:03:55 - INFO - root: Best param found at split 2: l2reg = 0.01                 with score 88.78
22-11-13 16:04:25 - INFO - root: Best param found at split 3: l2reg = 0.01                 with score 89.22
22-11-13 16:04:46 - INFO - root: Best param found at split 4: l2reg = 0.01                 with score 89.26
22-11-13 16:05:17 - INFO - root: Best param found at split 5: l2reg = 0.01                 with score 89.24
22-11-13 16:05:18 - INFO - root: Generating sentence embeddings
22-11-13 16:05:20 - INFO - root: Generated sentence embeddings
22-11-13 16:05:20 - INFO - root: Training pytorch-MLP-nhid0-rmsprop-bs128 with (inner) 5-fold cross-validation
22-11-13 16:05:51 - INFO - root: Best param found at split 1: l2reg = 0.01                 with score 87.03
22-11-13 16:06:13 - INFO - root: Best param found at split 2: l2reg = 0.01                 with score 86.01
22-11-13 16:06:45 - INFO - root: Best param found at split 3: l2reg = 0.01                 with score 87.02
22-11-13 16:07:14 - INFO - root: Best param found at split 4: l2reg = 1e-05                 with score 87.0
22-11-13 16:07:44 - INFO - root: Best param found at split 5: l2reg = 1e-05                 with score 86.12
22-11-13 16:07:46 - INFO - root: Computing embedding for train
22-11-13 16:07:49 - INFO - root: Computed train embeddings
22-11-13 16:07:49 - INFO - root: Computing embedding for dev
22-11-13 16:07:50 - INFO - root: Computed dev embeddings
22-11-13 16:07:50 - INFO - root: Computing embedding for test
22-11-13 16:07:50 - INFO - root: Computed test embeddings
22-11-13 16:07:50 - INFO - root: Training pytorch-MLP-nhid0-rmsprop-bs128 with standard validation..
22-11-13 16:07:58 - INFO - root: [('reg:1e-05', 37.87), ('reg:0.0001', 38.42), ('reg:0.001', 33.97), ('reg:0.01', 37.97)]
22-11-13 16:07:58 - INFO - root: Validation : best param found is reg = 0.0001 with score             38.42
22-11-13 16:07:58 - INFO - root: Evaluating...
22-11-13 16:08:00 - INFO - root: ***** Transfer task : TREC *****


22-11-13 16:08:01 - INFO - root: Computed train embeddings
22-11-13 16:08:01 - INFO - root: Computed test embeddings
22-11-13 16:08:01 - INFO - root: Training pytorch-MLP-nhid0-rmsprop-bs128 with 5-fold cross-validation
22-11-13 16:08:22 - INFO - root: [('reg:1e-05', 74.95), ('reg:0.0001', 75.31), ('reg:0.001', 74.82), ('reg:0.01', 72.98)]
22-11-13 16:08:22 - INFO - root: Cross-validation : best param found is reg = 0.0001             with score 75.31
22-11-13 16:08:22 - INFO - root: Evaluating...
22-11-13 16:08:23 - INFO - root: ***** Transfer task : MRPC *****


22-11-13 16:08:23 - INFO - root: Computing embedding for train
22-11-13 16:08:27 - INFO - root: Computed train embeddings
22-11-13 16:08:27 - INFO - root: Computing embedding for test
22-11-13 16:08:29 - INFO - root: Computed test embeddings
22-11-13 16:08:29 - INFO - root: Training pytorch-MLP-nhid0-rmsprop-bs128 with 5-fold cross-validation
22-11-13 16:08:43 - INFO - root: [('reg:1e-05', 72.08), ('reg:0.0001', 72.33), ('reg:0.001', 72.96), ('reg:0.01', 72.28)]
22-11-13 16:08:43 - INFO - root: Cross-validation : best param found is reg = 0.001             with score 72.96
22-11-13 16:08:43 - INFO - root: Evaluating...
