22-11-13 04:51:01 - INFO - __main__: Laser model is loaded.
22-11-13 04:51:01 - INFO - __main__: Num of Laser features: 1024
22-11-13 04:51:02 - INFO - root: Generating sentence embeddings
22-11-13 04:51:07 - INFO - root: Generated sentence embeddings
22-11-13 04:51:07 - INFO - root: Training pytorch-MLP-nhid0-rmsprop-bs128 with (inner) 5-fold cross-validation
22-11-13 04:51:31 - INFO - root: Best param found at split 1: l2reg = 1e-05                 with score 63.2
22-11-13 04:52:02 - INFO - root: Best param found at split 2: l2reg = 0.001                 with score 65.18
22-11-13 04:52:32 - INFO - root: Best param found at split 3: l2reg = 1e-05                 with score 65.67
22-11-13 04:53:03 - INFO - root: Best param found at split 4: l2reg = 0.001                 with score 64.89
22-11-13 04:53:36 - INFO - root: Best param found at split 5: l2reg = 1e-05                 with score 65.28
22-11-13 04:53:37 - INFO - root: Generating sentence embeddings
22-11-13 04:53:38 - INFO - root: Generated sentence embeddings
22-11-13 04:53:38 - INFO - root: Training pytorch-MLP-nhid0-rmsprop-bs128 with (inner) 5-fold cross-validation
22-11-13 04:53:48 - INFO - root: Best param found at split 1: l2reg = 1e-05                 with score 70.46
22-11-13 04:53:59 - INFO - root: Best param found at split 2: l2reg = 0.001                 with score 72.19
22-11-13 04:54:10 - INFO - root: Best param found at split 3: l2reg = 0.001                 with score 71.75
22-11-13 04:54:22 - INFO - root: Best param found at split 4: l2reg = 1e-05                 with score 71.52
22-11-13 04:54:35 - INFO - root: Best param found at split 5: l2reg = 0.001                 with score 71.59
22-11-13 04:54:36 - INFO - root: Generating sentence embeddings
22-11-13 04:54:40 - INFO - root: Generated sentence embeddings
22-11-13 04:54:40 - INFO - root: Training pytorch-MLP-nhid0-rmsprop-bs128 with (inner) 5-fold cross-validation
22-11-13 04:55:08 - INFO - root: Best param found at split 1: l2reg = 0.01                 with score 83.94
22-11-13 04:55:36 - INFO - root: Best param found at split 2: l2reg = 0.001                 with score 83.44
22-11-13 04:56:05 - INFO - root: Best param found at split 3: l2reg = 0.01                 with score 83.49
22-11-13 04:56:34 - INFO - root: Best param found at split 4: l2reg = 0.01                 with score 83.46
22-11-13 04:57:03 - INFO - root: Best param found at split 5: l2reg = 0.01                 with score 83.41
22-11-13 04:57:05 - INFO - root: Generating sentence embeddings
22-11-13 04:57:06 - INFO - root: Generated sentence embeddings
22-11-13 04:57:06 - INFO - root: Training pytorch-MLP-nhid0-rmsprop-bs128 with (inner) 5-fold cross-validation
22-11-13 04:57:34 - INFO - root: Best param found at split 1: l2reg = 0.001                 with score 83.68
22-11-13 04:58:02 - INFO - root: Best param found at split 2: l2reg = 0.01                 with score 83.15
22-11-13 04:58:30 - INFO - root: Best param found at split 3: l2reg = 0.01                 with score 84.09
22-11-13 04:58:58 - INFO - root: Best param found at split 4: l2reg = 0.01                 with score 83.58
22-11-13 04:59:27 - INFO - root: Best param found at split 5: l2reg = 0.001                 with score 83.15
22-11-13 04:59:29 - INFO - root: Computing embedding for train
22-11-13 04:59:32 - INFO - root: Computed train embeddings
22-11-13 04:59:32 - INFO - root: Computing embedding for dev
22-11-13 04:59:33 - INFO - root: Computed dev embeddings
22-11-13 04:59:33 - INFO - root: Computing embedding for test
22-11-13 04:59:34 - INFO - root: Computed test embeddings
22-11-13 04:59:34 - INFO - root: Training pytorch-MLP-nhid0-rmsprop-bs128 with standard validation..
22-11-13 04:59:41 - INFO - root: [('reg:1e-05', 34.15), ('reg:0.0001', 33.7), ('reg:0.001', 32.61), ('reg:0.01', 31.88)]
22-11-13 04:59:41 - INFO - root: Validation : best param found is reg = 1e-05 with score             34.15
22-11-13 04:59:41 - INFO - root: Evaluating...
22-11-13 04:59:42 - INFO - root: ***** Transfer task : TREC *****


22-11-13 04:59:44 - INFO - root: Computed train embeddings
22-11-13 04:59:44 - INFO - root: Computed test embeddings
22-11-13 04:59:44 - INFO - root: Training pytorch-MLP-nhid0-rmsprop-bs128 with 5-fold cross-validation
22-11-13 05:00:01 - INFO - root: [('reg:1e-05', 64.14), ('reg:0.0001', 64.01), ('reg:0.001', 64.25), ('reg:0.01', 62.2)]
22-11-13 05:00:01 - INFO - root: Cross-validation : best param found is reg = 0.001             with score 64.25
22-11-13 05:00:01 - INFO - root: Evaluating...
22-11-13 05:00:02 - INFO - root: ***** Transfer task : MRPC *****


22-11-13 05:00:02 - INFO - root: Computing embedding for train
22-11-13 05:00:06 - INFO - root: Computed train embeddings
22-11-13 05:00:06 - INFO - root: Computing embedding for test
22-11-13 05:00:08 - INFO - root: Computed test embeddings
22-11-13 05:00:08 - INFO - root: Training pytorch-MLP-nhid0-rmsprop-bs128 with 5-fold cross-validation
22-11-13 05:00:21 - INFO - root: [('reg:1e-05', 72.03), ('reg:0.0001', 72.33), ('reg:0.001', 72.45), ('reg:0.01', 72.25)]
22-11-13 05:00:21 - INFO - root: Cross-validation : best param found is reg = 0.001             with score 72.45
22-11-13 05:00:21 - INFO - root: Evaluating...
