22-11-13 07:22:39 - INFO - __main__: Laser model is loaded.
22-11-13 07:22:39 - INFO - __main__: Num of Laser features: 1024
22-11-13 07:22:40 - INFO - root: Generating sentence embeddings
22-11-13 07:22:44 - INFO - root: Generated sentence embeddings
22-11-13 07:22:44 - INFO - root: Training pytorch-MLP-nhid0-rmsprop-bs128 with (inner) 5-fold cross-validation
22-11-13 07:23:13 - INFO - root: Best param found at split 1: l2reg = 1e-05                 with score 63.2
22-11-13 07:23:46 - INFO - root: Best param found at split 2: l2reg = 1e-05                 with score 63.4
22-11-13 07:24:17 - INFO - root: Best param found at split 3: l2reg = 0.0001                 with score 63.47
22-11-13 07:24:47 - INFO - root: Best param found at split 4: l2reg = 0.001                 with score 62.84
22-11-13 07:25:21 - INFO - root: Best param found at split 5: l2reg = 1e-05                 with score 63.92
22-11-13 07:25:23 - INFO - root: Generating sentence embeddings
22-11-13 07:25:24 - INFO - root: Generated sentence embeddings
22-11-13 07:25:24 - INFO - root: Training pytorch-MLP-nhid0-rmsprop-bs128 with (inner) 5-fold cross-validation
22-11-13 07:25:34 - INFO - root: Best param found at split 1: l2reg = 0.0001                 with score 73.54
22-11-13 07:25:45 - INFO - root: Best param found at split 2: l2reg = 0.001                 with score 70.07
22-11-13 07:25:56 - INFO - root: Best param found at split 3: l2reg = 0.001                 with score 74.01
22-11-13 07:26:07 - INFO - root: Best param found at split 4: l2reg = 0.0001                 with score 72.15
22-11-13 07:26:17 - INFO - root: Best param found at split 5: l2reg = 0.0001                 with score 71.32
22-11-13 07:26:18 - INFO - root: Generating sentence embeddings
22-11-13 07:26:22 - INFO - root: Generated sentence embeddings
22-11-13 07:26:22 - INFO - root: Training pytorch-MLP-nhid0-rmsprop-bs128 with (inner) 5-fold cross-validation
22-11-13 07:26:45 - INFO - root: Best param found at split 1: l2reg = 0.01                 with score 84.54
22-11-13 07:27:15 - INFO - root: Best param found at split 2: l2reg = 0.001                 with score 85.22
22-11-13 07:27:45 - INFO - root: Best param found at split 3: l2reg = 0.01                 with score 85.08
22-11-13 07:28:12 - INFO - root: Best param found at split 4: l2reg = 0.01                 with score 85.78
22-11-13 07:28:41 - INFO - root: Best param found at split 5: l2reg = 0.01                 with score 84.41
22-11-13 07:28:43 - INFO - root: Generating sentence embeddings
22-11-13 07:28:45 - INFO - root: Generated sentence embeddings
22-11-13 07:28:45 - INFO - root: Training pytorch-MLP-nhid0-rmsprop-bs128 with (inner) 5-fold cross-validation
22-11-13 07:29:09 - INFO - root: Best param found at split 1: l2reg = 0.001                 with score 84.9
22-11-13 07:29:39 - INFO - root: Best param found at split 2: l2reg = 0.001                 with score 83.25
22-11-13 07:30:09 - INFO - root: Best param found at split 3: l2reg = 0.001                 with score 85.08
22-11-13 07:30:40 - INFO - root: Best param found at split 4: l2reg = 1e-05                 with score 85.28
22-11-13 07:31:12 - INFO - root: Best param found at split 5: l2reg = 0.01                 with score 84.67
22-11-13 07:31:14 - INFO - root: Computing embedding for train
22-11-13 07:31:17 - INFO - root: Computed train embeddings
22-11-13 07:31:17 - INFO - root: Computing embedding for dev
22-11-13 07:31:18 - INFO - root: Computed dev embeddings
22-11-13 07:31:18 - INFO - root: Computing embedding for test
22-11-13 07:31:19 - INFO - root: Computed test embeddings
22-11-13 07:31:19 - INFO - root: Training pytorch-MLP-nhid0-rmsprop-bs128 with standard validation..
22-11-13 07:31:25 - INFO - root: [('reg:1e-05', 32.43), ('reg:0.0001', 38.06), ('reg:0.001', 37.6), ('reg:0.01', 33.51)]
22-11-13 07:31:25 - INFO - root: Validation : best param found is reg = 0.0001 with score             38.06
22-11-13 07:31:25 - INFO - root: Evaluating...
22-11-13 07:31:27 - INFO - root: ***** Transfer task : TREC *****


22-11-13 07:31:28 - INFO - root: Computed train embeddings
22-11-13 07:31:28 - INFO - root: Computed test embeddings
22-11-13 07:31:28 - INFO - root: Training pytorch-MLP-nhid0-rmsprop-bs128 with 5-fold cross-validation
22-11-13 07:31:46 - INFO - root: [('reg:1e-05', 69.41), ('reg:0.0001', 68.54), ('reg:0.001', 68.29), ('reg:0.01', 66.6)]
22-11-13 07:31:46 - INFO - root: Cross-validation : best param found is reg = 1e-05             with score 69.41
22-11-13 07:31:46 - INFO - root: Evaluating...
22-11-13 07:31:47 - INFO - root: ***** Transfer task : MRPC *****


22-11-13 07:31:48 - INFO - root: Computing embedding for train
22-11-13 07:31:52 - INFO - root: Computed train embeddings
22-11-13 07:31:52 - INFO - root: Computing embedding for test
22-11-13 07:31:53 - INFO - root: Computed test embeddings
22-11-13 07:31:53 - INFO - root: Training pytorch-MLP-nhid0-rmsprop-bs128 with 5-fold cross-validation
22-11-13 07:32:05 - INFO - root: [('reg:1e-05', 71.3), ('reg:0.0001', 71.66), ('reg:0.001', 71.57), ('reg:0.01', 71.12)]
22-11-13 07:32:05 - INFO - root: Cross-validation : best param found is reg = 0.0001             with score 71.66
22-11-13 07:32:05 - INFO - root: Evaluating...
