22-11-13 06:49:09 - INFO - __main__: Laser model is loaded.
22-11-13 06:49:09 - INFO - __main__: Num of Laser features: 1024
22-11-13 06:49:10 - INFO - root: Generating sentence embeddings
22-11-13 06:49:15 - INFO - root: Generated sentence embeddings
22-11-13 06:49:15 - INFO - root: Training pytorch-MLP-nhid0-rmsprop-bs128 with (inner) 5-fold cross-validation
22-11-13 06:49:46 - INFO - root: Best param found at split 1: l2reg = 1e-05                 with score 64.85
22-11-13 06:50:16 - INFO - root: Best param found at split 2: l2reg = 1e-05                 with score 63.2
22-11-13 06:50:47 - INFO - root: Best param found at split 3: l2reg = 0.001                 with score 65.96
22-11-13 06:51:20 - INFO - root: Best param found at split 4: l2reg = 0.001                 with score 65.24
22-11-13 06:51:52 - INFO - root: Best param found at split 5: l2reg = 1e-05                 with score 64.1
22-11-13 06:51:53 - INFO - root: Generating sentence embeddings
22-11-13 06:51:55 - INFO - root: Generated sentence embeddings
22-11-13 06:51:55 - INFO - root: Training pytorch-MLP-nhid0-rmsprop-bs128 with (inner) 5-fold cross-validation
22-11-13 06:52:06 - INFO - root: Best param found at split 1: l2reg = 0.001                 with score 75.96
22-11-13 06:52:18 - INFO - root: Best param found at split 2: l2reg = 0.0001                 with score 75.6
22-11-13 06:52:30 - INFO - root: Best param found at split 3: l2reg = 1e-05                 with score 75.73
22-11-13 06:52:41 - INFO - root: Best param found at split 4: l2reg = 0.01                 with score 73.11
22-11-13 06:52:51 - INFO - root: Best param found at split 5: l2reg = 0.01                 with score 75.07
22-11-13 06:52:52 - INFO - root: Generating sentence embeddings
22-11-13 06:52:57 - INFO - root: Generated sentence embeddings
22-11-13 06:52:57 - INFO - root: Training pytorch-MLP-nhid0-rmsprop-bs128 with (inner) 5-fold cross-validation
22-11-13 06:53:22 - INFO - root: Best param found at split 1: l2reg = 0.01                 with score 85.1
22-11-13 06:53:52 - INFO - root: Best param found at split 2: l2reg = 0.01                 with score 85.52
22-11-13 06:54:19 - INFO - root: Best param found at split 3: l2reg = 0.01                 with score 85.11
22-11-13 06:54:50 - INFO - root: Best param found at split 4: l2reg = 0.001                 with score 85.4
22-11-13 06:55:19 - INFO - root: Best param found at split 5: l2reg = 0.001                 with score 84.9
22-11-13 06:55:22 - INFO - root: Generating sentence embeddings
22-11-13 06:55:24 - INFO - root: Generated sentence embeddings
22-11-13 06:55:24 - INFO - root: Training pytorch-MLP-nhid0-rmsprop-bs128 with (inner) 5-fold cross-validation
22-11-13 06:55:52 - INFO - root: Best param found at split 1: l2reg = 0.001                 with score 84.21
22-11-13 06:56:21 - INFO - root: Best param found at split 2: l2reg = 0.001                 with score 84.67
22-11-13 06:56:49 - INFO - root: Best param found at split 3: l2reg = 1e-05                 with score 84.11
22-11-13 06:57:18 - INFO - root: Best param found at split 4: l2reg = 1e-05                 with score 84.53
22-11-13 06:57:50 - INFO - root: Best param found at split 5: l2reg = 1e-05                 with score 83.09
22-11-13 06:57:52 - INFO - root: Computing embedding for train
22-11-13 06:57:55 - INFO - root: Computed train embeddings
22-11-13 06:57:55 - INFO - root: Computing embedding for dev
22-11-13 06:57:55 - INFO - root: Computed dev embeddings
22-11-13 06:57:55 - INFO - root: Computing embedding for test
22-11-13 06:57:56 - INFO - root: Computed test embeddings
22-11-13 06:57:56 - INFO - root: Training pytorch-MLP-nhid0-rmsprop-bs128 with standard validation..
22-11-13 06:58:03 - INFO - root: [('reg:1e-05', 34.33), ('reg:0.0001', 32.24), ('reg:0.001', 35.33), ('reg:0.01', 34.7)]
22-11-13 06:58:03 - INFO - root: Validation : best param found is reg = 0.001 with score             35.33
22-11-13 06:58:03 - INFO - root: Evaluating...
22-11-13 06:58:04 - INFO - root: ***** Transfer task : TREC *****


22-11-13 06:58:06 - INFO - root: Computed train embeddings
22-11-13 06:58:06 - INFO - root: Computed test embeddings
22-11-13 06:58:06 - INFO - root: Training pytorch-MLP-nhid0-rmsprop-bs128 with 5-fold cross-validation
22-11-13 06:58:24 - INFO - root: [('reg:1e-05', 66.74), ('reg:0.0001', 66.84), ('reg:0.001', 66.91), ('reg:0.01', 63.19)]
22-11-13 06:58:24 - INFO - root: Cross-validation : best param found is reg = 0.001             with score 66.91
22-11-13 06:58:24 - INFO - root: Evaluating...
22-11-13 06:58:26 - INFO - root: ***** Transfer task : MRPC *****


22-11-13 06:58:26 - INFO - root: Computing embedding for train
22-11-13 06:58:30 - INFO - root: Computed train embeddings
22-11-13 06:58:30 - INFO - root: Computing embedding for test
22-11-13 06:58:31 - INFO - root: Computed test embeddings
22-11-13 06:58:31 - INFO - root: Training pytorch-MLP-nhid0-rmsprop-bs128 with 5-fold cross-validation
22-11-13 06:58:45 - INFO - root: [('reg:1e-05', 70.9), ('reg:0.0001', 71.64), ('reg:0.001', 72.3), ('reg:0.01', 72.01)]
22-11-13 06:58:45 - INFO - root: Cross-validation : best param found is reg = 0.001             with score 72.3
22-11-13 06:58:45 - INFO - root: Evaluating...
