22-11-13 09:53:44 - INFO - __main__: Laser model is loaded.
22-11-13 09:53:45 - INFO - __main__: Num of Laser features: 1024
22-11-13 09:53:46 - INFO - root: Generating sentence embeddings
22-11-13 09:53:50 - INFO - root: Generated sentence embeddings
22-11-13 09:53:50 - INFO - root: Training pytorch-MLP-nhid0-rmsprop-bs128 with (inner) 5-fold cross-validation
22-11-13 09:54:22 - INFO - root: Best param found at split 1: l2reg = 0.001                 with score 65.81
22-11-13 09:54:49 - INFO - root: Best param found at split 2: l2reg = 0.0001                 with score 65.69
22-11-13 09:55:15 - INFO - root: Best param found at split 3: l2reg = 0.001                 with score 66.96
22-11-13 09:55:45 - INFO - root: Best param found at split 4: l2reg = 1e-05                 with score 63.81
22-11-13 09:56:19 - INFO - root: Best param found at split 5: l2reg = 0.0001                 with score 66.32
22-11-13 09:56:21 - INFO - root: Generating sentence embeddings
22-11-13 09:56:22 - INFO - root: Generated sentence embeddings
22-11-13 09:56:22 - INFO - root: Training pytorch-MLP-nhid0-rmsprop-bs128 with (inner) 5-fold cross-validation
22-11-13 09:56:32 - INFO - root: Best param found at split 1: l2reg = 1e-05                 with score 76.62
22-11-13 09:56:42 - INFO - root: Best param found at split 2: l2reg = 0.01                 with score 73.28
22-11-13 09:56:54 - INFO - root: Best param found at split 3: l2reg = 1e-05                 with score 76.42
22-11-13 09:57:05 - INFO - root: Best param found at split 4: l2reg = 0.01                 with score 76.66
22-11-13 09:57:16 - INFO - root: Best param found at split 5: l2reg = 0.01                 with score 75.99
22-11-13 09:57:16 - INFO - root: Generating sentence embeddings
22-11-13 09:57:21 - INFO - root: Generated sentence embeddings
22-11-13 09:57:21 - INFO - root: Training pytorch-MLP-nhid0-rmsprop-bs128 with (inner) 5-fold cross-validation
22-11-13 09:57:50 - INFO - root: Best param found at split 1: l2reg = 0.001                 with score 86.35
22-11-13 09:58:21 - INFO - root: Best param found at split 2: l2reg = 0.01                 with score 86.37
22-11-13 09:58:47 - INFO - root: Best param found at split 3: l2reg = 0.001                 with score 86.1
22-11-13 09:59:14 - INFO - root: Best param found at split 4: l2reg = 0.001                 with score 86.15
22-11-13 09:59:45 - INFO - root: Best param found at split 5: l2reg = 1e-05                 with score 85.75
22-11-13 09:59:47 - INFO - root: Generating sentence embeddings
22-11-13 09:59:49 - INFO - root: Generated sentence embeddings
22-11-13 09:59:49 - INFO - root: Training pytorch-MLP-nhid0-rmsprop-bs128 with (inner) 5-fold cross-validation
22-11-13 10:00:10 - INFO - root: Best param found at split 1: l2reg = 0.001                 with score 85.88
22-11-13 10:00:41 - INFO - root: Best param found at split 2: l2reg = 0.01                 with score 85.6
22-11-13 10:01:14 - INFO - root: Best param found at split 3: l2reg = 0.01                 with score 86.69
22-11-13 10:01:44 - INFO - root: Best param found at split 4: l2reg = 1e-05                 with score 86.45
22-11-13 10:02:14 - INFO - root: Best param found at split 5: l2reg = 0.001                 with score 84.84
22-11-13 10:02:15 - INFO - root: Computing embedding for train
22-11-13 10:02:19 - INFO - root: Computed train embeddings
22-11-13 10:02:19 - INFO - root: Computing embedding for dev
22-11-13 10:02:19 - INFO - root: Computed dev embeddings
22-11-13 10:02:19 - INFO - root: Computing embedding for test
22-11-13 10:02:20 - INFO - root: Computed test embeddings
22-11-13 10:02:20 - INFO - root: Training pytorch-MLP-nhid0-rmsprop-bs128 with standard validation..
22-11-13 10:02:26 - INFO - root: [('reg:1e-05', 35.33), ('reg:0.0001', 32.97), ('reg:0.001', 30.79), ('reg:0.01', 33.51)]
22-11-13 10:02:26 - INFO - root: Validation : best param found is reg = 1e-05 with score             35.33
22-11-13 10:02:26 - INFO - root: Evaluating...
22-11-13 10:02:28 - INFO - root: ***** Transfer task : TREC *****


22-11-13 10:02:30 - INFO - root: Computed train embeddings
22-11-13 10:02:30 - INFO - root: Computed test embeddings
22-11-13 10:02:30 - INFO - root: Training pytorch-MLP-nhid0-rmsprop-bs128 with 5-fold cross-validation
22-11-13 10:02:49 - INFO - root: [('reg:1e-05', 71.74), ('reg:0.0001', 73.2), ('reg:0.001', 72.34), ('reg:0.01', 68.25)]
22-11-13 10:02:49 - INFO - root: Cross-validation : best param found is reg = 0.0001             with score 73.2
22-11-13 10:02:49 - INFO - root: Evaluating...
22-11-13 10:02:50 - INFO - root: ***** Transfer task : MRPC *****


22-11-13 10:02:50 - INFO - root: Computing embedding for train
22-11-13 10:02:54 - INFO - root: Computed train embeddings
22-11-13 10:02:54 - INFO - root: Computing embedding for test
22-11-13 10:02:56 - INFO - root: Computed test embeddings
22-11-13 10:02:56 - INFO - root: Training pytorch-MLP-nhid0-rmsprop-bs128 with 5-fold cross-validation
22-11-13 10:03:09 - INFO - root: [('reg:1e-05', 72.25), ('reg:0.0001', 72.89), ('reg:0.001', 72.57), ('reg:0.01', 72.18)]
22-11-13 10:03:09 - INFO - root: Cross-validation : best param found is reg = 0.0001             with score 72.89
22-11-13 10:03:09 - INFO - root: Evaluating...
