22-11-13 13:55:23 - INFO - __main__: Laser model is loaded.
22-11-13 13:55:23 - INFO - __main__: Num of Laser features: 1024
22-11-13 13:55:24 - INFO - root: Generating sentence embeddings
22-11-13 13:55:29 - INFO - root: Generated sentence embeddings
22-11-13 13:55:29 - INFO - root: Training pytorch-MLP-nhid0-rmsprop-bs128 with (inner) 5-fold cross-validation
22-11-13 13:56:00 - INFO - root: Best param found at split 1: l2reg = 0.0001                 with score 69.56
22-11-13 13:56:30 - INFO - root: Best param found at split 2: l2reg = 0.0001                 with score 69.5
22-11-13 13:57:01 - INFO - root: Best param found at split 3: l2reg = 0.0001                 with score 68.58
22-11-13 13:57:29 - INFO - root: Best param found at split 4: l2reg = 0.01                 with score 67.28
22-11-13 13:58:05 - INFO - root: Best param found at split 5: l2reg = 0.01                 with score 68.69
22-11-13 13:58:07 - INFO - root: Generating sentence embeddings
22-11-13 13:58:09 - INFO - root: Generated sentence embeddings
22-11-13 13:58:09 - INFO - root: Training pytorch-MLP-nhid0-rmsprop-bs128 with (inner) 5-fold cross-validation
22-11-13 13:58:19 - INFO - root: Best param found at split 1: l2reg = 0.01                 with score 77.68
22-11-13 13:58:30 - INFO - root: Best param found at split 2: l2reg = 0.01                 with score 77.98
22-11-13 13:58:43 - INFO - root: Best param found at split 3: l2reg = 1e-05                 with score 77.81
22-11-13 13:58:54 - INFO - root: Best param found at split 4: l2reg = 1e-05                 with score 76.85
22-11-13 13:59:06 - INFO - root: Best param found at split 5: l2reg = 0.01                 with score 77.15
22-11-13 13:59:06 - INFO - root: Generating sentence embeddings
22-11-13 13:59:11 - INFO - root: Generated sentence embeddings
22-11-13 13:59:11 - INFO - root: Training pytorch-MLP-nhid0-rmsprop-bs128 with (inner) 5-fold cross-validation
22-11-13 13:59:37 - INFO - root: Best param found at split 1: l2reg = 1e-05                 with score 88.51
22-11-13 14:00:06 - INFO - root: Best param found at split 2: l2reg = 0.001                 with score 88.71
22-11-13 14:00:37 - INFO - root: Best param found at split 3: l2reg = 0.01                 with score 89.3
22-11-13 14:01:06 - INFO - root: Best param found at split 4: l2reg = 0.0001                 with score 88.76
22-11-13 14:01:31 - INFO - root: Best param found at split 5: l2reg = 0.0001                 with score 88.02
22-11-13 14:01:32 - INFO - root: Generating sentence embeddings
22-11-13 14:01:34 - INFO - root: Generated sentence embeddings
22-11-13 14:01:34 - INFO - root: Training pytorch-MLP-nhid0-rmsprop-bs128 with (inner) 5-fold cross-validation
22-11-13 14:02:01 - INFO - root: Best param found at split 1: l2reg = 0.01                 with score 86.67
22-11-13 14:02:30 - INFO - root: Best param found at split 2: l2reg = 0.01                 with score 86.91
22-11-13 14:03:01 - INFO - root: Best param found at split 3: l2reg = 0.001                 with score 87.0
22-11-13 14:03:32 - INFO - root: Best param found at split 4: l2reg = 1e-05                 with score 86.66
22-11-13 14:04:02 - INFO - root: Best param found at split 5: l2reg = 0.001                 with score 86.51
22-11-13 14:04:04 - INFO - root: Computing embedding for train
22-11-13 14:04:07 - INFO - root: Computed train embeddings
22-11-13 14:04:07 - INFO - root: Computing embedding for dev
22-11-13 14:04:07 - INFO - root: Computed dev embeddings
22-11-13 14:04:07 - INFO - root: Computing embedding for test
22-11-13 14:04:08 - INFO - root: Computed test embeddings
22-11-13 14:04:08 - INFO - root: Training pytorch-MLP-nhid0-rmsprop-bs128 with standard validation..
22-11-13 14:04:15 - INFO - root: [('reg:1e-05', 32.61), ('reg:0.0001', 35.15), ('reg:0.001', 36.97), ('reg:0.01', 31.7)]
22-11-13 14:04:15 - INFO - root: Validation : best param found is reg = 0.001 with score             36.97
22-11-13 14:04:15 - INFO - root: Evaluating...
22-11-13 14:04:16 - INFO - root: ***** Transfer task : TREC *****


22-11-13 14:04:18 - INFO - root: Computed train embeddings
22-11-13 14:04:18 - INFO - root: Computed test embeddings
22-11-13 14:04:18 - INFO - root: Training pytorch-MLP-nhid0-rmsprop-bs128 with 5-fold cross-validation
22-11-13 14:04:37 - INFO - root: [('reg:1e-05', 75.22), ('reg:0.0001', 73.09), ('reg:0.001', 73.82), ('reg:0.01', 71.39)]
22-11-13 14:04:37 - INFO - root: Cross-validation : best param found is reg = 1e-05             with score 75.22
22-11-13 14:04:37 - INFO - root: Evaluating...
22-11-13 14:04:38 - INFO - root: ***** Transfer task : MRPC *****


22-11-13 14:04:38 - INFO - root: Computing embedding for train
22-11-13 14:04:42 - INFO - root: Computed train embeddings
22-11-13 14:04:42 - INFO - root: Computing embedding for test
22-11-13 14:04:44 - INFO - root: Computed test embeddings
22-11-13 14:04:44 - INFO - root: Training pytorch-MLP-nhid0-rmsprop-bs128 with 5-fold cross-validation
22-11-13 14:04:56 - INFO - root: [('reg:1e-05', 73.06), ('reg:0.0001', 73.36), ('reg:0.001', 74.22), ('reg:0.01', 73.28)]
22-11-13 14:04:56 - INFO - root: Cross-validation : best param found is reg = 0.001             with score 74.22
22-11-13 14:04:56 - INFO - root: Evaluating...
