22-11-13 12:27:56 - INFO - __main__: Laser model is loaded.
22-11-13 12:27:56 - INFO - __main__: Num of Laser features: 1024
22-11-13 12:27:57 - INFO - root: Generating sentence embeddings
22-11-13 12:28:01 - INFO - root: Generated sentence embeddings
22-11-13 12:28:01 - INFO - root: Training pytorch-MLP-nhid0-rmsprop-bs128 with (inner) 5-fold cross-validation
22-11-13 12:28:29 - INFO - root: Best param found at split 1: l2reg = 1e-05                 with score 65.88
22-11-13 12:29:04 - INFO - root: Best param found at split 2: l2reg = 0.01                 with score 67.17
22-11-13 12:29:36 - INFO - root: Best param found at split 3: l2reg = 1e-05                 with score 66.96
22-11-13 12:30:07 - INFO - root: Best param found at split 4: l2reg = 1e-05                 with score 67.09
22-11-13 12:30:40 - INFO - root: Best param found at split 5: l2reg = 0.0001                 with score 67.85
22-11-13 12:30:42 - INFO - root: Generating sentence embeddings
22-11-13 12:30:43 - INFO - root: Generated sentence embeddings
22-11-13 12:30:43 - INFO - root: Training pytorch-MLP-nhid0-rmsprop-bs128 with (inner) 5-fold cross-validation
22-11-13 12:30:53 - INFO - root: Best param found at split 1: l2reg = 0.0001                 with score 76.29
22-11-13 12:31:03 - INFO - root: Best param found at split 2: l2reg = 0.01                 with score 74.74
22-11-13 12:31:14 - INFO - root: Best param found at split 3: l2reg = 0.0001                 with score 76.09
22-11-13 12:31:26 - INFO - root: Best param found at split 4: l2reg = 0.0001                 with score 74.47
22-11-13 12:31:38 - INFO - root: Best param found at split 5: l2reg = 1e-05                 with score 75.4
22-11-13 12:31:39 - INFO - root: Generating sentence embeddings
22-11-13 12:31:43 - INFO - root: Generated sentence embeddings
22-11-13 12:31:43 - INFO - root: Training pytorch-MLP-nhid0-rmsprop-bs128 with (inner) 5-fold cross-validation
22-11-13 12:32:11 - INFO - root: Best param found at split 1: l2reg = 0.001                 with score 87.38
22-11-13 12:32:41 - INFO - root: Best param found at split 2: l2reg = 1e-05                 with score 87.82
22-11-13 12:33:10 - INFO - root: Best param found at split 3: l2reg = 0.001                 with score 87.34
22-11-13 12:33:41 - INFO - root: Best param found at split 4: l2reg = 0.001                 with score 87.69
22-11-13 12:34:11 - INFO - root: Best param found at split 5: l2reg = 0.0001                 with score 87.25
22-11-13 12:34:12 - INFO - root: Generating sentence embeddings
22-11-13 12:34:14 - INFO - root: Generated sentence embeddings
22-11-13 12:34:14 - INFO - root: Training pytorch-MLP-nhid0-rmsprop-bs128 with (inner) 5-fold cross-validation
22-11-13 12:34:43 - INFO - root: Best param found at split 1: l2reg = 1e-05                 with score 86.61
22-11-13 12:35:12 - INFO - root: Best param found at split 2: l2reg = 0.01                 with score 85.93
22-11-13 12:35:44 - INFO - root: Best param found at split 3: l2reg = 0.001                 with score 86.45
22-11-13 12:36:14 - INFO - root: Best param found at split 4: l2reg = 1e-05                 with score 86.18
22-11-13 12:36:44 - INFO - root: Best param found at split 5: l2reg = 1e-05                 with score 85.86
22-11-13 12:36:46 - INFO - root: Computing embedding for train
22-11-13 12:36:49 - INFO - root: Computed train embeddings
22-11-13 12:36:49 - INFO - root: Computing embedding for dev
22-11-13 12:36:49 - INFO - root: Computed dev embeddings
22-11-13 12:36:49 - INFO - root: Computing embedding for test
22-11-13 12:36:50 - INFO - root: Computed test embeddings
22-11-13 12:36:50 - INFO - root: Training pytorch-MLP-nhid0-rmsprop-bs128 with standard validation..
22-11-13 12:36:58 - INFO - root: [('reg:1e-05', 36.51), ('reg:0.0001', 36.97), ('reg:0.001', 36.78), ('reg:0.01', 36.69)]
22-11-13 12:36:58 - INFO - root: Validation : best param found is reg = 0.0001 with score             36.97
22-11-13 12:36:58 - INFO - root: Evaluating...
22-11-13 12:37:00 - INFO - root: ***** Transfer task : TREC *****


22-11-13 12:37:02 - INFO - root: Computed train embeddings
22-11-13 12:37:02 - INFO - root: Computed test embeddings
22-11-13 12:37:02 - INFO - root: Training pytorch-MLP-nhid0-rmsprop-bs128 with 5-fold cross-validation
22-11-13 12:37:21 - INFO - root: [('reg:1e-05', 73.68), ('reg:0.0001', 72.08), ('reg:0.001', 72.89), ('reg:0.01', 72.27)]
22-11-13 12:37:21 - INFO - root: Cross-validation : best param found is reg = 1e-05             with score 73.68
22-11-13 12:37:21 - INFO - root: Evaluating...
22-11-13 12:37:22 - INFO - root: ***** Transfer task : MRPC *****


22-11-13 12:37:22 - INFO - root: Computing embedding for train
22-11-13 12:37:26 - INFO - root: Computed train embeddings
22-11-13 12:37:26 - INFO - root: Computing embedding for test
22-11-13 12:37:28 - INFO - root: Computed test embeddings
22-11-13 12:37:28 - INFO - root: Training pytorch-MLP-nhid0-rmsprop-bs128 with 5-fold cross-validation
22-11-13 12:37:40 - INFO - root: [('reg:1e-05', 73.04), ('reg:0.0001', 73.01), ('reg:0.001', 72.42), ('reg:0.01', 73.68)]
22-11-13 12:37:40 - INFO - root: Cross-validation : best param found is reg = 0.01             with score 73.68
22-11-13 12:37:40 - INFO - root: Evaluating...
