22-11-13 16:17:06 - INFO - __main__: Laser model is loaded.
22-11-13 16:17:07 - INFO - __main__: Num of Laser features: 1024
22-11-13 16:17:08 - INFO - root: Generating sentence embeddings
22-11-13 16:17:12 - INFO - root: Generated sentence embeddings
22-11-13 16:17:12 - INFO - root: Training pytorch-MLP-nhid0-rmsprop-bs128 with (inner) 5-fold cross-validation
22-11-13 16:17:38 - INFO - root: Best param found at split 1: l2reg = 0.01                 with score 65.8
22-11-13 16:18:13 - INFO - root: Best param found at split 2: l2reg = 0.01                 with score 67.09
22-11-13 16:18:47 - INFO - root: Best param found at split 3: l2reg = 1e-05                 with score 70.29
22-11-13 16:19:16 - INFO - root: Best param found at split 4: l2reg = 0.0001                 with score 66.27
22-11-13 16:19:50 - INFO - root: Best param found at split 5: l2reg = 1e-05                 with score 66.57
22-11-13 16:19:52 - INFO - root: Generating sentence embeddings
22-11-13 16:19:53 - INFO - root: Generated sentence embeddings
22-11-13 16:19:53 - INFO - root: Training pytorch-MLP-nhid0-rmsprop-bs128 with (inner) 5-fold cross-validation
22-11-13 16:20:04 - INFO - root: Best param found at split 1: l2reg = 0.001                 with score 75.43
22-11-13 16:20:15 - INFO - root: Best param found at split 2: l2reg = 0.0001                 with score 77.19
22-11-13 16:20:27 - INFO - root: Best param found at split 3: l2reg = 0.0001                 with score 77.15
22-11-13 16:20:38 - INFO - root: Best param found at split 4: l2reg = 0.0001                 with score 73.87
22-11-13 16:20:50 - INFO - root: Best param found at split 5: l2reg = 0.0001                 with score 77.55
22-11-13 16:20:51 - INFO - root: Generating sentence embeddings
22-11-13 16:20:55 - INFO - root: Generated sentence embeddings
22-11-13 16:20:55 - INFO - root: Training pytorch-MLP-nhid0-rmsprop-bs128 with (inner) 5-fold cross-validation
22-11-13 16:21:22 - INFO - root: Best param found at split 1: l2reg = 0.001                 with score 88.1
22-11-13 16:21:52 - INFO - root: Best param found at split 2: l2reg = 0.0001                 with score 88.49
22-11-13 16:22:21 - INFO - root: Best param found at split 3: l2reg = 0.001                 with score 88.48
22-11-13 16:22:50 - INFO - root: Best param found at split 4: l2reg = 0.001                 with score 88.18
22-11-13 16:23:21 - INFO - root: Best param found at split 5: l2reg = 0.01                 with score 88.46
22-11-13 16:23:23 - INFO - root: Generating sentence embeddings
22-11-13 16:23:24 - INFO - root: Generated sentence embeddings
22-11-13 16:23:24 - INFO - root: Training pytorch-MLP-nhid0-rmsprop-bs128 with (inner) 5-fold cross-validation
22-11-13 16:23:56 - INFO - root: Best param found at split 1: l2reg = 1e-05                 with score 87.28
22-11-13 16:24:22 - INFO - root: Best param found at split 2: l2reg = 1e-05                 with score 86.53
22-11-13 16:24:49 - INFO - root: Best param found at split 3: l2reg = 0.01                 with score 87.22
22-11-13 16:25:19 - INFO - root: Best param found at split 4: l2reg = 0.001                 with score 86.15
22-11-13 16:25:49 - INFO - root: Best param found at split 5: l2reg = 0.01                 with score 86.52
22-11-13 16:25:51 - INFO - root: Computing embedding for train
22-11-13 16:25:54 - INFO - root: Computed train embeddings
22-11-13 16:25:54 - INFO - root: Computing embedding for dev
22-11-13 16:25:55 - INFO - root: Computed dev embeddings
22-11-13 16:25:55 - INFO - root: Computing embedding for test
22-11-13 16:25:55 - INFO - root: Computed test embeddings
22-11-13 16:25:55 - INFO - root: Training pytorch-MLP-nhid0-rmsprop-bs128 with standard validation..
22-11-13 16:26:03 - INFO - root: [('reg:1e-05', 36.15), ('reg:0.0001', 35.79), ('reg:0.001', 32.52), ('reg:0.01', 36.33)]
22-11-13 16:26:03 - INFO - root: Validation : best param found is reg = 0.01 with score             36.33
22-11-13 16:26:03 - INFO - root: Evaluating...
22-11-13 16:26:04 - INFO - root: ***** Transfer task : TREC *****


22-11-13 16:26:06 - INFO - root: Computed train embeddings
22-11-13 16:26:06 - INFO - root: Computed test embeddings
22-11-13 16:26:06 - INFO - root: Training pytorch-MLP-nhid0-rmsprop-bs128 with 5-fold cross-validation
22-11-13 16:26:25 - INFO - root: [('reg:1e-05', 72.51), ('reg:0.0001', 71.94), ('reg:0.001', 73.0), ('reg:0.01', 67.09)]
22-11-13 16:26:25 - INFO - root: Cross-validation : best param found is reg = 0.001             with score 73.0
22-11-13 16:26:25 - INFO - root: Evaluating...
22-11-13 16:26:26 - INFO - root: ***** Transfer task : MRPC *****


22-11-13 16:26:26 - INFO - root: Computing embedding for train
22-11-13 16:26:30 - INFO - root: Computed train embeddings
22-11-13 16:26:30 - INFO - root: Computing embedding for test
22-11-13 16:26:32 - INFO - root: Computed test embeddings
22-11-13 16:26:32 - INFO - root: Training pytorch-MLP-nhid0-rmsprop-bs128 with 5-fold cross-validation
22-11-13 16:26:44 - INFO - root: [('reg:1e-05', 72.25), ('reg:0.0001', 72.08), ('reg:0.001', 72.64), ('reg:0.01', 73.11)]
22-11-13 16:26:44 - INFO - root: Cross-validation : best param found is reg = 0.01             with score 73.11
22-11-13 16:26:44 - INFO - root: Evaluating...
