22-11-13 11:19:03 - INFO - __main__: Laser model is loaded.
22-11-13 11:19:04 - INFO - __main__: Num of Laser features: 1024
22-11-13 11:19:05 - INFO - root: Generating sentence embeddings
22-11-13 11:19:09 - INFO - root: Generated sentence embeddings
22-11-13 11:19:09 - INFO - root: Training pytorch-MLP-nhid0-rmsprop-bs128 with (inner) 5-fold cross-validation
22-11-13 11:19:37 - INFO - root: Best param found at split 1: l2reg = 0.001                 with score 65.71
22-11-13 11:20:08 - INFO - root: Best param found at split 2: l2reg = 0.01                 with score 65.53
22-11-13 11:20:42 - INFO - root: Best param found at split 3: l2reg = 1e-05                 with score 65.9
22-11-13 11:21:13 - INFO - root: Best param found at split 4: l2reg = 1e-05                 with score 67.0
22-11-13 11:21:45 - INFO - root: Best param found at split 5: l2reg = 0.01                 with score 66.44
22-11-13 11:21:46 - INFO - root: Generating sentence embeddings
22-11-13 11:21:47 - INFO - root: Generated sentence embeddings
22-11-13 11:21:47 - INFO - root: Training pytorch-MLP-nhid0-rmsprop-bs128 with (inner) 5-fold cross-validation
22-11-13 11:21:58 - INFO - root: Best param found at split 1: l2reg = 1e-05                 with score 77.25
22-11-13 11:22:10 - INFO - root: Best param found at split 2: l2reg = 0.001                 with score 76.82
22-11-13 11:22:21 - INFO - root: Best param found at split 3: l2reg = 0.01                 with score 76.79
22-11-13 11:22:32 - INFO - root: Best param found at split 4: l2reg = 1e-05                 with score 76.16
22-11-13 11:22:44 - INFO - root: Best param found at split 5: l2reg = 0.0001                 with score 76.23
22-11-13 11:22:45 - INFO - root: Generating sentence embeddings
22-11-13 11:22:49 - INFO - root: Generated sentence embeddings
22-11-13 11:22:49 - INFO - root: Training pytorch-MLP-nhid0-rmsprop-bs128 with (inner) 5-fold cross-validation
22-11-13 11:23:14 - INFO - root: Best param found at split 1: l2reg = 1e-05                 with score 86.99
22-11-13 11:23:44 - INFO - root: Best param found at split 2: l2reg = 0.001                 with score 87.34
22-11-13 11:24:14 - INFO - root: Best param found at split 3: l2reg = 0.001                 with score 87.78
22-11-13 11:24:44 - INFO - root: Best param found at split 4: l2reg = 1e-05                 with score 87.51
22-11-13 11:25:17 - INFO - root: Best param found at split 5: l2reg = 0.01                 with score 87.58
22-11-13 11:25:19 - INFO - root: Generating sentence embeddings
22-11-13 11:25:20 - INFO - root: Generated sentence embeddings
22-11-13 11:25:20 - INFO - root: Training pytorch-MLP-nhid0-rmsprop-bs128 with (inner) 5-fold cross-validation
22-11-13 11:25:46 - INFO - root: Best param found at split 1: l2reg = 0.001                 with score 86.76
22-11-13 11:26:17 - INFO - root: Best param found at split 2: l2reg = 0.001                 with score 85.89
22-11-13 11:26:48 - INFO - root: Best param found at split 3: l2reg = 1e-05                 with score 86.76
22-11-13 11:27:20 - INFO - root: Best param found at split 4: l2reg = 0.001                 with score 86.71
22-11-13 11:27:52 - INFO - root: Best param found at split 5: l2reg = 0.001                 with score 86.8
22-11-13 11:27:54 - INFO - root: Computing embedding for train
22-11-13 11:27:57 - INFO - root: Computed train embeddings
22-11-13 11:27:57 - INFO - root: Computing embedding for dev
22-11-13 11:27:57 - INFO - root: Computed dev embeddings
22-11-13 11:27:57 - INFO - root: Computing embedding for test
22-11-13 11:27:58 - INFO - root: Computed test embeddings
22-11-13 11:27:58 - INFO - root: Training pytorch-MLP-nhid0-rmsprop-bs128 with standard validation..
22-11-13 11:28:03 - INFO - root: [('reg:1e-05', 34.24), ('reg:0.0001', 39.69), ('reg:0.001', 35.33), ('reg:0.01', 36.42)]
22-11-13 11:28:03 - INFO - root: Validation : best param found is reg = 0.0001 with score             39.69
22-11-13 11:28:03 - INFO - root: Evaluating...
22-11-13 11:28:05 - INFO - root: ***** Transfer task : TREC *****


22-11-13 11:28:07 - INFO - root: Computed train embeddings
22-11-13 11:28:07 - INFO - root: Computed test embeddings
22-11-13 11:28:07 - INFO - root: Training pytorch-MLP-nhid0-rmsprop-bs128 with 5-fold cross-validation
22-11-13 11:28:26 - INFO - root: [('reg:1e-05', 72.8), ('reg:0.0001', 73.74), ('reg:0.001', 73.79), ('reg:0.01', 63.83)]
22-11-13 11:28:26 - INFO - root: Cross-validation : best param found is reg = 0.001             with score 73.79
22-11-13 11:28:26 - INFO - root: Evaluating...
22-11-13 11:28:27 - INFO - root: ***** Transfer task : MRPC *****


22-11-13 11:28:28 - INFO - root: Computing embedding for train
22-11-13 11:28:32 - INFO - root: Computed train embeddings
22-11-13 11:28:32 - INFO - root: Computing embedding for test
22-11-13 11:28:33 - INFO - root: Computed test embeddings
22-11-13 11:28:33 - INFO - root: Training pytorch-MLP-nhid0-rmsprop-bs128 with 5-fold cross-validation
22-11-13 11:28:47 - INFO - root: [('reg:1e-05', 72.2), ('reg:0.0001', 72.72), ('reg:0.001', 71.96), ('reg:0.01', 72.1)]
22-11-13 11:28:47 - INFO - root: Cross-validation : best param found is reg = 0.0001             with score 72.72
22-11-13 11:28:47 - INFO - root: Evaluating...
