22-11-13 02:05:22 - INFO - __main__: Laser model is loaded.
22-11-13 02:05:23 - INFO - __main__: Num of Laser features: 1024
22-11-13 02:05:24 - INFO - root: Generating sentence embeddings
22-11-13 02:05:28 - INFO - root: Generated sentence embeddings
22-11-13 02:05:28 - INFO - root: Training pytorch-MLP-nhid0-rmsprop-bs128 with (inner) 5-fold cross-validation
22-11-13 02:05:57 - INFO - root: Best param found at split 1: l2reg = 0.01                 with score 64.15
22-11-13 02:06:28 - INFO - root: Best param found at split 2: l2reg = 0.01                 with score 65.25
22-11-13 02:07:00 - INFO - root: Best param found at split 3: l2reg = 0.01                 with score 65.21
22-11-13 02:07:34 - INFO - root: Best param found at split 4: l2reg = 0.0001                 with score 64.62
22-11-13 02:08:05 - INFO - root: Best param found at split 5: l2reg = 1e-05                 with score 63.75
22-11-13 02:08:07 - INFO - root: Generating sentence embeddings
22-11-13 02:08:09 - INFO - root: Generated sentence embeddings
22-11-13 02:08:09 - INFO - root: Training pytorch-MLP-nhid0-rmsprop-bs128 with (inner) 5-fold cross-validation
22-11-13 02:08:19 - INFO - root: Best param found at split 1: l2reg = 0.0001                 with score 73.05
22-11-13 02:08:30 - INFO - root: Best param found at split 2: l2reg = 0.01                 with score 72.35
22-11-13 02:08:42 - INFO - root: Best param found at split 3: l2reg = 0.01                 with score 71.62
22-11-13 02:08:52 - INFO - root: Best param found at split 4: l2reg = 0.0001                 with score 70.73
22-11-13 02:09:03 - INFO - root: Best param found at split 5: l2reg = 1e-05                 with score 71.62
22-11-13 02:09:03 - INFO - root: Generating sentence embeddings
22-11-13 02:09:08 - INFO - root: Generated sentence embeddings
22-11-13 02:09:08 - INFO - root: Training pytorch-MLP-nhid0-rmsprop-bs128 with (inner) 5-fold cross-validation
22-11-13 02:09:34 - INFO - root: Best param found at split 1: l2reg = 0.01                 with score 81.06
22-11-13 02:10:02 - INFO - root: Best param found at split 2: l2reg = 1e-05                 with score 80.55
22-11-13 02:10:30 - INFO - root: Best param found at split 3: l2reg = 0.0001                 with score 80.78
22-11-13 02:10:59 - INFO - root: Best param found at split 4: l2reg = 0.01                 with score 81.04
22-11-13 02:11:28 - INFO - root: Best param found at split 5: l2reg = 0.01                 with score 80.34
22-11-13 02:11:30 - INFO - root: Generating sentence embeddings
22-11-13 02:11:32 - INFO - root: Generated sentence embeddings
22-11-13 02:11:32 - INFO - root: Training pytorch-MLP-nhid0-rmsprop-bs128 with (inner) 5-fold cross-validation
22-11-13 02:11:59 - INFO - root: Best param found at split 1: l2reg = 0.0001                 with score 80.33
22-11-13 02:12:28 - INFO - root: Best param found at split 2: l2reg = 0.001                 with score 81.31
22-11-13 02:12:59 - INFO - root: Best param found at split 3: l2reg = 0.01                 with score 81.96
22-11-13 02:13:18 - INFO - root: Best param found at split 4: l2reg = 0.001                 with score 80.62
22-11-13 02:13:40 - INFO - root: Best param found at split 5: l2reg = 0.01                 with score 81.59
22-11-13 02:13:42 - INFO - root: Computing embedding for train
22-11-13 02:13:45 - INFO - root: Computed train embeddings
22-11-13 02:13:45 - INFO - root: Computing embedding for dev
22-11-13 02:13:45 - INFO - root: Computed dev embeddings
22-11-13 02:13:45 - INFO - root: Computing embedding for test
22-11-13 02:13:46 - INFO - root: Computed test embeddings
22-11-13 02:13:46 - INFO - root: Training pytorch-MLP-nhid0-rmsprop-bs128 with standard validation..
22-11-13 02:13:50 - INFO - root: [('reg:1e-05', 34.97), ('reg:0.0001', 35.06), ('reg:0.001', 34.88), ('reg:0.01', 34.24)]
22-11-13 02:13:50 - INFO - root: Validation : best param found is reg = 0.0001 with score             35.06
22-11-13 02:13:50 - INFO - root: Evaluating...
22-11-13 02:13:50 - INFO - root: ***** Transfer task : TREC *****


22-11-13 02:13:52 - INFO - root: Computed train embeddings
22-11-13 02:13:52 - INFO - root: Computed test embeddings
22-11-13 02:13:52 - INFO - root: Training pytorch-MLP-nhid0-rmsprop-bs128 with 5-fold cross-validation
22-11-13 02:14:09 - INFO - root: [('reg:1e-05', 64.16), ('reg:0.0001', 64.18), ('reg:0.001', 63.67), ('reg:0.01', 61.52)]
22-11-13 02:14:09 - INFO - root: Cross-validation : best param found is reg = 0.0001             with score 64.18
22-11-13 02:14:09 - INFO - root: Evaluating...
22-11-13 02:14:10 - INFO - root: ***** Transfer task : MRPC *****


22-11-13 02:14:10 - INFO - root: Computing embedding for train
22-11-13 02:14:14 - INFO - root: Computed train embeddings
22-11-13 02:14:14 - INFO - root: Computing embedding for test
22-11-13 02:14:16 - INFO - root: Computed test embeddings
22-11-13 02:14:16 - INFO - root: Training pytorch-MLP-nhid0-rmsprop-bs128 with 5-fold cross-validation
22-11-13 02:14:28 - INFO - root: [('reg:1e-05', 70.04), ('reg:0.0001', 70.46), ('reg:0.001', 70.81), ('reg:0.01', 70.71)]
22-11-13 02:14:28 - INFO - root: Cross-validation : best param found is reg = 0.001             with score 70.81
22-11-13 02:14:28 - INFO - root: Evaluating...
