22-11-13 05:58:05 - INFO - __main__: Laser model is loaded.
22-11-13 05:58:06 - INFO - __main__: Num of Laser features: 1024
22-11-13 05:58:07 - INFO - root: Generating sentence embeddings
22-11-13 05:58:11 - INFO - root: Generated sentence embeddings
22-11-13 05:58:11 - INFO - root: Training pytorch-MLP-nhid0-rmsprop-bs128 with (inner) 5-fold cross-validation
22-11-13 05:58:37 - INFO - root: Best param found at split 1: l2reg = 0.0001                 with score 64.36
22-11-13 05:59:08 - INFO - root: Best param found at split 2: l2reg = 0.001                 with score 63.16
22-11-13 05:59:38 - INFO - root: Best param found at split 3: l2reg = 0.001                 with score 63.27
22-11-13 06:00:08 - INFO - root: Best param found at split 4: l2reg = 1e-05                 with score 64.58
22-11-13 06:00:42 - INFO - root: Best param found at split 5: l2reg = 0.0001                 with score 64.23
22-11-13 06:00:44 - INFO - root: Generating sentence embeddings
22-11-13 06:00:45 - INFO - root: Generated sentence embeddings
22-11-13 06:00:45 - INFO - root: Training pytorch-MLP-nhid0-rmsprop-bs128 with (inner) 5-fold cross-validation
22-11-13 06:00:56 - INFO - root: Best param found at split 1: l2reg = 1e-05                 with score 74.37
22-11-13 06:01:07 - INFO - root: Best param found at split 2: l2reg = 0.01                 with score 73.48
22-11-13 06:01:19 - INFO - root: Best param found at split 3: l2reg = 0.01                 with score 75.03
22-11-13 06:01:29 - INFO - root: Best param found at split 4: l2reg = 0.0001                 with score 74.24
22-11-13 06:01:42 - INFO - root: Best param found at split 5: l2reg = 0.0001                 with score 75.4
22-11-13 06:01:43 - INFO - root: Generating sentence embeddings
22-11-13 06:01:47 - INFO - root: Generated sentence embeddings
22-11-13 06:01:47 - INFO - root: Training pytorch-MLP-nhid0-rmsprop-bs128 with (inner) 5-fold cross-validation
22-11-13 06:02:16 - INFO - root: Best param found at split 1: l2reg = 0.001                 with score 85.0
22-11-13 06:02:45 - INFO - root: Best param found at split 2: l2reg = 0.001                 with score 84.15
22-11-13 06:03:13 - INFO - root: Best param found at split 3: l2reg = 0.0001                 with score 84.48
22-11-13 06:03:41 - INFO - root: Best param found at split 4: l2reg = 0.001                 with score 84.6
22-11-13 06:04:13 - INFO - root: Best param found at split 5: l2reg = 0.01                 with score 84.3
22-11-13 06:04:15 - INFO - root: Generating sentence embeddings
22-11-13 06:04:17 - INFO - root: Generated sentence embeddings
22-11-13 06:04:17 - INFO - root: Training pytorch-MLP-nhid0-rmsprop-bs128 with (inner) 5-fold cross-validation
22-11-13 06:04:46 - INFO - root: Best param found at split 1: l2reg = 1e-05                 with score 84.25
22-11-13 06:05:17 - INFO - root: Best param found at split 2: l2reg = 0.01                 with score 83.64
22-11-13 06:05:50 - INFO - root: Best param found at split 3: l2reg = 0.001                 with score 83.67
22-11-13 06:06:22 - INFO - root: Best param found at split 4: l2reg = 0.0001                 with score 85.03
22-11-13 06:06:53 - INFO - root: Best param found at split 5: l2reg = 0.001                 with score 83.89
22-11-13 06:06:54 - INFO - root: Computing embedding for train
22-11-13 06:06:57 - INFO - root: Computed train embeddings
22-11-13 06:06:57 - INFO - root: Computing embedding for dev
22-11-13 06:06:58 - INFO - root: Computed dev embeddings
22-11-13 06:06:58 - INFO - root: Computing embedding for test
22-11-13 06:06:59 - INFO - root: Computed test embeddings
22-11-13 06:06:59 - INFO - root: Training pytorch-MLP-nhid0-rmsprop-bs128 with standard validation..
22-11-13 06:07:05 - INFO - root: [('reg:1e-05', 35.33), ('reg:0.0001', 31.79), ('reg:0.001', 30.79), ('reg:0.01', 34.15)]
22-11-13 06:07:05 - INFO - root: Validation : best param found is reg = 1e-05 with score             35.33
22-11-13 06:07:05 - INFO - root: Evaluating...
22-11-13 06:07:07 - INFO - root: ***** Transfer task : TREC *****


22-11-13 06:07:08 - INFO - root: Computed train embeddings
22-11-13 06:07:09 - INFO - root: Computed test embeddings
22-11-13 06:07:09 - INFO - root: Training pytorch-MLP-nhid0-rmsprop-bs128 with 5-fold cross-validation
22-11-13 06:07:27 - INFO - root: [('reg:1e-05', 68.43), ('reg:0.0001', 67.72), ('reg:0.001', 68.27), ('reg:0.01', 65.96)]
22-11-13 06:07:27 - INFO - root: Cross-validation : best param found is reg = 1e-05             with score 68.43
22-11-13 06:07:27 - INFO - root: Evaluating...
22-11-13 06:07:28 - INFO - root: ***** Transfer task : MRPC *****


22-11-13 06:07:28 - INFO - root: Computing embedding for train
22-11-13 06:07:32 - INFO - root: Computed train embeddings
22-11-13 06:07:32 - INFO - root: Computing embedding for test
22-11-13 06:07:34 - INFO - root: Computed test embeddings
22-11-13 06:07:34 - INFO - root: Training pytorch-MLP-nhid0-rmsprop-bs128 with 5-fold cross-validation
22-11-13 06:07:46 - INFO - root: [('reg:1e-05', 71.44), ('reg:0.0001', 71.25), ('reg:0.001', 71.64), ('reg:0.01', 71.93)]
22-11-13 06:07:46 - INFO - root: Cross-validation : best param found is reg = 0.01             with score 71.93
22-11-13 06:07:46 - INFO - root: Evaluating...
