22-11-13 02:21:29 - INFO - __main__: Laser model is loaded.
22-11-13 02:21:29 - INFO - __main__: Num of Laser features: 1024
22-11-13 02:21:30 - INFO - root: Generating sentence embeddings
22-11-13 02:21:34 - INFO - root: Generated sentence embeddings
22-11-13 02:21:34 - INFO - root: Training pytorch-MLP-nhid0-rmsprop-bs128 with (inner) 5-fold cross-validation
22-11-13 02:21:58 - INFO - root: Best param found at split 1: l2reg = 0.01                 with score 63.01
22-11-13 02:22:32 - INFO - root: Best param found at split 2: l2reg = 1e-05                 with score 64.59
22-11-13 02:23:05 - INFO - root: Best param found at split 3: l2reg = 0.01                 with score 64.31
22-11-13 02:23:37 - INFO - root: Best param found at split 4: l2reg = 1e-05                 with score 65.69
22-11-13 02:24:08 - INFO - root: Best param found at split 5: l2reg = 1e-05                 with score 64.26
22-11-13 02:24:10 - INFO - root: Generating sentence embeddings
22-11-13 02:24:11 - INFO - root: Generated sentence embeddings
22-11-13 02:24:11 - INFO - root: Training pytorch-MLP-nhid0-rmsprop-bs128 with (inner) 5-fold cross-validation
22-11-13 02:24:21 - INFO - root: Best param found at split 1: l2reg = 1e-05                 with score 72.48
22-11-13 02:24:32 - INFO - root: Best param found at split 2: l2reg = 0.001                 with score 72.98
22-11-13 02:24:43 - INFO - root: Best param found at split 3: l2reg = 0.01                 with score 74.57
22-11-13 02:24:55 - INFO - root: Best param found at split 4: l2reg = 0.0001                 with score 73.05
22-11-13 02:25:08 - INFO - root: Best param found at split 5: l2reg = 0.001                 with score 74.47
22-11-13 02:25:09 - INFO - root: Generating sentence embeddings
22-11-13 02:25:13 - INFO - root: Generated sentence embeddings
22-11-13 02:25:13 - INFO - root: Training pytorch-MLP-nhid0-rmsprop-bs128 with (inner) 5-fold cross-validation
22-11-13 02:25:40 - INFO - root: Best param found at split 1: l2reg = 0.001                 with score 84.06
22-11-13 02:26:11 - INFO - root: Best param found at split 2: l2reg = 0.001                 with score 83.71
22-11-13 02:26:38 - INFO - root: Best param found at split 3: l2reg = 0.0001                 with score 83.51
22-11-13 02:27:06 - INFO - root: Best param found at split 4: l2reg = 1e-05                 with score 83.28
22-11-13 02:27:34 - INFO - root: Best param found at split 5: l2reg = 0.01                 with score 83.66
22-11-13 02:27:35 - INFO - root: Generating sentence embeddings
22-11-13 02:27:37 - INFO - root: Generated sentence embeddings
22-11-13 02:27:37 - INFO - root: Training pytorch-MLP-nhid0-rmsprop-bs128 with (inner) 5-fold cross-validation
22-11-13 02:28:07 - INFO - root: Best param found at split 1: l2reg = 0.01                 with score 83.49
22-11-13 02:28:39 - INFO - root: Best param found at split 2: l2reg = 0.01                 with score 82.66
22-11-13 02:29:09 - INFO - root: Best param found at split 3: l2reg = 0.0001                 with score 83.74
22-11-13 02:29:39 - INFO - root: Best param found at split 4: l2reg = 0.0001                 with score 83.15
22-11-13 02:30:12 - INFO - root: Best param found at split 5: l2reg = 0.01                 with score 83.55
22-11-13 02:30:13 - INFO - root: Computing embedding for train
22-11-13 02:30:16 - INFO - root: Computed train embeddings
22-11-13 02:30:16 - INFO - root: Computing embedding for dev
22-11-13 02:30:17 - INFO - root: Computed dev embeddings
22-11-13 02:30:17 - INFO - root: Computing embedding for test
22-11-13 02:30:18 - INFO - root: Computed test embeddings
22-11-13 02:30:18 - INFO - root: Training pytorch-MLP-nhid0-rmsprop-bs128 with standard validation..
22-11-13 02:30:24 - INFO - root: [('reg:1e-05', 33.51), ('reg:0.0001', 33.51), ('reg:0.001', 33.33), ('reg:0.01', 32.79)]
22-11-13 02:30:24 - INFO - root: Validation : best param found is reg = 1e-05 with score             33.51
22-11-13 02:30:24 - INFO - root: Evaluating...
22-11-13 02:30:26 - INFO - root: ***** Transfer task : TREC *****


22-11-13 02:30:27 - INFO - root: Computed train embeddings
22-11-13 02:30:27 - INFO - root: Computed test embeddings
22-11-13 02:30:27 - INFO - root: Training pytorch-MLP-nhid0-rmsprop-bs128 with 5-fold cross-validation
22-11-13 02:30:47 - INFO - root: [('reg:1e-05', 65.53), ('reg:0.0001', 65.39), ('reg:0.001', 65.57), ('reg:0.01', 62.42)]
22-11-13 02:30:47 - INFO - root: Cross-validation : best param found is reg = 0.001             with score 65.57
22-11-13 02:30:47 - INFO - root: Evaluating...
22-11-13 02:30:48 - INFO - root: ***** Transfer task : MRPC *****


22-11-13 02:30:48 - INFO - root: Computing embedding for train
22-11-13 02:30:52 - INFO - root: Computed train embeddings
22-11-13 02:30:52 - INFO - root: Computing embedding for test
22-11-13 02:30:54 - INFO - root: Computed test embeddings
22-11-13 02:30:54 - INFO - root: Training pytorch-MLP-nhid0-rmsprop-bs128 with 5-fold cross-validation
22-11-13 02:31:07 - INFO - root: [('reg:1e-05', 71.64), ('reg:0.0001', 71.44), ('reg:0.001', 71.91), ('reg:0.01', 71.64)]
22-11-13 02:31:07 - INFO - root: Cross-validation : best param found is reg = 0.001             with score 71.91
22-11-13 02:31:07 - INFO - root: Evaluating...
