22-11-13 09:03:12 - INFO - __main__: Laser model is loaded.
22-11-13 09:03:13 - INFO - __main__: Num of Laser features: 1024
22-11-13 09:03:14 - INFO - root: Generating sentence embeddings
22-11-13 09:03:18 - INFO - root: Generated sentence embeddings
22-11-13 09:03:18 - INFO - root: Training pytorch-MLP-nhid0-rmsprop-bs128 with (inner) 5-fold cross-validation
22-11-13 09:03:50 - INFO - root: Best param found at split 1: l2reg = 1e-05                 with score 65.17
22-11-13 09:04:18 - INFO - root: Best param found at split 2: l2reg = 1e-05                 with score 66.17
22-11-13 09:04:52 - INFO - root: Best param found at split 3: l2reg = 0.01                 with score 65.73
22-11-13 09:05:24 - INFO - root: Best param found at split 4: l2reg = 1e-05                 with score 66.11
22-11-13 09:05:57 - INFO - root: Best param found at split 5: l2reg = 1e-05                 with score 65.31
22-11-13 09:05:58 - INFO - root: Generating sentence embeddings
22-11-13 09:06:00 - INFO - root: Generated sentence embeddings
22-11-13 09:06:00 - INFO - root: Training pytorch-MLP-nhid0-rmsprop-bs128 with (inner) 5-fold cross-validation
22-11-13 09:06:10 - INFO - root: Best param found at split 1: l2reg = 0.001                 with score 76.75
22-11-13 09:06:20 - INFO - root: Best param found at split 2: l2reg = 1e-05                 with score 73.84
22-11-13 09:06:31 - INFO - root: Best param found at split 3: l2reg = 1e-05                 with score 75.73
22-11-13 09:06:42 - INFO - root: Best param found at split 4: l2reg = 1e-05                 with score 75.46
22-11-13 09:06:53 - INFO - root: Best param found at split 5: l2reg = 0.0001                 with score 74.97
22-11-13 09:06:54 - INFO - root: Generating sentence embeddings
22-11-13 09:06:58 - INFO - root: Generated sentence embeddings
22-11-13 09:06:58 - INFO - root: Training pytorch-MLP-nhid0-rmsprop-bs128 with (inner) 5-fold cross-validation
22-11-13 09:07:22 - INFO - root: Best param found at split 1: l2reg = 0.01                 with score 86.64
22-11-13 09:07:51 - INFO - root: Best param found at split 2: l2reg = 0.01                 with score 86.65
22-11-13 09:08:21 - INFO - root: Best param found at split 3: l2reg = 1e-05                 with score 86.57
22-11-13 09:08:49 - INFO - root: Best param found at split 4: l2reg = 0.01                 with score 85.96
22-11-13 09:09:18 - INFO - root: Best param found at split 5: l2reg = 0.0001                 with score 86.69
22-11-13 09:09:20 - INFO - root: Generating sentence embeddings
22-11-13 09:09:22 - INFO - root: Generated sentence embeddings
22-11-13 09:09:22 - INFO - root: Training pytorch-MLP-nhid0-rmsprop-bs128 with (inner) 5-fold cross-validation
22-11-13 09:09:48 - INFO - root: Best param found at split 1: l2reg = 0.0001                 with score 86.15
22-11-13 09:10:16 - INFO - root: Best param found at split 2: l2reg = 0.0001                 with score 84.4
22-11-13 09:10:50 - INFO - root: Best param found at split 3: l2reg = 0.001                 with score 85.46
22-11-13 09:11:21 - INFO - root: Best param found at split 4: l2reg = 1e-05                 with score 86.28
22-11-13 09:11:50 - INFO - root: Best param found at split 5: l2reg = 0.0001                 with score 85.02
22-11-13 09:11:51 - INFO - root: Computing embedding for train
22-11-13 09:11:54 - INFO - root: Computed train embeddings
22-11-13 09:11:54 - INFO - root: Computing embedding for dev
22-11-13 09:11:54 - INFO - root: Computed dev embeddings
22-11-13 09:11:54 - INFO - root: Computing embedding for test
22-11-13 09:11:55 - INFO - root: Computed test embeddings
22-11-13 09:11:55 - INFO - root: Training pytorch-MLP-nhid0-rmsprop-bs128 with standard validation..
22-11-13 09:12:02 - INFO - root: [('reg:1e-05', 36.69), ('reg:0.0001', 35.79), ('reg:0.001', 38.15), ('reg:0.01', 31.43)]
22-11-13 09:12:02 - INFO - root: Validation : best param found is reg = 0.001 with score             38.15
22-11-13 09:12:02 - INFO - root: Evaluating...
22-11-13 09:12:03 - INFO - root: ***** Transfer task : TREC *****


22-11-13 09:12:05 - INFO - root: Computed train embeddings
22-11-13 09:12:05 - INFO - root: Computed test embeddings
22-11-13 09:12:05 - INFO - root: Training pytorch-MLP-nhid0-rmsprop-bs128 with 5-fold cross-validation
22-11-13 09:12:23 - INFO - root: [('reg:1e-05', 73.18), ('reg:0.0001', 73.0), ('reg:0.001', 72.38), ('reg:0.01', 68.86)]
22-11-13 09:12:23 - INFO - root: Cross-validation : best param found is reg = 1e-05             with score 73.18
22-11-13 09:12:23 - INFO - root: Evaluating...
22-11-13 09:12:24 - INFO - root: ***** Transfer task : MRPC *****


22-11-13 09:12:24 - INFO - root: Computing embedding for train
22-11-13 09:12:29 - INFO - root: Computed train embeddings
22-11-13 09:12:29 - INFO - root: Computing embedding for test
22-11-13 09:12:30 - INFO - root: Computed test embeddings
22-11-13 09:12:30 - INFO - root: Training pytorch-MLP-nhid0-rmsprop-bs128 with 5-fold cross-validation
22-11-13 09:12:43 - INFO - root: [('reg:1e-05', 72.2), ('reg:0.0001', 72.47), ('reg:0.001', 72.33), ('reg:0.01', 72.72)]
22-11-13 09:12:43 - INFO - root: Cross-validation : best param found is reg = 0.01             with score 72.72
22-11-13 09:12:43 - INFO - root: Evaluating...
