22-11-13 11:01:41 - INFO - __main__: Laser model is loaded.
22-11-13 11:01:42 - INFO - __main__: Num of Laser features: 1024
22-11-13 11:01:43 - INFO - root: Generating sentence embeddings
22-11-13 11:01:47 - INFO - root: Generated sentence embeddings
22-11-13 11:01:47 - INFO - root: Training pytorch-MLP-nhid0-rmsprop-bs128 with (inner) 5-fold cross-validation
22-11-13 11:02:15 - INFO - root: Best param found at split 1: l2reg = 0.0001                 with score 66.87
22-11-13 11:02:45 - INFO - root: Best param found at split 2: l2reg = 0.001                 with score 64.36
22-11-13 11:03:16 - INFO - root: Best param found at split 3: l2reg = 0.001                 with score 65.53
22-11-13 11:03:47 - INFO - root: Best param found at split 4: l2reg = 0.01                 with score 66.06
22-11-13 11:04:16 - INFO - root: Best param found at split 5: l2reg = 0.001                 with score 66.68
22-11-13 11:04:18 - INFO - root: Generating sentence embeddings
22-11-13 11:04:19 - INFO - root: Generated sentence embeddings
22-11-13 11:04:19 - INFO - root: Training pytorch-MLP-nhid0-rmsprop-bs128 with (inner) 5-fold cross-validation
22-11-13 11:04:30 - INFO - root: Best param found at split 1: l2reg = 1e-05                 with score 77.12
22-11-13 11:04:41 - INFO - root: Best param found at split 2: l2reg = 0.001                 with score 74.54
22-11-13 11:04:54 - INFO - root: Best param found at split 3: l2reg = 0.0001                 with score 76.82
22-11-13 11:05:05 - INFO - root: Best param found at split 4: l2reg = 0.01                 with score 76.06
22-11-13 11:05:17 - INFO - root: Best param found at split 5: l2reg = 0.0001                 with score 77.02
22-11-13 11:05:17 - INFO - root: Generating sentence embeddings
22-11-13 11:05:22 - INFO - root: Generated sentence embeddings
22-11-13 11:05:22 - INFO - root: Training pytorch-MLP-nhid0-rmsprop-bs128 with (inner) 5-fold cross-validation
22-11-13 11:05:49 - INFO - root: Best param found at split 1: l2reg = 0.001                 with score 87.71
22-11-13 11:06:16 - INFO - root: Best param found at split 2: l2reg = 0.01                 with score 87.86
22-11-13 11:06:44 - INFO - root: Best param found at split 3: l2reg = 0.01                 with score 87.85
22-11-13 11:07:13 - INFO - root: Best param found at split 4: l2reg = 0.01                 with score 87.22
22-11-13 11:07:42 - INFO - root: Best param found at split 5: l2reg = 1e-05                 with score 87.39
22-11-13 11:07:43 - INFO - root: Generating sentence embeddings
22-11-13 11:07:45 - INFO - root: Generated sentence embeddings
22-11-13 11:07:45 - INFO - root: Training pytorch-MLP-nhid0-rmsprop-bs128 with (inner) 5-fold cross-validation
22-11-13 11:08:11 - INFO - root: Best param found at split 1: l2reg = 0.001                 with score 86.52
22-11-13 11:08:39 - INFO - root: Best param found at split 2: l2reg = 0.01                 with score 85.92
22-11-13 11:09:09 - INFO - root: Best param found at split 3: l2reg = 0.0001                 with score 86.58
22-11-13 11:09:39 - INFO - root: Best param found at split 4: l2reg = 0.01                 with score 86.53
22-11-13 11:10:09 - INFO - root: Best param found at split 5: l2reg = 0.0001                 with score 86.05
22-11-13 11:10:11 - INFO - root: Computing embedding for train
22-11-13 11:10:15 - INFO - root: Computed train embeddings
22-11-13 11:10:15 - INFO - root: Computing embedding for dev
22-11-13 11:10:15 - INFO - root: Computed dev embeddings
22-11-13 11:10:15 - INFO - root: Computing embedding for test
22-11-13 11:10:16 - INFO - root: Computed test embeddings
22-11-13 11:10:16 - INFO - root: Training pytorch-MLP-nhid0-rmsprop-bs128 with standard validation..
22-11-13 11:10:24 - INFO - root: [('reg:1e-05', 34.24), ('reg:0.0001', 35.6), ('reg:0.001', 35.42), ('reg:0.01', 32.97)]
22-11-13 11:10:24 - INFO - root: Validation : best param found is reg = 0.0001 with score             35.6
22-11-13 11:10:24 - INFO - root: Evaluating...
22-11-13 11:10:26 - INFO - root: ***** Transfer task : TREC *****


22-11-13 11:10:28 - INFO - root: Computed train embeddings
22-11-13 11:10:28 - INFO - root: Computed test embeddings
22-11-13 11:10:28 - INFO - root: Training pytorch-MLP-nhid0-rmsprop-bs128 with 5-fold cross-validation
22-11-13 11:10:48 - INFO - root: [('reg:1e-05', 71.84), ('reg:0.0001', 73.77), ('reg:0.001', 73.0), ('reg:0.01', 70.58)]
22-11-13 11:10:48 - INFO - root: Cross-validation : best param found is reg = 0.0001             with score 73.77
22-11-13 11:10:48 - INFO - root: Evaluating...
22-11-13 11:10:49 - INFO - root: ***** Transfer task : MRPC *****


22-11-13 11:10:49 - INFO - root: Computing embedding for train
22-11-13 11:10:53 - INFO - root: Computed train embeddings
22-11-13 11:10:53 - INFO - root: Computing embedding for test
22-11-13 11:10:55 - INFO - root: Computed test embeddings
22-11-13 11:10:55 - INFO - root: Training pytorch-MLP-nhid0-rmsprop-bs128 with 5-fold cross-validation
22-11-13 11:11:08 - INFO - root: [('reg:1e-05', 71.03), ('reg:0.0001', 71.84), ('reg:0.001', 72.2), ('reg:0.01', 71.15)]
22-11-13 11:11:08 - INFO - root: Cross-validation : best param found is reg = 0.001             with score 72.2
22-11-13 11:11:08 - INFO - root: Evaluating...
