22-11-13 05:41:45 - INFO - __main__: Laser model is loaded.
22-11-13 05:41:45 - INFO - __main__: Num of Laser features: 1024
22-11-13 05:41:46 - INFO - root: Generating sentence embeddings
22-11-13 05:41:50 - INFO - root: Generated sentence embeddings
22-11-13 05:41:50 - INFO - root: Training pytorch-MLP-nhid0-rmsprop-bs128 with (inner) 5-fold cross-validation
22-11-13 05:42:16 - INFO - root: Best param found at split 1: l2reg = 1e-05                 with score 64.09
22-11-13 05:42:47 - INFO - root: Best param found at split 2: l2reg = 0.001                 with score 64.45
22-11-13 05:43:18 - INFO - root: Best param found at split 3: l2reg = 1e-05                 with score 64.0
22-11-13 05:43:49 - INFO - root: Best param found at split 4: l2reg = 0.001                 with score 65.17
22-11-13 05:44:16 - INFO - root: Best param found at split 5: l2reg = 1e-05                 with score 62.18
22-11-13 05:44:18 - INFO - root: Generating sentence embeddings
22-11-13 05:44:20 - INFO - root: Generated sentence embeddings
22-11-13 05:44:20 - INFO - root: Training pytorch-MLP-nhid0-rmsprop-bs128 with (inner) 5-fold cross-validation
22-11-13 05:44:29 - INFO - root: Best param found at split 1: l2reg = 0.0001                 with score 72.95
22-11-13 05:44:41 - INFO - root: Best param found at split 2: l2reg = 1e-05                 with score 72.02
22-11-13 05:44:51 - INFO - root: Best param found at split 3: l2reg = 0.01                 with score 73.97
22-11-13 05:45:02 - INFO - root: Best param found at split 4: l2reg = 0.01                 with score 73.54
22-11-13 05:45:12 - INFO - root: Best param found at split 5: l2reg = 1e-05                 with score 72.35
22-11-13 05:45:13 - INFO - root: Generating sentence embeddings
22-11-13 05:45:17 - INFO - root: Generated sentence embeddings
22-11-13 05:45:17 - INFO - root: Training pytorch-MLP-nhid0-rmsprop-bs128 with (inner) 5-fold cross-validation
22-11-13 05:45:43 - INFO - root: Best param found at split 1: l2reg = 1e-05                 with score 86.6
22-11-13 05:46:12 - INFO - root: Best param found at split 2: l2reg = 1e-05                 with score 86.15
22-11-13 05:46:38 - INFO - root: Best param found at split 3: l2reg = 1e-05                 with score 85.66
22-11-13 05:47:06 - INFO - root: Best param found at split 4: l2reg = 0.001                 with score 86.48
22-11-13 05:47:35 - INFO - root: Best param found at split 5: l2reg = 0.001                 with score 85.89
22-11-13 05:47:37 - INFO - root: Generating sentence embeddings
22-11-13 05:47:39 - INFO - root: Generated sentence embeddings
22-11-13 05:47:39 - INFO - root: Training pytorch-MLP-nhid0-rmsprop-bs128 with (inner) 5-fold cross-validation
22-11-13 05:48:07 - INFO - root: Best param found at split 1: l2reg = 0.01                 with score 83.53
22-11-13 05:48:38 - INFO - root: Best param found at split 2: l2reg = 0.01                 with score 84.12
22-11-13 05:49:07 - INFO - root: Best param found at split 3: l2reg = 0.0001                 with score 84.67
22-11-13 05:49:39 - INFO - root: Best param found at split 4: l2reg = 0.01                 with score 84.7
22-11-13 05:50:08 - INFO - root: Best param found at split 5: l2reg = 0.001                 with score 83.58
22-11-13 05:50:10 - INFO - root: Computing embedding for train
22-11-13 05:50:13 - INFO - root: Computed train embeddings
22-11-13 05:50:13 - INFO - root: Computing embedding for dev
22-11-13 05:50:13 - INFO - root: Computed dev embeddings
22-11-13 05:50:13 - INFO - root: Computing embedding for test
22-11-13 05:50:14 - INFO - root: Computed test embeddings
22-11-13 05:50:14 - INFO - root: Training pytorch-MLP-nhid0-rmsprop-bs128 with standard validation..
22-11-13 05:50:20 - INFO - root: [('reg:1e-05', 34.15), ('reg:0.0001', 34.79), ('reg:0.001', 35.33), ('reg:0.01', 32.52)]
22-11-13 05:50:20 - INFO - root: Validation : best param found is reg = 0.001 with score             35.33
22-11-13 05:50:20 - INFO - root: Evaluating...
22-11-13 05:50:22 - INFO - root: ***** Transfer task : TREC *****


22-11-13 05:50:23 - INFO - root: Computed train embeddings
22-11-13 05:50:23 - INFO - root: Computed test embeddings
22-11-13 05:50:23 - INFO - root: Training pytorch-MLP-nhid0-rmsprop-bs128 with 5-fold cross-validation
22-11-13 05:50:43 - INFO - root: [('reg:1e-05', 70.21), ('reg:0.0001', 70.38), ('reg:0.001', 69.96), ('reg:0.01', 66.89)]
22-11-13 05:50:43 - INFO - root: Cross-validation : best param found is reg = 0.0001             with score 70.38
22-11-13 05:50:43 - INFO - root: Evaluating...
22-11-13 05:50:44 - INFO - root: ***** Transfer task : MRPC *****


22-11-13 05:50:44 - INFO - root: Computing embedding for train
22-11-13 05:50:48 - INFO - root: Computed train embeddings
22-11-13 05:50:48 - INFO - root: Computing embedding for test
22-11-13 05:50:50 - INFO - root: Computed test embeddings
22-11-13 05:50:50 - INFO - root: Training pytorch-MLP-nhid0-rmsprop-bs128 with 5-fold cross-validation
22-11-13 05:51:03 - INFO - root: [('reg:1e-05', 72.25), ('reg:0.0001', 72.15), ('reg:0.001', 71.57), ('reg:0.01', 71.79)]
22-11-13 05:51:03 - INFO - root: Cross-validation : best param found is reg = 1e-05             with score 72.25
22-11-13 05:51:03 - INFO - root: Evaluating...
