22-11-13 06:14:55 - INFO - __main__: Laser model is loaded.
22-11-13 06:14:56 - INFO - __main__: Num of Laser features: 1024
22-11-13 06:14:57 - INFO - root: Generating sentence embeddings
22-11-13 06:15:01 - INFO - root: Generated sentence embeddings
22-11-13 06:15:01 - INFO - root: Training pytorch-MLP-nhid0-rmsprop-bs128 with (inner) 5-fold cross-validation
22-11-13 06:15:30 - INFO - root: Best param found at split 1: l2reg = 1e-05                 with score 65.45
22-11-13 06:15:57 - INFO - root: Best param found at split 2: l2reg = 0.001                 with score 62.77
22-11-13 06:16:30 - INFO - root: Best param found at split 3: l2reg = 1e-05                 with score 65.03
22-11-13 06:17:02 - INFO - root: Best param found at split 4: l2reg = 0.0001                 with score 66.3
22-11-13 06:17:34 - INFO - root: Best param found at split 5: l2reg = 0.0001                 with score 63.27
22-11-13 06:17:36 - INFO - root: Generating sentence embeddings
22-11-13 06:17:37 - INFO - root: Generated sentence embeddings
22-11-13 06:17:37 - INFO - root: Training pytorch-MLP-nhid0-rmsprop-bs128 with (inner) 5-fold cross-validation
22-11-13 06:17:48 - INFO - root: Best param found at split 1: l2reg = 0.001                 with score 73.31
22-11-13 06:17:59 - INFO - root: Best param found at split 2: l2reg = 1e-05                 with score 73.58
22-11-13 06:18:10 - INFO - root: Best param found at split 3: l2reg = 1e-05                 with score 71.82
22-11-13 06:18:21 - INFO - root: Best param found at split 4: l2reg = 1e-05                 with score 71.92
22-11-13 06:18:34 - INFO - root: Best param found at split 5: l2reg = 0.001                 with score 72.95
22-11-13 06:18:35 - INFO - root: Generating sentence embeddings
22-11-13 06:18:39 - INFO - root: Generated sentence embeddings
22-11-13 06:18:39 - INFO - root: Training pytorch-MLP-nhid0-rmsprop-bs128 with (inner) 5-fold cross-validation
22-11-13 06:19:07 - INFO - root: Best param found at split 1: l2reg = 0.01                 with score 84.76
22-11-13 06:19:35 - INFO - root: Best param found at split 2: l2reg = 0.001                 with score 84.74
22-11-13 06:20:03 - INFO - root: Best param found at split 3: l2reg = 0.01                 with score 84.89
22-11-13 06:20:31 - INFO - root: Best param found at split 4: l2reg = 0.001                 with score 84.6
22-11-13 06:20:59 - INFO - root: Best param found at split 5: l2reg = 0.001                 with score 84.12
22-11-13 06:21:01 - INFO - root: Generating sentence embeddings
22-11-13 06:21:03 - INFO - root: Generated sentence embeddings
22-11-13 06:21:03 - INFO - root: Training pytorch-MLP-nhid0-rmsprop-bs128 with (inner) 5-fold cross-validation
22-11-13 06:21:33 - INFO - root: Best param found at split 1: l2reg = 0.001                 with score 85.53
22-11-13 06:22:02 - INFO - root: Best param found at split 2: l2reg = 0.0001                 with score 84.61
22-11-13 06:22:33 - INFO - root: Best param found at split 3: l2reg = 0.01                 with score 85.29
22-11-13 06:23:00 - INFO - root: Best param found at split 4: l2reg = 1e-05                 with score 83.37
22-11-13 06:23:31 - INFO - root: Best param found at split 5: l2reg = 0.01                 with score 85.2
22-11-13 06:23:33 - INFO - root: Computing embedding for train
22-11-13 06:23:36 - INFO - root: Computed train embeddings
22-11-13 06:23:36 - INFO - root: Computing embedding for dev
22-11-13 06:23:37 - INFO - root: Computed dev embeddings
22-11-13 06:23:37 - INFO - root: Computing embedding for test
22-11-13 06:23:37 - INFO - root: Computed test embeddings
22-11-13 06:23:37 - INFO - root: Training pytorch-MLP-nhid0-rmsprop-bs128 with standard validation..
22-11-13 06:23:44 - INFO - root: [('reg:1e-05', 33.51), ('reg:0.0001', 33.7), ('reg:0.001', 34.42), ('reg:0.01', 31.7)]
22-11-13 06:23:44 - INFO - root: Validation : best param found is reg = 0.001 with score             34.42
22-11-13 06:23:44 - INFO - root: Evaluating...
22-11-13 06:23:46 - INFO - root: ***** Transfer task : TREC *****


22-11-13 06:23:48 - INFO - root: Computed train embeddings
22-11-13 06:23:48 - INFO - root: Computed test embeddings
22-11-13 06:23:48 - INFO - root: Training pytorch-MLP-nhid0-rmsprop-bs128 with 5-fold cross-validation
22-11-13 06:24:07 - INFO - root: [('reg:1e-05', 67.94), ('reg:0.0001', 67.83), ('reg:0.001', 67.13), ('reg:0.01', 65.61)]
22-11-13 06:24:07 - INFO - root: Cross-validation : best param found is reg = 1e-05             with score 67.94
22-11-13 06:24:07 - INFO - root: Evaluating...
22-11-13 06:24:09 - INFO - root: ***** Transfer task : MRPC *****


22-11-13 06:24:09 - INFO - root: Computing embedding for train
22-11-13 06:24:13 - INFO - root: Computed train embeddings
22-11-13 06:24:13 - INFO - root: Computing embedding for test
22-11-13 06:24:14 - INFO - root: Computed test embeddings
22-11-13 06:24:14 - INFO - root: Training pytorch-MLP-nhid0-rmsprop-bs128 with 5-fold cross-validation
22-11-13 06:24:26 - INFO - root: [('reg:1e-05', 72.01), ('reg:0.0001', 71.71), ('reg:0.001', 72.38), ('reg:0.01', 72.38)]
22-11-13 06:24:26 - INFO - root: Cross-validation : best param found is reg = 0.001             with score 72.38
22-11-13 06:24:26 - INFO - root: Evaluating...
