22-11-13 00:26:33 - INFO - __main__: Laser model is loaded.
22-11-13 00:26:33 - INFO - __main__: Num of Laser features: 1024
22-11-13 00:26:35 - INFO - root: Generating sentence embeddings
22-11-13 00:26:39 - INFO - root: Generated sentence embeddings
22-11-13 00:26:39 - INFO - root: Training pytorch-MLP-nhid0-rmsprop-bs128 with (inner) 5-fold cross-validation
22-11-13 00:27:07 - INFO - root: Best param found at split 1: l2reg = 0.001                 with score 63.62
22-11-13 00:27:41 - INFO - root: Best param found at split 2: l2reg = 1e-05                 with score 63.95
22-11-13 00:28:14 - INFO - root: Best param found at split 3: l2reg = 0.0001                 with score 64.09
22-11-13 00:28:46 - INFO - root: Best param found at split 4: l2reg = 0.0001                 with score 64.62
22-11-13 00:29:19 - INFO - root: Best param found at split 5: l2reg = 1e-05                 with score 64.06
22-11-13 00:29:21 - INFO - root: Generating sentence embeddings
22-11-13 00:29:22 - INFO - root: Generated sentence embeddings
22-11-13 00:29:22 - INFO - root: Training pytorch-MLP-nhid0-rmsprop-bs128 with (inner) 5-fold cross-validation
22-11-13 00:29:34 - INFO - root: Best param found at split 1: l2reg = 0.01                 with score 72.48
22-11-13 00:29:45 - INFO - root: Best param found at split 2: l2reg = 1e-05                 with score 71.85
22-11-13 00:29:55 - INFO - root: Best param found at split 3: l2reg = 0.01                 with score 71.75
22-11-13 00:30:07 - INFO - root: Best param found at split 4: l2reg = 0.0001                 with score 70.93
22-11-13 00:30:18 - INFO - root: Best param found at split 5: l2reg = 0.001                 with score 71.36
22-11-13 00:30:19 - INFO - root: Generating sentence embeddings
22-11-13 00:30:23 - INFO - root: Generated sentence embeddings
22-11-13 00:30:23 - INFO - root: Training pytorch-MLP-nhid0-rmsprop-bs128 with (inner) 5-fold cross-validation
22-11-13 00:30:48 - INFO - root: Best param found at split 1: l2reg = 0.01                 with score 81.15
22-11-13 00:31:14 - INFO - root: Best param found at split 2: l2reg = 0.01                 with score 81.16
22-11-13 00:31:39 - INFO - root: Best param found at split 3: l2reg = 0.0001                 with score 81.2
22-11-13 00:32:08 - INFO - root: Best param found at split 4: l2reg = 0.01                 with score 81.36
22-11-13 00:32:37 - INFO - root: Best param found at split 5: l2reg = 0.0001                 with score 81.26
22-11-13 00:32:39 - INFO - root: Generating sentence embeddings
22-11-13 00:32:41 - INFO - root: Generated sentence embeddings
22-11-13 00:32:41 - INFO - root: Training pytorch-MLP-nhid0-rmsprop-bs128 with (inner) 5-fold cross-validation
22-11-13 00:33:10 - INFO - root: Best param found at split 1: l2reg = 0.001                 with score 82.03
22-11-13 00:33:39 - INFO - root: Best param found at split 2: l2reg = 0.001                 with score 81.87
22-11-13 00:34:09 - INFO - root: Best param found at split 3: l2reg = 1e-05                 with score 82.53
22-11-13 00:34:41 - INFO - root: Best param found at split 4: l2reg = 0.01                 with score 82.49
22-11-13 00:35:15 - INFO - root: Best param found at split 5: l2reg = 1e-05                 with score 81.65
22-11-13 00:35:17 - INFO - root: Computing embedding for train
22-11-13 00:35:20 - INFO - root: Computed train embeddings
22-11-13 00:35:20 - INFO - root: Computing embedding for dev
22-11-13 00:35:20 - INFO - root: Computed dev embeddings
22-11-13 00:35:20 - INFO - root: Computing embedding for test
22-11-13 00:35:21 - INFO - root: Computed test embeddings
22-11-13 00:35:21 - INFO - root: Training pytorch-MLP-nhid0-rmsprop-bs128 with standard validation..
22-11-13 00:35:27 - INFO - root: [('reg:1e-05', 31.79), ('reg:0.0001', 31.7), ('reg:0.001', 31.79), ('reg:0.01', 31.61)]
22-11-13 00:35:27 - INFO - root: Validation : best param found is reg = 1e-05 with score             31.79
22-11-13 00:35:27 - INFO - root: Evaluating...
22-11-13 00:35:29 - INFO - root: ***** Transfer task : TREC *****


22-11-13 00:35:30 - INFO - root: Computed train embeddings
22-11-13 00:35:30 - INFO - root: Computed test embeddings
22-11-13 00:35:30 - INFO - root: Training pytorch-MLP-nhid0-rmsprop-bs128 with 5-fold cross-validation
22-11-13 00:35:48 - INFO - root: [('reg:1e-05', 63.0), ('reg:0.0001', 63.04), ('reg:0.001', 62.84), ('reg:0.01', 61.78)]
22-11-13 00:35:48 - INFO - root: Cross-validation : best param found is reg = 0.0001             with score 63.04
22-11-13 00:35:48 - INFO - root: Evaluating...
22-11-13 00:35:49 - INFO - root: ***** Transfer task : MRPC *****


22-11-13 00:35:49 - INFO - root: Computing embedding for train
22-11-13 00:35:53 - INFO - root: Computed train embeddings
22-11-13 00:35:53 - INFO - root: Computing embedding for test
22-11-13 00:35:55 - INFO - root: Computed test embeddings
22-11-13 00:35:55 - INFO - root: Training pytorch-MLP-nhid0-rmsprop-bs128 with 5-fold cross-validation
22-11-13 00:36:08 - INFO - root: [('reg:1e-05', 71.44), ('reg:0.0001', 71.12), ('reg:0.001', 71.12), ('reg:0.01', 71.1)]
22-11-13 00:36:08 - INFO - root: Cross-validation : best param found is reg = 1e-05             with score 71.44
22-11-13 00:36:08 - INFO - root: Evaluating...
