22-11-12 21:27:41 - INFO - __main__: Laser model is loaded.
22-11-12 21:27:41 - INFO - __main__: Num of Laser features: 1024
22-11-12 21:27:42 - INFO - root: Generating sentence embeddings
22-11-12 21:27:46 - INFO - root: Generated sentence embeddings
22-11-12 21:27:46 - INFO - root: Training pytorch-MLP-nhid0-rmsprop-bs128 with (inner) 5-fold cross-validation
22-11-12 21:28:17 - INFO - root: Best param found at split 1: l2reg = 0.01                 with score 68.46
22-11-12 21:28:47 - INFO - root: Best param found at split 2: l2reg = 0.0001                 with score 68.41
22-11-12 21:29:17 - INFO - root: Best param found at split 3: l2reg = 1e-05                 with score 68.02
22-11-12 21:29:50 - INFO - root: Best param found at split 4: l2reg = 1e-05                 with score 66.19
22-11-12 21:30:20 - INFO - root: Best param found at split 5: l2reg = 0.01                 with score 64.79
22-11-12 21:30:22 - INFO - root: Generating sentence embeddings
22-11-12 21:30:24 - INFO - root: Generated sentence embeddings
22-11-12 21:30:24 - INFO - root: Training pytorch-MLP-nhid0-rmsprop-bs128 with (inner) 5-fold cross-validation
22-11-12 21:30:34 - INFO - root: Best param found at split 1: l2reg = 0.001                 with score 79.04
22-11-12 21:30:46 - INFO - root: Best param found at split 2: l2reg = 1e-05                 with score 77.32
22-11-12 21:30:57 - INFO - root: Best param found at split 3: l2reg = 0.001                 with score 78.05
22-11-12 21:31:09 - INFO - root: Best param found at split 4: l2reg = 0.001                 with score 77.91
22-11-12 21:31:20 - INFO - root: Best param found at split 5: l2reg = 1e-05                 with score 76.06
22-11-12 21:31:21 - INFO - root: Generating sentence embeddings
22-11-12 21:31:25 - INFO - root: Generated sentence embeddings
22-11-12 21:31:25 - INFO - root: Training pytorch-MLP-nhid0-rmsprop-bs128 with (inner) 5-fold cross-validation
22-11-12 21:31:51 - INFO - root: Best param found at split 1: l2reg = 0.01                 with score 89.0
22-11-12 21:32:19 - INFO - root: Best param found at split 2: l2reg = 0.01                 with score 89.59
22-11-12 21:32:49 - INFO - root: Best param found at split 3: l2reg = 0.01                 with score 90.05
22-11-12 21:33:18 - INFO - root: Best param found at split 4: l2reg = 0.01                 with score 89.3
22-11-12 21:33:49 - INFO - root: Best param found at split 5: l2reg = 0.001                 with score 89.22
22-11-12 21:33:51 - INFO - root: Generating sentence embeddings
22-11-12 21:33:53 - INFO - root: Generated sentence embeddings
22-11-12 21:33:53 - INFO - root: Training pytorch-MLP-nhid0-rmsprop-bs128 with (inner) 5-fold cross-validation
22-11-12 21:34:21 - INFO - root: Best param found at split 1: l2reg = 1e-05                 with score 87.61
22-11-12 21:34:52 - INFO - root: Best param found at split 2: l2reg = 0.001                 with score 86.66
22-11-12 21:35:25 - INFO - root: Best param found at split 3: l2reg = 0.001                 with score 87.11
22-11-12 21:35:55 - INFO - root: Best param found at split 4: l2reg = 0.01                 with score 87.4
22-11-12 21:36:26 - INFO - root: Best param found at split 5: l2reg = 0.001                 with score 86.22
22-11-12 21:36:28 - INFO - root: Computing embedding for train
22-11-12 21:36:31 - INFO - root: Computed train embeddings
22-11-12 21:36:31 - INFO - root: Computing embedding for dev
22-11-12 21:36:32 - INFO - root: Computed dev embeddings
22-11-12 21:36:32 - INFO - root: Computing embedding for test
22-11-12 21:36:32 - INFO - root: Computed test embeddings
22-11-12 21:36:32 - INFO - root: Training pytorch-MLP-nhid0-rmsprop-bs128 with standard validation..
22-11-12 21:36:39 - INFO - root: [('reg:1e-05', 38.15), ('reg:0.0001', 31.97), ('reg:0.001', 36.24), ('reg:0.01', 36.78)]
22-11-12 21:36:39 - INFO - root: Validation : best param found is reg = 1e-05 with score             38.15
22-11-12 21:36:39 - INFO - root: Evaluating...
22-11-12 21:36:41 - INFO - root: ***** Transfer task : TREC *****


22-11-12 21:36:43 - INFO - root: Computed train embeddings
22-11-12 21:36:43 - INFO - root: Computed test embeddings
22-11-12 21:36:43 - INFO - root: Training pytorch-MLP-nhid0-rmsprop-bs128 with 5-fold cross-validation
22-11-12 21:37:03 - INFO - root: [('reg:1e-05', 77.24), ('reg:0.0001', 77.68), ('reg:0.001', 75.18), ('reg:0.01', 66.97)]
22-11-12 21:37:03 - INFO - root: Cross-validation : best param found is reg = 0.0001             with score 77.68
22-11-12 21:37:03 - INFO - root: Evaluating...
22-11-12 21:37:04 - INFO - root: ***** Transfer task : MRPC *****


22-11-12 21:37:04 - INFO - root: Computing embedding for train
22-11-12 21:37:08 - INFO - root: Computed train embeddings
22-11-12 21:37:08 - INFO - root: Computing embedding for test
22-11-12 21:37:09 - INFO - root: Computed test embeddings
22-11-12 21:37:09 - INFO - root: Training pytorch-MLP-nhid0-rmsprop-bs128 with 5-fold cross-validation
22-11-12 21:37:23 - INFO - root: [('reg:1e-05', 72.79), ('reg:0.0001', 71.93), ('reg:0.001', 71.05), ('reg:0.01', 73.77)]
22-11-12 21:37:23 - INFO - root: Cross-validation : best param found is reg = 0.01             with score 73.77
22-11-12 21:37:23 - INFO - root: Evaluating...
