22-11-12 12:46:58 - INFO - __main__: Laser model is loaded.
22-11-12 12:46:58 - INFO - __main__: Num of Laser features: 1024
22-11-12 12:46:59 - INFO - root: Generating sentence embeddings
22-11-12 12:47:03 - INFO - root: Generated sentence embeddings
22-11-12 12:47:03 - INFO - root: Training pytorch-MLP-nhid0-rmsprop-bs128 with (inner) 5-fold cross-validation
22-11-12 12:47:34 - INFO - root: Best param found at split 1: l2reg = 1e-05                 with score 67.09
22-11-12 12:48:05 - INFO - root: Best param found at split 2: l2reg = 0.001                 with score 66.91
22-11-12 12:48:34 - INFO - root: Best param found at split 3: l2reg = 0.001                 with score 66.28
22-11-12 12:49:02 - INFO - root: Best param found at split 4: l2reg = 1e-05                 with score 65.91
22-11-12 12:49:30 - INFO - root: Best param found at split 5: l2reg = 0.0001                 with score 64.15
22-11-12 12:49:32 - INFO - root: Generating sentence embeddings
22-11-12 12:49:33 - INFO - root: Generated sentence embeddings
22-11-12 12:49:33 - INFO - root: Training pytorch-MLP-nhid0-rmsprop-bs128 with (inner) 5-fold cross-validation
22-11-12 12:49:44 - INFO - root: Best param found at split 1: l2reg = 1e-05                 with score 75.43
22-11-12 12:49:55 - INFO - root: Best param found at split 2: l2reg = 0.0001                 with score 74.97
22-11-12 12:50:06 - INFO - root: Best param found at split 3: l2reg = 0.0001                 with score 77.05
22-11-12 12:50:18 - INFO - root: Best param found at split 4: l2reg = 0.0001                 with score 76.79
22-11-12 12:50:29 - INFO - root: Best param found at split 5: l2reg = 0.001                 with score 75.96
22-11-12 12:50:30 - INFO - root: Generating sentence embeddings
22-11-12 12:50:34 - INFO - root: Generated sentence embeddings
22-11-12 12:50:34 - INFO - root: Training pytorch-MLP-nhid0-rmsprop-bs128 with (inner) 5-fold cross-validation
22-11-12 12:50:59 - INFO - root: Best param found at split 1: l2reg = 1e-05                 with score 86.89
22-11-12 12:51:27 - INFO - root: Best param found at split 2: l2reg = 1e-05                 with score 87.78
22-11-12 12:51:57 - INFO - root: Best param found at split 3: l2reg = 0.001                 with score 87.81
22-11-12 12:52:28 - INFO - root: Best param found at split 4: l2reg = 0.001                 with score 87.8
22-11-12 12:52:59 - INFO - root: Best param found at split 5: l2reg = 0.01                 with score 87.51
22-11-12 12:53:01 - INFO - root: Generating sentence embeddings
22-11-12 12:53:03 - INFO - root: Generated sentence embeddings
22-11-12 12:53:03 - INFO - root: Training pytorch-MLP-nhid0-rmsprop-bs128 with (inner) 5-fold cross-validation
22-11-12 12:53:31 - INFO - root: Best param found at split 1: l2reg = 1e-05                 with score 86.19
22-11-12 12:54:01 - INFO - root: Best param found at split 2: l2reg = 0.0001                 with score 85.54
22-11-12 12:54:32 - INFO - root: Best param found at split 3: l2reg = 0.01                 with score 86.62
22-11-12 12:54:52 - INFO - root: Best param found at split 4: l2reg = 0.0001                 with score 85.59
22-11-12 12:55:10 - INFO - root: Best param found at split 5: l2reg = 0.01                 with score 85.81
22-11-12 12:55:11 - INFO - root: Computing embedding for train
22-11-12 12:55:14 - INFO - root: Computed train embeddings
22-11-12 12:55:14 - INFO - root: Computing embedding for dev
22-11-12 12:55:15 - INFO - root: Computed dev embeddings
22-11-12 12:55:15 - INFO - root: Computing embedding for test
22-11-12 12:55:15 - INFO - root: Computed test embeddings
22-11-12 12:55:15 - INFO - root: Training pytorch-MLP-nhid0-rmsprop-bs128 with standard validation..
22-11-12 12:55:20 - INFO - root: [('reg:1e-05', 32.88), ('reg:0.0001', 36.33), ('reg:0.001', 34.06), ('reg:0.01', 35.24)]
22-11-12 12:55:20 - INFO - root: Validation : best param found is reg = 0.0001 with score             36.33
22-11-12 12:55:20 - INFO - root: Evaluating...
22-11-12 12:55:21 - INFO - root: ***** Transfer task : TREC *****


22-11-12 12:55:23 - INFO - root: Computed train embeddings
22-11-12 12:55:23 - INFO - root: Computed test embeddings
22-11-12 12:55:23 - INFO - root: Training pytorch-MLP-nhid0-rmsprop-bs128 with 5-fold cross-validation
22-11-12 12:55:34 - INFO - root: [('reg:1e-05', 71.35), ('reg:0.0001', 68.21), ('reg:0.001', 73.07), ('reg:0.01', 68.22)]
22-11-12 12:55:34 - INFO - root: Cross-validation : best param found is reg = 0.001             with score 73.07
22-11-12 12:55:34 - INFO - root: Evaluating...
22-11-12 12:55:35 - INFO - root: ***** Transfer task : MRPC *****


22-11-12 12:55:35 - INFO - root: Computing embedding for train
22-11-12 12:55:38 - INFO - root: Computed train embeddings
22-11-12 12:55:38 - INFO - root: Computing embedding for test
22-11-12 12:55:40 - INFO - root: Computed test embeddings
22-11-12 12:55:40 - INFO - root: Training pytorch-MLP-nhid0-rmsprop-bs128 with 5-fold cross-validation
22-11-12 12:55:50 - INFO - root: [('reg:1e-05', 72.96), ('reg:0.0001', 73.41), ('reg:0.001', 73.23), ('reg:0.01', 72.82)]
22-11-12 12:55:50 - INFO - root: Cross-validation : best param found is reg = 0.0001             with score 73.41
22-11-12 12:55:50 - INFO - root: Evaluating...
