22-11-12 08:38:05 - INFO - __main__: Laser model is loaded.
22-11-12 08:38:05 - INFO - __main__: Num of Laser features: 1024
22-11-12 08:38:06 - INFO - root: Generating sentence embeddings
22-11-12 08:38:10 - INFO - root: Generated sentence embeddings
22-11-12 08:38:10 - INFO - root: Training pytorch-MLP-nhid0-rmsprop-bs128 with (inner) 5-fold cross-validation
22-11-12 08:38:44 - INFO - root: Best param found at split 1: l2reg = 1e-05                 with score 68.44
22-11-12 08:39:18 - INFO - root: Best param found at split 2: l2reg = 1e-05                 with score 67.44
22-11-12 08:39:50 - INFO - root: Best param found at split 3: l2reg = 0.01                 with score 66.6
22-11-12 08:40:21 - INFO - root: Best param found at split 4: l2reg = 0.0001                 with score 64.53
22-11-12 08:40:53 - INFO - root: Best param found at split 5: l2reg = 1e-05                 with score 67.49
22-11-12 08:40:55 - INFO - root: Generating sentence embeddings
22-11-12 08:40:56 - INFO - root: Generated sentence embeddings
22-11-12 08:40:56 - INFO - root: Training pytorch-MLP-nhid0-rmsprop-bs128 with (inner) 5-fold cross-validation
22-11-12 08:41:07 - INFO - root: Best param found at split 1: l2reg = 0.001                 with score 77.65
22-11-12 08:41:18 - INFO - root: Best param found at split 2: l2reg = 1e-05                 with score 75.13
22-11-12 08:41:30 - INFO - root: Best param found at split 3: l2reg = 0.0001                 with score 78.38
22-11-12 08:41:42 - INFO - root: Best param found at split 4: l2reg = 0.0001                 with score 77.38
22-11-12 08:41:53 - INFO - root: Best param found at split 5: l2reg = 1e-05                 with score 76.23
22-11-12 08:41:54 - INFO - root: Generating sentence embeddings
22-11-12 08:41:58 - INFO - root: Generated sentence embeddings
22-11-12 08:41:58 - INFO - root: Training pytorch-MLP-nhid0-rmsprop-bs128 with (inner) 5-fold cross-validation
22-11-12 08:42:25 - INFO - root: Best param found at split 1: l2reg = 0.01                 with score 87.95
22-11-12 08:42:50 - INFO - root: Best param found at split 2: l2reg = 0.01                 with score 87.93
22-11-12 08:43:21 - INFO - root: Best param found at split 3: l2reg = 0.0001                 with score 88.15
22-11-12 08:43:47 - INFO - root: Best param found at split 4: l2reg = 1e-05                 with score 87.62
22-11-12 08:44:17 - INFO - root: Best param found at split 5: l2reg = 1e-05                 with score 88.24
22-11-12 08:44:18 - INFO - root: Generating sentence embeddings
22-11-12 08:44:20 - INFO - root: Generated sentence embeddings
22-11-12 08:44:20 - INFO - root: Training pytorch-MLP-nhid0-rmsprop-bs128 with (inner) 5-fold cross-validation
22-11-12 08:44:49 - INFO - root: Best param found at split 1: l2reg = 0.0001                 with score 85.82
22-11-12 08:45:18 - INFO - root: Best param found at split 2: l2reg = 0.001                 with score 86.12
22-11-12 08:45:50 - INFO - root: Best param found at split 3: l2reg = 0.0001                 with score 86.78
22-11-12 08:46:19 - INFO - root: Best param found at split 4: l2reg = 0.01                 with score 86.64
22-11-12 08:46:50 - INFO - root: Best param found at split 5: l2reg = 0.01                 with score 85.83
22-11-12 08:46:52 - INFO - root: Computing embedding for train
22-11-12 08:46:55 - INFO - root: Computed train embeddings
22-11-12 08:46:55 - INFO - root: Computing embedding for dev
22-11-12 08:46:55 - INFO - root: Computed dev embeddings
22-11-12 08:46:55 - INFO - root: Computing embedding for test
22-11-12 08:46:56 - INFO - root: Computed test embeddings
22-11-12 08:46:56 - INFO - root: Training pytorch-MLP-nhid0-rmsprop-bs128 with standard validation..
22-11-12 08:47:03 - INFO - root: [('reg:1e-05', 33.7), ('reg:0.0001', 37.15), ('reg:0.001', 37.69), ('reg:0.01', 34.42)]
22-11-12 08:47:03 - INFO - root: Validation : best param found is reg = 0.001 with score             37.69
22-11-12 08:47:03 - INFO - root: Evaluating...
22-11-12 08:47:05 - INFO - root: ***** Transfer task : TREC *****


22-11-12 08:47:06 - INFO - root: Computed train embeddings
22-11-12 08:47:06 - INFO - root: Computed test embeddings
22-11-12 08:47:06 - INFO - root: Training pytorch-MLP-nhid0-rmsprop-bs128 with 5-fold cross-validation
22-11-12 08:47:24 - INFO - root: [('reg:1e-05', 70.75), ('reg:0.0001', 67.7), ('reg:0.001', 68.36), ('reg:0.01', 68.09)]
22-11-12 08:47:24 - INFO - root: Cross-validation : best param found is reg = 1e-05             with score 70.75
22-11-12 08:47:24 - INFO - root: Evaluating...
22-11-12 08:47:25 - INFO - root: ***** Transfer task : MRPC *****


22-11-12 08:47:25 - INFO - root: Computing embedding for train
22-11-12 08:47:28 - INFO - root: Computed train embeddings
22-11-12 08:47:28 - INFO - root: Computing embedding for test
22-11-12 08:47:30 - INFO - root: Computed test embeddings
22-11-12 08:47:30 - INFO - root: Training pytorch-MLP-nhid0-rmsprop-bs128 with 5-fold cross-validation
22-11-12 08:47:45 - INFO - root: [('reg:1e-05', 71.84), ('reg:0.0001', 71.76), ('reg:0.001', 71.79), ('reg:0.01', 72.42)]
22-11-12 08:47:45 - INFO - root: Cross-validation : best param found is reg = 0.01             with score 72.42
22-11-12 08:47:45 - INFO - root: Evaluating...
