22-11-11 22:21:36 - INFO - __main__: Laser model is loaded.
22-11-11 22:21:36 - INFO - __main__: Num of Laser features: 1024
22-11-11 22:21:37 - INFO - root: Generating sentence embeddings
22-11-11 22:21:41 - INFO - root: Generated sentence embeddings
22-11-11 22:21:41 - INFO - root: Training pytorch-MLP-nhid0-rmsprop-bs128 with (inner) 5-fold cross-validation
22-11-11 22:22:12 - INFO - root: Best param found at split 1: l2reg = 0.01                 with score 62.93
22-11-11 22:22:41 - INFO - root: Best param found at split 2: l2reg = 0.0001                 with score 61.57
22-11-11 22:23:11 - INFO - root: Best param found at split 3: l2reg = 0.001                 with score 63.2
22-11-11 22:23:43 - INFO - root: Best param found at split 4: l2reg = 1e-05                 with score 63.24
22-11-11 22:24:13 - INFO - root: Best param found at split 5: l2reg = 0.001                 with score 64.03
22-11-11 22:24:16 - INFO - root: Generating sentence embeddings
22-11-11 22:24:17 - INFO - root: Generated sentence embeddings
22-11-11 22:24:17 - INFO - root: Training pytorch-MLP-nhid0-rmsprop-bs128 with (inner) 5-fold cross-validation
22-11-11 22:24:28 - INFO - root: Best param found at split 1: l2reg = 1e-05                 with score 73.64
22-11-11 22:24:39 - INFO - root: Best param found at split 2: l2reg = 1e-05                 with score 72.81
22-11-11 22:24:51 - INFO - root: Best param found at split 3: l2reg = 0.0001                 with score 73.34
22-11-11 22:25:03 - INFO - root: Best param found at split 4: l2reg = 0.0001                 with score 73.58
22-11-11 22:25:14 - INFO - root: Best param found at split 5: l2reg = 0.01                 with score 73.01
22-11-11 22:25:15 - INFO - root: Generating sentence embeddings
22-11-11 22:25:19 - INFO - root: Generated sentence embeddings
22-11-11 22:25:19 - INFO - root: Training pytorch-MLP-nhid0-rmsprop-bs128 with (inner) 5-fold cross-validation
22-11-11 22:25:46 - INFO - root: Best param found at split 1: l2reg = 0.0001                 with score 83.93
22-11-11 22:26:15 - INFO - root: Best param found at split 2: l2reg = 0.0001                 with score 83.25
22-11-11 22:26:44 - INFO - root: Best param found at split 3: l2reg = 1e-05                 with score 82.94
22-11-11 22:27:12 - INFO - root: Best param found at split 4: l2reg = 0.001                 with score 82.81
22-11-11 22:27:39 - INFO - root: Best param found at split 5: l2reg = 0.0001                 with score 83.3
22-11-11 22:27:41 - INFO - root: Generating sentence embeddings
22-11-11 22:27:43 - INFO - root: Generated sentence embeddings
22-11-11 22:27:43 - INFO - root: Training pytorch-MLP-nhid0-rmsprop-bs128 with (inner) 5-fold cross-validation
22-11-11 22:28:13 - INFO - root: Best param found at split 1: l2reg = 0.0001                 with score 84.71
22-11-11 22:28:41 - INFO - root: Best param found at split 2: l2reg = 1e-05                 with score 83.12
22-11-11 22:29:11 - INFO - root: Best param found at split 3: l2reg = 0.01                 with score 84.35
22-11-11 22:29:43 - INFO - root: Best param found at split 4: l2reg = 0.01                 with score 84.02
22-11-11 22:30:02 - INFO - root: Best param found at split 5: l2reg = 1e-05                 with score 84.02
22-11-11 22:30:04 - INFO - root: Computing embedding for train
22-11-11 22:30:07 - INFO - root: Computed train embeddings
22-11-11 22:30:07 - INFO - root: Computing embedding for dev
22-11-11 22:30:08 - INFO - root: Computed dev embeddings
22-11-11 22:30:08 - INFO - root: Computing embedding for test
22-11-11 22:30:09 - INFO - root: Computed test embeddings
22-11-11 22:30:09 - INFO - root: Training pytorch-MLP-nhid0-rmsprop-bs128 with standard validation..
22-11-11 22:30:15 - INFO - root: [('reg:1e-05', 32.79), ('reg:0.0001', 31.97), ('reg:0.001', 33.15), ('reg:0.01', 31.43)]
22-11-11 22:30:15 - INFO - root: Validation : best param found is reg = 0.001 with score             33.15
22-11-11 22:30:15 - INFO - root: Evaluating...
22-11-11 22:30:17 - INFO - root: ***** Transfer task : TREC *****


22-11-11 22:30:19 - INFO - root: Computed train embeddings
22-11-11 22:30:19 - INFO - root: Computed test embeddings
22-11-11 22:30:19 - INFO - root: Training pytorch-MLP-nhid0-rmsprop-bs128 with 5-fold cross-validation
22-11-11 22:30:37 - INFO - root: [('reg:1e-05', 65.39), ('reg:0.0001', 65.52), ('reg:0.001', 64.97), ('reg:0.01', 61.32)]
22-11-11 22:30:37 - INFO - root: Cross-validation : best param found is reg = 0.0001             with score 65.52
22-11-11 22:30:37 - INFO - root: Evaluating...
22-11-11 22:30:39 - INFO - root: ***** Transfer task : MRPC *****


22-11-11 22:30:39 - INFO - root: Computing embedding for train
22-11-11 22:30:42 - INFO - root: Computed train embeddings
22-11-11 22:30:42 - INFO - root: Computing embedding for test
22-11-11 22:30:44 - INFO - root: Computed test embeddings
22-11-11 22:30:44 - INFO - root: Training pytorch-MLP-nhid0-rmsprop-bs128 with 5-fold cross-validation
22-11-11 22:30:57 - INFO - root: [('reg:1e-05', 71.12), ('reg:0.0001', 71.39), ('reg:0.001', 71.49), ('reg:0.01', 71.76)]
22-11-11 22:30:57 - INFO - root: Cross-validation : best param found is reg = 0.01             with score 71.76
22-11-11 22:30:57 - INFO - root: Evaluating...
