22-11-12 08:11:52 - INFO - __main__: Laser model is loaded.
22-11-12 08:11:52 - INFO - __main__: Num of Laser features: 1024
22-11-12 08:11:54 - INFO - root: Generating sentence embeddings
22-11-12 08:11:57 - INFO - root: Generated sentence embeddings
22-11-12 08:11:57 - INFO - root: Training pytorch-MLP-nhid0-rmsprop-bs128 with (inner) 5-fold cross-validation
22-11-12 08:12:28 - INFO - root: Best param found at split 1: l2reg = 1e-05                 with score 65.82
22-11-12 08:13:00 - INFO - root: Best param found at split 2: l2reg = 1e-05                 with score 65.17
22-11-12 08:13:30 - INFO - root: Best param found at split 3: l2reg = 1e-05                 with score 65.21
22-11-12 08:14:02 - INFO - root: Best param found at split 4: l2reg = 0.0001                 with score 65.36
22-11-12 08:14:32 - INFO - root: Best param found at split 5: l2reg = 1e-05                 with score 64.7
22-11-12 08:14:33 - INFO - root: Generating sentence embeddings
22-11-12 08:14:35 - INFO - root: Generated sentence embeddings
22-11-12 08:14:35 - INFO - root: Training pytorch-MLP-nhid0-rmsprop-bs128 with (inner) 5-fold cross-validation
22-11-12 08:14:44 - INFO - root: Best param found at split 1: l2reg = 0.01                 with score 76.03
22-11-12 08:14:56 - INFO - root: Best param found at split 2: l2reg = 0.0001                 with score 74.93
22-11-12 08:15:06 - INFO - root: Best param found at split 3: l2reg = 1e-05                 with score 76.32
22-11-12 08:15:17 - INFO - root: Best param found at split 4: l2reg = 0.001                 with score 74.37
22-11-12 08:15:29 - INFO - root: Best param found at split 5: l2reg = 1e-05                 with score 75.36
22-11-12 08:15:30 - INFO - root: Generating sentence embeddings
22-11-12 08:15:34 - INFO - root: Generated sentence embeddings
22-11-12 08:15:34 - INFO - root: Training pytorch-MLP-nhid0-rmsprop-bs128 with (inner) 5-fold cross-validation
22-11-12 08:15:58 - INFO - root: Best param found at split 1: l2reg = 0.01                 with score 86.46
22-11-12 08:16:24 - INFO - root: Best param found at split 2: l2reg = 0.0001                 with score 86.59
22-11-12 08:16:55 - INFO - root: Best param found at split 3: l2reg = 1e-05                 with score 87.06
22-11-12 08:17:29 - INFO - root: Best param found at split 4: l2reg = 0.001                 with score 87.07
22-11-12 08:17:57 - INFO - root: Best param found at split 5: l2reg = 0.01                 with score 86.89
22-11-12 08:18:00 - INFO - root: Generating sentence embeddings
22-11-12 08:18:01 - INFO - root: Generated sentence embeddings
22-11-12 08:18:01 - INFO - root: Training pytorch-MLP-nhid0-rmsprop-bs128 with (inner) 5-fold cross-validation
22-11-12 08:18:28 - INFO - root: Best param found at split 1: l2reg = 1e-05                 with score 85.56
22-11-12 08:18:57 - INFO - root: Best param found at split 2: l2reg = 0.01                 with score 84.71
22-11-12 08:19:27 - INFO - root: Best param found at split 3: l2reg = 0.001                 with score 85.77
22-11-12 08:19:57 - INFO - root: Best param found at split 4: l2reg = 0.01                 with score 85.01
22-11-12 08:20:25 - INFO - root: Best param found at split 5: l2reg = 0.001                 with score 85.1
22-11-12 08:20:26 - INFO - root: Computing embedding for train
22-11-12 08:20:30 - INFO - root: Computed train embeddings
22-11-12 08:20:30 - INFO - root: Computing embedding for dev
22-11-12 08:20:30 - INFO - root: Computed dev embeddings
22-11-12 08:20:30 - INFO - root: Computing embedding for test
22-11-12 08:20:30 - INFO - root: Computed test embeddings
22-11-12 08:20:30 - INFO - root: Training pytorch-MLP-nhid0-rmsprop-bs128 with standard validation..
22-11-12 08:20:36 - INFO - root: [('reg:1e-05', 33.79), ('reg:0.0001', 34.42), ('reg:0.001', 33.88), ('reg:0.01', 35.06)]
22-11-12 08:20:36 - INFO - root: Validation : best param found is reg = 0.01 with score             35.06
22-11-12 08:20:36 - INFO - root: Evaluating...
22-11-12 08:20:38 - INFO - root: ***** Transfer task : TREC *****


22-11-12 08:20:39 - INFO - root: Computed train embeddings
22-11-12 08:20:39 - INFO - root: Computed test embeddings
22-11-12 08:20:39 - INFO - root: Training pytorch-MLP-nhid0-rmsprop-bs128 with 5-fold cross-validation
22-11-12 08:20:58 - INFO - root: [('reg:1e-05', 71.24), ('reg:0.0001', 71.77), ('reg:0.001', 72.12), ('reg:0.01', 70.08)]
22-11-12 08:20:58 - INFO - root: Cross-validation : best param found is reg = 0.001             with score 72.12
22-11-12 08:20:58 - INFO - root: Evaluating...
22-11-12 08:21:00 - INFO - root: ***** Transfer task : MRPC *****


22-11-12 08:21:00 - INFO - root: Computing embedding for train
22-11-12 08:21:03 - INFO - root: Computed train embeddings
22-11-12 08:21:03 - INFO - root: Computing embedding for test
22-11-12 08:21:05 - INFO - root: Computed test embeddings
22-11-12 08:21:05 - INFO - root: Training pytorch-MLP-nhid0-rmsprop-bs128 with 5-fold cross-validation
22-11-12 08:21:18 - INFO - root: [('reg:1e-05', 72.15), ('reg:0.0001', 72.25), ('reg:0.001', 72.3), ('reg:0.01', 72.47)]
22-11-12 08:21:18 - INFO - root: Cross-validation : best param found is reg = 0.01             with score 72.47
22-11-12 08:21:18 - INFO - root: Evaluating...
