22-11-11 16:06:31 - INFO - __main__: Laser model is loaded.
22-11-11 16:06:31 - INFO - __main__: Num of Laser features: 1024
22-11-11 16:06:32 - INFO - root: Generating sentence embeddings
22-11-11 16:06:36 - INFO - root: Generated sentence embeddings
22-11-11 16:06:36 - INFO - root: Training pytorch-MLP-nhid0-rmsprop-bs128 with (inner) 5-fold cross-validation
22-11-11 16:07:06 - INFO - root: Best param found at split 1: l2reg = 1e-05                 with score 64.45
22-11-11 16:07:41 - INFO - root: Best param found at split 2: l2reg = 1e-05                 with score 64.08
22-11-11 16:08:12 - INFO - root: Best param found at split 3: l2reg = 1e-05                 with score 63.72
22-11-11 16:08:43 - INFO - root: Best param found at split 4: l2reg = 0.001                 with score 64.38
22-11-11 16:09:16 - INFO - root: Best param found at split 5: l2reg = 0.0001                 with score 64.02
22-11-11 16:09:18 - INFO - root: Generating sentence embeddings
22-11-11 16:09:20 - INFO - root: Generated sentence embeddings
22-11-11 16:09:20 - INFO - root: Training pytorch-MLP-nhid0-rmsprop-bs128 with (inner) 5-fold cross-validation
22-11-11 16:09:32 - INFO - root: Best param found at split 1: l2reg = 0.01                 with score 72.45
22-11-11 16:09:43 - INFO - root: Best param found at split 2: l2reg = 0.001                 with score 71.89
22-11-11 16:09:53 - INFO - root: Best param found at split 3: l2reg = 0.01                 with score 71.75
22-11-11 16:10:05 - INFO - root: Best param found at split 4: l2reg = 0.0001                 with score 70.96
22-11-11 16:10:17 - INFO - root: Best param found at split 5: l2reg = 0.001                 with score 71.36
22-11-11 16:10:17 - INFO - root: Generating sentence embeddings
22-11-11 16:10:21 - INFO - root: Generated sentence embeddings
22-11-11 16:10:21 - INFO - root: Training pytorch-MLP-nhid0-rmsprop-bs128 with (inner) 5-fold cross-validation
22-11-11 16:10:47 - INFO - root: Best param found at split 1: l2reg = 0.01                 with score 81.25
22-11-11 16:11:15 - INFO - root: Best param found at split 2: l2reg = 0.01                 with score 81.23
22-11-11 16:11:40 - INFO - root: Best param found at split 3: l2reg = 1e-05                 with score 81.3
22-11-11 16:12:10 - INFO - root: Best param found at split 4: l2reg = 0.01                 with score 81.59
22-11-11 16:12:40 - INFO - root: Best param found at split 5: l2reg = 0.001                 with score 81.56
22-11-11 16:12:41 - INFO - root: Generating sentence embeddings
22-11-11 16:12:43 - INFO - root: Generated sentence embeddings
22-11-11 16:12:43 - INFO - root: Training pytorch-MLP-nhid0-rmsprop-bs128 with (inner) 5-fold cross-validation
22-11-11 16:13:11 - INFO - root: Best param found at split 1: l2reg = 0.001                 with score 81.73
22-11-11 16:13:39 - INFO - root: Best param found at split 2: l2reg = 1e-05                 with score 80.94
22-11-11 16:14:08 - INFO - root: Best param found at split 3: l2reg = 1e-05                 with score 82.35
22-11-11 16:14:40 - INFO - root: Best param found at split 4: l2reg = 0.01                 with score 82.44
22-11-11 16:15:15 - INFO - root: Best param found at split 5: l2reg = 1e-05                 with score 81.56
22-11-11 16:15:16 - INFO - root: Computing embedding for train
22-11-11 16:15:19 - INFO - root: Computed train embeddings
22-11-11 16:15:19 - INFO - root: Computing embedding for dev
22-11-11 16:15:20 - INFO - root: Computed dev embeddings
22-11-11 16:15:20 - INFO - root: Computing embedding for test
22-11-11 16:15:21 - INFO - root: Computed test embeddings
22-11-11 16:15:21 - INFO - root: Training pytorch-MLP-nhid0-rmsprop-bs128 with standard validation..
22-11-11 16:15:27 - INFO - root: [('reg:1e-05', 32.33), ('reg:0.0001', 32.15), ('reg:0.001', 32.61), ('reg:0.01', 31.88)]
22-11-11 16:15:27 - INFO - root: Validation : best param found is reg = 0.001 with score             32.61
22-11-11 16:15:27 - INFO - root: Evaluating...
22-11-11 16:15:29 - INFO - root: ***** Transfer task : TREC *****


22-11-11 16:15:31 - INFO - root: Computed train embeddings
22-11-11 16:15:31 - INFO - root: Computed test embeddings
22-11-11 16:15:31 - INFO - root: Training pytorch-MLP-nhid0-rmsprop-bs128 with 5-fold cross-validation
22-11-11 16:15:49 - INFO - root: [('reg:1e-05', 62.95), ('reg:0.0001', 62.91), ('reg:0.001', 62.78), ('reg:0.01', 61.92)]
22-11-11 16:15:49 - INFO - root: Cross-validation : best param found is reg = 1e-05             with score 62.95
22-11-11 16:15:49 - INFO - root: Evaluating...
22-11-11 16:15:50 - INFO - root: ***** Transfer task : MRPC *****


22-11-11 16:15:50 - INFO - root: Computing embedding for train
22-11-11 16:15:54 - INFO - root: Computed train embeddings
22-11-11 16:15:54 - INFO - root: Computing embedding for test
22-11-11 16:15:55 - INFO - root: Computed test embeddings
22-11-11 16:15:55 - INFO - root: Training pytorch-MLP-nhid0-rmsprop-bs128 with 5-fold cross-validation
22-11-11 16:16:09 - INFO - root: [('reg:1e-05', 70.85), ('reg:0.0001', 70.88), ('reg:0.001', 70.9), ('reg:0.01', 70.83)]
22-11-11 16:16:09 - INFO - root: Cross-validation : best param found is reg = 0.001             with score 70.9
22-11-11 16:16:09 - INFO - root: Evaluating...
