22-11-12 15:38:17 - INFO - __main__: Laser model is loaded.
22-11-12 15:38:18 - INFO - __main__: Num of Laser features: 1024
22-11-12 15:38:19 - INFO - root: Generating sentence embeddings
22-11-12 15:38:23 - INFO - root: Generated sentence embeddings
22-11-12 15:38:23 - INFO - root: Training pytorch-MLP-nhid0-rmsprop-bs128 with (inner) 5-fold cross-validation
22-11-12 15:38:55 - INFO - root: Best param found at split 1: l2reg = 0.01                 with score 70.44
22-11-12 15:39:27 - INFO - root: Best param found at split 2: l2reg = 1e-05                 with score 69.7
22-11-12 15:40:00 - INFO - root: Best param found at split 3: l2reg = 1e-05                 with score 69.71
22-11-12 15:40:30 - INFO - root: Best param found at split 4: l2reg = 1e-05                 with score 67.47
22-11-12 15:41:01 - INFO - root: Best param found at split 5: l2reg = 0.001                 with score 66.42
22-11-12 15:41:03 - INFO - root: Generating sentence embeddings
22-11-12 15:41:04 - INFO - root: Generated sentence embeddings
22-11-12 15:41:04 - INFO - root: Training pytorch-MLP-nhid0-rmsprop-bs128 with (inner) 5-fold cross-validation
22-11-12 15:41:16 - INFO - root: Best param found at split 1: l2reg = 1e-05                 with score 77.78
22-11-12 15:41:28 - INFO - root: Best param found at split 2: l2reg = 0.001                 with score 76.13
22-11-12 15:41:40 - INFO - root: Best param found at split 3: l2reg = 0.001                 with score 75.13
22-11-12 15:41:50 - INFO - root: Best param found at split 4: l2reg = 0.0001                 with score 75.86
22-11-12 15:42:02 - INFO - root: Best param found at split 5: l2reg = 0.001                 with score 76.03
22-11-12 15:42:03 - INFO - root: Generating sentence embeddings
22-11-12 15:42:07 - INFO - root: Generated sentence embeddings
22-11-12 15:42:07 - INFO - root: Training pytorch-MLP-nhid0-rmsprop-bs128 with (inner) 5-fold cross-validation
22-11-12 15:42:33 - INFO - root: Best param found at split 1: l2reg = 0.001                 with score 88.52
22-11-12 15:43:03 - INFO - root: Best param found at split 2: l2reg = 0.001                 with score 88.74
22-11-12 15:43:34 - INFO - root: Best param found at split 3: l2reg = 0.01                 with score 89.2
22-11-12 15:44:06 - INFO - root: Best param found at split 4: l2reg = 0.001                 with score 88.61
22-11-12 15:44:38 - INFO - root: Best param found at split 5: l2reg = 0.001                 with score 88.56
22-11-12 15:44:39 - INFO - root: Generating sentence embeddings
22-11-12 15:44:41 - INFO - root: Generated sentence embeddings
22-11-12 15:44:41 - INFO - root: Training pytorch-MLP-nhid0-rmsprop-bs128 with (inner) 5-fold cross-validation
22-11-12 15:45:08 - INFO - root: Best param found at split 1: l2reg = 1e-05                 with score 87.4
22-11-12 15:45:40 - INFO - root: Best param found at split 2: l2reg = 0.0001                 with score 86.92
22-11-12 15:46:08 - INFO - root: Best param found at split 3: l2reg = 0.01                 with score 86.53
22-11-12 15:46:37 - INFO - root: Best param found at split 4: l2reg = 0.01                 with score 87.33
22-11-12 15:47:09 - INFO - root: Best param found at split 5: l2reg = 0.01                 with score 86.69
22-11-12 15:47:11 - INFO - root: Computing embedding for train
22-11-12 15:47:14 - INFO - root: Computed train embeddings
22-11-12 15:47:14 - INFO - root: Computing embedding for dev
22-11-12 15:47:14 - INFO - root: Computed dev embeddings
22-11-12 15:47:14 - INFO - root: Computing embedding for test
22-11-12 15:47:15 - INFO - root: Computed test embeddings
22-11-12 15:47:15 - INFO - root: Training pytorch-MLP-nhid0-rmsprop-bs128 with standard validation..
22-11-12 15:47:21 - INFO - root: [('reg:1e-05', 37.87), ('reg:0.0001', 34.7), ('reg:0.001', 32.33), ('reg:0.01', 36.69)]
22-11-12 15:47:21 - INFO - root: Validation : best param found is reg = 1e-05 with score             37.87
22-11-12 15:47:21 - INFO - root: Evaluating...
22-11-12 15:47:23 - INFO - root: ***** Transfer task : TREC *****


22-11-12 15:47:24 - INFO - root: Computed train embeddings
22-11-12 15:47:24 - INFO - root: Computed test embeddings
22-11-12 15:47:24 - INFO - root: Training pytorch-MLP-nhid0-rmsprop-bs128 with 5-fold cross-validation
22-11-12 15:47:43 - INFO - root: [('reg:1e-05', 75.05), ('reg:0.0001', 74.76), ('reg:0.001', 73.16), ('reg:0.01', 69.42)]
22-11-12 15:47:43 - INFO - root: Cross-validation : best param found is reg = 1e-05             with score 75.05
22-11-12 15:47:43 - INFO - root: Evaluating...
22-11-12 15:47:44 - INFO - root: ***** Transfer task : MRPC *****


22-11-12 15:47:44 - INFO - root: Computing embedding for train
22-11-12 15:47:48 - INFO - root: Computed train embeddings
22-11-12 15:47:48 - INFO - root: Computing embedding for test
22-11-12 15:47:50 - INFO - root: Computed test embeddings
22-11-12 15:47:50 - INFO - root: Training pytorch-MLP-nhid0-rmsprop-bs128 with 5-fold cross-validation
22-11-12 15:48:03 - INFO - root: [('reg:1e-05', 72.42), ('reg:0.0001', 72.23), ('reg:0.001', 72.52), ('reg:0.01', 71.71)]
22-11-12 15:48:03 - INFO - root: Cross-validation : best param found is reg = 0.001             with score 72.52
22-11-12 15:48:03 - INFO - root: Evaluating...
