22-11-11 15:13:52 - INFO - __main__: Laser model is loaded.
22-11-11 15:13:52 - INFO - __main__: Num of Laser features: 1024
22-11-11 15:13:53 - INFO - root: Generating sentence embeddings
22-11-11 15:13:57 - INFO - root: Generated sentence embeddings
22-11-11 15:13:57 - INFO - root: Training pytorch-MLP-nhid0-rmsprop-bs128 with (inner) 5-fold cross-validation
22-11-11 15:14:24 - INFO - root: Best param found at split 1: l2reg = 0.001                 with score 64.44
22-11-11 15:14:56 - INFO - root: Best param found at split 2: l2reg = 0.001                 with score 65.01
22-11-11 15:15:24 - INFO - root: Best param found at split 3: l2reg = 0.001                 with score 65.09
22-11-11 15:15:52 - INFO - root: Best param found at split 4: l2reg = 0.01                 with score 64.33
22-11-11 15:16:24 - INFO - root: Best param found at split 5: l2reg = 0.01                 with score 64.26
22-11-11 15:16:26 - INFO - root: Generating sentence embeddings
22-11-11 15:16:27 - INFO - root: Generated sentence embeddings
22-11-11 15:16:27 - INFO - root: Training pytorch-MLP-nhid0-rmsprop-bs128 with (inner) 5-fold cross-validation
22-11-11 15:16:38 - INFO - root: Best param found at split 1: l2reg = 0.001                 with score 72.98
22-11-11 15:16:49 - INFO - root: Best param found at split 2: l2reg = 0.01                 with score 73.18
22-11-11 15:17:01 - INFO - root: Best param found at split 3: l2reg = 0.01                 with score 72.68
22-11-11 15:17:13 - INFO - root: Best param found at split 4: l2reg = 1e-05                 with score 72.52
22-11-11 15:17:24 - INFO - root: Best param found at split 5: l2reg = 0.0001                 with score 72.72
22-11-11 15:17:25 - INFO - root: Generating sentence embeddings
22-11-11 15:17:29 - INFO - root: Generated sentence embeddings
22-11-11 15:17:29 - INFO - root: Training pytorch-MLP-nhid0-rmsprop-bs128 with (inner) 5-fold cross-validation
22-11-11 15:17:57 - INFO - root: Best param found at split 1: l2reg = 1e-05                 with score 81.42
22-11-11 15:18:23 - INFO - root: Best param found at split 2: l2reg = 0.0001                 with score 81.1
22-11-11 15:18:52 - INFO - root: Best param found at split 3: l2reg = 0.001                 with score 81.25
22-11-11 15:19:22 - INFO - root: Best param found at split 4: l2reg = 0.001                 with score 81.14
22-11-11 15:19:51 - INFO - root: Best param found at split 5: l2reg = 0.001                 with score 81.36
22-11-11 15:19:53 - INFO - root: Generating sentence embeddings
22-11-11 15:19:54 - INFO - root: Generated sentence embeddings
22-11-11 15:19:54 - INFO - root: Training pytorch-MLP-nhid0-rmsprop-bs128 with (inner) 5-fold cross-validation
22-11-11 15:20:19 - INFO - root: Best param found at split 1: l2reg = 1e-05                 with score 78.51
22-11-11 15:20:49 - INFO - root: Best param found at split 2: l2reg = 0.01                 with score 81.63
22-11-11 15:21:20 - INFO - root: Best param found at split 3: l2reg = 0.01                 with score 82.4
22-11-11 15:21:49 - INFO - root: Best param found at split 4: l2reg = 0.01                 with score 82.25
22-11-11 15:22:17 - INFO - root: Best param found at split 5: l2reg = 0.0001                 with score 81.34
22-11-11 15:22:19 - INFO - root: Computing embedding for train
22-11-11 15:22:22 - INFO - root: Computed train embeddings
22-11-11 15:22:22 - INFO - root: Computing embedding for dev
22-11-11 15:22:22 - INFO - root: Computed dev embeddings
22-11-11 15:22:22 - INFO - root: Computing embedding for test
22-11-11 15:22:23 - INFO - root: Computed test embeddings
22-11-11 15:22:23 - INFO - root: Training pytorch-MLP-nhid0-rmsprop-bs128 with standard validation..
22-11-11 15:22:29 - INFO - root: [('reg:1e-05', 32.43), ('reg:0.0001', 32.88), ('reg:0.001', 33.24), ('reg:0.01', 34.88)]
22-11-11 15:22:29 - INFO - root: Validation : best param found is reg = 0.01 with score             34.88
22-11-11 15:22:29 - INFO - root: Evaluating...
22-11-11 15:22:31 - INFO - root: ***** Transfer task : TREC *****


22-11-11 15:22:32 - INFO - root: Computed train embeddings
22-11-11 15:22:32 - INFO - root: Computed test embeddings
22-11-11 15:22:32 - INFO - root: Training pytorch-MLP-nhid0-rmsprop-bs128 with 5-fold cross-validation
22-11-11 15:22:50 - INFO - root: [('reg:1e-05', 61.76), ('reg:0.0001', 61.79), ('reg:0.001', 61.57), ('reg:0.01', 59.34)]
22-11-11 15:22:50 - INFO - root: Cross-validation : best param found is reg = 0.0001             with score 61.79
22-11-11 15:22:50 - INFO - root: Evaluating...
22-11-11 15:22:51 - INFO - root: ***** Transfer task : MRPC *****


22-11-11 15:22:51 - INFO - root: Computing embedding for train
22-11-11 15:22:55 - INFO - root: Computed train embeddings
22-11-11 15:22:55 - INFO - root: Computing embedding for test
22-11-11 15:22:56 - INFO - root: Computed test embeddings
22-11-11 15:22:56 - INFO - root: Training pytorch-MLP-nhid0-rmsprop-bs128 with 5-fold cross-validation
22-11-11 15:23:09 - INFO - root: [('reg:1e-05', 71.3), ('reg:0.0001', 71.32), ('reg:0.001', 71.3), ('reg:0.01', 71.2)]
22-11-11 15:23:09 - INFO - root: Cross-validation : best param found is reg = 0.0001             with score 71.32
22-11-11 15:23:09 - INFO - root: Evaluating...
