22-11-12 00:32:53 - INFO - __main__: Laser model is loaded.
22-11-12 00:32:53 - INFO - __main__: Num of Laser features: 1024
22-11-12 00:32:55 - INFO - root: Generating sentence embeddings
22-11-12 00:32:58 - INFO - root: Generated sentence embeddings
22-11-12 00:32:58 - INFO - root: Training pytorch-MLP-nhid0-rmsprop-bs128 with (inner) 5-fold cross-validation
22-11-12 00:33:27 - INFO - root: Best param found at split 1: l2reg = 1e-05                 with score 64.47
22-11-12 00:33:57 - INFO - root: Best param found at split 2: l2reg = 0.0001                 with score 63.08
22-11-12 00:34:24 - INFO - root: Best param found at split 3: l2reg = 0.0001                 with score 64.78
22-11-12 00:34:48 - INFO - root: Best param found at split 4: l2reg = 0.01                 with score 64.11
22-11-12 00:35:19 - INFO - root: Best param found at split 5: l2reg = 1e-05                 with score 62.24
22-11-12 00:35:21 - INFO - root: Generating sentence embeddings
22-11-12 00:35:22 - INFO - root: Generated sentence embeddings
22-11-12 00:35:22 - INFO - root: Training pytorch-MLP-nhid0-rmsprop-bs128 with (inner) 5-fold cross-validation
22-11-12 00:35:32 - INFO - root: Best param found at split 1: l2reg = 0.0001                 with score 72.95
22-11-12 00:35:43 - INFO - root: Best param found at split 2: l2reg = 0.0001                 with score 71.36
22-11-12 00:35:53 - INFO - root: Best param found at split 3: l2reg = 0.01                 with score 74.04
22-11-12 00:36:04 - INFO - root: Best param found at split 4: l2reg = 0.01                 with score 73.58
22-11-12 00:36:14 - INFO - root: Best param found at split 5: l2reg = 1e-05                 with score 72.35
22-11-12 00:36:15 - INFO - root: Generating sentence embeddings
22-11-12 00:36:19 - INFO - root: Generated sentence embeddings
22-11-12 00:36:19 - INFO - root: Training pytorch-MLP-nhid0-rmsprop-bs128 with (inner) 5-fold cross-validation
22-11-12 00:36:44 - INFO - root: Best param found at split 1: l2reg = 0.001                 with score 86.72
22-11-12 00:37:12 - INFO - root: Best param found at split 2: l2reg = 0.0001                 with score 86.26
22-11-12 00:37:41 - INFO - root: Best param found at split 3: l2reg = 0.001                 with score 86.18
22-11-12 00:38:08 - INFO - root: Best param found at split 4: l2reg = 0.001                 with score 85.94
22-11-12 00:38:37 - INFO - root: Best param found at split 5: l2reg = 0.001                 with score 86.08
22-11-12 00:38:40 - INFO - root: Generating sentence embeddings
22-11-12 00:38:41 - INFO - root: Generated sentence embeddings
22-11-12 00:38:41 - INFO - root: Training pytorch-MLP-nhid0-rmsprop-bs128 with (inner) 5-fold cross-validation
22-11-12 00:39:10 - INFO - root: Best param found at split 1: l2reg = 0.001                 with score 84.82
22-11-12 00:39:42 - INFO - root: Best param found at split 2: l2reg = 1e-05                 with score 83.88
22-11-12 00:40:12 - INFO - root: Best param found at split 3: l2reg = 0.0001                 with score 84.75
22-11-12 00:40:44 - INFO - root: Best param found at split 4: l2reg = 0.01                 with score 84.57
22-11-12 00:41:14 - INFO - root: Best param found at split 5: l2reg = 1e-05                 with score 84.27
22-11-12 00:41:15 - INFO - root: Computing embedding for train
22-11-12 00:41:18 - INFO - root: Computed train embeddings
22-11-12 00:41:18 - INFO - root: Computing embedding for dev
22-11-12 00:41:19 - INFO - root: Computed dev embeddings
22-11-12 00:41:19 - INFO - root: Computing embedding for test
22-11-12 00:41:20 - INFO - root: Computed test embeddings
22-11-12 00:41:20 - INFO - root: Training pytorch-MLP-nhid0-rmsprop-bs128 with standard validation..
22-11-12 00:41:26 - INFO - root: [('reg:1e-05', 34.15), ('reg:0.0001', 33.15), ('reg:0.001', 32.15), ('reg:0.01', 32.52)]
22-11-12 00:41:26 - INFO - root: Validation : best param found is reg = 1e-05 with score             34.15
22-11-12 00:41:26 - INFO - root: Evaluating...
22-11-12 00:41:28 - INFO - root: ***** Transfer task : TREC *****


22-11-12 00:41:29 - INFO - root: Computed train embeddings
22-11-12 00:41:29 - INFO - root: Computed test embeddings
22-11-12 00:41:29 - INFO - root: Training pytorch-MLP-nhid0-rmsprop-bs128 with 5-fold cross-validation
22-11-12 00:41:48 - INFO - root: [('reg:1e-05', 70.41), ('reg:0.0001', 70.32), ('reg:0.001', 69.79), ('reg:0.01', 66.95)]
22-11-12 00:41:48 - INFO - root: Cross-validation : best param found is reg = 1e-05             with score 70.41
22-11-12 00:41:48 - INFO - root: Evaluating...
22-11-12 00:41:49 - INFO - root: ***** Transfer task : MRPC *****


22-11-12 00:41:49 - INFO - root: Computing embedding for train
22-11-12 00:41:53 - INFO - root: Computed train embeddings
22-11-12 00:41:53 - INFO - root: Computing embedding for test
22-11-12 00:41:55 - INFO - root: Computed test embeddings
22-11-12 00:41:55 - INFO - root: Training pytorch-MLP-nhid0-rmsprop-bs128 with 5-fold cross-validation
22-11-12 00:42:07 - INFO - root: [('reg:1e-05', 71.93), ('reg:0.0001', 71.54), ('reg:0.001', 71.57), ('reg:0.01', 71.74)]
22-11-12 00:42:07 - INFO - root: Cross-validation : best param found is reg = 1e-05             with score 71.93
22-11-12 00:42:07 - INFO - root: Evaluating...
