22-11-12 20:58:25 - INFO - __main__: Laser model is loaded.
22-11-12 20:58:25 - INFO - __main__: Num of Laser features: 1024
22-11-12 20:58:26 - INFO - root: Generating sentence embeddings
22-11-12 20:58:30 - INFO - root: Generated sentence embeddings
22-11-12 20:58:30 - INFO - root: Training pytorch-MLP-nhid0-rmsprop-bs128 with (inner) 5-fold cross-validation
22-11-12 20:58:56 - INFO - root: Best param found at split 1: l2reg = 0.01                 with score 70.37
22-11-12 20:59:25 - INFO - root: Best param found at split 2: l2reg = 0.0001                 with score 67.3
22-11-12 20:59:56 - INFO - root: Best param found at split 3: l2reg = 0.001                 with score 66.79
22-11-12 21:00:25 - INFO - root: Best param found at split 4: l2reg = 1e-05                 with score 68.22
22-11-12 21:00:54 - INFO - root: Best param found at split 5: l2reg = 0.0001                 with score 67.2
22-11-12 21:00:56 - INFO - root: Generating sentence embeddings
22-11-12 21:00:57 - INFO - root: Generated sentence embeddings
22-11-12 21:00:57 - INFO - root: Training pytorch-MLP-nhid0-rmsprop-bs128 with (inner) 5-fold cross-validation
22-11-12 21:01:08 - INFO - root: Best param found at split 1: l2reg = 1e-05                 with score 79.7
22-11-12 21:01:19 - INFO - root: Best param found at split 2: l2reg = 0.0001                 with score 76.23
22-11-12 21:01:30 - INFO - root: Best param found at split 3: l2reg = 0.01                 with score 78.64
22-11-12 21:01:41 - INFO - root: Best param found at split 4: l2reg = 1e-05                 with score 76.79
22-11-12 21:01:54 - INFO - root: Best param found at split 5: l2reg = 0.001                 with score 76.85
22-11-12 21:01:54 - INFO - root: Generating sentence embeddings
22-11-12 21:01:59 - INFO - root: Generated sentence embeddings
22-11-12 21:01:59 - INFO - root: Training pytorch-MLP-nhid0-rmsprop-bs128 with (inner) 5-fold cross-validation
22-11-12 21:02:26 - INFO - root: Best param found at split 1: l2reg = 0.0001                 with score 89.46
22-11-12 21:02:57 - INFO - root: Best param found at split 2: l2reg = 0.01                 with score 89.6
22-11-12 21:03:25 - INFO - root: Best param found at split 3: l2reg = 0.001                 with score 89.61
22-11-12 21:03:56 - INFO - root: Best param found at split 4: l2reg = 1e-05                 with score 89.54
22-11-12 21:04:30 - INFO - root: Best param found at split 5: l2reg = 0.01                 with score 89.51
22-11-12 21:04:31 - INFO - root: Generating sentence embeddings
22-11-12 21:04:33 - INFO - root: Generated sentence embeddings
22-11-12 21:04:33 - INFO - root: Training pytorch-MLP-nhid0-rmsprop-bs128 with (inner) 5-fold cross-validation
22-11-12 21:05:04 - INFO - root: Best param found at split 1: l2reg = 0.01                 with score 87.49
22-11-12 21:05:34 - INFO - root: Best param found at split 2: l2reg = 0.0001                 with score 85.62
22-11-12 21:06:07 - INFO - root: Best param found at split 3: l2reg = 0.01                 with score 87.66
22-11-12 21:06:35 - INFO - root: Best param found at split 4: l2reg = 0.01                 with score 87.26
22-11-12 21:07:04 - INFO - root: Best param found at split 5: l2reg = 0.01                 with score 86.67
22-11-12 21:07:06 - INFO - root: Computing embedding for train
22-11-12 21:07:09 - INFO - root: Computed train embeddings
22-11-12 21:07:09 - INFO - root: Computing embedding for dev
22-11-12 21:07:09 - INFO - root: Computed dev embeddings
22-11-12 21:07:09 - INFO - root: Computing embedding for test
22-11-12 21:07:10 - INFO - root: Computed test embeddings
22-11-12 21:07:10 - INFO - root: Training pytorch-MLP-nhid0-rmsprop-bs128 with standard validation..
22-11-12 21:07:16 - INFO - root: [('reg:1e-05', 38.33), ('reg:0.0001', 36.51), ('reg:0.001', 38.24), ('reg:0.01', 33.7)]
22-11-12 21:07:16 - INFO - root: Validation : best param found is reg = 1e-05 with score             38.33
22-11-12 21:07:16 - INFO - root: Evaluating...
22-11-12 21:07:18 - INFO - root: ***** Transfer task : TREC *****


22-11-12 21:07:19 - INFO - root: Computed train embeddings
22-11-12 21:07:20 - INFO - root: Computed test embeddings
22-11-12 21:07:20 - INFO - root: Training pytorch-MLP-nhid0-rmsprop-bs128 with 5-fold cross-validation
22-11-12 21:07:39 - INFO - root: [('reg:1e-05', 75.4), ('reg:0.0001', 77.24), ('reg:0.001', 77.0), ('reg:0.01', 72.39)]
22-11-12 21:07:39 - INFO - root: Cross-validation : best param found is reg = 0.0001             with score 77.24
22-11-12 21:07:39 - INFO - root: Evaluating...
22-11-12 21:07:40 - INFO - root: ***** Transfer task : MRPC *****


22-11-12 21:07:40 - INFO - root: Computing embedding for train
22-11-12 21:07:44 - INFO - root: Computed train embeddings
22-11-12 21:07:44 - INFO - root: Computing embedding for test
22-11-12 21:07:45 - INFO - root: Computed test embeddings
22-11-12 21:07:45 - INFO - root: Training pytorch-MLP-nhid0-rmsprop-bs128 with 5-fold cross-validation
22-11-12 21:07:58 - INFO - root: [('reg:1e-05', 74.04), ('reg:0.0001', 73.09), ('reg:0.001', 73.53), ('reg:0.01', 73.14)]
22-11-12 21:07:58 - INFO - root: Cross-validation : best param found is reg = 1e-05             with score 74.04
22-11-12 21:07:58 - INFO - root: Evaluating...
