22-11-12 05:59:25 - INFO - __main__: Laser model is loaded.
22-11-12 05:59:25 - INFO - __main__: Num of Laser features: 1024
22-11-12 05:59:26 - INFO - root: Generating sentence embeddings
22-11-12 05:59:30 - INFO - root: Generated sentence embeddings
22-11-12 05:59:30 - INFO - root: Training pytorch-MLP-nhid0-rmsprop-bs128 with (inner) 5-fold cross-validation
22-11-12 06:00:04 - INFO - root: Best param found at split 1: l2reg = 0.001                 with score 67.17
22-11-12 06:00:32 - INFO - root: Best param found at split 2: l2reg = 1e-05                 with score 66.08
22-11-12 06:01:06 - INFO - root: Best param found at split 3: l2reg = 0.001                 with score 65.67
22-11-12 06:01:39 - INFO - root: Best param found at split 4: l2reg = 0.001                 with score 64.74
22-11-12 06:02:05 - INFO - root: Best param found at split 5: l2reg = 1e-05                 with score 65.21
22-11-12 06:02:07 - INFO - root: Generating sentence embeddings
22-11-12 06:02:08 - INFO - root: Generated sentence embeddings
22-11-12 06:02:08 - INFO - root: Training pytorch-MLP-nhid0-rmsprop-bs128 with (inner) 5-fold cross-validation
22-11-12 06:02:18 - INFO - root: Best param found at split 1: l2reg = 0.01                 with score 76.75
22-11-12 06:02:29 - INFO - root: Best param found at split 2: l2reg = 0.0001                 with score 72.98
22-11-12 06:02:40 - INFO - root: Best param found at split 3: l2reg = 0.0001                 with score 76.06
22-11-12 06:02:51 - INFO - root: Best param found at split 4: l2reg = 1e-05                 with score 74.93
22-11-12 06:03:02 - INFO - root: Best param found at split 5: l2reg = 0.0001                 with score 74.97
22-11-12 06:03:03 - INFO - root: Generating sentence embeddings
22-11-12 06:03:07 - INFO - root: Generated sentence embeddings
22-11-12 06:03:07 - INFO - root: Training pytorch-MLP-nhid0-rmsprop-bs128 with (inner) 5-fold cross-validation
22-11-12 06:03:32 - INFO - root: Best param found at split 1: l2reg = 0.01                 with score 86.81
22-11-12 06:04:01 - INFO - root: Best param found at split 2: l2reg = 0.01                 with score 86.49
22-11-12 06:04:30 - INFO - root: Best param found at split 3: l2reg = 0.01                 with score 86.81
22-11-12 06:04:58 - INFO - root: Best param found at split 4: l2reg = 0.001                 with score 86.7
22-11-12 06:05:27 - INFO - root: Best param found at split 5: l2reg = 0.001                 with score 86.78
22-11-12 06:05:28 - INFO - root: Generating sentence embeddings
22-11-12 06:05:29 - INFO - root: Generated sentence embeddings
22-11-12 06:05:29 - INFO - root: Training pytorch-MLP-nhid0-rmsprop-bs128 with (inner) 5-fold cross-validation
22-11-12 06:05:57 - INFO - root: Best param found at split 1: l2reg = 0.001                 with score 86.17
22-11-12 06:06:27 - INFO - root: Best param found at split 2: l2reg = 0.001                 with score 85.3
22-11-12 06:07:01 - INFO - root: Best param found at split 3: l2reg = 0.001                 with score 85.6
22-11-12 06:07:32 - INFO - root: Best param found at split 4: l2reg = 0.01                 with score 86.4
22-11-12 06:08:02 - INFO - root: Best param found at split 5: l2reg = 0.0001                 with score 84.89
22-11-12 06:08:03 - INFO - root: Computing embedding for train
22-11-12 06:08:07 - INFO - root: Computed train embeddings
22-11-12 06:08:07 - INFO - root: Computing embedding for dev
22-11-12 06:08:07 - INFO - root: Computed dev embeddings
22-11-12 06:08:07 - INFO - root: Computing embedding for test
22-11-12 06:08:08 - INFO - root: Computed test embeddings
22-11-12 06:08:08 - INFO - root: Training pytorch-MLP-nhid0-rmsprop-bs128 with standard validation..
22-11-12 06:08:14 - INFO - root: [('reg:1e-05', 35.88), ('reg:0.0001', 34.33), ('reg:0.001', 37.6), ('reg:0.01', 37.24)]
22-11-12 06:08:14 - INFO - root: Validation : best param found is reg = 0.001 with score             37.6
22-11-12 06:08:14 - INFO - root: Evaluating...
22-11-12 06:08:16 - INFO - root: ***** Transfer task : TREC *****


22-11-12 06:08:17 - INFO - root: Computed train embeddings
22-11-12 06:08:17 - INFO - root: Computed test embeddings
22-11-12 06:08:17 - INFO - root: Training pytorch-MLP-nhid0-rmsprop-bs128 with 5-fold cross-validation
22-11-12 06:08:36 - INFO - root: [('reg:1e-05', 73.39), ('reg:0.0001', 73.55), ('reg:0.001', 72.45), ('reg:0.01', 69.33)]
22-11-12 06:08:36 - INFO - root: Cross-validation : best param found is reg = 0.0001             with score 73.55
22-11-12 06:08:36 - INFO - root: Evaluating...
22-11-12 06:08:37 - INFO - root: ***** Transfer task : MRPC *****


22-11-12 06:08:37 - INFO - root: Computing embedding for train
22-11-12 06:08:41 - INFO - root: Computed train embeddings
22-11-12 06:08:41 - INFO - root: Computing embedding for test
22-11-12 06:08:42 - INFO - root: Computed test embeddings
22-11-12 06:08:43 - INFO - root: Training pytorch-MLP-nhid0-rmsprop-bs128 with 5-fold cross-validation
22-11-12 06:08:56 - INFO - root: [('reg:1e-05', 71.22), ('reg:0.0001', 71.12), ('reg:0.001', 71.49), ('reg:0.01', 72.03)]
22-11-12 06:08:56 - INFO - root: Cross-validation : best param found is reg = 0.01             with score 72.03
22-11-12 06:08:56 - INFO - root: Evaluating...
