22-11-12 11:24:52 - INFO - __main__: Laser model is loaded.
22-11-12 11:24:52 - INFO - __main__: Num of Laser features: 1024
22-11-12 11:24:54 - INFO - root: Generating sentence embeddings
22-11-12 11:24:58 - INFO - root: Generated sentence embeddings
22-11-12 11:24:58 - INFO - root: Training pytorch-MLP-nhid0-rmsprop-bs128 with (inner) 5-fold cross-validation
22-11-12 11:25:23 - INFO - root: Best param found at split 1: l2reg = 1e-05                 with score 66.03
22-11-12 11:25:53 - INFO - root: Best param found at split 2: l2reg = 0.01                 with score 66.49
22-11-12 11:26:24 - INFO - root: Best param found at split 3: l2reg = 0.01                 with score 66.73
22-11-12 11:26:53 - INFO - root: Best param found at split 4: l2reg = 0.001                 with score 66.17
22-11-12 11:27:24 - INFO - root: Best param found at split 5: l2reg = 0.0001                 with score 68.22
22-11-12 11:27:25 - INFO - root: Generating sentence embeddings
22-11-12 11:27:26 - INFO - root: Generated sentence embeddings
22-11-12 11:27:26 - INFO - root: Training pytorch-MLP-nhid0-rmsprop-bs128 with (inner) 5-fold cross-validation
22-11-12 11:27:36 - INFO - root: Best param found at split 1: l2reg = 0.0001                 with score 76.32
22-11-12 11:27:47 - INFO - root: Best param found at split 2: l2reg = 0.01                 with score 74.57
22-11-12 11:27:58 - INFO - root: Best param found at split 3: l2reg = 0.001                 with score 76.09
22-11-12 11:28:10 - INFO - root: Best param found at split 4: l2reg = 1e-05                 with score 74.5
22-11-12 11:28:21 - INFO - root: Best param found at split 5: l2reg = 1e-05                 with score 75.4
22-11-12 11:28:21 - INFO - root: Generating sentence embeddings
22-11-12 11:28:25 - INFO - root: Generated sentence embeddings
22-11-12 11:28:25 - INFO - root: Training pytorch-MLP-nhid0-rmsprop-bs128 with (inner) 5-fold cross-validation
22-11-12 11:28:43 - INFO - root: Best param found at split 1: l2reg = 0.001                 with score 87.22
22-11-12 11:29:08 - INFO - root: Best param found at split 2: l2reg = 0.01                 with score 87.64
22-11-12 11:29:37 - INFO - root: Best param found at split 3: l2reg = 0.01                 with score 87.68
22-11-12 11:30:06 - INFO - root: Best param found at split 4: l2reg = 1e-05                 with score 87.71
22-11-12 11:30:35 - INFO - root: Best param found at split 5: l2reg = 0.01                 with score 87.32
22-11-12 11:30:37 - INFO - root: Generating sentence embeddings
22-11-12 11:30:38 - INFO - root: Generated sentence embeddings
22-11-12 11:30:38 - INFO - root: Training pytorch-MLP-nhid0-rmsprop-bs128 with (inner) 5-fold cross-validation
22-11-12 11:31:07 - INFO - root: Best param found at split 1: l2reg = 1e-05                 with score 86.74
22-11-12 11:31:35 - INFO - root: Best param found at split 2: l2reg = 0.001                 with score 86.06
22-11-12 11:32:07 - INFO - root: Best param found at split 3: l2reg = 0.001                 with score 86.42
22-11-12 11:32:35 - INFO - root: Best param found at split 4: l2reg = 0.0001                 with score 86.1
22-11-12 11:33:07 - INFO - root: Best param found at split 5: l2reg = 0.01                 with score 86.43
22-11-12 11:33:08 - INFO - root: Computing embedding for train
22-11-12 11:33:11 - INFO - root: Computed train embeddings
22-11-12 11:33:11 - INFO - root: Computing embedding for dev
22-11-12 11:33:12 - INFO - root: Computed dev embeddings
22-11-12 11:33:12 - INFO - root: Computing embedding for test
22-11-12 11:33:12 - INFO - root: Computed test embeddings
22-11-12 11:33:12 - INFO - root: Training pytorch-MLP-nhid0-rmsprop-bs128 with standard validation..
22-11-12 11:33:19 - INFO - root: [('reg:1e-05', 35.42), ('reg:0.0001', 37.6), ('reg:0.001', 35.6), ('reg:0.01', 37.06)]
22-11-12 11:33:19 - INFO - root: Validation : best param found is reg = 0.0001 with score             37.6
22-11-12 11:33:19 - INFO - root: Evaluating...
22-11-12 11:33:20 - INFO - root: ***** Transfer task : TREC *****


22-11-12 11:33:22 - INFO - root: Computed train embeddings
22-11-12 11:33:22 - INFO - root: Computed test embeddings
22-11-12 11:33:22 - INFO - root: Training pytorch-MLP-nhid0-rmsprop-bs128 with 5-fold cross-validation
22-11-12 11:33:34 - INFO - root: [('reg:1e-05', 76.08), ('reg:0.0001', 74.27), ('reg:0.001', 74.49), ('reg:0.01', 71.73)]
22-11-12 11:33:34 - INFO - root: Cross-validation : best param found is reg = 1e-05             with score 76.08
22-11-12 11:33:34 - INFO - root: Evaluating...
22-11-12 11:33:35 - INFO - root: ***** Transfer task : MRPC *****


22-11-12 11:33:35 - INFO - root: Computing embedding for train
22-11-12 11:33:39 - INFO - root: Computed train embeddings
22-11-12 11:33:39 - INFO - root: Computing embedding for test
22-11-12 11:33:40 - INFO - root: Computed test embeddings
22-11-12 11:33:40 - INFO - root: Training pytorch-MLP-nhid0-rmsprop-bs128 with 5-fold cross-validation
22-11-12 11:33:49 - INFO - root: [('reg:1e-05', 73.94), ('reg:0.0001', 73.75), ('reg:0.001', 73.7), ('reg:0.01', 73.99)]
22-11-12 11:33:49 - INFO - root: Cross-validation : best param found is reg = 0.01             with score 73.99
22-11-12 11:33:49 - INFO - root: Evaluating...
