22-11-12 20:29:05 - INFO - __main__: Laser model is loaded.
22-11-12 20:29:05 - INFO - __main__: Num of Laser features: 1024
22-11-12 20:29:06 - INFO - root: Generating sentence embeddings
22-11-12 20:29:10 - INFO - root: Generated sentence embeddings
22-11-12 20:29:10 - INFO - root: Training pytorch-MLP-nhid0-rmsprop-bs128 with (inner) 5-fold cross-validation
22-11-12 20:29:43 - INFO - root: Best param found at split 1: l2reg = 1e-05                 with score 71.03
22-11-12 20:30:16 - INFO - root: Best param found at split 2: l2reg = 1e-05                 with score 68.1
22-11-12 20:30:49 - INFO - root: Best param found at split 3: l2reg = 0.001                 with score 68.79
22-11-12 20:31:23 - INFO - root: Best param found at split 4: l2reg = 1e-05                 with score 67.02
22-11-12 20:31:55 - INFO - root: Best param found at split 5: l2reg = 1e-05                 with score 67.75
22-11-12 20:31:57 - INFO - root: Generating sentence embeddings
22-11-12 20:31:58 - INFO - root: Generated sentence embeddings
22-11-12 20:31:58 - INFO - root: Training pytorch-MLP-nhid0-rmsprop-bs128 with (inner) 5-fold cross-validation
22-11-12 20:32:07 - INFO - root: Best param found at split 1: l2reg = 0.001                 with score 79.47
22-11-12 20:32:18 - INFO - root: Best param found at split 2: l2reg = 0.001                 with score 77.12
22-11-12 20:32:29 - INFO - root: Best param found at split 3: l2reg = 1e-05                 with score 76.95
22-11-12 20:32:40 - INFO - root: Best param found at split 4: l2reg = 0.001                 with score 76.69
22-11-12 20:32:51 - INFO - root: Best param found at split 5: l2reg = 0.001                 with score 76.16
22-11-12 20:32:51 - INFO - root: Generating sentence embeddings
22-11-12 20:32:56 - INFO - root: Generated sentence embeddings
22-11-12 20:32:56 - INFO - root: Training pytorch-MLP-nhid0-rmsprop-bs128 with (inner) 5-fold cross-validation
22-11-12 20:33:21 - INFO - root: Best param found at split 1: l2reg = 1e-05                 with score 90.08
22-11-12 20:33:49 - INFO - root: Best param found at split 2: l2reg = 0.01                 with score 89.78
22-11-12 20:34:09 - INFO - root: Best param found at split 3: l2reg = 0.0001                 with score 89.78
22-11-12 20:34:39 - INFO - root: Best param found at split 4: l2reg = 1e-05                 with score 89.35
22-11-12 20:35:10 - INFO - root: Best param found at split 5: l2reg = 0.01                 with score 89.55
22-11-12 20:35:11 - INFO - root: Generating sentence embeddings
22-11-12 20:35:13 - INFO - root: Generated sentence embeddings
22-11-12 20:35:13 - INFO - root: Training pytorch-MLP-nhid0-rmsprop-bs128 with (inner) 5-fold cross-validation
22-11-12 20:35:41 - INFO - root: Best param found at split 1: l2reg = 1e-05                 with score 87.42
22-11-12 20:36:12 - INFO - root: Best param found at split 2: l2reg = 1e-05                 with score 86.97
22-11-12 20:36:43 - INFO - root: Best param found at split 3: l2reg = 0.01                 with score 87.0
22-11-12 20:37:11 - INFO - root: Best param found at split 4: l2reg = 1e-05                 with score 87.33
22-11-12 20:37:43 - INFO - root: Best param found at split 5: l2reg = 0.01                 with score 86.89
22-11-12 20:37:44 - INFO - root: Computing embedding for train
22-11-12 20:37:47 - INFO - root: Computed train embeddings
22-11-12 20:37:47 - INFO - root: Computing embedding for dev
22-11-12 20:37:48 - INFO - root: Computed dev embeddings
22-11-12 20:37:48 - INFO - root: Computing embedding for test
22-11-12 20:37:49 - INFO - root: Computed test embeddings
22-11-12 20:37:49 - INFO - root: Training pytorch-MLP-nhid0-rmsprop-bs128 with standard validation..
22-11-12 20:37:55 - INFO - root: [('reg:1e-05', 33.24), ('reg:0.0001', 34.88), ('reg:0.001', 31.43), ('reg:0.01', 34.42)]
22-11-12 20:37:55 - INFO - root: Validation : best param found is reg = 0.0001 with score             34.88
22-11-12 20:37:55 - INFO - root: Evaluating...
22-11-12 20:37:56 - INFO - root: ***** Transfer task : TREC *****


22-11-12 20:37:58 - INFO - root: Computed train embeddings
22-11-12 20:37:58 - INFO - root: Computed test embeddings
22-11-12 20:37:58 - INFO - root: Training pytorch-MLP-nhid0-rmsprop-bs128 with 5-fold cross-validation
22-11-12 20:38:19 - INFO - root: [('reg:1e-05', 77.84), ('reg:0.0001', 78.49), ('reg:0.001', 77.62), ('reg:0.01', 75.18)]
22-11-12 20:38:19 - INFO - root: Cross-validation : best param found is reg = 0.0001             with score 78.49
22-11-12 20:38:19 - INFO - root: Evaluating...
22-11-12 20:38:21 - INFO - root: ***** Transfer task : MRPC *****


22-11-12 20:38:21 - INFO - root: Computing embedding for train
22-11-12 20:38:24 - INFO - root: Computed train embeddings
22-11-12 20:38:24 - INFO - root: Computing embedding for test
22-11-12 20:38:26 - INFO - root: Computed test embeddings
22-11-12 20:38:26 - INFO - root: Training pytorch-MLP-nhid0-rmsprop-bs128 with 5-fold cross-validation
22-11-12 20:38:40 - INFO - root: [('reg:1e-05', 72.84), ('reg:0.0001', 73.16), ('reg:0.001', 72.69), ('reg:0.01', 72.33)]
22-11-12 20:38:40 - INFO - root: Cross-validation : best param found is reg = 0.0001             with score 73.16
22-11-12 20:38:40 - INFO - root: Evaluating...
