22-11-11 17:01:46 - INFO - __main__: Laser model is loaded.
22-11-11 17:01:46 - INFO - __main__: Num of Laser features: 1024
22-11-11 17:01:47 - INFO - root: Generating sentence embeddings
22-11-11 17:01:51 - INFO - root: Generated sentence embeddings
22-11-11 17:01:51 - INFO - root: Training pytorch-MLP-nhid0-rmsprop-bs128 with (inner) 5-fold cross-validation
22-11-11 17:02:18 - INFO - root: Best param found at split 1: l2reg = 0.001                 with score 63.72
22-11-11 17:02:49 - INFO - root: Best param found at split 2: l2reg = 0.01                 with score 63.77
22-11-11 17:03:17 - INFO - root: Best param found at split 3: l2reg = 0.01                 with score 63.35
22-11-11 17:03:48 - INFO - root: Best param found at split 4: l2reg = 0.001                 with score 63.58
22-11-11 17:04:19 - INFO - root: Best param found at split 5: l2reg = 0.01                 with score 63.26
22-11-11 17:04:21 - INFO - root: Generating sentence embeddings
22-11-11 17:04:22 - INFO - root: Generated sentence embeddings
22-11-11 17:04:22 - INFO - root: Training pytorch-MLP-nhid0-rmsprop-bs128 with (inner) 5-fold cross-validation
22-11-11 17:04:33 - INFO - root: Best param found at split 1: l2reg = 0.0001                 with score 70.89
22-11-11 17:04:45 - INFO - root: Best param found at split 2: l2reg = 0.01                 with score 71.82
22-11-11 17:04:56 - INFO - root: Best param found at split 3: l2reg = 0.01                 with score 71.36
22-11-11 17:05:07 - INFO - root: Best param found at split 4: l2reg = 0.001                 with score 71.62
22-11-11 17:05:18 - INFO - root: Best param found at split 5: l2reg = 1e-05                 with score 70.93
22-11-11 17:05:19 - INFO - root: Generating sentence embeddings
22-11-11 17:05:23 - INFO - root: Generated sentence embeddings
22-11-11 17:05:23 - INFO - root: Training pytorch-MLP-nhid0-rmsprop-bs128 with (inner) 5-fold cross-validation
22-11-11 17:05:50 - INFO - root: Best param found at split 1: l2reg = 0.001                 with score 81.86
22-11-11 17:06:17 - INFO - root: Best param found at split 2: l2reg = 0.01                 with score 81.98
22-11-11 17:06:45 - INFO - root: Best param found at split 3: l2reg = 0.001                 with score 81.86
22-11-11 17:07:15 - INFO - root: Best param found at split 4: l2reg = 0.001                 with score 81.7
22-11-11 17:07:45 - INFO - root: Best param found at split 5: l2reg = 0.001                 with score 81.86
22-11-11 17:07:47 - INFO - root: Generating sentence embeddings
22-11-11 17:07:48 - INFO - root: Generated sentence embeddings
22-11-11 17:07:48 - INFO - root: Training pytorch-MLP-nhid0-rmsprop-bs128 with (inner) 5-fold cross-validation
22-11-11 17:08:14 - INFO - root: Best param found at split 1: l2reg = 0.01                 with score 81.6
22-11-11 17:08:43 - INFO - root: Best param found at split 2: l2reg = 0.01                 with score 79.69
22-11-11 17:09:15 - INFO - root: Best param found at split 3: l2reg = 0.01                 with score 81.86
22-11-11 17:09:47 - INFO - root: Best param found at split 4: l2reg = 0.001                 with score 82.39
22-11-11 17:10:17 - INFO - root: Best param found at split 5: l2reg = 0.001                 with score 82.07
22-11-11 17:10:19 - INFO - root: Computing embedding for train
22-11-11 17:10:22 - INFO - root: Computed train embeddings
22-11-11 17:10:22 - INFO - root: Computing embedding for dev
22-11-11 17:10:22 - INFO - root: Computed dev embeddings
22-11-11 17:10:22 - INFO - root: Computing embedding for test
22-11-11 17:10:23 - INFO - root: Computed test embeddings
22-11-11 17:10:23 - INFO - root: Training pytorch-MLP-nhid0-rmsprop-bs128 with standard validation..
22-11-11 17:10:29 - INFO - root: [('reg:1e-05', 33.88), ('reg:0.0001', 33.79), ('reg:0.001', 34.24), ('reg:0.01', 32.61)]
22-11-11 17:10:29 - INFO - root: Validation : best param found is reg = 0.001 with score             34.24
22-11-11 17:10:29 - INFO - root: Evaluating...
22-11-11 17:10:30 - INFO - root: ***** Transfer task : TREC *****


22-11-11 17:10:32 - INFO - root: Computed train embeddings
22-11-11 17:10:32 - INFO - root: Computed test embeddings
22-11-11 17:10:32 - INFO - root: Training pytorch-MLP-nhid0-rmsprop-bs128 with 5-fold cross-validation
22-11-11 17:10:49 - INFO - root: [('reg:1e-05', 63.76), ('reg:0.0001', 63.79), ('reg:0.001', 63.9), ('reg:0.01', 62.42)]
22-11-11 17:10:49 - INFO - root: Cross-validation : best param found is reg = 0.001             with score 63.9
22-11-11 17:10:49 - INFO - root: Evaluating...
22-11-11 17:10:50 - INFO - root: ***** Transfer task : MRPC *****


22-11-11 17:10:50 - INFO - root: Computing embedding for train
22-11-11 17:10:54 - INFO - root: Computed train embeddings
22-11-11 17:10:54 - INFO - root: Computing embedding for test
22-11-11 17:10:55 - INFO - root: Computed test embeddings
22-11-11 17:10:55 - INFO - root: Training pytorch-MLP-nhid0-rmsprop-bs128 with 5-fold cross-validation
22-11-11 17:11:08 - INFO - root: [('reg:1e-05', 72.03), ('reg:0.0001', 72.01), ('reg:0.001', 72.33), ('reg:0.01', 72.47)]
22-11-11 17:11:08 - INFO - root: Cross-validation : best param found is reg = 0.01             with score 72.47
22-11-11 17:11:08 - INFO - root: Evaluating...
