22-11-11 17:27:36 - INFO - __main__: Laser model is loaded.
22-11-11 17:27:36 - INFO - __main__: Num of Laser features: 1024
22-11-11 17:27:37 - INFO - root: Generating sentence embeddings
22-11-11 17:27:41 - INFO - root: Generated sentence embeddings
22-11-11 17:27:41 - INFO - root: Training pytorch-MLP-nhid0-rmsprop-bs128 with (inner) 5-fold cross-validation
22-11-11 17:28:11 - INFO - root: Best param found at split 1: l2reg = 0.001                 with score 63.16
22-11-11 17:28:42 - INFO - root: Best param found at split 2: l2reg = 0.01                 with score 63.82
22-11-11 17:29:11 - INFO - root: Best param found at split 3: l2reg = 0.0001                 with score 64.08
22-11-11 17:29:41 - INFO - root: Best param found at split 4: l2reg = 0.01                 with score 64.41
22-11-11 17:30:13 - INFO - root: Best param found at split 5: l2reg = 0.0001                 with score 65.24
22-11-11 17:30:15 - INFO - root: Generating sentence embeddings
22-11-11 17:30:16 - INFO - root: Generated sentence embeddings
22-11-11 17:30:16 - INFO - root: Training pytorch-MLP-nhid0-rmsprop-bs128 with (inner) 5-fold cross-validation
22-11-11 17:30:28 - INFO - root: Best param found at split 1: l2reg = 0.01                 with score 74.14
22-11-11 17:30:39 - INFO - root: Best param found at split 2: l2reg = 0.01                 with score 73.21
22-11-11 17:30:51 - INFO - root: Best param found at split 3: l2reg = 1e-05                 with score 72.62
22-11-11 17:31:02 - INFO - root: Best param found at split 4: l2reg = 0.001                 with score 73.11
22-11-11 17:31:14 - INFO - root: Best param found at split 5: l2reg = 1e-05                 with score 73.11
22-11-11 17:31:15 - INFO - root: Generating sentence embeddings
22-11-11 17:31:19 - INFO - root: Generated sentence embeddings
22-11-11 17:31:19 - INFO - root: Training pytorch-MLP-nhid0-rmsprop-bs128 with (inner) 5-fold cross-validation
22-11-11 17:31:43 - INFO - root: Best param found at split 1: l2reg = 0.001                 with score 82.59
22-11-11 17:32:11 - INFO - root: Best param found at split 2: l2reg = 0.01                 with score 82.09
22-11-11 17:32:40 - INFO - root: Best param found at split 3: l2reg = 0.01                 with score 81.92
22-11-11 17:33:08 - INFO - root: Best param found at split 4: l2reg = 0.0001                 with score 81.59
22-11-11 17:33:36 - INFO - root: Best param found at split 5: l2reg = 1e-05                 with score 81.8
22-11-11 17:33:38 - INFO - root: Generating sentence embeddings
22-11-11 17:33:40 - INFO - root: Generated sentence embeddings
22-11-11 17:33:40 - INFO - root: Training pytorch-MLP-nhid0-rmsprop-bs128 with (inner) 5-fold cross-validation
22-11-11 17:34:10 - INFO - root: Best param found at split 1: l2reg = 0.01                 with score 80.42
22-11-11 17:34:37 - INFO - root: Best param found at split 2: l2reg = 0.001                 with score 82.22
22-11-11 17:35:07 - INFO - root: Best param found at split 3: l2reg = 0.0001                 with score 82.72
22-11-11 17:35:38 - INFO - root: Best param found at split 4: l2reg = 0.0001                 with score 81.27
22-11-11 17:36:08 - INFO - root: Best param found at split 5: l2reg = 0.001                 with score 81.92
22-11-11 17:36:09 - INFO - root: Computing embedding for train
22-11-11 17:36:13 - INFO - root: Computed train embeddings
22-11-11 17:36:13 - INFO - root: Computing embedding for dev
22-11-11 17:36:13 - INFO - root: Computed dev embeddings
22-11-11 17:36:13 - INFO - root: Computing embedding for test
22-11-11 17:36:14 - INFO - root: Computed test embeddings
22-11-11 17:36:14 - INFO - root: Training pytorch-MLP-nhid0-rmsprop-bs128 with standard validation..
22-11-11 17:36:20 - INFO - root: [('reg:1e-05', 33.24), ('reg:0.0001', 34.7), ('reg:0.001', 32.7), ('reg:0.01', 33.7)]
22-11-11 17:36:20 - INFO - root: Validation : best param found is reg = 0.0001 with score             34.7
22-11-11 17:36:20 - INFO - root: Evaluating...
22-11-11 17:36:22 - INFO - root: ***** Transfer task : TREC *****


22-11-11 17:36:24 - INFO - root: Computed train embeddings
22-11-11 17:36:24 - INFO - root: Computed test embeddings
22-11-11 17:36:24 - INFO - root: Training pytorch-MLP-nhid0-rmsprop-bs128 with 5-fold cross-validation
22-11-11 17:36:41 - INFO - root: [('reg:1e-05', 62.8), ('reg:0.0001', 62.82), ('reg:0.001', 62.66), ('reg:0.01', 61.12)]
22-11-11 17:36:41 - INFO - root: Cross-validation : best param found is reg = 0.0001             with score 62.82
22-11-11 17:36:41 - INFO - root: Evaluating...
22-11-11 17:36:42 - INFO - root: ***** Transfer task : MRPC *****


22-11-11 17:36:42 - INFO - root: Computing embedding for train
22-11-11 17:36:46 - INFO - root: Computed train embeddings
22-11-11 17:36:46 - INFO - root: Computing embedding for test
22-11-11 17:36:47 - INFO - root: Computed test embeddings
22-11-11 17:36:47 - INFO - root: Training pytorch-MLP-nhid0-rmsprop-bs128 with 5-fold cross-validation
22-11-11 17:37:00 - INFO - root: [('reg:1e-05', 70.49), ('reg:0.0001', 70.27), ('reg:0.001', 70.51), ('reg:0.01', 70.78)]
22-11-11 17:37:00 - INFO - root: Cross-validation : best param found is reg = 0.01             with score 70.78
22-11-11 17:37:00 - INFO - root: Evaluating...
