22-11-11 21:56:11 - INFO - __main__: Laser model is loaded.
22-11-11 21:56:11 - INFO - __main__: Num of Laser features: 1024
22-11-11 21:56:12 - INFO - root: Generating sentence embeddings
22-11-11 21:56:16 - INFO - root: Generated sentence embeddings
22-11-11 21:56:16 - INFO - root: Training pytorch-MLP-nhid0-rmsprop-bs128 with (inner) 5-fold cross-validation
22-11-11 21:56:45 - INFO - root: Best param found at split 1: l2reg = 0.001                 with score 64.08
22-11-11 21:57:15 - INFO - root: Best param found at split 2: l2reg = 0.001                 with score 62.67
22-11-11 21:57:50 - INFO - root: Best param found at split 3: l2reg = 0.0001                 with score 63.27
22-11-11 21:58:22 - INFO - root: Best param found at split 4: l2reg = 0.01                 with score 64.15
22-11-11 21:58:55 - INFO - root: Best param found at split 5: l2reg = 0.0001                 with score 64.83
22-11-11 21:58:56 - INFO - root: Generating sentence embeddings
22-11-11 21:58:58 - INFO - root: Generated sentence embeddings
22-11-11 21:58:58 - INFO - root: Training pytorch-MLP-nhid0-rmsprop-bs128 with (inner) 5-fold cross-validation
22-11-11 21:59:08 - INFO - root: Best param found at split 1: l2reg = 0.0001                 with score 73.81
22-11-11 21:59:20 - INFO - root: Best param found at split 2: l2reg = 0.01                 with score 72.52
22-11-11 21:59:31 - INFO - root: Best param found at split 3: l2reg = 0.01                 with score 73.25
22-11-11 21:59:44 - INFO - root: Best param found at split 4: l2reg = 0.01                 with score 73.54
22-11-11 21:59:56 - INFO - root: Best param found at split 5: l2reg = 0.001                 with score 72.72
22-11-11 21:59:57 - INFO - root: Generating sentence embeddings
22-11-11 22:00:01 - INFO - root: Generated sentence embeddings
22-11-11 22:00:01 - INFO - root: Training pytorch-MLP-nhid0-rmsprop-bs128 with (inner) 5-fold cross-validation
22-11-11 22:00:28 - INFO - root: Best param found at split 1: l2reg = 0.0001                 with score 83.72
22-11-11 22:00:55 - INFO - root: Best param found at split 2: l2reg = 0.01                 with score 84.22
22-11-11 22:01:23 - INFO - root: Best param found at split 3: l2reg = 0.001                 with score 84.1
22-11-11 22:01:51 - INFO - root: Best param found at split 4: l2reg = 1e-05                 with score 83.45
22-11-11 22:02:20 - INFO - root: Best param found at split 5: l2reg = 0.01                 with score 84.34
22-11-11 22:02:22 - INFO - root: Generating sentence embeddings
22-11-11 22:02:23 - INFO - root: Generated sentence embeddings
22-11-11 22:02:23 - INFO - root: Training pytorch-MLP-nhid0-rmsprop-bs128 with (inner) 5-fold cross-validation
22-11-11 22:02:48 - INFO - root: Best param found at split 1: l2reg = 1e-05                 with score 80.82
22-11-11 22:03:17 - INFO - root: Best param found at split 2: l2reg = 0.001                 with score 82.95
22-11-11 22:03:47 - INFO - root: Best param found at split 3: l2reg = 0.001                 with score 83.61
22-11-11 22:04:17 - INFO - root: Best param found at split 4: l2reg = 0.001                 with score 83.58
22-11-11 22:04:47 - INFO - root: Best param found at split 5: l2reg = 0.0001                 with score 82.18
22-11-11 22:04:48 - INFO - root: Computing embedding for train
22-11-11 22:04:52 - INFO - root: Computed train embeddings
22-11-11 22:04:52 - INFO - root: Computing embedding for dev
22-11-11 22:04:52 - INFO - root: Computed dev embeddings
22-11-11 22:04:52 - INFO - root: Computing embedding for test
22-11-11 22:04:53 - INFO - root: Computed test embeddings
22-11-11 22:04:53 - INFO - root: Training pytorch-MLP-nhid0-rmsprop-bs128 with standard validation..
22-11-11 22:05:01 - INFO - root: [('reg:1e-05', 33.42), ('reg:0.0001', 32.43), ('reg:0.001', 34.15), ('reg:0.01', 32.24)]
22-11-11 22:05:01 - INFO - root: Validation : best param found is reg = 0.001 with score             34.15
22-11-11 22:05:01 - INFO - root: Evaluating...
22-11-11 22:05:04 - INFO - root: ***** Transfer task : TREC *****


22-11-11 22:05:06 - INFO - root: Computed train embeddings
22-11-11 22:05:06 - INFO - root: Computed test embeddings
22-11-11 22:05:06 - INFO - root: Training pytorch-MLP-nhid0-rmsprop-bs128 with 5-fold cross-validation
22-11-11 22:05:24 - INFO - root: [('reg:1e-05', 65.88), ('reg:0.0001', 65.94), ('reg:0.001', 65.41), ('reg:0.01', 66.45)]
22-11-11 22:05:24 - INFO - root: Cross-validation : best param found is reg = 0.01             with score 66.45
22-11-11 22:05:24 - INFO - root: Evaluating...
22-11-11 22:05:25 - INFO - root: ***** Transfer task : MRPC *****


22-11-11 22:05:25 - INFO - root: Computing embedding for train
22-11-11 22:05:29 - INFO - root: Computed train embeddings
22-11-11 22:05:29 - INFO - root: Computing embedding for test
22-11-11 22:05:30 - INFO - root: Computed test embeddings
22-11-11 22:05:30 - INFO - root: Training pytorch-MLP-nhid0-rmsprop-bs128 with 5-fold cross-validation
22-11-11 22:05:42 - INFO - root: [('reg:1e-05', 71.42), ('reg:0.0001', 71.52), ('reg:0.001', 71.15), ('reg:0.01', 71.74)]
22-11-11 22:05:42 - INFO - root: Cross-validation : best param found is reg = 0.01             with score 71.74
22-11-11 22:05:42 - INFO - root: Evaluating...
