22-11-12 18:31:47 - INFO - __main__: Laser model is loaded.
22-11-12 18:31:47 - INFO - __main__: Num of Laser features: 1024
22-11-12 18:31:48 - INFO - root: Generating sentence embeddings
22-11-12 18:31:52 - INFO - root: Generated sentence embeddings
22-11-12 18:31:52 - INFO - root: Training pytorch-MLP-nhid0-rmsprop-bs128 with (inner) 5-fold cross-validation
22-11-12 18:32:22 - INFO - root: Best param found at split 1: l2reg = 0.0001                 with score 69.74
22-11-12 18:32:51 - INFO - root: Best param found at split 2: l2reg = 0.0001                 with score 67.23
22-11-12 18:33:18 - INFO - root: Best param found at split 3: l2reg = 1e-05                 with score 66.59
22-11-12 18:33:52 - INFO - root: Best param found at split 4: l2reg = 0.0001                 with score 68.26
22-11-12 18:34:20 - INFO - root: Best param found at split 5: l2reg = 1e-05                 with score 66.83
22-11-12 18:34:22 - INFO - root: Generating sentence embeddings
22-11-12 18:34:23 - INFO - root: Generated sentence embeddings
22-11-12 18:34:23 - INFO - root: Training pytorch-MLP-nhid0-rmsprop-bs128 with (inner) 5-fold cross-validation
22-11-12 18:34:29 - INFO - root: Best param found at split 1: l2reg = 0.0001                 with score 77.58
22-11-12 18:34:35 - INFO - root: Best param found at split 2: l2reg = 0.001                 with score 77.95
22-11-12 18:34:42 - INFO - root: Best param found at split 3: l2reg = 0.0001                 with score 78.94
22-11-12 18:34:48 - INFO - root: Best param found at split 4: l2reg = 1e-05                 with score 77.55
22-11-12 18:34:58 - INFO - root: Best param found at split 5: l2reg = 0.0001                 with score 77.42
22-11-12 18:34:59 - INFO - root: Generating sentence embeddings
22-11-12 18:35:03 - INFO - root: Generated sentence embeddings
22-11-12 18:35:03 - INFO - root: Training pytorch-MLP-nhid0-rmsprop-bs128 with (inner) 5-fold cross-validation
22-11-12 18:35:31 - INFO - root: Best param found at split 1: l2reg = 0.001                 with score 89.25
22-11-12 18:36:02 - INFO - root: Best param found at split 2: l2reg = 0.001                 with score 89.16
22-11-12 18:36:32 - INFO - root: Best param found at split 3: l2reg = 0.01                 with score 89.65
22-11-12 18:37:04 - INFO - root: Best param found at split 4: l2reg = 0.0001                 with score 89.28
22-11-12 18:37:33 - INFO - root: Best param found at split 5: l2reg = 0.01                 with score 89.25
22-11-12 18:37:34 - INFO - root: Generating sentence embeddings
22-11-12 18:37:36 - INFO - root: Generated sentence embeddings
22-11-12 18:37:36 - INFO - root: Training pytorch-MLP-nhid0-rmsprop-bs128 with (inner) 5-fold cross-validation
22-11-12 18:38:03 - INFO - root: Best param found at split 1: l2reg = 1e-05                 with score 87.46
22-11-12 18:38:34 - INFO - root: Best param found at split 2: l2reg = 0.01                 with score 86.76
22-11-12 18:39:06 - INFO - root: Best param found at split 3: l2reg = 1e-05                 with score 87.19
22-11-12 18:39:36 - INFO - root: Best param found at split 4: l2reg = 0.01                 with score 87.4
22-11-12 18:40:10 - INFO - root: Best param found at split 5: l2reg = 1e-05                 with score 86.36
22-11-12 18:40:12 - INFO - root: Computing embedding for train
22-11-12 18:40:15 - INFO - root: Computed train embeddings
22-11-12 18:40:15 - INFO - root: Computing embedding for dev
22-11-12 18:40:15 - INFO - root: Computed dev embeddings
22-11-12 18:40:15 - INFO - root: Computing embedding for test
22-11-12 18:40:16 - INFO - root: Computed test embeddings
22-11-12 18:40:16 - INFO - root: Training pytorch-MLP-nhid0-rmsprop-bs128 with standard validation..
22-11-12 18:40:23 - INFO - root: [('reg:1e-05', 35.51), ('reg:0.0001', 37.78), ('reg:0.001', 36.33), ('reg:0.01', 40.24)]
22-11-12 18:40:23 - INFO - root: Validation : best param found is reg = 0.01 with score             40.24
22-11-12 18:40:23 - INFO - root: Evaluating...
22-11-12 18:40:25 - INFO - root: ***** Transfer task : TREC *****


22-11-12 18:40:27 - INFO - root: Computed train embeddings
22-11-12 18:40:27 - INFO - root: Computed test embeddings
22-11-12 18:40:27 - INFO - root: Training pytorch-MLP-nhid0-rmsprop-bs128 with 5-fold cross-validation
22-11-12 18:40:47 - INFO - root: [('reg:1e-05', 78.34), ('reg:0.0001', 77.64), ('reg:0.001', 75.68), ('reg:0.01', 75.61)]
22-11-12 18:40:47 - INFO - root: Cross-validation : best param found is reg = 1e-05             with score 78.34
22-11-12 18:40:47 - INFO - root: Evaluating...
22-11-12 18:40:48 - INFO - root: ***** Transfer task : MRPC *****


22-11-12 18:40:48 - INFO - root: Computing embedding for train
22-11-12 18:40:52 - INFO - root: Computed train embeddings
22-11-12 18:40:52 - INFO - root: Computing embedding for test
22-11-12 18:40:53 - INFO - root: Computed test embeddings
22-11-12 18:40:53 - INFO - root: Training pytorch-MLP-nhid0-rmsprop-bs128 with 5-fold cross-validation
22-11-12 18:41:08 - INFO - root: [('reg:1e-05', 73.45), ('reg:0.0001', 73.7), ('reg:0.001', 74.12), ('reg:0.01', 74.41)]
22-11-12 18:41:08 - INFO - root: Cross-validation : best param found is reg = 0.01             with score 74.41
22-11-12 18:41:08 - INFO - root: Evaluating...
