22-11-11 20:33:45 - INFO - __main__: Laser model is loaded.
22-11-11 20:33:45 - INFO - __main__: Num of Laser features: 1024
22-11-11 20:33:46 - INFO - root: Generating sentence embeddings
22-11-11 20:33:50 - INFO - root: Generated sentence embeddings
22-11-11 20:33:50 - INFO - root: Training pytorch-MLP-nhid0-rmsprop-bs128 with (inner) 5-fold cross-validation
22-11-11 20:34:19 - INFO - root: Best param found at split 1: l2reg = 0.001                 with score 65.31
22-11-11 20:34:46 - INFO - root: Best param found at split 2: l2reg = 0.001                 with score 63.48
22-11-11 20:35:22 - INFO - root: Best param found at split 3: l2reg = 0.0001                 with score 64.45
22-11-11 20:35:53 - INFO - root: Best param found at split 4: l2reg = 1e-05                 with score 65.5
22-11-11 20:36:24 - INFO - root: Best param found at split 5: l2reg = 1e-05                 with score 63.21
22-11-11 20:36:26 - INFO - root: Generating sentence embeddings
22-11-11 20:36:27 - INFO - root: Generated sentence embeddings
22-11-11 20:36:27 - INFO - root: Training pytorch-MLP-nhid0-rmsprop-bs128 with (inner) 5-fold cross-validation
22-11-11 20:36:37 - INFO - root: Best param found at split 1: l2reg = 0.01                 with score 73.81
22-11-11 20:36:49 - INFO - root: Best param found at split 2: l2reg = 0.01                 with score 72.72
22-11-11 20:37:00 - INFO - root: Best param found at split 3: l2reg = 0.001                 with score 73.08
22-11-11 20:37:12 - INFO - root: Best param found at split 4: l2reg = 1e-05                 with score 73.01
22-11-11 20:37:24 - INFO - root: Best param found at split 5: l2reg = 0.001                 with score 71.49
22-11-11 20:37:25 - INFO - root: Generating sentence embeddings
22-11-11 20:37:29 - INFO - root: Generated sentence embeddings
22-11-11 20:37:29 - INFO - root: Training pytorch-MLP-nhid0-rmsprop-bs128 with (inner) 5-fold cross-validation
22-11-11 20:37:57 - INFO - root: Best param found at split 1: l2reg = 1e-05                 with score 82.55
22-11-11 20:38:26 - INFO - root: Best param found at split 2: l2reg = 0.01                 with score 82.91
22-11-11 20:38:59 - INFO - root: Best param found at split 3: l2reg = 0.01                 with score 82.96
22-11-11 20:39:27 - INFO - root: Best param found at split 4: l2reg = 0.01                 with score 82.74
22-11-11 20:39:54 - INFO - root: Best param found at split 5: l2reg = 0.001                 with score 82.06
22-11-11 20:39:56 - INFO - root: Generating sentence embeddings
22-11-11 20:39:58 - INFO - root: Generated sentence embeddings
22-11-11 20:39:58 - INFO - root: Training pytorch-MLP-nhid0-rmsprop-bs128 with (inner) 5-fold cross-validation
22-11-11 20:40:26 - INFO - root: Best param found at split 1: l2reg = 0.001                 with score 84.1
22-11-11 20:40:54 - INFO - root: Best param found at split 2: l2reg = 0.001                 with score 83.96
22-11-11 20:41:23 - INFO - root: Best param found at split 3: l2reg = 0.01                 with score 84.02
22-11-11 20:41:53 - INFO - root: Best param found at split 4: l2reg = 0.01                 with score 84.54
22-11-11 20:42:23 - INFO - root: Best param found at split 5: l2reg = 1e-05                 with score 83.59
22-11-11 20:42:24 - INFO - root: Computing embedding for train
22-11-11 20:42:27 - INFO - root: Computed train embeddings
22-11-11 20:42:27 - INFO - root: Computing embedding for dev
22-11-11 20:42:28 - INFO - root: Computed dev embeddings
22-11-11 20:42:28 - INFO - root: Computing embedding for test
22-11-11 20:42:29 - INFO - root: Computed test embeddings
22-11-11 20:42:29 - INFO - root: Training pytorch-MLP-nhid0-rmsprop-bs128 with standard validation..
22-11-11 20:42:35 - INFO - root: [('reg:1e-05', 31.43), ('reg:0.0001', 33.51), ('reg:0.001', 32.7), ('reg:0.01', 32.79)]
22-11-11 20:42:35 - INFO - root: Validation : best param found is reg = 0.0001 with score             33.51
22-11-11 20:42:35 - INFO - root: Evaluating...
22-11-11 20:42:37 - INFO - root: ***** Transfer task : TREC *****


22-11-11 20:42:38 - INFO - root: Computed train embeddings
22-11-11 20:42:38 - INFO - root: Computed test embeddings
22-11-11 20:42:38 - INFO - root: Training pytorch-MLP-nhid0-rmsprop-bs128 with 5-fold cross-validation
22-11-11 20:42:59 - INFO - root: [('reg:1e-05', 68.1), ('reg:0.0001', 68.14), ('reg:0.001', 68.18), ('reg:0.01', 63.3)]
22-11-11 20:42:59 - INFO - root: Cross-validation : best param found is reg = 0.001             with score 68.18
22-11-11 20:42:59 - INFO - root: Evaluating...
22-11-11 20:43:01 - INFO - root: ***** Transfer task : MRPC *****


22-11-11 20:43:01 - INFO - root: Computing embedding for train
22-11-11 20:43:04 - INFO - root: Computed train embeddings
22-11-11 20:43:04 - INFO - root: Computing embedding for test
22-11-11 20:43:06 - INFO - root: Computed test embeddings
22-11-11 20:43:06 - INFO - root: Training pytorch-MLP-nhid0-rmsprop-bs128 with 5-fold cross-validation
22-11-11 20:43:18 - INFO - root: [('reg:1e-05', 72.57), ('reg:0.0001', 72.55), ('reg:0.001', 72.18), ('reg:0.01', 72.74)]
22-11-11 20:43:18 - INFO - root: Cross-validation : best param found is reg = 0.01             with score 72.74
22-11-11 20:43:18 - INFO - root: Evaluating...
