22-11-12 09:06:06 - INFO - __main__: Laser model is loaded.
22-11-12 09:06:06 - INFO - __main__: Num of Laser features: 1024
22-11-12 09:06:07 - INFO - root: Generating sentence embeddings
22-11-12 09:06:11 - INFO - root: Generated sentence embeddings
22-11-12 09:06:11 - INFO - root: Training pytorch-MLP-nhid0-rmsprop-bs128 with (inner) 5-fold cross-validation
22-11-12 09:06:40 - INFO - root: Best param found at split 1: l2reg = 1e-05                 with score 67.28
22-11-12 09:07:13 - INFO - root: Best param found at split 2: l2reg = 0.01                 with score 64.42
22-11-12 09:07:46 - INFO - root: Best param found at split 3: l2reg = 1e-05                 with score 67.85
22-11-12 09:08:15 - INFO - root: Best param found at split 4: l2reg = 0.01                 with score 66.28
22-11-12 09:08:46 - INFO - root: Best param found at split 5: l2reg = 1e-05                 with score 68.5
22-11-12 09:08:48 - INFO - root: Generating sentence embeddings
22-11-12 09:08:49 - INFO - root: Generated sentence embeddings
22-11-12 09:08:49 - INFO - root: Training pytorch-MLP-nhid0-rmsprop-bs128 with (inner) 5-fold cross-validation
22-11-12 09:09:00 - INFO - root: Best param found at split 1: l2reg = 1e-05                 with score 77.05
22-11-12 09:09:11 - INFO - root: Best param found at split 2: l2reg = 0.0001                 with score 74.27
22-11-12 09:09:23 - INFO - root: Best param found at split 3: l2reg = 1e-05                 with score 76.69
22-11-12 09:09:34 - INFO - root: Best param found at split 4: l2reg = 0.01                 with score 76.13
22-11-12 09:09:46 - INFO - root: Best param found at split 5: l2reg = 0.0001                 with score 77.02
22-11-12 09:09:47 - INFO - root: Generating sentence embeddings
22-11-12 09:09:51 - INFO - root: Generated sentence embeddings
22-11-12 09:09:51 - INFO - root: Training pytorch-MLP-nhid0-rmsprop-bs128 with (inner) 5-fold cross-validation
22-11-12 09:10:17 - INFO - root: Best param found at split 1: l2reg = 0.001                 with score 87.89
22-11-12 09:10:44 - INFO - root: Best param found at split 2: l2reg = 1e-05                 with score 87.8
22-11-12 09:11:13 - INFO - root: Best param found at split 3: l2reg = 0.01                 with score 87.86
22-11-12 09:11:42 - INFO - root: Best param found at split 4: l2reg = 0.0001                 with score 87.19
22-11-12 09:12:10 - INFO - root: Best param found at split 5: l2reg = 0.001                 with score 87.68
22-11-12 09:12:12 - INFO - root: Generating sentence embeddings
22-11-12 09:12:13 - INFO - root: Generated sentence embeddings
22-11-12 09:12:13 - INFO - root: Training pytorch-MLP-nhid0-rmsprop-bs128 with (inner) 5-fold cross-validation
22-11-12 09:12:39 - INFO - root: Best param found at split 1: l2reg = 1e-05                 with score 86.46
22-11-12 09:13:07 - INFO - root: Best param found at split 2: l2reg = 0.01                 with score 86.07
22-11-12 09:13:38 - INFO - root: Best param found at split 3: l2reg = 1e-05                 with score 86.26
22-11-12 09:14:08 - INFO - root: Best param found at split 4: l2reg = 0.01                 with score 86.28
22-11-12 09:14:36 - INFO - root: Best param found at split 5: l2reg = 0.0001                 with score 86.12
22-11-12 09:14:38 - INFO - root: Computing embedding for train
22-11-12 09:14:42 - INFO - root: Computed train embeddings
22-11-12 09:14:42 - INFO - root: Computing embedding for dev
22-11-12 09:14:42 - INFO - root: Computed dev embeddings
22-11-12 09:14:42 - INFO - root: Computing embedding for test
22-11-12 09:14:43 - INFO - root: Computed test embeddings
22-11-12 09:14:43 - INFO - root: Training pytorch-MLP-nhid0-rmsprop-bs128 with standard validation..
22-11-12 09:14:50 - INFO - root: [('reg:1e-05', 32.33), ('reg:0.0001', 35.06), ('reg:0.001', 36.6), ('reg:0.01', 31.52)]
22-11-12 09:14:50 - INFO - root: Validation : best param found is reg = 0.001 with score             36.6
22-11-12 09:14:50 - INFO - root: Evaluating...
22-11-12 09:14:53 - INFO - root: ***** Transfer task : TREC *****


22-11-12 09:14:54 - INFO - root: Computed train embeddings
22-11-12 09:14:55 - INFO - root: Computed test embeddings
22-11-12 09:14:55 - INFO - root: Training pytorch-MLP-nhid0-rmsprop-bs128 with 5-fold cross-validation
22-11-12 09:15:14 - INFO - root: [('reg:1e-05', 73.26), ('reg:0.0001', 75.53), ('reg:0.001', 73.77), ('reg:0.01', 70.1)]
22-11-12 09:15:14 - INFO - root: Cross-validation : best param found is reg = 0.0001             with score 75.53
22-11-12 09:15:14 - INFO - root: Evaluating...
22-11-12 09:15:15 - INFO - root: ***** Transfer task : MRPC *****


22-11-12 09:15:15 - INFO - root: Computing embedding for train
22-11-12 09:15:19 - INFO - root: Computed train embeddings
22-11-12 09:15:19 - INFO - root: Computing embedding for test
22-11-12 09:15:20 - INFO - root: Computed test embeddings
22-11-12 09:15:20 - INFO - root: Training pytorch-MLP-nhid0-rmsprop-bs128 with 5-fold cross-validation
22-11-12 09:15:33 - INFO - root: [('reg:1e-05', 72.64), ('reg:0.0001', 71.98), ('reg:0.001', 71.86), ('reg:0.01', 71.84)]
22-11-12 09:15:33 - INFO - root: Cross-validation : best param found is reg = 1e-05             with score 72.64
22-11-12 09:15:33 - INFO - root: Evaluating...
