22-11-11 14:05:50 - INFO - __main__: Laser model is loaded.
22-11-11 14:05:50 - INFO - __main__: Num of Laser features: 1024
22-11-11 14:05:50 - INFO - root: Generating sentence embeddings
22-11-11 14:05:54 - INFO - root: Generated sentence embeddings
22-11-11 14:05:54 - INFO - root: Training pytorch-MLP-nhid0-rmsprop-bs128 with (inner) 5-fold cross-validation
22-11-11 14:06:14 - INFO - root: Best param found at split 1: l2reg = 1e-05                 with score 58.98
22-11-11 14:06:48 - INFO - root: Best param found at split 2: l2reg = 1e-05                 with score 61.74
22-11-11 14:07:11 - INFO - root: Best param found at split 3: l2reg = 1e-05                 with score 61.22
22-11-11 14:07:40 - INFO - root: Best param found at split 4: l2reg = 0.0001                 with score 58.32
22-11-11 14:08:11 - INFO - root: Best param found at split 5: l2reg = 0.0001                 with score 58.65
22-11-11 14:08:13 - INFO - root: Generating sentence embeddings
22-11-11 14:08:14 - INFO - root: Generated sentence embeddings
22-11-11 14:08:14 - INFO - root: Training pytorch-MLP-nhid0-rmsprop-bs128 with (inner) 5-fold cross-validation
22-11-11 14:08:20 - INFO - root: Best param found at split 1: l2reg = 0.0001                 with score 70.46
22-11-11 14:08:28 - INFO - root: Best param found at split 2: l2reg = 0.001                 with score 72.15
22-11-11 14:08:38 - INFO - root: Best param found at split 3: l2reg = 0.01                 with score 70.66
22-11-11 14:08:48 - INFO - root: Best param found at split 4: l2reg = 0.001                 with score 70.89
22-11-11 14:08:57 - INFO - root: Best param found at split 5: l2reg = 0.01                 with score 70.33
22-11-11 14:08:58 - INFO - root: Generating sentence embeddings
22-11-11 14:09:02 - INFO - root: Generated sentence embeddings
22-11-11 14:09:02 - INFO - root: Training pytorch-MLP-nhid0-rmsprop-bs128 with (inner) 5-fold cross-validation
22-11-11 14:09:28 - INFO - root: Best param found at split 1: l2reg = 0.0001                 with score 83.22
22-11-11 14:09:58 - INFO - root: Best param found at split 2: l2reg = 0.0001                 with score 81.12
22-11-11 14:10:22 - INFO - root: Best param found at split 3: l2reg = 0.0001                 with score 81.41
22-11-11 14:10:57 - INFO - root: Best param found at split 4: l2reg = 1e-05                 with score 82.55
22-11-11 14:11:23 - INFO - root: Best param found at split 5: l2reg = 0.001                 with score 80.42
22-11-11 14:11:24 - INFO - root: Generating sentence embeddings
22-11-11 14:11:26 - INFO - root: Generated sentence embeddings
22-11-11 14:11:26 - INFO - root: Training pytorch-MLP-nhid0-rmsprop-bs128 with (inner) 5-fold cross-validation
22-11-11 14:11:52 - INFO - root: Best param found at split 1: l2reg = 0.01                 with score 86.43
22-11-11 14:12:23 - INFO - root: Best param found at split 2: l2reg = 0.001                 with score 86.31
22-11-11 14:12:53 - INFO - root: Best param found at split 3: l2reg = 0.001                 with score 86.52
22-11-11 14:13:24 - INFO - root: Best param found at split 4: l2reg = 1e-05                 with score 86.74
22-11-11 14:13:57 - INFO - root: Best param found at split 5: l2reg = 1e-05                 with score 86.76
22-11-11 14:13:58 - INFO - root: Computing embedding for train
22-11-11 14:14:01 - INFO - root: Computed train embeddings
22-11-11 14:14:01 - INFO - root: Computing embedding for dev
22-11-11 14:14:01 - INFO - root: Computed dev embeddings
22-11-11 14:14:01 - INFO - root: Computing embedding for test
22-11-11 14:14:02 - INFO - root: Computed test embeddings
22-11-11 14:14:02 - INFO - root: Training pytorch-MLP-nhid0-rmsprop-bs128 with standard validation..
22-11-11 14:14:08 - INFO - root: [('reg:1e-05', 25.98), ('reg:0.0001', 32.15), ('reg:0.001', 34.33), ('reg:0.01', 28.97)]
22-11-11 14:14:08 - INFO - root: Validation : best param found is reg = 0.001 with score             34.33
22-11-11 14:14:08 - INFO - root: Evaluating...
22-11-11 14:14:10 - INFO - root: ***** Transfer task : TREC *****


22-11-11 14:14:11 - INFO - root: Computed train embeddings
22-11-11 14:14:11 - INFO - root: Computed test embeddings
22-11-11 14:14:11 - INFO - root: Training pytorch-MLP-nhid0-rmsprop-bs128 with 5-fold cross-validation
22-11-11 14:14:29 - INFO - root: [('reg:1e-05', 61.68), ('reg:0.0001', 69.66), ('reg:0.001', 62.1), ('reg:0.01', 62.56)]
22-11-11 14:14:29 - INFO - root: Cross-validation : best param found is reg = 0.0001             with score 69.66
22-11-11 14:14:29 - INFO - root: Evaluating...
22-11-11 14:14:31 - INFO - root: ***** Transfer task : MRPC *****


22-11-11 14:14:31 - INFO - root: Computing embedding for train
22-11-11 14:14:34 - INFO - root: Computed train embeddings
22-11-11 14:14:34 - INFO - root: Computing embedding for test
22-11-11 14:14:36 - INFO - root: Computed test embeddings
22-11-11 14:14:36 - INFO - root: Training pytorch-MLP-nhid0-rmsprop-bs128 with 5-fold cross-validation
22-11-11 14:14:46 - INFO - root: [('reg:1e-05', 71.54), ('reg:0.0001', 71.49), ('reg:0.001', 71.37), ('reg:0.01', 71.91)]
22-11-11 14:14:46 - INFO - root: Cross-validation : best param found is reg = 0.01             with score 71.91
22-11-11 14:14:46 - INFO - root: Evaluating...
