22-11-12 19:30:14 - INFO - __main__: Laser model is loaded.
22-11-12 19:30:14 - INFO - __main__: Num of Laser features: 1024
22-11-12 19:30:15 - INFO - root: Generating sentence embeddings
22-11-12 19:30:19 - INFO - root: Generated sentence embeddings
22-11-12 19:30:19 - INFO - root: Training pytorch-MLP-nhid0-rmsprop-bs128 with (inner) 5-fold cross-validation
22-11-12 19:30:47 - INFO - root: Best param found at split 1: l2reg = 1e-05                 with score 66.54
22-11-12 19:31:17 - INFO - root: Best param found at split 2: l2reg = 0.0001                 with score 66.94
22-11-12 19:31:47 - INFO - root: Best param found at split 3: l2reg = 0.001                 with score 69.5
22-11-12 19:32:22 - INFO - root: Best param found at split 4: l2reg = 0.01                 with score 67.78
22-11-12 19:32:52 - INFO - root: Best param found at split 5: l2reg = 0.001                 with score 67.55
22-11-12 19:32:54 - INFO - root: Generating sentence embeddings
22-11-12 19:32:55 - INFO - root: Generated sentence embeddings
22-11-12 19:32:55 - INFO - root: Training pytorch-MLP-nhid0-rmsprop-bs128 with (inner) 5-fold cross-validation
22-11-12 19:33:06 - INFO - root: Best param found at split 1: l2reg = 0.01                 with score 79.3
22-11-12 19:33:18 - INFO - root: Best param found at split 2: l2reg = 0.0001                 with score 76.95
22-11-12 19:33:30 - INFO - root: Best param found at split 3: l2reg = 0.01                 with score 78.21
22-11-12 19:33:41 - INFO - root: Best param found at split 4: l2reg = 1e-05                 with score 77.25
22-11-12 19:33:52 - INFO - root: Best param found at split 5: l2reg = 0.001                 with score 76.92
22-11-12 19:33:52 - INFO - root: Generating sentence embeddings
22-11-12 19:33:56 - INFO - root: Generated sentence embeddings
22-11-12 19:33:56 - INFO - root: Training pytorch-MLP-nhid0-rmsprop-bs128 with (inner) 5-fold cross-validation
22-11-12 19:34:21 - INFO - root: Best param found at split 1: l2reg = 0.01                 with score 88.7
22-11-12 19:34:50 - INFO - root: Best param found at split 2: l2reg = 0.0001                 with score 88.98
22-11-12 19:35:19 - INFO - root: Best param found at split 3: l2reg = 0.01                 with score 89.25
22-11-12 19:35:47 - INFO - root: Best param found at split 4: l2reg = 0.01                 with score 88.68
22-11-12 19:36:20 - INFO - root: Best param found at split 5: l2reg = 0.01                 with score 89.18
22-11-12 19:36:22 - INFO - root: Generating sentence embeddings
22-11-12 19:36:24 - INFO - root: Generated sentence embeddings
22-11-12 19:36:24 - INFO - root: Training pytorch-MLP-nhid0-rmsprop-bs128 with (inner) 5-fold cross-validation
22-11-12 19:36:51 - INFO - root: Best param found at split 1: l2reg = 0.0001                 with score 87.2
22-11-12 19:37:21 - INFO - root: Best param found at split 2: l2reg = 1e-05                 with score 86.47
22-11-12 19:37:53 - INFO - root: Best param found at split 3: l2reg = 0.01                 with score 87.51
22-11-12 19:38:21 - INFO - root: Best param found at split 4: l2reg = 0.0001                 with score 86.88
22-11-12 19:38:52 - INFO - root: Best param found at split 5: l2reg = 0.0001                 with score 86.53
22-11-12 19:38:54 - INFO - root: Computing embedding for train
22-11-12 19:38:57 - INFO - root: Computed train embeddings
22-11-12 19:38:57 - INFO - root: Computing embedding for dev
22-11-12 19:38:57 - INFO - root: Computed dev embeddings
22-11-12 19:38:57 - INFO - root: Computing embedding for test
22-11-12 19:38:58 - INFO - root: Computed test embeddings
22-11-12 19:38:58 - INFO - root: Training pytorch-MLP-nhid0-rmsprop-bs128 with standard validation..
22-11-12 19:39:05 - INFO - root: [('reg:1e-05', 35.51), ('reg:0.0001', 32.33), ('reg:0.001', 32.97), ('reg:0.01', 31.43)]
22-11-12 19:39:05 - INFO - root: Validation : best param found is reg = 1e-05 with score             35.51
22-11-12 19:39:05 - INFO - root: Evaluating...
22-11-12 19:39:06 - INFO - root: ***** Transfer task : TREC *****


22-11-12 19:39:08 - INFO - root: Computed train embeddings
22-11-12 19:39:08 - INFO - root: Computed test embeddings
22-11-12 19:39:08 - INFO - root: Training pytorch-MLP-nhid0-rmsprop-bs128 with 5-fold cross-validation
22-11-12 19:39:26 - INFO - root: [('reg:1e-05', 73.94), ('reg:0.0001', 74.98), ('reg:0.001', 73.84), ('reg:0.01', 71.2)]
22-11-12 19:39:26 - INFO - root: Cross-validation : best param found is reg = 0.0001             with score 74.98
22-11-12 19:39:26 - INFO - root: Evaluating...
22-11-12 19:39:27 - INFO - root: ***** Transfer task : MRPC *****


22-11-12 19:39:27 - INFO - root: Computing embedding for train
22-11-12 19:39:30 - INFO - root: Computed train embeddings
22-11-12 19:39:30 - INFO - root: Computing embedding for test
22-11-12 19:39:32 - INFO - root: Computed test embeddings
22-11-12 19:39:32 - INFO - root: Training pytorch-MLP-nhid0-rmsprop-bs128 with 5-fold cross-validation
22-11-12 19:39:46 - INFO - root: [('reg:1e-05', 73.65), ('reg:0.0001', 74.31), ('reg:0.001', 73.77), ('reg:0.01', 72.77)]
22-11-12 19:39:46 - INFO - root: Cross-validation : best param found is reg = 0.0001             with score 74.31
22-11-12 19:39:46 - INFO - root: Evaluating...
