22-11-12 17:04:55 - INFO - __main__: Laser model is loaded.
22-11-12 17:04:56 - INFO - __main__: Num of Laser features: 1024
22-11-12 17:04:57 - INFO - root: Generating sentence embeddings
22-11-12 17:05:01 - INFO - root: Generated sentence embeddings
22-11-12 17:05:01 - INFO - root: Training pytorch-MLP-nhid0-rmsprop-bs128 with (inner) 5-fold cross-validation
22-11-12 17:05:31 - INFO - root: Best param found at split 1: l2reg = 0.001                 with score 69.14
22-11-12 17:06:03 - INFO - root: Best param found at split 2: l2reg = 0.0001                 with score 68.65
22-11-12 17:06:36 - INFO - root: Best param found at split 3: l2reg = 0.0001                 with score 67.22
22-11-12 17:07:05 - INFO - root: Best param found at split 4: l2reg = 0.0001                 with score 68.09
22-11-12 17:07:35 - INFO - root: Best param found at split 5: l2reg = 1e-05                 with score 67.84
22-11-12 17:07:37 - INFO - root: Generating sentence embeddings
22-11-12 17:07:39 - INFO - root: Generated sentence embeddings
22-11-12 17:07:39 - INFO - root: Training pytorch-MLP-nhid0-rmsprop-bs128 with (inner) 5-fold cross-validation
22-11-12 17:07:50 - INFO - root: Best param found at split 1: l2reg = 0.0001                 with score 76.69
22-11-12 17:08:02 - INFO - root: Best param found at split 2: l2reg = 0.001                 with score 77.12
22-11-12 17:08:14 - INFO - root: Best param found at split 3: l2reg = 0.0001                 with score 78.44
22-11-12 17:08:25 - INFO - root: Best param found at split 4: l2reg = 0.0001                 with score 76.36
22-11-12 17:08:36 - INFO - root: Best param found at split 5: l2reg = 1e-05                 with score 75.1
22-11-12 17:08:36 - INFO - root: Generating sentence embeddings
22-11-12 17:08:41 - INFO - root: Generated sentence embeddings
22-11-12 17:08:41 - INFO - root: Training pytorch-MLP-nhid0-rmsprop-bs128 with (inner) 5-fold cross-validation
22-11-12 17:09:05 - INFO - root: Best param found at split 1: l2reg = 0.001                 with score 88.45
22-11-12 17:09:26 - INFO - root: Best param found at split 2: l2reg = 1e-05                 with score 88.89
22-11-12 17:09:58 - INFO - root: Best param found at split 3: l2reg = 0.001                 with score 89.16
22-11-12 17:10:29 - INFO - root: Best param found at split 4: l2reg = 0.01                 with score 89.44
22-11-12 17:10:59 - INFO - root: Best param found at split 5: l2reg = 0.001                 with score 88.91
22-11-12 17:11:01 - INFO - root: Generating sentence embeddings
22-11-12 17:11:03 - INFO - root: Generated sentence embeddings
22-11-12 17:11:03 - INFO - root: Training pytorch-MLP-nhid0-rmsprop-bs128 with (inner) 5-fold cross-validation
22-11-12 17:11:31 - INFO - root: Best param found at split 1: l2reg = 0.001                 with score 87.02
22-11-12 17:12:02 - INFO - root: Best param found at split 2: l2reg = 0.001                 with score 86.61
22-11-12 17:12:34 - INFO - root: Best param found at split 3: l2reg = 0.01                 with score 87.24
22-11-12 17:13:02 - INFO - root: Best param found at split 4: l2reg = 0.01                 with score 87.11
22-11-12 17:13:31 - INFO - root: Best param found at split 5: l2reg = 0.01                 with score 87.14
22-11-12 17:13:33 - INFO - root: Computing embedding for train
22-11-12 17:13:36 - INFO - root: Computed train embeddings
22-11-12 17:13:36 - INFO - root: Computing embedding for dev
22-11-12 17:13:37 - INFO - root: Computed dev embeddings
22-11-12 17:13:37 - INFO - root: Computing embedding for test
22-11-12 17:13:37 - INFO - root: Computed test embeddings
22-11-12 17:13:37 - INFO - root: Training pytorch-MLP-nhid0-rmsprop-bs128 with standard validation..
22-11-12 17:13:44 - INFO - root: [('reg:1e-05', 36.33), ('reg:0.0001', 37.51), ('reg:0.001', 36.6), ('reg:0.01', 31.79)]
22-11-12 17:13:44 - INFO - root: Validation : best param found is reg = 0.0001 with score             37.51
22-11-12 17:13:44 - INFO - root: Evaluating...
22-11-12 17:13:46 - INFO - root: ***** Transfer task : TREC *****


22-11-12 17:13:47 - INFO - root: Computed train embeddings
22-11-12 17:13:47 - INFO - root: Computed test embeddings
22-11-12 17:13:47 - INFO - root: Training pytorch-MLP-nhid0-rmsprop-bs128 with 5-fold cross-validation
22-11-12 17:14:07 - INFO - root: [('reg:1e-05', 76.78), ('reg:0.0001', 77.79), ('reg:0.001', 73.86), ('reg:0.01', 69.17)]
22-11-12 17:14:07 - INFO - root: Cross-validation : best param found is reg = 0.0001             with score 77.79
22-11-12 17:14:07 - INFO - root: Evaluating...
22-11-12 17:14:08 - INFO - root: ***** Transfer task : MRPC *****


22-11-12 17:14:08 - INFO - root: Computing embedding for train
22-11-12 17:14:12 - INFO - root: Computed train embeddings
22-11-12 17:14:12 - INFO - root: Computing embedding for test
22-11-12 17:14:13 - INFO - root: Computed test embeddings
22-11-12 17:14:13 - INFO - root: Training pytorch-MLP-nhid0-rmsprop-bs128 with 5-fold cross-validation
22-11-12 17:14:27 - INFO - root: [('reg:1e-05', 72.99), ('reg:0.0001', 72.79), ('reg:0.001', 73.43), ('reg:0.01', 72.62)]
22-11-12 17:14:27 - INFO - root: Cross-validation : best param found is reg = 0.001             with score 73.43
22-11-12 17:14:27 - INFO - root: Evaluating...
