22-11-12 13:14:09 - INFO - __main__: Laser model is loaded.
22-11-12 13:14:09 - INFO - __main__: Num of Laser features: 1024
22-11-12 13:14:10 - INFO - root: Generating sentence embeddings
22-11-12 13:14:14 - INFO - root: Generated sentence embeddings
22-11-12 13:14:14 - INFO - root: Training pytorch-MLP-nhid0-rmsprop-bs128 with (inner) 5-fold cross-validation
22-11-12 13:14:41 - INFO - root: Best param found at split 1: l2reg = 0.001                 with score 68.87
22-11-12 13:15:09 - INFO - root: Best param found at split 2: l2reg = 0.001                 with score 67.31
22-11-12 13:15:42 - INFO - root: Best param found at split 3: l2reg = 0.001                 with score 68.18
22-11-12 13:16:12 - INFO - root: Best param found at split 4: l2reg = 1e-05                 with score 67.08
22-11-12 13:16:45 - INFO - root: Best param found at split 5: l2reg = 0.001                 with score 65.87
22-11-12 13:16:47 - INFO - root: Generating sentence embeddings
22-11-12 13:16:48 - INFO - root: Generated sentence embeddings
22-11-12 13:16:48 - INFO - root: Training pytorch-MLP-nhid0-rmsprop-bs128 with (inner) 5-fold cross-validation
22-11-12 13:16:59 - INFO - root: Best param found at split 1: l2reg = 0.0001                 with score 76.56
22-11-12 13:17:09 - INFO - root: Best param found at split 2: l2reg = 0.001                 with score 77.19
22-11-12 13:17:21 - INFO - root: Best param found at split 3: l2reg = 1e-05                 with score 76.99
22-11-12 13:17:32 - INFO - root: Best param found at split 4: l2reg = 0.01                 with score 74.37
22-11-12 13:17:44 - INFO - root: Best param found at split 5: l2reg = 0.001                 with score 75.07
22-11-12 13:17:45 - INFO - root: Generating sentence embeddings
22-11-12 13:17:49 - INFO - root: Generated sentence embeddings
22-11-12 13:17:49 - INFO - root: Training pytorch-MLP-nhid0-rmsprop-bs128 with (inner) 5-fold cross-validation
22-11-12 13:18:16 - INFO - root: Best param found at split 1: l2reg = 0.01                 with score 89.04
22-11-12 13:18:42 - INFO - root: Best param found at split 2: l2reg = 0.001                 with score 88.8
22-11-12 13:19:12 - INFO - root: Best param found at split 3: l2reg = 0.001                 with score 88.95
22-11-12 13:19:43 - INFO - root: Best param found at split 4: l2reg = 0.001                 with score 88.5
22-11-12 13:20:12 - INFO - root: Best param found at split 5: l2reg = 0.001                 with score 88.72
22-11-12 13:20:13 - INFO - root: Generating sentence embeddings
22-11-12 13:20:15 - INFO - root: Generated sentence embeddings
22-11-12 13:20:15 - INFO - root: Training pytorch-MLP-nhid0-rmsprop-bs128 with (inner) 5-fold cross-validation
22-11-12 13:20:44 - INFO - root: Best param found at split 1: l2reg = 1e-05                 with score 87.21
22-11-12 13:21:12 - INFO - root: Best param found at split 2: l2reg = 0.001                 with score 85.19
22-11-12 13:21:44 - INFO - root: Best param found at split 3: l2reg = 1e-05                 with score 86.8
22-11-12 13:22:13 - INFO - root: Best param found at split 4: l2reg = 1e-05                 with score 86.34
22-11-12 13:22:42 - INFO - root: Best param found at split 5: l2reg = 0.0001                 with score 86.88
22-11-12 13:22:43 - INFO - root: Computing embedding for train
22-11-12 13:22:47 - INFO - root: Computed train embeddings
22-11-12 13:22:47 - INFO - root: Computing embedding for dev
22-11-12 13:22:47 - INFO - root: Computed dev embeddings
22-11-12 13:22:47 - INFO - root: Computing embedding for test
22-11-12 13:22:48 - INFO - root: Computed test embeddings
22-11-12 13:22:48 - INFO - root: Training pytorch-MLP-nhid0-rmsprop-bs128 with standard validation..
22-11-12 13:22:54 - INFO - root: [('reg:1e-05', 34.6), ('reg:0.0001', 35.97), ('reg:0.001', 35.06), ('reg:0.01', 34.15)]
22-11-12 13:22:54 - INFO - root: Validation : best param found is reg = 0.0001 with score             35.97
22-11-12 13:22:54 - INFO - root: Evaluating...
22-11-12 13:22:56 - INFO - root: ***** Transfer task : TREC *****


22-11-12 13:22:57 - INFO - root: Computed train embeddings
22-11-12 13:22:58 - INFO - root: Computed test embeddings
22-11-12 13:22:58 - INFO - root: Training pytorch-MLP-nhid0-rmsprop-bs128 with 5-fold cross-validation
22-11-12 13:23:18 - INFO - root: [('reg:1e-05', 76.1), ('reg:0.0001', 76.94), ('reg:0.001', 71.13), ('reg:0.01', 71.83)]
22-11-12 13:23:18 - INFO - root: Cross-validation : best param found is reg = 0.0001             with score 76.94
22-11-12 13:23:18 - INFO - root: Evaluating...
22-11-12 13:23:19 - INFO - root: ***** Transfer task : MRPC *****


22-11-12 13:23:19 - INFO - root: Computing embedding for train
22-11-12 13:23:23 - INFO - root: Computed train embeddings
22-11-12 13:23:23 - INFO - root: Computing embedding for test
22-11-12 13:23:24 - INFO - root: Computed test embeddings
22-11-12 13:23:24 - INFO - root: Training pytorch-MLP-nhid0-rmsprop-bs128 with 5-fold cross-validation
22-11-12 13:23:37 - INFO - root: [('reg:1e-05', 73.31), ('reg:0.0001', 72.91), ('reg:0.001', 72.67), ('reg:0.01', 73.14)]
22-11-12 13:23:37 - INFO - root: Cross-validation : best param found is reg = 1e-05             with score 73.31
22-11-12 13:23:37 - INFO - root: Evaluating...
