22-11-12 16:35:59 - INFO - __main__: Laser model is loaded.
22-11-12 16:35:59 - INFO - __main__: Num of Laser features: 1024
22-11-12 16:36:00 - INFO - root: Generating sentence embeddings
22-11-12 16:36:04 - INFO - root: Generated sentence embeddings
22-11-12 16:36:04 - INFO - root: Training pytorch-MLP-nhid0-rmsprop-bs128 with (inner) 5-fold cross-validation
22-11-12 16:36:34 - INFO - root: Best param found at split 1: l2reg = 0.0001                 with score 68.44
22-11-12 16:37:03 - INFO - root: Best param found at split 2: l2reg = 1e-05                 with score 66.69
22-11-12 16:37:39 - INFO - root: Best param found at split 3: l2reg = 1e-05                 with score 69.3
22-11-12 16:38:06 - INFO - root: Best param found at split 4: l2reg = 1e-05                 with score 64.47
22-11-12 16:38:36 - INFO - root: Best param found at split 5: l2reg = 0.0001                 with score 65.67
22-11-12 16:38:38 - INFO - root: Generating sentence embeddings
22-11-12 16:38:39 - INFO - root: Generated sentence embeddings
22-11-12 16:38:39 - INFO - root: Training pytorch-MLP-nhid0-rmsprop-bs128 with (inner) 5-fold cross-validation
22-11-12 16:38:51 - INFO - root: Best param found at split 1: l2reg = 0.001                 with score 77.12
22-11-12 16:39:02 - INFO - root: Best param found at split 2: l2reg = 1e-05                 with score 76.19
22-11-12 16:39:13 - INFO - root: Best param found at split 3: l2reg = 1e-05                 with score 76.56
22-11-12 16:39:24 - INFO - root: Best param found at split 4: l2reg = 0.0001                 with score 77.05
22-11-12 16:39:36 - INFO - root: Best param found at split 5: l2reg = 0.01                 with score 76.26
22-11-12 16:39:36 - INFO - root: Generating sentence embeddings
22-11-12 16:39:41 - INFO - root: Generated sentence embeddings
22-11-12 16:39:41 - INFO - root: Training pytorch-MLP-nhid0-rmsprop-bs128 with (inner) 5-fold cross-validation
22-11-12 16:40:11 - INFO - root: Best param found at split 1: l2reg = 0.0001                 with score 88.8
22-11-12 16:40:41 - INFO - root: Best param found at split 2: l2reg = 0.01                 with score 89.06
22-11-12 16:41:10 - INFO - root: Best param found at split 3: l2reg = 0.01                 with score 88.91
22-11-12 16:41:39 - INFO - root: Best param found at split 4: l2reg = 0.01                 with score 88.6
22-11-12 16:42:08 - INFO - root: Best param found at split 5: l2reg = 1e-05                 with score 88.26
22-11-12 16:42:09 - INFO - root: Generating sentence embeddings
22-11-12 16:42:11 - INFO - root: Generated sentence embeddings
22-11-12 16:42:11 - INFO - root: Training pytorch-MLP-nhid0-rmsprop-bs128 with (inner) 5-fold cross-validation
22-11-12 16:42:37 - INFO - root: Best param found at split 1: l2reg = 0.001                 with score 86.74
22-11-12 16:43:05 - INFO - root: Best param found at split 2: l2reg = 1e-05                 with score 86.74
22-11-12 16:43:37 - INFO - root: Best param found at split 3: l2reg = 0.001                 with score 86.27
22-11-12 16:44:05 - INFO - root: Best param found at split 4: l2reg = 0.0001                 with score 86.78
22-11-12 16:44:38 - INFO - root: Best param found at split 5: l2reg = 0.01                 with score 86.62
22-11-12 16:44:39 - INFO - root: Computing embedding for train
22-11-12 16:44:43 - INFO - root: Computed train embeddings
22-11-12 16:44:43 - INFO - root: Computing embedding for dev
22-11-12 16:44:43 - INFO - root: Computed dev embeddings
22-11-12 16:44:43 - INFO - root: Computing embedding for test
22-11-12 16:44:44 - INFO - root: Computed test embeddings
22-11-12 16:44:44 - INFO - root: Training pytorch-MLP-nhid0-rmsprop-bs128 with standard validation..
22-11-12 16:44:51 - INFO - root: [('reg:1e-05', 34.6), ('reg:0.0001', 37.24), ('reg:0.001', 32.24), ('reg:0.01', 36.06)]
22-11-12 16:44:51 - INFO - root: Validation : best param found is reg = 0.0001 with score             37.24
22-11-12 16:44:51 - INFO - root: Evaluating...
22-11-12 16:44:53 - INFO - root: ***** Transfer task : TREC *****


22-11-12 16:44:55 - INFO - root: Computed train embeddings
22-11-12 16:44:55 - INFO - root: Computed test embeddings
22-11-12 16:44:55 - INFO - root: Training pytorch-MLP-nhid0-rmsprop-bs128 with 5-fold cross-validation
22-11-12 16:45:16 - INFO - root: [('reg:1e-05', 75.88), ('reg:0.0001', 77.15), ('reg:0.001', 75.48), ('reg:0.01', 71.79)]
22-11-12 16:45:16 - INFO - root: Cross-validation : best param found is reg = 0.0001             with score 77.15
22-11-12 16:45:16 - INFO - root: Evaluating...
22-11-12 16:45:17 - INFO - root: ***** Transfer task : MRPC *****


22-11-12 16:45:17 - INFO - root: Computing embedding for train
22-11-12 16:45:21 - INFO - root: Computed train embeddings
22-11-12 16:45:21 - INFO - root: Computing embedding for test
22-11-12 16:45:23 - INFO - root: Computed test embeddings
22-11-12 16:45:23 - INFO - root: Training pytorch-MLP-nhid0-rmsprop-bs128 with 5-fold cross-validation
22-11-12 16:45:36 - INFO - root: [('reg:1e-05', 73.9), ('reg:0.0001', 72.94), ('reg:0.001', 73.36), ('reg:0.01', 74.21)]
22-11-12 16:45:36 - INFO - root: Cross-validation : best param found is reg = 0.01             with score 74.21
22-11-12 16:45:36 - INFO - root: Evaluating...
