22-11-11 18:43:43 - INFO - __main__: Laser model is loaded.
22-11-11 18:43:43 - INFO - __main__: Num of Laser features: 1024
22-11-11 18:43:45 - INFO - root: Generating sentence embeddings
22-11-11 18:43:48 - INFO - root: Generated sentence embeddings
22-11-11 18:43:48 - INFO - root: Training pytorch-MLP-nhid0-rmsprop-bs128 with (inner) 5-fold cross-validation
22-11-11 18:44:18 - INFO - root: Best param found at split 1: l2reg = 0.01                 with score 64.05
22-11-11 18:44:52 - INFO - root: Best param found at split 2: l2reg = 0.001                 with score 65.18
22-11-11 18:45:21 - INFO - root: Best param found at split 3: l2reg = 0.001                 with score 65.05
22-11-11 18:45:53 - INFO - root: Best param found at split 4: l2reg = 0.01                 with score 64.78
22-11-11 18:46:26 - INFO - root: Best param found at split 5: l2reg = 1e-05                 with score 63.97
22-11-11 18:46:28 - INFO - root: Generating sentence embeddings
22-11-11 18:46:29 - INFO - root: Generated sentence embeddings
22-11-11 18:46:29 - INFO - root: Training pytorch-MLP-nhid0-rmsprop-bs128 with (inner) 5-fold cross-validation
22-11-11 18:46:40 - INFO - root: Best param found at split 1: l2reg = 0.0001                 with score 73.01
22-11-11 18:46:51 - INFO - root: Best param found at split 2: l2reg = 0.01                 with score 72.35
22-11-11 18:47:02 - INFO - root: Best param found at split 3: l2reg = 0.01                 with score 71.59
22-11-11 18:47:12 - INFO - root: Best param found at split 4: l2reg = 0.0001                 with score 70.6
22-11-11 18:47:22 - INFO - root: Best param found at split 5: l2reg = 1e-05                 with score 71.62
22-11-11 18:47:23 - INFO - root: Generating sentence embeddings
22-11-11 18:47:27 - INFO - root: Generated sentence embeddings
22-11-11 18:47:27 - INFO - root: Training pytorch-MLP-nhid0-rmsprop-bs128 with (inner) 5-fold cross-validation
22-11-11 18:47:54 - INFO - root: Best param found at split 1: l2reg = 0.01                 with score 80.96
22-11-11 18:48:21 - INFO - root: Best param found at split 2: l2reg = 1e-05                 with score 80.71
22-11-11 18:48:51 - INFO - root: Best param found at split 3: l2reg = 0.001                 with score 81.18
22-11-11 18:49:20 - INFO - root: Best param found at split 4: l2reg = 0.001                 with score 81.04
22-11-11 18:49:40 - INFO - root: Best param found at split 5: l2reg = 0.0001                 with score 80.78
22-11-11 18:49:41 - INFO - root: Generating sentence embeddings
22-11-11 18:49:43 - INFO - root: Generated sentence embeddings
22-11-11 18:49:43 - INFO - root: Training pytorch-MLP-nhid0-rmsprop-bs128 with (inner) 5-fold cross-validation
22-11-11 18:50:00 - INFO - root: Best param found at split 1: l2reg = 0.0001                 with score 80.16
22-11-11 18:50:19 - INFO - root: Best param found at split 2: l2reg = 0.001                 with score 81.4
22-11-11 18:50:45 - INFO - root: Best param found at split 3: l2reg = 0.0001                 with score 82.24
22-11-11 18:51:16 - INFO - root: Best param found at split 4: l2reg = 0.001                 with score 81.56
22-11-11 18:51:50 - INFO - root: Best param found at split 5: l2reg = 0.001                 with score 81.53
22-11-11 18:51:52 - INFO - root: Computing embedding for train
22-11-11 18:51:55 - INFO - root: Computed train embeddings
22-11-11 18:51:55 - INFO - root: Computing embedding for dev
22-11-11 18:51:55 - INFO - root: Computed dev embeddings
22-11-11 18:51:55 - INFO - root: Computing embedding for test
22-11-11 18:51:56 - INFO - root: Computed test embeddings
22-11-11 18:51:56 - INFO - root: Training pytorch-MLP-nhid0-rmsprop-bs128 with standard validation..
22-11-11 18:52:02 - INFO - root: [('reg:1e-05', 34.15), ('reg:0.0001', 34.06), ('reg:0.001', 33.97), ('reg:0.01', 34.97)]
22-11-11 18:52:02 - INFO - root: Validation : best param found is reg = 0.01 with score             34.97
22-11-11 18:52:02 - INFO - root: Evaluating...
22-11-11 18:52:04 - INFO - root: ***** Transfer task : TREC *****


22-11-11 18:52:05 - INFO - root: Computed train embeddings
22-11-11 18:52:05 - INFO - root: Computed test embeddings
22-11-11 18:52:05 - INFO - root: Training pytorch-MLP-nhid0-rmsprop-bs128 with 5-fold cross-validation
22-11-11 18:52:23 - INFO - root: [('reg:1e-05', 64.16), ('reg:0.0001', 64.18), ('reg:0.001', 63.65), ('reg:0.01', 61.48)]
22-11-11 18:52:23 - INFO - root: Cross-validation : best param found is reg = 0.0001             with score 64.18
22-11-11 18:52:23 - INFO - root: Evaluating...
22-11-11 18:52:25 - INFO - root: ***** Transfer task : MRPC *****


22-11-11 18:52:25 - INFO - root: Computing embedding for train
22-11-11 18:52:28 - INFO - root: Computed train embeddings
22-11-11 18:52:28 - INFO - root: Computing embedding for test
22-11-11 18:52:30 - INFO - root: Computed test embeddings
22-11-11 18:52:30 - INFO - root: Training pytorch-MLP-nhid0-rmsprop-bs128 with 5-fold cross-validation
22-11-11 18:52:42 - INFO - root: [('reg:1e-05', 70.61), ('reg:0.0001', 70.51), ('reg:0.001', 70.36), ('reg:0.01', 70.95)]
22-11-11 18:52:42 - INFO - root: Cross-validation : best param found is reg = 0.01             with score 70.95
22-11-11 18:52:42 - INFO - root: Evaluating...
