22-11-11 23:39:29 - INFO - __main__: Laser model is loaded.
22-11-11 23:39:29 - INFO - __main__: Num of Laser features: 1024
22-11-11 23:39:30 - INFO - root: Generating sentence embeddings
22-11-11 23:39:34 - INFO - root: Generated sentence embeddings
22-11-11 23:39:34 - INFO - root: Training pytorch-MLP-nhid0-rmsprop-bs128 with (inner) 5-fold cross-validation
22-11-11 23:40:05 - INFO - root: Best param found at split 1: l2reg = 1e-05                 with score 63.34
22-11-11 23:40:40 - INFO - root: Best param found at split 2: l2reg = 0.0001                 with score 65.41
22-11-11 23:41:05 - INFO - root: Best param found at split 3: l2reg = 0.001                 with score 62.87
22-11-11 23:41:40 - INFO - root: Best param found at split 4: l2reg = 0.0001                 with score 65.43
22-11-11 23:42:06 - INFO - root: Best param found at split 5: l2reg = 1e-05                 with score 63.48
22-11-11 23:42:07 - INFO - root: Generating sentence embeddings
22-11-11 23:42:09 - INFO - root: Generated sentence embeddings
22-11-11 23:42:09 - INFO - root: Training pytorch-MLP-nhid0-rmsprop-bs128 with (inner) 5-fold cross-validation
22-11-11 23:42:19 - INFO - root: Best param found at split 1: l2reg = 1e-05                 with score 73.94
22-11-11 23:42:31 - INFO - root: Best param found at split 2: l2reg = 1e-05                 with score 74.44
22-11-11 23:42:43 - INFO - root: Best param found at split 3: l2reg = 0.001                 with score 74.83
22-11-11 23:42:54 - INFO - root: Best param found at split 4: l2reg = 0.001                 with score 74.27
22-11-11 23:43:05 - INFO - root: Best param found at split 5: l2reg = 0.0001                 with score 74.4
22-11-11 23:43:05 - INFO - root: Generating sentence embeddings
22-11-11 23:43:09 - INFO - root: Generated sentence embeddings
22-11-11 23:43:09 - INFO - root: Training pytorch-MLP-nhid0-rmsprop-bs128 with (inner) 5-fold cross-validation
22-11-11 23:43:34 - INFO - root: Best param found at split 1: l2reg = 1e-05                 with score 85.79
22-11-11 23:44:05 - INFO - root: Best param found at split 2: l2reg = 0.0001                 with score 86.49
22-11-11 23:44:34 - INFO - root: Best param found at split 3: l2reg = 1e-05                 with score 86.08
22-11-11 23:45:03 - INFO - root: Best param found at split 4: l2reg = 0.001                 with score 86.26
22-11-11 23:45:34 - INFO - root: Best param found at split 5: l2reg = 0.001                 with score 85.82
22-11-11 23:45:35 - INFO - root: Generating sentence embeddings
22-11-11 23:45:37 - INFO - root: Generated sentence embeddings
22-11-11 23:45:37 - INFO - root: Training pytorch-MLP-nhid0-rmsprop-bs128 with (inner) 5-fold cross-validation
22-11-11 23:46:08 - INFO - root: Best param found at split 1: l2reg = 0.001                 with score 85.0
22-11-11 23:46:37 - INFO - root: Best param found at split 2: l2reg = 0.0001                 with score 84.66
22-11-11 23:47:07 - INFO - root: Best param found at split 3: l2reg = 0.0001                 with score 84.88
22-11-11 23:47:36 - INFO - root: Best param found at split 4: l2reg = 0.0001                 with score 84.55
22-11-11 23:48:04 - INFO - root: Best param found at split 5: l2reg = 0.001                 with score 84.35
22-11-11 23:48:06 - INFO - root: Computing embedding for train
22-11-11 23:48:09 - INFO - root: Computed train embeddings
22-11-11 23:48:09 - INFO - root: Computing embedding for dev
22-11-11 23:48:10 - INFO - root: Computed dev embeddings
22-11-11 23:48:10 - INFO - root: Computing embedding for test
22-11-11 23:48:10 - INFO - root: Computed test embeddings
22-11-11 23:48:10 - INFO - root: Training pytorch-MLP-nhid0-rmsprop-bs128 with standard validation..
22-11-11 23:48:17 - INFO - root: [('reg:1e-05', 33.61), ('reg:0.0001', 35.42), ('reg:0.001', 32.97), ('reg:0.01', 34.6)]
22-11-11 23:48:17 - INFO - root: Validation : best param found is reg = 0.0001 with score             35.42
22-11-11 23:48:17 - INFO - root: Evaluating...
22-11-11 23:48:18 - INFO - root: ***** Transfer task : TREC *****


22-11-11 23:48:20 - INFO - root: Computed train embeddings
22-11-11 23:48:20 - INFO - root: Computed test embeddings
22-11-11 23:48:20 - INFO - root: Training pytorch-MLP-nhid0-rmsprop-bs128 with 5-fold cross-validation
22-11-11 23:48:40 - INFO - root: [('reg:1e-05', 69.33), ('reg:0.0001', 69.44), ('reg:0.001', 68.21), ('reg:0.01', 63.13)]
22-11-11 23:48:40 - INFO - root: Cross-validation : best param found is reg = 0.0001             with score 69.44
22-11-11 23:48:40 - INFO - root: Evaluating...
22-11-11 23:48:41 - INFO - root: ***** Transfer task : MRPC *****


22-11-11 23:48:41 - INFO - root: Computing embedding for train
22-11-11 23:48:45 - INFO - root: Computed train embeddings
22-11-11 23:48:45 - INFO - root: Computing embedding for test
22-11-11 23:48:46 - INFO - root: Computed test embeddings
22-11-11 23:48:46 - INFO - root: Training pytorch-MLP-nhid0-rmsprop-bs128 with 5-fold cross-validation
22-11-11 23:49:01 - INFO - root: [('reg:1e-05', 72.55), ('reg:0.0001', 72.11), ('reg:0.001', 72.11), ('reg:0.01', 70.88)]
22-11-11 23:49:01 - INFO - root: Cross-validation : best param found is reg = 1e-05             with score 72.55
22-11-11 23:49:01 - INFO - root: Evaluating...
