22-11-12 17:33:58 - INFO - __main__: Laser model is loaded.
22-11-12 17:33:58 - INFO - __main__: Num of Laser features: 1024
22-11-12 17:33:59 - INFO - root: Generating sentence embeddings
22-11-12 17:34:03 - INFO - root: Generated sentence embeddings
22-11-12 17:34:03 - INFO - root: Training pytorch-MLP-nhid0-rmsprop-bs128 with (inner) 5-fold cross-validation
22-11-12 17:34:28 - INFO - root: Best param found at split 1: l2reg = 0.01                 with score 65.74
22-11-12 17:35:05 - INFO - root: Best param found at split 2: l2reg = 0.0001                 with score 67.8
22-11-12 17:35:34 - INFO - root: Best param found at split 3: l2reg = 0.01                 with score 67.51
22-11-12 17:36:01 - INFO - root: Best param found at split 4: l2reg = 0.0001                 with score 66.59
22-11-12 17:36:32 - INFO - root: Best param found at split 5: l2reg = 0.0001                 with score 66.93
22-11-12 17:36:34 - INFO - root: Generating sentence embeddings
22-11-12 17:36:35 - INFO - root: Generated sentence embeddings
22-11-12 17:36:35 - INFO - root: Training pytorch-MLP-nhid0-rmsprop-bs128 with (inner) 5-fold cross-validation
22-11-12 17:36:46 - INFO - root: Best param found at split 1: l2reg = 0.001                 with score 75.17
22-11-12 17:36:58 - INFO - root: Best param found at split 2: l2reg = 0.0001                 with score 77.05
22-11-12 17:37:09 - INFO - root: Best param found at split 3: l2reg = 0.0001                 with score 77.19
22-11-12 17:37:20 - INFO - root: Best param found at split 4: l2reg = 1e-05                 with score 74.74
22-11-12 17:37:32 - INFO - root: Best param found at split 5: l2reg = 0.0001                 with score 77.55
22-11-12 17:37:32 - INFO - root: Generating sentence embeddings
22-11-12 17:37:36 - INFO - root: Generated sentence embeddings
22-11-12 17:37:36 - INFO - root: Training pytorch-MLP-nhid0-rmsprop-bs128 with (inner) 5-fold cross-validation
22-11-12 17:38:03 - INFO - root: Best param found at split 1: l2reg = 1e-05                 with score 88.45
22-11-12 17:38:33 - INFO - root: Best param found at split 2: l2reg = 0.01                 with score 88.22
22-11-12 17:39:01 - INFO - root: Best param found at split 3: l2reg = 1e-05                 with score 88.23
22-11-12 17:39:31 - INFO - root: Best param found at split 4: l2reg = 0.001                 with score 88.59
22-11-12 17:40:01 - INFO - root: Best param found at split 5: l2reg = 0.001                 with score 88.2
22-11-12 17:40:03 - INFO - root: Generating sentence embeddings
22-11-12 17:40:05 - INFO - root: Generated sentence embeddings
22-11-12 17:40:05 - INFO - root: Training pytorch-MLP-nhid0-rmsprop-bs128 with (inner) 5-fold cross-validation
22-11-12 17:40:35 - INFO - root: Best param found at split 1: l2reg = 0.01                 with score 87.66
22-11-12 17:41:05 - INFO - root: Best param found at split 2: l2reg = 0.0001                 with score 86.45
22-11-12 17:41:37 - INFO - root: Best param found at split 3: l2reg = 0.01                 with score 87.04
22-11-12 17:42:07 - INFO - root: Best param found at split 4: l2reg = 0.0001                 with score 86.49
22-11-12 17:42:32 - INFO - root: Best param found at split 5: l2reg = 1e-05                 with score 85.16
22-11-12 17:42:34 - INFO - root: Computing embedding for train
22-11-12 17:42:37 - INFO - root: Computed train embeddings
22-11-12 17:42:37 - INFO - root: Computing embedding for dev
22-11-12 17:42:37 - INFO - root: Computed dev embeddings
22-11-12 17:42:37 - INFO - root: Computing embedding for test
22-11-12 17:42:38 - INFO - root: Computed test embeddings
22-11-12 17:42:38 - INFO - root: Training pytorch-MLP-nhid0-rmsprop-bs128 with standard validation..
22-11-12 17:42:45 - INFO - root: [('reg:1e-05', 35.33), ('reg:0.0001', 32.33), ('reg:0.001', 36.51), ('reg:0.01', 36.51)]
22-11-12 17:42:45 - INFO - root: Validation : best param found is reg = 0.001 with score             36.51
22-11-12 17:42:45 - INFO - root: Evaluating...
22-11-12 17:42:46 - INFO - root: ***** Transfer task : TREC *****


22-11-12 17:42:48 - INFO - root: Computed train embeddings
22-11-12 17:42:48 - INFO - root: Computed test embeddings
22-11-12 17:42:48 - INFO - root: Training pytorch-MLP-nhid0-rmsprop-bs128 with 5-fold cross-validation
22-11-12 17:43:06 - INFO - root: [('reg:1e-05', 71.31), ('reg:0.0001', 74.61), ('reg:0.001', 71.51), ('reg:0.01', 67.39)]
22-11-12 17:43:06 - INFO - root: Cross-validation : best param found is reg = 0.0001             with score 74.61
22-11-12 17:43:06 - INFO - root: Evaluating...
22-11-12 17:43:07 - INFO - root: ***** Transfer task : MRPC *****


22-11-12 17:43:07 - INFO - root: Computing embedding for train
22-11-12 17:43:11 - INFO - root: Computed train embeddings
22-11-12 17:43:11 - INFO - root: Computing embedding for test
22-11-12 17:43:12 - INFO - root: Computed test embeddings
22-11-12 17:43:13 - INFO - root: Training pytorch-MLP-nhid0-rmsprop-bs128 with 5-fold cross-validation
22-11-12 17:43:25 - INFO - root: [('reg:1e-05', 73.06), ('reg:0.0001', 72.74), ('reg:0.001', 72.91), ('reg:0.01', 72.42)]
22-11-12 17:43:25 - INFO - root: Cross-validation : best param found is reg = 1e-05             with score 73.06
22-11-12 17:43:25 - INFO - root: Evaluating...
