22-11-11 17:52:48 - INFO - __main__: Laser model is loaded.
22-11-11 17:52:49 - INFO - __main__: Num of Laser features: 1024
22-11-11 17:52:50 - INFO - root: Generating sentence embeddings
22-11-11 17:52:54 - INFO - root: Generated sentence embeddings
22-11-11 17:52:54 - INFO - root: Training pytorch-MLP-nhid0-rmsprop-bs128 with (inner) 5-fold cross-validation
22-11-11 17:53:20 - INFO - root: Best param found at split 1: l2reg = 0.001                 with score 63.76
22-11-11 17:53:52 - INFO - root: Best param found at split 2: l2reg = 0.001                 with score 64.38
22-11-11 17:54:21 - INFO - root: Best param found at split 3: l2reg = 0.0001                 with score 63.76
22-11-11 17:54:55 - INFO - root: Best param found at split 4: l2reg = 0.001                 with score 63.52
22-11-11 17:55:23 - INFO - root: Best param found at split 5: l2reg = 0.001                 with score 63.89
22-11-11 17:55:24 - INFO - root: Generating sentence embeddings
22-11-11 17:55:26 - INFO - root: Generated sentence embeddings
22-11-11 17:55:26 - INFO - root: Training pytorch-MLP-nhid0-rmsprop-bs128 with (inner) 5-fold cross-validation
22-11-11 17:55:36 - INFO - root: Best param found at split 1: l2reg = 1e-05                 with score 71.52
22-11-11 17:55:48 - INFO - root: Best param found at split 2: l2reg = 0.01                 with score 71.36
22-11-11 17:56:00 - INFO - root: Best param found at split 3: l2reg = 0.01                 with score 70.99
22-11-11 17:56:11 - INFO - root: Best param found at split 4: l2reg = 0.0001                 with score 71.32
22-11-11 17:56:23 - INFO - root: Best param found at split 5: l2reg = 1e-05                 with score 70.56
22-11-11 17:56:23 - INFO - root: Generating sentence embeddings
22-11-11 17:56:28 - INFO - root: Generated sentence embeddings
22-11-11 17:56:28 - INFO - root: Training pytorch-MLP-nhid0-rmsprop-bs128 with (inner) 5-fold cross-validation
22-11-11 17:56:56 - INFO - root: Best param found at split 1: l2reg = 1e-05                 with score 83.17
22-11-11 17:57:27 - INFO - root: Best param found at split 2: l2reg = 0.01                 with score 83.05
22-11-11 17:57:56 - INFO - root: Best param found at split 3: l2reg = 1e-05                 with score 82.59
22-11-11 17:58:23 - INFO - root: Best param found at split 4: l2reg = 0.001                 with score 82.38
22-11-11 17:58:55 - INFO - root: Best param found at split 5: l2reg = 0.01                 with score 82.69
22-11-11 17:58:57 - INFO - root: Generating sentence embeddings
22-11-11 17:58:59 - INFO - root: Generated sentence embeddings
22-11-11 17:58:59 - INFO - root: Training pytorch-MLP-nhid0-rmsprop-bs128 with (inner) 5-fold cross-validation
22-11-11 17:59:29 - INFO - root: Best param found at split 1: l2reg = 0.01                 with score 82.98
22-11-11 17:59:58 - INFO - root: Best param found at split 2: l2reg = 0.01                 with score 82.27
22-11-11 18:00:28 - INFO - root: Best param found at split 3: l2reg = 0.001                 with score 81.89
22-11-11 18:00:59 - INFO - root: Best param found at split 4: l2reg = 0.01                 with score 82.11
22-11-11 18:01:31 - INFO - root: Best param found at split 5: l2reg = 0.0001                 with score 81.69
22-11-11 18:01:33 - INFO - root: Computing embedding for train
22-11-11 18:01:36 - INFO - root: Computed train embeddings
22-11-11 18:01:36 - INFO - root: Computing embedding for dev
22-11-11 18:01:36 - INFO - root: Computed dev embeddings
22-11-11 18:01:36 - INFO - root: Computing embedding for test
22-11-11 18:01:37 - INFO - root: Computed test embeddings
22-11-11 18:01:37 - INFO - root: Training pytorch-MLP-nhid0-rmsprop-bs128 with standard validation..
22-11-11 18:01:43 - INFO - root: [('reg:1e-05', 35.79), ('reg:0.0001', 35.79), ('reg:0.001', 36.15), ('reg:0.01', 36.06)]
22-11-11 18:01:43 - INFO - root: Validation : best param found is reg = 0.001 with score             36.15
22-11-11 18:01:43 - INFO - root: Evaluating...
22-11-11 18:01:45 - INFO - root: ***** Transfer task : TREC *****


22-11-11 18:01:46 - INFO - root: Computed train embeddings
22-11-11 18:01:46 - INFO - root: Computed test embeddings
22-11-11 18:01:46 - INFO - root: Training pytorch-MLP-nhid0-rmsprop-bs128 with 5-fold cross-validation
22-11-11 18:02:04 - INFO - root: [('reg:1e-05', 64.49), ('reg:0.0001', 64.4), ('reg:0.001', 63.99), ('reg:0.01', 61.83)]
22-11-11 18:02:04 - INFO - root: Cross-validation : best param found is reg = 1e-05             with score 64.49
22-11-11 18:02:04 - INFO - root: Evaluating...
22-11-11 18:02:05 - INFO - root: ***** Transfer task : MRPC *****


22-11-11 18:02:05 - INFO - root: Computing embedding for train
22-11-11 18:02:08 - INFO - root: Computed train embeddings
22-11-11 18:02:08 - INFO - root: Computing embedding for test
22-11-11 18:02:09 - INFO - root: Computed test embeddings
22-11-11 18:02:09 - INFO - root: Training pytorch-MLP-nhid0-rmsprop-bs128 with 5-fold cross-validation
22-11-11 18:02:22 - INFO - root: [('reg:1e-05', 72.28), ('reg:0.0001', 72.25), ('reg:0.001', 72.15), ('reg:0.01', 72.79)]
22-11-11 18:02:22 - INFO - root: Cross-validation : best param found is reg = 0.01             with score 72.79
22-11-11 18:02:22 - INFO - root: Evaluating...
