22-11-12 04:11:56 - INFO - __main__: Laser model is loaded.
22-11-12 04:11:56 - INFO - __main__: Num of Laser features: 1024
22-11-12 04:11:57 - INFO - root: Generating sentence embeddings
22-11-12 04:12:01 - INFO - root: Generated sentence embeddings
22-11-12 04:12:01 - INFO - root: Training pytorch-MLP-nhid0-rmsprop-bs128 with (inner) 5-fold cross-validation
22-11-12 04:12:29 - INFO - root: Best param found at split 1: l2reg = 0.01                 with score 66.02
22-11-12 04:12:58 - INFO - root: Best param found at split 2: l2reg = 1e-05                 with score 64.08
22-11-12 04:13:29 - INFO - root: Best param found at split 3: l2reg = 1e-05                 with score 66.08
22-11-12 04:14:02 - INFO - root: Best param found at split 4: l2reg = 1e-05                 with score 64.44
22-11-12 04:14:32 - INFO - root: Best param found at split 5: l2reg = 0.001                 with score 63.56
22-11-12 04:14:34 - INFO - root: Generating sentence embeddings
22-11-12 04:14:35 - INFO - root: Generated sentence embeddings
22-11-12 04:14:35 - INFO - root: Training pytorch-MLP-nhid0-rmsprop-bs128 with (inner) 5-fold cross-validation
22-11-12 04:14:45 - INFO - root: Best param found at split 1: l2reg = 1e-05                 with score 74.9
22-11-12 04:14:56 - INFO - root: Best param found at split 2: l2reg = 1e-05                 with score 73.54
22-11-12 04:15:08 - INFO - root: Best param found at split 3: l2reg = 0.0001                 with score 75.03
22-11-12 04:15:19 - INFO - root: Best param found at split 4: l2reg = 1e-05                 with score 74.21
22-11-12 04:15:31 - INFO - root: Best param found at split 5: l2reg = 0.01                 with score 75.66
22-11-12 04:15:31 - INFO - root: Generating sentence embeddings
22-11-12 04:15:35 - INFO - root: Generated sentence embeddings
22-11-12 04:15:35 - INFO - root: Training pytorch-MLP-nhid0-rmsprop-bs128 with (inner) 5-fold cross-validation
22-11-12 04:16:00 - INFO - root: Best param found at split 1: l2reg = 0.0001                 with score 86.45
22-11-12 04:16:30 - INFO - root: Best param found at split 2: l2reg = 1e-05                 with score 86.58
22-11-12 04:16:57 - INFO - root: Best param found at split 3: l2reg = 1e-05                 with score 86.2
22-11-12 04:17:27 - INFO - root: Best param found at split 4: l2reg = 0.01                 with score 85.89
22-11-12 04:17:57 - INFO - root: Best param found at split 5: l2reg = 1e-05                 with score 86.28
22-11-12 04:17:59 - INFO - root: Generating sentence embeddings
22-11-12 04:18:00 - INFO - root: Generated sentence embeddings
22-11-12 04:18:00 - INFO - root: Training pytorch-MLP-nhid0-rmsprop-bs128 with (inner) 5-fold cross-validation
22-11-12 04:18:30 - INFO - root: Best param found at split 1: l2reg = 0.0001                 with score 85.66
22-11-12 04:18:59 - INFO - root: Best param found at split 2: l2reg = 0.0001                 with score 85.09
22-11-12 04:19:29 - INFO - root: Best param found at split 3: l2reg = 0.01                 with score 86.23
22-11-12 04:19:58 - INFO - root: Best param found at split 4: l2reg = 0.001                 with score 85.17
22-11-12 04:20:31 - INFO - root: Best param found at split 5: l2reg = 0.0001                 with score 85.37
22-11-12 04:20:33 - INFO - root: Computing embedding for train
22-11-12 04:20:36 - INFO - root: Computed train embeddings
22-11-12 04:20:36 - INFO - root: Computing embedding for dev
22-11-12 04:20:37 - INFO - root: Computed dev embeddings
22-11-12 04:20:37 - INFO - root: Computing embedding for test
22-11-12 04:20:37 - INFO - root: Computed test embeddings
22-11-12 04:20:37 - INFO - root: Training pytorch-MLP-nhid0-rmsprop-bs128 with standard validation..
22-11-12 04:20:44 - INFO - root: [('reg:1e-05', 32.52), ('reg:0.0001', 35.97), ('reg:0.001', 35.24), ('reg:0.01', 36.6)]
22-11-12 04:20:44 - INFO - root: Validation : best param found is reg = 0.01 with score             36.6
22-11-12 04:20:44 - INFO - root: Evaluating...
22-11-12 04:20:45 - INFO - root: ***** Transfer task : TREC *****


22-11-12 04:20:47 - INFO - root: Computed train embeddings
22-11-12 04:20:47 - INFO - root: Computed test embeddings
22-11-12 04:20:47 - INFO - root: Training pytorch-MLP-nhid0-rmsprop-bs128 with 5-fold cross-validation
22-11-12 04:21:06 - INFO - root: [('reg:1e-05', 70.32), ('reg:0.0001', 71.39), ('reg:0.001', 70.47), ('reg:0.01', 69.79)]
22-11-12 04:21:06 - INFO - root: Cross-validation : best param found is reg = 0.0001             with score 71.39
22-11-12 04:21:06 - INFO - root: Evaluating...
22-11-12 04:21:07 - INFO - root: ***** Transfer task : MRPC *****


22-11-12 04:21:07 - INFO - root: Computing embedding for train
22-11-12 04:21:10 - INFO - root: Computed train embeddings
22-11-12 04:21:10 - INFO - root: Computing embedding for test
22-11-12 04:21:12 - INFO - root: Computed test embeddings
22-11-12 04:21:12 - INFO - root: Training pytorch-MLP-nhid0-rmsprop-bs128 with 5-fold cross-validation
22-11-12 04:21:25 - INFO - root: [('reg:1e-05', 72.37), ('reg:0.0001', 72.94), ('reg:0.001', 72.13), ('reg:0.01', 72.84)]
22-11-12 04:21:25 - INFO - root: Cross-validation : best param found is reg = 0.0001             with score 72.94
22-11-12 04:21:25 - INFO - root: Evaluating...
