22-11-12 14:11:18 - INFO - __main__: Laser model is loaded.
22-11-12 14:11:18 - INFO - __main__: Num of Laser features: 1024
22-11-12 14:11:19 - INFO - root: Generating sentence embeddings
22-11-12 14:11:23 - INFO - root: Generated sentence embeddings
22-11-12 14:11:23 - INFO - root: Training pytorch-MLP-nhid0-rmsprop-bs128 with (inner) 5-fold cross-validation
22-11-12 14:11:54 - INFO - root: Best param found at split 1: l2reg = 0.01                 with score 66.89
22-11-12 14:12:24 - INFO - root: Best param found at split 2: l2reg = 0.01                 with score 64.65
22-11-12 14:12:55 - INFO - root: Best param found at split 3: l2reg = 0.0001                 with score 66.48
22-11-12 14:13:30 - INFO - root: Best param found at split 4: l2reg = 0.0001                 with score 67.8
22-11-12 14:14:08 - INFO - root: Best param found at split 5: l2reg = 1e-05                 with score 66.75
22-11-12 14:14:10 - INFO - root: Generating sentence embeddings
22-11-12 14:14:11 - INFO - root: Generated sentence embeddings
22-11-12 14:14:11 - INFO - root: Training pytorch-MLP-nhid0-rmsprop-bs128 with (inner) 5-fold cross-validation
22-11-12 14:14:22 - INFO - root: Best param found at split 1: l2reg = 0.0001                 with score 76.95
22-11-12 14:14:34 - INFO - root: Best param found at split 2: l2reg = 0.001                 with score 76.16
22-11-12 14:14:45 - INFO - root: Best param found at split 3: l2reg = 0.01                 with score 77.48
22-11-12 14:14:55 - INFO - root: Best param found at split 4: l2reg = 0.01                 with score 75.6
22-11-12 14:15:07 - INFO - root: Best param found at split 5: l2reg = 0.0001                 with score 75.79
22-11-12 14:15:08 - INFO - root: Generating sentence embeddings
22-11-12 14:15:12 - INFO - root: Generated sentence embeddings
22-11-12 14:15:12 - INFO - root: Training pytorch-MLP-nhid0-rmsprop-bs128 with (inner) 5-fold cross-validation
22-11-12 14:15:38 - INFO - root: Best param found at split 1: l2reg = 0.01                 with score 88.58
22-11-12 14:16:06 - INFO - root: Best param found at split 2: l2reg = 0.001                 with score 88.26
22-11-12 14:16:29 - INFO - root: Best param found at split 3: l2reg = 0.001                 with score 88.51
22-11-12 14:16:58 - INFO - root: Best param found at split 4: l2reg = 0.01                 with score 88.48
22-11-12 14:17:29 - INFO - root: Best param found at split 5: l2reg = 0.001                 with score 88.42
22-11-12 14:17:30 - INFO - root: Generating sentence embeddings
22-11-12 14:17:32 - INFO - root: Generated sentence embeddings
22-11-12 14:17:32 - INFO - root: Training pytorch-MLP-nhid0-rmsprop-bs128 with (inner) 5-fold cross-validation
22-11-12 14:18:00 - INFO - root: Best param found at split 1: l2reg = 0.01                 with score 86.94
22-11-12 14:18:30 - INFO - root: Best param found at split 2: l2reg = 0.001                 with score 86.34
22-11-12 14:19:02 - INFO - root: Best param found at split 3: l2reg = 0.01                 with score 87.27
22-11-12 14:19:31 - INFO - root: Best param found at split 4: l2reg = 0.001                 with score 87.05
22-11-12 14:20:02 - INFO - root: Best param found at split 5: l2reg = 0.01                 with score 86.61
22-11-12 14:20:03 - INFO - root: Computing embedding for train
22-11-12 14:20:06 - INFO - root: Computed train embeddings
22-11-12 14:20:06 - INFO - root: Computing embedding for dev
22-11-12 14:20:07 - INFO - root: Computed dev embeddings
22-11-12 14:20:07 - INFO - root: Computing embedding for test
22-11-12 14:20:07 - INFO - root: Computed test embeddings
22-11-12 14:20:07 - INFO - root: Training pytorch-MLP-nhid0-rmsprop-bs128 with standard validation..
22-11-12 14:20:15 - INFO - root: [('reg:1e-05', 35.97), ('reg:0.0001', 35.97), ('reg:0.001', 31.15), ('reg:0.01', 33.97)]
22-11-12 14:20:15 - INFO - root: Validation : best param found is reg = 1e-05 with score             35.97
22-11-12 14:20:15 - INFO - root: Evaluating...
22-11-12 14:20:17 - INFO - root: ***** Transfer task : TREC *****


22-11-12 14:20:18 - INFO - root: Computed train embeddings
22-11-12 14:20:18 - INFO - root: Computed test embeddings
22-11-12 14:20:18 - INFO - root: Training pytorch-MLP-nhid0-rmsprop-bs128 with 5-fold cross-validation
22-11-12 14:20:38 - INFO - root: [('reg:1e-05', 72.71), ('reg:0.0001', 77.48), ('reg:0.001', 73.07), ('reg:0.01', 68.07)]
22-11-12 14:20:38 - INFO - root: Cross-validation : best param found is reg = 0.0001             with score 77.48
22-11-12 14:20:38 - INFO - root: Evaluating...
22-11-12 14:20:39 - INFO - root: ***** Transfer task : MRPC *****


22-11-12 14:20:39 - INFO - root: Computing embedding for train
22-11-12 14:20:43 - INFO - root: Computed train embeddings
22-11-12 14:20:43 - INFO - root: Computing embedding for test
22-11-12 14:20:44 - INFO - root: Computed test embeddings
22-11-12 14:20:44 - INFO - root: Training pytorch-MLP-nhid0-rmsprop-bs128 with 5-fold cross-validation
22-11-12 14:20:57 - INFO - root: [('reg:1e-05', 72.87), ('reg:0.0001', 73.11), ('reg:0.001', 73.09), ('reg:0.01', 73.23)]
22-11-12 14:20:57 - INFO - root: Cross-validation : best param found is reg = 0.01             with score 73.23
22-11-12 14:20:57 - INFO - root: Evaluating...
