22-11-11 19:35:08 - INFO - __main__: Laser model is loaded.
22-11-11 19:35:08 - INFO - __main__: Num of Laser features: 1024
22-11-11 19:35:09 - INFO - root: Generating sentence embeddings
22-11-11 19:35:13 - INFO - root: Generated sentence embeddings
22-11-11 19:35:13 - INFO - root: Training pytorch-MLP-nhid0-rmsprop-bs128 with (inner) 5-fold cross-validation
22-11-11 19:35:41 - INFO - root: Best param found at split 1: l2reg = 0.001                 with score 65.59
22-11-11 19:36:12 - INFO - root: Best param found at split 2: l2reg = 0.001                 with score 63.54
22-11-11 19:36:46 - INFO - root: Best param found at split 3: l2reg = 1e-05                 with score 65.84
22-11-11 19:37:17 - INFO - root: Best param found at split 4: l2reg = 0.001                 with score 66.19
22-11-11 19:37:49 - INFO - root: Best param found at split 5: l2reg = 0.001                 with score 64.82
22-11-11 19:37:50 - INFO - root: Generating sentence embeddings
22-11-11 19:37:52 - INFO - root: Generated sentence embeddings
22-11-11 19:37:52 - INFO - root: Training pytorch-MLP-nhid0-rmsprop-bs128 with (inner) 5-fold cross-validation
22-11-11 19:38:03 - INFO - root: Best param found at split 1: l2reg = 0.001                 with score 74.27
22-11-11 19:38:15 - INFO - root: Best param found at split 2: l2reg = 0.0001                 with score 72.91
22-11-11 19:38:26 - INFO - root: Best param found at split 3: l2reg = 1e-05                 with score 74.67
22-11-11 19:38:38 - INFO - root: Best param found at split 4: l2reg = 0.001                 with score 73.38
22-11-11 19:38:50 - INFO - root: Best param found at split 5: l2reg = 1e-05                 with score 73.68
22-11-11 19:38:51 - INFO - root: Generating sentence embeddings
22-11-11 19:38:55 - INFO - root: Generated sentence embeddings
22-11-11 19:38:55 - INFO - root: Training pytorch-MLP-nhid0-rmsprop-bs128 with (inner) 5-fold cross-validation
22-11-11 19:39:22 - INFO - root: Best param found at split 1: l2reg = 0.001                 with score 83.4
22-11-11 19:39:50 - INFO - root: Best param found at split 2: l2reg = 0.01                 with score 83.54
22-11-11 19:40:19 - INFO - root: Best param found at split 3: l2reg = 0.001                 with score 83.71
22-11-11 19:40:46 - INFO - root: Best param found at split 4: l2reg = 0.001                 with score 83.38
22-11-11 19:41:15 - INFO - root: Best param found at split 5: l2reg = 0.01                 with score 83.2
22-11-11 19:41:16 - INFO - root: Generating sentence embeddings
22-11-11 19:41:18 - INFO - root: Generated sentence embeddings
22-11-11 19:41:18 - INFO - root: Training pytorch-MLP-nhid0-rmsprop-bs128 with (inner) 5-fold cross-validation
22-11-11 19:41:44 - INFO - root: Best param found at split 1: l2reg = 1e-05                 with score 82.32
22-11-11 19:42:14 - INFO - root: Best param found at split 2: l2reg = 1e-05                 with score 83.44
22-11-11 19:42:45 - INFO - root: Best param found at split 3: l2reg = 1e-05                 with score 84.42
22-11-11 19:43:13 - INFO - root: Best param found at split 4: l2reg = 0.001                 with score 84.09
22-11-11 19:43:42 - INFO - root: Best param found at split 5: l2reg = 1e-05                 with score 83.36
22-11-11 19:43:44 - INFO - root: Computing embedding for train
22-11-11 19:43:47 - INFO - root: Computed train embeddings
22-11-11 19:43:47 - INFO - root: Computing embedding for dev
22-11-11 19:43:47 - INFO - root: Computed dev embeddings
22-11-11 19:43:47 - INFO - root: Computing embedding for test
22-11-11 19:43:48 - INFO - root: Computed test embeddings
22-11-11 19:43:48 - INFO - root: Training pytorch-MLP-nhid0-rmsprop-bs128 with standard validation..
22-11-11 19:43:55 - INFO - root: [('reg:1e-05', 34.06), ('reg:0.0001', 34.6), ('reg:0.001', 33.15), ('reg:0.01', 33.06)]
22-11-11 19:43:55 - INFO - root: Validation : best param found is reg = 0.0001 with score             34.6
22-11-11 19:43:55 - INFO - root: Evaluating...
22-11-11 19:43:57 - INFO - root: ***** Transfer task : TREC *****


22-11-11 19:43:58 - INFO - root: Computed train embeddings
22-11-11 19:43:58 - INFO - root: Computed test embeddings
22-11-11 19:43:58 - INFO - root: Training pytorch-MLP-nhid0-rmsprop-bs128 with 5-fold cross-validation
22-11-11 19:44:17 - INFO - root: [('reg:1e-05', 66.86), ('reg:0.0001', 67.35), ('reg:0.001', 67.35), ('reg:0.01', 62.93)]
22-11-11 19:44:17 - INFO - root: Cross-validation : best param found is reg = 0.0001             with score 67.35
22-11-11 19:44:17 - INFO - root: Evaluating...
22-11-11 19:44:18 - INFO - root: ***** Transfer task : MRPC *****


22-11-11 19:44:18 - INFO - root: Computing embedding for train
22-11-11 19:44:22 - INFO - root: Computed train embeddings
22-11-11 19:44:22 - INFO - root: Computing embedding for test
22-11-11 19:44:23 - INFO - root: Computed test embeddings
22-11-11 19:44:23 - INFO - root: Training pytorch-MLP-nhid0-rmsprop-bs128 with 5-fold cross-validation
22-11-11 19:44:37 - INFO - root: [('reg:1e-05', 72.57), ('reg:0.0001', 72.35), ('reg:0.001', 72.42), ('reg:0.01', 72.18)]
22-11-11 19:44:37 - INFO - root: Cross-validation : best param found is reg = 1e-05             with score 72.57
22-11-11 19:44:37 - INFO - root: Evaluating...
