22-11-11 20:06:31 - INFO - __main__: Laser model is loaded.
22-11-11 20:06:31 - INFO - __main__: Num of Laser features: 1024
22-11-11 20:06:32 - INFO - root: Generating sentence embeddings
22-11-11 20:06:36 - INFO - root: Generated sentence embeddings
22-11-11 20:06:36 - INFO - root: Training pytorch-MLP-nhid0-rmsprop-bs128 with (inner) 5-fold cross-validation
22-11-11 20:07:03 - INFO - root: Best param found at split 1: l2reg = 1e-05                 with score 64.33
22-11-11 20:07:39 - INFO - root: Best param found at split 2: l2reg = 0.001                 with score 64.98
22-11-11 20:08:08 - INFO - root: Best param found at split 3: l2reg = 0.001                 with score 63.99
22-11-11 20:08:40 - INFO - root: Best param found at split 4: l2reg = 0.001                 with score 64.06
22-11-11 20:09:07 - INFO - root: Best param found at split 5: l2reg = 1e-05                 with score 63.56
22-11-11 20:09:09 - INFO - root: Generating sentence embeddings
22-11-11 20:09:10 - INFO - root: Generated sentence embeddings
22-11-11 20:09:10 - INFO - root: Training pytorch-MLP-nhid0-rmsprop-bs128 with (inner) 5-fold cross-validation
22-11-11 20:09:21 - INFO - root: Best param found at split 1: l2reg = 0.0001                 with score 73.54
22-11-11 20:09:32 - INFO - root: Best param found at split 2: l2reg = 0.001                 with score 73.81
22-11-11 20:09:44 - INFO - root: Best param found at split 3: l2reg = 0.01                 with score 72.91
22-11-11 20:09:56 - INFO - root: Best param found at split 4: l2reg = 0.01                 with score 71.09
22-11-11 20:10:08 - INFO - root: Best param found at split 5: l2reg = 0.0001                 with score 72.35
22-11-11 20:10:08 - INFO - root: Generating sentence embeddings
22-11-11 20:10:13 - INFO - root: Generated sentence embeddings
22-11-11 20:10:13 - INFO - root: Training pytorch-MLP-nhid0-rmsprop-bs128 with (inner) 5-fold cross-validation
22-11-11 20:10:39 - INFO - root: Best param found at split 1: l2reg = 0.0001                 with score 83.26
22-11-11 20:11:06 - INFO - root: Best param found at split 2: l2reg = 1e-05                 with score 83.57
22-11-11 20:11:35 - INFO - root: Best param found at split 3: l2reg = 0.01                 with score 83.61
22-11-11 20:12:00 - INFO - root: Best param found at split 4: l2reg = 0.001                 with score 83.1
22-11-11 20:12:25 - INFO - root: Best param found at split 5: l2reg = 0.01                 with score 83.32
22-11-11 20:12:26 - INFO - root: Generating sentence embeddings
22-11-11 20:12:27 - INFO - root: Generated sentence embeddings
22-11-11 20:12:27 - INFO - root: Training pytorch-MLP-nhid0-rmsprop-bs128 with (inner) 5-fold cross-validation
22-11-11 20:12:45 - INFO - root: Best param found at split 1: l2reg = 0.01                 with score 84.55
22-11-11 20:13:06 - INFO - root: Best param found at split 2: l2reg = 0.001                 with score 83.98
22-11-11 20:13:35 - INFO - root: Best param found at split 3: l2reg = 0.01                 with score 84.35
22-11-11 20:14:06 - INFO - root: Best param found at split 4: l2reg = 0.001                 with score 81.78
22-11-11 20:14:37 - INFO - root: Best param found at split 5: l2reg = 0.0001                 with score 84.24
22-11-11 20:14:39 - INFO - root: Computing embedding for train
22-11-11 20:14:42 - INFO - root: Computed train embeddings
22-11-11 20:14:42 - INFO - root: Computing embedding for dev
22-11-11 20:14:42 - INFO - root: Computed dev embeddings
22-11-11 20:14:42 - INFO - root: Computing embedding for test
22-11-11 20:14:43 - INFO - root: Computed test embeddings
22-11-11 20:14:43 - INFO - root: Training pytorch-MLP-nhid0-rmsprop-bs128 with standard validation..
22-11-11 20:14:49 - INFO - root: [('reg:1e-05', 31.34), ('reg:0.0001', 33.24), ('reg:0.001', 31.7), ('reg:0.01', 33.79)]
22-11-11 20:14:49 - INFO - root: Validation : best param found is reg = 0.01 with score             33.79
22-11-11 20:14:49 - INFO - root: Evaluating...
22-11-11 20:14:52 - INFO - root: ***** Transfer task : TREC *****


22-11-11 20:14:53 - INFO - root: Computed train embeddings
22-11-11 20:14:53 - INFO - root: Computed test embeddings
22-11-11 20:14:53 - INFO - root: Training pytorch-MLP-nhid0-rmsprop-bs128 with 5-fold cross-validation
22-11-11 20:15:11 - INFO - root: [('reg:1e-05', 66.38), ('reg:0.0001', 66.56), ('reg:0.001', 66.14), ('reg:0.01', 63.63)]
22-11-11 20:15:11 - INFO - root: Cross-validation : best param found is reg = 0.0001             with score 66.56
22-11-11 20:15:11 - INFO - root: Evaluating...
22-11-11 20:15:12 - INFO - root: ***** Transfer task : MRPC *****


22-11-11 20:15:13 - INFO - root: Computing embedding for train
22-11-11 20:15:16 - INFO - root: Computed train embeddings
22-11-11 20:15:16 - INFO - root: Computing embedding for test
22-11-11 20:15:18 - INFO - root: Computed test embeddings
22-11-11 20:15:18 - INFO - root: Training pytorch-MLP-nhid0-rmsprop-bs128 with 5-fold cross-validation
22-11-11 20:15:26 - INFO - root: [('reg:1e-05', 71.12), ('reg:0.0001', 71.15), ('reg:0.001', 70.71), ('reg:0.01', 70.76)]
22-11-11 20:15:26 - INFO - root: Cross-validation : best param found is reg = 0.0001             with score 71.15
22-11-11 20:15:26 - INFO - root: Evaluating...
