22-11-12 19:00:56 - INFO - __main__: Laser model is loaded.
22-11-12 19:00:56 - INFO - __main__: Num of Laser features: 1024
22-11-12 19:00:58 - INFO - root: Generating sentence embeddings
22-11-12 19:01:02 - INFO - root: Generated sentence embeddings
22-11-12 19:01:02 - INFO - root: Training pytorch-MLP-nhid0-rmsprop-bs128 with (inner) 5-fold cross-validation
22-11-12 19:01:31 - INFO - root: Best param found at split 1: l2reg = 0.01                 with score 69.3
22-11-12 19:02:01 - INFO - root: Best param found at split 2: l2reg = 0.01                 with score 68.11
22-11-12 19:02:30 - INFO - root: Best param found at split 3: l2reg = 0.001                 with score 68.78
22-11-12 19:03:05 - INFO - root: Best param found at split 4: l2reg = 0.0001                 with score 68.73
22-11-12 19:03:35 - INFO - root: Best param found at split 5: l2reg = 1e-05                 with score 68.22
22-11-12 19:03:37 - INFO - root: Generating sentence embeddings
22-11-12 19:03:38 - INFO - root: Generated sentence embeddings
22-11-12 19:03:38 - INFO - root: Training pytorch-MLP-nhid0-rmsprop-bs128 with (inner) 5-fold cross-validation
22-11-12 19:03:49 - INFO - root: Best param found at split 1: l2reg = 0.001                 with score 76.46
22-11-12 19:03:59 - INFO - root: Best param found at split 2: l2reg = 0.001                 with score 78.05
22-11-12 19:04:11 - INFO - root: Best param found at split 3: l2reg = 1e-05                 with score 77.32
22-11-12 19:04:22 - INFO - root: Best param found at split 4: l2reg = 1e-05                 with score 76.66
22-11-12 19:04:33 - INFO - root: Best param found at split 5: l2reg = 1e-05                 with score 76.56
22-11-12 19:04:34 - INFO - root: Generating sentence embeddings
22-11-12 19:04:38 - INFO - root: Generated sentence embeddings
22-11-12 19:04:38 - INFO - root: Training pytorch-MLP-nhid0-rmsprop-bs128 with (inner) 5-fold cross-validation
22-11-12 19:05:06 - INFO - root: Best param found at split 1: l2reg = 0.01                 with score 89.14
22-11-12 19:05:33 - INFO - root: Best param found at split 2: l2reg = 0.001                 with score 89.21
22-11-12 19:06:02 - INFO - root: Best param found at split 3: l2reg = 0.01                 with score 89.57
22-11-12 19:06:34 - INFO - root: Best param found at split 4: l2reg = 0.001                 with score 89.71
22-11-12 19:07:03 - INFO - root: Best param found at split 5: l2reg = 0.001                 with score 88.92
22-11-12 19:07:05 - INFO - root: Generating sentence embeddings
22-11-12 19:07:07 - INFO - root: Generated sentence embeddings
22-11-12 19:07:07 - INFO - root: Training pytorch-MLP-nhid0-rmsprop-bs128 with (inner) 5-fold cross-validation
22-11-12 19:07:35 - INFO - root: Best param found at split 1: l2reg = 0.001                 with score 87.53
22-11-12 19:08:07 - INFO - root: Best param found at split 2: l2reg = 1e-05                 with score 87.51
22-11-12 19:08:40 - INFO - root: Best param found at split 3: l2reg = 0.001                 with score 87.37
22-11-12 19:09:10 - INFO - root: Best param found at split 4: l2reg = 0.01                 with score 87.3
22-11-12 19:09:39 - INFO - root: Best param found at split 5: l2reg = 0.001                 with score 87.28
22-11-12 19:09:41 - INFO - root: Computing embedding for train
22-11-12 19:09:44 - INFO - root: Computed train embeddings
22-11-12 19:09:44 - INFO - root: Computing embedding for dev
22-11-12 19:09:44 - INFO - root: Computed dev embeddings
22-11-12 19:09:44 - INFO - root: Computing embedding for test
22-11-12 19:09:45 - INFO - root: Computed test embeddings
22-11-12 19:09:45 - INFO - root: Training pytorch-MLP-nhid0-rmsprop-bs128 with standard validation..
22-11-12 19:09:53 - INFO - root: [('reg:1e-05', 37.51), ('reg:0.0001', 33.97), ('reg:0.001', 35.69), ('reg:0.01', 34.33)]
22-11-12 19:09:53 - INFO - root: Validation : best param found is reg = 1e-05 with score             37.51
22-11-12 19:09:53 - INFO - root: Evaluating...
22-11-12 19:09:54 - INFO - root: ***** Transfer task : TREC *****


22-11-12 19:09:56 - INFO - root: Computed train embeddings
22-11-12 19:09:56 - INFO - root: Computed test embeddings
22-11-12 19:09:56 - INFO - root: Training pytorch-MLP-nhid0-rmsprop-bs128 with 5-fold cross-validation
22-11-12 19:10:15 - INFO - root: [('reg:1e-05', 78.21), ('reg:0.0001', 75.93), ('reg:0.001', 78.28), ('reg:0.01', 72.23)]
22-11-12 19:10:15 - INFO - root: Cross-validation : best param found is reg = 0.001             with score 78.28
22-11-12 19:10:15 - INFO - root: Evaluating...
22-11-12 19:10:17 - INFO - root: ***** Transfer task : MRPC *****


22-11-12 19:10:17 - INFO - root: Computing embedding for train
22-11-12 19:10:20 - INFO - root: Computed train embeddings
22-11-12 19:10:20 - INFO - root: Computing embedding for test
22-11-12 19:10:22 - INFO - root: Computed test embeddings
22-11-12 19:10:22 - INFO - root: Training pytorch-MLP-nhid0-rmsprop-bs128 with 5-fold cross-validation
22-11-12 19:10:36 - INFO - root: [('reg:1e-05', 73.77), ('reg:0.0001', 73.92), ('reg:0.001', 74.41), ('reg:0.01', 73.55)]
22-11-12 19:10:36 - INFO - root: Cross-validation : best param found is reg = 0.001             with score 74.41
22-11-12 19:10:36 - INFO - root: Evaluating...
