22-11-12 09:33:58 - INFO - __main__: Laser model is loaded.
22-11-12 09:33:58 - INFO - __main__: Num of Laser features: 1024
22-11-12 09:33:59 - INFO - root: Generating sentence embeddings
22-11-12 09:34:03 - INFO - root: Generated sentence embeddings
22-11-12 09:34:03 - INFO - root: Training pytorch-MLP-nhid0-rmsprop-bs128 with (inner) 5-fold cross-validation
22-11-12 09:34:33 - INFO - root: Best param found at split 1: l2reg = 0.001                 with score 66.16
22-11-12 09:35:05 - INFO - root: Best param found at split 2: l2reg = 0.0001                 with score 66.51
22-11-12 09:35:37 - INFO - root: Best param found at split 3: l2reg = 0.0001                 with score 66.04
22-11-12 09:36:09 - INFO - root: Best param found at split 4: l2reg = 0.0001                 with score 67.5
22-11-12 09:36:37 - INFO - root: Best param found at split 5: l2reg = 0.01                 with score 66.28
22-11-12 09:36:39 - INFO - root: Generating sentence embeddings
22-11-12 09:36:40 - INFO - root: Generated sentence embeddings
22-11-12 09:36:40 - INFO - root: Training pytorch-MLP-nhid0-rmsprop-bs128 with (inner) 5-fold cross-validation
22-11-12 09:36:51 - INFO - root: Best param found at split 1: l2reg = 1e-05                 with score 77.19
22-11-12 09:37:03 - INFO - root: Best param found at split 2: l2reg = 0.001                 with score 76.75
22-11-12 09:37:14 - INFO - root: Best param found at split 3: l2reg = 1e-05                 with score 77.12
22-11-12 09:37:25 - INFO - root: Best param found at split 4: l2reg = 1e-05                 with score 76.23
22-11-12 09:37:37 - INFO - root: Best param found at split 5: l2reg = 0.0001                 with score 76.23
22-11-12 09:37:38 - INFO - root: Generating sentence embeddings
22-11-12 09:37:42 - INFO - root: Generated sentence embeddings
22-11-12 09:37:42 - INFO - root: Training pytorch-MLP-nhid0-rmsprop-bs128 with (inner) 5-fold cross-validation
22-11-12 09:38:06 - INFO - root: Best param found at split 1: l2reg = 0.001                 with score 87.46
22-11-12 09:38:36 - INFO - root: Best param found at split 2: l2reg = 0.01                 with score 87.74
22-11-12 09:39:03 - INFO - root: Best param found at split 3: l2reg = 0.001                 with score 87.8
22-11-12 09:39:33 - INFO - root: Best param found at split 4: l2reg = 0.001                 with score 87.32
22-11-12 09:40:05 - INFO - root: Best param found at split 5: l2reg = 0.01                 with score 87.61
22-11-12 09:40:06 - INFO - root: Generating sentence embeddings
22-11-12 09:40:08 - INFO - root: Generated sentence embeddings
22-11-12 09:40:08 - INFO - root: Training pytorch-MLP-nhid0-rmsprop-bs128 with (inner) 5-fold cross-validation
22-11-12 09:40:33 - INFO - root: Best param found at split 1: l2reg = 0.0001                 with score 87.14
22-11-12 09:41:03 - INFO - root: Best param found at split 2: l2reg = 0.01                 with score 85.54
22-11-12 09:41:35 - INFO - root: Best param found at split 3: l2reg = 0.001                 with score 86.53
22-11-12 09:42:06 - INFO - root: Best param found at split 4: l2reg = 1e-05                 with score 86.87
22-11-12 09:42:36 - INFO - root: Best param found at split 5: l2reg = 0.001                 with score 86.07
22-11-12 09:42:38 - INFO - root: Computing embedding for train
22-11-12 09:42:41 - INFO - root: Computed train embeddings
22-11-12 09:42:41 - INFO - root: Computing embedding for dev
22-11-12 09:42:41 - INFO - root: Computed dev embeddings
22-11-12 09:42:41 - INFO - root: Computing embedding for test
22-11-12 09:42:42 - INFO - root: Computed test embeddings
22-11-12 09:42:42 - INFO - root: Training pytorch-MLP-nhid0-rmsprop-bs128 with standard validation..
22-11-12 09:42:48 - INFO - root: [('reg:1e-05', 34.42), ('reg:0.0001', 37.42), ('reg:0.001', 33.97), ('reg:0.01', 30.97)]
22-11-12 09:42:48 - INFO - root: Validation : best param found is reg = 0.0001 with score             37.42
22-11-12 09:42:48 - INFO - root: Evaluating...
22-11-12 09:42:50 - INFO - root: ***** Transfer task : TREC *****


22-11-12 09:42:51 - INFO - root: Computed train embeddings
22-11-12 09:42:51 - INFO - root: Computed test embeddings
22-11-12 09:42:51 - INFO - root: Training pytorch-MLP-nhid0-rmsprop-bs128 with 5-fold cross-validation
22-11-12 09:43:10 - INFO - root: [('reg:1e-05', 73.5), ('reg:0.0001', 75.59), ('reg:0.001', 75.88), ('reg:0.01', 68.56)]
22-11-12 09:43:10 - INFO - root: Cross-validation : best param found is reg = 0.001             with score 75.88
22-11-12 09:43:10 - INFO - root: Evaluating...
22-11-12 09:43:12 - INFO - root: ***** Transfer task : MRPC *****


22-11-12 09:43:12 - INFO - root: Computing embedding for train
22-11-12 09:43:15 - INFO - root: Computed train embeddings
22-11-12 09:43:15 - INFO - root: Computing embedding for test
22-11-12 09:43:17 - INFO - root: Computed test embeddings
22-11-12 09:43:17 - INFO - root: Training pytorch-MLP-nhid0-rmsprop-bs128 with 5-fold cross-validation
22-11-12 09:43:30 - INFO - root: [('reg:1e-05', 72.06), ('reg:0.0001', 72.01), ('reg:0.001', 72.2), ('reg:0.01', 72.33)]
22-11-12 09:43:30 - INFO - root: Cross-validation : best param found is reg = 0.01             with score 72.33
22-11-12 09:43:30 - INFO - root: Evaluating...
