22-11-12 07:19:00 - INFO - __main__: Laser model is loaded.
22-11-12 07:19:00 - INFO - __main__: Num of Laser features: 1024
22-11-12 07:19:02 - INFO - root: Generating sentence embeddings
22-11-12 07:19:05 - INFO - root: Generated sentence embeddings
22-11-12 07:19:05 - INFO - root: Training pytorch-MLP-nhid0-rmsprop-bs128 with (inner) 5-fold cross-validation
22-11-12 07:19:38 - INFO - root: Best param found at split 1: l2reg = 0.001                 with score 66.85
22-11-12 07:20:07 - INFO - root: Best param found at split 2: l2reg = 1e-05                 with score 66.05
22-11-12 07:20:37 - INFO - root: Best param found at split 3: l2reg = 0.001                 with score 66.28
22-11-12 07:21:07 - INFO - root: Best param found at split 4: l2reg = 0.0001                 with score 62.84
22-11-12 07:21:43 - INFO - root: Best param found at split 5: l2reg = 0.0001                 with score 66.3
22-11-12 07:21:45 - INFO - root: Generating sentence embeddings
22-11-12 07:21:46 - INFO - root: Generated sentence embeddings
22-11-12 07:21:46 - INFO - root: Training pytorch-MLP-nhid0-rmsprop-bs128 with (inner) 5-fold cross-validation
22-11-12 07:21:56 - INFO - root: Best param found at split 1: l2reg = 1e-05                 with score 76.46
22-11-12 07:22:07 - INFO - root: Best param found at split 2: l2reg = 0.01                 with score 74.67
22-11-12 07:22:18 - INFO - root: Best param found at split 3: l2reg = 0.0001                 with score 76.56
22-11-12 07:22:29 - INFO - root: Best param found at split 4: l2reg = 0.01                 with score 76.59
22-11-12 07:22:40 - INFO - root: Best param found at split 5: l2reg = 0.01                 with score 75.99
22-11-12 07:22:40 - INFO - root: Generating sentence embeddings
22-11-12 07:22:45 - INFO - root: Generated sentence embeddings
22-11-12 07:22:45 - INFO - root: Training pytorch-MLP-nhid0-rmsprop-bs128 with (inner) 5-fold cross-validation
22-11-12 07:23:15 - INFO - root: Best param found at split 1: l2reg = 0.0001                 with score 86.16
22-11-12 07:23:45 - INFO - root: Best param found at split 2: l2reg = 1e-05                 with score 86.14
22-11-12 07:24:14 - INFO - root: Best param found at split 3: l2reg = 0.001                 with score 86.39
22-11-12 07:24:41 - INFO - root: Best param found at split 4: l2reg = 0.0001                 with score 85.76
22-11-12 07:25:12 - INFO - root: Best param found at split 5: l2reg = 0.001                 with score 86.01
22-11-12 07:25:14 - INFO - root: Generating sentence embeddings
22-11-12 07:25:16 - INFO - root: Generated sentence embeddings
22-11-12 07:25:16 - INFO - root: Training pytorch-MLP-nhid0-rmsprop-bs128 with (inner) 5-fold cross-validation
22-11-12 07:25:42 - INFO - root: Best param found at split 1: l2reg = 0.0001                 with score 85.95
22-11-12 07:26:13 - INFO - root: Best param found at split 2: l2reg = 0.001                 with score 85.08
22-11-12 07:26:45 - INFO - root: Best param found at split 3: l2reg = 0.01                 with score 86.46
22-11-12 07:27:14 - INFO - root: Best param found at split 4: l2reg = 0.01                 with score 85.69
22-11-12 07:27:44 - INFO - root: Best param found at split 5: l2reg = 0.001                 with score 85.34
22-11-12 07:27:47 - INFO - root: Computing embedding for train
22-11-12 07:27:50 - INFO - root: Computed train embeddings
22-11-12 07:27:50 - INFO - root: Computing embedding for dev
22-11-12 07:27:50 - INFO - root: Computed dev embeddings
22-11-12 07:27:50 - INFO - root: Computing embedding for test
22-11-12 07:27:51 - INFO - root: Computed test embeddings
22-11-12 07:27:51 - INFO - root: Training pytorch-MLP-nhid0-rmsprop-bs128 with standard validation..
22-11-12 07:27:59 - INFO - root: [('reg:1e-05', 35.06), ('reg:0.0001', 31.88), ('reg:0.001', 35.69), ('reg:0.01', 34.97)]
22-11-12 07:27:59 - INFO - root: Validation : best param found is reg = 0.001 with score             35.69
22-11-12 07:27:59 - INFO - root: Evaluating...
22-11-12 07:28:01 - INFO - root: ***** Transfer task : TREC *****


22-11-12 07:28:02 - INFO - root: Computed train embeddings
22-11-12 07:28:03 - INFO - root: Computed test embeddings
22-11-12 07:28:03 - INFO - root: Training pytorch-MLP-nhid0-rmsprop-bs128 with 5-fold cross-validation
22-11-12 07:28:22 - INFO - root: [('reg:1e-05', 71.85), ('reg:0.0001', 73.26), ('reg:0.001', 70.45), ('reg:0.01', 69.75)]
22-11-12 07:28:22 - INFO - root: Cross-validation : best param found is reg = 0.0001             with score 73.26
22-11-12 07:28:22 - INFO - root: Evaluating...
22-11-12 07:28:23 - INFO - root: ***** Transfer task : MRPC *****


22-11-12 07:28:23 - INFO - root: Computing embedding for train
22-11-12 07:28:26 - INFO - root: Computed train embeddings
22-11-12 07:28:26 - INFO - root: Computing embedding for test
22-11-12 07:28:28 - INFO - root: Computed test embeddings
22-11-12 07:28:28 - INFO - root: Training pytorch-MLP-nhid0-rmsprop-bs128 with 5-fold cross-validation
22-11-12 07:28:40 - INFO - root: [('reg:1e-05', 72.82), ('reg:0.0001', 72.79), ('reg:0.001', 72.96), ('reg:0.01', 72.91)]
22-11-12 07:28:40 - INFO - root: Cross-validation : best param found is reg = 0.001             with score 72.96
22-11-12 07:28:40 - INFO - root: Evaluating...
