22-11-12 12:19:33 - INFO - __main__: Laser model is loaded.
22-11-12 12:19:33 - INFO - __main__: Num of Laser features: 1024
22-11-12 12:19:34 - INFO - root: Generating sentence embeddings
22-11-12 12:19:38 - INFO - root: Generated sentence embeddings
22-11-12 12:19:38 - INFO - root: Training pytorch-MLP-nhid0-rmsprop-bs128 with (inner) 5-fold cross-validation
22-11-12 12:20:03 - INFO - root: Best param found at split 1: l2reg = 0.0001                 with score 66.89
22-11-12 12:20:34 - INFO - root: Best param found at split 2: l2reg = 0.001                 with score 66.34
22-11-12 12:21:06 - INFO - root: Best param found at split 3: l2reg = 0.01                 with score 66.69
22-11-12 12:21:32 - INFO - root: Best param found at split 4: l2reg = 0.01                 with score 64.64
22-11-12 12:22:02 - INFO - root: Best param found at split 5: l2reg = 1e-05                 with score 65.49
22-11-12 12:22:04 - INFO - root: Generating sentence embeddings
22-11-12 12:22:05 - INFO - root: Generated sentence embeddings
22-11-12 12:22:05 - INFO - root: Training pytorch-MLP-nhid0-rmsprop-bs128 with (inner) 5-fold cross-validation
22-11-12 12:22:17 - INFO - root: Best param found at split 1: l2reg = 1e-05                 with score 76.03
22-11-12 12:22:28 - INFO - root: Best param found at split 2: l2reg = 1e-05                 with score 74.5
22-11-12 12:22:40 - INFO - root: Best param found at split 3: l2reg = 0.01                 with score 75.07
22-11-12 12:22:51 - INFO - root: Best param found at split 4: l2reg = 0.001                 with score 74.37
22-11-12 12:23:02 - INFO - root: Best param found at split 5: l2reg = 1e-05                 with score 72.25
22-11-12 12:23:03 - INFO - root: Generating sentence embeddings
22-11-12 12:23:07 - INFO - root: Generated sentence embeddings
22-11-12 12:23:07 - INFO - root: Training pytorch-MLP-nhid0-rmsprop-bs128 with (inner) 5-fold cross-validation
22-11-12 12:23:32 - INFO - root: Best param found at split 1: l2reg = 0.01                 with score 87.06
22-11-12 12:24:00 - INFO - root: Best param found at split 2: l2reg = 0.01                 with score 87.29
22-11-12 12:24:26 - INFO - root: Best param found at split 3: l2reg = 0.001                 with score 87.35
22-11-12 12:24:54 - INFO - root: Best param found at split 4: l2reg = 0.01                 with score 87.42
22-11-12 12:25:22 - INFO - root: Best param found at split 5: l2reg = 0.001                 with score 87.05
22-11-12 12:25:24 - INFO - root: Generating sentence embeddings
22-11-12 12:25:26 - INFO - root: Generated sentence embeddings
22-11-12 12:25:26 - INFO - root: Training pytorch-MLP-nhid0-rmsprop-bs128 with (inner) 5-fold cross-validation
22-11-12 12:25:54 - INFO - root: Best param found at split 1: l2reg = 0.01                 with score 87.2
22-11-12 12:26:22 - INFO - root: Best param found at split 2: l2reg = 1e-05                 with score 85.73
22-11-12 12:26:51 - INFO - root: Best param found at split 3: l2reg = 1e-05                 with score 86.42
22-11-12 12:27:21 - INFO - root: Best param found at split 4: l2reg = 0.01                 with score 87.04
22-11-12 12:27:52 - INFO - root: Best param found at split 5: l2reg = 0.01                 with score 85.65
22-11-12 12:27:53 - INFO - root: Computing embedding for train
22-11-12 12:27:56 - INFO - root: Computed train embeddings
22-11-12 12:27:56 - INFO - root: Computing embedding for dev
22-11-12 12:27:57 - INFO - root: Computed dev embeddings
22-11-12 12:27:57 - INFO - root: Computing embedding for test
22-11-12 12:27:58 - INFO - root: Computed test embeddings
22-11-12 12:27:58 - INFO - root: Training pytorch-MLP-nhid0-rmsprop-bs128 with standard validation..
22-11-12 12:28:04 - INFO - root: [('reg:1e-05', 36.06), ('reg:0.0001', 35.06), ('reg:0.001', 37.24), ('reg:0.01', 36.69)]
22-11-12 12:28:04 - INFO - root: Validation : best param found is reg = 0.001 with score             37.24
22-11-12 12:28:04 - INFO - root: Evaluating...
22-11-12 12:28:06 - INFO - root: ***** Transfer task : TREC *****


22-11-12 12:28:08 - INFO - root: Computed train embeddings
22-11-12 12:28:08 - INFO - root: Computed test embeddings
22-11-12 12:28:08 - INFO - root: Training pytorch-MLP-nhid0-rmsprop-bs128 with 5-fold cross-validation
22-11-12 12:28:26 - INFO - root: [('reg:1e-05', 74.91), ('reg:0.0001', 75.0), ('reg:0.001', 72.61), ('reg:0.01', 71.59)]
22-11-12 12:28:26 - INFO - root: Cross-validation : best param found is reg = 0.0001             with score 75.0
22-11-12 12:28:26 - INFO - root: Evaluating...
22-11-12 12:28:27 - INFO - root: ***** Transfer task : MRPC *****


22-11-12 12:28:27 - INFO - root: Computing embedding for train
22-11-12 12:28:30 - INFO - root: Computed train embeddings
22-11-12 12:28:30 - INFO - root: Computing embedding for test
22-11-12 12:28:32 - INFO - root: Computed test embeddings
22-11-12 12:28:32 - INFO - root: Training pytorch-MLP-nhid0-rmsprop-bs128 with 5-fold cross-validation
22-11-12 12:28:46 - INFO - root: [('reg:1e-05', 72.89), ('reg:0.0001', 72.11), ('reg:0.001', 72.64), ('reg:0.01', 72.08)]
22-11-12 12:28:46 - INFO - root: Cross-validation : best param found is reg = 1e-05             with score 72.89
22-11-12 12:28:46 - INFO - root: Evaluating...
