22-11-12 03:42:26 - INFO - __main__: Laser model is loaded.
22-11-12 03:42:26 - INFO - __main__: Num of Laser features: 1024
22-11-12 03:42:28 - INFO - root: Generating sentence embeddings
22-11-12 03:42:32 - INFO - root: Generated sentence embeddings
22-11-12 03:42:32 - INFO - root: Training pytorch-MLP-nhid0-rmsprop-bs128 with (inner) 5-fold cross-validation
22-11-12 03:42:59 - INFO - root: Best param found at split 1: l2reg = 0.001                 with score 65.08
22-11-12 03:43:28 - INFO - root: Best param found at split 2: l2reg = 0.001                 with score 63.9
22-11-12 03:44:00 - INFO - root: Best param found at split 3: l2reg = 0.0001                 with score 65.76
22-11-12 03:44:35 - INFO - root: Best param found at split 4: l2reg = 1e-05                 with score 65.32
22-11-12 03:45:09 - INFO - root: Best param found at split 5: l2reg = 0.001                 with score 63.62
22-11-12 03:45:10 - INFO - root: Generating sentence embeddings
22-11-12 03:45:12 - INFO - root: Generated sentence embeddings
22-11-12 03:45:12 - INFO - root: Training pytorch-MLP-nhid0-rmsprop-bs128 with (inner) 5-fold cross-validation
22-11-12 03:45:22 - INFO - root: Best param found at split 1: l2reg = 0.0001                 with score 73.51
22-11-12 03:45:32 - INFO - root: Best param found at split 2: l2reg = 1e-05                 with score 73.68
22-11-12 03:45:43 - INFO - root: Best param found at split 3: l2reg = 0.01                 with score 73.11
22-11-12 03:45:53 - INFO - root: Best param found at split 4: l2reg = 0.001                 with score 73.05
22-11-12 03:46:00 - INFO - root: Best param found at split 5: l2reg = 0.0001                 with score 73.74
22-11-12 03:46:00 - INFO - root: Generating sentence embeddings
22-11-12 03:46:05 - INFO - root: Generated sentence embeddings
22-11-12 03:46:05 - INFO - root: Training pytorch-MLP-nhid0-rmsprop-bs128 with (inner) 5-fold cross-validation
22-11-12 03:46:30 - INFO - root: Best param found at split 1: l2reg = 0.001                 with score 84.72
22-11-12 03:46:57 - INFO - root: Best param found at split 2: l2reg = 0.001                 with score 84.49
22-11-12 03:47:29 - INFO - root: Best param found at split 3: l2reg = 0.001                 with score 84.89
22-11-12 03:47:55 - INFO - root: Best param found at split 4: l2reg = 0.01                 with score 84.71
22-11-12 03:48:21 - INFO - root: Best param found at split 5: l2reg = 0.01                 with score 84.61
22-11-12 03:48:24 - INFO - root: Generating sentence embeddings
22-11-12 03:48:25 - INFO - root: Generated sentence embeddings
22-11-12 03:48:25 - INFO - root: Training pytorch-MLP-nhid0-rmsprop-bs128 with (inner) 5-fold cross-validation
22-11-12 03:48:57 - INFO - root: Best param found at split 1: l2reg = 1e-05                 with score 84.98
22-11-12 03:49:26 - INFO - root: Best param found at split 2: l2reg = 1e-05                 with score 84.17
22-11-12 03:49:54 - INFO - root: Best param found at split 3: l2reg = 0.01                 with score 85.16
22-11-12 03:50:26 - INFO - root: Best param found at split 4: l2reg = 0.001                 with score 84.82
22-11-12 03:50:55 - INFO - root: Best param found at split 5: l2reg = 0.0001                 with score 83.71
22-11-12 03:50:57 - INFO - root: Computing embedding for train
22-11-12 03:51:00 - INFO - root: Computed train embeddings
22-11-12 03:51:00 - INFO - root: Computing embedding for dev
22-11-12 03:51:01 - INFO - root: Computed dev embeddings
22-11-12 03:51:01 - INFO - root: Computing embedding for test
22-11-12 03:51:01 - INFO - root: Computed test embeddings
22-11-12 03:51:01 - INFO - root: Training pytorch-MLP-nhid0-rmsprop-bs128 with standard validation..
22-11-12 03:51:09 - INFO - root: [('reg:1e-05', 34.42), ('reg:0.0001', 35.51), ('reg:0.001', 33.88), ('reg:0.01', 34.33)]
22-11-12 03:51:09 - INFO - root: Validation : best param found is reg = 0.0001 with score             35.51
22-11-12 03:51:09 - INFO - root: Evaluating...
22-11-12 03:51:10 - INFO - root: ***** Transfer task : TREC *****


22-11-12 03:51:12 - INFO - root: Computed train embeddings
22-11-12 03:51:12 - INFO - root: Computed test embeddings
22-11-12 03:51:12 - INFO - root: Training pytorch-MLP-nhid0-rmsprop-bs128 with 5-fold cross-validation
22-11-12 03:51:31 - INFO - root: [('reg:1e-05', 68.16), ('reg:0.0001', 67.77), ('reg:0.001', 67.81), ('reg:0.01', 67.32)]
22-11-12 03:51:31 - INFO - root: Cross-validation : best param found is reg = 1e-05             with score 68.16
22-11-12 03:51:31 - INFO - root: Evaluating...
22-11-12 03:51:32 - INFO - root: ***** Transfer task : MRPC *****


22-11-12 03:51:32 - INFO - root: Computing embedding for train
22-11-12 03:51:36 - INFO - root: Computed train embeddings
22-11-12 03:51:36 - INFO - root: Computing embedding for test
22-11-12 03:51:37 - INFO - root: Computed test embeddings
22-11-12 03:51:37 - INFO - root: Training pytorch-MLP-nhid0-rmsprop-bs128 with 5-fold cross-validation
22-11-12 03:51:52 - INFO - root: [('reg:1e-05', 72.4), ('reg:0.0001', 71.54), ('reg:0.001', 72.4), ('reg:0.01', 71.59)]
22-11-12 03:51:52 - INFO - root: Cross-validation : best param found is reg = 1e-05             with score 72.4
22-11-12 03:51:52 - INFO - root: Evaluating...
