22-11-12 19:59:41 - INFO - __main__: Laser model is loaded.
22-11-12 19:59:41 - INFO - __main__: Num of Laser features: 1024
22-11-12 19:59:43 - INFO - root: Generating sentence embeddings
22-11-12 19:59:47 - INFO - root: Generated sentence embeddings
22-11-12 19:59:47 - INFO - root: Training pytorch-MLP-nhid0-rmsprop-bs128 with (inner) 5-fold cross-validation
22-11-12 20:00:16 - INFO - root: Best param found at split 1: l2reg = 0.001                 with score 67.12
22-11-12 20:00:50 - INFO - root: Best param found at split 2: l2reg = 1e-05                 with score 67.91
22-11-12 20:01:21 - INFO - root: Best param found at split 3: l2reg = 0.0001                 with score 67.82
22-11-12 20:01:51 - INFO - root: Best param found at split 4: l2reg = 1e-05                 with score 66.61
22-11-12 20:02:24 - INFO - root: Best param found at split 5: l2reg = 0.001                 with score 68.86
22-11-12 20:02:26 - INFO - root: Generating sentence embeddings
22-11-12 20:02:28 - INFO - root: Generated sentence embeddings
22-11-12 20:02:28 - INFO - root: Training pytorch-MLP-nhid0-rmsprop-bs128 with (inner) 5-fold cross-validation
22-11-12 20:02:39 - INFO - root: Best param found at split 1: l2reg = 0.0001                 with score 77.15
22-11-12 20:02:50 - INFO - root: Best param found at split 2: l2reg = 0.01                 with score 76.09
22-11-12 20:03:02 - INFO - root: Best param found at split 3: l2reg = 0.0001                 with score 78.44
22-11-12 20:03:14 - INFO - root: Best param found at split 4: l2reg = 1e-05                 with score 78.38
22-11-12 20:03:25 - INFO - root: Best param found at split 5: l2reg = 0.001                 with score 77.75
22-11-12 20:03:26 - INFO - root: Generating sentence embeddings
22-11-12 20:03:30 - INFO - root: Generated sentence embeddings
22-11-12 20:03:30 - INFO - root: Training pytorch-MLP-nhid0-rmsprop-bs128 with (inner) 5-fold cross-validation
22-11-12 20:03:58 - INFO - root: Best param found at split 1: l2reg = 0.001                 with score 89.36
22-11-12 20:04:27 - INFO - root: Best param found at split 2: l2reg = 0.01                 with score 89.04
22-11-12 20:04:58 - INFO - root: Best param found at split 3: l2reg = 0.0001                 with score 89.55
22-11-12 20:05:27 - INFO - root: Best param found at split 4: l2reg = 0.0001                 with score 89.42
22-11-12 20:05:57 - INFO - root: Best param found at split 5: l2reg = 0.01                 with score 89.19
22-11-12 20:05:59 - INFO - root: Generating sentence embeddings
22-11-12 20:06:00 - INFO - root: Generated sentence embeddings
22-11-12 20:06:00 - INFO - root: Training pytorch-MLP-nhid0-rmsprop-bs128 with (inner) 5-fold cross-validation
22-11-12 20:06:27 - INFO - root: Best param found at split 1: l2reg = 0.0001                 with score 86.75
22-11-12 20:06:59 - INFO - root: Best param found at split 2: l2reg = 1e-05                 with score 86.86
22-11-12 20:07:30 - INFO - root: Best param found at split 3: l2reg = 0.0001                 with score 86.43
22-11-12 20:07:59 - INFO - root: Best param found at split 4: l2reg = 0.01                 with score 86.79
22-11-12 20:08:28 - INFO - root: Best param found at split 5: l2reg = 1e-05                 with score 86.27
22-11-12 20:08:30 - INFO - root: Computing embedding for train
22-11-12 20:08:33 - INFO - root: Computed train embeddings
22-11-12 20:08:33 - INFO - root: Computing embedding for dev
22-11-12 20:08:34 - INFO - root: Computed dev embeddings
22-11-12 20:08:34 - INFO - root: Computing embedding for test
22-11-12 20:08:34 - INFO - root: Computed test embeddings
22-11-12 20:08:34 - INFO - root: Training pytorch-MLP-nhid0-rmsprop-bs128 with standard validation..
22-11-12 20:08:41 - INFO - root: [('reg:1e-05', 37.97), ('reg:0.0001', 38.24), ('reg:0.001', 34.88), ('reg:0.01', 33.33)]
22-11-12 20:08:41 - INFO - root: Validation : best param found is reg = 0.0001 with score             38.24
22-11-12 20:08:41 - INFO - root: Evaluating...
22-11-12 20:08:43 - INFO - root: ***** Transfer task : TREC *****


22-11-12 20:08:44 - INFO - root: Computed train embeddings
22-11-12 20:08:44 - INFO - root: Computed test embeddings
22-11-12 20:08:44 - INFO - root: Training pytorch-MLP-nhid0-rmsprop-bs128 with 5-fold cross-validation
22-11-12 20:09:04 - INFO - root: [('reg:1e-05', 76.16), ('reg:0.0001', 79.42), ('reg:0.001', 76.19), ('reg:0.01', 72.16)]
22-11-12 20:09:04 - INFO - root: Cross-validation : best param found is reg = 0.0001             with score 79.42
22-11-12 20:09:04 - INFO - root: Evaluating...
22-11-12 20:09:05 - INFO - root: ***** Transfer task : MRPC *****


22-11-12 20:09:05 - INFO - root: Computing embedding for train
22-11-12 20:09:09 - INFO - root: Computed train embeddings
22-11-12 20:09:09 - INFO - root: Computing embedding for test
22-11-12 20:09:10 - INFO - root: Computed test embeddings
22-11-12 20:09:10 - INFO - root: Training pytorch-MLP-nhid0-rmsprop-bs128 with 5-fold cross-validation
22-11-12 20:09:24 - INFO - root: [('reg:1e-05', 74.53), ('reg:0.0001', 73.87), ('reg:0.001', 74.21), ('reg:0.01', 73.8)]
22-11-12 20:09:24 - INFO - root: Cross-validation : best param found is reg = 1e-05             with score 74.53
22-11-12 20:09:24 - INFO - root: Evaluating...
