22-11-12 18:02:41 - INFO - __main__: Laser model is loaded.
22-11-12 18:02:41 - INFO - __main__: Num of Laser features: 1024
22-11-12 18:02:42 - INFO - root: Generating sentence embeddings
22-11-12 18:02:46 - INFO - root: Generated sentence embeddings
22-11-12 18:02:46 - INFO - root: Training pytorch-MLP-nhid0-rmsprop-bs128 with (inner) 5-fold cross-validation
22-11-12 18:03:11 - INFO - root: Best param found at split 1: l2reg = 0.0001                 with score 68.26
22-11-12 18:03:38 - INFO - root: Best param found at split 2: l2reg = 1e-05                 with score 67.53
22-11-12 18:04:08 - INFO - root: Best param found at split 3: l2reg = 0.001                 with score 69.33
22-11-12 18:04:37 - INFO - root: Best param found at split 4: l2reg = 1e-05                 with score 68.96
22-11-12 18:05:06 - INFO - root: Best param found at split 5: l2reg = 0.0001                 with score 69.37
22-11-12 18:05:08 - INFO - root: Generating sentence embeddings
22-11-12 18:05:09 - INFO - root: Generated sentence embeddings
22-11-12 18:05:09 - INFO - root: Training pytorch-MLP-nhid0-rmsprop-bs128 with (inner) 5-fold cross-validation
22-11-12 18:05:21 - INFO - root: Best param found at split 1: l2reg = 0.0001                 with score 78.64
22-11-12 18:05:32 - INFO - root: Best param found at split 2: l2reg = 1e-05                 with score 77.58
22-11-12 18:05:44 - INFO - root: Best param found at split 3: l2reg = 0.001                 with score 78.97
22-11-12 18:05:54 - INFO - root: Best param found at split 4: l2reg = 0.0001                 with score 73.21
22-11-12 18:06:06 - INFO - root: Best param found at split 5: l2reg = 0.0001                 with score 78.87
22-11-12 18:06:07 - INFO - root: Generating sentence embeddings
22-11-12 18:06:11 - INFO - root: Generated sentence embeddings
22-11-12 18:06:11 - INFO - root: Training pytorch-MLP-nhid0-rmsprop-bs128 with (inner) 5-fold cross-validation
22-11-12 18:06:40 - INFO - root: Best param found at split 1: l2reg = 0.0001                 with score 89.64
22-11-12 18:07:10 - INFO - root: Best param found at split 2: l2reg = 1e-05                 with score 89.58
22-11-12 18:07:39 - INFO - root: Best param found at split 3: l2reg = 0.01                 with score 89.75
22-11-12 18:08:10 - INFO - root: Best param found at split 4: l2reg = 0.001                 with score 89.25
22-11-12 18:08:42 - INFO - root: Best param found at split 5: l2reg = 0.01                 with score 89.46
22-11-12 18:08:44 - INFO - root: Generating sentence embeddings
22-11-12 18:08:46 - INFO - root: Generated sentence embeddings
22-11-12 18:08:46 - INFO - root: Training pytorch-MLP-nhid0-rmsprop-bs128 with (inner) 5-fold cross-validation
22-11-12 18:09:13 - INFO - root: Best param found at split 1: l2reg = 1e-05                 with score 86.59
22-11-12 18:09:42 - INFO - root: Best param found at split 2: l2reg = 0.0001                 with score 85.28
22-11-12 18:10:13 - INFO - root: Best param found at split 3: l2reg = 0.001                 with score 87.18
22-11-12 18:10:42 - INFO - root: Best param found at split 4: l2reg = 0.01                 with score 87.09
22-11-12 18:11:14 - INFO - root: Best param found at split 5: l2reg = 0.0001                 with score 86.46
22-11-12 18:11:15 - INFO - root: Computing embedding for train
22-11-12 18:11:19 - INFO - root: Computed train embeddings
22-11-12 18:11:19 - INFO - root: Computing embedding for dev
22-11-12 18:11:19 - INFO - root: Computed dev embeddings
22-11-12 18:11:19 - INFO - root: Computing embedding for test
22-11-12 18:11:20 - INFO - root: Computed test embeddings
22-11-12 18:11:20 - INFO - root: Training pytorch-MLP-nhid0-rmsprop-bs128 with standard validation..
22-11-12 18:11:26 - INFO - root: [('reg:1e-05', 35.24), ('reg:0.0001', 33.06), ('reg:0.001', 36.42), ('reg:0.01', 36.78)]
22-11-12 18:11:26 - INFO - root: Validation : best param found is reg = 0.01 with score             36.78
22-11-12 18:11:26 - INFO - root: Evaluating...
22-11-12 18:11:28 - INFO - root: ***** Transfer task : TREC *****


22-11-12 18:11:30 - INFO - root: Computed train embeddings
22-11-12 18:11:30 - INFO - root: Computed test embeddings
22-11-12 18:11:30 - INFO - root: Training pytorch-MLP-nhid0-rmsprop-bs128 with 5-fold cross-validation
22-11-12 18:11:49 - INFO - root: [('reg:1e-05', 72.84), ('reg:0.0001', 76.76), ('reg:0.001', 75.09), ('reg:0.01', 68.71)]
22-11-12 18:11:49 - INFO - root: Cross-validation : best param found is reg = 0.0001             with score 76.76
22-11-12 18:11:49 - INFO - root: Evaluating...
22-11-12 18:11:50 - INFO - root: ***** Transfer task : MRPC *****


22-11-12 18:11:50 - INFO - root: Computing embedding for train
22-11-12 18:11:54 - INFO - root: Computed train embeddings
22-11-12 18:11:54 - INFO - root: Computing embedding for test
22-11-12 18:11:55 - INFO - root: Computed test embeddings
22-11-12 18:11:55 - INFO - root: Training pytorch-MLP-nhid0-rmsprop-bs128 with 5-fold cross-validation
22-11-12 18:12:09 - INFO - root: [('reg:1e-05', 74.17), ('reg:0.0001', 71.76), ('reg:0.001', 72.11), ('reg:0.01', 72.79)]
22-11-12 18:12:09 - INFO - root: Cross-validation : best param found is reg = 1e-05             with score 74.17
22-11-12 18:12:09 - INFO - root: Evaluating...
