22-11-12 01:28:20 - INFO - __main__: Laser model is loaded.
22-11-12 01:28:20 - INFO - __main__: Num of Laser features: 1024
22-11-12 01:28:21 - INFO - root: Generating sentence embeddings
22-11-12 01:28:25 - INFO - root: Generated sentence embeddings
22-11-12 01:28:25 - INFO - root: Training pytorch-MLP-nhid0-rmsprop-bs128 with (inner) 5-fold cross-validation
22-11-12 01:28:46 - INFO - root: Best param found at split 1: l2reg = 1e-05                 with score 66.73
22-11-12 01:29:12 - INFO - root: Best param found at split 2: l2reg = 0.01                 with score 62.47
22-11-12 01:29:46 - INFO - root: Best param found at split 3: l2reg = 0.001                 with score 65.05
22-11-12 01:30:19 - INFO - root: Best param found at split 4: l2reg = 0.001                 with score 66.15
22-11-12 01:30:51 - INFO - root: Best param found at split 5: l2reg = 0.0001                 with score 62.92
22-11-12 01:30:53 - INFO - root: Generating sentence embeddings
22-11-12 01:30:54 - INFO - root: Generated sentence embeddings
22-11-12 01:30:54 - INFO - root: Training pytorch-MLP-nhid0-rmsprop-bs128 with (inner) 5-fold cross-validation
22-11-12 01:31:05 - INFO - root: Best param found at split 1: l2reg = 1e-05                 with score 73.97
22-11-12 01:31:16 - INFO - root: Best param found at split 2: l2reg = 1e-05                 with score 73.48
22-11-12 01:31:27 - INFO - root: Best param found at split 3: l2reg = 1e-05                 with score 71.89
22-11-12 01:31:38 - INFO - root: Best param found at split 4: l2reg = 1e-05                 with score 71.62
22-11-12 01:31:50 - INFO - root: Best param found at split 5: l2reg = 0.001                 with score 72.95
22-11-12 01:31:51 - INFO - root: Generating sentence embeddings
22-11-12 01:31:55 - INFO - root: Generated sentence embeddings
22-11-12 01:31:55 - INFO - root: Training pytorch-MLP-nhid0-rmsprop-bs128 with (inner) 5-fold cross-validation
22-11-12 01:32:22 - INFO - root: Best param found at split 1: l2reg = 0.01                 with score 84.64
22-11-12 01:32:51 - INFO - root: Best param found at split 2: l2reg = 0.0001                 with score 84.69
22-11-12 01:33:20 - INFO - root: Best param found at split 3: l2reg = 0.001                 with score 84.78
22-11-12 01:33:48 - INFO - root: Best param found at split 4: l2reg = 0.0001                 with score 84.3
22-11-12 01:34:16 - INFO - root: Best param found at split 5: l2reg = 0.01                 with score 84.26
22-11-12 01:34:18 - INFO - root: Generating sentence embeddings
22-11-12 01:34:19 - INFO - root: Generated sentence embeddings
22-11-12 01:34:19 - INFO - root: Training pytorch-MLP-nhid0-rmsprop-bs128 with (inner) 5-fold cross-validation
22-11-12 01:34:49 - INFO - root: Best param found at split 1: l2reg = 0.001                 with score 85.48
22-11-12 01:35:18 - INFO - root: Best param found at split 2: l2reg = 0.001                 with score 84.93
22-11-12 01:35:49 - INFO - root: Best param found at split 3: l2reg = 0.001                 with score 85.23
22-11-12 01:36:16 - INFO - root: Best param found at split 4: l2reg = 1e-05                 with score 83.36
22-11-12 01:36:48 - INFO - root: Best param found at split 5: l2reg = 0.01                 with score 85.15
22-11-12 01:36:49 - INFO - root: Computing embedding for train
22-11-12 01:36:52 - INFO - root: Computed train embeddings
22-11-12 01:36:52 - INFO - root: Computing embedding for dev
22-11-12 01:36:53 - INFO - root: Computed dev embeddings
22-11-12 01:36:53 - INFO - root: Computing embedding for test
22-11-12 01:36:54 - INFO - root: Computed test embeddings
22-11-12 01:36:54 - INFO - root: Training pytorch-MLP-nhid0-rmsprop-bs128 with standard validation..
22-11-12 01:37:00 - INFO - root: [('reg:1e-05', 35.15), ('reg:0.0001', 31.34), ('reg:0.001', 34.33), ('reg:0.01', 32.7)]
22-11-12 01:37:00 - INFO - root: Validation : best param found is reg = 1e-05 with score             35.15
22-11-12 01:37:00 - INFO - root: Evaluating...
22-11-12 01:37:01 - INFO - root: ***** Transfer task : TREC *****


22-11-12 01:37:02 - INFO - root: Computed train embeddings
22-11-12 01:37:02 - INFO - root: Computed test embeddings
22-11-12 01:37:02 - INFO - root: Training pytorch-MLP-nhid0-rmsprop-bs128 with 5-fold cross-validation
22-11-12 01:37:22 - INFO - root: [('reg:1e-05', 67.32), ('reg:0.0001', 67.44), ('reg:0.001', 67.11), ('reg:0.01', 65.21)]
22-11-12 01:37:22 - INFO - root: Cross-validation : best param found is reg = 0.0001             with score 67.44
22-11-12 01:37:22 - INFO - root: Evaluating...
22-11-12 01:37:23 - INFO - root: ***** Transfer task : MRPC *****


22-11-12 01:37:23 - INFO - root: Computing embedding for train
22-11-12 01:37:27 - INFO - root: Computed train embeddings
22-11-12 01:37:27 - INFO - root: Computing embedding for test
22-11-12 01:37:28 - INFO - root: Computed test embeddings
22-11-12 01:37:28 - INFO - root: Training pytorch-MLP-nhid0-rmsprop-bs128 with 5-fold cross-validation
22-11-12 01:37:41 - INFO - root: [('reg:1e-05', 71.84), ('reg:0.0001', 71.61), ('reg:0.001', 71.91), ('reg:0.01', 72.38)]
22-11-12 01:37:41 - INFO - root: Cross-validation : best param found is reg = 0.01             with score 72.38
22-11-12 01:37:41 - INFO - root: Evaluating...
