22-11-11 23:13:46 - INFO - __main__: Laser model is loaded.
22-11-11 23:13:47 - INFO - __main__: Num of Laser features: 1024
22-11-11 23:13:48 - INFO - root: Generating sentence embeddings
22-11-11 23:13:52 - INFO - root: Generated sentence embeddings
22-11-11 23:13:52 - INFO - root: Training pytorch-MLP-nhid0-rmsprop-bs128 with (inner) 5-fold cross-validation
22-11-11 23:14:18 - INFO - root: Best param found at split 1: l2reg = 0.0001                 with score 64.09
22-11-11 23:14:51 - INFO - root: Best param found at split 2: l2reg = 0.001                 with score 64.8
22-11-11 23:15:24 - INFO - root: Best param found at split 3: l2reg = 0.0001                 with score 66.66
22-11-11 23:15:54 - INFO - root: Best param found at split 4: l2reg = 0.001                 with score 64.78
22-11-11 23:16:26 - INFO - root: Best param found at split 5: l2reg = 1e-05                 with score 65.18
22-11-11 23:16:27 - INFO - root: Generating sentence embeddings
22-11-11 23:16:29 - INFO - root: Generated sentence embeddings
22-11-11 23:16:29 - INFO - root: Training pytorch-MLP-nhid0-rmsprop-bs128 with (inner) 5-fold cross-validation
22-11-11 23:16:39 - INFO - root: Best param found at split 1: l2reg = 0.001                 with score 70.5
22-11-11 23:16:50 - INFO - root: Best param found at split 2: l2reg = 0.001                 with score 72.15
22-11-11 23:17:01 - INFO - root: Best param found at split 3: l2reg = 0.01                 with score 71.85
22-11-11 23:17:13 - INFO - root: Best param found at split 4: l2reg = 1e-05                 with score 71.66
22-11-11 23:17:26 - INFO - root: Best param found at split 5: l2reg = 0.001                 with score 71.59
22-11-11 23:17:27 - INFO - root: Generating sentence embeddings
22-11-11 23:17:31 - INFO - root: Generated sentence embeddings
22-11-11 23:17:31 - INFO - root: Training pytorch-MLP-nhid0-rmsprop-bs128 with (inner) 5-fold cross-validation
22-11-11 23:17:57 - INFO - root: Best param found at split 1: l2reg = 0.001                 with score 83.65
22-11-11 23:18:28 - INFO - root: Best param found at split 2: l2reg = 0.001                 with score 83.44
22-11-11 23:18:55 - INFO - root: Best param found at split 3: l2reg = 1e-05                 with score 83.54
22-11-11 23:19:23 - INFO - root: Best param found at split 4: l2reg = 1e-05                 with score 83.31
22-11-11 23:19:52 - INFO - root: Best param found at split 5: l2reg = 0.0001                 with score 83.48
22-11-11 23:19:54 - INFO - root: Generating sentence embeddings
22-11-11 23:19:55 - INFO - root: Generated sentence embeddings
22-11-11 23:19:55 - INFO - root: Training pytorch-MLP-nhid0-rmsprop-bs128 with (inner) 5-fold cross-validation
22-11-11 23:20:23 - INFO - root: Best param found at split 1: l2reg = 0.01                 with score 84.29
22-11-11 23:20:52 - INFO - root: Best param found at split 2: l2reg = 0.01                 with score 83.72
22-11-11 23:21:20 - INFO - root: Best param found at split 3: l2reg = 0.01                 with score 83.67
22-11-11 23:21:50 - INFO - root: Best param found at split 4: l2reg = 0.01                 with score 83.45
22-11-11 23:22:19 - INFO - root: Best param found at split 5: l2reg = 0.0001                 with score 83.29
22-11-11 23:22:21 - INFO - root: Computing embedding for train
22-11-11 23:22:24 - INFO - root: Computed train embeddings
22-11-11 23:22:24 - INFO - root: Computing embedding for dev
22-11-11 23:22:24 - INFO - root: Computed dev embeddings
22-11-11 23:22:24 - INFO - root: Computing embedding for test
22-11-11 23:22:25 - INFO - root: Computed test embeddings
22-11-11 23:22:25 - INFO - root: Training pytorch-MLP-nhid0-rmsprop-bs128 with standard validation..
22-11-11 23:22:32 - INFO - root: [('reg:1e-05', 31.97), ('reg:0.0001', 32.43), ('reg:0.001', 34.97), ('reg:0.01', 34.24)]
22-11-11 23:22:32 - INFO - root: Validation : best param found is reg = 0.001 with score             34.97
22-11-11 23:22:32 - INFO - root: Evaluating...
22-11-11 23:22:34 - INFO - root: ***** Transfer task : TREC *****


22-11-11 23:22:35 - INFO - root: Computed train embeddings
22-11-11 23:22:36 - INFO - root: Computed test embeddings
22-11-11 23:22:36 - INFO - root: Training pytorch-MLP-nhid0-rmsprop-bs128 with 5-fold cross-validation
22-11-11 23:22:53 - INFO - root: [('reg:1e-05', 64.29), ('reg:0.0001', 64.25), ('reg:0.001', 64.03), ('reg:0.01', 62.2)]
22-11-11 23:22:53 - INFO - root: Cross-validation : best param found is reg = 1e-05             with score 64.29
22-11-11 23:22:53 - INFO - root: Evaluating...
22-11-11 23:22:54 - INFO - root: ***** Transfer task : MRPC *****


22-11-11 23:22:54 - INFO - root: Computing embedding for train
22-11-11 23:22:58 - INFO - root: Computed train embeddings
22-11-11 23:22:58 - INFO - root: Computing embedding for test
22-11-11 23:23:00 - INFO - root: Computed test embeddings
22-11-11 23:23:00 - INFO - root: Training pytorch-MLP-nhid0-rmsprop-bs128 with 5-fold cross-validation
22-11-11 23:23:14 - INFO - root: [('reg:1e-05', 71.98), ('reg:0.0001', 71.91), ('reg:0.001', 72.06), ('reg:0.01', 72.57)]
22-11-11 23:23:14 - INFO - root: Cross-validation : best param found is reg = 0.01             with score 72.57
22-11-11 23:23:14 - INFO - root: Evaluating...
