22-11-11 14:43:27 - INFO - __main__: Laser model is loaded.
22-11-11 14:43:27 - INFO - __main__: Num of Laser features: 1024
22-11-11 14:43:29 - INFO - root: Generating sentence embeddings
22-11-11 14:43:33 - INFO - root: Generated sentence embeddings
22-11-11 14:43:33 - INFO - root: Training pytorch-MLP-nhid0-rmsprop-bs128 with (inner) 5-fold cross-validation
22-11-11 14:44:03 - INFO - root: Best param found at split 1: l2reg = 1e-05                 with score 64.24
22-11-11 14:44:37 - INFO - root: Best param found at split 2: l2reg = 0.01                 with score 64.53
22-11-11 14:45:06 - INFO - root: Best param found at split 3: l2reg = 1e-05                 with score 62.92
22-11-11 14:45:39 - INFO - root: Best param found at split 4: l2reg = 0.0001                 with score 63.46
22-11-11 14:46:06 - INFO - root: Best param found at split 5: l2reg = 1e-05                 with score 63.46
22-11-11 14:46:07 - INFO - root: Generating sentence embeddings
22-11-11 14:46:09 - INFO - root: Generated sentence embeddings
22-11-11 14:46:09 - INFO - root: Training pytorch-MLP-nhid0-rmsprop-bs128 with (inner) 5-fold cross-validation
22-11-11 14:46:21 - INFO - root: Best param found at split 1: l2reg = 0.001                 with score 73.05
22-11-11 14:46:33 - INFO - root: Best param found at split 2: l2reg = 0.01                 with score 72.88
22-11-11 14:46:44 - INFO - root: Best param found at split 3: l2reg = 0.0001                 with score 72.72
22-11-11 14:46:56 - INFO - root: Best param found at split 4: l2reg = 0.001                 with score 72.19
22-11-11 14:47:07 - INFO - root: Best param found at split 5: l2reg = 0.01                 with score 72.19
22-11-11 14:47:07 - INFO - root: Generating sentence embeddings
22-11-11 14:47:12 - INFO - root: Generated sentence embeddings
22-11-11 14:47:12 - INFO - root: Training pytorch-MLP-nhid0-rmsprop-bs128 with (inner) 5-fold cross-validation
22-11-11 14:47:34 - INFO - root: Best param found at split 1: l2reg = 0.01                 with score 81.4
22-11-11 14:48:00 - INFO - root: Best param found at split 2: l2reg = 0.0001                 with score 80.96
22-11-11 14:48:31 - INFO - root: Best param found at split 3: l2reg = 0.001                 with score 81.35
22-11-11 14:49:00 - INFO - root: Best param found at split 4: l2reg = 0.01                 with score 81.27
22-11-11 14:49:30 - INFO - root: Best param found at split 5: l2reg = 0.01                 with score 81.21
22-11-11 14:49:31 - INFO - root: Generating sentence embeddings
22-11-11 14:49:33 - INFO - root: Generated sentence embeddings
22-11-11 14:49:33 - INFO - root: Training pytorch-MLP-nhid0-rmsprop-bs128 with (inner) 5-fold cross-validation
22-11-11 14:50:00 - INFO - root: Best param found at split 1: l2reg = 0.01                 with score 81.91
22-11-11 14:50:30 - INFO - root: Best param found at split 2: l2reg = 0.001                 with score 82.27
22-11-11 14:51:00 - INFO - root: Best param found at split 3: l2reg = 0.0001                 with score 83.56
22-11-11 14:51:32 - INFO - root: Best param found at split 4: l2reg = 0.001                 with score 82.65
22-11-11 14:51:59 - INFO - root: Best param found at split 5: l2reg = 0.001                 with score 81.85
22-11-11 14:52:00 - INFO - root: Computing embedding for train
22-11-11 14:52:03 - INFO - root: Computed train embeddings
22-11-11 14:52:03 - INFO - root: Computing embedding for dev
22-11-11 14:52:04 - INFO - root: Computed dev embeddings
22-11-11 14:52:04 - INFO - root: Computing embedding for test
22-11-11 14:52:05 - INFO - root: Computed test embeddings
22-11-11 14:52:05 - INFO - root: Training pytorch-MLP-nhid0-rmsprop-bs128 with standard validation..
22-11-11 14:52:10 - INFO - root: [('reg:1e-05', 32.88), ('reg:0.0001', 32.88), ('reg:0.001', 32.52), ('reg:0.01', 33.06)]
22-11-11 14:52:10 - INFO - root: Validation : best param found is reg = 0.01 with score             33.06
22-11-11 14:52:10 - INFO - root: Evaluating...
22-11-11 14:52:12 - INFO - root: ***** Transfer task : TREC *****


22-11-11 14:52:13 - INFO - root: Computed train embeddings
22-11-11 14:52:13 - INFO - root: Computed test embeddings
22-11-11 14:52:13 - INFO - root: Training pytorch-MLP-nhid0-rmsprop-bs128 with 5-fold cross-validation
22-11-11 14:52:33 - INFO - root: [('reg:1e-05', 61.02), ('reg:0.0001', 60.93), ('reg:0.001', 59.96), ('reg:0.01', 56.92)]
22-11-11 14:52:33 - INFO - root: Cross-validation : best param found is reg = 1e-05             with score 61.02
22-11-11 14:52:33 - INFO - root: Evaluating...
22-11-11 14:52:34 - INFO - root: ***** Transfer task : MRPC *****


22-11-11 14:52:34 - INFO - root: Computing embedding for train
22-11-11 14:52:38 - INFO - root: Computed train embeddings
22-11-11 14:52:38 - INFO - root: Computing embedding for test
22-11-11 14:52:39 - INFO - root: Computed test embeddings
22-11-11 14:52:39 - INFO - root: Training pytorch-MLP-nhid0-rmsprop-bs128 with 5-fold cross-validation
22-11-11 14:52:52 - INFO - root: [('reg:1e-05', 71.25), ('reg:0.0001', 71.2), ('reg:0.001', 71.32), ('reg:0.01', 71.64)]
22-11-11 14:52:52 - INFO - root: Cross-validation : best param found is reg = 0.01             with score 71.64
22-11-11 14:52:52 - INFO - root: Evaluating...
