22-11-14 04:36:18 - INFO - absl: Using ./models-tfhub to cache modules.
22-11-14 04:36:20 - INFO - __main__: m-USE model is loaded.
22-11-14 04:36:23 - INFO - __main__: Num of m-USE features: 512
22-11-14 04:36:23 - INFO - root: Generating sentence embeddings
22-11-14 04:36:25 - INFO - root: Generated sentence embeddings
22-11-14 04:36:25 - INFO - root: Training pytorch-MLP-nhid0-rmsprop-bs128 with (inner) 5-fold cross-validation
22-11-14 04:36:52 - INFO - root: Best param found at split 1: l2reg = 0.001                 with score 67.22
22-11-14 04:37:22 - INFO - root: Best param found at split 2: l2reg = 1e-05                 with score 67.58
22-11-14 04:37:54 - INFO - root: Best param found at split 3: l2reg = 0.0001                 with score 68.99
22-11-14 04:38:25 - INFO - root: Best param found at split 4: l2reg = 1e-05                 with score 68.73
22-11-14 04:38:54 - INFO - root: Best param found at split 5: l2reg = 1e-05                 with score 65.97
22-11-14 04:38:55 - INFO - root: Generating sentence embeddings
22-11-14 04:38:56 - INFO - root: Generated sentence embeddings
22-11-14 04:38:56 - INFO - root: Training pytorch-MLP-nhid0-rmsprop-bs128 with (inner) 5-fold cross-validation
22-11-14 04:39:06 - INFO - root: Best param found at split 1: l2reg = 0.01                 with score 78.71
22-11-14 04:39:17 - INFO - root: Best param found at split 2: l2reg = 1e-05                 with score 77.28
22-11-14 04:39:29 - INFO - root: Best param found at split 3: l2reg = 1e-05                 with score 78.01
22-11-14 04:39:38 - INFO - root: Best param found at split 4: l2reg = 0.0001                 with score 77.35
22-11-14 04:39:50 - INFO - root: Best param found at split 5: l2reg = 0.001                 with score 77.62
22-11-14 04:39:50 - INFO - root: Generating sentence embeddings
22-11-14 04:39:52 - INFO - root: Generated sentence embeddings
22-11-14 04:39:52 - INFO - root: Training pytorch-MLP-nhid0-rmsprop-bs128 with (inner) 5-fold cross-validation
22-11-14 04:40:17 - INFO - root: Best param found at split 1: l2reg = 0.0001                 with score 89.36
22-11-14 04:40:41 - INFO - root: Best param found at split 2: l2reg = 0.01                 with score 89.66
22-11-14 04:41:08 - INFO - root: Best param found at split 3: l2reg = 0.01                 with score 89.69
22-11-14 04:41:36 - INFO - root: Best param found at split 4: l2reg = 0.001                 with score 89.33
22-11-14 04:42:05 - INFO - root: Best param found at split 5: l2reg = 0.001                 with score 89.06
22-11-14 04:42:07 - INFO - root: Generating sentence embeddings
22-11-14 04:42:09 - INFO - root: Generated sentence embeddings
22-11-14 04:42:09 - INFO - root: Training pytorch-MLP-nhid0-rmsprop-bs128 with (inner) 5-fold cross-validation
22-11-14 04:42:33 - INFO - root: Best param found at split 1: l2reg = 0.001                 with score 85.7
22-11-14 04:43:06 - INFO - root: Best param found at split 2: l2reg = 0.001                 with score 85.66
22-11-14 04:43:36 - INFO - root: Best param found at split 3: l2reg = 0.001                 with score 86.0
22-11-14 04:44:04 - INFO - root: Best param found at split 4: l2reg = 0.0001                 with score 85.41
22-11-14 04:44:30 - INFO - root: Best param found at split 5: l2reg = 0.001                 with score 83.35
22-11-14 04:44:32 - INFO - root: Computing embedding for train
22-11-14 04:44:34 - INFO - root: Computed train embeddings
22-11-14 04:44:34 - INFO - root: Computing embedding for dev
22-11-14 04:44:34 - INFO - root: Computed dev embeddings
22-11-14 04:44:34 - INFO - root: Computing embedding for test
22-11-14 04:44:34 - INFO - root: Computed test embeddings
22-11-14 04:44:34 - INFO - root: Training pytorch-MLP-nhid0-rmsprop-bs128 with standard validation..
22-11-14 04:44:42 - INFO - root: [('reg:1e-05', 36.6), ('reg:0.0001', 35.6), ('reg:0.001', 36.6), ('reg:0.01', 36.42)]
22-11-14 04:44:42 - INFO - root: Validation : best param found is reg = 1e-05 with score             36.6
22-11-14 04:44:42 - INFO - root: Evaluating...
22-11-14 04:44:44 - INFO - root: ***** Transfer task : TREC *****


22-11-14 04:44:45 - INFO - root: Computed train embeddings
22-11-14 04:44:45 - INFO - root: Computed test embeddings
22-11-14 04:44:45 - INFO - root: Training pytorch-MLP-nhid0-rmsprop-bs128 with 5-fold cross-validation
22-11-14 04:45:05 - INFO - root: [('reg:1e-05', 79.77), ('reg:0.0001', 79.95), ('reg:0.001', 79.04), ('reg:0.01', 79.26)]
22-11-14 04:45:05 - INFO - root: Cross-validation : best param found is reg = 0.0001             with score 79.95
22-11-14 04:45:05 - INFO - root: Evaluating...
22-11-14 04:45:06 - INFO - root: ***** Transfer task : MRPC *****


22-11-14 04:45:06 - INFO - root: Computing embedding for train
22-11-14 04:45:08 - INFO - root: Computed train embeddings
22-11-14 04:45:08 - INFO - root: Computing embedding for test
22-11-14 04:45:09 - INFO - root: Computed test embeddings
22-11-14 04:45:09 - INFO - root: Training pytorch-MLP-nhid0-rmsprop-bs128 with 5-fold cross-validation
22-11-14 04:45:21 - INFO - root: [('reg:1e-05', 73.41), ('reg:0.0001', 73.18), ('reg:0.001', 73.14), ('reg:0.01', 72.45)]
22-11-14 04:45:21 - INFO - root: Cross-validation : best param found is reg = 1e-05             with score 73.41
22-11-14 04:45:21 - INFO - root: Evaluating...
