22-11-14 02:31:16 - INFO - absl: Using ./models-tfhub to cache modules.
22-11-14 02:31:19 - INFO - __main__: m-USE model is loaded.
22-11-14 02:31:21 - INFO - __main__: Num of m-USE features: 512
22-11-14 02:31:21 - INFO - root: Generating sentence embeddings
22-11-14 02:31:23 - INFO - root: Generated sentence embeddings
22-11-14 02:31:23 - INFO - root: Training pytorch-MLP-nhid0-rmsprop-bs128 with (inner) 5-fold cross-validation
22-11-14 02:31:52 - INFO - root: Best param found at split 1: l2reg = 0.01                 with score 66.97
22-11-14 02:32:19 - INFO - root: Best param found at split 2: l2reg = 0.01                 with score 66.05
22-11-14 02:32:53 - INFO - root: Best param found at split 3: l2reg = 0.01                 with score 67.49
22-11-14 02:33:23 - INFO - root: Best param found at split 4: l2reg = 0.01                 with score 68.34
22-11-14 02:33:56 - INFO - root: Best param found at split 5: l2reg = 0.001                 with score 67.87
22-11-14 02:33:57 - INFO - root: Generating sentence embeddings
22-11-14 02:33:58 - INFO - root: Generated sentence embeddings
22-11-14 02:33:58 - INFO - root: Training pytorch-MLP-nhid0-rmsprop-bs128 with (inner) 5-fold cross-validation
22-11-14 02:34:08 - INFO - root: Best param found at split 1: l2reg = 0.001                 with score 76.72
22-11-14 02:34:18 - INFO - root: Best param found at split 2: l2reg = 0.0001                 with score 76.99
22-11-14 02:34:29 - INFO - root: Best param found at split 3: l2reg = 0.001                 with score 79.17
22-11-14 02:34:39 - INFO - root: Best param found at split 4: l2reg = 0.01                 with score 75.73
22-11-14 02:34:50 - INFO - root: Best param found at split 5: l2reg = 0.01                 with score 76.69
22-11-14 02:34:51 - INFO - root: Generating sentence embeddings
22-11-14 02:34:53 - INFO - root: Generated sentence embeddings
22-11-14 02:34:53 - INFO - root: Training pytorch-MLP-nhid0-rmsprop-bs128 with (inner) 5-fold cross-validation
22-11-14 02:35:17 - INFO - root: Best param found at split 1: l2reg = 0.01                 with score 89.18
22-11-14 02:35:45 - INFO - root: Best param found at split 2: l2reg = 0.01                 with score 88.7
22-11-14 02:36:11 - INFO - root: Best param found at split 3: l2reg = 1e-05                 with score 88.52
22-11-14 02:36:37 - INFO - root: Best param found at split 4: l2reg = 0.01                 with score 88.64
22-11-14 02:37:00 - INFO - root: Best param found at split 5: l2reg = 0.01                 with score 88.65
22-11-14 02:37:01 - INFO - root: Generating sentence embeddings
22-11-14 02:37:03 - INFO - root: Generated sentence embeddings
22-11-14 02:37:03 - INFO - root: Training pytorch-MLP-nhid0-rmsprop-bs128 with (inner) 5-fold cross-validation
22-11-14 02:37:29 - INFO - root: Best param found at split 1: l2reg = 0.0001                 with score 86.02
22-11-14 02:37:59 - INFO - root: Best param found at split 2: l2reg = 0.001                 with score 85.39
22-11-14 02:38:29 - INFO - root: Best param found at split 3: l2reg = 0.01                 with score 85.98
22-11-14 02:38:57 - INFO - root: Best param found at split 4: l2reg = 0.01                 with score 85.11
22-11-14 02:39:23 - INFO - root: Best param found at split 5: l2reg = 0.001                 with score 83.92
22-11-14 02:39:25 - INFO - root: Computing embedding for train
22-11-14 02:39:26 - INFO - root: Computed train embeddings
22-11-14 02:39:26 - INFO - root: Computing embedding for dev
22-11-14 02:39:26 - INFO - root: Computed dev embeddings
22-11-14 02:39:26 - INFO - root: Computing embedding for test
22-11-14 02:39:27 - INFO - root: Computed test embeddings
22-11-14 02:39:27 - INFO - root: Training pytorch-MLP-nhid0-rmsprop-bs128 with standard validation..
22-11-14 02:39:34 - INFO - root: [('reg:1e-05', 34.97), ('reg:0.0001', 35.42), ('reg:0.001', 33.24), ('reg:0.01', 35.24)]
22-11-14 02:39:34 - INFO - root: Validation : best param found is reg = 0.0001 with score             35.42
22-11-14 02:39:34 - INFO - root: Evaluating...
22-11-14 02:39:36 - INFO - root: ***** Transfer task : TREC *****


22-11-14 02:39:37 - INFO - root: Computed train embeddings
22-11-14 02:39:37 - INFO - root: Computed test embeddings
22-11-14 02:39:37 - INFO - root: Training pytorch-MLP-nhid0-rmsprop-bs128 with 5-fold cross-validation
22-11-14 02:39:54 - INFO - root: [('reg:1e-05', 77.62), ('reg:0.0001', 77.51), ('reg:0.001', 77.42), ('reg:0.01', 76.38)]
22-11-14 02:39:54 - INFO - root: Cross-validation : best param found is reg = 1e-05             with score 77.62
22-11-14 02:39:54 - INFO - root: Evaluating...
22-11-14 02:39:55 - INFO - root: ***** Transfer task : MRPC *****


22-11-14 02:39:55 - INFO - root: Computing embedding for train
22-11-14 02:39:57 - INFO - root: Computed train embeddings
22-11-14 02:39:57 - INFO - root: Computing embedding for test
22-11-14 02:39:57 - INFO - root: Computed test embeddings
22-11-14 02:39:57 - INFO - root: Training pytorch-MLP-nhid0-rmsprop-bs128 with 5-fold cross-validation
22-11-14 02:40:11 - INFO - root: [('reg:1e-05', 71.86), ('reg:0.0001', 71.76), ('reg:0.001', 71.81), ('reg:0.01', 72.01)]
22-11-14 02:40:11 - INFO - root: Cross-validation : best param found is reg = 0.01             with score 72.01
22-11-14 02:40:11 - INFO - root: Evaluating...
