22-11-14 13:38:16 - INFO - absl: Using ./models-tfhub to cache modules.
22-11-14 13:38:19 - INFO - __main__: m-USE model is loaded.
22-11-14 13:38:21 - INFO - __main__: Num of m-USE features: 512
22-11-14 13:38:21 - INFO - root: Generating sentence embeddings
22-11-14 13:38:23 - INFO - root: Generated sentence embeddings
22-11-14 13:38:23 - INFO - root: Training pytorch-MLP-nhid0-rmsprop-bs128 with (inner) 5-fold cross-validation
22-11-14 13:38:52 - INFO - root: Best param found at split 1: l2reg = 1e-05                 with score 69.09
22-11-14 13:39:24 - INFO - root: Best param found at split 2: l2reg = 1e-05                 with score 69.39
22-11-14 13:39:55 - INFO - root: Best param found at split 3: l2reg = 0.01                 with score 68.98
22-11-14 13:40:25 - INFO - root: Best param found at split 4: l2reg = 0.001                 with score 69.96
22-11-14 13:40:55 - INFO - root: Best param found at split 5: l2reg = 1e-05                 with score 69.07
22-11-14 13:40:57 - INFO - root: Generating sentence embeddings
22-11-14 13:40:58 - INFO - root: Generated sentence embeddings
22-11-14 13:40:58 - INFO - root: Training pytorch-MLP-nhid0-rmsprop-bs128 with (inner) 5-fold cross-validation
22-11-14 13:41:09 - INFO - root: Best param found at split 1: l2reg = 0.001                 with score 79.14
22-11-14 13:41:20 - INFO - root: Best param found at split 2: l2reg = 0.01                 with score 78.94
22-11-14 13:41:30 - INFO - root: Best param found at split 3: l2reg = 1e-05                 with score 79.74
22-11-14 13:41:40 - INFO - root: Best param found at split 4: l2reg = 0.001                 with score 78.11
22-11-14 13:41:50 - INFO - root: Best param found at split 5: l2reg = 0.01                 with score 78.11
22-11-14 13:41:51 - INFO - root: Generating sentence embeddings
22-11-14 13:41:53 - INFO - root: Generated sentence embeddings
22-11-14 13:41:53 - INFO - root: Training pytorch-MLP-nhid0-rmsprop-bs128 with (inner) 5-fold cross-validation
22-11-14 13:42:18 - INFO - root: Best param found at split 1: l2reg = 0.01                 with score 90.64
22-11-14 13:42:46 - INFO - root: Best param found at split 2: l2reg = 0.001                 with score 90.76
22-11-14 13:43:15 - INFO - root: Best param found at split 3: l2reg = 0.01                 with score 90.94
22-11-14 13:43:45 - INFO - root: Best param found at split 4: l2reg = 0.001                 with score 90.61
22-11-14 13:44:13 - INFO - root: Best param found at split 5: l2reg = 0.001                 with score 90.31
22-11-14 13:44:14 - INFO - root: Generating sentence embeddings
22-11-14 13:44:16 - INFO - root: Generated sentence embeddings
22-11-14 13:44:16 - INFO - root: Training pytorch-MLP-nhid0-rmsprop-bs128 with (inner) 5-fold cross-validation
22-11-14 13:44:42 - INFO - root: Best param found at split 1: l2reg = 0.01                 with score 86.85
22-11-14 13:45:14 - INFO - root: Best param found at split 2: l2reg = 0.001                 with score 85.87
22-11-14 13:45:43 - INFO - root: Best param found at split 3: l2reg = 0.0001                 with score 86.85
22-11-14 13:46:12 - INFO - root: Best param found at split 4: l2reg = 0.001                 with score 86.46
22-11-14 13:46:42 - INFO - root: Best param found at split 5: l2reg = 0.0001                 with score 86.26
22-11-14 13:46:44 - INFO - root: Computing embedding for train
22-11-14 13:46:45 - INFO - root: Computed train embeddings
22-11-14 13:46:45 - INFO - root: Computing embedding for dev
22-11-14 13:46:46 - INFO - root: Computed dev embeddings
22-11-14 13:46:46 - INFO - root: Computing embedding for test
22-11-14 13:46:46 - INFO - root: Computed test embeddings
22-11-14 13:46:46 - INFO - root: Training pytorch-MLP-nhid0-rmsprop-bs128 with standard validation..
22-11-14 13:46:52 - INFO - root: [('reg:1e-05', 33.42), ('reg:0.0001', 36.24), ('reg:0.001', 34.15), ('reg:0.01', 30.88)]
22-11-14 13:46:52 - INFO - root: Validation : best param found is reg = 0.0001 with score             36.24
22-11-14 13:46:52 - INFO - root: Evaluating...
22-11-14 13:46:54 - INFO - root: ***** Transfer task : TREC *****


22-11-14 13:46:55 - INFO - root: Computed train embeddings
22-11-14 13:46:55 - INFO - root: Computed test embeddings
22-11-14 13:46:55 - INFO - root: Training pytorch-MLP-nhid0-rmsprop-bs128 with 5-fold cross-validation
22-11-14 13:47:13 - INFO - root: [('reg:1e-05', 80.56), ('reg:0.0001', 82.47), ('reg:0.001', 81.29), ('reg:0.01', 75.66)]
22-11-14 13:47:13 - INFO - root: Cross-validation : best param found is reg = 0.0001             with score 82.47
22-11-14 13:47:13 - INFO - root: Evaluating...
22-11-14 13:47:14 - INFO - root: ***** Transfer task : MRPC *****


22-11-14 13:47:14 - INFO - root: Computing embedding for train
22-11-14 13:47:16 - INFO - root: Computed train embeddings
22-11-14 13:47:16 - INFO - root: Computing embedding for test
22-11-14 13:47:17 - INFO - root: Computed test embeddings
22-11-14 13:47:17 - INFO - root: Training pytorch-MLP-nhid0-rmsprop-bs128 with 5-fold cross-validation
22-11-14 13:47:29 - INFO - root: [('reg:1e-05', 73.48), ('reg:0.0001', 72.45), ('reg:0.001', 72.79), ('reg:0.01', 72.57)]
22-11-14 13:47:29 - INFO - root: Cross-validation : best param found is reg = 1e-05             with score 73.48
22-11-14 13:47:29 - INFO - root: Evaluating...
