22-11-14 05:51:22 - INFO - absl: Using ./models-tfhub to cache modules.
22-11-14 05:51:25 - INFO - __main__: m-USE model is loaded.
22-11-14 05:51:27 - INFO - __main__: Num of m-USE features: 512
22-11-14 05:51:27 - INFO - root: Generating sentence embeddings
22-11-14 05:51:29 - INFO - root: Generated sentence embeddings
22-11-14 05:51:29 - INFO - root: Training pytorch-MLP-nhid0-rmsprop-bs128 with (inner) 5-fold cross-validation
22-11-14 05:51:57 - INFO - root: Best param found at split 1: l2reg = 1e-05                 with score 68.25
22-11-14 05:52:31 - INFO - root: Best param found at split 2: l2reg = 1e-05                 with score 68.51
22-11-14 05:53:00 - INFO - root: Best param found at split 3: l2reg = 0.0001                 with score 68.43
22-11-14 05:53:31 - INFO - root: Best param found at split 4: l2reg = 1e-05                 with score 69.75
22-11-14 05:53:57 - INFO - root: Best param found at split 5: l2reg = 0.001                 with score 66.79
22-11-14 05:53:59 - INFO - root: Generating sentence embeddings
22-11-14 05:54:00 - INFO - root: Generated sentence embeddings
22-11-14 05:54:00 - INFO - root: Training pytorch-MLP-nhid0-rmsprop-bs128 with (inner) 5-fold cross-validation
22-11-14 05:54:10 - INFO - root: Best param found at split 1: l2reg = 1e-05                 with score 78.21
22-11-14 05:54:21 - INFO - root: Best param found at split 2: l2reg = 0.0001                 with score 78.38
22-11-14 05:54:32 - INFO - root: Best param found at split 3: l2reg = 0.0001                 with score 77.91
22-11-14 05:54:43 - INFO - root: Best param found at split 4: l2reg = 0.01                 with score 76.69
22-11-14 05:54:54 - INFO - root: Best param found at split 5: l2reg = 0.01                 with score 77.52
22-11-14 05:54:55 - INFO - root: Generating sentence embeddings
22-11-14 05:54:57 - INFO - root: Generated sentence embeddings
22-11-14 05:54:57 - INFO - root: Training pytorch-MLP-nhid0-rmsprop-bs128 with (inner) 5-fold cross-validation
22-11-14 05:55:24 - INFO - root: Best param found at split 1: l2reg = 1e-05                 with score 89.86
22-11-14 05:55:52 - INFO - root: Best param found at split 2: l2reg = 0.01                 with score 89.59
22-11-14 05:56:21 - INFO - root: Best param found at split 3: l2reg = 0.01                 with score 89.7
22-11-14 05:56:49 - INFO - root: Best param found at split 4: l2reg = 0.001                 with score 89.09
22-11-14 05:57:14 - INFO - root: Best param found at split 5: l2reg = 0.01                 with score 89.28
22-11-14 05:57:16 - INFO - root: Generating sentence embeddings
22-11-14 05:57:18 - INFO - root: Generated sentence embeddings
22-11-14 05:57:18 - INFO - root: Training pytorch-MLP-nhid0-rmsprop-bs128 with (inner) 5-fold cross-validation
22-11-14 05:57:44 - INFO - root: Best param found at split 1: l2reg = 1e-05                 with score 85.86
22-11-14 05:58:14 - INFO - root: Best param found at split 2: l2reg = 0.0001                 with score 85.82
22-11-14 05:58:45 - INFO - root: Best param found at split 3: l2reg = 0.001                 with score 85.98
22-11-14 05:59:15 - INFO - root: Best param found at split 4: l2reg = 0.01                 with score 85.42
22-11-14 05:59:35 - INFO - root: Best param found at split 5: l2reg = 0.01                 with score 85.6
22-11-14 05:59:36 - INFO - root: Computing embedding for train
22-11-14 05:59:38 - INFO - root: Computed train embeddings
22-11-14 05:59:38 - INFO - root: Computing embedding for dev
22-11-14 05:59:38 - INFO - root: Computed dev embeddings
22-11-14 05:59:38 - INFO - root: Computing embedding for test
22-11-14 05:59:38 - INFO - root: Computed test embeddings
22-11-14 05:59:38 - INFO - root: Training pytorch-MLP-nhid0-rmsprop-bs128 with standard validation..
22-11-14 05:59:44 - INFO - root: [('reg:1e-05', 36.33), ('reg:0.0001', 35.24), ('reg:0.001', 35.69), ('reg:0.01', 34.6)]
22-11-14 05:59:44 - INFO - root: Validation : best param found is reg = 1e-05 with score             36.33
22-11-14 05:59:44 - INFO - root: Evaluating...
22-11-14 05:59:46 - INFO - root: ***** Transfer task : TREC *****


22-11-14 05:59:47 - INFO - root: Computed train embeddings
22-11-14 05:59:48 - INFO - root: Computed test embeddings
22-11-14 05:59:48 - INFO - root: Training pytorch-MLP-nhid0-rmsprop-bs128 with 5-fold cross-validation
22-11-14 06:00:04 - INFO - root: [('reg:1e-05', 81.79), ('reg:0.0001', 82.26), ('reg:0.001', 82.17), ('reg:0.01', 79.81)]
22-11-14 06:00:04 - INFO - root: Cross-validation : best param found is reg = 0.0001             with score 82.26
22-11-14 06:00:04 - INFO - root: Evaluating...
22-11-14 06:00:05 - INFO - root: ***** Transfer task : MRPC *****


22-11-14 06:00:05 - INFO - root: Computing embedding for train
22-11-14 06:00:07 - INFO - root: Computed train embeddings
22-11-14 06:00:07 - INFO - root: Computing embedding for test
22-11-14 06:00:08 - INFO - root: Computed test embeddings
22-11-14 06:00:08 - INFO - root: Training pytorch-MLP-nhid0-rmsprop-bs128 with 5-fold cross-validation
22-11-14 06:00:20 - INFO - root: [('reg:1e-05', 72.45), ('reg:0.0001', 72.1), ('reg:0.001', 72.45), ('reg:0.01', 72.25)]
22-11-14 06:00:20 - INFO - root: Cross-validation : best param found is reg = 1e-05             with score 72.45
22-11-14 06:00:20 - INFO - root: Evaluating...
22-11-20 03:55:24 - INFO - absl: Using ./models-tfhub to cache modules.
22-11-20 03:55:27 - INFO - __main__: m-USE model is loaded.
22-11-20 03:55:29 - INFO - __main__: Num of m-USE features: 512
