22-11-14 08:57:20 - INFO - absl: Using ./models-tfhub to cache modules.
22-11-14 08:57:24 - INFO - __main__: m-USE model is loaded.
22-11-14 08:57:26 - INFO - __main__: Num of m-USE features: 512
22-11-14 08:57:26 - INFO - root: Generating sentence embeddings
22-11-14 08:57:28 - INFO - root: Generated sentence embeddings
22-11-14 08:57:28 - INFO - root: Training pytorch-MLP-nhid0-rmsprop-bs128 with (inner) 5-fold cross-validation
22-11-14 08:57:55 - INFO - root: Best param found at split 1: l2reg = 0.0001                 with score 69.23
22-11-14 08:58:21 - INFO - root: Best param found at split 2: l2reg = 1e-05                 with score 67.71
22-11-14 08:58:51 - INFO - root: Best param found at split 3: l2reg = 1e-05                 with score 68.56
22-11-14 08:59:20 - INFO - root: Best param found at split 4: l2reg = 0.0001                 with score 68.19
22-11-14 08:59:50 - INFO - root: Best param found at split 5: l2reg = 0.0001                 with score 68.01
22-11-14 08:59:52 - INFO - root: Generating sentence embeddings
22-11-14 08:59:53 - INFO - root: Generated sentence embeddings
22-11-14 08:59:53 - INFO - root: Training pytorch-MLP-nhid0-rmsprop-bs128 with (inner) 5-fold cross-validation
22-11-14 09:00:02 - INFO - root: Best param found at split 1: l2reg = 0.0001                 with score 78.21
22-11-14 09:00:13 - INFO - root: Best param found at split 2: l2reg = 0.0001                 with score 78.94
22-11-14 09:00:23 - INFO - root: Best param found at split 3: l2reg = 0.001                 with score 76.29
22-11-14 09:00:33 - INFO - root: Best param found at split 4: l2reg = 0.01                 with score 77.22
22-11-14 09:00:44 - INFO - root: Best param found at split 5: l2reg = 0.0001                 with score 77.95
22-11-14 09:00:45 - INFO - root: Generating sentence embeddings
22-11-14 09:00:47 - INFO - root: Generated sentence embeddings
22-11-14 09:00:47 - INFO - root: Training pytorch-MLP-nhid0-rmsprop-bs128 with (inner) 5-fold cross-validation
22-11-14 09:01:10 - INFO - root: Best param found at split 1: l2reg = 0.01                 with score 89.89
22-11-14 09:01:38 - INFO - root: Best param found at split 2: l2reg = 0.001                 with score 89.76
22-11-14 09:02:05 - INFO - root: Best param found at split 3: l2reg = 0.01                 with score 90.42
22-11-14 09:02:34 - INFO - root: Best param found at split 4: l2reg = 0.01                 with score 89.71
22-11-14 09:03:01 - INFO - root: Best param found at split 5: l2reg = 0.01                 with score 89.54
22-11-14 09:03:03 - INFO - root: Generating sentence embeddings
22-11-14 09:03:05 - INFO - root: Generated sentence embeddings
22-11-14 09:03:05 - INFO - root: Training pytorch-MLP-nhid0-rmsprop-bs128 with (inner) 5-fold cross-validation
22-11-14 09:03:30 - INFO - root: Best param found at split 1: l2reg = 0.01                 with score 85.79
22-11-14 09:04:02 - INFO - root: Best param found at split 2: l2reg = 0.01                 with score 85.66
22-11-14 09:04:33 - INFO - root: Best param found at split 3: l2reg = 0.01                 with score 86.55
22-11-14 09:05:00 - INFO - root: Best param found at split 4: l2reg = 0.0001                 with score 86.33
22-11-14 09:05:27 - INFO - root: Best param found at split 5: l2reg = 0.001                 with score 84.95
22-11-14 09:05:29 - INFO - root: Computing embedding for train
22-11-14 09:05:30 - INFO - root: Computed train embeddings
22-11-14 09:05:30 - INFO - root: Computing embedding for dev
22-11-14 09:05:30 - INFO - root: Computed dev embeddings
22-11-14 09:05:30 - INFO - root: Computing embedding for test
22-11-14 09:05:31 - INFO - root: Computed test embeddings
22-11-14 09:05:31 - INFO - root: Training pytorch-MLP-nhid0-rmsprop-bs128 with standard validation..
22-11-14 09:05:39 - INFO - root: [('reg:1e-05', 36.33), ('reg:0.0001', 33.79), ('reg:0.001', 35.97), ('reg:0.01', 33.7)]
22-11-14 09:05:39 - INFO - root: Validation : best param found is reg = 1e-05 with score             36.33
22-11-14 09:05:39 - INFO - root: Evaluating...
22-11-14 09:05:41 - INFO - root: ***** Transfer task : TREC *****


22-11-14 09:05:42 - INFO - root: Computed train embeddings
22-11-14 09:05:42 - INFO - root: Computed test embeddings
22-11-14 09:05:42 - INFO - root: Training pytorch-MLP-nhid0-rmsprop-bs128 with 5-fold cross-validation
22-11-14 09:06:00 - INFO - root: [('reg:1e-05', 80.83), ('reg:0.0001', 80.67), ('reg:0.001', 80.34), ('reg:0.01', 74.08)]
22-11-14 09:06:00 - INFO - root: Cross-validation : best param found is reg = 1e-05             with score 80.83
22-11-14 09:06:00 - INFO - root: Evaluating...
22-11-14 09:06:01 - INFO - root: ***** Transfer task : MRPC *****


22-11-14 09:06:01 - INFO - root: Computing embedding for train
22-11-14 09:06:02 - INFO - root: Computed train embeddings
22-11-14 09:06:02 - INFO - root: Computing embedding for test
22-11-14 09:06:03 - INFO - root: Computed test embeddings
22-11-14 09:06:03 - INFO - root: Training pytorch-MLP-nhid0-rmsprop-bs128 with 5-fold cross-validation
22-11-14 09:06:15 - INFO - root: [('reg:1e-05', 71.64), ('reg:0.0001', 71.52), ('reg:0.001', 71.27), ('reg:0.01', 71.15)]
22-11-14 09:06:15 - INFO - root: Cross-validation : best param found is reg = 1e-05             with score 71.64
22-11-14 09:06:15 - INFO - root: Evaluating...
