22-11-14 03:34:21 - INFO - absl: Using ./models-tfhub to cache modules.
22-11-14 03:34:24 - INFO - __main__: m-USE model is loaded.
22-11-14 03:34:26 - INFO - __main__: Num of m-USE features: 512
22-11-14 03:34:26 - INFO - root: Generating sentence embeddings
22-11-14 03:34:28 - INFO - root: Generated sentence embeddings
22-11-14 03:34:28 - INFO - root: Training pytorch-MLP-nhid0-rmsprop-bs128 with (inner) 5-fold cross-validation
22-11-14 03:34:58 - INFO - root: Best param found at split 1: l2reg = 0.01                 with score 68.03
22-11-14 03:35:29 - INFO - root: Best param found at split 2: l2reg = 0.0001                 with score 67.91
22-11-14 03:36:01 - INFO - root: Best param found at split 3: l2reg = 0.001                 with score 67.05
22-11-14 03:36:33 - INFO - root: Best param found at split 4: l2reg = 0.01                 with score 67.17
22-11-14 03:37:06 - INFO - root: Best param found at split 5: l2reg = 0.001                 with score 68.11
22-11-14 03:37:07 - INFO - root: Generating sentence embeddings
22-11-14 03:37:08 - INFO - root: Generated sentence embeddings
22-11-14 03:37:08 - INFO - root: Training pytorch-MLP-nhid0-rmsprop-bs128 with (inner) 5-fold cross-validation
22-11-14 03:37:19 - INFO - root: Best param found at split 1: l2reg = 0.0001                 with score 76.79
22-11-14 03:37:30 - INFO - root: Best param found at split 2: l2reg = 0.01                 with score 77.25
22-11-14 03:37:40 - INFO - root: Best param found at split 3: l2reg = 0.001                 with score 77.98
22-11-14 03:37:51 - INFO - root: Best param found at split 4: l2reg = 0.01                 with score 77.28
22-11-14 03:38:02 - INFO - root: Best param found at split 5: l2reg = 1e-05                 with score 77.52
22-11-14 03:38:03 - INFO - root: Generating sentence embeddings
22-11-14 03:38:05 - INFO - root: Generated sentence embeddings
22-11-14 03:38:05 - INFO - root: Training pytorch-MLP-nhid0-rmsprop-bs128 with (inner) 5-fold cross-validation
22-11-14 03:38:29 - INFO - root: Best param found at split 1: l2reg = 0.01                 with score 89.15
22-11-14 03:38:54 - INFO - root: Best param found at split 2: l2reg = 0.01                 with score 89.24
22-11-14 03:39:22 - INFO - root: Best param found at split 3: l2reg = 0.01                 with score 89.39
22-11-14 03:39:49 - INFO - root: Best param found at split 4: l2reg = 0.01                 with score 88.63
22-11-14 03:40:19 - INFO - root: Best param found at split 5: l2reg = 0.01                 with score 89.06
22-11-14 03:40:21 - INFO - root: Generating sentence embeddings
22-11-14 03:40:23 - INFO - root: Generated sentence embeddings
22-11-14 03:40:23 - INFO - root: Training pytorch-MLP-nhid0-rmsprop-bs128 with (inner) 5-fold cross-validation
22-11-14 03:40:48 - INFO - root: Best param found at split 1: l2reg = 0.001                 with score 85.97
22-11-14 03:41:20 - INFO - root: Best param found at split 2: l2reg = 0.01                 with score 85.32
22-11-14 03:41:51 - INFO - root: Best param found at split 3: l2reg = 0.001                 with score 85.01
22-11-14 03:42:24 - INFO - root: Best param found at split 4: l2reg = 0.01                 with score 85.56
22-11-14 03:42:52 - INFO - root: Best param found at split 5: l2reg = 0.01                 with score 84.64
22-11-14 03:42:53 - INFO - root: Computing embedding for train
22-11-14 03:42:55 - INFO - root: Computed train embeddings
22-11-14 03:42:55 - INFO - root: Computing embedding for dev
22-11-14 03:42:55 - INFO - root: Computed dev embeddings
22-11-14 03:42:55 - INFO - root: Computing embedding for test
22-11-14 03:42:55 - INFO - root: Computed test embeddings
22-11-14 03:42:55 - INFO - root: Training pytorch-MLP-nhid0-rmsprop-bs128 with standard validation..
22-11-14 03:43:02 - INFO - root: [('reg:1e-05', 31.06), ('reg:0.0001', 32.33), ('reg:0.001', 34.06), ('reg:0.01', 32.06)]
22-11-14 03:43:02 - INFO - root: Validation : best param found is reg = 0.001 with score             34.06
22-11-14 03:43:02 - INFO - root: Evaluating...
22-11-14 03:43:04 - INFO - root: ***** Transfer task : TREC *****


22-11-14 03:43:05 - INFO - root: Computed train embeddings
22-11-14 03:43:05 - INFO - root: Computed test embeddings
22-11-14 03:43:05 - INFO - root: Training pytorch-MLP-nhid0-rmsprop-bs128 with 5-fold cross-validation
22-11-14 03:43:23 - INFO - root: [('reg:1e-05', 78.58), ('reg:0.0001', 79.46), ('reg:0.001', 78.85), ('reg:0.01', 76.8)]
22-11-14 03:43:23 - INFO - root: Cross-validation : best param found is reg = 0.0001             with score 79.46
22-11-14 03:43:23 - INFO - root: Evaluating...
22-11-14 03:43:24 - INFO - root: ***** Transfer task : MRPC *****


22-11-14 03:43:24 - INFO - root: Computing embedding for train
22-11-14 03:43:25 - INFO - root: Computed train embeddings
22-11-14 03:43:25 - INFO - root: Computing embedding for test
22-11-14 03:43:26 - INFO - root: Computed test embeddings
22-11-14 03:43:26 - INFO - root: Training pytorch-MLP-nhid0-rmsprop-bs128 with 5-fold cross-validation
22-11-14 03:43:40 - INFO - root: [('reg:1e-05', 71.76), ('reg:0.0001', 71.81), ('reg:0.001', 71.83), ('reg:0.01', 72.13)]
22-11-14 03:43:40 - INFO - root: Cross-validation : best param found is reg = 0.01             with score 72.13
22-11-14 03:43:40 - INFO - root: Evaluating...
