22-11-14 02:16:26 - INFO - absl: Using ./models-tfhub to cache modules.
22-11-14 02:16:29 - INFO - __main__: m-USE model is loaded.
22-11-14 02:16:31 - INFO - __main__: Num of m-USE features: 512
22-11-14 02:16:31 - INFO - root: Generating sentence embeddings
22-11-14 02:16:33 - INFO - root: Generated sentence embeddings
22-11-14 02:16:33 - INFO - root: Training pytorch-MLP-nhid0-rmsprop-bs128 with (inner) 5-fold cross-validation
22-11-14 02:16:55 - INFO - root: Best param found at split 1: l2reg = 1e-05                 with score 68.4
22-11-14 02:17:25 - INFO - root: Best param found at split 2: l2reg = 0.0001                 with score 67.84
22-11-14 02:17:56 - INFO - root: Best param found at split 3: l2reg = 0.0001                 with score 67.49
22-11-14 02:18:28 - INFO - root: Best param found at split 4: l2reg = 1e-05                 with score 68.01
22-11-14 02:18:57 - INFO - root: Best param found at split 5: l2reg = 1e-05                 with score 67.23
22-11-14 02:18:59 - INFO - root: Generating sentence embeddings
22-11-14 02:19:00 - INFO - root: Generated sentence embeddings
22-11-14 02:19:00 - INFO - root: Training pytorch-MLP-nhid0-rmsprop-bs128 with (inner) 5-fold cross-validation
22-11-14 02:19:10 - INFO - root: Best param found at split 1: l2reg = 0.01                 with score 77.38
22-11-14 02:19:21 - INFO - root: Best param found at split 2: l2reg = 1e-05                 with score 78.28
22-11-14 02:19:32 - INFO - root: Best param found at split 3: l2reg = 0.0001                 with score 78.05
22-11-14 02:19:42 - INFO - root: Best param found at split 4: l2reg = 1e-05                 with score 77.55
22-11-14 02:19:52 - INFO - root: Best param found at split 5: l2reg = 0.001                 with score 76.92
22-11-14 02:19:53 - INFO - root: Generating sentence embeddings
22-11-14 02:19:55 - INFO - root: Generated sentence embeddings
22-11-14 02:19:55 - INFO - root: Training pytorch-MLP-nhid0-rmsprop-bs128 with (inner) 5-fold cross-validation
22-11-14 02:20:23 - INFO - root: Best param found at split 1: l2reg = 0.01                 with score 88.7
22-11-14 02:20:51 - INFO - root: Best param found at split 2: l2reg = 0.01                 with score 89.35
22-11-14 02:21:20 - INFO - root: Best param found at split 3: l2reg = 1e-05                 with score 88.7
22-11-14 02:21:46 - INFO - root: Best param found at split 4: l2reg = 1e-05                 with score 88.45
22-11-14 02:22:16 - INFO - root: Best param found at split 5: l2reg = 0.0001                 with score 88.46
22-11-14 02:22:18 - INFO - root: Generating sentence embeddings
22-11-14 02:22:20 - INFO - root: Generated sentence embeddings
22-11-14 02:22:20 - INFO - root: Training pytorch-MLP-nhid0-rmsprop-bs128 with (inner) 5-fold cross-validation
22-11-14 02:22:41 - INFO - root: Best param found at split 1: l2reg = 0.01                 with score 86.02
22-11-14 02:23:09 - INFO - root: Best param found at split 2: l2reg = 0.01                 with score 85.61
22-11-14 02:23:34 - INFO - root: Best param found at split 3: l2reg = 0.01                 with score 85.53
22-11-14 02:24:04 - INFO - root: Best param found at split 4: l2reg = 0.01                 with score 83.51
22-11-14 02:24:30 - INFO - root: Best param found at split 5: l2reg = 0.01                 with score 83.38
22-11-14 02:24:32 - INFO - root: Computing embedding for train
22-11-14 02:24:33 - INFO - root: Computed train embeddings
22-11-14 02:24:33 - INFO - root: Computing embedding for dev
22-11-14 02:24:33 - INFO - root: Computed dev embeddings
22-11-14 02:24:33 - INFO - root: Computing embedding for test
22-11-14 02:24:34 - INFO - root: Computed test embeddings
22-11-14 02:24:34 - INFO - root: Training pytorch-MLP-nhid0-rmsprop-bs128 with standard validation..
22-11-14 02:24:40 - INFO - root: [('reg:1e-05', 33.97), ('reg:0.0001', 34.42), ('reg:0.001', 34.06), ('reg:0.01', 36.78)]
22-11-14 02:24:40 - INFO - root: Validation : best param found is reg = 0.01 with score             36.78
22-11-14 02:24:40 - INFO - root: Evaluating...
22-11-14 02:24:42 - INFO - root: ***** Transfer task : TREC *****


22-11-14 02:24:43 - INFO - root: Computed train embeddings
22-11-14 02:24:43 - INFO - root: Computed test embeddings
22-11-14 02:24:43 - INFO - root: Training pytorch-MLP-nhid0-rmsprop-bs128 with 5-fold cross-validation
22-11-14 02:24:59 - INFO - root: [('reg:1e-05', 78.45), ('reg:0.0001', 78.5), ('reg:0.001', 76.39), ('reg:0.01', 77.0)]
22-11-14 02:24:59 - INFO - root: Cross-validation : best param found is reg = 0.0001             with score 78.5
22-11-14 02:24:59 - INFO - root: Evaluating...
22-11-14 02:25:00 - INFO - root: ***** Transfer task : MRPC *****


22-11-14 02:25:00 - INFO - root: Computing embedding for train
22-11-14 02:25:01 - INFO - root: Computed train embeddings
22-11-14 02:25:01 - INFO - root: Computing embedding for test
22-11-14 02:25:02 - INFO - root: Computed test embeddings
22-11-14 02:25:02 - INFO - root: Training pytorch-MLP-nhid0-rmsprop-bs128 with 5-fold cross-validation
22-11-14 02:25:15 - INFO - root: [('reg:1e-05', 72.06), ('reg:0.0001', 71.76), ('reg:0.001', 71.91), ('reg:0.01', 72.3)]
22-11-14 02:25:15 - INFO - root: Cross-validation : best param found is reg = 0.01             with score 72.3
22-11-14 02:25:15 - INFO - root: Evaluating...
