22-11-13 23:24:47 - INFO - absl: Using ./models-tfhub to cache modules.
22-11-13 23:24:50 - INFO - __main__: m-USE model is loaded.
22-11-13 23:24:52 - INFO - __main__: Num of m-USE features: 512
22-11-13 23:24:52 - INFO - root: Generating sentence embeddings
22-11-13 23:24:54 - INFO - root: Generated sentence embeddings
22-11-13 23:24:54 - INFO - root: Training pytorch-MLP-nhid0-rmsprop-bs128 with (inner) 5-fold cross-validation
22-11-13 23:25:24 - INFO - root: Best param found at split 1: l2reg = 0.01                 with score 68.38
22-11-13 23:25:54 - INFO - root: Best param found at split 2: l2reg = 0.0001                 with score 67.89
22-11-13 23:26:25 - INFO - root: Best param found at split 3: l2reg = 0.001                 with score 67.46
22-11-13 23:26:56 - INFO - root: Best param found at split 4: l2reg = 0.01                 with score 68.65
22-11-13 23:27:29 - INFO - root: Best param found at split 5: l2reg = 0.001                 with score 68.07
22-11-13 23:27:31 - INFO - root: Generating sentence embeddings
22-11-13 23:27:32 - INFO - root: Generated sentence embeddings
22-11-13 23:27:32 - INFO - root: Training pytorch-MLP-nhid0-rmsprop-bs128 with (inner) 5-fold cross-validation
22-11-13 23:27:43 - INFO - root: Best param found at split 1: l2reg = 1e-05                 with score 77.19
22-11-13 23:27:54 - INFO - root: Best param found at split 2: l2reg = 1e-05                 with score 76.69
22-11-13 23:28:05 - INFO - root: Best param found at split 3: l2reg = 0.01                 with score 76.13
22-11-13 23:28:17 - INFO - root: Best param found at split 4: l2reg = 0.0001                 with score 75.53
22-11-13 23:28:29 - INFO - root: Best param found at split 5: l2reg = 0.01                 with score 76.49
22-11-13 23:28:29 - INFO - root: Generating sentence embeddings
22-11-13 23:28:31 - INFO - root: Generated sentence embeddings
22-11-13 23:28:31 - INFO - root: Training pytorch-MLP-nhid0-rmsprop-bs128 with (inner) 5-fold cross-validation
22-11-13 23:28:57 - INFO - root: Best param found at split 1: l2reg = 0.01                 with score 88.35
22-11-13 23:29:24 - INFO - root: Best param found at split 2: l2reg = 0.01                 with score 88.36
22-11-13 23:29:53 - INFO - root: Best param found at split 3: l2reg = 0.01                 with score 88.45
22-11-13 23:30:19 - INFO - root: Best param found at split 4: l2reg = 1e-05                 with score 87.96
22-11-13 23:30:46 - INFO - root: Best param found at split 5: l2reg = 0.01                 with score 87.98
22-11-13 23:30:48 - INFO - root: Generating sentence embeddings
22-11-13 23:30:50 - INFO - root: Generated sentence embeddings
22-11-13 23:30:50 - INFO - root: Training pytorch-MLP-nhid0-rmsprop-bs128 with (inner) 5-fold cross-validation
22-11-13 23:31:16 - INFO - root: Best param found at split 1: l2reg = 0.001                 with score 85.22
22-11-13 23:31:43 - INFO - root: Best param found at split 2: l2reg = 0.01                 with score 84.45
22-11-13 23:32:12 - INFO - root: Best param found at split 3: l2reg = 0.001                 with score 85.42
22-11-13 23:32:43 - INFO - root: Best param found at split 4: l2reg = 0.01                 with score 85.61
22-11-13 23:33:13 - INFO - root: Best param found at split 5: l2reg = 0.001                 with score 84.57
22-11-13 23:33:15 - INFO - root: Computing embedding for train
22-11-13 23:33:16 - INFO - root: Computed train embeddings
22-11-13 23:33:16 - INFO - root: Computing embedding for dev
22-11-13 23:33:16 - INFO - root: Computed dev embeddings
22-11-13 23:33:16 - INFO - root: Computing embedding for test
22-11-13 23:33:17 - INFO - root: Computed test embeddings
22-11-13 23:33:17 - INFO - root: Training pytorch-MLP-nhid0-rmsprop-bs128 with standard validation..
22-11-13 23:33:24 - INFO - root: [('reg:1e-05', 34.33), ('reg:0.0001', 34.6), ('reg:0.001', 35.51), ('reg:0.01', 34.7)]
22-11-13 23:33:24 - INFO - root: Validation : best param found is reg = 0.001 with score             35.51
22-11-13 23:33:24 - INFO - root: Evaluating...
22-11-13 23:33:26 - INFO - root: ***** Transfer task : TREC *****


22-11-13 23:33:27 - INFO - root: Computed train embeddings
22-11-13 23:33:27 - INFO - root: Computed test embeddings
22-11-13 23:33:27 - INFO - root: Training pytorch-MLP-nhid0-rmsprop-bs128 with 5-fold cross-validation
22-11-13 23:33:44 - INFO - root: [('reg:1e-05', 75.49), ('reg:0.0001', 75.49), ('reg:0.001', 75.42), ('reg:0.01', 74.69)]
22-11-13 23:33:44 - INFO - root: Cross-validation : best param found is reg = 1e-05             with score 75.49
22-11-13 23:33:44 - INFO - root: Evaluating...
22-11-13 23:33:45 - INFO - root: ***** Transfer task : MRPC *****


22-11-13 23:33:45 - INFO - root: Computing embedding for train
22-11-13 23:33:47 - INFO - root: Computed train embeddings
22-11-13 23:33:47 - INFO - root: Computing embedding for test
22-11-13 23:33:47 - INFO - root: Computed test embeddings
22-11-13 23:33:47 - INFO - root: Training pytorch-MLP-nhid0-rmsprop-bs128 with 5-fold cross-validation
22-11-13 23:34:00 - INFO - root: [('reg:1e-05', 71.86), ('reg:0.0001', 71.76), ('reg:0.001', 72.08), ('reg:0.01', 71.96)]
22-11-13 23:34:00 - INFO - root: Cross-validation : best param found is reg = 0.001             with score 72.08
22-11-13 23:34:00 - INFO - root: Evaluating...
