22-11-14 10:08:17 - INFO - absl: Using ./models-tfhub to cache modules.
22-11-14 10:08:19 - INFO - __main__: m-USE model is loaded.
22-11-14 10:08:22 - INFO - __main__: Num of m-USE features: 512
22-11-14 10:08:22 - INFO - root: Generating sentence embeddings
22-11-14 10:08:24 - INFO - root: Generated sentence embeddings
22-11-14 10:08:24 - INFO - root: Training pytorch-MLP-nhid0-rmsprop-bs128 with (inner) 5-fold cross-validation
22-11-14 10:08:53 - INFO - root: Best param found at split 1: l2reg = 0.001                 with score 69.84
22-11-14 10:09:22 - INFO - root: Best param found at split 2: l2reg = 0.0001                 with score 69.39
22-11-14 10:09:54 - INFO - root: Best param found at split 3: l2reg = 0.0001                 with score 68.72
22-11-14 10:10:20 - INFO - root: Best param found at split 4: l2reg = 0.001                 with score 68.38
22-11-14 10:10:52 - INFO - root: Best param found at split 5: l2reg = 1e-05                 with score 67.54
22-11-14 10:10:54 - INFO - root: Generating sentence embeddings
22-11-14 10:10:55 - INFO - root: Generated sentence embeddings
22-11-14 10:10:55 - INFO - root: Training pytorch-MLP-nhid0-rmsprop-bs128 with (inner) 5-fold cross-validation
22-11-14 10:11:05 - INFO - root: Best param found at split 1: l2reg = 0.001                 with score 79.8
22-11-14 10:11:16 - INFO - root: Best param found at split 2: l2reg = 0.01                 with score 80.2
22-11-14 10:11:27 - INFO - root: Best param found at split 3: l2reg = 0.01                 with score 79.83
22-11-14 10:11:39 - INFO - root: Best param found at split 4: l2reg = 1e-05                 with score 78.87
22-11-14 10:11:49 - INFO - root: Best param found at split 5: l2reg = 1e-05                 with score 77.32
22-11-14 10:11:50 - INFO - root: Generating sentence embeddings
22-11-14 10:11:51 - INFO - root: Generated sentence embeddings
22-11-14 10:11:51 - INFO - root: Training pytorch-MLP-nhid0-rmsprop-bs128 with (inner) 5-fold cross-validation
22-11-14 10:12:18 - INFO - root: Best param found at split 1: l2reg = 0.01                 with score 90.5
22-11-14 10:12:46 - INFO - root: Best param found at split 2: l2reg = 0.01                 with score 90.38
22-11-14 10:13:14 - INFO - root: Best param found at split 3: l2reg = 0.01                 with score 90.65
22-11-14 10:13:41 - INFO - root: Best param found at split 4: l2reg = 0.001                 with score 89.8
22-11-14 10:14:09 - INFO - root: Best param found at split 5: l2reg = 0.01                 with score 89.99
22-11-14 10:14:11 - INFO - root: Generating sentence embeddings
22-11-14 10:14:13 - INFO - root: Generated sentence embeddings
22-11-14 10:14:13 - INFO - root: Training pytorch-MLP-nhid0-rmsprop-bs128 with (inner) 5-fold cross-validation
22-11-14 10:14:39 - INFO - root: Best param found at split 1: l2reg = 0.01                 with score 86.93
22-11-14 10:15:09 - INFO - root: Best param found at split 2: l2reg = 0.01                 with score 86.46
22-11-14 10:15:38 - INFO - root: Best param found at split 3: l2reg = 0.01                 with score 86.92
22-11-14 10:16:09 - INFO - root: Best param found at split 4: l2reg = 0.01                 with score 87.2
22-11-14 10:16:34 - INFO - root: Best param found at split 5: l2reg = 0.001                 with score 85.07
22-11-14 10:16:35 - INFO - root: Computing embedding for train
22-11-14 10:16:37 - INFO - root: Computed train embeddings
22-11-14 10:16:37 - INFO - root: Computing embedding for dev
22-11-14 10:16:37 - INFO - root: Computed dev embeddings
22-11-14 10:16:37 - INFO - root: Computing embedding for test
22-11-14 10:16:38 - INFO - root: Computed test embeddings
22-11-14 10:16:38 - INFO - root: Training pytorch-MLP-nhid0-rmsprop-bs128 with standard validation..
22-11-14 10:16:45 - INFO - root: [('reg:1e-05', 34.79), ('reg:0.0001', 32.79), ('reg:0.001', 36.42), ('reg:0.01', 37.24)]
22-11-14 10:16:45 - INFO - root: Validation : best param found is reg = 0.01 with score             37.24
22-11-14 10:16:45 - INFO - root: Evaluating...
22-11-14 10:16:47 - INFO - root: ***** Transfer task : TREC *****


22-11-14 10:16:48 - INFO - root: Computed train embeddings
22-11-14 10:16:48 - INFO - root: Computed test embeddings
22-11-14 10:16:48 - INFO - root: Training pytorch-MLP-nhid0-rmsprop-bs128 with 5-fold cross-validation
22-11-14 10:17:06 - INFO - root: [('reg:1e-05', 79.86), ('reg:0.0001', 77.57), ('reg:0.001', 79.16), ('reg:0.01', 76.3)]
22-11-14 10:17:06 - INFO - root: Cross-validation : best param found is reg = 1e-05             with score 79.86
22-11-14 10:17:06 - INFO - root: Evaluating...
22-11-14 10:17:07 - INFO - root: ***** Transfer task : MRPC *****


22-11-14 10:17:07 - INFO - root: Computing embedding for train
22-11-14 10:17:09 - INFO - root: Computed train embeddings
22-11-14 10:17:09 - INFO - root: Computing embedding for test
22-11-14 10:17:09 - INFO - root: Computed test embeddings
22-11-14 10:17:09 - INFO - root: Training pytorch-MLP-nhid0-rmsprop-bs128 with 5-fold cross-validation
22-11-14 10:17:22 - INFO - root: [('reg:1e-05', 73.01), ('reg:0.0001', 73.6), ('reg:0.001', 73.28), ('reg:0.01', 72.4)]
22-11-14 10:17:22 - INFO - root: Cross-validation : best param found is reg = 0.0001             with score 73.6
22-11-14 10:17:22 - INFO - root: Evaluating...
