22-11-13 20:45:12 - INFO - absl: Using ./models-tfhub to cache modules.
22-11-13 20:45:15 - INFO - __main__: m-USE model is loaded.
22-11-13 20:45:17 - INFO - __main__: Num of m-USE features: 512
22-11-13 20:45:17 - INFO - root: Generating sentence embeddings
22-11-13 20:45:19 - INFO - root: Generated sentence embeddings
22-11-13 20:45:19 - INFO - root: Training pytorch-MLP-nhid0-rmsprop-bs128 with (inner) 5-fold cross-validation
22-11-13 20:45:50 - INFO - root: Best param found at split 1: l2reg = 1e-05                 with score 68.4
22-11-13 20:46:26 - INFO - root: Best param found at split 2: l2reg = 0.001                 with score 66.94
22-11-13 20:46:58 - INFO - root: Best param found at split 3: l2reg = 0.0001                 with score 67.23
22-11-13 20:47:28 - INFO - root: Best param found at split 4: l2reg = 0.01                 with score 67.4
22-11-13 20:47:54 - INFO - root: Best param found at split 5: l2reg = 0.01                 with score 67.02
22-11-13 20:47:55 - INFO - root: Generating sentence embeddings
22-11-13 20:47:56 - INFO - root: Generated sentence embeddings
22-11-13 20:47:56 - INFO - root: Training pytorch-MLP-nhid0-rmsprop-bs128 with (inner) 5-fold cross-validation
22-11-13 20:48:05 - INFO - root: Best param found at split 1: l2reg = 0.01                 with score 76.66
22-11-13 20:48:16 - INFO - root: Best param found at split 2: l2reg = 1e-05                 with score 76.75
22-11-13 20:48:26 - INFO - root: Best param found at split 3: l2reg = 0.01                 with score 77.42
22-11-13 20:48:37 - INFO - root: Best param found at split 4: l2reg = 1e-05                 with score 76.59
22-11-13 20:48:46 - INFO - root: Best param found at split 5: l2reg = 1e-05                 with score 76.36
22-11-13 20:48:47 - INFO - root: Generating sentence embeddings
22-11-13 20:48:48 - INFO - root: Generated sentence embeddings
22-11-13 20:48:48 - INFO - root: Training pytorch-MLP-nhid0-rmsprop-bs128 with (inner) 5-fold cross-validation
22-11-13 20:49:12 - INFO - root: Best param found at split 1: l2reg = 0.01                 with score 87.44
22-11-13 20:49:38 - INFO - root: Best param found at split 2: l2reg = 0.001                 with score 87.07
22-11-13 20:50:04 - INFO - root: Best param found at split 3: l2reg = 1e-05                 with score 87.14
22-11-13 20:50:29 - INFO - root: Best param found at split 4: l2reg = 1e-05                 with score 86.78
22-11-13 20:50:56 - INFO - root: Best param found at split 5: l2reg = 0.001                 with score 86.85
22-11-13 20:50:57 - INFO - root: Generating sentence embeddings
22-11-13 20:50:59 - INFO - root: Generated sentence embeddings
22-11-13 20:50:59 - INFO - root: Training pytorch-MLP-nhid0-rmsprop-bs128 with (inner) 5-fold cross-validation
22-11-13 20:51:26 - INFO - root: Best param found at split 1: l2reg = 0.01                 with score 84.09
22-11-13 20:51:58 - INFO - root: Best param found at split 2: l2reg = 1e-05                 with score 84.21
22-11-13 20:52:28 - INFO - root: Best param found at split 3: l2reg = 1e-05                 with score 84.54
22-11-13 20:52:59 - INFO - root: Best param found at split 4: l2reg = 1e-05                 with score 84.66
22-11-13 20:53:33 - INFO - root: Best param found at split 5: l2reg = 0.01                 with score 84.0
22-11-13 20:53:35 - INFO - root: Computing embedding for train
22-11-13 20:53:36 - INFO - root: Computed train embeddings
22-11-13 20:53:36 - INFO - root: Computing embedding for dev
22-11-13 20:53:37 - INFO - root: Computed dev embeddings
22-11-13 20:53:37 - INFO - root: Computing embedding for test
22-11-13 20:53:37 - INFO - root: Computed test embeddings
22-11-13 20:53:37 - INFO - root: Training pytorch-MLP-nhid0-rmsprop-bs128 with standard validation..
22-11-13 20:53:44 - INFO - root: [('reg:1e-05', 35.79), ('reg:0.0001', 35.79), ('reg:0.001', 35.33), ('reg:0.01', 34.6)]
22-11-13 20:53:44 - INFO - root: Validation : best param found is reg = 1e-05 with score             35.79
22-11-13 20:53:44 - INFO - root: Evaluating...
22-11-13 20:53:45 - INFO - root: ***** Transfer task : TREC *****


22-11-13 20:53:46 - INFO - root: Computed train embeddings
22-11-13 20:53:46 - INFO - root: Computed test embeddings
22-11-13 20:53:46 - INFO - root: Training pytorch-MLP-nhid0-rmsprop-bs128 with 5-fold cross-validation
22-11-13 20:54:04 - INFO - root: [('reg:1e-05', 73.97), ('reg:0.0001', 73.95), ('reg:0.001', 73.86), ('reg:0.01', 72.43)]
22-11-13 20:54:04 - INFO - root: Cross-validation : best param found is reg = 1e-05             with score 73.97
22-11-13 20:54:04 - INFO - root: Evaluating...
22-11-13 20:54:05 - INFO - root: ***** Transfer task : MRPC *****


22-11-13 20:54:05 - INFO - root: Computing embedding for train
22-11-13 20:54:07 - INFO - root: Computed train embeddings
22-11-13 20:54:07 - INFO - root: Computing embedding for test
22-11-13 20:54:08 - INFO - root: Computed test embeddings
22-11-13 20:54:08 - INFO - root: Training pytorch-MLP-nhid0-rmsprop-bs128 with 5-fold cross-validation
22-11-13 20:54:20 - INFO - root: [('reg:1e-05', 71.79), ('reg:0.0001', 71.69), ('reg:0.001', 71.83), ('reg:0.01', 72.2)]
22-11-13 20:54:20 - INFO - root: Cross-validation : best param found is reg = 0.01             with score 72.2
22-11-13 20:54:20 - INFO - root: Evaluating...
22-11-20 02:08:41 - INFO - absl: Using ./models-tfhub to cache modules.
22-11-20 02:08:44 - INFO - __main__: m-USE model is loaded.
22-11-20 02:08:46 - INFO - __main__: Num of m-USE features: 512
