22-11-13 23:40:02 - INFO - absl: Using ./models-tfhub to cache modules.
22-11-13 23:40:05 - INFO - __main__: m-USE model is loaded.
22-11-13 23:40:07 - INFO - __main__: Num of m-USE features: 512
22-11-13 23:40:07 - INFO - root: Generating sentence embeddings
22-11-13 23:40:09 - INFO - root: Generated sentence embeddings
22-11-13 23:40:09 - INFO - root: Training pytorch-MLP-nhid0-rmsprop-bs128 with (inner) 5-fold cross-validation
22-11-13 23:40:37 - INFO - root: Best param found at split 1: l2reg = 0.001                 with score 67.97
22-11-13 23:41:07 - INFO - root: Best param found at split 2: l2reg = 0.001                 with score 67.01
22-11-13 23:41:37 - INFO - root: Best param found at split 3: l2reg = 0.001                 with score 67.33
22-11-13 23:42:06 - INFO - root: Best param found at split 4: l2reg = 0.01                 with score 68.14
22-11-13 23:42:36 - INFO - root: Best param found at split 5: l2reg = 0.001                 with score 68.23
22-11-13 23:42:38 - INFO - root: Generating sentence embeddings
22-11-13 23:42:39 - INFO - root: Generated sentence embeddings
22-11-13 23:42:39 - INFO - root: Training pytorch-MLP-nhid0-rmsprop-bs128 with (inner) 5-fold cross-validation
22-11-13 23:42:49 - INFO - root: Best param found at split 1: l2reg = 1e-05                 with score 76.79
22-11-13 23:42:59 - INFO - root: Best param found at split 2: l2reg = 0.01                 with score 76.16
22-11-13 23:43:10 - INFO - root: Best param found at split 3: l2reg = 0.01                 with score 77.22
22-11-13 23:43:20 - INFO - root: Best param found at split 4: l2reg = 0.0001                 with score 76.09
22-11-13 23:43:31 - INFO - root: Best param found at split 5: l2reg = 0.0001                 with score 76.49
22-11-13 23:43:32 - INFO - root: Generating sentence embeddings
22-11-13 23:43:34 - INFO - root: Generated sentence embeddings
22-11-13 23:43:34 - INFO - root: Training pytorch-MLP-nhid0-rmsprop-bs128 with (inner) 5-fold cross-validation
22-11-13 23:44:00 - INFO - root: Best param found at split 1: l2reg = 0.01                 with score 88.66
22-11-13 23:44:31 - INFO - root: Best param found at split 2: l2reg = 0.01                 with score 88.69
22-11-13 23:44:57 - INFO - root: Best param found at split 3: l2reg = 0.0001                 with score 88.6
22-11-13 23:45:22 - INFO - root: Best param found at split 4: l2reg = 0.01                 with score 88.24
22-11-13 23:45:39 - INFO - root: Best param found at split 5: l2reg = 0.01                 with score 88.41
22-11-13 23:45:40 - INFO - root: Generating sentence embeddings
22-11-13 23:45:42 - INFO - root: Generated sentence embeddings
22-11-13 23:45:42 - INFO - root: Training pytorch-MLP-nhid0-rmsprop-bs128 with (inner) 5-fold cross-validation
22-11-13 23:46:00 - INFO - root: Best param found at split 1: l2reg = 0.0001                 with score 85.55
22-11-13 23:46:27 - INFO - root: Best param found at split 2: l2reg = 1e-05                 with score 84.21
22-11-13 23:46:59 - INFO - root: Best param found at split 3: l2reg = 1e-05                 with score 84.99
22-11-13 23:47:31 - INFO - root: Best param found at split 4: l2reg = 0.0001                 with score 83.97
22-11-13 23:47:57 - INFO - root: Best param found at split 5: l2reg = 0.01                 with score 84.04
22-11-13 23:47:59 - INFO - root: Computing embedding for train
22-11-13 23:48:00 - INFO - root: Computed train embeddings
22-11-13 23:48:00 - INFO - root: Computing embedding for dev
22-11-13 23:48:01 - INFO - root: Computed dev embeddings
22-11-13 23:48:01 - INFO - root: Computing embedding for test
22-11-13 23:48:01 - INFO - root: Computed test embeddings
22-11-13 23:48:01 - INFO - root: Training pytorch-MLP-nhid0-rmsprop-bs128 with standard validation..
22-11-13 23:48:08 - INFO - root: [('reg:1e-05', 34.33), ('reg:0.0001', 34.79), ('reg:0.001', 35.88), ('reg:0.01', 33.15)]
22-11-13 23:48:08 - INFO - root: Validation : best param found is reg = 0.001 with score             35.88
22-11-13 23:48:08 - INFO - root: Evaluating...
22-11-13 23:48:10 - INFO - root: ***** Transfer task : TREC *****


22-11-13 23:48:10 - INFO - root: Computed train embeddings
22-11-13 23:48:11 - INFO - root: Computed test embeddings
22-11-13 23:48:11 - INFO - root: Training pytorch-MLP-nhid0-rmsprop-bs128 with 5-fold cross-validation
22-11-13 23:48:28 - INFO - root: [('reg:1e-05', 75.99), ('reg:0.0001', 76.03), ('reg:0.001', 75.83), ('reg:0.01', 74.45)]
22-11-13 23:48:28 - INFO - root: Cross-validation : best param found is reg = 0.0001             with score 76.03
22-11-13 23:48:28 - INFO - root: Evaluating...
22-11-13 23:48:29 - INFO - root: ***** Transfer task : MRPC *****


22-11-13 23:48:30 - INFO - root: Computing embedding for train
22-11-13 23:48:31 - INFO - root: Computed train embeddings
22-11-13 23:48:31 - INFO - root: Computing embedding for test
22-11-13 23:48:32 - INFO - root: Computed test embeddings
22-11-13 23:48:32 - INFO - root: Training pytorch-MLP-nhid0-rmsprop-bs128 with 5-fold cross-validation
22-11-13 23:48:43 - INFO - root: [('reg:1e-05', 71.37), ('reg:0.0001', 71.05), ('reg:0.001', 71.1), ('reg:0.01', 71.39)]
22-11-13 23:48:43 - INFO - root: Cross-validation : best param found is reg = 0.01             with score 71.39
22-11-13 23:48:43 - INFO - root: Evaluating...
22-11-20 02:41:34 - INFO - absl: Using ./models-tfhub to cache modules.
22-11-20 02:41:37 - INFO - __main__: m-USE model is loaded.
22-11-20 02:41:39 - INFO - __main__: Num of m-USE features: 512
