22-11-14 06:21:35 - INFO - absl: Using ./models-tfhub to cache modules.
22-11-14 06:21:38 - INFO - __main__: m-USE model is loaded.
22-11-14 06:21:40 - INFO - __main__: Num of m-USE features: 512
22-11-14 06:21:40 - INFO - root: Generating sentence embeddings
22-11-14 06:21:42 - INFO - root: Generated sentence embeddings
22-11-14 06:21:42 - INFO - root: Training pytorch-MLP-nhid0-rmsprop-bs128 with (inner) 5-fold cross-validation
22-11-14 06:22:12 - INFO - root: Best param found at split 1: l2reg = 0.01                 with score 68.06
22-11-14 06:22:46 - INFO - root: Best param found at split 2: l2reg = 0.001                 with score 67.45
22-11-14 06:23:20 - INFO - root: Best param found at split 3: l2reg = 0.01                 with score 69.21
22-11-14 06:23:53 - INFO - root: Best param found at split 4: l2reg = 0.0001                 with score 69.04
22-11-14 06:24:24 - INFO - root: Best param found at split 5: l2reg = 0.001                 with score 67.2
22-11-14 06:24:26 - INFO - root: Generating sentence embeddings
22-11-14 06:24:26 - INFO - root: Generated sentence embeddings
22-11-14 06:24:26 - INFO - root: Training pytorch-MLP-nhid0-rmsprop-bs128 with (inner) 5-fold cross-validation
22-11-14 06:24:37 - INFO - root: Best param found at split 1: l2reg = 0.0001                 with score 76.56
22-11-14 06:24:48 - INFO - root: Best param found at split 2: l2reg = 0.001                 with score 78.38
22-11-14 06:24:59 - INFO - root: Best param found at split 3: l2reg = 0.001                 with score 78.21
22-11-14 06:25:09 - INFO - root: Best param found at split 4: l2reg = 0.001                 with score 78.64
22-11-14 06:25:21 - INFO - root: Best param found at split 5: l2reg = 0.001                 with score 78.01
22-11-14 06:25:22 - INFO - root: Generating sentence embeddings
22-11-14 06:25:24 - INFO - root: Generated sentence embeddings
22-11-14 06:25:24 - INFO - root: Training pytorch-MLP-nhid0-rmsprop-bs128 with (inner) 5-fold cross-validation
22-11-14 06:25:51 - INFO - root: Best param found at split 1: l2reg = 0.001                 with score 90.14
22-11-14 06:26:20 - INFO - root: Best param found at split 2: l2reg = 0.01                 with score 90.24
22-11-14 06:26:48 - INFO - root: Best param found at split 3: l2reg = 0.0001                 with score 90.11
22-11-14 06:27:15 - INFO - root: Best param found at split 4: l2reg = 0.01                 with score 90.12
22-11-14 06:27:44 - INFO - root: Best param found at split 5: l2reg = 0.01                 with score 89.98
22-11-14 06:27:46 - INFO - root: Generating sentence embeddings
22-11-14 06:27:48 - INFO - root: Generated sentence embeddings
22-11-14 06:27:48 - INFO - root: Training pytorch-MLP-nhid0-rmsprop-bs128 with (inner) 5-fold cross-validation
22-11-14 06:28:12 - INFO - root: Best param found at split 1: l2reg = 0.01                 with score 87.06
22-11-14 06:28:42 - INFO - root: Best param found at split 2: l2reg = 0.01                 with score 86.05
22-11-14 06:29:11 - INFO - root: Best param found at split 3: l2reg = 0.01                 with score 86.6
22-11-14 06:29:42 - INFO - root: Best param found at split 4: l2reg = 1e-05                 with score 85.77
22-11-14 06:30:09 - INFO - root: Best param found at split 5: l2reg = 1e-05                 with score 85.69
22-11-14 06:30:10 - INFO - root: Computing embedding for train
22-11-14 06:30:12 - INFO - root: Computed train embeddings
22-11-14 06:30:12 - INFO - root: Computing embedding for dev
22-11-14 06:30:12 - INFO - root: Computed dev embeddings
22-11-14 06:30:12 - INFO - root: Computing embedding for test
22-11-14 06:30:13 - INFO - root: Computed test embeddings
22-11-14 06:30:13 - INFO - root: Training pytorch-MLP-nhid0-rmsprop-bs128 with standard validation..
22-11-14 06:30:17 - INFO - root: [('reg:1e-05', 34.42), ('reg:0.0001', 34.88), ('reg:0.001', 35.06), ('reg:0.01', 36.06)]
22-11-14 06:30:17 - INFO - root: Validation : best param found is reg = 0.01 with score             36.06
22-11-14 06:30:17 - INFO - root: Evaluating...
22-11-14 06:30:18 - INFO - root: ***** Transfer task : TREC *****


22-11-14 06:30:19 - INFO - root: Computed train embeddings
22-11-14 06:30:19 - INFO - root: Computed test embeddings
22-11-14 06:30:19 - INFO - root: Training pytorch-MLP-nhid0-rmsprop-bs128 with 5-fold cross-validation
22-11-14 06:30:31 - INFO - root: [('reg:1e-05', 80.7), ('reg:0.0001', 80.98), ('reg:0.001', 81.44), ('reg:0.01', 78.56)]
22-11-14 06:30:31 - INFO - root: Cross-validation : best param found is reg = 0.001             with score 81.44
22-11-14 06:30:31 - INFO - root: Evaluating...
22-11-14 06:30:32 - INFO - root: ***** Transfer task : MRPC *****


22-11-14 06:30:32 - INFO - root: Computing embedding for train
22-11-14 06:30:33 - INFO - root: Computed train embeddings
22-11-14 06:30:33 - INFO - root: Computing embedding for test
22-11-14 06:30:34 - INFO - root: Computed test embeddings
22-11-14 06:30:34 - INFO - root: Training pytorch-MLP-nhid0-rmsprop-bs128 with 5-fold cross-validation
22-11-14 06:30:47 - INFO - root: [('reg:1e-05', 73.09), ('reg:0.0001', 72.6), ('reg:0.001', 72.13), ('reg:0.01', 73.14)]
22-11-14 06:30:47 - INFO - root: Cross-validation : best param found is reg = 0.01             with score 73.14
22-11-14 06:30:47 - INFO - root: Evaluating...
22-11-20 04:01:28 - INFO - absl: Using ./models-tfhub to cache modules.
22-11-20 04:01:31 - INFO - __main__: m-USE model is loaded.
22-11-20 04:01:33 - INFO - __main__: Num of m-USE features: 512
