22-11-14 03:01:49 - INFO - absl: Using ./models-tfhub to cache modules.
22-11-14 03:01:52 - INFO - __main__: m-USE model is loaded.
22-11-14 03:01:54 - INFO - __main__: Num of m-USE features: 512
22-11-14 03:01:54 - INFO - root: Generating sentence embeddings
22-11-14 03:01:56 - INFO - root: Generated sentence embeddings
22-11-14 03:01:56 - INFO - root: Training pytorch-MLP-nhid0-rmsprop-bs128 with (inner) 5-fold cross-validation
22-11-14 03:02:24 - INFO - root: Best param found at split 1: l2reg = 1e-05                 with score 67.57
22-11-14 03:02:55 - INFO - root: Best param found at split 2: l2reg = 0.0001                 with score 67.02
22-11-14 03:03:29 - INFO - root: Best param found at split 3: l2reg = 1e-05                 with score 67.9
22-11-14 03:04:01 - INFO - root: Best param found at split 4: l2reg = 0.0001                 with score 68.11
22-11-14 03:04:31 - INFO - root: Best param found at split 5: l2reg = 1e-05                 with score 66.69
22-11-14 03:04:32 - INFO - root: Generating sentence embeddings
22-11-14 03:04:33 - INFO - root: Generated sentence embeddings
22-11-14 03:04:33 - INFO - root: Training pytorch-MLP-nhid0-rmsprop-bs128 with (inner) 5-fold cross-validation
22-11-14 03:04:44 - INFO - root: Best param found at split 1: l2reg = 0.001                 with score 78.44
22-11-14 03:04:54 - INFO - root: Best param found at split 2: l2reg = 0.01                 with score 77.32
22-11-14 03:05:03 - INFO - root: Best param found at split 3: l2reg = 0.0001                 with score 77.19
22-11-14 03:05:14 - INFO - root: Best param found at split 4: l2reg = 0.0001                 with score 76.52
22-11-14 03:05:24 - INFO - root: Best param found at split 5: l2reg = 0.01                 with score 76.99
22-11-14 03:05:25 - INFO - root: Generating sentence embeddings
22-11-14 03:05:27 - INFO - root: Generated sentence embeddings
22-11-14 03:05:27 - INFO - root: Training pytorch-MLP-nhid0-rmsprop-bs128 with (inner) 5-fold cross-validation
22-11-14 03:05:53 - INFO - root: Best param found at split 1: l2reg = 1e-05                 with score 88.71
22-11-14 03:06:21 - INFO - root: Best param found at split 2: l2reg = 0.01                 with score 89.2
22-11-14 03:06:47 - INFO - root: Best param found at split 3: l2reg = 0.01                 with score 88.65
22-11-14 03:07:15 - INFO - root: Best param found at split 4: l2reg = 0.01                 with score 88.46
22-11-14 03:07:42 - INFO - root: Best param found at split 5: l2reg = 0.01                 with score 88.74
22-11-14 03:07:44 - INFO - root: Generating sentence embeddings
22-11-14 03:07:45 - INFO - root: Generated sentence embeddings
22-11-14 03:07:45 - INFO - root: Training pytorch-MLP-nhid0-rmsprop-bs128 with (inner) 5-fold cross-validation
22-11-14 03:08:13 - INFO - root: Best param found at split 1: l2reg = 0.001                 with score 85.88
22-11-14 03:08:46 - INFO - root: Best param found at split 2: l2reg = 1e-05                 with score 85.4
22-11-14 03:09:15 - INFO - root: Best param found at split 3: l2reg = 0.01                 with score 85.76
22-11-14 03:09:47 - INFO - root: Best param found at split 4: l2reg = 0.001                 with score 85.85
22-11-14 03:10:15 - INFO - root: Best param found at split 5: l2reg = 0.001                 with score 84.96
22-11-14 03:10:16 - INFO - root: Computing embedding for train
22-11-14 03:10:18 - INFO - root: Computed train embeddings
22-11-14 03:10:18 - INFO - root: Computing embedding for dev
22-11-14 03:10:18 - INFO - root: Computed dev embeddings
22-11-14 03:10:18 - INFO - root: Computing embedding for test
22-11-14 03:10:19 - INFO - root: Computed test embeddings
22-11-14 03:10:19 - INFO - root: Training pytorch-MLP-nhid0-rmsprop-bs128 with standard validation..
22-11-14 03:10:25 - INFO - root: [('reg:1e-05', 33.7), ('reg:0.0001', 33.51), ('reg:0.001', 36.06), ('reg:0.01', 37.15)]
22-11-14 03:10:25 - INFO - root: Validation : best param found is reg = 0.01 with score             37.15
22-11-14 03:10:25 - INFO - root: Evaluating...
22-11-14 03:10:27 - INFO - root: ***** Transfer task : TREC *****


22-11-14 03:10:28 - INFO - root: Computed train embeddings
22-11-14 03:10:28 - INFO - root: Computed test embeddings
22-11-14 03:10:28 - INFO - root: Training pytorch-MLP-nhid0-rmsprop-bs128 with 5-fold cross-validation
22-11-14 03:10:46 - INFO - root: [('reg:1e-05', 76.08), ('reg:0.0001', 76.52), ('reg:0.001', 76.58), ('reg:0.01', 75.99)]
22-11-14 03:10:46 - INFO - root: Cross-validation : best param found is reg = 0.001             with score 76.58
22-11-14 03:10:46 - INFO - root: Evaluating...
22-11-14 03:10:47 - INFO - root: ***** Transfer task : MRPC *****


22-11-14 03:10:47 - INFO - root: Computing embedding for train
22-11-14 03:10:48 - INFO - root: Computed train embeddings
22-11-14 03:10:48 - INFO - root: Computing embedding for test
22-11-14 03:10:49 - INFO - root: Computed test embeddings
22-11-14 03:10:49 - INFO - root: Training pytorch-MLP-nhid0-rmsprop-bs128 with 5-fold cross-validation
22-11-14 03:11:04 - INFO - root: [('reg:1e-05', 70.85), ('reg:0.0001', 70.73), ('reg:0.001', 71.07), ('reg:0.01', 70.83)]
22-11-14 03:11:04 - INFO - root: Cross-validation : best param found is reg = 0.001             with score 71.07
22-11-14 03:11:04 - INFO - root: Evaluating...
