22-11-14 05:06:21 - INFO - absl: Using ./models-tfhub to cache modules.
22-11-14 05:06:23 - INFO - __main__: m-USE model is loaded.
22-11-14 05:06:26 - INFO - __main__: Num of m-USE features: 512
22-11-14 05:06:26 - INFO - root: Generating sentence embeddings
22-11-14 05:06:28 - INFO - root: Generated sentence embeddings
22-11-14 05:06:28 - INFO - root: Training pytorch-MLP-nhid0-rmsprop-bs128 with (inner) 5-fold cross-validation
22-11-14 05:06:57 - INFO - root: Best param found at split 1: l2reg = 0.0001                 with score 69.45
22-11-14 05:07:31 - INFO - root: Best param found at split 2: l2reg = 0.001                 with score 66.41
22-11-14 05:08:05 - INFO - root: Best param found at split 3: l2reg = 1e-05                 with score 68.94
22-11-14 05:08:23 - INFO - root: Best param found at split 4: l2reg = 0.01                 with score 68.52
22-11-14 05:08:42 - INFO - root: Best param found at split 5: l2reg = 1e-05                 with score 69.45
22-11-14 05:08:44 - INFO - root: Generating sentence embeddings
22-11-14 05:08:44 - INFO - root: Generated sentence embeddings
22-11-14 05:08:44 - INFO - root: Training pytorch-MLP-nhid0-rmsprop-bs128 with (inner) 5-fold cross-validation
22-11-14 05:08:55 - INFO - root: Best param found at split 1: l2reg = 0.0001                 with score 77.19
22-11-14 05:09:07 - INFO - root: Best param found at split 2: l2reg = 1e-05                 with score 79.21
22-11-14 05:09:17 - INFO - root: Best param found at split 3: l2reg = 0.001                 with score 77.42
22-11-14 05:09:28 - INFO - root: Best param found at split 4: l2reg = 0.01                 with score 76.72
22-11-14 05:09:38 - INFO - root: Best param found at split 5: l2reg = 0.01                 with score 76.85
22-11-14 05:09:39 - INFO - root: Generating sentence embeddings
22-11-14 05:09:40 - INFO - root: Generated sentence embeddings
22-11-14 05:09:40 - INFO - root: Training pytorch-MLP-nhid0-rmsprop-bs128 with (inner) 5-fold cross-validation
22-11-14 05:09:59 - INFO - root: Best param found at split 1: l2reg = 0.01                 with score 89.84
22-11-14 05:10:27 - INFO - root: Best param found at split 2: l2reg = 0.0001                 with score 89.82
22-11-14 05:10:57 - INFO - root: Best param found at split 3: l2reg = 0.01                 with score 89.71
22-11-14 05:11:26 - INFO - root: Best param found at split 4: l2reg = 0.0001                 with score 89.05
22-11-14 05:11:54 - INFO - root: Best param found at split 5: l2reg = 0.01                 with score 89.35
22-11-14 05:11:56 - INFO - root: Generating sentence embeddings
22-11-14 05:11:58 - INFO - root: Generated sentence embeddings
22-11-14 05:11:58 - INFO - root: Training pytorch-MLP-nhid0-rmsprop-bs128 with (inner) 5-fold cross-validation
22-11-14 05:12:25 - INFO - root: Best param found at split 1: l2reg = 0.001                 with score 86.96
22-11-14 05:12:56 - INFO - root: Best param found at split 2: l2reg = 0.01                 with score 86.09
22-11-14 05:13:27 - INFO - root: Best param found at split 3: l2reg = 0.01                 with score 86.28
22-11-14 05:13:56 - INFO - root: Best param found at split 4: l2reg = 1e-05                 with score 85.77
22-11-14 05:14:23 - INFO - root: Best param found at split 5: l2reg = 0.001                 with score 83.36
22-11-14 05:14:25 - INFO - root: Computing embedding for train
22-11-14 05:14:26 - INFO - root: Computed train embeddings
22-11-14 05:14:26 - INFO - root: Computing embedding for dev
22-11-14 05:14:26 - INFO - root: Computed dev embeddings
22-11-14 05:14:26 - INFO - root: Computing embedding for test
22-11-14 05:14:27 - INFO - root: Computed test embeddings
22-11-14 05:14:27 - INFO - root: Training pytorch-MLP-nhid0-rmsprop-bs128 with standard validation..
22-11-14 05:14:33 - INFO - root: [('reg:1e-05', 35.51), ('reg:0.0001', 35.88), ('reg:0.001', 37.06), ('reg:0.01', 33.51)]
22-11-14 05:14:33 - INFO - root: Validation : best param found is reg = 0.001 with score             37.06
22-11-14 05:14:33 - INFO - root: Evaluating...
22-11-14 05:14:35 - INFO - root: ***** Transfer task : TREC *****


22-11-14 05:14:36 - INFO - root: Computed train embeddings
22-11-14 05:14:36 - INFO - root: Computed test embeddings
22-11-14 05:14:36 - INFO - root: Training pytorch-MLP-nhid0-rmsprop-bs128 with 5-fold cross-validation
22-11-14 05:14:54 - INFO - root: [('reg:1e-05', 80.91), ('reg:0.0001', 80.72), ('reg:0.001', 80.81), ('reg:0.01', 78.81)]
22-11-14 05:14:54 - INFO - root: Cross-validation : best param found is reg = 1e-05             with score 80.91
22-11-14 05:14:54 - INFO - root: Evaluating...
22-11-14 05:14:55 - INFO - root: ***** Transfer task : MRPC *****


22-11-14 05:14:55 - INFO - root: Computing embedding for train
22-11-14 05:14:56 - INFO - root: Computed train embeddings
22-11-14 05:14:56 - INFO - root: Computing embedding for test
22-11-14 05:14:57 - INFO - root: Computed test embeddings
22-11-14 05:14:57 - INFO - root: Training pytorch-MLP-nhid0-rmsprop-bs128 with 5-fold cross-validation
22-11-14 05:15:10 - INFO - root: [('reg:1e-05', 71.79), ('reg:0.0001', 71.98), ('reg:0.001', 71.91), ('reg:0.01', 71.69)]
22-11-14 05:15:10 - INFO - root: Cross-validation : best param found is reg = 0.0001             with score 71.98
22-11-14 05:15:10 - INFO - root: Evaluating...
