22-11-14 05:36:04 - INFO - absl: Using ./models-tfhub to cache modules.
22-11-14 05:36:06 - INFO - __main__: m-USE model is loaded.
22-11-14 05:36:09 - INFO - __main__: Num of m-USE features: 512
22-11-14 05:36:09 - INFO - root: Generating sentence embeddings
22-11-14 05:36:11 - INFO - root: Generated sentence embeddings
22-11-14 05:36:11 - INFO - root: Training pytorch-MLP-nhid0-rmsprop-bs128 with (inner) 5-fold cross-validation
22-11-14 05:36:37 - INFO - root: Best param found at split 1: l2reg = 0.001                 with score 66.92
22-11-14 05:37:07 - INFO - root: Best param found at split 2: l2reg = 1e-05                 with score 68.31
22-11-14 05:37:43 - INFO - root: Best param found at split 3: l2reg = 1e-05                 with score 68.87
22-11-14 05:38:11 - INFO - root: Best param found at split 4: l2reg = 0.001                 with score 67.37
22-11-14 05:38:45 - INFO - root: Best param found at split 5: l2reg = 0.0001                 with score 67.66
22-11-14 05:38:47 - INFO - root: Generating sentence embeddings
22-11-14 05:38:47 - INFO - root: Generated sentence embeddings
22-11-14 05:38:47 - INFO - root: Training pytorch-MLP-nhid0-rmsprop-bs128 with (inner) 5-fold cross-validation
22-11-14 05:38:57 - INFO - root: Best param found at split 1: l2reg = 0.001                 with score 78.01
22-11-14 05:39:08 - INFO - root: Best param found at split 2: l2reg = 0.01                 with score 78.34
22-11-14 05:39:19 - INFO - root: Best param found at split 3: l2reg = 0.001                 with score 78.41
22-11-14 05:39:30 - INFO - root: Best param found at split 4: l2reg = 0.001                 with score 76.95
22-11-14 05:39:42 - INFO - root: Best param found at split 5: l2reg = 0.01                 with score 77.78
22-11-14 05:39:43 - INFO - root: Generating sentence embeddings
22-11-14 05:39:45 - INFO - root: Generated sentence embeddings
22-11-14 05:39:45 - INFO - root: Training pytorch-MLP-nhid0-rmsprop-bs128 with (inner) 5-fold cross-validation
22-11-14 05:40:11 - INFO - root: Best param found at split 1: l2reg = 0.01                 with score 89.38
22-11-14 05:40:39 - INFO - root: Best param found at split 2: l2reg = 0.001                 with score 90.1
22-11-14 05:41:07 - INFO - root: Best param found at split 3: l2reg = 0.01                 with score 90.22
22-11-14 05:41:34 - INFO - root: Best param found at split 4: l2reg = 1e-05                 with score 89.6
22-11-14 05:42:02 - INFO - root: Best param found at split 5: l2reg = 0.001                 with score 89.4
22-11-14 05:42:03 - INFO - root: Generating sentence embeddings
22-11-14 05:42:05 - INFO - root: Generated sentence embeddings
22-11-14 05:42:05 - INFO - root: Training pytorch-MLP-nhid0-rmsprop-bs128 with (inner) 5-fold cross-validation
22-11-14 05:42:31 - INFO - root: Best param found at split 1: l2reg = 0.01                 with score 86.02
22-11-14 05:43:02 - INFO - root: Best param found at split 2: l2reg = 0.01                 with score 84.75
22-11-14 05:43:30 - INFO - root: Best param found at split 3: l2reg = 0.0001                 with score 86.42
22-11-14 05:43:59 - INFO - root: Best param found at split 4: l2reg = 0.01                 with score 85.94
22-11-14 05:44:27 - INFO - root: Best param found at split 5: l2reg = 0.01                 with score 84.74
22-11-14 05:44:29 - INFO - root: Computing embedding for train
22-11-14 05:44:30 - INFO - root: Computed train embeddings
22-11-14 05:44:30 - INFO - root: Computing embedding for dev
22-11-14 05:44:30 - INFO - root: Computed dev embeddings
22-11-14 05:44:30 - INFO - root: Computing embedding for test
22-11-14 05:44:31 - INFO - root: Computed test embeddings
22-11-14 05:44:31 - INFO - root: Training pytorch-MLP-nhid0-rmsprop-bs128 with standard validation..
22-11-14 05:44:38 - INFO - root: [('reg:1e-05', 35.6), ('reg:0.0001', 35.51), ('reg:0.001', 35.42), ('reg:0.01', 34.79)]
22-11-14 05:44:38 - INFO - root: Validation : best param found is reg = 1e-05 with score             35.6
22-11-14 05:44:38 - INFO - root: Evaluating...
22-11-14 05:44:40 - INFO - root: ***** Transfer task : TREC *****


22-11-14 05:44:41 - INFO - root: Computed train embeddings
22-11-14 05:44:41 - INFO - root: Computed test embeddings
22-11-14 05:44:41 - INFO - root: Training pytorch-MLP-nhid0-rmsprop-bs128 with 5-fold cross-validation
22-11-14 05:44:58 - INFO - root: [('reg:1e-05', 77.7), ('reg:0.0001', 78.14), ('reg:0.001', 76.6), ('reg:0.01', 77.37)]
22-11-14 05:44:58 - INFO - root: Cross-validation : best param found is reg = 0.0001             with score 78.14
22-11-14 05:44:58 - INFO - root: Evaluating...
22-11-14 05:45:00 - INFO - root: ***** Transfer task : MRPC *****


22-11-14 05:45:00 - INFO - root: Computing embedding for train
22-11-14 05:45:01 - INFO - root: Computed train embeddings
22-11-14 05:45:01 - INFO - root: Computing embedding for test
22-11-14 05:45:02 - INFO - root: Computed test embeddings
22-11-14 05:45:02 - INFO - root: Training pytorch-MLP-nhid0-rmsprop-bs128 with 5-fold cross-validation
22-11-14 05:45:14 - INFO - root: [('reg:1e-05', 72.6), ('reg:0.0001', 72.33), ('reg:0.001', 72.28), ('reg:0.01', 71.96)]
22-11-14 05:45:14 - INFO - root: Cross-validation : best param found is reg = 1e-05             with score 72.6
22-11-14 05:45:14 - INFO - root: Evaluating...
