22-11-14 13:04:12 - INFO - absl: Using ./models-tfhub to cache modules.
22-11-14 13:04:15 - INFO - __main__: m-USE model is loaded.
22-11-14 13:04:17 - INFO - __main__: Num of m-USE features: 512
22-11-14 13:04:17 - INFO - root: Generating sentence embeddings
22-11-14 13:04:19 - INFO - root: Generated sentence embeddings
22-11-14 13:04:19 - INFO - root: Training pytorch-MLP-nhid0-rmsprop-bs128 with (inner) 5-fold cross-validation
22-11-14 13:04:48 - INFO - root: Best param found at split 1: l2reg = 0.001                 with score 69.57
22-11-14 13:05:17 - INFO - root: Best param found at split 2: l2reg = 0.01                 with score 69.06
22-11-14 13:05:46 - INFO - root: Best param found at split 3: l2reg = 1e-05                 with score 69.0
22-11-14 13:06:16 - INFO - root: Best param found at split 4: l2reg = 1e-05                 with score 69.86
22-11-14 13:06:43 - INFO - root: Best param found at split 5: l2reg = 0.001                 with score 67.92
22-11-14 13:06:44 - INFO - root: Generating sentence embeddings
22-11-14 13:06:45 - INFO - root: Generated sentence embeddings
22-11-14 13:06:45 - INFO - root: Training pytorch-MLP-nhid0-rmsprop-bs128 with (inner) 5-fold cross-validation
22-11-14 13:06:55 - INFO - root: Best param found at split 1: l2reg = 0.001                 with score 76.95
22-11-14 13:07:06 - INFO - root: Best param found at split 2: l2reg = 0.001                 with score 80.83
22-11-14 13:07:17 - INFO - root: Best param found at split 3: l2reg = 0.01                 with score 78.54
22-11-14 13:07:27 - INFO - root: Best param found at split 4: l2reg = 0.0001                 with score 78.41
22-11-14 13:07:38 - INFO - root: Best param found at split 5: l2reg = 1e-05                 with score 79.14
22-11-14 13:07:39 - INFO - root: Generating sentence embeddings
22-11-14 13:07:41 - INFO - root: Generated sentence embeddings
22-11-14 13:07:41 - INFO - root: Training pytorch-MLP-nhid0-rmsprop-bs128 with (inner) 5-fold cross-validation
22-11-14 13:08:04 - INFO - root: Best param found at split 1: l2reg = 0.001                 with score 90.55
22-11-14 13:08:34 - INFO - root: Best param found at split 2: l2reg = 1e-05                 with score 90.48
22-11-14 13:09:02 - INFO - root: Best param found at split 3: l2reg = 0.001                 with score 90.55
22-11-14 13:09:30 - INFO - root: Best param found at split 4: l2reg = 1e-05                 with score 90.22
22-11-14 13:09:57 - INFO - root: Best param found at split 5: l2reg = 0.0001                 with score 90.04
22-11-14 13:09:59 - INFO - root: Generating sentence embeddings
22-11-14 13:10:01 - INFO - root: Generated sentence embeddings
22-11-14 13:10:01 - INFO - root: Training pytorch-MLP-nhid0-rmsprop-bs128 with (inner) 5-fold cross-validation
22-11-14 13:10:28 - INFO - root: Best param found at split 1: l2reg = 0.001                 with score 87.35
22-11-14 13:10:57 - INFO - root: Best param found at split 2: l2reg = 1e-05                 with score 86.61
22-11-14 13:11:27 - INFO - root: Best param found at split 3: l2reg = 0.001                 with score 86.76
22-11-14 13:11:57 - INFO - root: Best param found at split 4: l2reg = 0.01                 with score 87.24
22-11-14 13:12:23 - INFO - root: Best param found at split 5: l2reg = 0.001                 with score 86.12
22-11-14 13:12:25 - INFO - root: Computing embedding for train
22-11-14 13:12:26 - INFO - root: Computed train embeddings
22-11-14 13:12:26 - INFO - root: Computing embedding for dev
22-11-14 13:12:26 - INFO - root: Computed dev embeddings
22-11-14 13:12:26 - INFO - root: Computing embedding for test
22-11-14 13:12:27 - INFO - root: Computed test embeddings
22-11-14 13:12:27 - INFO - root: Training pytorch-MLP-nhid0-rmsprop-bs128 with standard validation..
22-11-14 13:12:34 - INFO - root: [('reg:1e-05', 36.6), ('reg:0.0001', 31.88), ('reg:0.001', 33.7), ('reg:0.01', 35.97)]
22-11-14 13:12:34 - INFO - root: Validation : best param found is reg = 1e-05 with score             36.6
22-11-14 13:12:34 - INFO - root: Evaluating...
22-11-14 13:12:36 - INFO - root: ***** Transfer task : TREC *****


22-11-14 13:12:37 - INFO - root: Computed train embeddings
22-11-14 13:12:37 - INFO - root: Computed test embeddings
22-11-14 13:12:37 - INFO - root: Training pytorch-MLP-nhid0-rmsprop-bs128 with 5-fold cross-validation
22-11-14 13:12:55 - INFO - root: [('reg:1e-05', 82.1), ('reg:0.0001', 80.32), ('reg:0.001', 81.71), ('reg:0.01', 79.81)]
22-11-14 13:12:55 - INFO - root: Cross-validation : best param found is reg = 1e-05             with score 82.1
22-11-14 13:12:55 - INFO - root: Evaluating...
22-11-14 13:12:56 - INFO - root: ***** Transfer task : MRPC *****


22-11-14 13:12:56 - INFO - root: Computing embedding for train
22-11-14 13:12:58 - INFO - root: Computed train embeddings
22-11-14 13:12:58 - INFO - root: Computing embedding for test
22-11-14 13:12:58 - INFO - root: Computed test embeddings
22-11-14 13:12:58 - INFO - root: Training pytorch-MLP-nhid0-rmsprop-bs128 with 5-fold cross-validation
22-11-14 13:13:10 - INFO - root: [('reg:1e-05', 73.31), ('reg:0.0001', 73.5), ('reg:0.001', 73.33), ('reg:0.01', 71.69)]
22-11-14 13:13:10 - INFO - root: Cross-validation : best param found is reg = 0.0001             with score 73.5
22-11-14 13:13:10 - INFO - root: Evaluating...
