22-11-14 08:22:32 - INFO - absl: Using ./models-tfhub to cache modules.
22-11-14 08:22:35 - INFO - __main__: m-USE model is loaded.
22-11-14 08:22:37 - INFO - __main__: Num of m-USE features: 512
22-11-14 08:22:37 - INFO - root: Generating sentence embeddings
22-11-14 08:22:40 - INFO - root: Generated sentence embeddings
22-11-14 08:22:40 - INFO - root: Training pytorch-MLP-nhid0-rmsprop-bs128 with (inner) 5-fold cross-validation
22-11-14 08:23:06 - INFO - root: Best param found at split 1: l2reg = 0.001                 with score 68.79
22-11-14 08:23:31 - INFO - root: Best param found at split 2: l2reg = 0.001                 with score 69.06
22-11-14 08:24:02 - INFO - root: Best param found at split 3: l2reg = 1e-05                 with score 68.43
22-11-14 08:24:34 - INFO - root: Best param found at split 4: l2reg = 0.001                 with score 68.8
22-11-14 08:25:03 - INFO - root: Best param found at split 5: l2reg = 1e-05                 with score 69.37
22-11-14 08:25:05 - INFO - root: Generating sentence embeddings
22-11-14 08:25:06 - INFO - root: Generated sentence embeddings
22-11-14 08:25:06 - INFO - root: Training pytorch-MLP-nhid0-rmsprop-bs128 with (inner) 5-fold cross-validation
22-11-14 08:25:16 - INFO - root: Best param found at split 1: l2reg = 0.01                 with score 78.54
22-11-14 08:25:26 - INFO - root: Best param found at split 2: l2reg = 0.01                 with score 79.37
22-11-14 08:25:37 - INFO - root: Best param found at split 3: l2reg = 0.01                 with score 78.84
22-11-14 08:25:48 - INFO - root: Best param found at split 4: l2reg = 0.0001                 with score 77.65
22-11-14 08:25:59 - INFO - root: Best param found at split 5: l2reg = 1e-05                 with score 76.99
22-11-14 08:26:00 - INFO - root: Generating sentence embeddings
22-11-14 08:26:02 - INFO - root: Generated sentence embeddings
22-11-14 08:26:02 - INFO - root: Training pytorch-MLP-nhid0-rmsprop-bs128 with (inner) 5-fold cross-validation
22-11-14 08:26:30 - INFO - root: Best param found at split 1: l2reg = 0.01                 with score 89.99
22-11-14 08:27:00 - INFO - root: Best param found at split 2: l2reg = 0.01                 with score 90.04
22-11-14 08:27:26 - INFO - root: Best param found at split 3: l2reg = 0.001                 with score 90.19
22-11-14 08:27:54 - INFO - root: Best param found at split 4: l2reg = 1e-05                 with score 89.85
22-11-14 08:28:22 - INFO - root: Best param found at split 5: l2reg = 0.01                 with score 89.74
22-11-14 08:28:23 - INFO - root: Generating sentence embeddings
22-11-14 08:28:25 - INFO - root: Generated sentence embeddings
22-11-14 08:28:25 - INFO - root: Training pytorch-MLP-nhid0-rmsprop-bs128 with (inner) 5-fold cross-validation
22-11-14 08:28:49 - INFO - root: Best param found at split 1: l2reg = 0.01                 with score 86.24
22-11-14 08:29:19 - INFO - root: Best param found at split 2: l2reg = 0.01                 with score 85.8
22-11-14 08:29:50 - INFO - root: Best param found at split 3: l2reg = 0.001                 with score 86.47
22-11-14 08:30:21 - INFO - root: Best param found at split 4: l2reg = 1e-05                 with score 86.75
22-11-14 08:30:47 - INFO - root: Best param found at split 5: l2reg = 0.01                 with score 85.28
22-11-14 08:30:48 - INFO - root: Computing embedding for train
22-11-14 08:30:50 - INFO - root: Computed train embeddings
22-11-14 08:30:50 - INFO - root: Computing embedding for dev
22-11-14 08:30:50 - INFO - root: Computed dev embeddings
22-11-14 08:30:50 - INFO - root: Computing embedding for test
22-11-14 08:30:51 - INFO - root: Computed test embeddings
22-11-14 08:30:51 - INFO - root: Training pytorch-MLP-nhid0-rmsprop-bs128 with standard validation..
22-11-14 08:30:59 - INFO - root: [('reg:1e-05', 36.24), ('reg:0.0001', 35.06), ('reg:0.001', 35.69), ('reg:0.01', 34.7)]
22-11-14 08:30:59 - INFO - root: Validation : best param found is reg = 1e-05 with score             36.24
22-11-14 08:30:59 - INFO - root: Evaluating...
22-11-14 08:31:00 - INFO - root: ***** Transfer task : TREC *****


22-11-14 08:31:02 - INFO - root: Computed train embeddings
22-11-14 08:31:02 - INFO - root: Computed test embeddings
22-11-14 08:31:02 - INFO - root: Training pytorch-MLP-nhid0-rmsprop-bs128 with 5-fold cross-validation
22-11-14 08:31:19 - INFO - root: [('reg:1e-05', 79.99), ('reg:0.0001', 80.83), ('reg:0.001', 80.03), ('reg:0.01', 78.5)]
22-11-14 08:31:19 - INFO - root: Cross-validation : best param found is reg = 0.0001             with score 80.83
22-11-14 08:31:19 - INFO - root: Evaluating...
22-11-14 08:31:22 - INFO - root: ***** Transfer task : MRPC *****


22-11-14 08:31:22 - INFO - root: Computing embedding for train
22-11-14 08:31:23 - INFO - root: Computed train embeddings
22-11-14 08:31:23 - INFO - root: Computing embedding for test
22-11-14 08:31:24 - INFO - root: Computed test embeddings
22-11-14 08:31:24 - INFO - root: Training pytorch-MLP-nhid0-rmsprop-bs128 with 5-fold cross-validation
22-11-14 08:31:36 - INFO - root: [('reg:1e-05', 71.81), ('reg:0.0001', 72.2), ('reg:0.001', 71.93), ('reg:0.01', 72.87)]
22-11-14 08:31:36 - INFO - root: Cross-validation : best param found is reg = 0.01             with score 72.87
22-11-14 08:31:36 - INFO - root: Evaluating...
