22-11-14 11:55:10 - INFO - absl: Using ./models-tfhub to cache modules.
22-11-14 11:55:12 - INFO - __main__: m-USE model is loaded.
22-11-14 11:55:15 - INFO - __main__: Num of m-USE features: 512
22-11-14 11:55:15 - INFO - root: Generating sentence embeddings
22-11-14 11:55:17 - INFO - root: Generated sentence embeddings
22-11-14 11:55:17 - INFO - root: Training pytorch-MLP-nhid0-rmsprop-bs128 with (inner) 5-fold cross-validation
22-11-14 11:55:45 - INFO - root: Best param found at split 1: l2reg = 0.01                 with score 68.85
22-11-14 11:56:17 - INFO - root: Best param found at split 2: l2reg = 0.001                 with score 68.06
22-11-14 11:56:50 - INFO - root: Best param found at split 3: l2reg = 0.0001                 with score 69.41
22-11-14 11:57:20 - INFO - root: Best param found at split 4: l2reg = 0.0001                 with score 69.54
22-11-14 11:57:51 - INFO - root: Best param found at split 5: l2reg = 1e-05                 with score 68.42
22-11-14 11:57:53 - INFO - root: Generating sentence embeddings
22-11-14 11:57:53 - INFO - root: Generated sentence embeddings
22-11-14 11:57:53 - INFO - root: Training pytorch-MLP-nhid0-rmsprop-bs128 with (inner) 5-fold cross-validation
22-11-14 11:58:04 - INFO - root: Best param found at split 1: l2reg = 1e-05                 with score 79.27
22-11-14 11:58:16 - INFO - root: Best param found at split 2: l2reg = 1e-05                 with score 78.94
22-11-14 11:58:27 - INFO - root: Best param found at split 3: l2reg = 0.01                 with score 79.07
22-11-14 11:58:39 - INFO - root: Best param found at split 4: l2reg = 0.0001                 with score 77.78
22-11-14 11:58:49 - INFO - root: Best param found at split 5: l2reg = 0.01                 with score 77.58
22-11-14 11:58:50 - INFO - root: Generating sentence embeddings
22-11-14 11:58:52 - INFO - root: Generated sentence embeddings
22-11-14 11:58:52 - INFO - root: Training pytorch-MLP-nhid0-rmsprop-bs128 with (inner) 5-fold cross-validation
22-11-14 11:59:18 - INFO - root: Best param found at split 1: l2reg = 0.001                 with score 90.3
22-11-14 11:59:44 - INFO - root: Best param found at split 2: l2reg = 0.001                 with score 90.06
22-11-14 12:00:11 - INFO - root: Best param found at split 3: l2reg = 0.001                 with score 90.33
22-11-14 12:00:38 - INFO - root: Best param found at split 4: l2reg = 0.01                 with score 89.9
22-11-14 12:01:07 - INFO - root: Best param found at split 5: l2reg = 0.01                 with score 89.84
22-11-14 12:01:09 - INFO - root: Generating sentence embeddings
22-11-14 12:01:11 - INFO - root: Generated sentence embeddings
22-11-14 12:01:11 - INFO - root: Training pytorch-MLP-nhid0-rmsprop-bs128 with (inner) 5-fold cross-validation
22-11-14 12:01:38 - INFO - root: Best param found at split 1: l2reg = 0.01                 with score 87.26
22-11-14 12:02:08 - INFO - root: Best param found at split 2: l2reg = 1e-05                 with score 85.41
22-11-14 12:02:38 - INFO - root: Best param found at split 3: l2reg = 0.01                 with score 86.74
22-11-14 12:03:07 - INFO - root: Best param found at split 4: l2reg = 1e-05                 with score 86.46
22-11-14 12:03:35 - INFO - root: Best param found at split 5: l2reg = 0.001                 with score 83.05
22-11-14 12:03:37 - INFO - root: Computing embedding for train
22-11-14 12:03:38 - INFO - root: Computed train embeddings
22-11-14 12:03:38 - INFO - root: Computing embedding for dev
22-11-14 12:03:39 - INFO - root: Computed dev embeddings
22-11-14 12:03:39 - INFO - root: Computing embedding for test
22-11-14 12:03:39 - INFO - root: Computed test embeddings
22-11-14 12:03:39 - INFO - root: Training pytorch-MLP-nhid0-rmsprop-bs128 with standard validation..
22-11-14 12:03:46 - INFO - root: [('reg:1e-05', 35.33), ('reg:0.0001', 35.42), ('reg:0.001', 35.6), ('reg:0.01', 34.97)]
22-11-14 12:03:46 - INFO - root: Validation : best param found is reg = 0.001 with score             35.6
22-11-14 12:03:46 - INFO - root: Evaluating...
22-11-14 12:03:48 - INFO - root: ***** Transfer task : TREC *****


22-11-14 12:03:49 - INFO - root: Computed train embeddings
22-11-14 12:03:49 - INFO - root: Computed test embeddings
22-11-14 12:03:49 - INFO - root: Training pytorch-MLP-nhid0-rmsprop-bs128 with 5-fold cross-validation
22-11-14 12:04:07 - INFO - root: [('reg:1e-05', 81.0), ('reg:0.0001', 81.02), ('reg:0.001', 81.16), ('reg:0.01', 79.05)]
22-11-14 12:04:07 - INFO - root: Cross-validation : best param found is reg = 0.001             with score 81.16
22-11-14 12:04:07 - INFO - root: Evaluating...
22-11-14 12:04:08 - INFO - root: ***** Transfer task : MRPC *****


22-11-14 12:04:09 - INFO - root: Computing embedding for train
22-11-14 12:04:10 - INFO - root: Computed train embeddings
22-11-14 12:04:10 - INFO - root: Computing embedding for test
22-11-14 12:04:11 - INFO - root: Computed test embeddings
22-11-14 12:04:11 - INFO - root: Training pytorch-MLP-nhid0-rmsprop-bs128 with 5-fold cross-validation
22-11-14 12:04:24 - INFO - root: [('reg:1e-05', 72.69), ('reg:0.0001', 71.57), ('reg:0.001', 72.72), ('reg:0.01', 74.26)]
22-11-14 12:04:24 - INFO - root: Cross-validation : best param found is reg = 0.01             with score 74.26
22-11-14 12:04:24 - INFO - root: Evaluating...
