22-11-14 00:27:02 - INFO - absl: Using ./models-tfhub to cache modules.
22-11-14 00:27:05 - INFO - __main__: m-USE model is loaded.
22-11-14 00:27:08 - INFO - __main__: Num of m-USE features: 512
22-11-14 00:27:08 - INFO - root: Generating sentence embeddings
22-11-14 00:27:10 - INFO - root: Generated sentence embeddings
22-11-14 00:27:10 - INFO - root: Training pytorch-MLP-nhid0-rmsprop-bs128 with (inner) 5-fold cross-validation
22-11-14 00:27:43 - INFO - root: Best param found at split 1: l2reg = 0.0001                 with score 68.77
22-11-14 00:28:12 - INFO - root: Best param found at split 2: l2reg = 0.001                 with score 67.16
22-11-14 00:28:43 - INFO - root: Best param found at split 3: l2reg = 0.01                 with score 69.04
22-11-14 00:29:12 - INFO - root: Best param found at split 4: l2reg = 0.001                 with score 67.66
22-11-14 00:29:43 - INFO - root: Best param found at split 5: l2reg = 0.001                 with score 68.25
22-11-14 00:29:45 - INFO - root: Generating sentence embeddings
22-11-14 00:29:46 - INFO - root: Generated sentence embeddings
22-11-14 00:29:46 - INFO - root: Training pytorch-MLP-nhid0-rmsprop-bs128 with (inner) 5-fold cross-validation
22-11-14 00:29:55 - INFO - root: Best param found at split 1: l2reg = 0.0001                 with score 78.44
22-11-14 00:30:02 - INFO - root: Best param found at split 2: l2reg = 0.001                 with score 77.45
22-11-14 00:30:08 - INFO - root: Best param found at split 3: l2reg = 1e-05                 with score 76.72
22-11-14 00:30:16 - INFO - root: Best param found at split 4: l2reg = 1e-05                 with score 77.42
22-11-14 00:30:27 - INFO - root: Best param found at split 5: l2reg = 0.01                 with score 77.48
22-11-14 00:30:28 - INFO - root: Generating sentence embeddings
22-11-14 00:30:30 - INFO - root: Generated sentence embeddings
22-11-14 00:30:30 - INFO - root: Training pytorch-MLP-nhid0-rmsprop-bs128 with (inner) 5-fold cross-validation
22-11-14 00:30:55 - INFO - root: Best param found at split 1: l2reg = 0.01                 with score 88.04
22-11-14 00:31:22 - INFO - root: Best param found at split 2: l2reg = 0.001                 with score 88.21
22-11-14 00:31:52 - INFO - root: Best param found at split 3: l2reg = 0.01                 with score 88.24
22-11-14 00:32:20 - INFO - root: Best param found at split 4: l2reg = 1e-05                 with score 87.46
22-11-14 00:32:45 - INFO - root: Best param found at split 5: l2reg = 0.001                 with score 87.72
22-11-14 00:32:47 - INFO - root: Generating sentence embeddings
22-11-14 00:32:49 - INFO - root: Generated sentence embeddings
22-11-14 00:32:49 - INFO - root: Training pytorch-MLP-nhid0-rmsprop-bs128 with (inner) 5-fold cross-validation
22-11-14 00:33:14 - INFO - root: Best param found at split 1: l2reg = 1e-05                 with score 84.92
22-11-14 00:33:45 - INFO - root: Best param found at split 2: l2reg = 0.001                 with score 84.54
22-11-14 00:34:14 - INFO - root: Best param found at split 3: l2reg = 0.01                 with score 84.8
22-11-14 00:34:44 - INFO - root: Best param found at split 4: l2reg = 0.001                 with score 84.0
22-11-14 00:35:13 - INFO - root: Best param found at split 5: l2reg = 0.01                 with score 83.82
22-11-14 00:35:15 - INFO - root: Computing embedding for train
22-11-14 00:35:16 - INFO - root: Computed train embeddings
22-11-14 00:35:16 - INFO - root: Computing embedding for dev
22-11-14 00:35:16 - INFO - root: Computed dev embeddings
22-11-14 00:35:16 - INFO - root: Computing embedding for test
22-11-14 00:35:17 - INFO - root: Computed test embeddings
22-11-14 00:35:17 - INFO - root: Training pytorch-MLP-nhid0-rmsprop-bs128 with standard validation..
22-11-14 00:35:25 - INFO - root: [('reg:1e-05', 34.15), ('reg:0.0001', 35.69), ('reg:0.001', 35.42), ('reg:0.01', 33.97)]
22-11-14 00:35:25 - INFO - root: Validation : best param found is reg = 0.0001 with score             35.69
22-11-14 00:35:25 - INFO - root: Evaluating...
22-11-14 00:35:27 - INFO - root: ***** Transfer task : TREC *****


22-11-14 00:35:28 - INFO - root: Computed train embeddings
22-11-14 00:35:28 - INFO - root: Computed test embeddings
22-11-14 00:35:28 - INFO - root: Training pytorch-MLP-nhid0-rmsprop-bs128 with 5-fold cross-validation
22-11-14 00:35:46 - INFO - root: [('reg:1e-05', 76.49), ('reg:0.0001', 76.23), ('reg:0.001', 75.0), ('reg:0.01', 73.46)]
22-11-14 00:35:46 - INFO - root: Cross-validation : best param found is reg = 1e-05             with score 76.49
22-11-14 00:35:46 - INFO - root: Evaluating...
22-11-14 00:35:47 - INFO - root: ***** Transfer task : MRPC *****


22-11-14 00:35:48 - INFO - root: Computing embedding for train
22-11-14 00:35:49 - INFO - root: Computed train embeddings
22-11-14 00:35:49 - INFO - root: Computing embedding for test
22-11-14 00:35:50 - INFO - root: Computed test embeddings
22-11-14 00:35:50 - INFO - root: Training pytorch-MLP-nhid0-rmsprop-bs128 with 5-fold cross-validation
22-11-14 00:36:01 - INFO - root: [('reg:1e-05', 72.1), ('reg:0.0001', 72.03), ('reg:0.001', 72.25), ('reg:0.01', 72.08)]
22-11-14 00:36:01 - INFO - root: Cross-validation : best param found is reg = 0.001             with score 72.25
22-11-14 00:36:01 - INFO - root: Evaluating...
