22-11-13 20:12:59 - INFO - absl: Using ./models-tfhub to cache modules.
22-11-13 20:13:02 - INFO - __main__: m-USE model is loaded.
22-11-13 20:13:04 - INFO - __main__: Num of m-USE features: 512
22-11-13 20:13:04 - INFO - root: Generating sentence embeddings
22-11-13 20:13:07 - INFO - root: Generated sentence embeddings
22-11-13 20:13:07 - INFO - root: Training pytorch-MLP-nhid0-rmsprop-bs128 with (inner) 5-fold cross-validation
22-11-13 20:13:39 - INFO - root: Best param found at split 1: l2reg = 0.01                 with score 67.97
22-11-13 20:14:15 - INFO - root: Best param found at split 2: l2reg = 0.0001                 with score 67.68
22-11-13 20:14:42 - INFO - root: Best param found at split 3: l2reg = 0.01                 with score 66.2
22-11-13 20:15:14 - INFO - root: Best param found at split 4: l2reg = 1e-05                 with score 67.62
22-11-13 20:15:44 - INFO - root: Best param found at split 5: l2reg = 0.01                 with score 67.87
22-11-13 20:15:46 - INFO - root: Generating sentence embeddings
22-11-13 20:15:47 - INFO - root: Generated sentence embeddings
22-11-13 20:15:47 - INFO - root: Training pytorch-MLP-nhid0-rmsprop-bs128 with (inner) 5-fold cross-validation
22-11-13 20:15:57 - INFO - root: Best param found at split 1: l2reg = 1e-05                 with score 77.42
22-11-13 20:16:06 - INFO - root: Best param found at split 2: l2reg = 0.001                 with score 78.01
22-11-13 20:16:16 - INFO - root: Best param found at split 3: l2reg = 0.0001                 with score 77.35
22-11-13 20:16:26 - INFO - root: Best param found at split 4: l2reg = 0.01                 with score 76.69
22-11-13 20:16:37 - INFO - root: Best param found at split 5: l2reg = 0.01                 with score 76.52
22-11-13 20:16:37 - INFO - root: Generating sentence embeddings
22-11-13 20:16:39 - INFO - root: Generated sentence embeddings
22-11-13 20:16:39 - INFO - root: Training pytorch-MLP-nhid0-rmsprop-bs128 with (inner) 5-fold cross-validation
22-11-13 20:17:04 - INFO - root: Best param found at split 1: l2reg = 0.001                 with score 87.84
22-11-13 20:17:29 - INFO - root: Best param found at split 2: l2reg = 0.01                 with score 87.71
22-11-13 20:17:56 - INFO - root: Best param found at split 3: l2reg = 1e-05                 with score 87.5
22-11-13 20:18:22 - INFO - root: Best param found at split 4: l2reg = 0.001                 with score 87.32
22-11-13 20:18:52 - INFO - root: Best param found at split 5: l2reg = 0.001                 with score 87.52
22-11-13 20:18:54 - INFO - root: Generating sentence embeddings
22-11-13 20:18:56 - INFO - root: Generated sentence embeddings
22-11-13 20:18:56 - INFO - root: Training pytorch-MLP-nhid0-rmsprop-bs128 with (inner) 5-fold cross-validation
22-11-13 20:19:20 - INFO - root: Best param found at split 1: l2reg = 0.01                 with score 83.46
22-11-13 20:19:49 - INFO - root: Best param found at split 2: l2reg = 0.01                 with score 83.75
22-11-13 20:20:20 - INFO - root: Best param found at split 3: l2reg = 0.01                 with score 84.5
22-11-13 20:20:51 - INFO - root: Best param found at split 4: l2reg = 0.01                 with score 84.42
22-11-13 20:21:22 - INFO - root: Best param found at split 5: l2reg = 1e-05                 with score 83.44
22-11-13 20:21:23 - INFO - root: Computing embedding for train
22-11-13 20:21:25 - INFO - root: Computed train embeddings
22-11-13 20:21:25 - INFO - root: Computing embedding for dev
22-11-13 20:21:25 - INFO - root: Computed dev embeddings
22-11-13 20:21:25 - INFO - root: Computing embedding for test
22-11-13 20:21:25 - INFO - root: Computed test embeddings
22-11-13 20:21:25 - INFO - root: Training pytorch-MLP-nhid0-rmsprop-bs128 with standard validation..
22-11-13 20:21:32 - INFO - root: [('reg:1e-05', 34.33), ('reg:0.0001', 34.33), ('reg:0.001', 34.79), ('reg:0.01', 35.6)]
22-11-13 20:21:32 - INFO - root: Validation : best param found is reg = 0.01 with score             35.6
22-11-13 20:21:32 - INFO - root: Evaluating...
22-11-13 20:21:33 - INFO - root: ***** Transfer task : TREC *****


22-11-13 20:21:34 - INFO - root: Computed train embeddings
22-11-13 20:21:34 - INFO - root: Computed test embeddings
22-11-13 20:21:34 - INFO - root: Training pytorch-MLP-nhid0-rmsprop-bs128 with 5-fold cross-validation
22-11-13 20:21:52 - INFO - root: [('reg:1e-05', 73.79), ('reg:0.0001', 73.83), ('reg:0.001', 73.53), ('reg:0.01', 71.85)]
22-11-13 20:21:52 - INFO - root: Cross-validation : best param found is reg = 0.0001             with score 73.83
22-11-13 20:21:52 - INFO - root: Evaluating...
22-11-13 20:21:53 - INFO - root: ***** Transfer task : MRPC *****


22-11-13 20:21:53 - INFO - root: Computing embedding for train
22-11-13 20:21:54 - INFO - root: Computed train embeddings
22-11-13 20:21:54 - INFO - root: Computing embedding for test
22-11-13 20:21:55 - INFO - root: Computed test embeddings
22-11-13 20:21:55 - INFO - root: Training pytorch-MLP-nhid0-rmsprop-bs128 with 5-fold cross-validation
22-11-13 20:22:08 - INFO - root: [('reg:1e-05', 71.81), ('reg:0.0001', 71.25), ('reg:0.001', 71.76), ('reg:0.01', 71.37)]
22-11-13 20:22:08 - INFO - root: Cross-validation : best param found is reg = 1e-05             with score 71.81
22-11-13 20:22:08 - INFO - root: Evaluating...
22-11-20 02:01:32 - INFO - absl: Using ./models-tfhub to cache modules.
22-11-20 02:01:35 - INFO - __main__: m-USE model is loaded.
22-11-20 02:01:37 - INFO - __main__: Num of m-USE features: 512
