22-11-14 06:38:58 - INFO - absl: Using ./models-tfhub to cache modules.
22-11-14 06:39:01 - INFO - __main__: m-USE model is loaded.
22-11-14 06:39:04 - INFO - __main__: Num of m-USE features: 512
22-11-14 06:39:04 - INFO - root: Generating sentence embeddings
22-11-14 06:39:06 - INFO - root: Generated sentence embeddings
22-11-14 06:39:06 - INFO - root: Training pytorch-MLP-nhid0-rmsprop-bs128 with (inner) 5-fold cross-validation
22-11-14 06:39:40 - INFO - root: Best param found at split 1: l2reg = 1e-05                 with score 70.02
22-11-14 06:40:13 - INFO - root: Best param found at split 2: l2reg = 0.01                 with score 67.31
22-11-14 06:40:44 - INFO - root: Best param found at split 3: l2reg = 0.001                 with score 67.54
22-11-14 06:41:15 - INFO - root: Best param found at split 4: l2reg = 0.0001                 with score 68.44
22-11-14 06:41:45 - INFO - root: Best param found at split 5: l2reg = 0.01                 with score 67.02
22-11-14 06:41:47 - INFO - root: Generating sentence embeddings
22-11-14 06:41:47 - INFO - root: Generated sentence embeddings
22-11-14 06:41:47 - INFO - root: Training pytorch-MLP-nhid0-rmsprop-bs128 with (inner) 5-fold cross-validation
22-11-14 06:41:59 - INFO - root: Best param found at split 1: l2reg = 0.0001                 with score 79.17
22-11-14 06:42:10 - INFO - root: Best param found at split 2: l2reg = 0.001                 with score 78.41
22-11-14 06:42:21 - INFO - root: Best param found at split 3: l2reg = 0.001                 with score 78.97
22-11-14 06:42:32 - INFO - root: Best param found at split 4: l2reg = 0.01                 with score 78.15
22-11-14 06:42:43 - INFO - root: Best param found at split 5: l2reg = 0.0001                 with score 77.35
22-11-14 06:42:44 - INFO - root: Generating sentence embeddings
22-11-14 06:42:46 - INFO - root: Generated sentence embeddings
22-11-14 06:42:46 - INFO - root: Training pytorch-MLP-nhid0-rmsprop-bs128 with (inner) 5-fold cross-validation
22-11-14 06:43:12 - INFO - root: Best param found at split 1: l2reg = 0.01                 with score 89.8
22-11-14 06:43:42 - INFO - root: Best param found at split 2: l2reg = 0.01                 with score 89.71
22-11-14 06:44:09 - INFO - root: Best param found at split 3: l2reg = 0.0001                 with score 89.25
22-11-14 06:44:36 - INFO - root: Best param found at split 4: l2reg = 0.01                 with score 89.57
22-11-14 06:45:04 - INFO - root: Best param found at split 5: l2reg = 0.01                 with score 89.65
22-11-14 06:45:05 - INFO - root: Generating sentence embeddings
22-11-14 06:45:07 - INFO - root: Generated sentence embeddings
22-11-14 06:45:07 - INFO - root: Training pytorch-MLP-nhid0-rmsprop-bs128 with (inner) 5-fold cross-validation
22-11-14 06:45:23 - INFO - root: Best param found at split 1: l2reg = 0.01                 with score 87.13
22-11-14 06:45:52 - INFO - root: Best param found at split 2: l2reg = 0.001                 with score 86.46
22-11-14 06:46:22 - INFO - root: Best param found at split 3: l2reg = 0.001                 with score 86.68
22-11-14 06:46:52 - INFO - root: Best param found at split 4: l2reg = 0.01                 with score 86.42
22-11-14 06:47:20 - INFO - root: Best param found at split 5: l2reg = 0.001                 with score 85.2
22-11-14 06:47:22 - INFO - root: Computing embedding for train
22-11-14 06:47:23 - INFO - root: Computed train embeddings
22-11-14 06:47:23 - INFO - root: Computing embedding for dev
22-11-14 06:47:24 - INFO - root: Computed dev embeddings
22-11-14 06:47:24 - INFO - root: Computing embedding for test
22-11-14 06:47:24 - INFO - root: Computed test embeddings
22-11-14 06:47:24 - INFO - root: Training pytorch-MLP-nhid0-rmsprop-bs128 with standard validation..
22-11-14 06:47:31 - INFO - root: [('reg:1e-05', 35.6), ('reg:0.0001', 34.33), ('reg:0.001', 30.88), ('reg:0.01', 30.97)]
22-11-14 06:47:31 - INFO - root: Validation : best param found is reg = 1e-05 with score             35.6
22-11-14 06:47:31 - INFO - root: Evaluating...
22-11-14 06:47:32 - INFO - root: ***** Transfer task : TREC *****


22-11-14 06:47:33 - INFO - root: Computed train embeddings
22-11-14 06:47:34 - INFO - root: Computed test embeddings
22-11-14 06:47:34 - INFO - root: Training pytorch-MLP-nhid0-rmsprop-bs128 with 5-fold cross-validation
22-11-14 06:47:52 - INFO - root: [('reg:1e-05', 80.87), ('reg:0.0001', 80.65), ('reg:0.001', 81.11), ('reg:0.01', 75.99)]
22-11-14 06:47:52 - INFO - root: Cross-validation : best param found is reg = 0.001             with score 81.11
22-11-14 06:47:52 - INFO - root: Evaluating...
22-11-14 06:47:53 - INFO - root: ***** Transfer task : MRPC *****


22-11-14 06:47:53 - INFO - root: Computing embedding for train
22-11-14 06:47:54 - INFO - root: Computed train embeddings
22-11-14 06:47:54 - INFO - root: Computing embedding for test
22-11-14 06:47:55 - INFO - root: Computed test embeddings
22-11-14 06:47:55 - INFO - root: Training pytorch-MLP-nhid0-rmsprop-bs128 with 5-fold cross-validation
22-11-14 06:48:08 - INFO - root: [('reg:1e-05', 72.64), ('reg:0.0001', 71.37), ('reg:0.001', 71.64), ('reg:0.01', 72.06)]
22-11-14 06:48:08 - INFO - root: Cross-validation : best param found is reg = 1e-05             with score 72.64
22-11-14 06:48:08 - INFO - root: Evaluating...
22-11-20 04:05:46 - INFO - absl: Using ./models-tfhub to cache modules.
22-11-20 04:05:49 - INFO - __main__: m-USE model is loaded.
22-11-20 04:05:51 - INFO - __main__: Num of m-USE features: 512
