22-11-14 11:19:30 - INFO - absl: Using ./models-tfhub to cache modules.
22-11-14 11:19:33 - INFO - __main__: m-USE model is loaded.
22-11-14 11:19:35 - INFO - __main__: Num of m-USE features: 512
22-11-14 11:19:35 - INFO - root: Generating sentence embeddings
22-11-14 11:19:37 - INFO - root: Generated sentence embeddings
22-11-14 11:19:37 - INFO - root: Training pytorch-MLP-nhid0-rmsprop-bs128 with (inner) 5-fold cross-validation
22-11-14 11:20:08 - INFO - root: Best param found at split 1: l2reg = 0.01                 with score 69.6
22-11-14 11:20:42 - INFO - root: Best param found at split 2: l2reg = 0.01                 with score 69.43
22-11-14 11:21:15 - INFO - root: Best param found at split 3: l2reg = 1e-05                 with score 68.69
22-11-14 11:21:44 - INFO - root: Best param found at split 4: l2reg = 1e-05                 with score 68.36
22-11-14 11:22:11 - INFO - root: Best param found at split 5: l2reg = 1e-05                 with score 67.75
22-11-14 11:22:13 - INFO - root: Generating sentence embeddings
22-11-14 11:22:14 - INFO - root: Generated sentence embeddings
22-11-14 11:22:14 - INFO - root: Training pytorch-MLP-nhid0-rmsprop-bs128 with (inner) 5-fold cross-validation
22-11-14 11:22:25 - INFO - root: Best param found at split 1: l2reg = 0.0001                 with score 79.14
22-11-14 11:22:37 - INFO - root: Best param found at split 2: l2reg = 0.001                 with score 79.14
22-11-14 11:22:47 - INFO - root: Best param found at split 3: l2reg = 1e-05                 with score 77.91
22-11-14 11:22:57 - INFO - root: Best param found at split 4: l2reg = 1e-05                 with score 78.41
22-11-14 11:23:07 - INFO - root: Best param found at split 5: l2reg = 1e-05                 with score 78.68
22-11-14 11:23:08 - INFO - root: Generating sentence embeddings
22-11-14 11:23:10 - INFO - root: Generated sentence embeddings
22-11-14 11:23:10 - INFO - root: Training pytorch-MLP-nhid0-rmsprop-bs128 with (inner) 5-fold cross-validation
22-11-14 11:23:38 - INFO - root: Best param found at split 1: l2reg = 0.01                 with score 90.61
22-11-14 11:24:04 - INFO - root: Best param found at split 2: l2reg = 1e-05                 with score 90.16
22-11-14 11:24:32 - INFO - root: Best param found at split 3: l2reg = 0.01                 with score 90.42
22-11-14 11:24:58 - INFO - root: Best param found at split 4: l2reg = 0.001                 with score 89.91
22-11-14 11:25:26 - INFO - root: Best param found at split 5: l2reg = 0.01                 with score 90.05
22-11-14 11:25:29 - INFO - root: Generating sentence embeddings
22-11-14 11:25:31 - INFO - root: Generated sentence embeddings
22-11-14 11:25:31 - INFO - root: Training pytorch-MLP-nhid0-rmsprop-bs128 with (inner) 5-fold cross-validation
22-11-14 11:25:58 - INFO - root: Best param found at split 1: l2reg = 0.0001                 with score 86.94
22-11-14 11:26:28 - INFO - root: Best param found at split 2: l2reg = 1e-05                 with score 86.09
22-11-14 11:27:00 - INFO - root: Best param found at split 3: l2reg = 1e-05                 with score 86.67
22-11-14 11:27:29 - INFO - root: Best param found at split 4: l2reg = 0.0001                 with score 86.76
22-11-14 11:27:57 - INFO - root: Best param found at split 5: l2reg = 1e-05                 with score 86.02
22-11-14 11:27:58 - INFO - root: Computing embedding for train
22-11-14 11:27:59 - INFO - root: Computed train embeddings
22-11-14 11:27:59 - INFO - root: Computing embedding for dev
22-11-14 11:28:00 - INFO - root: Computed dev embeddings
22-11-14 11:28:00 - INFO - root: Computing embedding for test
22-11-14 11:28:00 - INFO - root: Computed test embeddings
22-11-14 11:28:00 - INFO - root: Training pytorch-MLP-nhid0-rmsprop-bs128 with standard validation..
22-11-14 11:28:07 - INFO - root: [('reg:1e-05', 35.06), ('reg:0.0001', 34.79), ('reg:0.001', 35.97), ('reg:0.01', 34.97)]
22-11-14 11:28:07 - INFO - root: Validation : best param found is reg = 0.001 with score             35.97
22-11-14 11:28:07 - INFO - root: Evaluating...
22-11-14 11:28:09 - INFO - root: ***** Transfer task : TREC *****


22-11-14 11:28:10 - INFO - root: Computed train embeddings
22-11-14 11:28:10 - INFO - root: Computed test embeddings
22-11-14 11:28:10 - INFO - root: Training pytorch-MLP-nhid0-rmsprop-bs128 with 5-fold cross-validation
22-11-14 11:28:27 - INFO - root: [('reg:1e-05', 82.15), ('reg:0.0001', 82.34), ('reg:0.001', 82.61), ('reg:0.01', 80.15)]
22-11-14 11:28:27 - INFO - root: Cross-validation : best param found is reg = 0.001             with score 82.61
22-11-14 11:28:27 - INFO - root: Evaluating...
22-11-14 11:28:28 - INFO - root: ***** Transfer task : MRPC *****


22-11-14 11:28:28 - INFO - root: Computing embedding for train
22-11-14 11:28:30 - INFO - root: Computed train embeddings
22-11-14 11:28:30 - INFO - root: Computing embedding for test
22-11-14 11:28:30 - INFO - root: Computed test embeddings
22-11-14 11:28:30 - INFO - root: Training pytorch-MLP-nhid0-rmsprop-bs128 with 5-fold cross-validation
22-11-14 11:28:44 - INFO - root: [('reg:1e-05', 73.28), ('reg:0.0001', 72.33), ('reg:0.001', 73.7), ('reg:0.01', 73.94)]
22-11-14 11:28:44 - INFO - root: Cross-validation : best param found is reg = 0.01             with score 73.94
22-11-14 11:28:44 - INFO - root: Evaluating...
22-11-20 05:15:04 - INFO - absl: Using ./models-tfhub to cache modules.
22-11-20 05:15:07 - INFO - __main__: m-USE model is loaded.
22-11-20 05:15:09 - INFO - __main__: Num of m-USE features: 512
