22-11-14 13:21:02 - INFO - absl: Using ./models-tfhub to cache modules.
22-11-14 13:21:05 - INFO - __main__: m-USE model is loaded.
22-11-14 13:21:07 - INFO - __main__: Num of m-USE features: 512
22-11-14 13:21:07 - INFO - root: Generating sentence embeddings
22-11-14 13:21:09 - INFO - root: Generated sentence embeddings
22-11-14 13:21:09 - INFO - root: Training pytorch-MLP-nhid0-rmsprop-bs128 with (inner) 5-fold cross-validation
22-11-14 13:21:40 - INFO - root: Best param found at split 1: l2reg = 0.0001                 with score 69.83
22-11-14 13:22:10 - INFO - root: Best param found at split 2: l2reg = 0.0001                 with score 70.21
22-11-14 13:22:43 - INFO - root: Best param found at split 3: l2reg = 0.001                 with score 68.77
22-11-14 13:23:13 - INFO - root: Best param found at split 4: l2reg = 0.001                 with score 68.49
22-11-14 13:23:40 - INFO - root: Best param found at split 5: l2reg = 1e-05                 with score 68.87
22-11-14 13:23:42 - INFO - root: Generating sentence embeddings
22-11-14 13:23:43 - INFO - root: Generated sentence embeddings
22-11-14 13:23:43 - INFO - root: Training pytorch-MLP-nhid0-rmsprop-bs128 with (inner) 5-fold cross-validation
22-11-14 13:23:53 - INFO - root: Best param found at split 1: l2reg = 0.001                 with score 78.15
22-11-14 13:24:03 - INFO - root: Best param found at split 2: l2reg = 0.001                 with score 79.47
22-11-14 13:24:13 - INFO - root: Best param found at split 3: l2reg = 0.0001                 with score 78.77
22-11-14 13:24:24 - INFO - root: Best param found at split 4: l2reg = 1e-05                 with score 77.98
22-11-14 13:24:36 - INFO - root: Best param found at split 5: l2reg = 1e-05                 with score 78.64
22-11-14 13:24:37 - INFO - root: Generating sentence embeddings
22-11-14 13:24:39 - INFO - root: Generated sentence embeddings
22-11-14 13:24:39 - INFO - root: Training pytorch-MLP-nhid0-rmsprop-bs128 with (inner) 5-fold cross-validation
22-11-14 13:25:05 - INFO - root: Best param found at split 1: l2reg = 0.001                 with score 90.82
22-11-14 13:25:34 - INFO - root: Best param found at split 2: l2reg = 0.0001                 with score 90.9
22-11-14 13:26:03 - INFO - root: Best param found at split 3: l2reg = 0.01                 with score 90.88
22-11-14 13:26:32 - INFO - root: Best param found at split 4: l2reg = 0.01                 with score 90.42
22-11-14 13:27:00 - INFO - root: Best param found at split 5: l2reg = 0.001                 with score 90.31
22-11-14 13:27:02 - INFO - root: Generating sentence embeddings
22-11-14 13:27:04 - INFO - root: Generated sentence embeddings
22-11-14 13:27:04 - INFO - root: Training pytorch-MLP-nhid0-rmsprop-bs128 with (inner) 5-fold cross-validation
22-11-14 13:27:30 - INFO - root: Best param found at split 1: l2reg = 0.001                 with score 84.97
22-11-14 13:28:02 - INFO - root: Best param found at split 2: l2reg = 0.001                 with score 86.21
22-11-14 13:28:33 - INFO - root: Best param found at split 3: l2reg = 1e-05                 with score 87.0
22-11-14 13:29:04 - INFO - root: Best param found at split 4: l2reg = 1e-05                 with score 86.56
22-11-14 13:29:32 - INFO - root: Best param found at split 5: l2reg = 0.01                 with score 84.63
22-11-14 13:29:33 - INFO - root: Computing embedding for train
22-11-14 13:29:35 - INFO - root: Computed train embeddings
22-11-14 13:29:35 - INFO - root: Computing embedding for dev
22-11-14 13:29:35 - INFO - root: Computed dev embeddings
22-11-14 13:29:35 - INFO - root: Computing embedding for test
22-11-14 13:29:36 - INFO - root: Computed test embeddings
22-11-14 13:29:36 - INFO - root: Training pytorch-MLP-nhid0-rmsprop-bs128 with standard validation..
22-11-14 13:29:44 - INFO - root: [('reg:1e-05', 35.88), ('reg:0.0001', 36.51), ('reg:0.001', 36.24), ('reg:0.01', 31.88)]
22-11-14 13:29:44 - INFO - root: Validation : best param found is reg = 0.0001 with score             36.51
22-11-14 13:29:44 - INFO - root: Evaluating...
22-11-14 13:29:46 - INFO - root: ***** Transfer task : TREC *****


22-11-14 13:29:47 - INFO - root: Computed train embeddings
22-11-14 13:29:47 - INFO - root: Computed test embeddings
22-11-14 13:29:47 - INFO - root: Training pytorch-MLP-nhid0-rmsprop-bs128 with 5-fold cross-validation
22-11-14 13:30:05 - INFO - root: [('reg:1e-05', 81.07), ('reg:0.0001', 82.01), ('reg:0.001', 82.1), ('reg:0.01', 80.41)]
22-11-14 13:30:05 - INFO - root: Cross-validation : best param found is reg = 0.001             with score 82.1
22-11-14 13:30:05 - INFO - root: Evaluating...
22-11-14 13:30:06 - INFO - root: ***** Transfer task : MRPC *****


22-11-14 13:30:06 - INFO - root: Computing embedding for train
22-11-14 13:30:08 - INFO - root: Computed train embeddings
22-11-14 13:30:08 - INFO - root: Computing embedding for test
22-11-14 13:30:08 - INFO - root: Computed test embeddings
22-11-14 13:30:09 - INFO - root: Training pytorch-MLP-nhid0-rmsprop-bs128 with 5-fold cross-validation
22-11-14 13:30:22 - INFO - root: [('reg:1e-05', 73.77), ('reg:0.0001', 73.63), ('reg:0.001', 71.79), ('reg:0.01', 72.47)]
22-11-14 13:30:22 - INFO - root: Cross-validation : best param found is reg = 1e-05             with score 73.77
22-11-14 13:30:22 - INFO - root: Evaluating...
