22-11-14 01:26:52 - INFO - absl: Using ./models-tfhub to cache modules.
22-11-14 01:26:55 - INFO - __main__: m-USE model is loaded.
22-11-14 01:26:57 - INFO - __main__: Num of m-USE features: 512
22-11-14 01:26:58 - INFO - root: Generating sentence embeddings
22-11-14 01:27:00 - INFO - root: Generated sentence embeddings
22-11-14 01:27:00 - INFO - root: Training pytorch-MLP-nhid0-rmsprop-bs128 with (inner) 5-fold cross-validation
22-11-14 01:27:31 - INFO - root: Best param found at split 1: l2reg = 0.01                 with score 66.68
22-11-14 01:27:49 - INFO - root: Best param found at split 2: l2reg = 1e-05                 with score 67.5
22-11-14 01:28:14 - INFO - root: Best param found at split 3: l2reg = 1e-05                 with score 67.26
22-11-14 01:28:45 - INFO - root: Best param found at split 4: l2reg = 0.01                 with score 66.93
22-11-14 01:29:18 - INFO - root: Best param found at split 5: l2reg = 1e-05                 with score 66.76
22-11-14 01:29:20 - INFO - root: Generating sentence embeddings
22-11-14 01:29:21 - INFO - root: Generated sentence embeddings
22-11-14 01:29:21 - INFO - root: Training pytorch-MLP-nhid0-rmsprop-bs128 with (inner) 5-fold cross-validation
22-11-14 01:29:31 - INFO - root: Best param found at split 1: l2reg = 1e-05                 with score 77.09
22-11-14 01:29:42 - INFO - root: Best param found at split 2: l2reg = 0.01                 with score 77.55
22-11-14 01:29:51 - INFO - root: Best param found at split 3: l2reg = 1e-05                 with score 77.78
22-11-14 01:30:02 - INFO - root: Best param found at split 4: l2reg = 0.01                 with score 76.95
22-11-14 01:30:13 - INFO - root: Best param found at split 5: l2reg = 1e-05                 with score 76.85
22-11-14 01:30:14 - INFO - root: Generating sentence embeddings
22-11-14 01:30:16 - INFO - root: Generated sentence embeddings
22-11-14 01:30:16 - INFO - root: Training pytorch-MLP-nhid0-rmsprop-bs128 with (inner) 5-fold cross-validation
22-11-14 01:30:40 - INFO - root: Best param found at split 1: l2reg = 0.01                 with score 88.69
22-11-14 01:31:08 - INFO - root: Best param found at split 2: l2reg = 0.01                 with score 89.29
22-11-14 01:31:30 - INFO - root: Best param found at split 3: l2reg = 0.01                 with score 88.96
22-11-14 01:31:58 - INFO - root: Best param found at split 4: l2reg = 0.01                 with score 88.91
22-11-14 01:32:25 - INFO - root: Best param found at split 5: l2reg = 0.01                 with score 88.4
22-11-14 01:32:27 - INFO - root: Generating sentence embeddings
22-11-14 01:32:29 - INFO - root: Generated sentence embeddings
22-11-14 01:32:29 - INFO - root: Training pytorch-MLP-nhid0-rmsprop-bs128 with (inner) 5-fold cross-validation
22-11-14 01:32:54 - INFO - root: Best param found at split 1: l2reg = 0.0001                 with score 86.09
22-11-14 01:33:21 - INFO - root: Best param found at split 2: l2reg = 1e-05                 with score 85.99
22-11-14 01:33:51 - INFO - root: Best param found at split 3: l2reg = 0.001                 with score 86.2
22-11-14 01:34:19 - INFO - root: Best param found at split 4: l2reg = 0.01                 with score 85.8
22-11-14 01:34:47 - INFO - root: Best param found at split 5: l2reg = 0.01                 with score 83.74
22-11-14 01:34:49 - INFO - root: Computing embedding for train
22-11-14 01:34:51 - INFO - root: Computed train embeddings
22-11-14 01:34:51 - INFO - root: Computing embedding for dev
22-11-14 01:34:51 - INFO - root: Computed dev embeddings
22-11-14 01:34:51 - INFO - root: Computing embedding for test
22-11-14 01:34:51 - INFO - root: Computed test embeddings
22-11-14 01:34:51 - INFO - root: Training pytorch-MLP-nhid0-rmsprop-bs128 with standard validation..
22-11-14 01:34:59 - INFO - root: [('reg:1e-05', 34.79), ('reg:0.0001', 35.33), ('reg:0.001', 35.42), ('reg:0.01', 33.7)]
22-11-14 01:34:59 - INFO - root: Validation : best param found is reg = 0.001 with score             35.42
22-11-14 01:34:59 - INFO - root: Evaluating...
22-11-14 01:35:01 - INFO - root: ***** Transfer task : TREC *****


22-11-14 01:35:02 - INFO - root: Computed train embeddings
22-11-14 01:35:02 - INFO - root: Computed test embeddings
22-11-14 01:35:02 - INFO - root: Training pytorch-MLP-nhid0-rmsprop-bs128 with 5-fold cross-validation
22-11-14 01:35:19 - INFO - root: [('reg:1e-05', 77.07), ('reg:0.0001', 77.2), ('reg:0.001', 77.46), ('reg:0.01', 77.07)]
22-11-14 01:35:19 - INFO - root: Cross-validation : best param found is reg = 0.001             with score 77.46
22-11-14 01:35:19 - INFO - root: Evaluating...
22-11-14 01:35:20 - INFO - root: ***** Transfer task : MRPC *****


22-11-14 01:35:20 - INFO - root: Computing embedding for train
22-11-14 01:35:22 - INFO - root: Computed train embeddings
22-11-14 01:35:22 - INFO - root: Computing embedding for test
22-11-14 01:35:22 - INFO - root: Computed test embeddings
22-11-14 01:35:22 - INFO - root: Training pytorch-MLP-nhid0-rmsprop-bs128 with 5-fold cross-validation
22-11-14 01:35:35 - INFO - root: [('reg:1e-05', 71.66), ('reg:0.0001', 71.86), ('reg:0.001', 71.74), ('reg:0.01', 72.87)]
22-11-14 01:35:35 - INFO - root: Cross-validation : best param found is reg = 0.01             with score 72.87
22-11-14 01:35:35 - INFO - root: Evaluating...
