22-11-13 21:50:53 - INFO - absl: Using ./models-tfhub to cache modules.
22-11-13 21:50:56 - INFO - __main__: m-USE model is loaded.
22-11-13 21:50:58 - INFO - __main__: Num of m-USE features: 512
22-11-13 21:50:58 - INFO - root: Generating sentence embeddings
22-11-13 21:51:00 - INFO - root: Generated sentence embeddings
22-11-13 21:51:00 - INFO - root: Training pytorch-MLP-nhid0-rmsprop-bs128 with (inner) 5-fold cross-validation
22-11-13 21:51:28 - INFO - root: Best param found at split 1: l2reg = 0.001                 with score 66.95
22-11-13 21:52:04 - INFO - root: Best param found at split 2: l2reg = 0.01                 with score 67.18
22-11-13 21:52:35 - INFO - root: Best param found at split 3: l2reg = 1e-05                 with score 67.03
22-11-13 21:53:05 - INFO - root: Best param found at split 4: l2reg = 0.01                 with score 67.01
22-11-13 21:53:31 - INFO - root: Best param found at split 5: l2reg = 0.01                 with score 67.23
22-11-13 21:53:33 - INFO - root: Generating sentence embeddings
22-11-13 21:53:33 - INFO - root: Generated sentence embeddings
22-11-13 21:53:33 - INFO - root: Training pytorch-MLP-nhid0-rmsprop-bs128 with (inner) 5-fold cross-validation
22-11-13 21:53:42 - INFO - root: Best param found at split 1: l2reg = 0.001                 with score 76.06
22-11-13 21:53:53 - INFO - root: Best param found at split 2: l2reg = 1e-05                 with score 76.79
22-11-13 21:54:03 - INFO - root: Best param found at split 3: l2reg = 0.01                 with score 76.19
22-11-13 21:54:13 - INFO - root: Best param found at split 4: l2reg = 0.01                 with score 74.83
22-11-13 21:54:22 - INFO - root: Best param found at split 5: l2reg = 0.0001                 with score 75.1
22-11-13 21:54:23 - INFO - root: Generating sentence embeddings
22-11-13 21:54:25 - INFO - root: Generated sentence embeddings
22-11-13 21:54:25 - INFO - root: Training pytorch-MLP-nhid0-rmsprop-bs128 with (inner) 5-fold cross-validation
22-11-13 21:54:51 - INFO - root: Best param found at split 1: l2reg = 0.001                 with score 87.42
22-11-13 21:55:19 - INFO - root: Best param found at split 2: l2reg = 0.001                 with score 87.41
22-11-13 21:55:44 - INFO - root: Best param found at split 3: l2reg = 0.001                 with score 87.88
22-11-13 21:56:09 - INFO - root: Best param found at split 4: l2reg = 0.0001                 with score 87.22
22-11-13 21:56:37 - INFO - root: Best param found at split 5: l2reg = 0.01                 with score 86.69
22-11-13 21:56:39 - INFO - root: Generating sentence embeddings
22-11-13 21:56:40 - INFO - root: Generated sentence embeddings
22-11-13 21:56:40 - INFO - root: Training pytorch-MLP-nhid0-rmsprop-bs128 with (inner) 5-fold cross-validation
22-11-13 21:57:06 - INFO - root: Best param found at split 1: l2reg = 0.01                 with score 84.16
22-11-13 21:57:34 - INFO - root: Best param found at split 2: l2reg = 0.01                 with score 84.47
22-11-13 21:58:03 - INFO - root: Best param found at split 3: l2reg = 0.01                 with score 84.54
22-11-13 21:58:33 - INFO - root: Best param found at split 4: l2reg = 1e-05                 with score 83.74
22-11-13 21:58:59 - INFO - root: Best param found at split 5: l2reg = 0.001                 with score 83.18
22-11-13 21:59:00 - INFO - root: Computing embedding for train
22-11-13 21:59:02 - INFO - root: Computed train embeddings
22-11-13 21:59:02 - INFO - root: Computing embedding for dev
22-11-13 21:59:02 - INFO - root: Computed dev embeddings
22-11-13 21:59:02 - INFO - root: Computing embedding for test
22-11-13 21:59:02 - INFO - root: Computed test embeddings
22-11-13 21:59:02 - INFO - root: Training pytorch-MLP-nhid0-rmsprop-bs128 with standard validation..
22-11-13 21:59:07 - INFO - root: [('reg:1e-05', 34.51), ('reg:0.0001', 34.51), ('reg:0.001', 34.15), ('reg:0.01', 34.97)]
22-11-13 21:59:07 - INFO - root: Validation : best param found is reg = 0.01 with score             34.97
22-11-13 21:59:07 - INFO - root: Evaluating...
22-11-13 21:59:08 - INFO - root: ***** Transfer task : TREC *****


22-11-13 21:59:09 - INFO - root: Computed train embeddings
22-11-13 21:59:09 - INFO - root: Computed test embeddings
22-11-13 21:59:09 - INFO - root: Training pytorch-MLP-nhid0-rmsprop-bs128 with 5-fold cross-validation
22-11-13 21:59:19 - INFO - root: [('reg:1e-05', 74.76), ('reg:0.0001', 74.73), ('reg:0.001', 74.69), ('reg:0.01', 73.13)]
22-11-13 21:59:19 - INFO - root: Cross-validation : best param found is reg = 1e-05             with score 74.76
22-11-13 21:59:19 - INFO - root: Evaluating...
22-11-13 21:59:20 - INFO - root: ***** Transfer task : MRPC *****


22-11-13 21:59:20 - INFO - root: Computing embedding for train
22-11-13 21:59:21 - INFO - root: Computed train embeddings
22-11-13 21:59:21 - INFO - root: Computing embedding for test
22-11-13 21:59:22 - INFO - root: Computed test embeddings
22-11-13 21:59:22 - INFO - root: Training pytorch-MLP-nhid0-rmsprop-bs128 with 5-fold cross-validation
22-11-13 21:59:36 - INFO - root: [('reg:1e-05', 71.66), ('reg:0.0001', 71.66), ('reg:0.001', 71.71), ('reg:0.01', 72.03)]
22-11-13 21:59:36 - INFO - root: Cross-validation : best param found is reg = 0.01             with score 72.03
22-11-13 21:59:36 - INFO - root: Evaluating...
22-11-20 02:20:26 - INFO - absl: Using ./models-tfhub to cache modules.
22-11-20 02:20:29 - INFO - __main__: m-USE model is loaded.
22-11-20 02:20:31 - INFO - __main__: Num of m-USE features: 512
