22-11-14 09:50:41 - INFO - absl: Using ./models-tfhub to cache modules.
22-11-14 09:50:43 - INFO - __main__: m-USE model is loaded.
22-11-14 09:50:45 - INFO - __main__: Num of m-USE features: 512
22-11-14 09:50:45 - INFO - root: Generating sentence embeddings
22-11-14 09:50:48 - INFO - root: Generated sentence embeddings
22-11-14 09:50:48 - INFO - root: Training pytorch-MLP-nhid0-rmsprop-bs128 with (inner) 5-fold cross-validation
22-11-14 09:51:17 - INFO - root: Best param found at split 1: l2reg = 0.001                 with score 69.56
22-11-14 09:51:43 - INFO - root: Best param found at split 2: l2reg = 1e-05                 with score 69.46
22-11-14 09:52:11 - INFO - root: Best param found at split 3: l2reg = 0.0001                 with score 68.92
22-11-14 09:52:37 - INFO - root: Best param found at split 4: l2reg = 0.0001                 with score 68.05
22-11-14 09:53:08 - INFO - root: Best param found at split 5: l2reg = 0.0001                 with score 68.52
22-11-14 09:53:09 - INFO - root: Generating sentence embeddings
22-11-14 09:53:10 - INFO - root: Generated sentence embeddings
22-11-14 09:53:10 - INFO - root: Training pytorch-MLP-nhid0-rmsprop-bs128 with (inner) 5-fold cross-validation
22-11-14 09:53:21 - INFO - root: Best param found at split 1: l2reg = 0.001                 with score 79.11
22-11-14 09:53:31 - INFO - root: Best param found at split 2: l2reg = 0.001                 with score 78.48
22-11-14 09:53:43 - INFO - root: Best param found at split 3: l2reg = 0.001                 with score 78.94
22-11-14 09:53:54 - INFO - root: Best param found at split 4: l2reg = 1e-05                 with score 78.94
22-11-14 09:54:05 - INFO - root: Best param found at split 5: l2reg = 0.001                 with score 79.01
22-11-14 09:54:06 - INFO - root: Generating sentence embeddings
22-11-14 09:54:08 - INFO - root: Generated sentence embeddings
22-11-14 09:54:08 - INFO - root: Training pytorch-MLP-nhid0-rmsprop-bs128 with (inner) 5-fold cross-validation
22-11-14 09:54:34 - INFO - root: Best param found at split 1: l2reg = 1e-05                 with score 90.31
22-11-14 09:55:02 - INFO - root: Best param found at split 2: l2reg = 0.01                 with score 90.31
22-11-14 09:55:32 - INFO - root: Best param found at split 3: l2reg = 0.01                 with score 90.56
22-11-14 09:56:01 - INFO - root: Best param found at split 4: l2reg = 0.001                 with score 90.14
22-11-14 09:56:28 - INFO - root: Best param found at split 5: l2reg = 0.01                 with score 90.0
22-11-14 09:56:30 - INFO - root: Generating sentence embeddings
22-11-14 09:56:32 - INFO - root: Generated sentence embeddings
22-11-14 09:56:32 - INFO - root: Training pytorch-MLP-nhid0-rmsprop-bs128 with (inner) 5-fold cross-validation
22-11-14 09:56:56 - INFO - root: Best param found at split 1: l2reg = 0.01                 with score 86.93
22-11-14 09:57:27 - INFO - root: Best param found at split 2: l2reg = 0.001                 with score 85.82
22-11-14 09:57:57 - INFO - root: Best param found at split 3: l2reg = 0.0001                 with score 86.62
22-11-14 09:58:28 - INFO - root: Best param found at split 4: l2reg = 0.001                 with score 86.54
22-11-14 09:58:54 - INFO - root: Best param found at split 5: l2reg = 0.0001                 with score 84.81
22-11-14 09:58:55 - INFO - root: Computing embedding for train
22-11-14 09:58:57 - INFO - root: Computed train embeddings
22-11-14 09:58:57 - INFO - root: Computing embedding for dev
22-11-14 09:58:57 - INFO - root: Computed dev embeddings
22-11-14 09:58:57 - INFO - root: Computing embedding for test
22-11-14 09:58:57 - INFO - root: Computed test embeddings
22-11-14 09:58:57 - INFO - root: Training pytorch-MLP-nhid0-rmsprop-bs128 with standard validation..
22-11-14 09:59:03 - INFO - root: [('reg:1e-05', 36.24), ('reg:0.0001', 37.69), ('reg:0.001', 34.51), ('reg:0.01', 31.34)]
22-11-14 09:59:03 - INFO - root: Validation : best param found is reg = 0.0001 with score             37.69
22-11-14 09:59:03 - INFO - root: Evaluating...
22-11-14 09:59:05 - INFO - root: ***** Transfer task : TREC *****


22-11-14 09:59:06 - INFO - root: Computed train embeddings
22-11-14 09:59:06 - INFO - root: Computed test embeddings
22-11-14 09:59:06 - INFO - root: Training pytorch-MLP-nhid0-rmsprop-bs128 with 5-fold cross-validation
22-11-14 09:59:24 - INFO - root: [('reg:1e-05', 81.57), ('reg:0.0001', 81.0), ('reg:0.001', 82.98), ('reg:0.01', 80.58)]
22-11-14 09:59:24 - INFO - root: Cross-validation : best param found is reg = 0.001             with score 82.98
22-11-14 09:59:24 - INFO - root: Evaluating...
22-11-14 09:59:26 - INFO - root: ***** Transfer task : MRPC *****


22-11-14 09:59:26 - INFO - root: Computing embedding for train
22-11-14 09:59:27 - INFO - root: Computed train embeddings
22-11-14 09:59:27 - INFO - root: Computing embedding for test
22-11-14 09:59:28 - INFO - root: Computed test embeddings
22-11-14 09:59:28 - INFO - root: Training pytorch-MLP-nhid0-rmsprop-bs128 with 5-fold cross-validation
22-11-14 09:59:42 - INFO - root: [('reg:1e-05', 72.99), ('reg:0.0001', 72.45), ('reg:0.001', 72.45), ('reg:0.01', 73.36)]
22-11-14 09:59:42 - INFO - root: Cross-validation : best param found is reg = 0.01             with score 73.36
22-11-14 09:59:42 - INFO - root: Evaluating...
22-11-20 04:52:49 - INFO - absl: Using ./models-tfhub to cache modules.
22-11-20 04:52:52 - INFO - __main__: m-USE model is loaded.
22-11-20 04:52:54 - INFO - __main__: Num of m-USE features: 512
