22-11-14 00:41:40 - INFO - absl: Using ./models-tfhub to cache modules.
22-11-14 00:41:43 - INFO - __main__: m-USE model is loaded.
22-11-14 00:41:45 - INFO - __main__: Num of m-USE features: 512
22-11-14 00:41:45 - INFO - root: Generating sentence embeddings
22-11-14 00:41:47 - INFO - root: Generated sentence embeddings
22-11-14 00:41:47 - INFO - root: Training pytorch-MLP-nhid0-rmsprop-bs128 with (inner) 5-fold cross-validation
22-11-14 00:42:15 - INFO - root: Best param found at split 1: l2reg = 0.01                 with score 66.01
22-11-14 00:42:50 - INFO - root: Best param found at split 2: l2reg = 0.01                 with score 67.43
22-11-14 00:43:19 - INFO - root: Best param found at split 3: l2reg = 0.001                 with score 65.58
22-11-14 00:43:48 - INFO - root: Best param found at split 4: l2reg = 0.01                 with score 67.77
22-11-14 00:44:16 - INFO - root: Best param found at split 5: l2reg = 0.01                 with score 66.41
22-11-14 00:44:18 - INFO - root: Generating sentence embeddings
22-11-14 00:44:18 - INFO - root: Generated sentence embeddings
22-11-14 00:44:18 - INFO - root: Training pytorch-MLP-nhid0-rmsprop-bs128 with (inner) 5-fold cross-validation
22-11-14 00:44:30 - INFO - root: Best param found at split 1: l2reg = 1e-05                 with score 77.35
22-11-14 00:44:41 - INFO - root: Best param found at split 2: l2reg = 0.01                 with score 77.55
22-11-14 00:44:50 - INFO - root: Best param found at split 3: l2reg = 0.01                 with score 76.85
22-11-14 00:45:01 - INFO - root: Best param found at split 4: l2reg = 0.01                 with score 76.95
22-11-14 00:45:12 - INFO - root: Best param found at split 5: l2reg = 0.0001                 with score 76.39
22-11-14 00:45:13 - INFO - root: Generating sentence embeddings
22-11-14 00:45:15 - INFO - root: Generated sentence embeddings
22-11-14 00:45:15 - INFO - root: Training pytorch-MLP-nhid0-rmsprop-bs128 with (inner) 5-fold cross-validation
22-11-14 00:45:40 - INFO - root: Best param found at split 1: l2reg = 0.01                 with score 88.56
22-11-14 00:46:07 - INFO - root: Best param found at split 2: l2reg = 0.01                 with score 88.76
22-11-14 00:46:32 - INFO - root: Best param found at split 3: l2reg = 0.01                 with score 89.11
22-11-14 00:46:51 - INFO - root: Best param found at split 4: l2reg = 0.01                 with score 88.31
22-11-14 00:47:10 - INFO - root: Best param found at split 5: l2reg = 0.01                 with score 88.7
22-11-14 00:47:11 - INFO - root: Generating sentence embeddings
22-11-14 00:47:13 - INFO - root: Generated sentence embeddings
22-11-14 00:47:13 - INFO - root: Training pytorch-MLP-nhid0-rmsprop-bs128 with (inner) 5-fold cross-validation
22-11-14 00:47:39 - INFO - root: Best param found at split 1: l2reg = 1e-05                 with score 85.44
22-11-14 00:48:09 - INFO - root: Best param found at split 2: l2reg = 0.01                 with score 84.7
22-11-14 00:48:37 - INFO - root: Best param found at split 3: l2reg = 0.01                 with score 85.16
22-11-14 00:49:06 - INFO - root: Best param found at split 4: l2reg = 0.01                 with score 85.24
22-11-14 00:49:35 - INFO - root: Best param found at split 5: l2reg = 0.0001                 with score 82.47
22-11-14 00:49:37 - INFO - root: Computing embedding for train
22-11-14 00:49:38 - INFO - root: Computed train embeddings
22-11-14 00:49:38 - INFO - root: Computing embedding for dev
22-11-14 00:49:39 - INFO - root: Computed dev embeddings
22-11-14 00:49:39 - INFO - root: Computing embedding for test
22-11-14 00:49:39 - INFO - root: Computed test embeddings
22-11-14 00:49:39 - INFO - root: Training pytorch-MLP-nhid0-rmsprop-bs128 with standard validation..
22-11-14 00:49:46 - INFO - root: [('reg:1e-05', 36.24), ('reg:0.0001', 34.15), ('reg:0.001', 34.79), ('reg:0.01', 34.42)]
22-11-14 00:49:46 - INFO - root: Validation : best param found is reg = 1e-05 with score             36.24
22-11-14 00:49:46 - INFO - root: Evaluating...
22-11-14 00:49:48 - INFO - root: ***** Transfer task : TREC *****


22-11-14 00:49:49 - INFO - root: Computed train embeddings
22-11-14 00:49:49 - INFO - root: Computed test embeddings
22-11-14 00:49:49 - INFO - root: Training pytorch-MLP-nhid0-rmsprop-bs128 with 5-fold cross-validation
22-11-14 00:50:06 - INFO - root: [('reg:1e-05', 77.53), ('reg:0.0001', 77.53), ('reg:0.001', 76.17), ('reg:0.01', 73.62)]
22-11-14 00:50:06 - INFO - root: Cross-validation : best param found is reg = 1e-05             with score 77.53
22-11-14 00:50:06 - INFO - root: Evaluating...
22-11-14 00:50:08 - INFO - root: ***** Transfer task : MRPC *****


22-11-14 00:50:08 - INFO - root: Computing embedding for train
22-11-14 00:50:09 - INFO - root: Computed train embeddings
22-11-14 00:50:09 - INFO - root: Computing embedding for test
22-11-14 00:50:10 - INFO - root: Computed test embeddings
22-11-14 00:50:10 - INFO - root: Training pytorch-MLP-nhid0-rmsprop-bs128 with 5-fold cross-validation
22-11-14 00:50:22 - INFO - root: [('reg:1e-05', 71.59), ('reg:0.0001', 72.11), ('reg:0.001', 72.03), ('reg:0.01', 72.25)]
22-11-14 00:50:22 - INFO - root: Cross-validation : best param found is reg = 0.01             with score 72.25
22-11-14 00:50:22 - INFO - root: Evaluating...
22-11-20 02:53:22 - INFO - absl: Using ./models-tfhub to cache modules.
22-11-20 02:53:25 - INFO - __main__: m-USE model is loaded.
22-11-20 02:53:27 - INFO - __main__: Num of m-USE features: 512
