22-11-14 11:37:29 - INFO - absl: Using ./models-tfhub to cache modules.
22-11-14 11:37:32 - INFO - __main__: m-USE model is loaded.
22-11-14 11:37:34 - INFO - __main__: Num of m-USE features: 512
22-11-14 11:37:34 - INFO - root: Generating sentence embeddings
22-11-14 11:37:37 - INFO - root: Generated sentence embeddings
22-11-14 11:37:37 - INFO - root: Training pytorch-MLP-nhid0-rmsprop-bs128 with (inner) 5-fold cross-validation
22-11-14 11:38:05 - INFO - root: Best param found at split 1: l2reg = 0.01                 with score 69.5
22-11-14 11:38:33 - INFO - root: Best param found at split 2: l2reg = 0.001                 with score 69.63
22-11-14 11:39:09 - INFO - root: Best param found at split 3: l2reg = 0.0001                 with score 68.66
22-11-14 11:39:38 - INFO - root: Best param found at split 4: l2reg = 1e-05                 with score 69.88
22-11-14 11:40:09 - INFO - root: Best param found at split 5: l2reg = 0.001                 with score 69.65
22-11-14 11:40:10 - INFO - root: Generating sentence embeddings
22-11-14 11:40:11 - INFO - root: Generated sentence embeddings
22-11-14 11:40:11 - INFO - root: Training pytorch-MLP-nhid0-rmsprop-bs128 with (inner) 5-fold cross-validation
22-11-14 11:40:22 - INFO - root: Best param found at split 1: l2reg = 0.0001                 with score 78.71
22-11-14 11:40:34 - INFO - root: Best param found at split 2: l2reg = 1e-05                 with score 78.91
22-11-14 11:40:43 - INFO - root: Best param found at split 3: l2reg = 0.0001                 with score 80.33
22-11-14 11:40:54 - INFO - root: Best param found at split 4: l2reg = 0.0001                 with score 78.44
22-11-14 11:41:05 - INFO - root: Best param found at split 5: l2reg = 1e-05                 with score 79.4
22-11-14 11:41:06 - INFO - root: Generating sentence embeddings
22-11-14 11:41:08 - INFO - root: Generated sentence embeddings
22-11-14 11:41:08 - INFO - root: Training pytorch-MLP-nhid0-rmsprop-bs128 with (inner) 5-fold cross-validation
22-11-14 11:41:34 - INFO - root: Best param found at split 1: l2reg = 0.001                 with score 90.69
22-11-14 11:42:03 - INFO - root: Best param found at split 2: l2reg = 0.0001                 with score 90.26
22-11-14 11:42:31 - INFO - root: Best param found at split 3: l2reg = 0.01                 with score 90.8
22-11-14 11:42:59 - INFO - root: Best param found at split 4: l2reg = 0.001                 with score 90.31
22-11-14 11:43:24 - INFO - root: Best param found at split 5: l2reg = 0.01                 with score 89.85
22-11-14 11:43:25 - INFO - root: Generating sentence embeddings
22-11-14 11:43:27 - INFO - root: Generated sentence embeddings
22-11-14 11:43:27 - INFO - root: Training pytorch-MLP-nhid0-rmsprop-bs128 with (inner) 5-fold cross-validation
22-11-14 11:43:52 - INFO - root: Best param found at split 1: l2reg = 0.001                 with score 86.75
22-11-14 11:44:21 - INFO - root: Best param found at split 2: l2reg = 1e-05                 with score 86.34
22-11-14 11:44:45 - INFO - root: Best param found at split 3: l2reg = 1e-05                 with score 87.0
22-11-14 11:45:08 - INFO - root: Best param found at split 4: l2reg = 0.0001                 with score 86.78
22-11-14 11:45:36 - INFO - root: Best param found at split 5: l2reg = 0.01                 with score 85.03
22-11-14 11:45:37 - INFO - root: Computing embedding for train
22-11-14 11:45:39 - INFO - root: Computed train embeddings
22-11-14 11:45:39 - INFO - root: Computing embedding for dev
22-11-14 11:45:39 - INFO - root: Computed dev embeddings
22-11-14 11:45:39 - INFO - root: Computing embedding for test
22-11-14 11:45:40 - INFO - root: Computed test embeddings
22-11-14 11:45:40 - INFO - root: Training pytorch-MLP-nhid0-rmsprop-bs128 with standard validation..
22-11-14 11:45:46 - INFO - root: [('reg:1e-05', 35.6), ('reg:0.0001', 34.06), ('reg:0.001', 35.15), ('reg:0.01', 34.97)]
22-11-14 11:45:46 - INFO - root: Validation : best param found is reg = 1e-05 with score             35.6
22-11-14 11:45:46 - INFO - root: Evaluating...
22-11-14 11:45:48 - INFO - root: ***** Transfer task : TREC *****


22-11-14 11:45:49 - INFO - root: Computed train embeddings
22-11-14 11:45:49 - INFO - root: Computed test embeddings
22-11-14 11:45:49 - INFO - root: Training pytorch-MLP-nhid0-rmsprop-bs128 with 5-fold cross-validation
22-11-14 11:46:08 - INFO - root: [('reg:1e-05', 83.05), ('reg:0.0001', 81.55), ('reg:0.001', 83.75), ('reg:0.01', 79.8)]
22-11-14 11:46:08 - INFO - root: Cross-validation : best param found is reg = 0.001             with score 83.75
22-11-14 11:46:08 - INFO - root: Evaluating...
22-11-14 11:46:09 - INFO - root: ***** Transfer task : MRPC *****


22-11-14 11:46:09 - INFO - root: Computing embedding for train
22-11-14 11:46:11 - INFO - root: Computed train embeddings
22-11-14 11:46:11 - INFO - root: Computing embedding for test
22-11-14 11:46:12 - INFO - root: Computed test embeddings
22-11-14 11:46:12 - INFO - root: Training pytorch-MLP-nhid0-rmsprop-bs128 with 5-fold cross-validation
22-11-14 11:46:25 - INFO - root: [('reg:1e-05', 72.77), ('reg:0.0001', 72.87), ('reg:0.001', 73.48), ('reg:0.01', 72.96)]
22-11-14 11:46:25 - INFO - root: Cross-validation : best param found is reg = 0.001             with score 73.48
22-11-14 11:46:25 - INFO - root: Evaluating...
22-11-20 05:19:21 - INFO - absl: Using ./models-tfhub to cache modules.
22-11-20 05:19:25 - INFO - __main__: m-USE model is loaded.
22-11-20 05:19:27 - INFO - __main__: Num of m-USE features: 512
