22-11-13 21:00:13 - INFO - absl: Using ./models-tfhub to cache modules.
22-11-13 21:00:16 - INFO - __main__: m-USE model is loaded.
22-11-13 21:00:18 - INFO - __main__: Num of m-USE features: 512
22-11-13 21:00:18 - INFO - root: Generating sentence embeddings
22-11-13 21:00:20 - INFO - root: Generated sentence embeddings
22-11-13 21:00:20 - INFO - root: Training pytorch-MLP-nhid0-rmsprop-bs128 with (inner) 5-fold cross-validation
22-11-13 21:00:52 - INFO - root: Best param found at split 1: l2reg = 0.01                 with score 67.6
22-11-13 21:01:25 - INFO - root: Best param found at split 2: l2reg = 0.001                 with score 67.11
22-11-13 21:01:54 - INFO - root: Best param found at split 3: l2reg = 0.01                 with score 66.38
22-11-13 21:02:20 - INFO - root: Best param found at split 4: l2reg = 0.0001                 with score 66.59
22-11-13 21:02:48 - INFO - root: Best param found at split 5: l2reg = 0.01                 with score 67.51
22-11-13 21:02:50 - INFO - root: Generating sentence embeddings
22-11-13 21:02:51 - INFO - root: Generated sentence embeddings
22-11-13 21:02:51 - INFO - root: Training pytorch-MLP-nhid0-rmsprop-bs128 with (inner) 5-fold cross-validation
22-11-13 21:03:01 - INFO - root: Best param found at split 1: l2reg = 1e-05                 with score 76.72
22-11-13 21:03:12 - INFO - root: Best param found at split 2: l2reg = 1e-05                 with score 76.06
22-11-13 21:03:21 - INFO - root: Best param found at split 3: l2reg = 0.01                 with score 76.06
22-11-13 21:03:32 - INFO - root: Best param found at split 4: l2reg = 0.01                 with score 75.83
22-11-13 21:03:42 - INFO - root: Best param found at split 5: l2reg = 0.01                 with score 74.77
22-11-13 21:03:43 - INFO - root: Generating sentence embeddings
22-11-13 21:03:45 - INFO - root: Generated sentence embeddings
22-11-13 21:03:45 - INFO - root: Training pytorch-MLP-nhid0-rmsprop-bs128 with (inner) 5-fold cross-validation
22-11-13 21:04:10 - INFO - root: Best param found at split 1: l2reg = 1e-05                 with score 87.5
22-11-13 21:04:34 - INFO - root: Best param found at split 2: l2reg = 0.01                 with score 87.69
22-11-13 21:05:01 - INFO - root: Best param found at split 3: l2reg = 0.0001                 with score 87.99
22-11-13 21:05:30 - INFO - root: Best param found at split 4: l2reg = 0.001                 with score 87.52
22-11-13 21:05:59 - INFO - root: Best param found at split 5: l2reg = 0.001                 with score 87.11
22-11-13 21:06:00 - INFO - root: Generating sentence embeddings
22-11-13 21:06:02 - INFO - root: Generated sentence embeddings
22-11-13 21:06:02 - INFO - root: Training pytorch-MLP-nhid0-rmsprop-bs128 with (inner) 5-fold cross-validation
22-11-13 21:06:28 - INFO - root: Best param found at split 1: l2reg = 1e-05                 with score 84.1
22-11-13 21:06:56 - INFO - root: Best param found at split 2: l2reg = 1e-05                 with score 83.63
22-11-13 21:07:22 - INFO - root: Best param found at split 3: l2reg = 0.01                 with score 84.4
22-11-13 21:07:51 - INFO - root: Best param found at split 4: l2reg = 0.01                 with score 83.62
22-11-13 21:08:19 - INFO - root: Best param found at split 5: l2reg = 0.01                 with score 84.66
22-11-13 21:08:20 - INFO - root: Computing embedding for train
22-11-13 21:08:22 - INFO - root: Computed train embeddings
22-11-13 21:08:22 - INFO - root: Computing embedding for dev
22-11-13 21:08:22 - INFO - root: Computed dev embeddings
22-11-13 21:08:22 - INFO - root: Computing embedding for test
22-11-13 21:08:23 - INFO - root: Computed test embeddings
22-11-13 21:08:23 - INFO - root: Training pytorch-MLP-nhid0-rmsprop-bs128 with standard validation..
22-11-13 21:08:29 - INFO - root: [('reg:1e-05', 35.69), ('reg:0.0001', 35.69), ('reg:0.001', 35.88), ('reg:0.01', 35.33)]
22-11-13 21:08:29 - INFO - root: Validation : best param found is reg = 0.001 with score             35.88
22-11-13 21:08:29 - INFO - root: Evaluating...
22-11-13 21:08:31 - INFO - root: ***** Transfer task : TREC *****


22-11-13 21:08:32 - INFO - root: Computed train embeddings
22-11-13 21:08:32 - INFO - root: Computed test embeddings
22-11-13 21:08:32 - INFO - root: Training pytorch-MLP-nhid0-rmsprop-bs128 with 5-fold cross-validation
22-11-13 21:08:50 - INFO - root: [('reg:1e-05', 74.28), ('reg:0.0001', 74.27), ('reg:0.001', 74.03), ('reg:0.01', 72.73)]
22-11-13 21:08:50 - INFO - root: Cross-validation : best param found is reg = 1e-05             with score 74.28
22-11-13 21:08:50 - INFO - root: Evaluating...
22-11-13 21:08:51 - INFO - root: ***** Transfer task : MRPC *****


22-11-13 21:08:51 - INFO - root: Computing embedding for train
22-11-13 21:08:53 - INFO - root: Computed train embeddings
22-11-13 21:08:53 - INFO - root: Computing embedding for test
22-11-13 21:08:53 - INFO - root: Computed test embeddings
22-11-13 21:08:53 - INFO - root: Training pytorch-MLP-nhid0-rmsprop-bs128 with 5-fold cross-validation
22-11-13 21:09:07 - INFO - root: [('reg:1e-05', 71.39), ('reg:0.0001', 71.42), ('reg:0.001', 71.42), ('reg:0.01', 71.12)]
22-11-13 21:09:07 - INFO - root: Cross-validation : best param found is reg = 0.0001             with score 71.42
22-11-13 21:09:07 - INFO - root: Evaluating...
22-11-20 02:11:36 - INFO - absl: Using ./models-tfhub to cache modules.
22-11-20 02:11:39 - INFO - __main__: m-USE model is loaded.
22-11-20 02:11:41 - INFO - __main__: Num of m-USE features: 512
