22-11-14 01:43:21 - INFO - absl: Using ./models-tfhub to cache modules.
22-11-14 01:43:24 - INFO - __main__: m-USE model is loaded.
22-11-14 01:43:26 - INFO - __main__: Num of m-USE features: 512
22-11-14 01:43:26 - INFO - root: Generating sentence embeddings
22-11-14 01:43:28 - INFO - root: Generated sentence embeddings
22-11-14 01:43:28 - INFO - root: Training pytorch-MLP-nhid0-rmsprop-bs128 with (inner) 5-fold cross-validation
22-11-14 01:44:06 - INFO - root: Best param found at split 1: l2reg = 0.001                 with score 68.8
22-11-14 01:44:37 - INFO - root: Best param found at split 2: l2reg = 1e-05                 with score 66.75
22-11-14 01:45:06 - INFO - root: Best param found at split 3: l2reg = 0.01                 with score 68.32
22-11-14 01:45:34 - INFO - root: Best param found at split 4: l2reg = 1e-05                 with score 67.49
22-11-14 01:46:08 - INFO - root: Best param found at split 5: l2reg = 1e-05                 with score 67.08
22-11-14 01:46:10 - INFO - root: Generating sentence embeddings
22-11-14 01:46:10 - INFO - root: Generated sentence embeddings
22-11-14 01:46:10 - INFO - root: Training pytorch-MLP-nhid0-rmsprop-bs128 with (inner) 5-fold cross-validation
22-11-14 01:46:20 - INFO - root: Best param found at split 1: l2reg = 0.001                 with score 77.02
22-11-14 01:46:30 - INFO - root: Best param found at split 2: l2reg = 0.0001                 with score 77.75
22-11-14 01:46:41 - INFO - root: Best param found at split 3: l2reg = 0.01                 with score 78.41
22-11-14 01:46:51 - INFO - root: Best param found at split 4: l2reg = 0.01                 with score 76.82
22-11-14 01:47:01 - INFO - root: Best param found at split 5: l2reg = 0.0001                 with score 77.42
22-11-14 01:47:01 - INFO - root: Generating sentence embeddings
22-11-14 01:47:03 - INFO - root: Generated sentence embeddings
22-11-14 01:47:03 - INFO - root: Training pytorch-MLP-nhid0-rmsprop-bs128 with (inner) 5-fold cross-validation
22-11-14 01:47:28 - INFO - root: Best param found at split 1: l2reg = 0.01                 with score 89.2
22-11-14 01:47:55 - INFO - root: Best param found at split 2: l2reg = 0.01                 with score 89.28
22-11-14 01:48:24 - INFO - root: Best param found at split 3: l2reg = 1e-05                 with score 89.29
22-11-14 01:48:52 - INFO - root: Best param found at split 4: l2reg = 0.01                 with score 88.72
22-11-14 01:49:18 - INFO - root: Best param found at split 5: l2reg = 0.01                 with score 88.74
22-11-14 01:49:20 - INFO - root: Generating sentence embeddings
22-11-14 01:49:22 - INFO - root: Generated sentence embeddings
22-11-14 01:49:22 - INFO - root: Training pytorch-MLP-nhid0-rmsprop-bs128 with (inner) 5-fold cross-validation
22-11-14 01:49:45 - INFO - root: Best param found at split 1: l2reg = 0.01                 with score 85.38
22-11-14 01:50:17 - INFO - root: Best param found at split 2: l2reg = 0.01                 with score 85.19
22-11-14 01:50:49 - INFO - root: Best param found at split 3: l2reg = 0.01                 with score 85.43
22-11-14 01:51:18 - INFO - root: Best param found at split 4: l2reg = 1e-05                 with score 84.77
22-11-14 01:51:45 - INFO - root: Best param found at split 5: l2reg = 0.01                 with score 82.25
22-11-14 01:51:46 - INFO - root: Computing embedding for train
22-11-14 01:51:48 - INFO - root: Computed train embeddings
22-11-14 01:51:48 - INFO - root: Computing embedding for dev
22-11-14 01:51:48 - INFO - root: Computed dev embeddings
22-11-14 01:51:48 - INFO - root: Computing embedding for test
22-11-14 01:51:49 - INFO - root: Computed test embeddings
22-11-14 01:51:49 - INFO - root: Training pytorch-MLP-nhid0-rmsprop-bs128 with standard validation..
22-11-14 01:51:55 - INFO - root: [('reg:1e-05', 36.69), ('reg:0.0001', 35.97), ('reg:0.001', 35.42), ('reg:0.01', 35.15)]
22-11-14 01:51:55 - INFO - root: Validation : best param found is reg = 1e-05 with score             36.69
22-11-14 01:51:55 - INFO - root: Evaluating...
22-11-14 01:51:56 - INFO - root: ***** Transfer task : TREC *****


22-11-14 01:51:57 - INFO - root: Computed train embeddings
22-11-14 01:51:58 - INFO - root: Computed test embeddings
22-11-14 01:51:58 - INFO - root: Training pytorch-MLP-nhid0-rmsprop-bs128 with 5-fold cross-validation
22-11-14 01:52:15 - INFO - root: [('reg:1e-05', 78.15), ('reg:0.0001', 78.1), ('reg:0.001', 78.06), ('reg:0.01', 76.5)]
22-11-14 01:52:15 - INFO - root: Cross-validation : best param found is reg = 1e-05             with score 78.15
22-11-14 01:52:15 - INFO - root: Evaluating...
22-11-14 01:52:16 - INFO - root: ***** Transfer task : MRPC *****


22-11-14 01:52:16 - INFO - root: Computing embedding for train
22-11-14 01:52:18 - INFO - root: Computed train embeddings
22-11-14 01:52:18 - INFO - root: Computing embedding for test
22-11-14 01:52:19 - INFO - root: Computed test embeddings
22-11-14 01:52:19 - INFO - root: Training pytorch-MLP-nhid0-rmsprop-bs128 with 5-fold cross-validation
22-11-14 01:52:32 - INFO - root: [('reg:1e-05', 72.74), ('reg:0.0001', 72.96), ('reg:0.001', 73.06), ('reg:0.01', 71.81)]
22-11-14 01:52:32 - INFO - root: Cross-validation : best param found is reg = 0.001             with score 73.06
22-11-14 01:52:32 - INFO - root: Evaluating...
22-11-20 03:05:39 - INFO - absl: Using ./models-tfhub to cache modules.
22-11-20 03:05:42 - INFO - __main__: m-USE model is loaded.
22-11-20 03:05:44 - INFO - __main__: Num of m-USE features: 512
