22-11-14 06:06:37 - INFO - absl: Using ./models-tfhub to cache modules.
22-11-14 06:06:40 - INFO - __main__: m-USE model is loaded.
22-11-14 06:06:42 - INFO - __main__: Num of m-USE features: 512
22-11-14 06:06:42 - INFO - root: Generating sentence embeddings
22-11-14 06:06:45 - INFO - root: Generated sentence embeddings
22-11-14 06:06:45 - INFO - root: Training pytorch-MLP-nhid0-rmsprop-bs128 with (inner) 5-fold cross-validation
22-11-14 06:07:13 - INFO - root: Best param found at split 1: l2reg = 0.01                 with score 68.69
22-11-14 06:07:50 - INFO - root: Best param found at split 2: l2reg = 0.0001                 with score 67.08
22-11-14 06:08:18 - INFO - root: Best param found at split 3: l2reg = 0.01                 with score 66.76
22-11-14 06:08:48 - INFO - root: Best param found at split 4: l2reg = 1e-05                 with score 67.36
22-11-14 06:09:15 - INFO - root: Best param found at split 5: l2reg = 1e-05                 with score 68.21
22-11-14 06:09:17 - INFO - root: Generating sentence embeddings
22-11-14 06:09:17 - INFO - root: Generated sentence embeddings
22-11-14 06:09:17 - INFO - root: Training pytorch-MLP-nhid0-rmsprop-bs128 with (inner) 5-fold cross-validation
22-11-14 06:09:28 - INFO - root: Best param found at split 1: l2reg = 0.0001                 with score 78.77
22-11-14 06:09:39 - INFO - root: Best param found at split 2: l2reg = 1e-05                 with score 78.51
22-11-14 06:09:49 - INFO - root: Best param found at split 3: l2reg = 0.0001                 with score 78.68
22-11-14 06:09:59 - INFO - root: Best param found at split 4: l2reg = 0.001                 with score 77.32
22-11-14 06:10:10 - INFO - root: Best param found at split 5: l2reg = 0.0001                 with score 77.75
22-11-14 06:10:11 - INFO - root: Generating sentence embeddings
22-11-14 06:10:13 - INFO - root: Generated sentence embeddings
22-11-14 06:10:13 - INFO - root: Training pytorch-MLP-nhid0-rmsprop-bs128 with (inner) 5-fold cross-validation
22-11-14 06:10:38 - INFO - root: Best param found at split 1: l2reg = 0.01                 with score 89.86
22-11-14 06:11:06 - INFO - root: Best param found at split 2: l2reg = 0.001                 with score 89.56
22-11-14 06:11:35 - INFO - root: Best param found at split 3: l2reg = 0.001                 with score 90.1
22-11-14 06:12:01 - INFO - root: Best param found at split 4: l2reg = 0.01                 with score 89.55
22-11-14 06:12:28 - INFO - root: Best param found at split 5: l2reg = 0.0001                 with score 88.9
22-11-14 06:12:30 - INFO - root: Generating sentence embeddings
22-11-14 06:12:31 - INFO - root: Generated sentence embeddings
22-11-14 06:12:31 - INFO - root: Training pytorch-MLP-nhid0-rmsprop-bs128 with (inner) 5-fold cross-validation
22-11-14 06:12:55 - INFO - root: Best param found at split 1: l2reg = 0.001                 with score 85.7
22-11-14 06:13:27 - INFO - root: Best param found at split 2: l2reg = 1e-05                 with score 85.55
22-11-14 06:13:57 - INFO - root: Best param found at split 3: l2reg = 0.0001                 with score 86.1
22-11-14 06:14:28 - INFO - root: Best param found at split 4: l2reg = 0.01                 with score 85.32
22-11-14 06:14:56 - INFO - root: Best param found at split 5: l2reg = 0.001                 with score 84.18
22-11-14 06:14:57 - INFO - root: Computing embedding for train
22-11-14 06:14:59 - INFO - root: Computed train embeddings
22-11-14 06:14:59 - INFO - root: Computing embedding for dev
22-11-14 06:14:59 - INFO - root: Computed dev embeddings
22-11-14 06:14:59 - INFO - root: Computing embedding for test
22-11-14 06:15:00 - INFO - root: Computed test embeddings
22-11-14 06:15:00 - INFO - root: Training pytorch-MLP-nhid0-rmsprop-bs128 with standard validation..
22-11-14 06:15:07 - INFO - root: [('reg:1e-05', 36.15), ('reg:0.0001', 34.7), ('reg:0.001', 35.15), ('reg:0.01', 34.97)]
22-11-14 06:15:07 - INFO - root: Validation : best param found is reg = 1e-05 with score             36.15
22-11-14 06:15:07 - INFO - root: Evaluating...
22-11-14 06:15:09 - INFO - root: ***** Transfer task : TREC *****


22-11-14 06:15:10 - INFO - root: Computed train embeddings
22-11-14 06:15:10 - INFO - root: Computed test embeddings
22-11-14 06:15:10 - INFO - root: Training pytorch-MLP-nhid0-rmsprop-bs128 with 5-fold cross-validation
22-11-14 06:15:27 - INFO - root: [('reg:1e-05', 80.26), ('reg:0.0001', 79.97), ('reg:0.001', 80.41), ('reg:0.01', 79.11)]
22-11-14 06:15:27 - INFO - root: Cross-validation : best param found is reg = 0.001             with score 80.41
22-11-14 06:15:27 - INFO - root: Evaluating...
22-11-14 06:15:28 - INFO - root: ***** Transfer task : MRPC *****


22-11-14 06:15:28 - INFO - root: Computing embedding for train
22-11-14 06:15:30 - INFO - root: Computed train embeddings
22-11-14 06:15:30 - INFO - root: Computing embedding for test
22-11-14 06:15:30 - INFO - root: Computed test embeddings
22-11-14 06:15:30 - INFO - root: Training pytorch-MLP-nhid0-rmsprop-bs128 with 5-fold cross-validation
22-11-14 06:15:43 - INFO - root: [('reg:1e-05', 71.59), ('reg:0.0001', 71.96), ('reg:0.001', 71.86), ('reg:0.01', 71.88)]
22-11-14 06:15:43 - INFO - root: Cross-validation : best param found is reg = 0.0001             with score 71.96
22-11-14 06:15:43 - INFO - root: Evaluating...
22-11-20 03:58:26 - INFO - absl: Using ./models-tfhub to cache modules.
22-11-20 03:58:29 - INFO - __main__: m-USE model is loaded.
22-11-20 03:58:30 - INFO - __main__: Num of m-USE features: 512
