22-11-13 19:58:19 - INFO - absl: Using ./models-tfhub to cache modules.
22-11-13 19:58:21 - INFO - __main__: m-USE model is loaded.
22-11-13 19:58:23 - INFO - __main__: Num of m-USE features: 512
22-11-13 19:58:24 - INFO - root: Generating sentence embeddings
22-11-13 19:58:26 - INFO - root: Generated sentence embeddings
22-11-13 19:58:26 - INFO - root: Training pytorch-MLP-nhid0-rmsprop-bs128 with (inner) 5-fold cross-validation
22-11-13 19:58:55 - INFO - root: Best param found at split 1: l2reg = 1e-05                 with score 68.46
22-11-13 19:59:26 - INFO - root: Best param found at split 2: l2reg = 0.01                 with score 68.37
22-11-13 19:59:55 - INFO - root: Best param found at split 3: l2reg = 1e-05                 with score 68.0
22-11-13 20:00:26 - INFO - root: Best param found at split 4: l2reg = 0.001                 with score 68.52
22-11-13 20:00:51 - INFO - root: Best param found at split 5: l2reg = 0.0001                 with score 68.46
22-11-13 20:00:52 - INFO - root: Generating sentence embeddings
22-11-13 20:00:53 - INFO - root: Generated sentence embeddings
22-11-13 20:00:53 - INFO - root: Training pytorch-MLP-nhid0-rmsprop-bs128 with (inner) 5-fold cross-validation
22-11-13 20:01:03 - INFO - root: Best param found at split 1: l2reg = 1e-05                 with score 76.69
22-11-13 20:01:14 - INFO - root: Best param found at split 2: l2reg = 1e-05                 with score 77.25
22-11-13 20:01:24 - INFO - root: Best param found at split 3: l2reg = 0.0001                 with score 77.32
22-11-13 20:01:33 - INFO - root: Best param found at split 4: l2reg = 0.01                 with score 75.83
22-11-13 20:01:44 - INFO - root: Best param found at split 5: l2reg = 1e-05                 with score 75.1
22-11-13 20:01:44 - INFO - root: Generating sentence embeddings
22-11-13 20:01:46 - INFO - root: Generated sentence embeddings
22-11-13 20:01:46 - INFO - root: Training pytorch-MLP-nhid0-rmsprop-bs128 with (inner) 5-fold cross-validation
22-11-13 20:02:12 - INFO - root: Best param found at split 1: l2reg = 1e-05                 with score 86.81
22-11-13 20:02:42 - INFO - root: Best param found at split 2: l2reg = 1e-05                 with score 87.19
22-11-13 20:03:10 - INFO - root: Best param found at split 3: l2reg = 0.001                 with score 87.45
22-11-13 20:03:37 - INFO - root: Best param found at split 4: l2reg = 1e-05                 with score 86.59
22-11-13 20:04:04 - INFO - root: Best param found at split 5: l2reg = 0.001                 with score 86.71
22-11-13 20:04:05 - INFO - root: Generating sentence embeddings
22-11-13 20:04:07 - INFO - root: Generated sentence embeddings
22-11-13 20:04:07 - INFO - root: Training pytorch-MLP-nhid0-rmsprop-bs128 with (inner) 5-fold cross-validation
22-11-13 20:04:33 - INFO - root: Best param found at split 1: l2reg = 1e-05                 with score 84.3
22-11-13 20:05:02 - INFO - root: Best param found at split 2: l2reg = 0.001                 with score 84.35
22-11-13 20:05:32 - INFO - root: Best param found at split 3: l2reg = 0.01                 with score 85.0
22-11-13 20:06:03 - INFO - root: Best param found at split 4: l2reg = 1e-05                 with score 84.66
22-11-13 20:06:30 - INFO - root: Best param found at split 5: l2reg = 0.01                 with score 84.04
22-11-13 20:06:32 - INFO - root: Computing embedding for train
22-11-13 20:06:33 - INFO - root: Computed train embeddings
22-11-13 20:06:33 - INFO - root: Computing embedding for dev
22-11-13 20:06:34 - INFO - root: Computed dev embeddings
22-11-13 20:06:34 - INFO - root: Computing embedding for test
22-11-13 20:06:34 - INFO - root: Computed test embeddings
22-11-13 20:06:34 - INFO - root: Training pytorch-MLP-nhid0-rmsprop-bs128 with standard validation..
22-11-13 20:06:41 - INFO - root: [('reg:1e-05', 37.24), ('reg:0.0001', 37.24), ('reg:0.001', 37.24), ('reg:0.01', 36.78)]
22-11-13 20:06:41 - INFO - root: Validation : best param found is reg = 1e-05 with score             37.24
22-11-13 20:06:41 - INFO - root: Evaluating...
22-11-13 20:06:42 - INFO - root: ***** Transfer task : TREC *****


22-11-13 20:06:43 - INFO - root: Computed train embeddings
22-11-13 20:06:44 - INFO - root: Computed test embeddings
22-11-13 20:06:44 - INFO - root: Training pytorch-MLP-nhid0-rmsprop-bs128 with 5-fold cross-validation
22-11-13 20:07:02 - INFO - root: [('reg:1e-05', 73.48), ('reg:0.0001', 73.42), ('reg:0.001', 73.44), ('reg:0.01', 71.11)]
22-11-13 20:07:02 - INFO - root: Cross-validation : best param found is reg = 1e-05             with score 73.48
22-11-13 20:07:02 - INFO - root: Evaluating...
22-11-13 20:07:04 - INFO - root: ***** Transfer task : MRPC *****


22-11-13 20:07:04 - INFO - root: Computing embedding for train
22-11-13 20:07:05 - INFO - root: Computed train embeddings
22-11-13 20:07:05 - INFO - root: Computing embedding for test
22-11-13 20:07:06 - INFO - root: Computed test embeddings
22-11-13 20:07:06 - INFO - root: Training pytorch-MLP-nhid0-rmsprop-bs128 with 5-fold cross-validation
22-11-13 20:07:19 - INFO - root: [('reg:1e-05', 71.32), ('reg:0.0001', 71.52), ('reg:0.001', 71.49), ('reg:0.01', 71.59)]
22-11-13 20:07:19 - INFO - root: Cross-validation : best param found is reg = 0.01             with score 71.59
22-11-13 20:07:19 - INFO - root: Evaluating...
