22-11-14 02:00:18 - INFO - absl: Using ./models-tfhub to cache modules.
22-11-14 02:00:21 - INFO - __main__: m-USE model is loaded.
22-11-14 02:00:23 - INFO - __main__: Num of m-USE features: 512
22-11-14 02:00:23 - INFO - root: Generating sentence embeddings
22-11-14 02:00:25 - INFO - root: Generated sentence embeddings
22-11-14 02:00:25 - INFO - root: Training pytorch-MLP-nhid0-rmsprop-bs128 with (inner) 5-fold cross-validation
22-11-14 02:00:56 - INFO - root: Best param found at split 1: l2reg = 0.0001                 with score 67.9
22-11-14 02:01:25 - INFO - root: Best param found at split 2: l2reg = 0.01                 with score 67.38
22-11-14 02:01:57 - INFO - root: Best param found at split 3: l2reg = 0.01                 with score 68.19
22-11-14 02:02:26 - INFO - root: Best param found at split 4: l2reg = 0.01                 with score 68.83
22-11-14 02:03:00 - INFO - root: Best param found at split 5: l2reg = 0.01                 with score 67.61
22-11-14 02:03:02 - INFO - root: Generating sentence embeddings
22-11-14 02:03:02 - INFO - root: Generated sentence embeddings
22-11-14 02:03:02 - INFO - root: Training pytorch-MLP-nhid0-rmsprop-bs128 with (inner) 5-fold cross-validation
22-11-14 02:03:13 - INFO - root: Best param found at split 1: l2reg = 0.0001                 with score 78.61
22-11-14 02:03:24 - INFO - root: Best param found at split 2: l2reg = 1e-05                 with score 77.25
22-11-14 02:03:35 - INFO - root: Best param found at split 3: l2reg = 0.001                 with score 78.18
22-11-14 02:03:46 - INFO - root: Best param found at split 4: l2reg = 0.0001                 with score 76.36
22-11-14 02:03:56 - INFO - root: Best param found at split 5: l2reg = 0.001                 with score 77.12
22-11-14 02:03:57 - INFO - root: Generating sentence embeddings
22-11-14 02:03:59 - INFO - root: Generated sentence embeddings
22-11-14 02:03:59 - INFO - root: Training pytorch-MLP-nhid0-rmsprop-bs128 with (inner) 5-fold cross-validation
22-11-14 02:04:24 - INFO - root: Best param found at split 1: l2reg = 1e-05                 with score 88.68
22-11-14 02:04:53 - INFO - root: Best param found at split 2: l2reg = 0.001                 with score 88.95
22-11-14 02:05:20 - INFO - root: Best param found at split 3: l2reg = 0.01                 with score 88.91
22-11-14 02:05:47 - INFO - root: Best param found at split 4: l2reg = 0.01                 with score 88.41
22-11-14 02:06:15 - INFO - root: Best param found at split 5: l2reg = 0.0001                 with score 88.36
22-11-14 02:06:17 - INFO - root: Generating sentence embeddings
22-11-14 02:06:19 - INFO - root: Generated sentence embeddings
22-11-14 02:06:19 - INFO - root: Training pytorch-MLP-nhid0-rmsprop-bs128 with (inner) 5-fold cross-validation
22-11-14 02:06:44 - INFO - root: Best param found at split 1: l2reg = 0.001                 with score 85.36
22-11-14 02:07:17 - INFO - root: Best param found at split 2: l2reg = 0.001                 with score 85.26
22-11-14 02:07:47 - INFO - root: Best param found at split 3: l2reg = 0.01                 with score 86.12
22-11-14 02:08:15 - INFO - root: Best param found at split 4: l2reg = 0.01                 with score 85.9
22-11-14 02:08:42 - INFO - root: Best param found at split 5: l2reg = 0.0001                 with score 85.66
22-11-14 02:08:43 - INFO - root: Computing embedding for train
22-11-14 02:08:45 - INFO - root: Computed train embeddings
22-11-14 02:08:45 - INFO - root: Computing embedding for dev
22-11-14 02:08:45 - INFO - root: Computed dev embeddings
22-11-14 02:08:45 - INFO - root: Computing embedding for test
22-11-14 02:08:45 - INFO - root: Computed test embeddings
22-11-14 02:08:45 - INFO - root: Training pytorch-MLP-nhid0-rmsprop-bs128 with standard validation..
22-11-14 02:08:53 - INFO - root: [('reg:1e-05', 36.78), ('reg:0.0001', 34.97), ('reg:0.001', 32.88), ('reg:0.01', 36.6)]
22-11-14 02:08:53 - INFO - root: Validation : best param found is reg = 1e-05 with score             36.78
22-11-14 02:08:53 - INFO - root: Evaluating...
22-11-14 02:08:55 - INFO - root: ***** Transfer task : TREC *****


22-11-14 02:08:56 - INFO - root: Computed train embeddings
22-11-14 02:08:56 - INFO - root: Computed test embeddings
22-11-14 02:08:56 - INFO - root: Training pytorch-MLP-nhid0-rmsprop-bs128 with 5-fold cross-validation
22-11-14 02:09:13 - INFO - root: [('reg:1e-05', 78.1), ('reg:0.0001', 78.56), ('reg:0.001', 78.06), ('reg:0.01', 74.96)]
22-11-14 02:09:13 - INFO - root: Cross-validation : best param found is reg = 0.0001             with score 78.56
22-11-14 02:09:13 - INFO - root: Evaluating...
22-11-14 02:09:15 - INFO - root: ***** Transfer task : MRPC *****


22-11-14 02:09:15 - INFO - root: Computing embedding for train
22-11-14 02:09:16 - INFO - root: Computed train embeddings
22-11-14 02:09:16 - INFO - root: Computing embedding for test
22-11-14 02:09:17 - INFO - root: Computed test embeddings
22-11-14 02:09:17 - INFO - root: Training pytorch-MLP-nhid0-rmsprop-bs128 with 5-fold cross-validation
22-11-14 02:09:29 - INFO - root: [('reg:1e-05', 71.27), ('reg:0.0001', 71.15), ('reg:0.001', 71.15), ('reg:0.01', 71.81)]
22-11-14 02:09:29 - INFO - root: Cross-validation : best param found is reg = 0.01             with score 71.81
22-11-14 02:09:29 - INFO - root: Evaluating...
22-11-20 03:08:35 - INFO - absl: Using ./models-tfhub to cache modules.
22-11-20 03:08:37 - INFO - __main__: m-USE model is loaded.
22-11-20 03:08:39 - INFO - __main__: Num of m-USE features: 512
