22-11-14 09:14:38 - INFO - absl: Using ./models-tfhub to cache modules.
22-11-14 09:14:41 - INFO - __main__: m-USE model is loaded.
22-11-14 09:14:43 - INFO - __main__: Num of m-USE features: 512
22-11-14 09:14:43 - INFO - root: Generating sentence embeddings
22-11-14 09:14:45 - INFO - root: Generated sentence embeddings
22-11-14 09:14:45 - INFO - root: Training pytorch-MLP-nhid0-rmsprop-bs128 with (inner) 5-fold cross-validation
22-11-14 09:15:15 - INFO - root: Best param found at split 1: l2reg = 0.01                 with score 69.62
22-11-14 09:15:44 - INFO - root: Best param found at split 2: l2reg = 0.01                 with score 66.78
22-11-14 09:16:17 - INFO - root: Best param found at split 3: l2reg = 0.0001                 with score 68.98
22-11-14 09:16:49 - INFO - root: Best param found at split 4: l2reg = 0.0001                 with score 70.19
22-11-14 09:17:22 - INFO - root: Best param found at split 5: l2reg = 0.001                 with score 66.64
22-11-14 09:17:24 - INFO - root: Generating sentence embeddings
22-11-14 09:17:24 - INFO - root: Generated sentence embeddings
22-11-14 09:17:24 - INFO - root: Training pytorch-MLP-nhid0-rmsprop-bs128 with (inner) 5-fold cross-validation
22-11-14 09:17:34 - INFO - root: Best param found at split 1: l2reg = 0.001                 with score 78.01
22-11-14 09:17:45 - INFO - root: Best param found at split 2: l2reg = 0.001                 with score 79.74
22-11-14 09:17:55 - INFO - root: Best param found at split 3: l2reg = 0.01                 with score 79.4
22-11-14 09:18:05 - INFO - root: Best param found at split 4: l2reg = 0.01                 with score 77.19
22-11-14 09:18:17 - INFO - root: Best param found at split 5: l2reg = 1e-05                 with score 79.37
22-11-14 09:18:18 - INFO - root: Generating sentence embeddings
22-11-14 09:18:20 - INFO - root: Generated sentence embeddings
22-11-14 09:18:20 - INFO - root: Training pytorch-MLP-nhid0-rmsprop-bs128 with (inner) 5-fold cross-validation
22-11-14 09:18:43 - INFO - root: Best param found at split 1: l2reg = 1e-05                 with score 90.36
22-11-14 09:19:12 - INFO - root: Best param found at split 2: l2reg = 0.0001                 with score 90.26
22-11-14 09:19:40 - INFO - root: Best param found at split 3: l2reg = 0.001                 with score 90.29
22-11-14 09:20:11 - INFO - root: Best param found at split 4: l2reg = 0.001                 with score 90.11
22-11-14 09:20:37 - INFO - root: Best param found at split 5: l2reg = 0.001                 with score 89.81
22-11-14 09:20:39 - INFO - root: Generating sentence embeddings
22-11-14 09:20:41 - INFO - root: Generated sentence embeddings
22-11-14 09:20:41 - INFO - root: Training pytorch-MLP-nhid0-rmsprop-bs128 with (inner) 5-fold cross-validation
22-11-14 09:21:06 - INFO - root: Best param found at split 1: l2reg = 0.0001                 with score 87.08
22-11-14 09:21:36 - INFO - root: Best param found at split 2: l2reg = 1e-05                 with score 86.14
22-11-14 09:22:08 - INFO - root: Best param found at split 3: l2reg = 0.0001                 with score 86.85
22-11-14 09:22:40 - INFO - root: Best param found at split 4: l2reg = 1e-05                 with score 86.43
22-11-14 09:23:09 - INFO - root: Best param found at split 5: l2reg = 0.01                 with score 85.94
22-11-14 09:23:10 - INFO - root: Computing embedding for train
22-11-14 09:23:12 - INFO - root: Computed train embeddings
22-11-14 09:23:12 - INFO - root: Computing embedding for dev
22-11-14 09:23:12 - INFO - root: Computed dev embeddings
22-11-14 09:23:12 - INFO - root: Computing embedding for test
22-11-14 09:23:13 - INFO - root: Computed test embeddings
22-11-14 09:23:13 - INFO - root: Training pytorch-MLP-nhid0-rmsprop-bs128 with standard validation..
22-11-14 09:23:17 - INFO - root: [('reg:1e-05', 35.15), ('reg:0.0001', 36.06), ('reg:0.001', 36.42), ('reg:0.01', 35.6)]
22-11-14 09:23:17 - INFO - root: Validation : best param found is reg = 0.001 with score             36.42
22-11-14 09:23:17 - INFO - root: Evaluating...
22-11-14 09:23:18 - INFO - root: ***** Transfer task : TREC *****


22-11-14 09:23:19 - INFO - root: Computed train embeddings
22-11-14 09:23:19 - INFO - root: Computed test embeddings
22-11-14 09:23:19 - INFO - root: Training pytorch-MLP-nhid0-rmsprop-bs128 with 5-fold cross-validation
22-11-14 09:23:37 - INFO - root: [('reg:1e-05', 80.01), ('reg:0.0001', 81.53), ('reg:0.001', 80.43), ('reg:0.01', 77.57)]
22-11-14 09:23:37 - INFO - root: Cross-validation : best param found is reg = 0.0001             with score 81.53
22-11-14 09:23:37 - INFO - root: Evaluating...
22-11-14 09:23:38 - INFO - root: ***** Transfer task : MRPC *****


22-11-14 09:23:38 - INFO - root: Computing embedding for train
22-11-14 09:23:40 - INFO - root: Computed train embeddings
22-11-14 09:23:40 - INFO - root: Computing embedding for test
22-11-14 09:23:41 - INFO - root: Computed test embeddings
22-11-14 09:23:41 - INFO - root: Training pytorch-MLP-nhid0-rmsprop-bs128 with 5-fold cross-validation
22-11-14 09:23:55 - INFO - root: [('reg:1e-05', 72.01), ('reg:0.0001', 72.67), ('reg:0.001', 72.55), ('reg:0.01', 71.62)]
22-11-14 09:23:55 - INFO - root: Cross-validation : best param found is reg = 0.0001             with score 72.67
22-11-14 09:23:55 - INFO - root: Evaluating...
