22-11-14 12:47:10 - INFO - absl: Using ./models-tfhub to cache modules.
22-11-14 12:47:12 - INFO - __main__: m-USE model is loaded.
22-11-14 12:47:14 - INFO - __main__: Num of m-USE features: 512
22-11-14 12:47:14 - INFO - root: Generating sentence embeddings
22-11-14 12:47:17 - INFO - root: Generated sentence embeddings
22-11-14 12:47:17 - INFO - root: Training pytorch-MLP-nhid0-rmsprop-bs128 with (inner) 5-fold cross-validation
22-11-14 12:47:48 - INFO - root: Best param found at split 1: l2reg = 1e-05                 with score 69.96
22-11-14 12:48:12 - INFO - root: Best param found at split 2: l2reg = 0.001                 with score 69.97
22-11-14 12:48:43 - INFO - root: Best param found at split 3: l2reg = 0.0001                 with score 68.89
22-11-14 12:49:16 - INFO - root: Best param found at split 4: l2reg = 1e-05                 with score 69.84
22-11-14 12:49:46 - INFO - root: Best param found at split 5: l2reg = 0.01                 with score 68.71
22-11-14 12:49:47 - INFO - root: Generating sentence embeddings
22-11-14 12:49:48 - INFO - root: Generated sentence embeddings
22-11-14 12:49:48 - INFO - root: Training pytorch-MLP-nhid0-rmsprop-bs128 with (inner) 5-fold cross-validation
22-11-14 12:49:57 - INFO - root: Best param found at split 1: l2reg = 0.001                 with score 77.81
22-11-14 12:50:08 - INFO - root: Best param found at split 2: l2reg = 1e-05                 with score 79.54
22-11-14 12:50:18 - INFO - root: Best param found at split 3: l2reg = 0.0001                 with score 79.57
22-11-14 12:50:28 - INFO - root: Best param found at split 4: l2reg = 0.001                 with score 77.15
22-11-14 12:50:38 - INFO - root: Best param found at split 5: l2reg = 0.001                 with score 79.17
22-11-14 12:50:39 - INFO - root: Generating sentence embeddings
22-11-14 12:50:41 - INFO - root: Generated sentence embeddings
22-11-14 12:50:41 - INFO - root: Training pytorch-MLP-nhid0-rmsprop-bs128 with (inner) 5-fold cross-validation
22-11-14 12:51:07 - INFO - root: Best param found at split 1: l2reg = 0.01                 with score 90.51
22-11-14 12:51:39 - INFO - root: Best param found at split 2: l2reg = 1e-05                 with score 90.44
22-11-14 12:52:07 - INFO - root: Best param found at split 3: l2reg = 0.001                 with score 90.6
22-11-14 12:52:35 - INFO - root: Best param found at split 4: l2reg = 0.0001                 with score 89.92
22-11-14 12:53:03 - INFO - root: Best param found at split 5: l2reg = 0.0001                 with score 90.26
22-11-14 12:53:04 - INFO - root: Generating sentence embeddings
22-11-14 12:53:06 - INFO - root: Generated sentence embeddings
22-11-14 12:53:06 - INFO - root: Training pytorch-MLP-nhid0-rmsprop-bs128 with (inner) 5-fold cross-validation
22-11-14 12:53:34 - INFO - root: Best param found at split 1: l2reg = 0.01                 with score 87.48
22-11-14 12:54:06 - INFO - root: Best param found at split 2: l2reg = 1e-05                 with score 86.93
22-11-14 12:54:36 - INFO - root: Best param found at split 3: l2reg = 1e-05                 with score 86.92
22-11-14 12:55:03 - INFO - root: Best param found at split 4: l2reg = 0.001                 with score 86.72
22-11-14 12:55:34 - INFO - root: Best param found at split 5: l2reg = 1e-05                 with score 86.71
22-11-14 12:55:35 - INFO - root: Computing embedding for train
22-11-14 12:55:37 - INFO - root: Computed train embeddings
22-11-14 12:55:37 - INFO - root: Computing embedding for dev
22-11-14 12:55:37 - INFO - root: Computed dev embeddings
22-11-14 12:55:37 - INFO - root: Computing embedding for test
22-11-14 12:55:38 - INFO - root: Computed test embeddings
22-11-14 12:55:38 - INFO - root: Training pytorch-MLP-nhid0-rmsprop-bs128 with standard validation..
22-11-14 12:55:45 - INFO - root: [('reg:1e-05', 36.42), ('reg:0.0001', 33.15), ('reg:0.001', 36.06), ('reg:0.01', 37.6)]
22-11-14 12:55:45 - INFO - root: Validation : best param found is reg = 0.01 with score             37.6
22-11-14 12:55:45 - INFO - root: Evaluating...
22-11-14 12:55:46 - INFO - root: ***** Transfer task : TREC *****


22-11-14 12:55:47 - INFO - root: Computed train embeddings
22-11-14 12:55:48 - INFO - root: Computed test embeddings
22-11-14 12:55:48 - INFO - root: Training pytorch-MLP-nhid0-rmsprop-bs128 with 5-fold cross-validation
22-11-14 12:56:07 - INFO - root: [('reg:1e-05', 82.7), ('reg:0.0001', 81.64), ('reg:0.001', 83.4), ('reg:0.01', 78.65)]
22-11-14 12:56:07 - INFO - root: Cross-validation : best param found is reg = 0.001             with score 83.4
22-11-14 12:56:07 - INFO - root: Evaluating...
22-11-14 12:56:08 - INFO - root: ***** Transfer task : MRPC *****


22-11-14 12:56:08 - INFO - root: Computing embedding for train
22-11-14 12:56:10 - INFO - root: Computed train embeddings
22-11-14 12:56:10 - INFO - root: Computing embedding for test
22-11-14 12:56:11 - INFO - root: Computed test embeddings
22-11-14 12:56:11 - INFO - root: Training pytorch-MLP-nhid0-rmsprop-bs128 with 5-fold cross-validation
22-11-14 12:56:24 - INFO - root: [('reg:1e-05', 73.95), ('reg:0.0001', 72.99), ('reg:0.001', 73.06), ('reg:0.01', 74.44)]
22-11-14 12:56:24 - INFO - root: Cross-validation : best param found is reg = 0.01             with score 74.44
22-11-14 12:56:24 - INFO - root: Evaluating...
