22-11-14 09:32:49 - INFO - absl: Using ./models-tfhub to cache modules.
22-11-14 09:32:52 - INFO - __main__: m-USE model is loaded.
22-11-14 09:32:54 - INFO - __main__: Num of m-USE features: 512
22-11-14 09:32:54 - INFO - root: Generating sentence embeddings
22-11-14 09:32:56 - INFO - root: Generated sentence embeddings
22-11-14 09:32:56 - INFO - root: Training pytorch-MLP-nhid0-rmsprop-bs128 with (inner) 5-fold cross-validation
22-11-14 09:33:24 - INFO - root: Best param found at split 1: l2reg = 0.001                 with score 69.79
22-11-14 09:33:57 - INFO - root: Best param found at split 2: l2reg = 0.001                 with score 68.33
22-11-14 09:34:23 - INFO - root: Best param found at split 3: l2reg = 0.001                 with score 66.15
22-11-14 09:34:51 - INFO - root: Best param found at split 4: l2reg = 0.0001                 with score 69.28
22-11-14 09:35:20 - INFO - root: Best param found at split 5: l2reg = 0.0001                 with score 68.59
22-11-14 09:35:22 - INFO - root: Generating sentence embeddings
22-11-14 09:35:23 - INFO - root: Generated sentence embeddings
22-11-14 09:35:23 - INFO - root: Training pytorch-MLP-nhid0-rmsprop-bs128 with (inner) 5-fold cross-validation
22-11-14 09:35:34 - INFO - root: Best param found at split 1: l2reg = 1e-05                 with score 79.01
22-11-14 09:35:44 - INFO - root: Best param found at split 2: l2reg = 0.01                 with score 79.11
22-11-14 09:35:55 - INFO - root: Best param found at split 3: l2reg = 1e-05                 with score 78.84
22-11-14 09:36:05 - INFO - root: Best param found at split 4: l2reg = 1e-05                 with score 78.15
22-11-14 09:36:14 - INFO - root: Best param found at split 5: l2reg = 1e-05                 with score 77.68
22-11-14 09:36:15 - INFO - root: Generating sentence embeddings
22-11-14 09:36:17 - INFO - root: Generated sentence embeddings
22-11-14 09:36:17 - INFO - root: Training pytorch-MLP-nhid0-rmsprop-bs128 with (inner) 5-fold cross-validation
22-11-14 09:36:42 - INFO - root: Best param found at split 1: l2reg = 0.0001                 with score 90.48
22-11-14 09:37:10 - INFO - root: Best param found at split 2: l2reg = 0.01                 with score 90.5
22-11-14 09:37:37 - INFO - root: Best param found at split 3: l2reg = 0.01                 with score 90.55
22-11-14 09:38:06 - INFO - root: Best param found at split 4: l2reg = 0.001                 with score 90.04
22-11-14 09:38:31 - INFO - root: Best param found at split 5: l2reg = 0.01                 with score 89.74
22-11-14 09:38:33 - INFO - root: Generating sentence embeddings
22-11-14 09:38:35 - INFO - root: Generated sentence embeddings
22-11-14 09:38:35 - INFO - root: Training pytorch-MLP-nhid0-rmsprop-bs128 with (inner) 5-fold cross-validation
22-11-14 09:39:01 - INFO - root: Best param found at split 1: l2reg = 0.01                 with score 85.58
22-11-14 09:39:34 - INFO - root: Best param found at split 2: l2reg = 0.01                 with score 86.05
22-11-14 09:40:03 - INFO - root: Best param found at split 3: l2reg = 0.01                 with score 86.71
22-11-14 09:40:31 - INFO - root: Best param found at split 4: l2reg = 0.001                 with score 86.67
22-11-14 09:41:02 - INFO - root: Best param found at split 5: l2reg = 1e-05                 with score 83.37
22-11-14 09:41:03 - INFO - root: Computing embedding for train
22-11-14 09:41:05 - INFO - root: Computed train embeddings
22-11-14 09:41:05 - INFO - root: Computing embedding for dev
22-11-14 09:41:05 - INFO - root: Computed dev embeddings
22-11-14 09:41:05 - INFO - root: Computing embedding for test
22-11-14 09:41:06 - INFO - root: Computed test embeddings
22-11-14 09:41:06 - INFO - root: Training pytorch-MLP-nhid0-rmsprop-bs128 with standard validation..
22-11-14 09:41:12 - INFO - root: [('reg:1e-05', 30.25), ('reg:0.0001', 29.43), ('reg:0.001', 33.24), ('reg:0.01', 35.69)]
22-11-14 09:41:12 - INFO - root: Validation : best param found is reg = 0.01 with score             35.69
22-11-14 09:41:12 - INFO - root: Evaluating...
22-11-14 09:41:14 - INFO - root: ***** Transfer task : TREC *****


22-11-14 09:41:15 - INFO - root: Computed train embeddings
22-11-14 09:41:15 - INFO - root: Computed test embeddings
22-11-14 09:41:15 - INFO - root: Training pytorch-MLP-nhid0-rmsprop-bs128 with 5-fold cross-validation
22-11-14 09:41:34 - INFO - root: [('reg:1e-05', 80.25), ('reg:0.0001', 80.34), ('reg:0.001', 78.63), ('reg:0.01', 78.65)]
22-11-14 09:41:34 - INFO - root: Cross-validation : best param found is reg = 0.0001             with score 80.34
22-11-14 09:41:34 - INFO - root: Evaluating...
22-11-14 09:41:35 - INFO - root: ***** Transfer task : MRPC *****


22-11-14 09:41:35 - INFO - root: Computing embedding for train
22-11-14 09:41:37 - INFO - root: Computed train embeddings
22-11-14 09:41:37 - INFO - root: Computing embedding for test
22-11-14 09:41:37 - INFO - root: Computed test embeddings
22-11-14 09:41:38 - INFO - root: Training pytorch-MLP-nhid0-rmsprop-bs128 with 5-fold cross-validation
22-11-14 09:41:51 - INFO - root: [('reg:1e-05', 72.62), ('reg:0.0001', 72.11), ('reg:0.001', 72.69), ('reg:0.01', 72.84)]
22-11-14 09:41:51 - INFO - root: Cross-validation : best param found is reg = 0.01             with score 72.84
22-11-14 09:41:51 - INFO - root: Evaluating...
22-11-20 04:48:28 - INFO - absl: Using ./models-tfhub to cache modules.
22-11-20 04:48:31 - INFO - __main__: m-USE model is loaded.
22-11-20 04:48:34 - INFO - __main__: Num of m-USE features: 512
