22-11-14 13:55:19 - INFO - absl: Using ./models-tfhub to cache modules.
22-11-14 13:55:22 - INFO - __main__: m-USE model is loaded.
22-11-14 13:55:24 - INFO - __main__: Num of m-USE features: 512
22-11-14 13:55:24 - INFO - root: Generating sentence embeddings
22-11-14 13:55:26 - INFO - root: Generated sentence embeddings
22-11-14 13:55:26 - INFO - root: Training pytorch-MLP-nhid0-rmsprop-bs128 with (inner) 5-fold cross-validation
22-11-14 13:55:56 - INFO - root: Best param found at split 1: l2reg = 0.0001                 with score 70.23
22-11-14 13:56:25 - INFO - root: Best param found at split 2: l2reg = 0.01                 with score 66.32
22-11-14 13:56:53 - INFO - root: Best param found at split 3: l2reg = 0.0001                 with score 68.68
22-11-14 13:57:23 - INFO - root: Best param found at split 4: l2reg = 0.001                 with score 69.53
22-11-14 13:57:58 - INFO - root: Best param found at split 5: l2reg = 0.01                 with score 68.5
22-11-14 13:57:59 - INFO - root: Generating sentence embeddings
22-11-14 13:58:00 - INFO - root: Generated sentence embeddings
22-11-14 13:58:00 - INFO - root: Training pytorch-MLP-nhid0-rmsprop-bs128 with (inner) 5-fold cross-validation
22-11-14 13:58:11 - INFO - root: Best param found at split 1: l2reg = 0.01                 with score 79.77
22-11-14 13:58:22 - INFO - root: Best param found at split 2: l2reg = 0.01                 with score 79.4
22-11-14 13:58:32 - INFO - root: Best param found at split 3: l2reg = 1e-05                 with score 79.24
22-11-14 13:58:43 - INFO - root: Best param found at split 4: l2reg = 0.01                 with score 78.31
22-11-14 13:58:53 - INFO - root: Best param found at split 5: l2reg = 1e-05                 with score 78.77
22-11-14 13:58:54 - INFO - root: Generating sentence embeddings
22-11-14 13:58:56 - INFO - root: Generated sentence embeddings
22-11-14 13:58:56 - INFO - root: Training pytorch-MLP-nhid0-rmsprop-bs128 with (inner) 5-fold cross-validation
22-11-14 13:59:23 - INFO - root: Best param found at split 1: l2reg = 0.001                 with score 90.56
22-11-14 13:59:55 - INFO - root: Best param found at split 2: l2reg = 0.01                 with score 90.64
22-11-14 14:00:25 - INFO - root: Best param found at split 3: l2reg = 0.01                 with score 90.61
22-11-14 14:00:53 - INFO - root: Best param found at split 4: l2reg = 0.001                 with score 90.15
22-11-14 14:01:21 - INFO - root: Best param found at split 5: l2reg = 0.001                 with score 90.06
22-11-14 14:01:23 - INFO - root: Generating sentence embeddings
22-11-14 14:01:25 - INFO - root: Generated sentence embeddings
22-11-14 14:01:25 - INFO - root: Training pytorch-MLP-nhid0-rmsprop-bs128 with (inner) 5-fold cross-validation
22-11-14 14:01:51 - INFO - root: Best param found at split 1: l2reg = 0.001                 with score 87.05
22-11-14 14:02:22 - INFO - root: Best param found at split 2: l2reg = 0.01                 with score 86.06
22-11-14 14:02:51 - INFO - root: Best param found at split 3: l2reg = 0.0001                 with score 86.92
22-11-14 14:03:17 - INFO - root: Best param found at split 4: l2reg = 1e-05                 with score 86.85
22-11-14 14:03:48 - INFO - root: Best param found at split 5: l2reg = 0.0001                 with score 86.09
22-11-14 14:03:49 - INFO - root: Computing embedding for train
22-11-14 14:03:51 - INFO - root: Computed train embeddings
22-11-14 14:03:51 - INFO - root: Computing embedding for dev
22-11-14 14:03:51 - INFO - root: Computed dev embeddings
22-11-14 14:03:51 - INFO - root: Computing embedding for test
22-11-14 14:03:52 - INFO - root: Computed test embeddings
22-11-14 14:03:52 - INFO - root: Training pytorch-MLP-nhid0-rmsprop-bs128 with standard validation..
22-11-14 14:03:59 - INFO - root: [('reg:1e-05', 38.42), ('reg:0.0001', 37.33), ('reg:0.001', 34.79), ('reg:0.01', 36.33)]
22-11-14 14:03:59 - INFO - root: Validation : best param found is reg = 1e-05 with score             38.42
22-11-14 14:03:59 - INFO - root: Evaluating...
22-11-14 14:04:00 - INFO - root: ***** Transfer task : TREC *****


22-11-14 14:04:01 - INFO - root: Computed train embeddings
22-11-14 14:04:01 - INFO - root: Computed test embeddings
22-11-14 14:04:01 - INFO - root: Training pytorch-MLP-nhid0-rmsprop-bs128 with 5-fold cross-validation
22-11-14 14:04:19 - INFO - root: [('reg:1e-05', 81.11), ('reg:0.0001', 81.58), ('reg:0.001', 82.04), ('reg:0.01', 79.97)]
22-11-14 14:04:19 - INFO - root: Cross-validation : best param found is reg = 0.001             with score 82.04
22-11-14 14:04:19 - INFO - root: Evaluating...
22-11-14 14:04:19 - INFO - root: ***** Transfer task : MRPC *****


22-11-14 14:04:19 - INFO - root: Computing embedding for train
22-11-14 14:04:21 - INFO - root: Computed train embeddings
22-11-14 14:04:21 - INFO - root: Computing embedding for test
22-11-14 14:04:22 - INFO - root: Computed test embeddings
22-11-14 14:04:22 - INFO - root: Training pytorch-MLP-nhid0-rmsprop-bs128 with 5-fold cross-validation
22-11-14 14:04:35 - INFO - root: [('reg:1e-05', 73.43), ('reg:0.0001', 72.28), ('reg:0.001', 72.35), ('reg:0.01', 73.97)]
22-11-14 14:04:35 - INFO - root: Cross-validation : best param found is reg = 0.01             with score 73.97
22-11-14 14:04:35 - INFO - root: Evaluating...
