22-11-14 11:01:47 - INFO - absl: Using ./models-tfhub to cache modules.
22-11-14 11:01:50 - INFO - __main__: m-USE model is loaded.
22-11-14 11:01:52 - INFO - __main__: Num of m-USE features: 512
22-11-14 11:01:52 - INFO - root: Generating sentence embeddings
22-11-14 11:01:54 - INFO - root: Generated sentence embeddings
22-11-14 11:01:54 - INFO - root: Training pytorch-MLP-nhid0-rmsprop-bs128 with (inner) 5-fold cross-validation
22-11-14 11:02:24 - INFO - root: Best param found at split 1: l2reg = 0.01                 with score 69.42
22-11-14 11:02:54 - INFO - root: Best param found at split 2: l2reg = 1e-05                 with score 69.45
22-11-14 11:03:25 - INFO - root: Best param found at split 3: l2reg = 0.01                 with score 68.64
22-11-14 11:03:54 - INFO - root: Best param found at split 4: l2reg = 0.0001                 with score 69.47
22-11-14 11:04:26 - INFO - root: Best param found at split 5: l2reg = 0.001                 with score 67.88
22-11-14 11:04:27 - INFO - root: Generating sentence embeddings
22-11-14 11:04:28 - INFO - root: Generated sentence embeddings
22-11-14 11:04:28 - INFO - root: Training pytorch-MLP-nhid0-rmsprop-bs128 with (inner) 5-fold cross-validation
22-11-14 11:04:39 - INFO - root: Best param found at split 1: l2reg = 0.001                 with score 78.94
22-11-14 11:04:51 - INFO - root: Best param found at split 2: l2reg = 1e-05                 with score 79.14
22-11-14 11:05:01 - INFO - root: Best param found at split 3: l2reg = 0.001                 with score 79.64
22-11-14 11:05:12 - INFO - root: Best param found at split 4: l2reg = 0.01                 with score 78.54
22-11-14 11:05:22 - INFO - root: Best param found at split 5: l2reg = 0.01                 with score 78.64
22-11-14 11:05:23 - INFO - root: Generating sentence embeddings
22-11-14 11:05:25 - INFO - root: Generated sentence embeddings
22-11-14 11:05:25 - INFO - root: Training pytorch-MLP-nhid0-rmsprop-bs128 with (inner) 5-fold cross-validation
22-11-14 11:05:51 - INFO - root: Best param found at split 1: l2reg = 0.001                 with score 90.44
22-11-14 11:06:18 - INFO - root: Best param found at split 2: l2reg = 0.001                 with score 90.12
22-11-14 11:06:46 - INFO - root: Best param found at split 3: l2reg = 1e-05                 with score 90.26
22-11-14 11:07:14 - INFO - root: Best param found at split 4: l2reg = 0.01                 with score 90.16
22-11-14 11:07:40 - INFO - root: Best param found at split 5: l2reg = 0.01                 with score 89.72
22-11-14 11:07:42 - INFO - root: Generating sentence embeddings
22-11-14 11:07:44 - INFO - root: Generated sentence embeddings
22-11-14 11:07:44 - INFO - root: Training pytorch-MLP-nhid0-rmsprop-bs128 with (inner) 5-fold cross-validation
22-11-14 11:08:10 - INFO - root: Best param found at split 1: l2reg = 0.01                 with score 87.62
22-11-14 11:08:39 - INFO - root: Best param found at split 2: l2reg = 0.01                 with score 86.46
22-11-14 11:09:08 - INFO - root: Best param found at split 3: l2reg = 0.0001                 with score 86.82
22-11-14 11:09:36 - INFO - root: Best param found at split 4: l2reg = 1e-05                 with score 86.41
22-11-14 11:10:06 - INFO - root: Best param found at split 5: l2reg = 0.01                 with score 86.05
22-11-14 11:10:08 - INFO - root: Computing embedding for train
22-11-14 11:10:10 - INFO - root: Computed train embeddings
22-11-14 11:10:10 - INFO - root: Computing embedding for dev
22-11-14 11:10:10 - INFO - root: Computed dev embeddings
22-11-14 11:10:10 - INFO - root: Computing embedding for test
22-11-14 11:10:10 - INFO - root: Computed test embeddings
22-11-14 11:10:10 - INFO - root: Training pytorch-MLP-nhid0-rmsprop-bs128 with standard validation..
22-11-14 11:10:18 - INFO - root: [('reg:1e-05', 37.06), ('reg:0.0001', 34.06), ('reg:0.001', 36.15), ('reg:0.01', 37.24)]
22-11-14 11:10:18 - INFO - root: Validation : best param found is reg = 0.01 with score             37.24
22-11-14 11:10:18 - INFO - root: Evaluating...
22-11-14 11:10:20 - INFO - root: ***** Transfer task : TREC *****


22-11-14 11:10:21 - INFO - root: Computed train embeddings
22-11-14 11:10:21 - INFO - root: Computed test embeddings
22-11-14 11:10:21 - INFO - root: Training pytorch-MLP-nhid0-rmsprop-bs128 with 5-fold cross-validation
22-11-14 11:10:40 - INFO - root: [('reg:1e-05', 80.24), ('reg:0.0001', 81.84), ('reg:0.001', 81.22), ('reg:0.01', 78.67)]
22-11-14 11:10:40 - INFO - root: Cross-validation : best param found is reg = 0.0001             with score 81.84
22-11-14 11:10:40 - INFO - root: Evaluating...
22-11-14 11:10:41 - INFO - root: ***** Transfer task : MRPC *****


22-11-14 11:10:41 - INFO - root: Computing embedding for train
22-11-14 11:10:43 - INFO - root: Computed train embeddings
22-11-14 11:10:43 - INFO - root: Computing embedding for test
22-11-14 11:10:43 - INFO - root: Computed test embeddings
22-11-14 11:10:43 - INFO - root: Training pytorch-MLP-nhid0-rmsprop-bs128 with 5-fold cross-validation
22-11-14 11:10:57 - INFO - root: [('reg:1e-05', 72.47), ('reg:0.0001', 72.45), ('reg:0.001', 72.62), ('reg:0.01', 73.06)]
22-11-14 11:10:57 - INFO - root: Cross-validation : best param found is reg = 0.01             with score 73.06
22-11-14 11:10:57 - INFO - root: Evaluating...
22-11-20 05:10:41 - INFO - absl: Using ./models-tfhub to cache modules.
22-11-20 05:10:44 - INFO - __main__: m-USE model is loaded.
22-11-20 05:10:46 - INFO - __main__: Num of m-USE features: 512
