22-11-14 00:11:10 - INFO - absl: Using ./models-tfhub to cache modules.
22-11-14 00:11:12 - INFO - __main__: m-USE model is loaded.
22-11-14 00:11:15 - INFO - __main__: Num of m-USE features: 512
22-11-14 00:11:15 - INFO - root: Generating sentence embeddings
22-11-14 00:11:17 - INFO - root: Generated sentence embeddings
22-11-14 00:11:17 - INFO - root: Training pytorch-MLP-nhid0-rmsprop-bs128 with (inner) 5-fold cross-validation
22-11-14 00:11:51 - INFO - root: Best param found at split 1: l2reg = 0.001                 with score 68.14
22-11-14 00:12:21 - INFO - root: Best param found at split 2: l2reg = 0.01                 with score 67.93
22-11-14 00:12:54 - INFO - root: Best param found at split 3: l2reg = 1e-05                 with score 68.6
22-11-14 00:13:27 - INFO - root: Best param found at split 4: l2reg = 0.01                 with score 66.94
22-11-14 00:13:57 - INFO - root: Best param found at split 5: l2reg = 0.001                 with score 67.61
22-11-14 00:13:58 - INFO - root: Generating sentence embeddings
22-11-14 00:13:59 - INFO - root: Generated sentence embeddings
22-11-14 00:13:59 - INFO - root: Training pytorch-MLP-nhid0-rmsprop-bs128 with (inner) 5-fold cross-validation
22-11-14 00:14:10 - INFO - root: Best param found at split 1: l2reg = 1e-05                 with score 77.19
22-11-14 00:14:20 - INFO - root: Best param found at split 2: l2reg = 1e-05                 with score 77.52
22-11-14 00:14:32 - INFO - root: Best param found at split 3: l2reg = 0.001                 with score 78.44
22-11-14 00:14:42 - INFO - root: Best param found at split 4: l2reg = 1e-05                 with score 76.23
22-11-14 00:14:54 - INFO - root: Best param found at split 5: l2reg = 0.0001                 with score 77.28
22-11-14 00:14:55 - INFO - root: Generating sentence embeddings
22-11-14 00:14:57 - INFO - root: Generated sentence embeddings
22-11-14 00:14:57 - INFO - root: Training pytorch-MLP-nhid0-rmsprop-bs128 with (inner) 5-fold cross-validation
22-11-14 00:15:25 - INFO - root: Best param found at split 1: l2reg = 0.01                 with score 89.08
22-11-14 00:15:54 - INFO - root: Best param found at split 2: l2reg = 0.01                 with score 89.25
22-11-14 00:16:24 - INFO - root: Best param found at split 3: l2reg = 0.01                 with score 89.07
22-11-14 00:16:53 - INFO - root: Best param found at split 4: l2reg = 0.01                 with score 88.84
22-11-14 00:17:23 - INFO - root: Best param found at split 5: l2reg = 0.01                 with score 88.8
22-11-14 00:17:25 - INFO - root: Generating sentence embeddings
22-11-14 00:17:26 - INFO - root: Generated sentence embeddings
22-11-14 00:17:26 - INFO - root: Training pytorch-MLP-nhid0-rmsprop-bs128 with (inner) 5-fold cross-validation
22-11-14 00:17:51 - INFO - root: Best param found at split 1: l2reg = 0.001                 with score 85.51
22-11-14 00:18:22 - INFO - root: Best param found at split 2: l2reg = 0.001                 with score 84.89
22-11-14 00:18:52 - INFO - root: Best param found at split 3: l2reg = 0.01                 with score 85.82
22-11-14 00:19:26 - INFO - root: Best param found at split 4: l2reg = 0.01                 with score 85.72
22-11-14 00:19:54 - INFO - root: Best param found at split 5: l2reg = 0.01                 with score 84.77
22-11-14 00:19:56 - INFO - root: Computing embedding for train
22-11-14 00:19:58 - INFO - root: Computed train embeddings
22-11-14 00:19:58 - INFO - root: Computing embedding for dev
22-11-14 00:19:58 - INFO - root: Computed dev embeddings
22-11-14 00:19:58 - INFO - root: Computing embedding for test
22-11-14 00:19:58 - INFO - root: Computed test embeddings
22-11-14 00:19:58 - INFO - root: Training pytorch-MLP-nhid0-rmsprop-bs128 with standard validation..
22-11-14 00:20:06 - INFO - root: [('reg:1e-05', 35.97), ('reg:0.0001', 34.88), ('reg:0.001', 34.24), ('reg:0.01', 33.51)]
22-11-14 00:20:06 - INFO - root: Validation : best param found is reg = 1e-05 with score             35.97
22-11-14 00:20:06 - INFO - root: Evaluating...
22-11-14 00:20:08 - INFO - root: ***** Transfer task : TREC *****


22-11-14 00:20:09 - INFO - root: Computed train embeddings
22-11-14 00:20:09 - INFO - root: Computed test embeddings
22-11-14 00:20:09 - INFO - root: Training pytorch-MLP-nhid0-rmsprop-bs128 with 5-fold cross-validation
22-11-14 00:20:26 - INFO - root: [('reg:1e-05', 76.58), ('reg:0.0001', 76.52), ('reg:0.001', 76.65), ('reg:0.01', 76.94)]
22-11-14 00:20:26 - INFO - root: Cross-validation : best param found is reg = 0.01             with score 76.94
22-11-14 00:20:26 - INFO - root: Evaluating...
22-11-14 00:20:27 - INFO - root: ***** Transfer task : MRPC *****


22-11-14 00:20:27 - INFO - root: Computing embedding for train
22-11-14 00:20:28 - INFO - root: Computed train embeddings
22-11-14 00:20:28 - INFO - root: Computing embedding for test
22-11-14 00:20:29 - INFO - root: Computed test embeddings
22-11-14 00:20:29 - INFO - root: Training pytorch-MLP-nhid0-rmsprop-bs128 with 5-fold cross-validation
22-11-14 00:20:42 - INFO - root: [('reg:1e-05', 71.52), ('reg:0.0001', 71.86), ('reg:0.001', 72.72), ('reg:0.01', 71.39)]
22-11-14 00:20:42 - INFO - root: Cross-validation : best param found is reg = 0.001             with score 72.72
22-11-14 00:20:42 - INFO - root: Evaluating...
