22-11-13 22:38:05 - INFO - absl: Using ./models-tfhub to cache modules.
22-11-13 22:38:08 - INFO - __main__: m-USE model is loaded.
22-11-13 22:38:10 - INFO - __main__: Num of m-USE features: 512
22-11-13 22:38:10 - INFO - root: Generating sentence embeddings
22-11-13 22:38:12 - INFO - root: Generated sentence embeddings
22-11-13 22:38:12 - INFO - root: Training pytorch-MLP-nhid0-rmsprop-bs128 with (inner) 5-fold cross-validation
22-11-13 22:38:44 - INFO - root: Best param found at split 1: l2reg = 0.01                 with score 68.61
22-11-13 22:39:16 - INFO - root: Best param found at split 2: l2reg = 1e-05                 with score 66.94
22-11-13 22:39:49 - INFO - root: Best param found at split 3: l2reg = 0.01                 with score 67.61
22-11-13 22:40:17 - INFO - root: Best param found at split 4: l2reg = 0.01                 with score 66.55
22-11-13 22:40:49 - INFO - root: Best param found at split 5: l2reg = 0.0001                 with score 68.93
22-11-13 22:40:50 - INFO - root: Generating sentence embeddings
22-11-13 22:40:51 - INFO - root: Generated sentence embeddings
22-11-13 22:40:51 - INFO - root: Training pytorch-MLP-nhid0-rmsprop-bs128 with (inner) 5-fold cross-validation
22-11-13 22:41:01 - INFO - root: Best param found at split 1: l2reg = 0.001                 with score 76.99
22-11-13 22:41:12 - INFO - root: Best param found at split 2: l2reg = 1e-05                 with score 78.01
22-11-13 22:41:22 - INFO - root: Best param found at split 3: l2reg = 0.001                 with score 77.28
22-11-13 22:41:33 - INFO - root: Best param found at split 4: l2reg = 1e-05                 with score 76.92
22-11-13 22:41:44 - INFO - root: Best param found at split 5: l2reg = 1e-05                 with score 77.15
22-11-13 22:41:45 - INFO - root: Generating sentence embeddings
22-11-13 22:41:47 - INFO - root: Generated sentence embeddings
22-11-13 22:41:47 - INFO - root: Training pytorch-MLP-nhid0-rmsprop-bs128 with (inner) 5-fold cross-validation
22-11-13 22:42:15 - INFO - root: Best param found at split 1: l2reg = 0.01                 with score 88.26
22-11-13 22:42:37 - INFO - root: Best param found at split 2: l2reg = 0.01                 with score 88.45
22-11-13 22:42:52 - INFO - root: Best param found at split 3: l2reg = 0.01                 with score 88.12
22-11-13 22:43:11 - INFO - root: Best param found at split 4: l2reg = 0.001                 with score 87.56
22-11-13 22:43:41 - INFO - root: Best param found at split 5: l2reg = 0.01                 with score 87.84
22-11-13 22:43:43 - INFO - root: Generating sentence embeddings
22-11-13 22:43:45 - INFO - root: Generated sentence embeddings
22-11-13 22:43:45 - INFO - root: Training pytorch-MLP-nhid0-rmsprop-bs128 with (inner) 5-fold cross-validation
22-11-13 22:44:11 - INFO - root: Best param found at split 1: l2reg = 0.0001                 with score 85.75
22-11-13 22:44:42 - INFO - root: Best param found at split 2: l2reg = 0.01                 with score 84.64
22-11-13 22:45:10 - INFO - root: Best param found at split 3: l2reg = 0.01                 with score 85.74
22-11-13 22:45:40 - INFO - root: Best param found at split 4: l2reg = 0.01                 with score 84.53
22-11-13 22:46:14 - INFO - root: Best param found at split 5: l2reg = 0.0001                 with score 84.9
22-11-13 22:46:16 - INFO - root: Computing embedding for train
22-11-13 22:46:17 - INFO - root: Computed train embeddings
22-11-13 22:46:17 - INFO - root: Computing embedding for dev
22-11-13 22:46:18 - INFO - root: Computed dev embeddings
22-11-13 22:46:18 - INFO - root: Computing embedding for test
22-11-13 22:46:18 - INFO - root: Computed test embeddings
22-11-13 22:46:18 - INFO - root: Training pytorch-MLP-nhid0-rmsprop-bs128 with standard validation..
22-11-13 22:46:27 - INFO - root: [('reg:1e-05', 34.7), ('reg:0.0001', 34.15), ('reg:0.001', 32.79), ('reg:0.01', 34.06)]
22-11-13 22:46:27 - INFO - root: Validation : best param found is reg = 1e-05 with score             34.7
22-11-13 22:46:27 - INFO - root: Evaluating...
22-11-13 22:46:29 - INFO - root: ***** Transfer task : TREC *****


22-11-13 22:46:30 - INFO - root: Computed train embeddings
22-11-13 22:46:30 - INFO - root: Computed test embeddings
22-11-13 22:46:30 - INFO - root: Training pytorch-MLP-nhid0-rmsprop-bs128 with 5-fold cross-validation
22-11-13 22:46:48 - INFO - root: [('reg:1e-05', 75.04), ('reg:0.0001', 75.07), ('reg:0.001', 75.17), ('reg:0.01', 73.42)]
22-11-13 22:46:48 - INFO - root: Cross-validation : best param found is reg = 0.001             with score 75.17
22-11-13 22:46:48 - INFO - root: Evaluating...
22-11-13 22:46:50 - INFO - root: ***** Transfer task : MRPC *****


22-11-13 22:46:50 - INFO - root: Computing embedding for train
22-11-13 22:46:51 - INFO - root: Computed train embeddings
22-11-13 22:46:51 - INFO - root: Computing embedding for test
22-11-13 22:46:52 - INFO - root: Computed test embeddings
22-11-13 22:46:52 - INFO - root: Training pytorch-MLP-nhid0-rmsprop-bs128 with 5-fold cross-validation
22-11-13 22:47:04 - INFO - root: [('reg:1e-05', 69.97), ('reg:0.0001', 69.97), ('reg:0.001', 70.26), ('reg:0.01', 70.95)]
22-11-13 22:47:04 - INFO - root: Cross-validation : best param found is reg = 0.01             with score 70.95
22-11-13 22:47:04 - INFO - root: Evaluating...
