22-11-14 10:25:58 - INFO - absl: Using ./models-tfhub to cache modules.
22-11-14 10:26:01 - INFO - __main__: m-USE model is loaded.
22-11-14 10:26:03 - INFO - __main__: Num of m-USE features: 512
22-11-14 10:26:03 - INFO - root: Generating sentence embeddings
22-11-14 10:26:05 - INFO - root: Generated sentence embeddings
22-11-14 10:26:05 - INFO - root: Training pytorch-MLP-nhid0-rmsprop-bs128 with (inner) 5-fold cross-validation
22-11-14 10:26:38 - INFO - root: Best param found at split 1: l2reg = 0.0001                 with score 68.47
22-11-14 10:27:07 - INFO - root: Best param found at split 2: l2reg = 1e-05                 with score 68.0
22-11-14 10:27:41 - INFO - root: Best param found at split 3: l2reg = 0.01                 with score 67.6
22-11-14 10:28:10 - INFO - root: Best param found at split 4: l2reg = 1e-05                 with score 69.03
22-11-14 10:28:43 - INFO - root: Best param found at split 5: l2reg = 1e-05                 with score 69.71
22-11-14 10:28:45 - INFO - root: Generating sentence embeddings
22-11-14 10:28:46 - INFO - root: Generated sentence embeddings
22-11-14 10:28:46 - INFO - root: Training pytorch-MLP-nhid0-rmsprop-bs128 with (inner) 5-fold cross-validation
22-11-14 10:28:55 - INFO - root: Best param found at split 1: l2reg = 0.01                 with score 78.74
22-11-14 10:29:06 - INFO - root: Best param found at split 2: l2reg = 1e-05                 with score 78.91
22-11-14 10:29:16 - INFO - root: Best param found at split 3: l2reg = 0.01                 with score 79.07
22-11-14 10:29:27 - INFO - root: Best param found at split 4: l2reg = 1e-05                 with score 77.81
22-11-14 10:29:38 - INFO - root: Best param found at split 5: l2reg = 0.01                 with score 78.34
22-11-14 10:29:39 - INFO - root: Generating sentence embeddings
22-11-14 10:29:41 - INFO - root: Generated sentence embeddings
22-11-14 10:29:41 - INFO - root: Training pytorch-MLP-nhid0-rmsprop-bs128 with (inner) 5-fold cross-validation
22-11-14 10:30:05 - INFO - root: Best param found at split 1: l2reg = 0.01                 with score 89.92
22-11-14 10:30:34 - INFO - root: Best param found at split 2: l2reg = 0.001                 with score 90.24
22-11-14 10:31:01 - INFO - root: Best param found at split 3: l2reg = 0.0001                 with score 90.02
22-11-14 10:31:31 - INFO - root: Best param found at split 4: l2reg = 1e-05                 with score 89.76
22-11-14 10:31:59 - INFO - root: Best param found at split 5: l2reg = 1e-05                 with score 89.54
22-11-14 10:32:00 - INFO - root: Generating sentence embeddings
22-11-14 10:32:02 - INFO - root: Generated sentence embeddings
22-11-14 10:32:02 - INFO - root: Training pytorch-MLP-nhid0-rmsprop-bs128 with (inner) 5-fold cross-validation
22-11-14 10:32:27 - INFO - root: Best param found at split 1: l2reg = 0.001                 with score 87.45
22-11-14 10:32:59 - INFO - root: Best param found at split 2: l2reg = 0.001                 with score 85.93
22-11-14 10:33:29 - INFO - root: Best param found at split 3: l2reg = 0.0001                 with score 87.01
22-11-14 10:33:55 - INFO - root: Best param found at split 4: l2reg = 0.001                 with score 86.65
22-11-14 10:34:23 - INFO - root: Best param found at split 5: l2reg = 0.01                 with score 85.98
22-11-14 10:34:25 - INFO - root: Computing embedding for train
22-11-14 10:34:27 - INFO - root: Computed train embeddings
22-11-14 10:34:27 - INFO - root: Computing embedding for dev
22-11-14 10:34:27 - INFO - root: Computed dev embeddings
22-11-14 10:34:27 - INFO - root: Computing embedding for test
22-11-14 10:34:27 - INFO - root: Computed test embeddings
22-11-14 10:34:27 - INFO - root: Training pytorch-MLP-nhid0-rmsprop-bs128 with standard validation..
22-11-14 10:34:34 - INFO - root: [('reg:1e-05', 37.15), ('reg:0.0001', 35.97), ('reg:0.001', 37.69), ('reg:0.01', 33.61)]
22-11-14 10:34:34 - INFO - root: Validation : best param found is reg = 0.001 with score             37.69
22-11-14 10:34:34 - INFO - root: Evaluating...
22-11-14 10:34:36 - INFO - root: ***** Transfer task : TREC *****


22-11-14 10:34:37 - INFO - root: Computed train embeddings
22-11-14 10:34:37 - INFO - root: Computed test embeddings
22-11-14 10:34:37 - INFO - root: Training pytorch-MLP-nhid0-rmsprop-bs128 with 5-fold cross-validation
22-11-14 10:34:55 - INFO - root: [('reg:1e-05', 81.79), ('reg:0.0001', 81.27), ('reg:0.001', 81.33), ('reg:0.01', 79.24)]
22-11-14 10:34:55 - INFO - root: Cross-validation : best param found is reg = 1e-05             with score 81.79
22-11-14 10:34:55 - INFO - root: Evaluating...
22-11-14 10:34:56 - INFO - root: ***** Transfer task : MRPC *****


22-11-14 10:34:56 - INFO - root: Computing embedding for train
22-11-14 10:34:58 - INFO - root: Computed train embeddings
22-11-14 10:34:58 - INFO - root: Computing embedding for test
22-11-14 10:34:58 - INFO - root: Computed test embeddings
22-11-14 10:34:59 - INFO - root: Training pytorch-MLP-nhid0-rmsprop-bs128 with 5-fold cross-validation
22-11-14 10:35:13 - INFO - root: [('reg:1e-05', 73.6), ('reg:0.0001', 73.43), ('reg:0.001', 73.48), ('reg:0.01', 72.94)]
22-11-14 10:35:13 - INFO - root: Cross-validation : best param found is reg = 1e-05             with score 73.6
22-11-14 10:35:13 - INFO - root: Evaluating...
22-11-20 05:01:46 - INFO - absl: Using ./models-tfhub to cache modules.
22-11-20 05:01:49 - INFO - __main__: m-USE model is loaded.
22-11-20 05:01:51 - INFO - __main__: Num of m-USE features: 512
