22-11-14 07:13:48 - INFO - absl: Using ./models-tfhub to cache modules.
22-11-14 07:13:52 - INFO - __main__: m-USE model is loaded.
22-11-14 07:13:53 - INFO - __main__: Num of m-USE features: 512
22-11-14 07:13:53 - INFO - root: Generating sentence embeddings
22-11-14 07:13:55 - INFO - root: Generated sentence embeddings
22-11-14 07:13:55 - INFO - root: Training pytorch-MLP-nhid0-rmsprop-bs128 with (inner) 5-fold cross-validation
22-11-14 07:14:27 - INFO - root: Best param found at split 1: l2reg = 0.01                 with score 70.5
22-11-14 07:14:54 - INFO - root: Best param found at split 2: l2reg = 1e-05                 with score 68.61
22-11-14 07:15:27 - INFO - root: Best param found at split 3: l2reg = 0.001                 with score 69.66
22-11-14 07:15:57 - INFO - root: Best param found at split 4: l2reg = 0.001                 with score 69.82
22-11-14 07:16:29 - INFO - root: Best param found at split 5: l2reg = 0.01                 with score 67.88
22-11-14 07:16:31 - INFO - root: Generating sentence embeddings
22-11-14 07:16:32 - INFO - root: Generated sentence embeddings
22-11-14 07:16:32 - INFO - root: Training pytorch-MLP-nhid0-rmsprop-bs128 with (inner) 5-fold cross-validation
22-11-14 07:16:41 - INFO - root: Best param found at split 1: l2reg = 1e-05                 with score 78.34
22-11-14 07:16:52 - INFO - root: Best param found at split 2: l2reg = 1e-05                 with score 78.58
22-11-14 07:17:02 - INFO - root: Best param found at split 3: l2reg = 0.001                 with score 79.14
22-11-14 07:17:12 - INFO - root: Best param found at split 4: l2reg = 1e-05                 with score 77.35
22-11-14 07:17:22 - INFO - root: Best param found at split 5: l2reg = 0.0001                 with score 77.68
22-11-14 07:17:23 - INFO - root: Generating sentence embeddings
22-11-14 07:17:25 - INFO - root: Generated sentence embeddings
22-11-14 07:17:25 - INFO - root: Training pytorch-MLP-nhid0-rmsprop-bs128 with (inner) 5-fold cross-validation
22-11-14 07:17:50 - INFO - root: Best param found at split 1: l2reg = 0.0001                 with score 90.04
22-11-14 07:18:21 - INFO - root: Best param found at split 2: l2reg = 0.01                 with score 90.05
22-11-14 07:18:49 - INFO - root: Best param found at split 3: l2reg = 0.01                 with score 90.2
22-11-14 07:19:18 - INFO - root: Best param found at split 4: l2reg = 1e-05                 with score 89.59
22-11-14 07:19:47 - INFO - root: Best param found at split 5: l2reg = 0.0001                 with score 89.61
22-11-14 07:19:48 - INFO - root: Generating sentence embeddings
22-11-14 07:19:50 - INFO - root: Generated sentence embeddings
22-11-14 07:19:50 - INFO - root: Training pytorch-MLP-nhid0-rmsprop-bs128 with (inner) 5-fold cross-validation
22-11-14 07:20:15 - INFO - root: Best param found at split 1: l2reg = 1e-05                 with score 86.29
22-11-14 07:20:46 - INFO - root: Best param found at split 2: l2reg = 0.01                 with score 85.32
22-11-14 07:21:14 - INFO - root: Best param found at split 3: l2reg = 0.001                 with score 86.22
22-11-14 07:21:45 - INFO - root: Best param found at split 4: l2reg = 0.0001                 with score 86.16
22-11-14 07:22:14 - INFO - root: Best param found at split 5: l2reg = 0.01                 with score 85.44
22-11-14 07:22:15 - INFO - root: Computing embedding for train
22-11-14 07:22:17 - INFO - root: Computed train embeddings
22-11-14 07:22:17 - INFO - root: Computing embedding for dev
22-11-14 07:22:17 - INFO - root: Computed dev embeddings
22-11-14 07:22:17 - INFO - root: Computing embedding for test
22-11-14 07:22:18 - INFO - root: Computed test embeddings
22-11-14 07:22:18 - INFO - root: Training pytorch-MLP-nhid0-rmsprop-bs128 with standard validation..
22-11-14 07:22:25 - INFO - root: [('reg:1e-05', 36.69), ('reg:0.0001', 37.51), ('reg:0.001', 35.69), ('reg:0.01', 34.42)]
22-11-14 07:22:25 - INFO - root: Validation : best param found is reg = 0.0001 with score             37.51
22-11-14 07:22:25 - INFO - root: Evaluating...
22-11-14 07:22:26 - INFO - root: ***** Transfer task : TREC *****


22-11-14 07:22:27 - INFO - root: Computed train embeddings
22-11-14 07:22:27 - INFO - root: Computed test embeddings
22-11-14 07:22:27 - INFO - root: Training pytorch-MLP-nhid0-rmsprop-bs128 with 5-fold cross-validation
22-11-14 07:22:44 - INFO - root: [('reg:1e-05', 80.47), ('reg:0.0001', 80.87), ('reg:0.001', 81.03), ('reg:0.01', 79.68)]
22-11-14 07:22:44 - INFO - root: Cross-validation : best param found is reg = 0.001             with score 81.03
22-11-14 07:22:44 - INFO - root: Evaluating...
22-11-14 07:22:46 - INFO - root: ***** Transfer task : MRPC *****


22-11-14 07:22:46 - INFO - root: Computing embedding for train
22-11-14 07:22:47 - INFO - root: Computed train embeddings
22-11-14 07:22:47 - INFO - root: Computing embedding for test
22-11-14 07:22:48 - INFO - root: Computed test embeddings
22-11-14 07:22:48 - INFO - root: Training pytorch-MLP-nhid0-rmsprop-bs128 with 5-fold cross-validation
22-11-14 07:23:01 - INFO - root: [('reg:1e-05', 71.22), ('reg:0.0001', 71.66), ('reg:0.001', 71.32), ('reg:0.01', 71.81)]
22-11-14 07:23:01 - INFO - root: Cross-validation : best param found is reg = 0.01             with score 71.81
22-11-14 07:23:01 - INFO - root: Evaluating...
22-11-20 04:14:21 - INFO - absl: Using ./models-tfhub to cache modules.
22-11-20 04:14:24 - INFO - __main__: m-USE model is loaded.
22-11-20 04:14:26 - INFO - __main__: Num of m-USE features: 512
