22-11-14 01:11:13 - INFO - absl: Using ./models-tfhub to cache modules.
22-11-14 01:11:16 - INFO - __main__: m-USE model is loaded.
22-11-14 01:11:18 - INFO - __main__: Num of m-USE features: 512
22-11-14 01:11:18 - INFO - root: Generating sentence embeddings
22-11-14 01:11:20 - INFO - root: Generated sentence embeddings
22-11-14 01:11:20 - INFO - root: Training pytorch-MLP-nhid0-rmsprop-bs128 with (inner) 5-fold cross-validation
22-11-14 01:11:51 - INFO - root: Best param found at split 1: l2reg = 0.01                 with score 68.93
22-11-14 01:12:20 - INFO - root: Best param found at split 2: l2reg = 0.01                 with score 67.39
22-11-14 01:12:53 - INFO - root: Best param found at split 3: l2reg = 0.001                 with score 68.37
22-11-14 01:13:23 - INFO - root: Best param found at split 4: l2reg = 0.01                 with score 68.83
22-11-14 01:13:53 - INFO - root: Best param found at split 5: l2reg = 0.001                 with score 66.68
22-11-14 01:13:55 - INFO - root: Generating sentence embeddings
22-11-14 01:13:56 - INFO - root: Generated sentence embeddings
22-11-14 01:13:56 - INFO - root: Training pytorch-MLP-nhid0-rmsprop-bs128 with (inner) 5-fold cross-validation
22-11-14 01:14:05 - INFO - root: Best param found at split 1: l2reg = 0.001                 with score 77.88
22-11-14 01:14:15 - INFO - root: Best param found at split 2: l2reg = 0.01                 with score 77.98
22-11-14 01:14:25 - INFO - root: Best param found at split 3: l2reg = 1e-05                 with score 78.58
22-11-14 01:14:35 - INFO - root: Best param found at split 4: l2reg = 0.001                 with score 76.62
22-11-14 01:14:46 - INFO - root: Best param found at split 5: l2reg = 0.0001                 with score 76.92
22-11-14 01:14:46 - INFO - root: Generating sentence embeddings
22-11-14 01:14:48 - INFO - root: Generated sentence embeddings
22-11-14 01:14:48 - INFO - root: Training pytorch-MLP-nhid0-rmsprop-bs128 with (inner) 5-fold cross-validation
22-11-14 01:15:17 - INFO - root: Best param found at split 1: l2reg = 0.001                 with score 89.33
22-11-14 01:15:46 - INFO - root: Best param found at split 2: l2reg = 0.01                 with score 88.94
22-11-14 01:16:15 - INFO - root: Best param found at split 3: l2reg = 0.01                 with score 89.19
22-11-14 01:16:42 - INFO - root: Best param found at split 4: l2reg = 1e-05                 with score 88.72
22-11-14 01:17:12 - INFO - root: Best param found at split 5: l2reg = 0.001                 with score 88.78
22-11-14 01:17:13 - INFO - root: Generating sentence embeddings
22-11-14 01:17:15 - INFO - root: Generated sentence embeddings
22-11-14 01:17:15 - INFO - root: Training pytorch-MLP-nhid0-rmsprop-bs128 with (inner) 5-fold cross-validation
22-11-14 01:17:43 - INFO - root: Best param found at split 1: l2reg = 0.0001                 with score 86.3
22-11-14 01:18:15 - INFO - root: Best param found at split 2: l2reg = 0.001                 with score 85.55
22-11-14 01:18:44 - INFO - root: Best param found at split 3: l2reg = 0.0001                 with score 86.15
22-11-14 01:19:17 - INFO - root: Best param found at split 4: l2reg = 1e-05                 with score 85.39
22-11-14 01:19:45 - INFO - root: Best param found at split 5: l2reg = 0.01                 with score 85.08
22-11-14 01:19:46 - INFO - root: Computing embedding for train
22-11-14 01:19:48 - INFO - root: Computed train embeddings
22-11-14 01:19:48 - INFO - root: Computing embedding for dev
22-11-14 01:19:48 - INFO - root: Computed dev embeddings
22-11-14 01:19:48 - INFO - root: Computing embedding for test
22-11-14 01:19:48 - INFO - root: Computed test embeddings
22-11-14 01:19:48 - INFO - root: Training pytorch-MLP-nhid0-rmsprop-bs128 with standard validation..
22-11-14 01:19:58 - INFO - root: [('reg:1e-05', 35.33), ('reg:0.0001', 36.42), ('reg:0.001', 37.33), ('reg:0.01', 36.97)]
22-11-14 01:19:58 - INFO - root: Validation : best param found is reg = 0.001 with score             37.33
22-11-14 01:19:58 - INFO - root: Evaluating...
22-11-14 01:20:00 - INFO - root: ***** Transfer task : TREC *****


22-11-14 01:20:01 - INFO - root: Computed train embeddings
22-11-14 01:20:01 - INFO - root: Computed test embeddings
22-11-14 01:20:01 - INFO - root: Training pytorch-MLP-nhid0-rmsprop-bs128 with 5-fold cross-validation
22-11-14 01:20:18 - INFO - root: [('reg:1e-05', 78.17), ('reg:0.0001', 78.45), ('reg:0.001', 78.47), ('reg:0.01', 75.28)]
22-11-14 01:20:18 - INFO - root: Cross-validation : best param found is reg = 0.001             with score 78.47
22-11-14 01:20:18 - INFO - root: Evaluating...
22-11-14 01:20:20 - INFO - root: ***** Transfer task : MRPC *****


22-11-14 01:20:20 - INFO - root: Computing embedding for train
22-11-14 01:20:21 - INFO - root: Computed train embeddings
22-11-14 01:20:21 - INFO - root: Computing embedding for test
22-11-14 01:20:22 - INFO - root: Computed test embeddings
22-11-14 01:20:22 - INFO - root: Training pytorch-MLP-nhid0-rmsprop-bs128 with 5-fold cross-validation
22-11-14 01:20:35 - INFO - root: [('reg:1e-05', 71.59), ('reg:0.0001', 71.56), ('reg:0.001', 71.86), ('reg:0.01', 71.59)]
22-11-14 01:20:35 - INFO - root: Cross-validation : best param found is reg = 0.001             with score 71.86
22-11-14 01:20:35 - INFO - root: Evaluating...
