22-11-14 14:12:24 - INFO - absl: Using ./models-tfhub to cache modules.
22-11-14 14:12:27 - INFO - __main__: m-USE model is loaded.
22-11-14 14:12:29 - INFO - __main__: Num of m-USE features: 512
22-11-14 14:12:29 - INFO - root: Generating sentence embeddings
22-11-14 14:12:32 - INFO - root: Generated sentence embeddings
22-11-14 14:12:32 - INFO - root: Training pytorch-MLP-nhid0-rmsprop-bs128 with (inner) 5-fold cross-validation
22-11-14 14:13:01 - INFO - root: Best param found at split 1: l2reg = 0.01                 with score 69.07
22-11-14 14:13:35 - INFO - root: Best param found at split 2: l2reg = 1e-05                 with score 68.58
22-11-14 14:14:04 - INFO - root: Best param found at split 3: l2reg = 0.001                 with score 68.07
22-11-14 14:14:32 - INFO - root: Best param found at split 4: l2reg = 0.0001                 with score 70.02
22-11-14 14:15:04 - INFO - root: Best param found at split 5: l2reg = 1e-05                 with score 69.31
22-11-14 14:15:06 - INFO - root: Generating sentence embeddings
22-11-14 14:15:07 - INFO - root: Generated sentence embeddings
22-11-14 14:15:07 - INFO - root: Training pytorch-MLP-nhid0-rmsprop-bs128 with (inner) 5-fold cross-validation
22-11-14 14:15:17 - INFO - root: Best param found at split 1: l2reg = 0.001                 with score 78.41
22-11-14 14:15:27 - INFO - root: Best param found at split 2: l2reg = 0.0001                 with score 79.3
22-11-14 14:15:36 - INFO - root: Best param found at split 3: l2reg = 0.01                 with score 78.84
22-11-14 14:15:46 - INFO - root: Best param found at split 4: l2reg = 1e-05                 with score 76.09
22-11-14 14:15:57 - INFO - root: Best param found at split 5: l2reg = 1e-05                 with score 77.78
22-11-14 14:15:58 - INFO - root: Generating sentence embeddings
22-11-14 14:16:00 - INFO - root: Generated sentence embeddings
22-11-14 14:16:00 - INFO - root: Training pytorch-MLP-nhid0-rmsprop-bs128 with (inner) 5-fold cross-validation
22-11-14 14:16:25 - INFO - root: Best param found at split 1: l2reg = 0.01                 with score 90.49
22-11-14 14:16:53 - INFO - root: Best param found at split 2: l2reg = 1e-05                 with score 90.45
22-11-14 14:17:20 - INFO - root: Best param found at split 3: l2reg = 0.01                 with score 90.46
22-11-14 14:17:48 - INFO - root: Best param found at split 4: l2reg = 0.01                 with score 90.22
22-11-14 14:18:14 - INFO - root: Best param found at split 5: l2reg = 0.0001                 with score 90.01
22-11-14 14:18:16 - INFO - root: Generating sentence embeddings
22-11-14 14:18:18 - INFO - root: Generated sentence embeddings
22-11-14 14:18:18 - INFO - root: Training pytorch-MLP-nhid0-rmsprop-bs128 with (inner) 5-fold cross-validation
22-11-14 14:18:45 - INFO - root: Best param found at split 1: l2reg = 0.001                 with score 87.0
22-11-14 14:19:15 - INFO - root: Best param found at split 2: l2reg = 0.0001                 with score 86.06
22-11-14 14:19:43 - INFO - root: Best param found at split 3: l2reg = 1e-05                 with score 86.76
22-11-14 14:20:12 - INFO - root: Best param found at split 4: l2reg = 0.001                 with score 86.12
22-11-14 14:20:41 - INFO - root: Best param found at split 5: l2reg = 0.001                 with score 86.53
22-11-14 14:20:43 - INFO - root: Computing embedding for train
22-11-14 14:20:45 - INFO - root: Computed train embeddings
22-11-14 14:20:45 - INFO - root: Computing embedding for dev
22-11-14 14:20:45 - INFO - root: Computed dev embeddings
22-11-14 14:20:45 - INFO - root: Computing embedding for test
22-11-14 14:20:45 - INFO - root: Computed test embeddings
22-11-14 14:20:45 - INFO - root: Training pytorch-MLP-nhid0-rmsprop-bs128 with standard validation..
22-11-14 14:20:52 - INFO - root: [('reg:1e-05', 29.7), ('reg:0.0001', 36.88), ('reg:0.001', 37.51), ('reg:0.01', 33.88)]
22-11-14 14:20:52 - INFO - root: Validation : best param found is reg = 0.001 with score             37.51
22-11-14 14:20:52 - INFO - root: Evaluating...
22-11-14 14:20:54 - INFO - root: ***** Transfer task : TREC *****


22-11-14 14:20:55 - INFO - root: Computed train embeddings
22-11-14 14:20:55 - INFO - root: Computed test embeddings
22-11-14 14:20:55 - INFO - root: Training pytorch-MLP-nhid0-rmsprop-bs128 with 5-fold cross-validation
22-11-14 14:21:13 - INFO - root: [('reg:1e-05', 79.55), ('reg:0.0001', 82.83), ('reg:0.001', 82.24), ('reg:0.01', 79.73)]
22-11-14 14:21:13 - INFO - root: Cross-validation : best param found is reg = 0.0001             with score 82.83
22-11-14 14:21:13 - INFO - root: Evaluating...
22-11-14 14:21:14 - INFO - root: ***** Transfer task : MRPC *****


22-11-14 14:21:14 - INFO - root: Computing embedding for train
22-11-14 14:21:16 - INFO - root: Computed train embeddings
22-11-14 14:21:16 - INFO - root: Computing embedding for test
22-11-14 14:21:16 - INFO - root: Computed test embeddings
22-11-14 14:21:17 - INFO - root: Training pytorch-MLP-nhid0-rmsprop-bs128 with 5-fold cross-validation
22-11-14 14:21:29 - INFO - root: [('reg:1e-05', 71.47), ('reg:0.0001', 73.8), ('reg:0.001', 73.01), ('reg:0.01', 74.21)]
22-11-14 14:21:29 - INFO - root: Cross-validation : best param found is reg = 0.01             with score 74.21
22-11-14 14:21:29 - INFO - root: Evaluating...
