22-11-14 08:05:10 - INFO - absl: Using ./models-tfhub to cache modules.
22-11-14 08:05:14 - INFO - __main__: m-USE model is loaded.
22-11-14 08:05:15 - INFO - __main__: Num of m-USE features: 512
22-11-14 08:05:15 - INFO - root: Generating sentence embeddings
22-11-14 08:05:18 - INFO - root: Generated sentence embeddings
22-11-14 08:05:18 - INFO - root: Training pytorch-MLP-nhid0-rmsprop-bs128 with (inner) 5-fold cross-validation
22-11-14 08:05:50 - INFO - root: Best param found at split 1: l2reg = 1e-05                 with score 69.89
22-11-14 08:06:19 - INFO - root: Best param found at split 2: l2reg = 0.001                 with score 68.28
22-11-14 08:06:50 - INFO - root: Best param found at split 3: l2reg = 0.001                 with score 68.75
22-11-14 08:07:20 - INFO - root: Best param found at split 4: l2reg = 0.001                 with score 68.34
22-11-14 08:07:49 - INFO - root: Best param found at split 5: l2reg = 1e-05                 with score 66.99
22-11-14 08:07:51 - INFO - root: Generating sentence embeddings
22-11-14 08:07:51 - INFO - root: Generated sentence embeddings
22-11-14 08:07:51 - INFO - root: Training pytorch-MLP-nhid0-rmsprop-bs128 with (inner) 5-fold cross-validation
22-11-14 08:08:03 - INFO - root: Best param found at split 1: l2reg = 1e-05                 with score 79.4
22-11-14 08:08:13 - INFO - root: Best param found at split 2: l2reg = 1e-05                 with score 79.47
22-11-14 08:08:24 - INFO - root: Best param found at split 3: l2reg = 0.0001                 with score 79.14
22-11-14 08:08:35 - INFO - root: Best param found at split 4: l2reg = 0.001                 with score 78.61
22-11-14 08:08:47 - INFO - root: Best param found at split 5: l2reg = 1e-05                 with score 78.61
22-11-14 08:08:47 - INFO - root: Generating sentence embeddings
22-11-14 08:08:49 - INFO - root: Generated sentence embeddings
22-11-14 08:08:49 - INFO - root: Training pytorch-MLP-nhid0-rmsprop-bs128 with (inner) 5-fold cross-validation
22-11-14 08:09:14 - INFO - root: Best param found at split 1: l2reg = 0.01                 with score 90.01
22-11-14 08:09:42 - INFO - root: Best param found at split 2: l2reg = 1e-05                 with score 90.12
22-11-14 08:10:07 - INFO - root: Best param found at split 3: l2reg = 0.001                 with score 90.3
22-11-14 08:10:32 - INFO - root: Best param found at split 4: l2reg = 1e-05                 with score 89.79
22-11-14 08:10:58 - INFO - root: Best param found at split 5: l2reg = 0.001                 with score 89.72
22-11-14 08:11:00 - INFO - root: Generating sentence embeddings
22-11-14 08:11:02 - INFO - root: Generated sentence embeddings
22-11-14 08:11:02 - INFO - root: Training pytorch-MLP-nhid0-rmsprop-bs128 with (inner) 5-fold cross-validation
22-11-14 08:11:27 - INFO - root: Best param found at split 1: l2reg = 0.01                 with score 87.22
22-11-14 08:11:58 - INFO - root: Best param found at split 2: l2reg = 0.01                 with score 86.58
22-11-14 08:12:28 - INFO - root: Best param found at split 3: l2reg = 0.0001                 with score 86.26
22-11-14 08:12:59 - INFO - root: Best param found at split 4: l2reg = 0.0001                 with score 86.21
22-11-14 08:13:27 - INFO - root: Best param found at split 5: l2reg = 0.01                 with score 86.19
22-11-14 08:13:29 - INFO - root: Computing embedding for train
22-11-14 08:13:30 - INFO - root: Computed train embeddings
22-11-14 08:13:30 - INFO - root: Computing embedding for dev
22-11-14 08:13:31 - INFO - root: Computed dev embeddings
22-11-14 08:13:31 - INFO - root: Computing embedding for test
22-11-14 08:13:31 - INFO - root: Computed test embeddings
22-11-14 08:13:31 - INFO - root: Training pytorch-MLP-nhid0-rmsprop-bs128 with standard validation..
22-11-14 08:13:39 - INFO - root: [('reg:1e-05', 36.42), ('reg:0.0001', 36.42), ('reg:0.001', 37.24), ('reg:0.01', 36.15)]
22-11-14 08:13:39 - INFO - root: Validation : best param found is reg = 0.001 with score             37.24
22-11-14 08:13:39 - INFO - root: Evaluating...
22-11-14 08:13:40 - INFO - root: ***** Transfer task : TREC *****


22-11-14 08:13:41 - INFO - root: Computed train embeddings
22-11-14 08:13:42 - INFO - root: Computed test embeddings
22-11-14 08:13:42 - INFO - root: Training pytorch-MLP-nhid0-rmsprop-bs128 with 5-fold cross-validation
22-11-14 08:13:59 - INFO - root: [('reg:1e-05', 81.58), ('reg:0.0001', 81.47), ('reg:0.001', 82.06), ('reg:0.01', 77.97)]
22-11-14 08:13:59 - INFO - root: Cross-validation : best param found is reg = 0.001             with score 82.06
22-11-14 08:13:59 - INFO - root: Evaluating...
22-11-14 08:14:00 - INFO - root: ***** Transfer task : MRPC *****


22-11-14 08:14:00 - INFO - root: Computing embedding for train
22-11-14 08:14:02 - INFO - root: Computed train embeddings
22-11-14 08:14:02 - INFO - root: Computing embedding for test
22-11-14 08:14:02 - INFO - root: Computed test embeddings
22-11-14 08:14:03 - INFO - root: Training pytorch-MLP-nhid0-rmsprop-bs128 with 5-fold cross-validation
22-11-14 08:14:16 - INFO - root: [('reg:1e-05', 71.98), ('reg:0.0001', 71.22), ('reg:0.001', 71.27), ('reg:0.01', 72.57)]
22-11-14 08:14:16 - INFO - root: Cross-validation : best param found is reg = 0.01             with score 72.57
22-11-14 08:14:16 - INFO - root: Evaluating...
22-11-20 04:27:09 - INFO - absl: Using ./models-tfhub to cache modules.
22-11-20 04:27:13 - INFO - __main__: m-USE model is loaded.
22-11-20 04:27:15 - INFO - __main__: Num of m-USE features: 512
