22-11-13 21:17:52 - INFO - absl: Using ./models-tfhub to cache modules.
22-11-13 21:17:55 - INFO - __main__: m-USE model is loaded.
22-11-13 21:17:57 - INFO - __main__: Num of m-USE features: 512
22-11-13 21:17:57 - INFO - root: Generating sentence embeddings
22-11-13 21:17:59 - INFO - root: Generated sentence embeddings
22-11-13 21:17:59 - INFO - root: Training pytorch-MLP-nhid0-rmsprop-bs128 with (inner) 5-fold cross-validation
22-11-13 21:18:27 - INFO - root: Best param found at split 1: l2reg = 0.01                 with score 67.11
22-11-13 21:19:01 - INFO - root: Best param found at split 2: l2reg = 0.0001                 with score 67.23
22-11-13 21:19:31 - INFO - root: Best param found at split 3: l2reg = 0.01                 with score 67.27
22-11-13 21:19:59 - INFO - root: Best param found at split 4: l2reg = 0.01                 with score 66.74
22-11-13 21:20:25 - INFO - root: Best param found at split 5: l2reg = 0.01                 with score 66.07
22-11-13 21:20:27 - INFO - root: Generating sentence embeddings
22-11-13 21:20:27 - INFO - root: Generated sentence embeddings
22-11-13 21:20:27 - INFO - root: Training pytorch-MLP-nhid0-rmsprop-bs128 with (inner) 5-fold cross-validation
22-11-13 21:20:38 - INFO - root: Best param found at split 1: l2reg = 0.01                 with score 76.16
22-11-13 21:20:48 - INFO - root: Best param found at split 2: l2reg = 0.01                 with score 76.72
22-11-13 21:20:58 - INFO - root: Best param found at split 3: l2reg = 1e-05                 with score 75.83
22-11-13 21:21:09 - INFO - root: Best param found at split 4: l2reg = 0.001                 with score 75.13
22-11-13 21:21:21 - INFO - root: Best param found at split 5: l2reg = 0.01                 with score 76.13
22-11-13 21:21:21 - INFO - root: Generating sentence embeddings
22-11-13 21:21:23 - INFO - root: Generated sentence embeddings
22-11-13 21:21:23 - INFO - root: Training pytorch-MLP-nhid0-rmsprop-bs128 with (inner) 5-fold cross-validation
22-11-13 21:21:47 - INFO - root: Best param found at split 1: l2reg = 0.01                 with score 87.79
22-11-13 21:22:13 - INFO - root: Best param found at split 2: l2reg = 0.01                 with score 88.18
22-11-13 21:22:40 - INFO - root: Best param found at split 3: l2reg = 0.01                 with score 88.19
22-11-13 21:23:07 - INFO - root: Best param found at split 4: l2reg = 0.01                 with score 87.94
22-11-13 21:23:32 - INFO - root: Best param found at split 5: l2reg = 0.001                 with score 87.52
22-11-13 21:23:34 - INFO - root: Generating sentence embeddings
22-11-13 21:23:36 - INFO - root: Generated sentence embeddings
22-11-13 21:23:36 - INFO - root: Training pytorch-MLP-nhid0-rmsprop-bs128 with (inner) 5-fold cross-validation
22-11-13 21:24:02 - INFO - root: Best param found at split 1: l2reg = 0.01                 with score 84.96
22-11-13 21:24:33 - INFO - root: Best param found at split 2: l2reg = 0.01                 with score 84.71
22-11-13 21:25:04 - INFO - root: Best param found at split 3: l2reg = 0.01                 with score 84.8
22-11-13 21:25:33 - INFO - root: Best param found at split 4: l2reg = 0.01                 with score 84.91
22-11-13 21:26:01 - INFO - root: Best param found at split 5: l2reg = 0.001                 with score 83.74
22-11-13 21:26:02 - INFO - root: Computing embedding for train
22-11-13 21:26:04 - INFO - root: Computed train embeddings
22-11-13 21:26:04 - INFO - root: Computing embedding for dev
22-11-13 21:26:04 - INFO - root: Computed dev embeddings
22-11-13 21:26:04 - INFO - root: Computing embedding for test
22-11-13 21:26:05 - INFO - root: Computed test embeddings
22-11-13 21:26:05 - INFO - root: Training pytorch-MLP-nhid0-rmsprop-bs128 with standard validation..
22-11-13 21:26:13 - INFO - root: [('reg:1e-05', 35.06), ('reg:0.0001', 35.15), ('reg:0.001', 35.24), ('reg:0.01', 34.7)]
22-11-13 21:26:13 - INFO - root: Validation : best param found is reg = 0.001 with score             35.24
22-11-13 21:26:13 - INFO - root: Evaluating...
22-11-13 21:26:14 - INFO - root: ***** Transfer task : TREC *****


22-11-13 21:26:15 - INFO - root: Computed train embeddings
22-11-13 21:26:16 - INFO - root: Computed test embeddings
22-11-13 21:26:16 - INFO - root: Training pytorch-MLP-nhid0-rmsprop-bs128 with 5-fold cross-validation
22-11-13 21:26:33 - INFO - root: [('reg:1e-05', 74.01), ('reg:0.0001', 74.01), ('reg:0.001', 73.81), ('reg:0.01', 71.44)]
22-11-13 21:26:33 - INFO - root: Cross-validation : best param found is reg = 1e-05             with score 74.01
22-11-13 21:26:33 - INFO - root: Evaluating...
22-11-13 21:26:34 - INFO - root: ***** Transfer task : MRPC *****


22-11-13 21:26:34 - INFO - root: Computing embedding for train
22-11-13 21:26:36 - INFO - root: Computed train embeddings
22-11-13 21:26:36 - INFO - root: Computing embedding for test
22-11-13 21:26:36 - INFO - root: Computed test embeddings
22-11-13 21:26:36 - INFO - root: Training pytorch-MLP-nhid0-rmsprop-bs128 with 5-fold cross-validation
22-11-13 21:26:51 - INFO - root: [('reg:1e-05', 71.39), ('reg:0.0001', 71.37), ('reg:0.001', 71.34), ('reg:0.01', 71.66)]
22-11-13 21:26:51 - INFO - root: Cross-validation : best param found is reg = 0.01             with score 71.66
22-11-13 21:26:51 - INFO - root: Evaluating...
22-11-20 02:14:34 - INFO - absl: Using ./models-tfhub to cache modules.
22-11-20 02:14:36 - INFO - __main__: m-USE model is loaded.
22-11-20 02:14:39 - INFO - __main__: Num of m-USE features: 512
