22-11-14 04:20:32 - INFO - absl: Using ./models-tfhub to cache modules.
22-11-14 04:20:35 - INFO - __main__: m-USE model is loaded.
22-11-14 04:20:37 - INFO - __main__: Num of m-USE features: 512
22-11-14 04:20:37 - INFO - root: Generating sentence embeddings
22-11-14 04:20:39 - INFO - root: Generated sentence embeddings
22-11-14 04:20:39 - INFO - root: Training pytorch-MLP-nhid0-rmsprop-bs128 with (inner) 5-fold cross-validation
22-11-14 04:21:06 - INFO - root: Best param found at split 1: l2reg = 1e-05                 with score 68.84
22-11-14 04:21:35 - INFO - root: Best param found at split 2: l2reg = 0.01                 with score 67.7
22-11-14 04:22:07 - INFO - root: Best param found at split 3: l2reg = 0.001                 with score 66.91
22-11-14 04:22:38 - INFO - root: Best param found at split 4: l2reg = 0.001                 with score 69.48
22-11-14 04:23:07 - INFO - root: Best param found at split 5: l2reg = 0.001                 with score 67.29
22-11-14 04:23:09 - INFO - root: Generating sentence embeddings
22-11-14 04:23:10 - INFO - root: Generated sentence embeddings
22-11-14 04:23:10 - INFO - root: Training pytorch-MLP-nhid0-rmsprop-bs128 with (inner) 5-fold cross-validation
22-11-14 04:23:20 - INFO - root: Best param found at split 1: l2reg = 0.001                 with score 78.51
22-11-14 04:23:31 - INFO - root: Best param found at split 2: l2reg = 0.0001                 with score 79.34
22-11-14 04:23:42 - INFO - root: Best param found at split 3: l2reg = 0.01                 with score 79.67
22-11-14 04:23:52 - INFO - root: Best param found at split 4: l2reg = 0.01                 with score 78.74
22-11-14 04:24:04 - INFO - root: Best param found at split 5: l2reg = 0.01                 with score 78.44
22-11-14 04:24:05 - INFO - root: Generating sentence embeddings
22-11-14 04:24:07 - INFO - root: Generated sentence embeddings
22-11-14 04:24:07 - INFO - root: Training pytorch-MLP-nhid0-rmsprop-bs128 with (inner) 5-fold cross-validation
22-11-14 04:24:33 - INFO - root: Best param found at split 1: l2reg = 0.001                 with score 89.69
22-11-14 04:25:02 - INFO - root: Best param found at split 2: l2reg = 0.0001                 with score 89.81
22-11-14 04:25:30 - INFO - root: Best param found at split 3: l2reg = 0.01                 with score 89.89
22-11-14 04:25:59 - INFO - root: Best param found at split 4: l2reg = 0.001                 with score 89.5
22-11-14 04:26:27 - INFO - root: Best param found at split 5: l2reg = 0.001                 with score 89.39
22-11-14 04:26:28 - INFO - root: Generating sentence embeddings
22-11-14 04:26:30 - INFO - root: Generated sentence embeddings
22-11-14 04:26:30 - INFO - root: Training pytorch-MLP-nhid0-rmsprop-bs128 with (inner) 5-fold cross-validation
22-11-14 04:26:56 - INFO - root: Best param found at split 1: l2reg = 1e-05                 with score 86.52
22-11-14 04:27:25 - INFO - root: Best param found at split 2: l2reg = 0.01                 with score 85.89
22-11-14 04:27:57 - INFO - root: Best param found at split 3: l2reg = 0.001                 with score 86.39
22-11-14 04:28:29 - INFO - root: Best param found at split 4: l2reg = 0.001                 with score 85.15
22-11-14 04:28:59 - INFO - root: Best param found at split 5: l2reg = 0.001                 with score 85.8
22-11-14 04:29:01 - INFO - root: Computing embedding for train
22-11-14 04:29:02 - INFO - root: Computed train embeddings
22-11-14 04:29:02 - INFO - root: Computing embedding for dev
22-11-14 04:29:03 - INFO - root: Computed dev embeddings
22-11-14 04:29:03 - INFO - root: Computing embedding for test
22-11-14 04:29:03 - INFO - root: Computed test embeddings
22-11-14 04:29:03 - INFO - root: Training pytorch-MLP-nhid0-rmsprop-bs128 with standard validation..
22-11-14 04:29:11 - INFO - root: [('reg:1e-05', 34.15), ('reg:0.0001', 34.24), ('reg:0.001', 35.51), ('reg:0.01', 34.42)]
22-11-14 04:29:11 - INFO - root: Validation : best param found is reg = 0.001 with score             35.51
22-11-14 04:29:11 - INFO - root: Evaluating...
22-11-14 04:29:13 - INFO - root: ***** Transfer task : TREC *****


22-11-14 04:29:14 - INFO - root: Computed train embeddings
22-11-14 04:29:14 - INFO - root: Computed test embeddings
22-11-14 04:29:14 - INFO - root: Training pytorch-MLP-nhid0-rmsprop-bs128 with 5-fold cross-validation
22-11-14 04:29:32 - INFO - root: [('reg:1e-05', 80.61), ('reg:0.0001', 80.76), ('reg:0.001', 80.01), ('reg:0.01', 79.07)]
22-11-14 04:29:32 - INFO - root: Cross-validation : best param found is reg = 0.0001             with score 80.76
22-11-14 04:29:32 - INFO - root: Evaluating...
22-11-14 04:29:33 - INFO - root: ***** Transfer task : MRPC *****


22-11-14 04:29:33 - INFO - root: Computing embedding for train
22-11-14 04:29:35 - INFO - root: Computed train embeddings
22-11-14 04:29:35 - INFO - root: Computing embedding for test
22-11-14 04:29:36 - INFO - root: Computed test embeddings
22-11-14 04:29:36 - INFO - root: Training pytorch-MLP-nhid0-rmsprop-bs128 with 5-fold cross-validation
22-11-14 04:29:49 - INFO - root: [('reg:1e-05', 72.35), ('reg:0.0001', 72.52), ('reg:0.001', 72.15), ('reg:0.01', 72.79)]
22-11-14 04:29:49 - INFO - root: Cross-validation : best param found is reg = 0.01             with score 72.79
22-11-14 04:29:49 - INFO - root: Evaluating...
22-11-20 03:36:34 - INFO - absl: Using ./models-tfhub to cache modules.
22-11-20 03:36:37 - INFO - __main__: m-USE model is loaded.
22-11-20 03:36:39 - INFO - __main__: Num of m-USE features: 512
