22-11-13 20:29:13 - INFO - absl: Using ./models-tfhub to cache modules.
22-11-13 20:29:16 - INFO - __main__: m-USE model is loaded.
22-11-13 20:29:18 - INFO - __main__: Num of m-USE features: 512
22-11-13 20:29:18 - INFO - root: Generating sentence embeddings
22-11-13 20:29:20 - INFO - root: Generated sentence embeddings
22-11-13 20:29:20 - INFO - root: Training pytorch-MLP-nhid0-rmsprop-bs128 with (inner) 5-fold cross-validation
22-11-13 20:29:49 - INFO - root: Best param found at split 1: l2reg = 0.001                 with score 66.89
22-11-13 20:30:19 - INFO - root: Best param found at split 2: l2reg = 0.001                 with score 66.34
22-11-13 20:30:50 - INFO - root: Best param found at split 3: l2reg = 1e-05                 with score 66.15
22-11-13 20:31:19 - INFO - root: Best param found at split 4: l2reg = 1e-05                 with score 65.79
22-11-13 20:31:50 - INFO - root: Best param found at split 5: l2reg = 0.01                 with score 67.09
22-11-13 20:31:52 - INFO - root: Generating sentence embeddings
22-11-13 20:31:53 - INFO - root: Generated sentence embeddings
22-11-13 20:31:53 - INFO - root: Training pytorch-MLP-nhid0-rmsprop-bs128 with (inner) 5-fold cross-validation
22-11-13 20:32:02 - INFO - root: Best param found at split 1: l2reg = 1e-05                 with score 76.42
22-11-13 20:32:12 - INFO - root: Best param found at split 2: l2reg = 0.01                 with score 76.42
22-11-13 20:32:22 - INFO - root: Best param found at split 3: l2reg = 0.01                 with score 76.69
22-11-13 20:32:32 - INFO - root: Best param found at split 4: l2reg = 0.0001                 with score 75.46
22-11-13 20:32:43 - INFO - root: Best param found at split 5: l2reg = 0.01                 with score 75.5
22-11-13 20:32:43 - INFO - root: Generating sentence embeddings
22-11-13 20:32:45 - INFO - root: Generated sentence embeddings
22-11-13 20:32:45 - INFO - root: Training pytorch-MLP-nhid0-rmsprop-bs128 with (inner) 5-fold cross-validation
22-11-13 20:33:11 - INFO - root: Best param found at split 1: l2reg = 0.01                 with score 87.68
22-11-13 20:33:39 - INFO - root: Best param found at split 2: l2reg = 1e-05                 with score 87.56
22-11-13 20:34:06 - INFO - root: Best param found at split 3: l2reg = 0.01                 with score 88.02
22-11-13 20:34:32 - INFO - root: Best param found at split 4: l2reg = 0.0001                 with score 87.5
22-11-13 20:35:00 - INFO - root: Best param found at split 5: l2reg = 0.01                 with score 87.25
22-11-13 20:35:02 - INFO - root: Generating sentence embeddings
22-11-13 20:35:04 - INFO - root: Generated sentence embeddings
22-11-13 20:35:04 - INFO - root: Training pytorch-MLP-nhid0-rmsprop-bs128 with (inner) 5-fold cross-validation
22-11-13 20:35:28 - INFO - root: Best param found at split 1: l2reg = 0.001                 with score 83.45
22-11-13 20:35:58 - INFO - root: Best param found at split 2: l2reg = 0.01                 with score 83.5
22-11-13 20:36:30 - INFO - root: Best param found at split 3: l2reg = 1e-05                 with score 83.57
22-11-13 20:37:03 - INFO - root: Best param found at split 4: l2reg = 0.01                 with score 83.19
22-11-13 20:37:31 - INFO - root: Best param found at split 5: l2reg = 1e-05                 with score 83.87
22-11-13 20:37:33 - INFO - root: Computing embedding for train
22-11-13 20:37:35 - INFO - root: Computed train embeddings
22-11-13 20:37:35 - INFO - root: Computing embedding for dev
22-11-13 20:37:35 - INFO - root: Computed dev embeddings
22-11-13 20:37:35 - INFO - root: Computing embedding for test
22-11-13 20:37:35 - INFO - root: Computed test embeddings
22-11-13 20:37:35 - INFO - root: Training pytorch-MLP-nhid0-rmsprop-bs128 with standard validation..
22-11-13 20:37:42 - INFO - root: [('reg:1e-05', 37.6), ('reg:0.0001', 37.51), ('reg:0.001', 36.78), ('reg:0.01', 36.88)]
22-11-13 20:37:42 - INFO - root: Validation : best param found is reg = 1e-05 with score             37.6
22-11-13 20:37:42 - INFO - root: Evaluating...
22-11-13 20:37:44 - INFO - root: ***** Transfer task : TREC *****


22-11-13 20:37:45 - INFO - root: Computed train embeddings
22-11-13 20:37:45 - INFO - root: Computed test embeddings
22-11-13 20:37:45 - INFO - root: Training pytorch-MLP-nhid0-rmsprop-bs128 with 5-fold cross-validation
22-11-13 20:38:01 - INFO - root: [('reg:1e-05', 74.07), ('reg:0.0001', 74.05), ('reg:0.001', 73.94), ('reg:0.01', 71.15)]
22-11-13 20:38:01 - INFO - root: Cross-validation : best param found is reg = 1e-05             with score 74.07
22-11-13 20:38:01 - INFO - root: Evaluating...
22-11-13 20:38:03 - INFO - root: ***** Transfer task : MRPC *****


22-11-13 20:38:03 - INFO - root: Computing embedding for train
22-11-13 20:38:04 - INFO - root: Computed train embeddings
22-11-13 20:38:04 - INFO - root: Computing embedding for test
22-11-13 20:38:05 - INFO - root: Computed test embeddings
22-11-13 20:38:05 - INFO - root: Training pytorch-MLP-nhid0-rmsprop-bs128 with 5-fold cross-validation
22-11-13 20:38:18 - INFO - root: [('reg:1e-05', 70.49), ('reg:0.0001', 70.63), ('reg:0.001', 70.76), ('reg:0.01', 71.42)]
22-11-13 20:38:18 - INFO - root: Cross-validation : best param found is reg = 0.01             with score 71.42
22-11-13 20:38:18 - INFO - root: Evaluating...
