22-11-14 12:13:17 - INFO - absl: Using ./models-tfhub to cache modules.
22-11-14 12:13:20 - INFO - __main__: m-USE model is loaded.
22-11-14 12:13:22 - INFO - __main__: Num of m-USE features: 512
22-11-14 12:13:22 - INFO - root: Generating sentence embeddings
22-11-14 12:13:25 - INFO - root: Generated sentence embeddings
22-11-14 12:13:25 - INFO - root: Training pytorch-MLP-nhid0-rmsprop-bs128 with (inner) 5-fold cross-validation
22-11-14 12:13:54 - INFO - root: Best param found at split 1: l2reg = 0.01                 with score 67.37
22-11-14 12:14:23 - INFO - root: Best param found at split 2: l2reg = 0.001                 with score 69.07
22-11-14 12:14:54 - INFO - root: Best param found at split 3: l2reg = 1e-05                 with score 68.58
22-11-14 12:15:25 - INFO - root: Best param found at split 4: l2reg = 0.0001                 with score 69.45
22-11-14 12:15:55 - INFO - root: Best param found at split 5: l2reg = 1e-05                 with score 69.28
22-11-14 12:15:57 - INFO - root: Generating sentence embeddings
22-11-14 12:15:58 - INFO - root: Generated sentence embeddings
22-11-14 12:15:58 - INFO - root: Training pytorch-MLP-nhid0-rmsprop-bs128 with (inner) 5-fold cross-validation
22-11-14 12:16:05 - INFO - root: Best param found at split 1: l2reg = 1e-05                 with score 78.48
22-11-14 12:16:12 - INFO - root: Best param found at split 2: l2reg = 0.0001                 with score 79.9
22-11-14 12:16:19 - INFO - root: Best param found at split 3: l2reg = 0.001                 with score 79.24
22-11-14 12:16:25 - INFO - root: Best param found at split 4: l2reg = 0.0001                 with score 78.77
22-11-14 12:16:34 - INFO - root: Best param found at split 5: l2reg = 0.01                 with score 78.58
22-11-14 12:16:35 - INFO - root: Generating sentence embeddings
22-11-14 12:16:37 - INFO - root: Generated sentence embeddings
22-11-14 12:16:37 - INFO - root: Training pytorch-MLP-nhid0-rmsprop-bs128 with (inner) 5-fold cross-validation
22-11-14 12:17:04 - INFO - root: Best param found at split 1: l2reg = 1e-05                 with score 90.55
22-11-14 12:17:31 - INFO - root: Best param found at split 2: l2reg = 0.01                 with score 90.8
22-11-14 12:18:00 - INFO - root: Best param found at split 3: l2reg = 0.001                 with score 90.95
22-11-14 12:18:31 - INFO - root: Best param found at split 4: l2reg = 0.001                 with score 90.19
22-11-14 12:18:59 - INFO - root: Best param found at split 5: l2reg = 0.01                 with score 90.14
22-11-14 12:19:01 - INFO - root: Generating sentence embeddings
22-11-14 12:19:03 - INFO - root: Generated sentence embeddings
22-11-14 12:19:03 - INFO - root: Training pytorch-MLP-nhid0-rmsprop-bs128 with (inner) 5-fold cross-validation
22-11-14 12:19:28 - INFO - root: Best param found at split 1: l2reg = 0.01                 with score 85.58
22-11-14 12:19:58 - INFO - root: Best param found at split 2: l2reg = 0.01                 with score 86.68
22-11-14 12:20:27 - INFO - root: Best param found at split 3: l2reg = 1e-05                 with score 86.95
22-11-14 12:20:55 - INFO - root: Best param found at split 4: l2reg = 1e-05                 with score 86.38
22-11-14 12:21:26 - INFO - root: Best param found at split 5: l2reg = 0.01                 with score 85.35
22-11-14 12:21:28 - INFO - root: Computing embedding for train
22-11-14 12:21:29 - INFO - root: Computed train embeddings
22-11-14 12:21:29 - INFO - root: Computing embedding for dev
22-11-14 12:21:30 - INFO - root: Computed dev embeddings
22-11-14 12:21:30 - INFO - root: Computing embedding for test
22-11-14 12:21:30 - INFO - root: Computed test embeddings
22-11-14 12:21:30 - INFO - root: Training pytorch-MLP-nhid0-rmsprop-bs128 with standard validation..
22-11-14 12:21:38 - INFO - root: [('reg:1e-05', 36.33), ('reg:0.0001', 35.51), ('reg:0.001', 36.42), ('reg:0.01', 35.15)]
22-11-14 12:21:38 - INFO - root: Validation : best param found is reg = 0.001 with score             36.42
22-11-14 12:21:38 - INFO - root: Evaluating...
22-11-14 12:21:39 - INFO - root: ***** Transfer task : TREC *****


22-11-14 12:21:40 - INFO - root: Computed train embeddings
22-11-14 12:21:41 - INFO - root: Computed test embeddings
22-11-14 12:21:41 - INFO - root: Training pytorch-MLP-nhid0-rmsprop-bs128 with 5-fold cross-validation
22-11-14 12:22:00 - INFO - root: [('reg:1e-05', 79.64), ('reg:0.0001', 81.73), ('reg:0.001', 80.87), ('reg:0.01', 80.8)]
22-11-14 12:22:00 - INFO - root: Cross-validation : best param found is reg = 0.0001             with score 81.73
22-11-14 12:22:00 - INFO - root: Evaluating...
22-11-14 12:22:01 - INFO - root: ***** Transfer task : MRPC *****


22-11-14 12:22:01 - INFO - root: Computing embedding for train
22-11-14 12:22:02 - INFO - root: Computed train embeddings
22-11-14 12:22:02 - INFO - root: Computing embedding for test
22-11-14 12:22:03 - INFO - root: Computed test embeddings
22-11-14 12:22:03 - INFO - root: Training pytorch-MLP-nhid0-rmsprop-bs128 with 5-fold cross-validation
22-11-14 12:22:17 - INFO - root: [('reg:1e-05', 72.82), ('reg:0.0001', 72.5), ('reg:0.001', 72.64), ('reg:0.01', 71.88)]
22-11-14 12:22:17 - INFO - root: Cross-validation : best param found is reg = 1e-05             with score 72.82
22-11-14 12:22:17 - INFO - root: Evaluating...
22-11-20 05:28:18 - INFO - absl: Using ./models-tfhub to cache modules.
22-11-20 05:28:20 - INFO - __main__: m-USE model is loaded.
22-11-20 05:28:22 - INFO - __main__: Num of m-USE features: 512
