22-11-14 10:44:00 - INFO - absl: Using ./models-tfhub to cache modules.
22-11-14 10:44:03 - INFO - __main__: m-USE model is loaded.
22-11-14 10:44:05 - INFO - __main__: Num of m-USE features: 512
22-11-14 10:44:05 - INFO - root: Generating sentence embeddings
22-11-14 10:44:07 - INFO - root: Generated sentence embeddings
22-11-14 10:44:07 - INFO - root: Training pytorch-MLP-nhid0-rmsprop-bs128 with (inner) 5-fold cross-validation
22-11-14 10:44:37 - INFO - root: Best param found at split 1: l2reg = 0.01                 with score 69.96
22-11-14 10:45:08 - INFO - root: Best param found at split 2: l2reg = 0.001                 with score 69.07
22-11-14 10:45:29 - INFO - root: Best param found at split 3: l2reg = 0.0001                 with score 68.75
22-11-14 10:45:59 - INFO - root: Best param found at split 4: l2reg = 0.0001                 with score 69.06
22-11-14 10:46:32 - INFO - root: Best param found at split 5: l2reg = 1e-05                 with score 68.83
22-11-14 10:46:34 - INFO - root: Generating sentence embeddings
22-11-14 10:46:34 - INFO - root: Generated sentence embeddings
22-11-14 10:46:34 - INFO - root: Training pytorch-MLP-nhid0-rmsprop-bs128 with (inner) 5-fold cross-validation
22-11-14 10:46:45 - INFO - root: Best param found at split 1: l2reg = 0.001                 with score 79.17
22-11-14 10:46:56 - INFO - root: Best param found at split 2: l2reg = 0.0001                 with score 79.3
22-11-14 10:47:06 - INFO - root: Best param found at split 3: l2reg = 0.0001                 with score 78.15
22-11-14 10:47:17 - INFO - root: Best param found at split 4: l2reg = 1e-05                 with score 78.11
22-11-14 10:47:28 - INFO - root: Best param found at split 5: l2reg = 0.001                 with score 77.95
22-11-14 10:47:29 - INFO - root: Generating sentence embeddings
22-11-14 10:47:31 - INFO - root: Generated sentence embeddings
22-11-14 10:47:31 - INFO - root: Training pytorch-MLP-nhid0-rmsprop-bs128 with (inner) 5-fold cross-validation
22-11-14 10:47:58 - INFO - root: Best param found at split 1: l2reg = 0.0001                 with score 90.08
22-11-14 10:48:26 - INFO - root: Best param found at split 2: l2reg = 0.001                 with score 90.21
22-11-14 10:48:54 - INFO - root: Best param found at split 3: l2reg = 0.01                 with score 90.41
22-11-14 10:49:25 - INFO - root: Best param found at split 4: l2reg = 0.0001                 with score 89.8
22-11-14 10:49:50 - INFO - root: Best param found at split 5: l2reg = 0.001                 with score 89.92
22-11-14 10:49:52 - INFO - root: Generating sentence embeddings
22-11-14 10:49:54 - INFO - root: Generated sentence embeddings
22-11-14 10:49:54 - INFO - root: Training pytorch-MLP-nhid0-rmsprop-bs128 with (inner) 5-fold cross-validation
22-11-14 10:50:20 - INFO - root: Best param found at split 1: l2reg = 1e-05                 with score 87.06
22-11-14 10:50:50 - INFO - root: Best param found at split 2: l2reg = 1e-05                 with score 85.62
22-11-14 10:51:19 - INFO - root: Best param found at split 3: l2reg = 1e-05                 with score 86.23
22-11-14 10:51:50 - INFO - root: Best param found at split 4: l2reg = 0.001                 with score 86.19
22-11-14 10:52:20 - INFO - root: Best param found at split 5: l2reg = 0.01                 with score 85.0
22-11-14 10:52:21 - INFO - root: Computing embedding for train
22-11-14 10:52:23 - INFO - root: Computed train embeddings
22-11-14 10:52:23 - INFO - root: Computing embedding for dev
22-11-14 10:52:23 - INFO - root: Computed dev embeddings
22-11-14 10:52:23 - INFO - root: Computing embedding for test
22-11-14 10:52:24 - INFO - root: Computed test embeddings
22-11-14 10:52:24 - INFO - root: Training pytorch-MLP-nhid0-rmsprop-bs128 with standard validation..
22-11-14 10:52:30 - INFO - root: [('reg:1e-05', 34.42), ('reg:0.0001', 34.79), ('reg:0.001', 34.51), ('reg:0.01', 34.15)]
22-11-14 10:52:30 - INFO - root: Validation : best param found is reg = 0.0001 with score             34.79
22-11-14 10:52:30 - INFO - root: Evaluating...
22-11-14 10:52:31 - INFO - root: ***** Transfer task : TREC *****


22-11-14 10:52:32 - INFO - root: Computed train embeddings
22-11-14 10:52:32 - INFO - root: Computed test embeddings
22-11-14 10:52:32 - INFO - root: Training pytorch-MLP-nhid0-rmsprop-bs128 with 5-fold cross-validation
22-11-14 10:52:51 - INFO - root: [('reg:1e-05', 79.42), ('reg:0.0001', 80.02), ('reg:0.001', 81.07), ('reg:0.01', 79.9)]
22-11-14 10:52:51 - INFO - root: Cross-validation : best param found is reg = 0.001             with score 81.07
22-11-14 10:52:51 - INFO - root: Evaluating...
22-11-14 10:52:52 - INFO - root: ***** Transfer task : MRPC *****


22-11-14 10:52:52 - INFO - root: Computing embedding for train
22-11-14 10:52:54 - INFO - root: Computed train embeddings
22-11-14 10:52:54 - INFO - root: Computing embedding for test
22-11-14 10:52:54 - INFO - root: Computed test embeddings
22-11-14 10:52:54 - INFO - root: Training pytorch-MLP-nhid0-rmsprop-bs128 with 5-fold cross-validation
22-11-14 10:53:07 - INFO - root: [('reg:1e-05', 72.55), ('reg:0.0001', 71.91), ('reg:0.001', 72.87), ('reg:0.01', 72.89)]
22-11-14 10:53:07 - INFO - root: Cross-validation : best param found is reg = 0.01             with score 72.89
22-11-14 10:53:07 - INFO - root: Evaluating...
22-11-20 05:06:10 - INFO - absl: Using ./models-tfhub to cache modules.
22-11-20 05:06:13 - INFO - __main__: m-USE model is loaded.
22-11-20 05:06:15 - INFO - __main__: Num of m-USE features: 512
