22-11-13 22:22:49 - INFO - absl: Using ./models-tfhub to cache modules.
22-11-13 22:22:52 - INFO - __main__: m-USE model is loaded.
22-11-13 22:22:54 - INFO - __main__: Num of m-USE features: 512
22-11-13 22:22:54 - INFO - root: Generating sentence embeddings
22-11-13 22:22:56 - INFO - root: Generated sentence embeddings
22-11-13 22:22:56 - INFO - root: Training pytorch-MLP-nhid0-rmsprop-bs128 with (inner) 5-fold cross-validation
22-11-13 22:23:28 - INFO - root: Best param found at split 1: l2reg = 1e-05                 with score 66.87
22-11-13 22:24:01 - INFO - root: Best param found at split 2: l2reg = 0.01                 with score 66.71
22-11-13 22:24:32 - INFO - root: Best param found at split 3: l2reg = 1e-05                 with score 67.25
22-11-13 22:25:03 - INFO - root: Best param found at split 4: l2reg = 0.01                 with score 67.56
22-11-13 22:25:34 - INFO - root: Best param found at split 5: l2reg = 0.0001                 with score 67.08
22-11-13 22:25:35 - INFO - root: Generating sentence embeddings
22-11-13 22:25:36 - INFO - root: Generated sentence embeddings
22-11-13 22:25:36 - INFO - root: Training pytorch-MLP-nhid0-rmsprop-bs128 with (inner) 5-fold cross-validation
22-11-13 22:25:46 - INFO - root: Best param found at split 1: l2reg = 0.01                 with score 75.5
22-11-13 22:25:56 - INFO - root: Best param found at split 2: l2reg = 1e-05                 with score 77.42
22-11-13 22:26:06 - INFO - root: Best param found at split 3: l2reg = 0.001                 with score 76.09
22-11-13 22:26:17 - INFO - root: Best param found at split 4: l2reg = 0.01                 with score 76.06
22-11-13 22:26:28 - INFO - root: Best param found at split 5: l2reg = 0.001                 with score 76.23
22-11-13 22:26:29 - INFO - root: Generating sentence embeddings
22-11-13 22:26:31 - INFO - root: Generated sentence embeddings
22-11-13 22:26:31 - INFO - root: Training pytorch-MLP-nhid0-rmsprop-bs128 with (inner) 5-fold cross-validation
22-11-13 22:26:55 - INFO - root: Best param found at split 1: l2reg = 0.01                 with score 87.02
22-11-13 22:27:22 - INFO - root: Best param found at split 2: l2reg = 0.0001                 with score 87.87
22-11-13 22:27:50 - INFO - root: Best param found at split 3: l2reg = 0.01                 with score 87.8
22-11-13 22:28:20 - INFO - root: Best param found at split 4: l2reg = 0.001                 with score 87.21
22-11-13 22:28:47 - INFO - root: Best param found at split 5: l2reg = 0.01                 with score 87.14
22-11-13 22:28:48 - INFO - root: Generating sentence embeddings
22-11-13 22:28:50 - INFO - root: Generated sentence embeddings
22-11-13 22:28:50 - INFO - root: Training pytorch-MLP-nhid0-rmsprop-bs128 with (inner) 5-fold cross-validation
22-11-13 22:29:15 - INFO - root: Best param found at split 1: l2reg = 0.01                 with score 84.1
22-11-13 22:29:45 - INFO - root: Best param found at split 2: l2reg = 1e-05                 with score 83.74
22-11-13 22:30:17 - INFO - root: Best param found at split 3: l2reg = 0.01                 with score 84.05
22-11-13 22:30:46 - INFO - root: Best param found at split 4: l2reg = 0.01                 with score 83.64
22-11-13 22:31:16 - INFO - root: Best param found at split 5: l2reg = 0.01                 with score 82.8
22-11-13 22:31:18 - INFO - root: Computing embedding for train
22-11-13 22:31:19 - INFO - root: Computed train embeddings
22-11-13 22:31:19 - INFO - root: Computing embedding for dev
22-11-13 22:31:19 - INFO - root: Computed dev embeddings
22-11-13 22:31:19 - INFO - root: Computing embedding for test
22-11-13 22:31:20 - INFO - root: Computed test embeddings
22-11-13 22:31:20 - INFO - root: Training pytorch-MLP-nhid0-rmsprop-bs128 with standard validation..
22-11-13 22:31:26 - INFO - root: [('reg:1e-05', 34.06), ('reg:0.0001', 33.97), ('reg:0.001', 33.97), ('reg:0.01', 33.79)]
22-11-13 22:31:26 - INFO - root: Validation : best param found is reg = 1e-05 with score             34.06
22-11-13 22:31:26 - INFO - root: Evaluating...
22-11-13 22:31:28 - INFO - root: ***** Transfer task : TREC *****


22-11-13 22:31:29 - INFO - root: Computed train embeddings
22-11-13 22:31:29 - INFO - root: Computed test embeddings
22-11-13 22:31:29 - INFO - root: Training pytorch-MLP-nhid0-rmsprop-bs128 with 5-fold cross-validation
22-11-13 22:31:46 - INFO - root: [('reg:1e-05', 72.98), ('reg:0.0001', 72.91), ('reg:0.001', 72.71), ('reg:0.01', 71.24)]
22-11-13 22:31:46 - INFO - root: Cross-validation : best param found is reg = 1e-05             with score 72.98
22-11-13 22:31:46 - INFO - root: Evaluating...
22-11-13 22:31:47 - INFO - root: ***** Transfer task : MRPC *****


22-11-13 22:31:47 - INFO - root: Computing embedding for train
22-11-13 22:31:49 - INFO - root: Computed train embeddings
22-11-13 22:31:49 - INFO - root: Computing embedding for test
22-11-13 22:31:49 - INFO - root: Computed test embeddings
22-11-13 22:31:49 - INFO - root: Training pytorch-MLP-nhid0-rmsprop-bs128 with 5-fold cross-validation
22-11-13 22:32:02 - INFO - root: [('reg:1e-05', 71.15), ('reg:0.0001', 71.2), ('reg:0.001', 71.42), ('reg:0.01', 71.49)]
22-11-13 22:32:02 - INFO - root: Cross-validation : best param found is reg = 0.01             with score 71.49
22-11-13 22:32:02 - INFO - root: Evaluating...
