22-11-08 22:09:52 - INFO - sentence_transformers.SentenceTransformer: Load pretrained SentenceTransformer: sentence-transformers/LaBSE
22-11-08 22:09:55 - INFO - sentence_transformers.SentenceTransformer: Use pytorch device: cuda
22-11-08 22:09:55 - INFO - __main__: SBert model sentence-transformers/LaBSE is loaded.
22-11-08 22:09:57 - INFO - __main__: Num of SBert features: 768
22-11-08 22:09:58 - INFO - root: Generating sentence embeddings
22-11-08 22:10:05 - INFO - root: Generated sentence embeddings
22-11-08 22:10:05 - INFO - root: Training pytorch-MLP-nhid0-rmsprop-bs128 with (inner) 5-fold cross-validation
22-11-08 22:10:26 - INFO - root: Best param found at split 1: l2reg = 0.01                 with score 76.07
22-11-08 22:10:43 - INFO - root: Best param found at split 2: l2reg = 0.001                 with score 75.85
22-11-08 22:11:09 - INFO - root: Best param found at split 3: l2reg = 0.001                 with score 77.36
22-11-08 22:11:37 - INFO - root: Best param found at split 4: l2reg = 1e-05                 with score 74.54
22-11-08 22:12:04 - INFO - root: Best param found at split 5: l2reg = 1e-05                 with score 76.21
22-11-08 22:12:06 - INFO - root: Generating sentence embeddings
22-11-08 22:12:08 - INFO - root: Generated sentence embeddings
22-11-08 22:12:08 - INFO - root: Training pytorch-MLP-nhid0-rmsprop-bs128 with (inner) 5-fold cross-validation
22-11-08 22:12:18 - INFO - root: Best param found at split 1: l2reg = 0.001                 with score 85.03
22-11-08 22:12:29 - INFO - root: Best param found at split 2: l2reg = 0.001                 with score 85.2
22-11-08 22:12:40 - INFO - root: Best param found at split 3: l2reg = 1e-05                 with score 84.83
22-11-08 22:12:51 - INFO - root: Best param found at split 4: l2reg = 0.0001                 with score 84.24
22-11-08 22:13:02 - INFO - root: Best param found at split 5: l2reg = 1e-05                 with score 84.57
22-11-08 22:13:03 - INFO - root: Generating sentence embeddings
22-11-08 22:13:09 - INFO - root: Generated sentence embeddings
22-11-08 22:13:09 - INFO - root: Training pytorch-MLP-nhid0-rmsprop-bs128 with (inner) 5-fold cross-validation
22-11-08 22:13:37 - INFO - root: Best param found at split 1: l2reg = 0.01                 with score 91.64
22-11-08 22:14:05 - INFO - root: Best param found at split 2: l2reg = 0.0001                 with score 91.86
22-11-08 22:14:33 - INFO - root: Best param found at split 3: l2reg = 0.001                 with score 91.92
22-11-08 22:14:59 - INFO - root: Best param found at split 4: l2reg = 0.01                 with score 91.99
22-11-08 22:15:27 - INFO - root: Best param found at split 5: l2reg = 0.001                 with score 91.72
22-11-08 22:15:28 - INFO - root: Generating sentence embeddings
22-11-08 22:15:32 - INFO - root: Generated sentence embeddings
22-11-08 22:15:32 - INFO - root: Training pytorch-MLP-nhid0-rmsprop-bs128 with (inner) 5-fold cross-validation
22-11-08 22:15:56 - INFO - root: Best param found at split 1: l2reg = 0.0001                 with score 86.68
22-11-08 22:16:26 - INFO - root: Best param found at split 2: l2reg = 0.001                 with score 88.59
22-11-08 22:16:56 - INFO - root: Best param found at split 3: l2reg = 1e-05                 with score 88.65
22-11-08 22:17:26 - INFO - root: Best param found at split 4: l2reg = 0.01                 with score 89.16
22-11-08 22:17:55 - INFO - root: Best param found at split 5: l2reg = 0.01                 with score 88.74
22-11-08 22:17:57 - INFO - root: Computing embedding for train
22-11-08 22:18:02 - INFO - root: Computed train embeddings
22-11-08 22:18:02 - INFO - root: Computing embedding for dev
22-11-08 22:18:03 - INFO - root: Computed dev embeddings
22-11-08 22:18:03 - INFO - root: Computing embedding for test
22-11-08 22:18:04 - INFO - root: Computed test embeddings
22-11-08 22:18:04 - INFO - root: Training pytorch-MLP-nhid0-rmsprop-bs128 with standard validation..
22-11-08 22:18:10 - INFO - root: [('reg:1e-05', 39.69), ('reg:0.0001', 37.24), ('reg:0.001', 42.33), ('reg:0.01', 40.24)]
22-11-08 22:18:10 - INFO - root: Validation : best param found is reg = 0.001 with score             42.33
22-11-08 22:18:10 - INFO - root: Evaluating...
22-11-08 22:18:12 - INFO - root: ***** Transfer task : TREC *****


22-11-08 22:18:14 - INFO - root: Computed train embeddings
22-11-08 22:18:14 - INFO - root: Computed test embeddings
22-11-08 22:18:14 - INFO - root: Training pytorch-MLP-nhid0-rmsprop-bs128 with 5-fold cross-validation
22-11-08 22:18:31 - INFO - root: [('reg:1e-05', 76.74), ('reg:0.0001', 79.15), ('reg:0.001', 78.28), ('reg:0.01', 79.7)]
22-11-08 22:18:31 - INFO - root: Cross-validation : best param found is reg = 0.01             with score 79.7
22-11-08 22:18:31 - INFO - root: Evaluating...
22-11-08 22:18:32 - INFO - root: ***** Transfer task : MRPC *****


22-11-08 22:18:32 - INFO - root: Computing embedding for train
22-11-08 22:18:38 - INFO - root: Computed train embeddings
22-11-08 22:18:38 - INFO - root: Computing embedding for test
22-11-08 22:18:40 - INFO - root: Computed test embeddings
22-11-08 22:18:40 - INFO - root: Training pytorch-MLP-nhid0-rmsprop-bs128 with 5-fold cross-validation
22-11-08 22:18:53 - INFO - root: [('reg:1e-05', 74.73), ('reg:0.0001', 73.16), ('reg:0.001', 73.58), ('reg:0.01', 72.79)]
22-11-08 22:18:53 - INFO - root: Cross-validation : best param found is reg = 1e-05             with score 74.73
22-11-08 22:18:53 - INFO - root: Evaluating...
22-11-19 21:51:48 - INFO - sentence_transformers.SentenceTransformer: Load pretrained SentenceTransformer: sentence-transformers/LaBSE
22-11-19 21:51:51 - INFO - sentence_transformers.SentenceTransformer: Use pytorch device: cuda
22-11-19 21:51:51 - INFO - __main__: SBert model sentence-transformers/LaBSE is loaded.
22-11-19 21:51:53 - INFO - __main__: Num of SBert features: 768
