22-11-08 07:03:34 - INFO - sentence_transformers.SentenceTransformer: Load pretrained SentenceTransformer: sentence-transformers/LaBSE
22-11-08 07:03:38 - INFO - sentence_transformers.SentenceTransformer: Use pytorch device: cuda
22-11-08 07:03:38 - INFO - __main__: SBert model sentence-transformers/LaBSE is loaded.
22-11-08 07:03:40 - INFO - __main__: Num of SBert features: 768
22-11-08 07:03:41 - INFO - root: Generating sentence embeddings
22-11-08 07:03:48 - INFO - root: Generated sentence embeddings
22-11-08 07:03:48 - INFO - root: Training pytorch-MLP-nhid0-rmsprop-bs128 with (inner) 5-fold cross-validation
22-11-08 07:04:15 - INFO - root: Best param found at split 1: l2reg = 0.0001                 with score 74.23
22-11-08 07:04:43 - INFO - root: Best param found at split 2: l2reg = 0.01                 with score 73.92
22-11-08 07:05:12 - INFO - root: Best param found at split 3: l2reg = 1e-05                 with score 73.61
22-11-08 07:05:32 - INFO - root: Best param found at split 4: l2reg = 0.0001                 with score 73.72
22-11-08 07:05:59 - INFO - root: Best param found at split 5: l2reg = 0.0001                 with score 74.17
22-11-08 07:06:01 - INFO - root: Generating sentence embeddings
22-11-08 07:06:03 - INFO - root: Generated sentence embeddings
22-11-08 07:06:03 - INFO - root: Training pytorch-MLP-nhid0-rmsprop-bs128 with (inner) 5-fold cross-validation
22-11-08 07:06:14 - INFO - root: Best param found at split 1: l2reg = 0.01                 with score 84.6
22-11-08 07:06:24 - INFO - root: Best param found at split 2: l2reg = 0.01                 with score 84.27
22-11-08 07:06:35 - INFO - root: Best param found at split 3: l2reg = 0.01                 with score 83.41
22-11-08 07:06:47 - INFO - root: Best param found at split 4: l2reg = 0.01                 with score 82.35
22-11-08 07:06:57 - INFO - root: Best param found at split 5: l2reg = 1e-05                 with score 83.68
22-11-08 07:06:58 - INFO - root: Generating sentence embeddings
22-11-08 07:07:04 - INFO - root: Generated sentence embeddings
22-11-08 07:07:04 - INFO - root: Training pytorch-MLP-nhid0-rmsprop-bs128 with (inner) 5-fold cross-validation
22-11-08 07:07:30 - INFO - root: Best param found at split 1: l2reg = 0.01                 with score 90.3
22-11-08 07:07:55 - INFO - root: Best param found at split 2: l2reg = 0.001                 with score 90.77
22-11-08 07:08:22 - INFO - root: Best param found at split 3: l2reg = 1e-05                 with score 90.68
22-11-08 07:08:51 - INFO - root: Best param found at split 4: l2reg = 1e-05                 with score 90.24
22-11-08 07:09:17 - INFO - root: Best param found at split 5: l2reg = 1e-05                 with score 90.4
22-11-08 07:09:18 - INFO - root: Generating sentence embeddings
22-11-08 07:09:22 - INFO - root: Generated sentence embeddings
22-11-08 07:09:22 - INFO - root: Training pytorch-MLP-nhid0-rmsprop-bs128 with (inner) 5-fold cross-validation
22-11-08 07:09:46 - INFO - root: Best param found at split 1: l2reg = 0.01                 with score 86.68
22-11-08 07:10:18 - INFO - root: Best param found at split 2: l2reg = 1e-05                 with score 86.68
22-11-08 07:10:45 - INFO - root: Best param found at split 3: l2reg = 0.001                 with score 87.39
22-11-08 07:11:15 - INFO - root: Best param found at split 4: l2reg = 0.01                 with score 87.41
22-11-08 07:11:41 - INFO - root: Best param found at split 5: l2reg = 0.01                 with score 86.69
22-11-08 07:11:43 - INFO - root: Computing embedding for train
22-11-08 07:11:48 - INFO - root: Computed train embeddings
22-11-08 07:11:48 - INFO - root: Computing embedding for dev
22-11-08 07:11:49 - INFO - root: Computed dev embeddings
22-11-08 07:11:49 - INFO - root: Computing embedding for test
22-11-08 07:11:50 - INFO - root: Computed test embeddings
22-11-08 07:11:50 - INFO - root: Training pytorch-MLP-nhid0-rmsprop-bs128 with standard validation..
22-11-08 07:11:58 - INFO - root: [('reg:1e-05', 40.15), ('reg:0.0001', 39.33), ('reg:0.001', 40.51), ('reg:0.01', 37.78)]
22-11-08 07:11:58 - INFO - root: Validation : best param found is reg = 0.001 with score             40.51
22-11-08 07:11:58 - INFO - root: Evaluating...
22-11-08 07:11:59 - INFO - root: ***** Transfer task : TREC *****


22-11-08 07:12:02 - INFO - root: Computed train embeddings
22-11-08 07:12:02 - INFO - root: Computed test embeddings
22-11-08 07:12:02 - INFO - root: Training pytorch-MLP-nhid0-rmsprop-bs128 with 5-fold cross-validation
22-11-08 07:12:19 - INFO - root: [('reg:1e-05', 70.38), ('reg:0.0001', 71.0), ('reg:0.001', 70.62), ('reg:0.01', 69.81)]
22-11-08 07:12:19 - INFO - root: Cross-validation : best param found is reg = 0.0001             with score 71.0
22-11-08 07:12:19 - INFO - root: Evaluating...
22-11-08 07:12:20 - INFO - root: ***** Transfer task : MRPC *****


22-11-08 07:12:20 - INFO - root: Computing embedding for train
22-11-08 07:12:26 - INFO - root: Computed train embeddings
22-11-08 07:12:26 - INFO - root: Computing embedding for test
22-11-08 07:12:28 - INFO - root: Computed test embeddings
22-11-08 07:12:28 - INFO - root: Training pytorch-MLP-nhid0-rmsprop-bs128 with 5-fold cross-validation
22-11-08 07:12:41 - INFO - root: [('reg:1e-05', 74.12), ('reg:0.0001', 73.99), ('reg:0.001', 74.07), ('reg:0.01', 73.23)]
22-11-08 07:12:41 - INFO - root: Cross-validation : best param found is reg = 1e-05             with score 74.12
22-11-08 07:12:41 - INFO - root: Evaluating...
