22-11-09 00:29:20 - INFO - sentence_transformers.SentenceTransformer: Load pretrained SentenceTransformer: sentence-transformers/LaBSE
22-11-09 00:29:24 - INFO - sentence_transformers.SentenceTransformer: Use pytorch device: cuda
22-11-09 00:29:24 - INFO - __main__: SBert model sentence-transformers/LaBSE is loaded.
22-11-09 00:29:26 - INFO - __main__: Num of SBert features: 768
22-11-09 00:29:27 - INFO - root: Generating sentence embeddings
22-11-09 00:29:34 - INFO - root: Generated sentence embeddings
22-11-09 00:29:34 - INFO - root: Training pytorch-MLP-nhid0-rmsprop-bs128 with (inner) 5-fold cross-validation
22-11-09 00:30:01 - INFO - root: Best param found at split 1: l2reg = 1e-05                 with score 76.49
22-11-09 00:30:28 - INFO - root: Best param found at split 2: l2reg = 0.01                 with score 76.04
22-11-09 00:30:56 - INFO - root: Best param found at split 3: l2reg = 0.01                 with score 75.6
22-11-09 00:31:24 - INFO - root: Best param found at split 4: l2reg = 0.001                 with score 75.59
22-11-09 00:31:53 - INFO - root: Best param found at split 5: l2reg = 0.01                 with score 75.98
22-11-09 00:31:55 - INFO - root: Generating sentence embeddings
22-11-09 00:31:57 - INFO - root: Generated sentence embeddings
22-11-09 00:31:57 - INFO - root: Training pytorch-MLP-nhid0-rmsprop-bs128 with (inner) 5-fold cross-validation
22-11-09 00:32:08 - INFO - root: Best param found at split 1: l2reg = 1e-05                 with score 86.75
22-11-09 00:32:18 - INFO - root: Best param found at split 2: l2reg = 0.01                 with score 85.99
22-11-09 00:32:29 - INFO - root: Best param found at split 3: l2reg = 0.01                 with score 85.56
22-11-09 00:32:40 - INFO - root: Best param found at split 4: l2reg = 0.01                 with score 85.0
22-11-09 00:32:52 - INFO - root: Best param found at split 5: l2reg = 1e-05                 with score 85.53
22-11-09 00:32:52 - INFO - root: Generating sentence embeddings
22-11-09 00:32:59 - INFO - root: Generated sentence embeddings
22-11-09 00:32:59 - INFO - root: Training pytorch-MLP-nhid0-rmsprop-bs128 with (inner) 5-fold cross-validation
22-11-09 00:33:29 - INFO - root: Best param found at split 1: l2reg = 0.0001                 with score 91.64
22-11-09 00:33:58 - INFO - root: Best param found at split 2: l2reg = 1e-05                 with score 92.19
22-11-09 00:34:25 - INFO - root: Best param found at split 3: l2reg = 0.01                 with score 91.94
22-11-09 00:34:53 - INFO - root: Best param found at split 4: l2reg = 0.001                 with score 91.96
22-11-09 00:35:19 - INFO - root: Best param found at split 5: l2reg = 0.0001                 with score 91.84
22-11-09 00:35:20 - INFO - root: Generating sentence embeddings
22-11-09 00:35:24 - INFO - root: Generated sentence embeddings
22-11-09 00:35:24 - INFO - root: Training pytorch-MLP-nhid0-rmsprop-bs128 with (inner) 5-fold cross-validation
22-11-09 00:35:51 - INFO - root: Best param found at split 1: l2reg = 1e-05                 with score 89.29
22-11-09 00:36:22 - INFO - root: Best param found at split 2: l2reg = 0.01                 with score 88.6
22-11-09 00:36:51 - INFO - root: Best param found at split 3: l2reg = 0.01                 with score 89.06
22-11-09 00:37:17 - INFO - root: Best param found at split 4: l2reg = 0.0001                 with score 88.63
22-11-09 00:37:47 - INFO - root: Best param found at split 5: l2reg = 0.001                 with score 88.73
22-11-09 00:37:48 - INFO - root: Computing embedding for train
22-11-09 00:37:54 - INFO - root: Computed train embeddings
22-11-09 00:37:54 - INFO - root: Computing embedding for dev
22-11-09 00:37:55 - INFO - root: Computed dev embeddings
22-11-09 00:37:55 - INFO - root: Computing embedding for test
22-11-09 00:37:56 - INFO - root: Computed test embeddings
22-11-09 00:37:56 - INFO - root: Training pytorch-MLP-nhid0-rmsprop-bs128 with standard validation..
22-11-09 00:38:04 - INFO - root: [('reg:1e-05', 41.42), ('reg:0.0001', 41.33), ('reg:0.001', 40.24), ('reg:0.01', 39.6)]
22-11-09 00:38:04 - INFO - root: Validation : best param found is reg = 1e-05 with score             41.42
22-11-09 00:38:04 - INFO - root: Evaluating...
22-11-09 00:38:06 - INFO - root: ***** Transfer task : TREC *****


22-11-09 00:38:09 - INFO - root: Computed train embeddings
22-11-09 00:38:09 - INFO - root: Computed test embeddings
22-11-09 00:38:09 - INFO - root: Training pytorch-MLP-nhid0-rmsprop-bs128 with 5-fold cross-validation
22-11-09 00:38:26 - INFO - root: [('reg:1e-05', 78.65), ('reg:0.0001', 80.54), ('reg:0.001', 80.26), ('reg:0.01', 72.62)]
22-11-09 00:38:26 - INFO - root: Cross-validation : best param found is reg = 0.0001             with score 80.54
22-11-09 00:38:26 - INFO - root: Evaluating...
22-11-09 00:38:27 - INFO - root: ***** Transfer task : MRPC *****


22-11-09 00:38:27 - INFO - root: Computing embedding for train
22-11-09 00:38:32 - INFO - root: Computed train embeddings
22-11-09 00:38:32 - INFO - root: Computing embedding for test
22-11-09 00:38:34 - INFO - root: Computed test embeddings
22-11-09 00:38:35 - INFO - root: Training pytorch-MLP-nhid0-rmsprop-bs128 with 5-fold cross-validation
22-11-09 00:38:47 - INFO - root: [('reg:1e-05', 73.99), ('reg:0.0001', 73.26), ('reg:0.001', 74.48), ('reg:0.01', 73.48)]
22-11-09 00:38:47 - INFO - root: Cross-validation : best param found is reg = 0.001             with score 74.48
22-11-09 00:38:47 - INFO - root: Evaluating...
