22-11-07 23:12:43 - INFO - sentence_transformers.SentenceTransformer: Load pretrained SentenceTransformer: sentence-transformers/LaBSE
22-11-07 23:12:46 - INFO - sentence_transformers.SentenceTransformer: Use pytorch device: cuda
22-11-07 23:12:46 - INFO - __main__: SBert model sentence-transformers/LaBSE is loaded.
22-11-07 23:12:48 - INFO - __main__: Num of SBert features: 768
22-11-07 23:12:49 - INFO - root: Generating sentence embeddings
22-11-07 23:12:56 - INFO - root: Generated sentence embeddings
22-11-07 23:12:56 - INFO - root: Training pytorch-MLP-nhid0-rmsprop-bs128 with (inner) 5-fold cross-validation
22-11-07 23:13:23 - INFO - root: Best param found at split 1: l2reg = 0.01                 with score 72.65
22-11-07 23:13:49 - INFO - root: Best param found at split 2: l2reg = 0.01                 with score 73.03
22-11-07 23:14:20 - INFO - root: Best param found at split 3: l2reg = 1e-05                 with score 72.81
22-11-07 23:14:49 - INFO - root: Best param found at split 4: l2reg = 0.001                 with score 71.96
22-11-07 23:15:18 - INFO - root: Best param found at split 5: l2reg = 0.01                 with score 72.36
22-11-07 23:15:19 - INFO - root: Generating sentence embeddings
22-11-07 23:15:21 - INFO - root: Generated sentence embeddings
22-11-07 23:15:21 - INFO - root: Training pytorch-MLP-nhid0-rmsprop-bs128 with (inner) 5-fold cross-validation
22-11-07 23:15:32 - INFO - root: Best param found at split 1: l2reg = 1e-05                 with score 82.35
22-11-07 23:15:44 - INFO - root: Best param found at split 2: l2reg = 1e-05                 with score 83.05
22-11-07 23:15:53 - INFO - root: Best param found at split 3: l2reg = 1e-05                 with score 81.72
22-11-07 23:16:04 - INFO - root: Best param found at split 4: l2reg = 0.01                 with score 81.46
22-11-07 23:16:15 - INFO - root: Best param found at split 5: l2reg = 0.01                 with score 81.89
22-11-07 23:16:16 - INFO - root: Generating sentence embeddings
22-11-07 23:16:23 - INFO - root: Generated sentence embeddings
22-11-07 23:16:23 - INFO - root: Training pytorch-MLP-nhid0-rmsprop-bs128 with (inner) 5-fold cross-validation
22-11-07 23:16:44 - INFO - root: Best param found at split 1: l2reg = 0.001                 with score 89.36
22-11-07 23:17:09 - INFO - root: Best param found at split 2: l2reg = 1e-05                 with score 89.65
22-11-07 23:17:36 - INFO - root: Best param found at split 3: l2reg = 0.0001                 with score 89.36
22-11-07 23:18:04 - INFO - root: Best param found at split 4: l2reg = 0.01                 with score 89.33
22-11-07 23:18:31 - INFO - root: Best param found at split 5: l2reg = 0.01                 with score 89.44
22-11-07 23:18:33 - INFO - root: Generating sentence embeddings
22-11-07 23:18:36 - INFO - root: Generated sentence embeddings
22-11-07 23:18:36 - INFO - root: Training pytorch-MLP-nhid0-rmsprop-bs128 with (inner) 5-fold cross-validation
22-11-07 23:19:04 - INFO - root: Best param found at split 1: l2reg = 1e-05                 with score 85.82
22-11-07 23:19:33 - INFO - root: Best param found at split 2: l2reg = 0.01                 with score 85.98
22-11-07 23:20:02 - INFO - root: Best param found at split 3: l2reg = 0.001                 with score 86.67
22-11-07 23:20:29 - INFO - root: Best param found at split 4: l2reg = 0.01                 with score 85.8
22-11-07 23:20:58 - INFO - root: Best param found at split 5: l2reg = 1e-05                 with score 84.41
22-11-07 23:21:00 - INFO - root: Computing embedding for train
22-11-07 23:21:05 - INFO - root: Computed train embeddings
22-11-07 23:21:05 - INFO - root: Computing embedding for dev
22-11-07 23:21:06 - INFO - root: Computed dev embeddings
22-11-07 23:21:06 - INFO - root: Computing embedding for test
22-11-07 23:21:07 - INFO - root: Computed test embeddings
22-11-07 23:21:07 - INFO - root: Training pytorch-MLP-nhid0-rmsprop-bs128 with standard validation..
22-11-07 23:21:14 - INFO - root: [('reg:1e-05', 40.15), ('reg:0.0001', 40.15), ('reg:0.001', 40.51), ('reg:0.01', 39.69)]
22-11-07 23:21:14 - INFO - root: Validation : best param found is reg = 0.001 with score             40.51
22-11-07 23:21:14 - INFO - root: Evaluating...
22-11-07 23:21:16 - INFO - root: ***** Transfer task : TREC *****


22-11-07 23:21:18 - INFO - root: Computed train embeddings
22-11-07 23:21:19 - INFO - root: Computed test embeddings
22-11-07 23:21:19 - INFO - root: Training pytorch-MLP-nhid0-rmsprop-bs128 with 5-fold cross-validation
22-11-07 23:21:35 - INFO - root: [('reg:1e-05', 71.04), ('reg:0.0001', 71.04), ('reg:0.001', 70.98), ('reg:0.01', 69.63)]
22-11-07 23:21:35 - INFO - root: Cross-validation : best param found is reg = 1e-05             with score 71.04
22-11-07 23:21:35 - INFO - root: Evaluating...
22-11-07 23:21:36 - INFO - root: ***** Transfer task : MRPC *****


22-11-07 23:21:36 - INFO - root: Computing embedding for train
22-11-07 23:21:42 - INFO - root: Computed train embeddings
22-11-07 23:21:42 - INFO - root: Computing embedding for test
22-11-07 23:21:44 - INFO - root: Computed test embeddings
22-11-07 23:21:44 - INFO - root: Training pytorch-MLP-nhid0-rmsprop-bs128 with 5-fold cross-validation
22-11-07 23:21:57 - INFO - root: [('reg:1e-05', 73.77), ('reg:0.0001', 73.82), ('reg:0.001', 73.87), ('reg:0.01', 73.97)]
22-11-07 23:21:57 - INFO - root: Cross-validation : best param found is reg = 0.01             with score 73.97
22-11-07 23:21:57 - INFO - root: Evaluating...
22-11-19 12:24:07 - INFO - sentence_transformers.SentenceTransformer: Load pretrained SentenceTransformer: sentence-transformers/LaBSE
22-11-19 12:24:10 - INFO - sentence_transformers.SentenceTransformer: Use pytorch device: cuda
22-11-19 12:24:10 - INFO - __main__: SBert model sentence-transformers/LaBSE is loaded.
22-11-19 12:24:12 - INFO - __main__: Num of SBert features: 768
