22-11-07 22:44:52 - INFO - sentence_transformers.SentenceTransformer: Load pretrained SentenceTransformer: sentence-transformers/LaBSE
22-11-07 22:44:55 - INFO - sentence_transformers.SentenceTransformer: Use pytorch device: cuda
22-11-07 22:44:55 - INFO - __main__: SBert model sentence-transformers/LaBSE is loaded.
22-11-07 22:44:57 - INFO - __main__: Num of SBert features: 768
22-11-07 22:44:58 - INFO - root: Generating sentence embeddings
22-11-07 22:45:05 - INFO - root: Generated sentence embeddings
22-11-07 22:45:05 - INFO - root: Training pytorch-MLP-nhid0-rmsprop-bs128 with (inner) 5-fold cross-validation
22-11-07 22:45:34 - INFO - root: Best param found at split 1: l2reg = 0.001                 with score 72.96
22-11-07 22:46:01 - INFO - root: Best param found at split 2: l2reg = 1e-05                 with score 72.36
22-11-07 22:46:32 - INFO - root: Best param found at split 3: l2reg = 0.01                 with score 72.24
22-11-07 22:47:01 - INFO - root: Best param found at split 4: l2reg = 0.01                 with score 72.57
22-11-07 22:47:31 - INFO - root: Best param found at split 5: l2reg = 1e-05                 with score 72.68
22-11-07 22:47:33 - INFO - root: Generating sentence embeddings
22-11-07 22:47:35 - INFO - root: Generated sentence embeddings
22-11-07 22:47:35 - INFO - root: Training pytorch-MLP-nhid0-rmsprop-bs128 with (inner) 5-fold cross-validation
22-11-07 22:47:45 - INFO - root: Best param found at split 1: l2reg = 0.01                 with score 81.85
22-11-07 22:47:55 - INFO - root: Best param found at split 2: l2reg = 0.01                 with score 82.05
22-11-07 22:48:04 - INFO - root: Best param found at split 3: l2reg = 0.0001                 with score 81.92
22-11-07 22:48:15 - INFO - root: Best param found at split 4: l2reg = 1e-05                 with score 82.09
22-11-07 22:48:24 - INFO - root: Best param found at split 5: l2reg = 0.01                 with score 81.06
22-11-07 22:48:25 - INFO - root: Generating sentence embeddings
22-11-07 22:48:32 - INFO - root: Generated sentence embeddings
22-11-07 22:48:32 - INFO - root: Training pytorch-MLP-nhid0-rmsprop-bs128 with (inner) 5-fold cross-validation
22-11-07 22:48:56 - INFO - root: Best param found at split 1: l2reg = 0.01                 with score 88.85
22-11-07 22:49:21 - INFO - root: Best param found at split 2: l2reg = 1e-05                 with score 88.96
22-11-07 22:49:47 - INFO - root: Best param found at split 3: l2reg = 0.01                 with score 89.09
22-11-07 22:50:10 - INFO - root: Best param found at split 4: l2reg = 0.001                 with score 89.12
22-11-07 22:50:38 - INFO - root: Best param found at split 5: l2reg = 0.01                 with score 88.95
22-11-07 22:50:39 - INFO - root: Generating sentence embeddings
22-11-07 22:50:43 - INFO - root: Generated sentence embeddings
22-11-07 22:50:43 - INFO - root: Training pytorch-MLP-nhid0-rmsprop-bs128 with (inner) 5-fold cross-validation
22-11-07 22:51:08 - INFO - root: Best param found at split 1: l2reg = 0.0001                 with score 85.22
22-11-07 22:51:35 - INFO - root: Best param found at split 2: l2reg = 0.01                 with score 85.67
22-11-07 22:52:06 - INFO - root: Best param found at split 3: l2reg = 0.001                 with score 85.39
22-11-07 22:52:36 - INFO - root: Best param found at split 4: l2reg = 0.01                 with score 86.42
22-11-07 22:53:06 - INFO - root: Best param found at split 5: l2reg = 1e-05                 with score 85.87
22-11-07 22:53:07 - INFO - root: Computing embedding for train
22-11-07 22:53:13 - INFO - root: Computed train embeddings
22-11-07 22:53:13 - INFO - root: Computing embedding for dev
22-11-07 22:53:13 - INFO - root: Computed dev embeddings
22-11-07 22:53:13 - INFO - root: Computing embedding for test
22-11-07 22:53:15 - INFO - root: Computed test embeddings
22-11-07 22:53:15 - INFO - root: Training pytorch-MLP-nhid0-rmsprop-bs128 with standard validation..
22-11-07 22:53:22 - INFO - root: [('reg:1e-05', 39.42), ('reg:0.0001', 39.42), ('reg:0.001', 39.87), ('reg:0.01', 39.24)]
22-11-07 22:53:22 - INFO - root: Validation : best param found is reg = 0.001 with score             39.87
22-11-07 22:53:22 - INFO - root: Evaluating...
22-11-07 22:53:23 - INFO - root: ***** Transfer task : TREC *****


22-11-07 22:53:26 - INFO - root: Computed train embeddings
22-11-07 22:53:26 - INFO - root: Computed test embeddings
22-11-07 22:53:26 - INFO - root: Training pytorch-MLP-nhid0-rmsprop-bs128 with 5-fold cross-validation
22-11-07 22:53:43 - INFO - root: [('reg:1e-05', 70.58), ('reg:0.0001', 70.56), ('reg:0.001', 71.39), ('reg:0.01', 70.25)]
22-11-07 22:53:43 - INFO - root: Cross-validation : best param found is reg = 0.001             with score 71.39
22-11-07 22:53:43 - INFO - root: Evaluating...
22-11-07 22:53:45 - INFO - root: ***** Transfer task : MRPC *****


22-11-07 22:53:45 - INFO - root: Computing embedding for train
22-11-07 22:53:50 - INFO - root: Computed train embeddings
22-11-07 22:53:50 - INFO - root: Computing embedding for test
22-11-07 22:53:52 - INFO - root: Computed test embeddings
22-11-07 22:53:52 - INFO - root: Training pytorch-MLP-nhid0-rmsprop-bs128 with 5-fold cross-validation
22-11-07 22:54:05 - INFO - root: [('reg:1e-05', 72.67), ('reg:0.0001', 72.62), ('reg:0.001', 72.67), ('reg:0.01', 73.26)]
22-11-07 22:54:05 - INFO - root: Cross-validation : best param found is reg = 0.01             with score 73.26
22-11-07 22:54:05 - INFO - root: Evaluating...
22-11-19 12:11:01 - INFO - sentence_transformers.SentenceTransformer: Load pretrained SentenceTransformer: sentence-transformers/LaBSE
22-11-19 12:11:05 - INFO - sentence_transformers.SentenceTransformer: Use pytorch device: cuda
22-11-19 12:11:05 - INFO - __main__: SBert model sentence-transformers/LaBSE is loaded.
22-11-19 12:11:07 - INFO - __main__: Num of SBert features: 768
