22-11-08 23:54:21 - INFO - sentence_transformers.SentenceTransformer: Load pretrained SentenceTransformer: sentence-transformers/LaBSE
22-11-08 23:54:25 - INFO - sentence_transformers.SentenceTransformer: Use pytorch device: cuda
22-11-08 23:54:25 - INFO - __main__: SBert model sentence-transformers/LaBSE is loaded.
22-11-08 23:54:27 - INFO - __main__: Num of SBert features: 768
22-11-08 23:54:28 - INFO - root: Generating sentence embeddings
22-11-08 23:54:34 - INFO - root: Generated sentence embeddings
22-11-08 23:54:35 - INFO - root: Training pytorch-MLP-nhid0-rmsprop-bs128 with (inner) 5-fold cross-validation
22-11-08 23:55:02 - INFO - root: Best param found at split 1: l2reg = 0.01                 with score 76.76
22-11-08 23:55:31 - INFO - root: Best param found at split 2: l2reg = 0.01                 with score 76.8
22-11-08 23:55:59 - INFO - root: Best param found at split 3: l2reg = 0.001                 with score 76.89
22-11-08 23:56:30 - INFO - root: Best param found at split 4: l2reg = 1e-05                 with score 76.07
22-11-08 23:56:59 - INFO - root: Best param found at split 5: l2reg = 0.001                 with score 75.8
22-11-08 23:57:01 - INFO - root: Generating sentence embeddings
22-11-08 23:57:03 - INFO - root: Generated sentence embeddings
22-11-08 23:57:03 - INFO - root: Training pytorch-MLP-nhid0-rmsprop-bs128 with (inner) 5-fold cross-validation
22-11-08 23:57:14 - INFO - root: Best param found at split 1: l2reg = 1e-05                 with score 85.79
22-11-08 23:57:25 - INFO - root: Best param found at split 2: l2reg = 0.01                 with score 84.97
22-11-08 23:57:36 - INFO - root: Best param found at split 3: l2reg = 0.01                 with score 84.8
22-11-08 23:57:47 - INFO - root: Best param found at split 4: l2reg = 0.01                 with score 85.26
22-11-08 23:57:58 - INFO - root: Best param found at split 5: l2reg = 0.01                 with score 85.53
22-11-08 23:57:59 - INFO - root: Generating sentence embeddings
22-11-08 23:58:06 - INFO - root: Generated sentence embeddings
22-11-08 23:58:06 - INFO - root: Training pytorch-MLP-nhid0-rmsprop-bs128 with (inner) 5-fold cross-validation
22-11-08 23:58:31 - INFO - root: Best param found at split 1: l2reg = 0.001                 with score 91.61
22-11-08 23:58:58 - INFO - root: Best param found at split 2: l2reg = 0.001                 with score 91.84
22-11-08 23:59:27 - INFO - root: Best param found at split 3: l2reg = 0.01                 with score 92.12
22-11-08 23:59:54 - INFO - root: Best param found at split 4: l2reg = 0.001                 with score 91.74
22-11-09 00:00:25 - INFO - root: Best param found at split 5: l2reg = 0.01                 with score 91.87
22-11-09 00:00:26 - INFO - root: Generating sentence embeddings
22-11-09 00:00:30 - INFO - root: Generated sentence embeddings
22-11-09 00:00:30 - INFO - root: Training pytorch-MLP-nhid0-rmsprop-bs128 with (inner) 5-fold cross-validation
22-11-09 00:00:50 - INFO - root: Best param found at split 1: l2reg = 0.01                 with score 89.16
22-11-09 00:01:13 - INFO - root: Best param found at split 2: l2reg = 1e-05                 with score 87.97
22-11-09 00:01:42 - INFO - root: Best param found at split 3: l2reg = 0.01                 with score 88.4
22-11-09 00:02:09 - INFO - root: Best param found at split 4: l2reg = 0.0001                 with score 88.66
22-11-09 00:02:38 - INFO - root: Best param found at split 5: l2reg = 0.01                 with score 87.81
22-11-09 00:02:39 - INFO - root: Computing embedding for train
22-11-09 00:02:45 - INFO - root: Computed train embeddings
22-11-09 00:02:45 - INFO - root: Computing embedding for dev
22-11-09 00:02:45 - INFO - root: Computed dev embeddings
22-11-09 00:02:45 - INFO - root: Computing embedding for test
22-11-09 00:02:47 - INFO - root: Computed test embeddings
22-11-09 00:02:47 - INFO - root: Training pytorch-MLP-nhid0-rmsprop-bs128 with standard validation..
22-11-09 00:02:54 - INFO - root: [('reg:1e-05', 42.23), ('reg:0.0001', 41.14), ('reg:0.001', 40.78), ('reg:0.01', 34.79)]
22-11-09 00:02:54 - INFO - root: Validation : best param found is reg = 1e-05 with score             42.23
22-11-09 00:02:54 - INFO - root: Evaluating...
22-11-09 00:02:56 - INFO - root: ***** Transfer task : TREC *****


22-11-09 00:02:59 - INFO - root: Computed train embeddings
22-11-09 00:02:59 - INFO - root: Computed test embeddings
22-11-09 00:02:59 - INFO - root: Training pytorch-MLP-nhid0-rmsprop-bs128 with 5-fold cross-validation
22-11-09 00:03:17 - INFO - root: [('reg:1e-05', 81.91), ('reg:0.0001', 83.09), ('reg:0.001', 81.0), ('reg:0.01', 78.23)]
22-11-09 00:03:17 - INFO - root: Cross-validation : best param found is reg = 0.0001             with score 83.09
22-11-09 00:03:17 - INFO - root: Evaluating...
22-11-09 00:03:18 - INFO - root: ***** Transfer task : MRPC *****


22-11-09 00:03:18 - INFO - root: Computing embedding for train
22-11-09 00:03:24 - INFO - root: Computed train embeddings
22-11-09 00:03:24 - INFO - root: Computing embedding for test
22-11-09 00:03:26 - INFO - root: Computed test embeddings
22-11-09 00:03:26 - INFO - root: Training pytorch-MLP-nhid0-rmsprop-bs128 with 5-fold cross-validation
22-11-09 00:03:39 - INFO - root: [('reg:1e-05', 74.66), ('reg:0.0001', 74.8), ('reg:0.001', 75.34), ('reg:0.01', 74.36)]
22-11-09 00:03:39 - INFO - root: Cross-validation : best param found is reg = 0.001             with score 75.34
22-11-09 00:03:39 - INFO - root: Evaluating...
