22-11-08 08:56:17 - INFO - sentence_transformers.SentenceTransformer: Load pretrained SentenceTransformer: sentence-transformers/LaBSE
22-11-08 08:56:21 - INFO - sentence_transformers.SentenceTransformer: Use pytorch device: cuda
22-11-08 08:56:21 - INFO - __main__: SBert model sentence-transformers/LaBSE is loaded.
22-11-08 08:56:23 - INFO - __main__: Num of SBert features: 768
22-11-08 08:56:24 - INFO - root: Generating sentence embeddings
22-11-08 08:56:31 - INFO - root: Generated sentence embeddings
22-11-08 08:56:31 - INFO - root: Training pytorch-MLP-nhid0-rmsprop-bs128 with (inner) 5-fold cross-validation
22-11-08 08:56:59 - INFO - root: Best param found at split 1: l2reg = 0.001                 with score 74.86
22-11-08 08:57:26 - INFO - root: Best param found at split 2: l2reg = 1e-05                 with score 73.61
22-11-08 08:57:57 - INFO - root: Best param found at split 3: l2reg = 0.01                 with score 74.37
22-11-08 08:58:23 - INFO - root: Best param found at split 4: l2reg = 0.0001                 with score 73.62
22-11-08 08:58:55 - INFO - root: Best param found at split 5: l2reg = 1e-05                 with score 74.38
22-11-08 08:58:57 - INFO - root: Generating sentence embeddings
22-11-08 08:58:59 - INFO - root: Generated sentence embeddings
22-11-08 08:58:59 - INFO - root: Training pytorch-MLP-nhid0-rmsprop-bs128 with (inner) 5-fold cross-validation
22-11-08 08:59:08 - INFO - root: Best param found at split 1: l2reg = 1e-05                 with score 83.25
22-11-08 08:59:19 - INFO - root: Best param found at split 2: l2reg = 0.0001                 with score 83.25
22-11-08 08:59:30 - INFO - root: Best param found at split 3: l2reg = 0.01                 with score 83.34
22-11-08 08:59:41 - INFO - root: Best param found at split 4: l2reg = 0.0001                 with score 83.08
22-11-08 08:59:52 - INFO - root: Best param found at split 5: l2reg = 1e-05                 with score 83.15
22-11-08 08:59:52 - INFO - root: Generating sentence embeddings
22-11-08 08:59:59 - INFO - root: Generated sentence embeddings
22-11-08 08:59:59 - INFO - root: Training pytorch-MLP-nhid0-rmsprop-bs128 with (inner) 5-fold cross-validation
22-11-08 09:00:21 - INFO - root: Best param found at split 1: l2reg = 0.01                 with score 90.41
22-11-08 09:00:49 - INFO - root: Best param found at split 2: l2reg = 0.001                 with score 90.56
22-11-08 09:01:14 - INFO - root: Best param found at split 3: l2reg = 0.01                 with score 90.64
22-11-08 09:01:42 - INFO - root: Best param found at split 4: l2reg = 0.01                 with score 90.86
22-11-08 09:02:08 - INFO - root: Best param found at split 5: l2reg = 0.0001                 with score 90.44
22-11-08 09:02:10 - INFO - root: Generating sentence embeddings
22-11-08 09:02:14 - INFO - root: Generated sentence embeddings
22-11-08 09:02:14 - INFO - root: Training pytorch-MLP-nhid0-rmsprop-bs128 with (inner) 5-fold cross-validation
22-11-08 09:02:41 - INFO - root: Best param found at split 1: l2reg = 1e-05                 with score 87.61
22-11-08 09:03:11 - INFO - root: Best param found at split 2: l2reg = 0.0001                 with score 86.87
22-11-08 09:03:42 - INFO - root: Best param found at split 3: l2reg = 0.01                 with score 87.19
22-11-08 09:04:14 - INFO - root: Best param found at split 4: l2reg = 0.001                 with score 87.94
22-11-08 09:04:43 - INFO - root: Best param found at split 5: l2reg = 0.01                 with score 87.13
22-11-08 09:04:45 - INFO - root: Computing embedding for train
22-11-08 09:04:50 - INFO - root: Computed train embeddings
22-11-08 09:04:50 - INFO - root: Computing embedding for dev
22-11-08 09:04:51 - INFO - root: Computed dev embeddings
22-11-08 09:04:51 - INFO - root: Computing embedding for test
22-11-08 09:04:52 - INFO - root: Computed test embeddings
22-11-08 09:04:52 - INFO - root: Training pytorch-MLP-nhid0-rmsprop-bs128 with standard validation..
22-11-08 09:04:58 - INFO - root: [('reg:1e-05', 37.97), ('reg:0.0001', 35.51), ('reg:0.001', 40.24), ('reg:0.01', 38.69)]
22-11-08 09:04:58 - INFO - root: Validation : best param found is reg = 0.001 with score             40.24
22-11-08 09:04:58 - INFO - root: Evaluating...
22-11-08 09:05:00 - INFO - root: ***** Transfer task : TREC *****


22-11-08 09:05:02 - INFO - root: Computed train embeddings
22-11-08 09:05:02 - INFO - root: Computed test embeddings
22-11-08 09:05:02 - INFO - root: Training pytorch-MLP-nhid0-rmsprop-bs128 with 5-fold cross-validation
22-11-08 09:05:20 - INFO - root: [('reg:1e-05', 76.28), ('reg:0.0001', 76.14), ('reg:0.001', 76.65), ('reg:0.01', 75.37)]
22-11-08 09:05:20 - INFO - root: Cross-validation : best param found is reg = 0.001             with score 76.65
22-11-08 09:05:20 - INFO - root: Evaluating...
22-11-08 09:05:21 - INFO - root: ***** Transfer task : MRPC *****


22-11-08 09:05:21 - INFO - root: Computing embedding for train
22-11-08 09:05:26 - INFO - root: Computed train embeddings
22-11-08 09:05:26 - INFO - root: Computing embedding for test
22-11-08 09:05:28 - INFO - root: Computed test embeddings
22-11-08 09:05:28 - INFO - root: Training pytorch-MLP-nhid0-rmsprop-bs128 with 5-fold cross-validation
22-11-08 09:05:41 - INFO - root: [('reg:1e-05', 74.46), ('reg:0.0001', 74.44), ('reg:0.001', 74.83), ('reg:0.01', 75.07)]
22-11-08 09:05:41 - INFO - root: Cross-validation : best param found is reg = 0.01             with score 75.07
22-11-08 09:05:41 - INFO - root: Evaluating...
22-11-19 16:29:37 - INFO - sentence_transformers.SentenceTransformer: Load pretrained SentenceTransformer: sentence-transformers/LaBSE
22-11-19 16:29:41 - INFO - sentence_transformers.SentenceTransformer: Use pytorch device: cuda
22-11-19 16:29:41 - INFO - __main__: SBert model sentence-transformers/LaBSE is loaded.
22-11-19 16:29:42 - INFO - __main__: Num of SBert features: 768
