22-11-08 13:39:07 - INFO - sentence_transformers.SentenceTransformer: Load pretrained SentenceTransformer: sentence-transformers/LaBSE
22-11-08 13:39:10 - INFO - sentence_transformers.SentenceTransformer: Use pytorch device: cuda
22-11-08 13:39:10 - INFO - __main__: SBert model sentence-transformers/LaBSE is loaded.
22-11-08 13:39:13 - INFO - __main__: Num of SBert features: 768
22-11-08 13:39:14 - INFO - root: Generating sentence embeddings
22-11-08 13:39:21 - INFO - root: Generated sentence embeddings
22-11-08 13:39:21 - INFO - root: Training pytorch-MLP-nhid0-rmsprop-bs128 with (inner) 5-fold cross-validation
22-11-08 13:39:51 - INFO - root: Best param found at split 1: l2reg = 1e-05                 with score 75.34
22-11-08 13:40:18 - INFO - root: Best param found at split 2: l2reg = 1e-05                 with score 75.13
22-11-08 13:40:46 - INFO - root: Best param found at split 3: l2reg = 0.01                 with score 74.41
22-11-08 13:41:15 - INFO - root: Best param found at split 4: l2reg = 1e-05                 with score 74.16
22-11-08 13:41:40 - INFO - root: Best param found at split 5: l2reg = 0.001                 with score 73.55
22-11-08 13:41:41 - INFO - root: Generating sentence embeddings
22-11-08 13:41:43 - INFO - root: Generated sentence embeddings
22-11-08 13:41:43 - INFO - root: Training pytorch-MLP-nhid0-rmsprop-bs128 with (inner) 5-fold cross-validation
22-11-08 13:41:55 - INFO - root: Best param found at split 1: l2reg = 0.001                 with score 85.33
22-11-08 13:42:07 - INFO - root: Best param found at split 2: l2reg = 0.0001                 with score 85.0
22-11-08 13:42:18 - INFO - root: Best param found at split 3: l2reg = 1e-05                 with score 84.44
22-11-08 13:42:29 - INFO - root: Best param found at split 4: l2reg = 0.001                 with score 84.67
22-11-08 13:42:39 - INFO - root: Best param found at split 5: l2reg = 0.0001                 with score 83.87
22-11-08 13:42:40 - INFO - root: Generating sentence embeddings
22-11-08 13:42:47 - INFO - root: Generated sentence embeddings
22-11-08 13:42:47 - INFO - root: Training pytorch-MLP-nhid0-rmsprop-bs128 with (inner) 5-fold cross-validation
22-11-08 13:43:12 - INFO - root: Best param found at split 1: l2reg = 0.0001                 with score 90.89
22-11-08 13:43:37 - INFO - root: Best param found at split 2: l2reg = 0.01                 with score 91.1
22-11-08 13:44:03 - INFO - root: Best param found at split 3: l2reg = 0.001                 with score 91.2
22-11-08 13:44:32 - INFO - root: Best param found at split 4: l2reg = 0.01                 with score 91.25
22-11-08 13:44:59 - INFO - root: Best param found at split 5: l2reg = 0.01                 with score 91.26
22-11-08 13:45:00 - INFO - root: Generating sentence embeddings
22-11-08 13:45:04 - INFO - root: Generated sentence embeddings
22-11-08 13:45:04 - INFO - root: Training pytorch-MLP-nhid0-rmsprop-bs128 with (inner) 5-fold cross-validation
22-11-08 13:45:32 - INFO - root: Best param found at split 1: l2reg = 0.01                 with score 88.63
22-11-08 13:45:58 - INFO - root: Best param found at split 2: l2reg = 0.001                 with score 87.84
22-11-08 13:46:27 - INFO - root: Best param found at split 3: l2reg = 0.01                 with score 87.8
22-11-08 13:46:54 - INFO - root: Best param found at split 4: l2reg = 0.0001                 with score 87.77
22-11-08 13:47:24 - INFO - root: Best param found at split 5: l2reg = 0.01                 with score 87.61
22-11-08 13:47:26 - INFO - root: Computing embedding for train
22-11-08 13:47:31 - INFO - root: Computed train embeddings
22-11-08 13:47:31 - INFO - root: Computing embedding for dev
22-11-08 13:47:32 - INFO - root: Computed dev embeddings
22-11-08 13:47:32 - INFO - root: Computing embedding for test
22-11-08 13:47:33 - INFO - root: Computed test embeddings
22-11-08 13:47:33 - INFO - root: Training pytorch-MLP-nhid0-rmsprop-bs128 with standard validation..
22-11-08 13:47:40 - INFO - root: [('reg:1e-05', 37.24), ('reg:0.0001', 42.14), ('reg:0.001', 38.69), ('reg:0.01', 35.51)]
22-11-08 13:47:40 - INFO - root: Validation : best param found is reg = 0.0001 with score             42.14
22-11-08 13:47:40 - INFO - root: Evaluating...
22-11-08 13:47:41 - INFO - root: ***** Transfer task : TREC *****


22-11-08 13:47:43 - INFO - root: Computed train embeddings
22-11-08 13:47:44 - INFO - root: Computed test embeddings
22-11-08 13:47:44 - INFO - root: Training pytorch-MLP-nhid0-rmsprop-bs128 with 5-fold cross-validation
22-11-08 13:47:58 - INFO - root: [('reg:1e-05', 80.34), ('reg:0.0001', 80.08), ('reg:0.001', 79.07), ('reg:0.01', 72.41)]
22-11-08 13:47:58 - INFO - root: Cross-validation : best param found is reg = 1e-05             with score 80.34
22-11-08 13:47:58 - INFO - root: Evaluating...
22-11-08 13:47:59 - INFO - root: ***** Transfer task : MRPC *****


22-11-08 13:47:59 - INFO - root: Computing embedding for train
22-11-08 13:48:04 - INFO - root: Computed train embeddings
22-11-08 13:48:04 - INFO - root: Computing embedding for test
22-11-08 13:48:06 - INFO - root: Computed test embeddings
22-11-08 13:48:06 - INFO - root: Training pytorch-MLP-nhid0-rmsprop-bs128 with 5-fold cross-validation
22-11-08 13:48:20 - INFO - root: [('reg:1e-05', 74.12), ('reg:0.0001', 74.14), ('reg:0.001', 74.36), ('reg:0.01', 74.36)]
22-11-08 13:48:20 - INFO - root: Cross-validation : best param found is reg = 0.001             with score 74.36
22-11-08 13:48:20 - INFO - root: Evaluating...
22-11-19 18:24:51 - INFO - sentence_transformers.SentenceTransformer: Load pretrained SentenceTransformer: sentence-transformers/LaBSE
22-11-19 18:24:55 - INFO - sentence_transformers.SentenceTransformer: Use pytorch device: cuda
22-11-19 18:24:55 - INFO - __main__: SBert model sentence-transformers/LaBSE is loaded.
22-11-19 18:24:57 - INFO - __main__: Num of SBert features: 768
