22-11-08 00:37:18 - INFO - sentence_transformers.SentenceTransformer: Load pretrained SentenceTransformer: sentence-transformers/LaBSE
22-11-08 00:37:21 - INFO - sentence_transformers.SentenceTransformer: Use pytorch device: cuda
22-11-08 00:37:21 - INFO - __main__: SBert model sentence-transformers/LaBSE is loaded.
22-11-08 00:37:24 - INFO - __main__: Num of SBert features: 768
22-11-08 00:37:24 - INFO - root: Generating sentence embeddings
22-11-08 00:37:31 - INFO - root: Generated sentence embeddings
22-11-08 00:37:31 - INFO - root: Training pytorch-MLP-nhid0-rmsprop-bs128 with (inner) 5-fold cross-validation
22-11-08 00:38:02 - INFO - root: Best param found at split 1: l2reg = 0.0001                 with score 73.78
22-11-08 00:38:37 - INFO - root: Best param found at split 2: l2reg = 0.01                 with score 74.36
22-11-08 00:39:05 - INFO - root: Best param found at split 3: l2reg = 0.01                 with score 74.37
22-11-08 00:39:39 - INFO - root: Best param found at split 4: l2reg = 1e-05                 with score 74.53
22-11-08 00:40:07 - INFO - root: Best param found at split 5: l2reg = 0.01                 with score 74.2
22-11-08 00:40:08 - INFO - root: Generating sentence embeddings
22-11-08 00:40:11 - INFO - root: Generated sentence embeddings
22-11-08 00:40:11 - INFO - root: Training pytorch-MLP-nhid0-rmsprop-bs128 with (inner) 5-fold cross-validation
22-11-08 00:40:21 - INFO - root: Best param found at split 1: l2reg = 1e-05                 with score 82.68
22-11-08 00:40:32 - INFO - root: Best param found at split 2: l2reg = 0.001                 with score 82.35
22-11-08 00:40:43 - INFO - root: Best param found at split 3: l2reg = 0.001                 with score 82.38
22-11-08 00:40:53 - INFO - root: Best param found at split 4: l2reg = 0.001                 with score 81.95
22-11-08 00:41:05 - INFO - root: Best param found at split 5: l2reg = 0.01                 with score 81.72
22-11-08 00:41:06 - INFO - root: Generating sentence embeddings
22-11-08 00:41:13 - INFO - root: Generated sentence embeddings
22-11-08 00:41:13 - INFO - root: Training pytorch-MLP-nhid0-rmsprop-bs128 with (inner) 5-fold cross-validation
22-11-08 00:41:38 - INFO - root: Best param found at split 1: l2reg = 0.01                 with score 89.55
22-11-08 00:42:06 - INFO - root: Best param found at split 2: l2reg = 0.001                 with score 90.2
22-11-08 00:42:34 - INFO - root: Best param found at split 3: l2reg = 0.01                 with score 90.14
22-11-08 00:43:02 - INFO - root: Best param found at split 4: l2reg = 0.001                 with score 89.68
22-11-08 00:43:31 - INFO - root: Best param found at split 5: l2reg = 0.001                 with score 89.57
22-11-08 00:43:33 - INFO - root: Generating sentence embeddings
22-11-08 00:43:36 - INFO - root: Generated sentence embeddings
22-11-08 00:43:36 - INFO - root: Training pytorch-MLP-nhid0-rmsprop-bs128 with (inner) 5-fold cross-validation
22-11-08 00:44:00 - INFO - root: Best param found at split 1: l2reg = 0.0001                 with score 86.82
22-11-08 00:44:27 - INFO - root: Best param found at split 2: l2reg = 0.01                 with score 86.69
22-11-08 00:44:54 - INFO - root: Best param found at split 3: l2reg = 0.01                 with score 86.54
22-11-08 00:45:23 - INFO - root: Best param found at split 4: l2reg = 1e-05                 with score 86.88
22-11-08 00:45:52 - INFO - root: Best param found at split 5: l2reg = 0.01                 with score 86.55
22-11-08 00:45:53 - INFO - root: Computing embedding for train
22-11-08 00:45:58 - INFO - root: Computed train embeddings
22-11-08 00:45:58 - INFO - root: Computing embedding for dev
22-11-08 00:45:59 - INFO - root: Computed dev embeddings
22-11-08 00:45:59 - INFO - root: Computing embedding for test
22-11-08 00:46:00 - INFO - root: Computed test embeddings
22-11-08 00:46:00 - INFO - root: Training pytorch-MLP-nhid0-rmsprop-bs128 with standard validation..
22-11-08 00:46:07 - INFO - root: [('reg:1e-05', 39.87), ('reg:0.0001', 39.24), ('reg:0.001', 39.33), ('reg:0.01', 37.51)]
22-11-08 00:46:07 - INFO - root: Validation : best param found is reg = 1e-05 with score             39.87
22-11-08 00:46:07 - INFO - root: Evaluating...
22-11-08 00:46:09 - INFO - root: ***** Transfer task : TREC *****


22-11-08 00:46:11 - INFO - root: Computed train embeddings
22-11-08 00:46:11 - INFO - root: Computed test embeddings
22-11-08 00:46:11 - INFO - root: Training pytorch-MLP-nhid0-rmsprop-bs128 with 5-fold cross-validation
22-11-08 00:46:29 - INFO - root: [('reg:1e-05', 73.04), ('reg:0.0001', 73.0), ('reg:0.001', 73.11), ('reg:0.01', 71.85)]
22-11-08 00:46:29 - INFO - root: Cross-validation : best param found is reg = 0.001             with score 73.11
22-11-08 00:46:29 - INFO - root: Evaluating...
22-11-08 00:46:31 - INFO - root: ***** Transfer task : MRPC *****


22-11-08 00:46:31 - INFO - root: Computing embedding for train
22-11-08 00:46:36 - INFO - root: Computed train embeddings
22-11-08 00:46:36 - INFO - root: Computing embedding for test
22-11-08 00:46:38 - INFO - root: Computed test embeddings
22-11-08 00:46:38 - INFO - root: Training pytorch-MLP-nhid0-rmsprop-bs128 with 5-fold cross-validation
22-11-08 00:46:50 - INFO - root: [('reg:1e-05', 72.89), ('reg:0.0001', 72.84), ('reg:0.001', 73.23), ('reg:0.01', 72.45)]
22-11-08 00:46:50 - INFO - root: Cross-validation : best param found is reg = 0.001             with score 73.23
22-11-08 00:46:50 - INFO - root: Evaluating...
22-11-19 12:58:22 - INFO - sentence_transformers.SentenceTransformer: Load pretrained SentenceTransformer: sentence-transformers/LaBSE
22-11-19 12:58:26 - INFO - sentence_transformers.SentenceTransformer: Use pytorch device: cuda
22-11-19 12:58:26 - INFO - __main__: SBert model sentence-transformers/LaBSE is loaded.
22-11-19 12:58:27 - INFO - __main__: Num of SBert features: 768
