22-11-08 07:33:24 - INFO - sentence_transformers.SentenceTransformer: Load pretrained SentenceTransformer: sentence-transformers/LaBSE
22-11-08 07:33:28 - INFO - sentence_transformers.SentenceTransformer: Use pytorch device: cuda
22-11-08 07:33:28 - INFO - __main__: SBert model sentence-transformers/LaBSE is loaded.
22-11-08 07:33:30 - INFO - __main__: Num of SBert features: 768
22-11-08 07:33:31 - INFO - root: Generating sentence embeddings
22-11-08 07:33:38 - INFO - root: Generated sentence embeddings
22-11-08 07:33:38 - INFO - root: Training pytorch-MLP-nhid0-rmsprop-bs128 with (inner) 5-fold cross-validation
22-11-08 07:34:05 - INFO - root: Best param found at split 1: l2reg = 1e-05                 with score 73.29
22-11-08 07:34:29 - INFO - root: Best param found at split 2: l2reg = 0.01                 with score 73.76
22-11-08 07:35:00 - INFO - root: Best param found at split 3: l2reg = 1e-05                 with score 73.27
22-11-08 07:35:29 - INFO - root: Best param found at split 4: l2reg = 1e-05                 with score 73.18
22-11-08 07:36:00 - INFO - root: Best param found at split 5: l2reg = 1e-05                 with score 74.22
22-11-08 07:36:02 - INFO - root: Generating sentence embeddings
22-11-08 07:36:04 - INFO - root: Generated sentence embeddings
22-11-08 07:36:04 - INFO - root: Training pytorch-MLP-nhid0-rmsprop-bs128 with (inner) 5-fold cross-validation
22-11-08 07:36:14 - INFO - root: Best param found at split 1: l2reg = 0.01                 with score 83.51
22-11-08 07:36:25 - INFO - root: Best param found at split 2: l2reg = 0.001                 with score 83.77
22-11-08 07:36:36 - INFO - root: Best param found at split 3: l2reg = 0.0001                 with score 83.84
22-11-08 07:36:48 - INFO - root: Best param found at split 4: l2reg = 1e-05                 with score 83.01
22-11-08 07:37:00 - INFO - root: Best param found at split 5: l2reg = 1e-05                 with score 82.75
22-11-08 07:37:00 - INFO - root: Generating sentence embeddings
22-11-08 07:37:07 - INFO - root: Generated sentence embeddings
22-11-08 07:37:07 - INFO - root: Training pytorch-MLP-nhid0-rmsprop-bs128 with (inner) 5-fold cross-validation
22-11-08 07:37:34 - INFO - root: Best param found at split 1: l2reg = 0.01                 with score 90.39
22-11-08 07:38:04 - INFO - root: Best param found at split 2: l2reg = 0.001                 with score 91.16
22-11-08 07:38:30 - INFO - root: Best param found at split 3: l2reg = 1e-05                 with score 90.31
22-11-08 07:38:56 - INFO - root: Best param found at split 4: l2reg = 0.01                 with score 90.31
22-11-08 07:39:23 - INFO - root: Best param found at split 5: l2reg = 0.001                 with score 90.16
22-11-08 07:39:24 - INFO - root: Generating sentence embeddings
22-11-08 07:39:28 - INFO - root: Generated sentence embeddings
22-11-08 07:39:28 - INFO - root: Training pytorch-MLP-nhid0-rmsprop-bs128 with (inner) 5-fold cross-validation
22-11-08 07:39:44 - INFO - root: Best param found at split 1: l2reg = 0.0001                 with score 87.91
22-11-08 07:40:07 - INFO - root: Best param found at split 2: l2reg = 1e-05                 with score 87.31
22-11-08 07:40:36 - INFO - root: Best param found at split 3: l2reg = 0.01                 with score 87.44
22-11-08 07:41:06 - INFO - root: Best param found at split 4: l2reg = 1e-05                 with score 85.89
22-11-08 07:41:37 - INFO - root: Best param found at split 5: l2reg = 0.001                 with score 86.81
22-11-08 07:41:39 - INFO - root: Computing embedding for train
22-11-08 07:41:45 - INFO - root: Computed train embeddings
22-11-08 07:41:45 - INFO - root: Computing embedding for dev
22-11-08 07:41:45 - INFO - root: Computed dev embeddings
22-11-08 07:41:45 - INFO - root: Computing embedding for test
22-11-08 07:41:47 - INFO - root: Computed test embeddings
22-11-08 07:41:47 - INFO - root: Training pytorch-MLP-nhid0-rmsprop-bs128 with standard validation..
22-11-08 07:41:55 - INFO - root: [('reg:1e-05', 37.24), ('reg:0.0001', 37.97), ('reg:0.001', 39.24), ('reg:0.01', 41.33)]
22-11-08 07:41:55 - INFO - root: Validation : best param found is reg = 0.01 with score             41.33
22-11-08 07:41:55 - INFO - root: Evaluating...
22-11-08 07:41:56 - INFO - root: ***** Transfer task : TREC *****


22-11-08 07:41:59 - INFO - root: Computed train embeddings
22-11-08 07:41:59 - INFO - root: Computed test embeddings
22-11-08 07:41:59 - INFO - root: Training pytorch-MLP-nhid0-rmsprop-bs128 with 5-fold cross-validation
22-11-08 07:42:16 - INFO - root: [('reg:1e-05', 74.63), ('reg:0.0001', 74.87), ('reg:0.001', 74.41), ('reg:0.01', 74.27)]
22-11-08 07:42:16 - INFO - root: Cross-validation : best param found is reg = 0.0001             with score 74.87
22-11-08 07:42:16 - INFO - root: Evaluating...
22-11-08 07:42:17 - INFO - root: ***** Transfer task : MRPC *****


22-11-08 07:42:17 - INFO - root: Computing embedding for train
22-11-08 07:42:22 - INFO - root: Computed train embeddings
22-11-08 07:42:22 - INFO - root: Computing embedding for test
22-11-08 07:42:25 - INFO - root: Computed test embeddings
22-11-08 07:42:25 - INFO - root: Training pytorch-MLP-nhid0-rmsprop-bs128 with 5-fold cross-validation
22-11-08 07:42:38 - INFO - root: [('reg:1e-05', 73.09), ('reg:0.0001', 73.06), ('reg:0.001', 73.14), ('reg:0.01', 73.67)]
22-11-08 07:42:38 - INFO - root: Cross-validation : best param found is reg = 0.01             with score 73.67
22-11-08 07:42:38 - INFO - root: Evaluating...
22-11-19 15:56:06 - INFO - sentence_transformers.SentenceTransformer: Load pretrained SentenceTransformer: sentence-transformers/LaBSE
22-11-19 15:56:10 - INFO - sentence_transformers.SentenceTransformer: Use pytorch device: cuda
22-11-19 15:56:10 - INFO - __main__: SBert model sentence-transformers/LaBSE is loaded.
22-11-19 15:56:12 - INFO - __main__: Num of SBert features: 768
