22-11-08 14:10:34 - INFO - sentence_transformers.SentenceTransformer: Load pretrained SentenceTransformer: sentence-transformers/LaBSE
22-11-08 14:10:37 - INFO - sentence_transformers.SentenceTransformer: Use pytorch device: cuda
22-11-08 14:10:37 - INFO - __main__: SBert model sentence-transformers/LaBSE is loaded.
22-11-08 14:10:40 - INFO - __main__: Num of SBert features: 768
22-11-08 14:10:41 - INFO - root: Generating sentence embeddings
22-11-08 14:10:48 - INFO - root: Generated sentence embeddings
22-11-08 14:10:48 - INFO - root: Training pytorch-MLP-nhid0-rmsprop-bs128 with (inner) 5-fold cross-validation
22-11-08 14:11:17 - INFO - root: Best param found at split 1: l2reg = 0.01                 with score 74.52
22-11-08 14:11:47 - INFO - root: Best param found at split 2: l2reg = 0.0001                 with score 75.12
22-11-08 14:12:17 - INFO - root: Best param found at split 3: l2reg = 0.001                 with score 74.81
22-11-08 14:12:45 - INFO - root: Best param found at split 4: l2reg = 1e-05                 with score 73.51
22-11-08 14:13:13 - INFO - root: Best param found at split 5: l2reg = 0.01                 with score 75.44
22-11-08 14:13:15 - INFO - root: Generating sentence embeddings
22-11-08 14:13:17 - INFO - root: Generated sentence embeddings
22-11-08 14:13:17 - INFO - root: Training pytorch-MLP-nhid0-rmsprop-bs128 with (inner) 5-fold cross-validation
22-11-08 14:13:28 - INFO - root: Best param found at split 1: l2reg = 0.001                 with score 85.1
22-11-08 14:13:38 - INFO - root: Best param found at split 2: l2reg = 0.01                 with score 85.07
22-11-08 14:13:49 - INFO - root: Best param found at split 3: l2reg = 0.001                 with score 84.67
22-11-08 14:14:00 - INFO - root: Best param found at split 4: l2reg = 0.0001                 with score 84.7
22-11-08 14:14:10 - INFO - root: Best param found at split 5: l2reg = 0.001                 with score 83.77
22-11-08 14:14:11 - INFO - root: Generating sentence embeddings
22-11-08 14:14:17 - INFO - root: Generated sentence embeddings
22-11-08 14:14:17 - INFO - root: Training pytorch-MLP-nhid0-rmsprop-bs128 with (inner) 5-fold cross-validation
22-11-08 14:14:45 - INFO - root: Best param found at split 1: l2reg = 0.001                 with score 91.11
22-11-08 14:15:13 - INFO - root: Best param found at split 2: l2reg = 0.01                 with score 91.11
22-11-08 14:15:40 - INFO - root: Best param found at split 3: l2reg = 0.001                 with score 91.39
22-11-08 14:16:11 - INFO - root: Best param found at split 4: l2reg = 0.01                 with score 90.82
22-11-08 14:16:38 - INFO - root: Best param found at split 5: l2reg = 1e-05                 with score 90.81
22-11-08 14:16:40 - INFO - root: Generating sentence embeddings
22-11-08 14:16:43 - INFO - root: Generated sentence embeddings
22-11-08 14:16:43 - INFO - root: Training pytorch-MLP-nhid0-rmsprop-bs128 with (inner) 5-fold cross-validation
22-11-08 14:17:11 - INFO - root: Best param found at split 1: l2reg = 1e-05                 with score 87.98
22-11-08 14:17:41 - INFO - root: Best param found at split 2: l2reg = 0.01                 with score 87.91
22-11-08 14:18:10 - INFO - root: Best param found at split 3: l2reg = 0.01                 with score 87.86
22-11-08 14:18:39 - INFO - root: Best param found at split 4: l2reg = 0.01                 with score 88.31
22-11-08 14:19:08 - INFO - root: Best param found at split 5: l2reg = 0.01                 with score 87.65
22-11-08 14:19:10 - INFO - root: Computing embedding for train
22-11-08 14:19:15 - INFO - root: Computed train embeddings
22-11-08 14:19:15 - INFO - root: Computing embedding for dev
22-11-08 14:19:16 - INFO - root: Computed dev embeddings
22-11-08 14:19:16 - INFO - root: Computing embedding for test
22-11-08 14:19:17 - INFO - root: Computed test embeddings
22-11-08 14:19:17 - INFO - root: Training pytorch-MLP-nhid0-rmsprop-bs128 with standard validation..
22-11-08 14:19:24 - INFO - root: [('reg:1e-05', 39.6), ('reg:0.0001', 39.33), ('reg:0.001', 39.51), ('reg:0.01', 38.6)]
22-11-08 14:19:24 - INFO - root: Validation : best param found is reg = 1e-05 with score             39.6
22-11-08 14:19:24 - INFO - root: Evaluating...
22-11-08 14:19:26 - INFO - root: ***** Transfer task : TREC *****


22-11-08 14:19:28 - INFO - root: Computed train embeddings
22-11-08 14:19:28 - INFO - root: Computed test embeddings
22-11-08 14:19:28 - INFO - root: Training pytorch-MLP-nhid0-rmsprop-bs128 with 5-fold cross-validation
22-11-08 14:19:45 - INFO - root: [('reg:1e-05', 76.16), ('reg:0.0001', 76.82), ('reg:0.001', 77.6), ('reg:0.01', 73.88)]
22-11-08 14:19:45 - INFO - root: Cross-validation : best param found is reg = 0.001             with score 77.6
22-11-08 14:19:45 - INFO - root: Evaluating...
22-11-08 14:19:46 - INFO - root: ***** Transfer task : MRPC *****


22-11-08 14:19:46 - INFO - root: Computing embedding for train
22-11-08 14:19:52 - INFO - root: Computed train embeddings
22-11-08 14:19:52 - INFO - root: Computing embedding for test
22-11-08 14:19:54 - INFO - root: Computed test embeddings
22-11-08 14:19:54 - INFO - root: Training pytorch-MLP-nhid0-rmsprop-bs128 with 5-fold cross-validation
22-11-08 14:20:07 - INFO - root: [('reg:1e-05', 73.43), ('reg:0.0001', 73.94), ('reg:0.001', 72.99), ('reg:0.01', 73.72)]
22-11-08 14:20:07 - INFO - root: Cross-validation : best param found is reg = 0.0001             with score 73.94
22-11-08 14:20:07 - INFO - root: Evaluating...
22-11-19 18:37:46 - INFO - sentence_transformers.SentenceTransformer: Load pretrained SentenceTransformer: sentence-transformers/LaBSE
22-11-19 18:37:50 - INFO - sentence_transformers.SentenceTransformer: Use pytorch device: cuda
22-11-19 18:37:50 - INFO - __main__: SBert model sentence-transformers/LaBSE is loaded.
22-11-19 18:37:51 - INFO - __main__: Num of SBert features: 768
