22-11-07 21:50:34 - INFO - sentence_transformers.SentenceTransformer: Load pretrained SentenceTransformer: sentence-transformers/LaBSE
22-11-07 21:50:37 - INFO - sentence_transformers.SentenceTransformer: Use pytorch device: cuda
22-11-07 21:50:37 - INFO - __main__: SBert model sentence-transformers/LaBSE is loaded.
22-11-07 21:50:39 - INFO - __main__: Num of SBert features: 768
22-11-07 21:50:40 - INFO - root: Generating sentence embeddings
22-11-07 21:50:47 - INFO - root: Generated sentence embeddings
22-11-07 21:50:47 - INFO - root: Training pytorch-MLP-nhid0-rmsprop-bs128 with (inner) 5-fold cross-validation
22-11-07 21:51:14 - INFO - root: Best param found at split 1: l2reg = 0.001                 with score 72.88
22-11-07 21:51:43 - INFO - root: Best param found at split 2: l2reg = 0.01                 with score 72.35
22-11-07 21:52:11 - INFO - root: Best param found at split 3: l2reg = 0.0001                 with score 73.0
22-11-07 21:52:41 - INFO - root: Best param found at split 4: l2reg = 0.001                 with score 72.59
22-11-07 21:53:10 - INFO - root: Best param found at split 5: l2reg = 0.01                 with score 73.58
22-11-07 21:53:11 - INFO - root: Generating sentence embeddings
22-11-07 21:53:13 - INFO - root: Generated sentence embeddings
22-11-07 21:53:13 - INFO - root: Training pytorch-MLP-nhid0-rmsprop-bs128 with (inner) 5-fold cross-validation
22-11-07 21:53:24 - INFO - root: Best param found at split 1: l2reg = 1e-05                 with score 80.96
22-11-07 21:53:35 - INFO - root: Best param found at split 2: l2reg = 1e-05                 with score 81.29
22-11-07 21:53:46 - INFO - root: Best param found at split 3: l2reg = 1e-05                 with score 81.13
22-11-07 21:53:57 - INFO - root: Best param found at split 4: l2reg = 0.01                 with score 80.0
22-11-07 21:54:08 - INFO - root: Best param found at split 5: l2reg = 1e-05                 with score 80.07
22-11-07 21:54:09 - INFO - root: Generating sentence embeddings
22-11-07 21:54:15 - INFO - root: Generated sentence embeddings
22-11-07 21:54:15 - INFO - root: Training pytorch-MLP-nhid0-rmsprop-bs128 with (inner) 5-fold cross-validation
22-11-07 21:54:40 - INFO - root: Best param found at split 1: l2reg = 0.01                 with score 89.44
22-11-07 21:55:06 - INFO - root: Best param found at split 2: l2reg = 1e-05                 with score 89.71
22-11-07 21:55:33 - INFO - root: Best param found at split 3: l2reg = 0.01                 with score 89.29
22-11-07 21:55:58 - INFO - root: Best param found at split 4: l2reg = 0.001                 with score 89.01
22-11-07 21:56:26 - INFO - root: Best param found at split 5: l2reg = 0.01                 with score 88.8
22-11-07 21:56:27 - INFO - root: Generating sentence embeddings
22-11-07 21:56:31 - INFO - root: Generated sentence embeddings
22-11-07 21:56:31 - INFO - root: Training pytorch-MLP-nhid0-rmsprop-bs128 with (inner) 5-fold cross-validation
22-11-07 21:56:55 - INFO - root: Best param found at split 1: l2reg = 0.01                 with score 85.27
22-11-07 21:57:24 - INFO - root: Best param found at split 2: l2reg = 0.0001                 with score 85.61
22-11-07 21:57:59 - INFO - root: Best param found at split 3: l2reg = 0.01                 with score 86.23
22-11-07 21:58:30 - INFO - root: Best param found at split 4: l2reg = 1e-05                 with score 85.36
22-11-07 21:58:57 - INFO - root: Best param found at split 5: l2reg = 0.0001                 with score 85.59
22-11-07 21:58:59 - INFO - root: Computing embedding for train
22-11-07 21:59:04 - INFO - root: Computed train embeddings
22-11-07 21:59:04 - INFO - root: Computing embedding for dev
22-11-07 21:59:05 - INFO - root: Computed dev embeddings
22-11-07 21:59:05 - INFO - root: Computing embedding for test
22-11-07 21:59:06 - INFO - root: Computed test embeddings
22-11-07 21:59:06 - INFO - root: Training pytorch-MLP-nhid0-rmsprop-bs128 with standard validation..
22-11-07 21:59:14 - INFO - root: [('reg:1e-05', 38.15), ('reg:0.0001', 38.15), ('reg:0.001', 37.97), ('reg:0.01', 38.51)]
22-11-07 21:59:14 - INFO - root: Validation : best param found is reg = 0.01 with score             38.51
22-11-07 21:59:14 - INFO - root: Evaluating...
22-11-07 21:59:16 - INFO - root: ***** Transfer task : TREC *****


22-11-07 21:59:19 - INFO - root: Computed train embeddings
22-11-07 21:59:19 - INFO - root: Computed test embeddings
22-11-07 21:59:19 - INFO - root: Training pytorch-MLP-nhid0-rmsprop-bs128 with 5-fold cross-validation
22-11-07 21:59:39 - INFO - root: [('reg:1e-05', 71.18), ('reg:0.0001', 71.17), ('reg:0.001', 70.34), ('reg:0.01', 69.68)]
22-11-07 21:59:39 - INFO - root: Cross-validation : best param found is reg = 1e-05             with score 71.18
22-11-07 21:59:39 - INFO - root: Evaluating...
22-11-07 21:59:40 - INFO - root: ***** Transfer task : MRPC *****


22-11-07 21:59:40 - INFO - root: Computing embedding for train
22-11-07 21:59:46 - INFO - root: Computed train embeddings
22-11-07 21:59:46 - INFO - root: Computing embedding for test
22-11-07 21:59:48 - INFO - root: Computed test embeddings
22-11-07 21:59:48 - INFO - root: Training pytorch-MLP-nhid0-rmsprop-bs128 with 5-fold cross-validation
22-11-07 22:00:03 - INFO - root: [('reg:1e-05', 72.2), ('reg:0.0001', 72.15), ('reg:0.001', 71.91), ('reg:0.01', 72.2)]
22-11-07 22:00:03 - INFO - root: Cross-validation : best param found is reg = 1e-05             with score 72.2
22-11-07 22:00:03 - INFO - root: Evaluating...
22-11-19 11:48:26 - INFO - sentence_transformers.SentenceTransformer: Load pretrained SentenceTransformer: sentence-transformers/LaBSE
22-11-19 11:48:30 - INFO - sentence_transformers.SentenceTransformer: Use pytorch device: cuda
22-11-19 11:48:30 - INFO - __main__: SBert model sentence-transformers/LaBSE is loaded.
22-11-19 11:48:32 - INFO - __main__: Num of SBert features: 768
