22-11-08 11:31:33 - INFO - sentence_transformers.SentenceTransformer: Load pretrained SentenceTransformer: sentence-transformers/LaBSE
22-11-08 11:31:37 - INFO - sentence_transformers.SentenceTransformer: Use pytorch device: cuda
22-11-08 11:31:37 - INFO - __main__: SBert model sentence-transformers/LaBSE is loaded.
22-11-08 11:31:39 - INFO - __main__: Num of SBert features: 768
22-11-08 11:31:40 - INFO - root: Generating sentence embeddings
22-11-08 11:31:46 - INFO - root: Generated sentence embeddings
22-11-08 11:31:46 - INFO - root: Training pytorch-MLP-nhid0-rmsprop-bs128 with (inner) 5-fold cross-validation
22-11-08 11:32:10 - INFO - root: Best param found at split 1: l2reg = 0.001                 with score 74.4
22-11-08 11:32:36 - INFO - root: Best param found at split 2: l2reg = 0.001                 with score 74.69
22-11-08 11:33:09 - INFO - root: Best param found at split 3: l2reg = 0.0001                 with score 75.28
22-11-08 11:33:38 - INFO - root: Best param found at split 4: l2reg = 0.001                 with score 74.22
22-11-08 11:34:07 - INFO - root: Best param found at split 5: l2reg = 0.01                 with score 73.72
22-11-08 11:34:09 - INFO - root: Generating sentence embeddings
22-11-08 11:34:11 - INFO - root: Generated sentence embeddings
22-11-08 11:34:11 - INFO - root: Training pytorch-MLP-nhid0-rmsprop-bs128 with (inner) 5-fold cross-validation
22-11-08 11:34:21 - INFO - root: Best param found at split 1: l2reg = 1e-05                 with score 84.24
22-11-08 11:34:32 - INFO - root: Best param found at split 2: l2reg = 0.01                 with score 84.77
22-11-08 11:34:42 - INFO - root: Best param found at split 3: l2reg = 1e-05                 with score 83.64
22-11-08 11:34:53 - INFO - root: Best param found at split 4: l2reg = 1e-05                 with score 83.97
22-11-08 11:35:04 - INFO - root: Best param found at split 5: l2reg = 0.01                 with score 83.44
22-11-08 11:35:04 - INFO - root: Generating sentence embeddings
22-11-08 11:35:11 - INFO - root: Generated sentence embeddings
22-11-08 11:35:11 - INFO - root: Training pytorch-MLP-nhid0-rmsprop-bs128 with (inner) 5-fold cross-validation
22-11-08 11:35:36 - INFO - root: Best param found at split 1: l2reg = 0.01                 with score 91.28
22-11-08 11:36:05 - INFO - root: Best param found at split 2: l2reg = 0.001                 with score 91.91
22-11-08 11:36:34 - INFO - root: Best param found at split 3: l2reg = 0.01                 with score 91.84
22-11-08 11:37:03 - INFO - root: Best param found at split 4: l2reg = 0.001                 with score 91.62
22-11-08 11:37:32 - INFO - root: Best param found at split 5: l2reg = 0.01                 with score 91.0
22-11-08 11:37:34 - INFO - root: Generating sentence embeddings
22-11-08 11:37:38 - INFO - root: Generated sentence embeddings
22-11-08 11:37:38 - INFO - root: Training pytorch-MLP-nhid0-rmsprop-bs128 with (inner) 5-fold cross-validation
22-11-08 11:38:05 - INFO - root: Best param found at split 1: l2reg = 0.001                 with score 88.05
22-11-08 11:38:35 - INFO - root: Best param found at split 2: l2reg = 0.0001                 with score 87.32
22-11-08 11:39:03 - INFO - root: Best param found at split 3: l2reg = 1e-05                 with score 87.64
22-11-08 11:39:30 - INFO - root: Best param found at split 4: l2reg = 0.0001                 with score 86.89
22-11-08 11:39:56 - INFO - root: Best param found at split 5: l2reg = 0.001                 with score 87.59
22-11-08 11:39:58 - INFO - root: Computing embedding for train
22-11-08 11:40:03 - INFO - root: Computed train embeddings
22-11-08 11:40:03 - INFO - root: Computing embedding for dev
22-11-08 11:40:04 - INFO - root: Computed dev embeddings
22-11-08 11:40:04 - INFO - root: Computing embedding for test
22-11-08 11:40:05 - INFO - root: Computed test embeddings
22-11-08 11:40:05 - INFO - root: Training pytorch-MLP-nhid0-rmsprop-bs128 with standard validation..
22-11-08 11:40:13 - INFO - root: [('reg:1e-05', 39.24), ('reg:0.0001', 41.14), ('reg:0.001', 36.78), ('reg:0.01', 37.69)]
22-11-08 11:40:13 - INFO - root: Validation : best param found is reg = 0.0001 with score             41.14
22-11-08 11:40:13 - INFO - root: Evaluating...
22-11-08 11:40:15 - INFO - root: ***** Transfer task : TREC *****


22-11-08 11:40:17 - INFO - root: Computed train embeddings
22-11-08 11:40:17 - INFO - root: Computed test embeddings
22-11-08 11:40:17 - INFO - root: Training pytorch-MLP-nhid0-rmsprop-bs128 with 5-fold cross-validation
22-11-08 11:40:34 - INFO - root: [('reg:1e-05', 75.27), ('reg:0.0001', 77.29), ('reg:0.001', 74.21), ('reg:0.01', 74.63)]
22-11-08 11:40:34 - INFO - root: Cross-validation : best param found is reg = 0.0001             with score 77.29
22-11-08 11:40:34 - INFO - root: Evaluating...
22-11-08 11:40:35 - INFO - root: ***** Transfer task : MRPC *****


22-11-08 11:40:35 - INFO - root: Computing embedding for train
22-11-08 11:40:40 - INFO - root: Computed train embeddings
22-11-08 11:40:40 - INFO - root: Computing embedding for test
22-11-08 11:40:42 - INFO - root: Computed test embeddings
22-11-08 11:40:42 - INFO - root: Training pytorch-MLP-nhid0-rmsprop-bs128 with 5-fold cross-validation
22-11-08 11:40:56 - INFO - root: [('reg:1e-05', 73.11), ('reg:0.0001', 73.45), ('reg:0.001', 73.65), ('reg:0.01', 73.38)]
22-11-08 11:40:56 - INFO - root: Cross-validation : best param found is reg = 0.001             with score 73.65
22-11-08 11:40:56 - INFO - root: Evaluating...
22-11-19 17:33:12 - INFO - sentence_transformers.SentenceTransformer: Load pretrained SentenceTransformer: sentence-transformers/LaBSE
22-11-19 17:33:16 - INFO - sentence_transformers.SentenceTransformer: Use pytorch device: cuda
22-11-19 17:33:16 - INFO - __main__: SBert model sentence-transformers/LaBSE is loaded.
22-11-19 17:33:18 - INFO - __main__: Num of SBert features: 768
