22-11-08 21:35:00 - INFO - sentence_transformers.SentenceTransformer: Load pretrained SentenceTransformer: sentence-transformers/LaBSE
22-11-08 21:35:04 - INFO - sentence_transformers.SentenceTransformer: Use pytorch device: cuda
22-11-08 21:35:04 - INFO - __main__: SBert model sentence-transformers/LaBSE is loaded.
22-11-08 21:35:06 - INFO - __main__: Num of SBert features: 768
22-11-08 21:35:07 - INFO - root: Generating sentence embeddings
22-11-08 21:35:14 - INFO - root: Generated sentence embeddings
22-11-08 21:35:14 - INFO - root: Training pytorch-MLP-nhid0-rmsprop-bs128 with (inner) 5-fold cross-validation
22-11-08 21:35:42 - INFO - root: Best param found at split 1: l2reg = 1e-05                 with score 75.13
22-11-08 21:36:09 - INFO - root: Best param found at split 2: l2reg = 0.0001                 with score 76.48
22-11-08 21:36:40 - INFO - root: Best param found at split 3: l2reg = 1e-05                 with score 76.27
22-11-08 21:37:07 - INFO - root: Best param found at split 4: l2reg = 0.001                 with score 74.47
22-11-08 21:37:37 - INFO - root: Best param found at split 5: l2reg = 0.0001                 with score 75.65
22-11-08 21:37:39 - INFO - root: Generating sentence embeddings
22-11-08 21:37:41 - INFO - root: Generated sentence embeddings
22-11-08 21:37:41 - INFO - root: Training pytorch-MLP-nhid0-rmsprop-bs128 with (inner) 5-fold cross-validation
22-11-08 21:37:52 - INFO - root: Best param found at split 1: l2reg = 0.01                 with score 85.66
22-11-08 21:38:03 - INFO - root: Best param found at split 2: l2reg = 0.0001                 with score 85.53
22-11-08 21:38:14 - INFO - root: Best param found at split 3: l2reg = 0.001                 with score 84.87
22-11-08 21:38:25 - INFO - root: Best param found at split 4: l2reg = 1e-05                 with score 84.67
22-11-08 21:38:35 - INFO - root: Best param found at split 5: l2reg = 0.01                 with score 84.5
22-11-08 21:38:36 - INFO - root: Generating sentence embeddings
22-11-08 21:38:43 - INFO - root: Generated sentence embeddings
22-11-08 21:38:43 - INFO - root: Training pytorch-MLP-nhid0-rmsprop-bs128 with (inner) 5-fold cross-validation
22-11-08 21:39:10 - INFO - root: Best param found at split 1: l2reg = 1e-05                 with score 91.8
22-11-08 21:39:37 - INFO - root: Best param found at split 2: l2reg = 1e-05                 with score 92.19
22-11-08 21:40:06 - INFO - root: Best param found at split 3: l2reg = 0.001                 with score 92.14
22-11-08 21:40:36 - INFO - root: Best param found at split 4: l2reg = 0.001                 with score 91.99
22-11-08 21:41:06 - INFO - root: Best param found at split 5: l2reg = 0.01                 with score 91.85
22-11-08 21:41:08 - INFO - root: Generating sentence embeddings
22-11-08 21:41:12 - INFO - root: Generated sentence embeddings
22-11-08 21:41:12 - INFO - root: Training pytorch-MLP-nhid0-rmsprop-bs128 with (inner) 5-fold cross-validation
22-11-08 21:41:32 - INFO - root: Best param found at split 1: l2reg = 1e-05                 with score 89.01
22-11-08 21:41:59 - INFO - root: Best param found at split 2: l2reg = 1e-05                 with score 88.58
22-11-08 21:42:28 - INFO - root: Best param found at split 3: l2reg = 0.01                 with score 88.83
22-11-08 21:42:54 - INFO - root: Best param found at split 4: l2reg = 1e-05                 with score 88.43
22-11-08 21:43:24 - INFO - root: Best param found at split 5: l2reg = 1e-05                 with score 88.36
22-11-08 21:43:26 - INFO - root: Computing embedding for train
22-11-08 21:43:31 - INFO - root: Computed train embeddings
22-11-08 21:43:31 - INFO - root: Computing embedding for dev
22-11-08 21:43:32 - INFO - root: Computed dev embeddings
22-11-08 21:43:32 - INFO - root: Computing embedding for test
22-11-08 21:43:34 - INFO - root: Computed test embeddings
22-11-08 21:43:34 - INFO - root: Training pytorch-MLP-nhid0-rmsprop-bs128 with standard validation..
22-11-08 21:43:41 - INFO - root: [('reg:1e-05', 41.42), ('reg:0.0001', 39.24), ('reg:0.001', 40.96), ('reg:0.01', 39.51)]
22-11-08 21:43:41 - INFO - root: Validation : best param found is reg = 1e-05 with score             41.42
22-11-08 21:43:41 - INFO - root: Evaluating...
22-11-08 21:43:44 - INFO - root: ***** Transfer task : TREC *****


22-11-08 21:43:46 - INFO - root: Computed train embeddings
22-11-08 21:43:46 - INFO - root: Computed test embeddings
22-11-08 21:43:46 - INFO - root: Training pytorch-MLP-nhid0-rmsprop-bs128 with 5-fold cross-validation
22-11-08 21:44:04 - INFO - root: [('reg:1e-05', 77.86), ('reg:0.0001', 77.79), ('reg:0.001', 79.59), ('reg:0.01', 75.74)]
22-11-08 21:44:04 - INFO - root: Cross-validation : best param found is reg = 0.001             with score 79.59
22-11-08 21:44:04 - INFO - root: Evaluating...
22-11-08 21:44:05 - INFO - root: ***** Transfer task : MRPC *****


22-11-08 21:44:05 - INFO - root: Computing embedding for train
22-11-08 21:44:11 - INFO - root: Computed train embeddings
22-11-08 21:44:11 - INFO - root: Computing embedding for test
22-11-08 21:44:13 - INFO - root: Computed test embeddings
22-11-08 21:44:13 - INFO - root: Training pytorch-MLP-nhid0-rmsprop-bs128 with 5-fold cross-validation
22-11-08 21:44:26 - INFO - root: [('reg:1e-05', 73.77), ('reg:0.0001', 74.21), ('reg:0.001', 73.4), ('reg:0.01', 75.2)]
22-11-08 21:44:26 - INFO - root: Cross-validation : best param found is reg = 0.01             with score 75.2
22-11-08 21:44:26 - INFO - root: Evaluating...
