22-11-08 20:24:48 - INFO - sentence_transformers.SentenceTransformer: Load pretrained SentenceTransformer: sentence-transformers/LaBSE
22-11-08 20:24:52 - INFO - sentence_transformers.SentenceTransformer: Use pytorch device: cuda
22-11-08 20:24:52 - INFO - __main__: SBert model sentence-transformers/LaBSE is loaded.
22-11-08 20:24:54 - INFO - __main__: Num of SBert features: 768
22-11-08 20:24:55 - INFO - root: Generating sentence embeddings
22-11-08 20:25:02 - INFO - root: Generated sentence embeddings
22-11-08 20:25:02 - INFO - root: Training pytorch-MLP-nhid0-rmsprop-bs128 with (inner) 5-fold cross-validation
22-11-08 20:25:28 - INFO - root: Best param found at split 1: l2reg = 0.001                 with score 75.48
22-11-08 20:25:55 - INFO - root: Best param found at split 2: l2reg = 0.01                 with score 76.53
22-11-08 20:26:25 - INFO - root: Best param found at split 3: l2reg = 0.001                 with score 76.14
22-11-08 20:26:53 - INFO - root: Best param found at split 4: l2reg = 1e-05                 with score 74.53
22-11-08 20:27:20 - INFO - root: Best param found at split 5: l2reg = 0.001                 with score 75.13
22-11-08 20:27:21 - INFO - root: Generating sentence embeddings
22-11-08 20:27:24 - INFO - root: Generated sentence embeddings
22-11-08 20:27:24 - INFO - root: Training pytorch-MLP-nhid0-rmsprop-bs128 with (inner) 5-fold cross-validation
22-11-08 20:27:34 - INFO - root: Best param found at split 1: l2reg = 0.0001                 with score 85.99
22-11-08 20:27:45 - INFO - root: Best param found at split 2: l2reg = 0.01                 with score 85.6
22-11-08 20:27:57 - INFO - root: Best param found at split 3: l2reg = 0.01                 with score 85.76
22-11-08 20:28:08 - INFO - root: Best param found at split 4: l2reg = 1e-05                 with score 85.23
22-11-08 20:28:19 - INFO - root: Best param found at split 5: l2reg = 1e-05                 with score 85.07
22-11-08 20:28:20 - INFO - root: Generating sentence embeddings
22-11-08 20:28:27 - INFO - root: Generated sentence embeddings
22-11-08 20:28:27 - INFO - root: Training pytorch-MLP-nhid0-rmsprop-bs128 with (inner) 5-fold cross-validation
22-11-08 20:28:51 - INFO - root: Best param found at split 1: l2reg = 0.01                 with score 91.72
22-11-08 20:29:18 - INFO - root: Best param found at split 2: l2reg = 0.01                 with score 92.35
22-11-08 20:29:45 - INFO - root: Best param found at split 3: l2reg = 0.0001                 with score 92.15
22-11-08 20:30:13 - INFO - root: Best param found at split 4: l2reg = 0.01                 with score 92.32
22-11-08 20:30:43 - INFO - root: Best param found at split 5: l2reg = 1e-05                 with score 92.04
22-11-08 20:30:44 - INFO - root: Generating sentence embeddings
22-11-08 20:30:48 - INFO - root: Generated sentence embeddings
22-11-08 20:30:48 - INFO - root: Training pytorch-MLP-nhid0-rmsprop-bs128 with (inner) 5-fold cross-validation
22-11-08 20:31:14 - INFO - root: Best param found at split 1: l2reg = 1e-05                 with score 89.25
22-11-08 20:31:45 - INFO - root: Best param found at split 2: l2reg = 0.01                 with score 88.9
22-11-08 20:32:16 - INFO - root: Best param found at split 3: l2reg = 1e-05                 with score 88.46
22-11-08 20:32:47 - INFO - root: Best param found at split 4: l2reg = 1e-05                 with score 89.09
22-11-08 20:33:15 - INFO - root: Best param found at split 5: l2reg = 0.001                 with score 88.65
22-11-08 20:33:17 - INFO - root: Computing embedding for train
22-11-08 20:33:22 - INFO - root: Computed train embeddings
22-11-08 20:33:22 - INFO - root: Computing embedding for dev
22-11-08 20:33:23 - INFO - root: Computed dev embeddings
22-11-08 20:33:23 - INFO - root: Computing embedding for test
22-11-08 20:33:25 - INFO - root: Computed test embeddings
22-11-08 20:33:25 - INFO - root: Training pytorch-MLP-nhid0-rmsprop-bs128 with standard validation..
22-11-08 20:33:32 - INFO - root: [('reg:1e-05', 40.69), ('reg:0.0001', 38.87), ('reg:0.001', 42.69), ('reg:0.01', 34.79)]
22-11-08 20:33:32 - INFO - root: Validation : best param found is reg = 0.001 with score             42.69
22-11-08 20:33:32 - INFO - root: Evaluating...
22-11-08 20:33:34 - INFO - root: ***** Transfer task : TREC *****


22-11-08 20:33:36 - INFO - root: Computed train embeddings
22-11-08 20:33:37 - INFO - root: Computed test embeddings
22-11-08 20:33:37 - INFO - root: Training pytorch-MLP-nhid0-rmsprop-bs128 with 5-fold cross-validation
22-11-08 20:33:55 - INFO - root: [('reg:1e-05', 81.81), ('reg:0.0001', 83.82), ('reg:0.001', 79.84), ('reg:0.01', 76.91)]
22-11-08 20:33:55 - INFO - root: Cross-validation : best param found is reg = 0.0001             with score 83.82
22-11-08 20:33:55 - INFO - root: Evaluating...
22-11-08 20:33:56 - INFO - root: ***** Transfer task : MRPC *****


22-11-08 20:33:56 - INFO - root: Computing embedding for train
22-11-08 20:34:02 - INFO - root: Computed train embeddings
22-11-08 20:34:02 - INFO - root: Computing embedding for test
22-11-08 20:34:04 - INFO - root: Computed test embeddings
22-11-08 20:34:04 - INFO - root: Training pytorch-MLP-nhid0-rmsprop-bs128 with 5-fold cross-validation
22-11-08 20:34:19 - INFO - root: [('reg:1e-05', 73.97), ('reg:0.0001', 73.09), ('reg:0.001', 73.75), ('reg:0.01', 75.24)]
22-11-08 20:34:19 - INFO - root: Cross-validation : best param found is reg = 0.01             with score 75.24
22-11-08 20:34:19 - INFO - root: Evaluating...
22-11-19 21:09:00 - INFO - sentence_transformers.SentenceTransformer: Load pretrained SentenceTransformer: sentence-transformers/LaBSE
22-11-19 21:09:03 - INFO - sentence_transformers.SentenceTransformer: Use pytorch device: cuda
22-11-19 21:09:03 - INFO - __main__: SBert model sentence-transformers/LaBSE is loaded.
22-11-19 21:09:05 - INFO - __main__: Num of SBert features: 768
