22-11-08 10:27:52 - INFO - sentence_transformers.SentenceTransformer: Load pretrained SentenceTransformer: sentence-transformers/LaBSE
22-11-08 10:27:55 - INFO - sentence_transformers.SentenceTransformer: Use pytorch device: cuda
22-11-08 10:27:55 - INFO - __main__: SBert model sentence-transformers/LaBSE is loaded.
22-11-08 10:27:58 - INFO - __main__: Num of SBert features: 768
22-11-08 10:27:59 - INFO - root: Generating sentence embeddings
22-11-08 10:28:06 - INFO - root: Generated sentence embeddings
22-11-08 10:28:06 - INFO - root: Training pytorch-MLP-nhid0-rmsprop-bs128 with (inner) 5-fold cross-validation
22-11-08 10:28:27 - INFO - root: Best param found at split 1: l2reg = 1e-05                 with score 74.19
22-11-08 10:28:51 - INFO - root: Best param found at split 2: l2reg = 0.01                 with score 74.48
22-11-08 10:29:18 - INFO - root: Best param found at split 3: l2reg = 1e-05                 with score 74.72
22-11-08 10:29:46 - INFO - root: Best param found at split 4: l2reg = 0.01                 with score 74.45
22-11-08 10:30:13 - INFO - root: Best param found at split 5: l2reg = 0.0001                 with score 75.02
22-11-08 10:30:15 - INFO - root: Generating sentence embeddings
22-11-08 10:30:17 - INFO - root: Generated sentence embeddings
22-11-08 10:30:17 - INFO - root: Training pytorch-MLP-nhid0-rmsprop-bs128 with (inner) 5-fold cross-validation
22-11-08 10:30:27 - INFO - root: Best param found at split 1: l2reg = 0.01                 with score 84.57
22-11-08 10:30:38 - INFO - root: Best param found at split 2: l2reg = 1e-05                 with score 84.6
22-11-08 10:30:49 - INFO - root: Best param found at split 3: l2reg = 0.001                 with score 83.64
22-11-08 10:31:01 - INFO - root: Best param found at split 4: l2reg = 0.0001                 with score 83.91
22-11-08 10:31:12 - INFO - root: Best param found at split 5: l2reg = 0.0001                 with score 82.52
22-11-08 10:31:12 - INFO - root: Generating sentence embeddings
22-11-08 10:31:19 - INFO - root: Generated sentence embeddings
22-11-08 10:31:19 - INFO - root: Training pytorch-MLP-nhid0-rmsprop-bs128 with (inner) 5-fold cross-validation
22-11-08 10:31:45 - INFO - root: Best param found at split 1: l2reg = 0.0001                 with score 90.99
22-11-08 10:32:13 - INFO - root: Best param found at split 2: l2reg = 0.01                 with score 91.58
22-11-08 10:32:42 - INFO - root: Best param found at split 3: l2reg = 0.01                 with score 91.25
22-11-08 10:33:09 - INFO - root: Best param found at split 4: l2reg = 0.01                 with score 91.22
22-11-08 10:33:31 - INFO - root: Best param found at split 5: l2reg = 0.0001                 with score 91.19
22-11-08 10:33:32 - INFO - root: Generating sentence embeddings
22-11-08 10:33:36 - INFO - root: Generated sentence embeddings
22-11-08 10:33:36 - INFO - root: Training pytorch-MLP-nhid0-rmsprop-bs128 with (inner) 5-fold cross-validation
22-11-08 10:34:01 - INFO - root: Best param found at split 1: l2reg = 0.001                 with score 87.59
22-11-08 10:34:31 - INFO - root: Best param found at split 2: l2reg = 1e-05                 with score 87.58
22-11-08 10:35:00 - INFO - root: Best param found at split 3: l2reg = 0.001                 with score 87.84
22-11-08 10:35:27 - INFO - root: Best param found at split 4: l2reg = 0.01                 with score 88.04
22-11-08 10:35:59 - INFO - root: Best param found at split 5: l2reg = 0.001                 with score 87.72
22-11-08 10:36:01 - INFO - root: Computing embedding for train
22-11-08 10:36:07 - INFO - root: Computed train embeddings
22-11-08 10:36:07 - INFO - root: Computing embedding for dev
22-11-08 10:36:07 - INFO - root: Computed dev embeddings
22-11-08 10:36:07 - INFO - root: Computing embedding for test
22-11-08 10:36:09 - INFO - root: Computed test embeddings
22-11-08 10:36:09 - INFO - root: Training pytorch-MLP-nhid0-rmsprop-bs128 with standard validation..
22-11-08 10:36:15 - INFO - root: [('reg:1e-05', 37.78), ('reg:0.0001', 37.42), ('reg:0.001', 38.24), ('reg:0.01', 35.42)]
22-11-08 10:36:15 - INFO - root: Validation : best param found is reg = 0.001 with score             38.24
22-11-08 10:36:15 - INFO - root: Evaluating...
22-11-08 10:36:17 - INFO - root: ***** Transfer task : TREC *****


22-11-08 10:36:20 - INFO - root: Computed train embeddings
22-11-08 10:36:20 - INFO - root: Computed test embeddings
22-11-08 10:36:20 - INFO - root: Training pytorch-MLP-nhid0-rmsprop-bs128 with 5-fold cross-validation
22-11-08 10:36:37 - INFO - root: [('reg:1e-05', 78.81), ('reg:0.0001', 78.81), ('reg:0.001', 78.37), ('reg:0.01', 72.12)]
22-11-08 10:36:37 - INFO - root: Cross-validation : best param found is reg = 1e-05             with score 78.81
22-11-08 10:36:37 - INFO - root: Evaluating...
22-11-08 10:36:39 - INFO - root: ***** Transfer task : MRPC *****


22-11-08 10:36:39 - INFO - root: Computing embedding for train
22-11-08 10:36:44 - INFO - root: Computed train embeddings
22-11-08 10:36:44 - INFO - root: Computing embedding for test
22-11-08 10:36:46 - INFO - root: Computed test embeddings
22-11-08 10:36:46 - INFO - root: Training pytorch-MLP-nhid0-rmsprop-bs128 with 5-fold cross-validation
22-11-08 10:36:58 - INFO - root: [('reg:1e-05', 74.56), ('reg:0.0001', 73.97), ('reg:0.001', 74.39), ('reg:0.01', 74.53)]
22-11-08 10:36:58 - INFO - root: Cross-validation : best param found is reg = 1e-05             with score 74.56
22-11-08 10:36:58 - INFO - root: Evaluating...
22-11-19 17:07:36 - INFO - sentence_transformers.SentenceTransformer: Load pretrained SentenceTransformer: sentence-transformers/LaBSE
22-11-19 17:07:40 - INFO - sentence_transformers.SentenceTransformer: Use pytorch device: cuda
22-11-19 17:07:40 - INFO - __main__: SBert model sentence-transformers/LaBSE is loaded.
22-11-19 17:07:42 - INFO - __main__: Num of SBert features: 768
