22-11-08 18:41:56 - INFO - sentence_transformers.SentenceTransformer: Load pretrained SentenceTransformer: sentence-transformers/LaBSE
22-11-08 18:42:00 - INFO - sentence_transformers.SentenceTransformer: Use pytorch device: cuda
22-11-08 18:42:00 - INFO - __main__: SBert model sentence-transformers/LaBSE is loaded.
22-11-08 18:42:02 - INFO - __main__: Num of SBert features: 768
22-11-08 18:42:03 - INFO - root: Generating sentence embeddings
22-11-08 18:42:10 - INFO - root: Generated sentence embeddings
22-11-08 18:42:10 - INFO - root: Training pytorch-MLP-nhid0-rmsprop-bs128 with (inner) 5-fold cross-validation
22-11-08 18:42:37 - INFO - root: Best param found at split 1: l2reg = 0.001                 with score 75.77
22-11-08 18:43:05 - INFO - root: Best param found at split 2: l2reg = 0.01                 with score 75.28
22-11-08 18:43:35 - INFO - root: Best param found at split 3: l2reg = 0.001                 with score 76.74
22-11-08 18:44:02 - INFO - root: Best param found at split 4: l2reg = 0.001                 with score 73.67
22-11-08 18:44:32 - INFO - root: Best param found at split 5: l2reg = 0.001                 with score 75.63
22-11-08 18:44:34 - INFO - root: Generating sentence embeddings
22-11-08 18:44:36 - INFO - root: Generated sentence embeddings
22-11-08 18:44:36 - INFO - root: Training pytorch-MLP-nhid0-rmsprop-bs128 with (inner) 5-fold cross-validation
22-11-08 18:44:47 - INFO - root: Best param found at split 1: l2reg = 1e-05                 with score 85.4
22-11-08 18:44:58 - INFO - root: Best param found at split 2: l2reg = 1e-05                 with score 85.0
22-11-08 18:45:08 - INFO - root: Best param found at split 3: l2reg = 0.001                 with score 84.01
22-11-08 18:45:20 - INFO - root: Best param found at split 4: l2reg = 0.001                 with score 83.97
22-11-08 18:45:31 - INFO - root: Best param found at split 5: l2reg = 0.0001                 with score 84.74
22-11-08 18:45:32 - INFO - root: Generating sentence embeddings
22-11-08 18:45:39 - INFO - root: Generated sentence embeddings
22-11-08 18:45:39 - INFO - root: Training pytorch-MLP-nhid0-rmsprop-bs128 with (inner) 5-fold cross-validation
22-11-08 18:46:06 - INFO - root: Best param found at split 1: l2reg = 0.0001                 with score 91.24
22-11-08 18:46:34 - INFO - root: Best param found at split 2: l2reg = 0.01                 with score 91.72
22-11-08 18:47:02 - INFO - root: Best param found at split 3: l2reg = 0.01                 with score 91.61
22-11-08 18:47:29 - INFO - root: Best param found at split 4: l2reg = 0.01                 with score 91.54
22-11-08 18:47:59 - INFO - root: Best param found at split 5: l2reg = 0.01                 with score 91.52
22-11-08 18:48:01 - INFO - root: Generating sentence embeddings
22-11-08 18:48:04 - INFO - root: Generated sentence embeddings
22-11-08 18:48:04 - INFO - root: Training pytorch-MLP-nhid0-rmsprop-bs128 with (inner) 5-fold cross-validation
22-11-08 18:48:30 - INFO - root: Best param found at split 1: l2reg = 0.001                 with score 88.98
22-11-08 18:49:01 - INFO - root: Best param found at split 2: l2reg = 0.001                 with score 87.8
22-11-08 18:49:32 - INFO - root: Best param found at split 3: l2reg = 1e-05                 with score 86.79
22-11-08 18:50:01 - INFO - root: Best param found at split 4: l2reg = 1e-05                 with score 88.16
22-11-08 18:50:31 - INFO - root: Best param found at split 5: l2reg = 0.0001                 with score 88.14
22-11-08 18:50:32 - INFO - root: Computing embedding for train
22-11-08 18:50:37 - INFO - root: Computed train embeddings
22-11-08 18:50:37 - INFO - root: Computing embedding for dev
22-11-08 18:50:38 - INFO - root: Computed dev embeddings
22-11-08 18:50:38 - INFO - root: Computing embedding for test
22-11-08 18:50:39 - INFO - root: Computed test embeddings
22-11-08 18:50:39 - INFO - root: Training pytorch-MLP-nhid0-rmsprop-bs128 with standard validation..
22-11-08 18:50:47 - INFO - root: [('reg:1e-05', 38.24), ('reg:0.0001', 38.6), ('reg:0.001', 38.24), ('reg:0.01', 35.6)]
22-11-08 18:50:47 - INFO - root: Validation : best param found is reg = 0.0001 with score             38.6
22-11-08 18:50:47 - INFO - root: Evaluating...
22-11-08 18:50:49 - INFO - root: ***** Transfer task : TREC *****


22-11-08 18:50:51 - INFO - root: Computed train embeddings
22-11-08 18:50:52 - INFO - root: Computed test embeddings
22-11-08 18:50:52 - INFO - root: Training pytorch-MLP-nhid0-rmsprop-bs128 with 5-fold cross-validation
22-11-08 18:51:10 - INFO - root: [('reg:1e-05', 80.92), ('reg:0.0001', 79.93), ('reg:0.001', 80.15), ('reg:0.01', 74.49)]
22-11-08 18:51:10 - INFO - root: Cross-validation : best param found is reg = 1e-05             with score 80.92
22-11-08 18:51:10 - INFO - root: Evaluating...
22-11-08 18:51:11 - INFO - root: ***** Transfer task : MRPC *****


22-11-08 18:51:11 - INFO - root: Computing embedding for train
22-11-08 18:51:17 - INFO - root: Computed train embeddings
22-11-08 18:51:17 - INFO - root: Computing embedding for test
22-11-08 18:51:19 - INFO - root: Computed test embeddings
22-11-08 18:51:19 - INFO - root: Training pytorch-MLP-nhid0-rmsprop-bs128 with 5-fold cross-validation
22-11-08 18:51:32 - INFO - root: [('reg:1e-05', 73.58), ('reg:0.0001', 73.31), ('reg:0.001', 73.58), ('reg:0.01', 74.71)]
22-11-08 18:51:32 - INFO - root: Cross-validation : best param found is reg = 0.01             with score 74.71
22-11-08 18:51:32 - INFO - root: Evaluating...
