22-11-07 23:40:25 - INFO - sentence_transformers.SentenceTransformer: Load pretrained SentenceTransformer: sentence-transformers/LaBSE
22-11-07 23:40:28 - INFO - sentence_transformers.SentenceTransformer: Use pytorch device: cuda
22-11-07 23:40:28 - INFO - __main__: SBert model sentence-transformers/LaBSE is loaded.
22-11-07 23:40:31 - INFO - __main__: Num of SBert features: 768
22-11-07 23:40:32 - INFO - root: Generating sentence embeddings
22-11-07 23:40:38 - INFO - root: Generated sentence embeddings
22-11-07 23:40:38 - INFO - root: Training pytorch-MLP-nhid0-rmsprop-bs128 with (inner) 5-fold cross-validation
22-11-07 23:41:09 - INFO - root: Best param found at split 1: l2reg = 0.0001                 with score 73.26
22-11-07 23:41:40 - INFO - root: Best param found at split 2: l2reg = 1e-05                 with score 72.92
22-11-07 23:42:06 - INFO - root: Best param found at split 3: l2reg = 1e-05                 with score 72.66
22-11-07 23:42:35 - INFO - root: Best param found at split 4: l2reg = 0.01                 with score 72.12
22-11-07 23:43:04 - INFO - root: Best param found at split 5: l2reg = 0.01                 with score 72.56
22-11-07 23:43:06 - INFO - root: Generating sentence embeddings
22-11-07 23:43:08 - INFO - root: Generated sentence embeddings
22-11-07 23:43:08 - INFO - root: Training pytorch-MLP-nhid0-rmsprop-bs128 with (inner) 5-fold cross-validation
22-11-07 23:43:17 - INFO - root: Best param found at split 1: l2reg = 0.01                 with score 81.85
22-11-07 23:43:27 - INFO - root: Best param found at split 2: l2reg = 1e-05                 with score 81.79
22-11-07 23:43:37 - INFO - root: Best param found at split 3: l2reg = 0.01                 with score 82.38
22-11-07 23:43:47 - INFO - root: Best param found at split 4: l2reg = 0.01                 with score 82.02
22-11-07 23:43:57 - INFO - root: Best param found at split 5: l2reg = 0.01                 with score 81.89
22-11-07 23:43:57 - INFO - root: Generating sentence embeddings
22-11-07 23:44:04 - INFO - root: Generated sentence embeddings
22-11-07 23:44:04 - INFO - root: Training pytorch-MLP-nhid0-rmsprop-bs128 with (inner) 5-fold cross-validation
22-11-07 23:44:28 - INFO - root: Best param found at split 1: l2reg = 0.01                 with score 88.28
22-11-07 23:44:55 - INFO - root: Best param found at split 2: l2reg = 0.01                 with score 89.19
22-11-07 23:45:23 - INFO - root: Best param found at split 3: l2reg = 1e-05                 with score 88.82
22-11-07 23:45:42 - INFO - root: Best param found at split 4: l2reg = 0.0001                 with score 88.75
22-11-07 23:45:59 - INFO - root: Best param found at split 5: l2reg = 0.01                 with score 88.42
22-11-07 23:46:00 - INFO - root: Generating sentence embeddings
22-11-07 23:46:04 - INFO - root: Generated sentence embeddings
22-11-07 23:46:04 - INFO - root: Training pytorch-MLP-nhid0-rmsprop-bs128 with (inner) 5-fold cross-validation
22-11-07 23:46:29 - INFO - root: Best param found at split 1: l2reg = 0.01                 with score 87.06
22-11-07 23:46:56 - INFO - root: Best param found at split 2: l2reg = 0.01                 with score 85.33
22-11-07 23:47:23 - INFO - root: Best param found at split 3: l2reg = 0.01                 with score 85.83
22-11-07 23:47:55 - INFO - root: Best param found at split 4: l2reg = 1e-05                 with score 86.23
22-11-07 23:48:26 - INFO - root: Best param found at split 5: l2reg = 0.001                 with score 86.26
22-11-07 23:48:28 - INFO - root: Computing embedding for train
22-11-07 23:48:33 - INFO - root: Computed train embeddings
22-11-07 23:48:33 - INFO - root: Computing embedding for dev
22-11-07 23:48:34 - INFO - root: Computed dev embeddings
22-11-07 23:48:34 - INFO - root: Computing embedding for test
22-11-07 23:48:35 - INFO - root: Computed test embeddings
22-11-07 23:48:35 - INFO - root: Training pytorch-MLP-nhid0-rmsprop-bs128 with standard validation..
22-11-07 23:48:43 - INFO - root: [('reg:1e-05', 41.51), ('reg:0.0001', 41.42), ('reg:0.001', 41.33), ('reg:0.01', 40.24)]
22-11-07 23:48:43 - INFO - root: Validation : best param found is reg = 1e-05 with score             41.51
22-11-07 23:48:43 - INFO - root: Evaluating...
22-11-07 23:48:45 - INFO - root: ***** Transfer task : TREC *****


22-11-07 23:48:47 - INFO - root: Computed train embeddings
22-11-07 23:48:47 - INFO - root: Computed test embeddings
22-11-07 23:48:47 - INFO - root: Training pytorch-MLP-nhid0-rmsprop-bs128 with 5-fold cross-validation
22-11-07 23:49:04 - INFO - root: [('reg:1e-05', 67.81), ('reg:0.0001', 67.74), ('reg:0.001', 67.46), ('reg:0.01', 67.15)]
22-11-07 23:49:04 - INFO - root: Cross-validation : best param found is reg = 1e-05             with score 67.81
22-11-07 23:49:04 - INFO - root: Evaluating...
22-11-07 23:49:05 - INFO - root: ***** Transfer task : MRPC *****


22-11-07 23:49:05 - INFO - root: Computing embedding for train
22-11-07 23:49:10 - INFO - root: Computed train embeddings
22-11-07 23:49:10 - INFO - root: Computing embedding for test
22-11-07 23:49:12 - INFO - root: Computed test embeddings
22-11-07 23:49:12 - INFO - root: Training pytorch-MLP-nhid0-rmsprop-bs128 with 5-fold cross-validation
22-11-07 23:49:26 - INFO - root: [('reg:1e-05', 73.36), ('reg:0.0001', 73.36), ('reg:0.001', 73.45), ('reg:0.01', 73.5)]
22-11-07 23:49:26 - INFO - root: Cross-validation : best param found is reg = 0.01             with score 73.5
22-11-07 23:49:26 - INFO - root: Evaluating...
