22-11-08 16:59:05 - INFO - sentence_transformers.SentenceTransformer: Load pretrained SentenceTransformer: sentence-transformers/LaBSE
22-11-08 16:59:08 - INFO - sentence_transformers.SentenceTransformer: Use pytorch device: cuda
22-11-08 16:59:08 - INFO - __main__: SBert model sentence-transformers/LaBSE is loaded.
22-11-08 16:59:10 - INFO - __main__: Num of SBert features: 768
22-11-08 16:59:11 - INFO - root: Generating sentence embeddings
22-11-08 16:59:18 - INFO - root: Generated sentence embeddings
22-11-08 16:59:18 - INFO - root: Training pytorch-MLP-nhid0-rmsprop-bs128 with (inner) 5-fold cross-validation
22-11-08 16:59:46 - INFO - root: Best param found at split 1: l2reg = 1e-05                 with score 74.31
22-11-08 17:00:14 - INFO - root: Best param found at split 2: l2reg = 0.001                 with score 74.39
22-11-08 17:00:46 - INFO - root: Best param found at split 3: l2reg = 0.0001                 with score 75.37
22-11-08 17:01:15 - INFO - root: Best param found at split 4: l2reg = 1e-05                 with score 75.52
22-11-08 17:01:43 - INFO - root: Best param found at split 5: l2reg = 1e-05                 with score 74.81
22-11-08 17:01:45 - INFO - root: Generating sentence embeddings
22-11-08 17:01:47 - INFO - root: Generated sentence embeddings
22-11-08 17:01:47 - INFO - root: Training pytorch-MLP-nhid0-rmsprop-bs128 with (inner) 5-fold cross-validation
22-11-08 17:01:58 - INFO - root: Best param found at split 1: l2reg = 1e-05                 with score 85.26
22-11-08 17:02:09 - INFO - root: Best param found at split 2: l2reg = 0.0001                 with score 85.26
22-11-08 17:02:19 - INFO - root: Best param found at split 3: l2reg = 0.0001                 with score 83.81
22-11-08 17:02:29 - INFO - root: Best param found at split 4: l2reg = 0.01                 with score 84.6
22-11-08 17:02:41 - INFO - root: Best param found at split 5: l2reg = 0.0001                 with score 85.63
22-11-08 17:02:42 - INFO - root: Generating sentence embeddings
22-11-08 17:02:49 - INFO - root: Generated sentence embeddings
22-11-08 17:02:49 - INFO - root: Training pytorch-MLP-nhid0-rmsprop-bs128 with (inner) 5-fold cross-validation
22-11-08 17:03:16 - INFO - root: Best param found at split 1: l2reg = 0.01                 with score 91.49
22-11-08 17:03:44 - INFO - root: Best param found at split 2: l2reg = 0.01                 with score 91.88
22-11-08 17:04:13 - INFO - root: Best param found at split 3: l2reg = 1e-05                 with score 91.74
22-11-08 17:04:39 - INFO - root: Best param found at split 4: l2reg = 0.01                 with score 91.78
22-11-08 17:05:08 - INFO - root: Best param found at split 5: l2reg = 0.01                 with score 91.22
22-11-08 17:05:09 - INFO - root: Generating sentence embeddings
22-11-08 17:05:13 - INFO - root: Generated sentence embeddings
22-11-08 17:05:13 - INFO - root: Training pytorch-MLP-nhid0-rmsprop-bs128 with (inner) 5-fold cross-validation
22-11-08 17:05:40 - INFO - root: Best param found at split 1: l2reg = 1e-05                 with score 88.84
22-11-08 17:06:11 - INFO - root: Best param found at split 2: l2reg = 0.0001                 with score 88.17
22-11-08 17:06:43 - INFO - root: Best param found at split 3: l2reg = 0.001                 with score 88.0
22-11-08 17:07:08 - INFO - root: Best param found at split 4: l2reg = 0.01                 with score 87.51
22-11-08 17:07:37 - INFO - root: Best param found at split 5: l2reg = 0.01                 with score 87.74
22-11-08 17:07:38 - INFO - root: Computing embedding for train
22-11-08 17:07:44 - INFO - root: Computed train embeddings
22-11-08 17:07:44 - INFO - root: Computing embedding for dev
22-11-08 17:07:44 - INFO - root: Computed dev embeddings
22-11-08 17:07:44 - INFO - root: Computing embedding for test
22-11-08 17:07:46 - INFO - root: Computed test embeddings
22-11-08 17:07:46 - INFO - root: Training pytorch-MLP-nhid0-rmsprop-bs128 with standard validation..
22-11-08 17:07:52 - INFO - root: [('reg:1e-05', 39.15), ('reg:0.0001', 40.51), ('reg:0.001', 40.51), ('reg:0.01', 42.23)]
22-11-08 17:07:52 - INFO - root: Validation : best param found is reg = 0.01 with score             42.23
22-11-08 17:07:52 - INFO - root: Evaluating...
22-11-08 17:07:54 - INFO - root: ***** Transfer task : TREC *****


22-11-08 17:07:56 - INFO - root: Computed train embeddings
22-11-08 17:07:57 - INFO - root: Computed test embeddings
22-11-08 17:07:57 - INFO - root: Training pytorch-MLP-nhid0-rmsprop-bs128 with 5-fold cross-validation
22-11-08 17:08:13 - INFO - root: [('reg:1e-05', 79.4), ('reg:0.0001', 77.02), ('reg:0.001', 76.94), ('reg:0.01', 72.71)]
22-11-08 17:08:13 - INFO - root: Cross-validation : best param found is reg = 1e-05             with score 79.4
22-11-08 17:08:13 - INFO - root: Evaluating...
22-11-08 17:08:14 - INFO - root: ***** Transfer task : MRPC *****


22-11-08 17:08:14 - INFO - root: Computing embedding for train
22-11-08 17:08:20 - INFO - root: Computed train embeddings
22-11-08 17:08:20 - INFO - root: Computing embedding for test
22-11-08 17:08:22 - INFO - root: Computed test embeddings
22-11-08 17:08:22 - INFO - root: Training pytorch-MLP-nhid0-rmsprop-bs128 with 5-fold cross-validation
22-11-08 17:08:35 - INFO - root: [('reg:1e-05', 73.58), ('reg:0.0001', 73.48), ('reg:0.001', 74.51), ('reg:0.01', 74.73)]
22-11-08 17:08:35 - INFO - root: Cross-validation : best param found is reg = 0.01             with score 74.73
22-11-08 17:08:35 - INFO - root: Evaluating...
