22-11-08 23:19:33 - INFO - sentence_transformers.SentenceTransformer: Load pretrained SentenceTransformer: sentence-transformers/LaBSE
22-11-08 23:19:37 - INFO - sentence_transformers.SentenceTransformer: Use pytorch device: cuda
22-11-08 23:19:37 - INFO - __main__: SBert model sentence-transformers/LaBSE is loaded.
22-11-08 23:19:39 - INFO - __main__: Num of SBert features: 768
22-11-08 23:19:40 - INFO - root: Generating sentence embeddings
22-11-08 23:19:46 - INFO - root: Generated sentence embeddings
22-11-08 23:19:46 - INFO - root: Training pytorch-MLP-nhid0-rmsprop-bs128 with (inner) 5-fold cross-validation
22-11-08 23:20:15 - INFO - root: Best param found at split 1: l2reg = 0.001                 with score 74.59
22-11-08 23:20:41 - INFO - root: Best param found at split 2: l2reg = 0.0001                 with score 76.07
22-11-08 23:21:11 - INFO - root: Best param found at split 3: l2reg = 0.0001                 with score 74.9
22-11-08 23:21:36 - INFO - root: Best param found at split 4: l2reg = 0.001                 with score 76.08
22-11-08 23:22:00 - INFO - root: Best param found at split 5: l2reg = 0.01                 with score 74.92
22-11-08 23:22:02 - INFO - root: Generating sentence embeddings
22-11-08 23:22:04 - INFO - root: Generated sentence embeddings
22-11-08 23:22:04 - INFO - root: Training pytorch-MLP-nhid0-rmsprop-bs128 with (inner) 5-fold cross-validation
22-11-08 23:22:13 - INFO - root: Best param found at split 1: l2reg = 1e-05                 with score 85.5
22-11-08 23:22:24 - INFO - root: Best param found at split 2: l2reg = 0.01                 with score 84.97
22-11-08 23:22:35 - INFO - root: Best param found at split 3: l2reg = 0.01                 with score 85.26
22-11-08 23:22:45 - INFO - root: Best param found at split 4: l2reg = 1e-05                 with score 84.34
22-11-08 23:22:56 - INFO - root: Best param found at split 5: l2reg = 1e-05                 with score 85.03
22-11-08 23:22:56 - INFO - root: Generating sentence embeddings
22-11-08 23:23:03 - INFO - root: Generated sentence embeddings
22-11-08 23:23:03 - INFO - root: Training pytorch-MLP-nhid0-rmsprop-bs128 with (inner) 5-fold cross-validation
22-11-08 23:23:31 - INFO - root: Best param found at split 1: l2reg = 0.001                 with score 91.69
22-11-08 23:23:57 - INFO - root: Best param found at split 2: l2reg = 0.001                 with score 92.21
22-11-08 23:24:25 - INFO - root: Best param found at split 3: l2reg = 1e-05                 with score 92.39
22-11-08 23:24:54 - INFO - root: Best param found at split 4: l2reg = 1e-05                 with score 91.86
22-11-08 23:25:23 - INFO - root: Best param found at split 5: l2reg = 1e-05                 with score 91.72
22-11-08 23:25:25 - INFO - root: Generating sentence embeddings
22-11-08 23:25:28 - INFO - root: Generated sentence embeddings
22-11-08 23:25:28 - INFO - root: Training pytorch-MLP-nhid0-rmsprop-bs128 with (inner) 5-fold cross-validation
22-11-08 23:25:55 - INFO - root: Best param found at split 1: l2reg = 0.01                 with score 88.67
22-11-08 23:26:26 - INFO - root: Best param found at split 2: l2reg = 0.001                 with score 88.65
22-11-08 23:26:56 - INFO - root: Best param found at split 3: l2reg = 0.01                 with score 88.8
22-11-08 23:27:23 - INFO - root: Best param found at split 4: l2reg = 1e-05                 with score 87.91
22-11-08 23:27:52 - INFO - root: Best param found at split 5: l2reg = 0.01                 with score 88.67
22-11-08 23:27:53 - INFO - root: Computing embedding for train
22-11-08 23:27:58 - INFO - root: Computed train embeddings
22-11-08 23:27:58 - INFO - root: Computing embedding for dev
22-11-08 23:27:59 - INFO - root: Computed dev embeddings
22-11-08 23:27:59 - INFO - root: Computing embedding for test
22-11-08 23:28:00 - INFO - root: Computed test embeddings
22-11-08 23:28:00 - INFO - root: Training pytorch-MLP-nhid0-rmsprop-bs128 with standard validation..
22-11-08 23:28:06 - INFO - root: [('reg:1e-05', 41.69), ('reg:0.0001', 35.6), ('reg:0.001', 35.79), ('reg:0.01', 38.15)]
22-11-08 23:28:06 - INFO - root: Validation : best param found is reg = 1e-05 with score             41.69
22-11-08 23:28:06 - INFO - root: Evaluating...
22-11-08 23:28:08 - INFO - root: ***** Transfer task : TREC *****


22-11-08 23:28:11 - INFO - root: Computed train embeddings
22-11-08 23:28:11 - INFO - root: Computed test embeddings
22-11-08 23:28:11 - INFO - root: Training pytorch-MLP-nhid0-rmsprop-bs128 with 5-fold cross-validation
22-11-08 23:28:30 - INFO - root: [('reg:1e-05', 79.64), ('reg:0.0001', 81.03), ('reg:0.001', 79.5), ('reg:0.01', 77.92)]
22-11-08 23:28:30 - INFO - root: Cross-validation : best param found is reg = 0.0001             with score 81.03
22-11-08 23:28:30 - INFO - root: Evaluating...
22-11-08 23:28:32 - INFO - root: ***** Transfer task : MRPC *****


22-11-08 23:28:32 - INFO - root: Computing embedding for train
22-11-08 23:28:37 - INFO - root: Computed train embeddings
22-11-08 23:28:37 - INFO - root: Computing embedding for test
22-11-08 23:28:40 - INFO - root: Computed test embeddings
22-11-08 23:28:40 - INFO - root: Training pytorch-MLP-nhid0-rmsprop-bs128 with 5-fold cross-validation
22-11-08 23:28:52 - INFO - root: [('reg:1e-05', 72.28), ('reg:0.0001', 72.2), ('reg:0.001', 74.51), ('reg:0.01', 73.23)]
22-11-08 23:28:52 - INFO - root: Cross-validation : best param found is reg = 0.001             with score 74.51
22-11-08 23:28:52 - INFO - root: Evaluating...
22-11-19 22:20:20 - INFO - sentence_transformers.SentenceTransformer: Load pretrained SentenceTransformer: sentence-transformers/LaBSE
22-11-19 22:20:23 - INFO - sentence_transformers.SentenceTransformer: Use pytorch device: cuda
22-11-19 22:20:23 - INFO - __main__: SBert model sentence-transformers/LaBSE is loaded.
22-11-19 22:20:25 - INFO - __main__: Num of SBert features: 768
