22-11-07 20:25:34 - INFO - sentence_transformers.SentenceTransformer: Load pretrained SentenceTransformer: sentence-transformers/LaBSE
22-11-07 20:25:38 - INFO - sentence_transformers.SentenceTransformer: Use pytorch device: cuda
22-11-07 20:25:38 - INFO - __main__: SBert model sentence-transformers/LaBSE is loaded.
22-11-07 20:25:40 - INFO - __main__: Num of SBert features: 768
22-11-07 20:25:41 - INFO - root: Generating sentence embeddings
22-11-07 20:25:48 - INFO - root: Generated sentence embeddings
22-11-07 20:25:48 - INFO - root: Training pytorch-MLP-nhid0-rmsprop-bs128 with (inner) 5-fold cross-validation
22-11-07 20:26:12 - INFO - root: Best param found at split 1: l2reg = 1e-05                 with score 71.86
22-11-07 20:26:44 - INFO - root: Best param found at split 2: l2reg = 0.001                 with score 72.17
22-11-07 20:27:13 - INFO - root: Best param found at split 3: l2reg = 1e-05                 with score 71.91
22-11-07 20:27:39 - INFO - root: Best param found at split 4: l2reg = 0.0001                 with score 71.42
22-11-07 20:27:57 - INFO - root: Best param found at split 5: l2reg = 0.0001                 with score 72.27
22-11-07 20:27:58 - INFO - root: Generating sentence embeddings
22-11-07 20:28:00 - INFO - root: Generated sentence embeddings
22-11-07 20:28:00 - INFO - root: Training pytorch-MLP-nhid0-rmsprop-bs128 with (inner) 5-fold cross-validation
22-11-07 20:28:11 - INFO - root: Best param found at split 1: l2reg = 0.01                 with score 81.26
22-11-07 20:28:21 - INFO - root: Best param found at split 2: l2reg = 0.0001                 with score 80.43
22-11-07 20:28:32 - INFO - root: Best param found at split 3: l2reg = 0.001                 with score 81.03
22-11-07 20:28:43 - INFO - root: Best param found at split 4: l2reg = 0.01                 with score 81.13
22-11-07 20:28:54 - INFO - root: Best param found at split 5: l2reg = 0.001                 with score 81.23
22-11-07 20:28:55 - INFO - root: Generating sentence embeddings
22-11-07 20:29:02 - INFO - root: Generated sentence embeddings
22-11-07 20:29:02 - INFO - root: Training pytorch-MLP-nhid0-rmsprop-bs128 with (inner) 5-fold cross-validation
22-11-07 20:29:26 - INFO - root: Best param found at split 1: l2reg = 0.001                 with score 88.25
22-11-07 20:29:51 - INFO - root: Best param found at split 2: l2reg = 0.01                 with score 88.64
22-11-07 20:30:17 - INFO - root: Best param found at split 3: l2reg = 0.001                 with score 88.43
22-11-07 20:30:42 - INFO - root: Best param found at split 4: l2reg = 0.001                 with score 88.46
22-11-07 20:31:08 - INFO - root: Best param found at split 5: l2reg = 0.01                 with score 88.25
22-11-07 20:31:10 - INFO - root: Generating sentence embeddings
22-11-07 20:31:14 - INFO - root: Generated sentence embeddings
22-11-07 20:31:14 - INFO - root: Training pytorch-MLP-nhid0-rmsprop-bs128 with (inner) 5-fold cross-validation
22-11-07 20:31:37 - INFO - root: Best param found at split 1: l2reg = 0.001                 with score 85.49
22-11-07 20:32:09 - INFO - root: Best param found at split 2: l2reg = 0.001                 with score 85.67
22-11-07 20:32:39 - INFO - root: Best param found at split 3: l2reg = 0.0001                 with score 86.21
22-11-07 20:33:06 - INFO - root: Best param found at split 4: l2reg = 0.001                 with score 86.18
22-11-07 20:33:40 - INFO - root: Best param found at split 5: l2reg = 1e-05                 with score 85.63
22-11-07 20:33:42 - INFO - root: Computing embedding for train
22-11-07 20:33:47 - INFO - root: Computed train embeddings
22-11-07 20:33:47 - INFO - root: Computing embedding for dev
22-11-07 20:33:48 - INFO - root: Computed dev embeddings
22-11-07 20:33:48 - INFO - root: Computing embedding for test
22-11-07 20:33:49 - INFO - root: Computed test embeddings
22-11-07 20:33:49 - INFO - root: Training pytorch-MLP-nhid0-rmsprop-bs128 with standard validation..
22-11-07 20:33:57 - INFO - root: [('reg:1e-05', 39.06), ('reg:0.0001', 38.87), ('reg:0.001', 38.87), ('reg:0.01', 38.96)]
22-11-07 20:33:57 - INFO - root: Validation : best param found is reg = 1e-05 with score             39.06
22-11-07 20:33:57 - INFO - root: Evaluating...
22-11-07 20:33:59 - INFO - root: ***** Transfer task : TREC *****


22-11-07 20:34:01 - INFO - root: Computed train embeddings
22-11-07 20:34:01 - INFO - root: Computed test embeddings
22-11-07 20:34:01 - INFO - root: Training pytorch-MLP-nhid0-rmsprop-bs128 with 5-fold cross-validation
22-11-07 20:34:18 - INFO - root: [('reg:1e-05', 70.93), ('reg:0.0001', 70.93), ('reg:0.001', 70.8), ('reg:0.01', 69.97)]
22-11-07 20:34:18 - INFO - root: Cross-validation : best param found is reg = 1e-05             with score 70.93
22-11-07 20:34:18 - INFO - root: Evaluating...
22-11-07 20:34:19 - INFO - root: ***** Transfer task : MRPC *****


22-11-07 20:34:19 - INFO - root: Computing embedding for train
22-11-07 20:34:25 - INFO - root: Computed train embeddings
22-11-07 20:34:25 - INFO - root: Computing embedding for test
22-11-07 20:34:27 - INFO - root: Computed test embeddings
22-11-07 20:34:27 - INFO - root: Training pytorch-MLP-nhid0-rmsprop-bs128 with 5-fold cross-validation
22-11-07 20:34:40 - INFO - root: [('reg:1e-05', 73.38), ('reg:0.0001', 73.41), ('reg:0.001', 73.6), ('reg:0.01', 73.45)]
22-11-07 20:34:40 - INFO - root: Cross-validation : best param found is reg = 0.001             with score 73.6
22-11-07 20:34:40 - INFO - root: Evaluating...
