22-11-07 18:48:17 - INFO - sentence_transformers.SentenceTransformer: Load pretrained SentenceTransformer: sentence-transformers/LaBSE
22-11-07 18:48:20 - INFO - sentence_transformers.SentenceTransformer: Use pytorch device: cuda
22-11-07 18:48:20 - INFO - __main__: SBert model sentence-transformers/LaBSE is loaded.
22-11-07 18:48:23 - INFO - __main__: Num of SBert features: 768
22-11-07 18:48:23 - INFO - root: Generating sentence embeddings
22-11-07 18:48:30 - INFO - root: Generated sentence embeddings
22-11-07 18:48:30 - INFO - root: Training pytorch-MLP-nhid0-rmsprop-bs128 with (inner) 5-fold cross-validation
22-11-07 18:48:48 - INFO - root: Best param found at split 1: l2reg = 0.001                 with score 75.61
22-11-07 18:49:11 - INFO - root: Best param found at split 2: l2reg = 0.0001                 with score 75.3
22-11-07 18:49:39 - INFO - root: Best param found at split 3: l2reg = 0.001                 with score 75.51
22-11-07 18:50:07 - INFO - root: Best param found at split 4: l2reg = 0.01                 with score 74.87
22-11-07 18:50:33 - INFO - root: Best param found at split 5: l2reg = 0.001                 with score 75.59
22-11-07 18:50:34 - INFO - root: Generating sentence embeddings
22-11-07 18:50:36 - INFO - root: Generated sentence embeddings
22-11-07 18:50:36 - INFO - root: Training pytorch-MLP-nhid0-rmsprop-bs128 with (inner) 5-fold cross-validation
22-11-07 18:50:46 - INFO - root: Best param found at split 1: l2reg = 1e-05                 with score 85.3
22-11-07 18:50:56 - INFO - root: Best param found at split 2: l2reg = 1e-05                 with score 85.0
22-11-07 18:51:05 - INFO - root: Best param found at split 3: l2reg = 0.001                 with score 84.11
22-11-07 18:51:15 - INFO - root: Best param found at split 4: l2reg = 0.0001                 with score 84.67
22-11-07 18:51:23 - INFO - root: Best param found at split 5: l2reg = 1e-05                 with score 84.14
22-11-07 18:51:24 - INFO - root: Generating sentence embeddings
22-11-07 18:51:31 - INFO - root: Generated sentence embeddings
22-11-07 18:51:31 - INFO - root: Training pytorch-MLP-nhid0-rmsprop-bs128 with (inner) 5-fold cross-validation
22-11-07 18:51:54 - INFO - root: Best param found at split 1: l2reg = 0.01                 with score 91.5
22-11-07 18:52:19 - INFO - root: Best param found at split 2: l2reg = 0.01                 with score 91.66
22-11-07 18:52:44 - INFO - root: Best param found at split 3: l2reg = 0.01                 with score 91.74
22-11-07 18:53:10 - INFO - root: Best param found at split 4: l2reg = 0.0001                 with score 91.59
22-11-07 18:53:37 - INFO - root: Best param found at split 5: l2reg = 0.01                 with score 91.72
22-11-07 18:53:39 - INFO - root: Generating sentence embeddings
22-11-07 18:53:42 - INFO - root: Generated sentence embeddings
22-11-07 18:53:42 - INFO - root: Training pytorch-MLP-nhid0-rmsprop-bs128 with (inner) 5-fold cross-validation
22-11-07 18:54:08 - INFO - root: Best param found at split 1: l2reg = 0.0001                 with score 88.57
22-11-07 18:54:36 - INFO - root: Best param found at split 2: l2reg = 0.01                 with score 88.19
22-11-07 18:55:06 - INFO - root: Best param found at split 3: l2reg = 0.01                 with score 88.23
22-11-07 18:55:31 - INFO - root: Best param found at split 4: l2reg = 1e-05                 with score 86.99
22-11-07 18:55:58 - INFO - root: Best param found at split 5: l2reg = 1e-05                 with score 88.04
22-11-07 18:56:00 - INFO - root: Computing embedding for train
22-11-07 18:56:06 - INFO - root: Computed train embeddings
22-11-07 18:56:06 - INFO - root: Computing embedding for dev
22-11-07 18:56:06 - INFO - root: Computed dev embeddings
22-11-07 18:56:06 - INFO - root: Computing embedding for test
22-11-07 18:56:08 - INFO - root: Computed test embeddings
22-11-07 18:56:08 - INFO - root: Training pytorch-MLP-nhid0-rmsprop-bs128 with standard validation..
22-11-07 18:56:14 - INFO - root: [('reg:1e-05', 37.42), ('reg:0.0001', 40.51), ('reg:0.001', 37.06), ('reg:0.01', 38.15)]
22-11-07 18:56:14 - INFO - root: Validation : best param found is reg = 0.0001 with score             40.51
22-11-07 18:56:14 - INFO - root: Evaluating...
22-11-07 18:56:16 - INFO - root: ***** Transfer task : TREC *****


22-11-07 18:56:18 - INFO - root: Computed train embeddings
22-11-07 18:56:18 - INFO - root: Computed test embeddings
22-11-07 18:56:18 - INFO - root: Training pytorch-MLP-nhid0-rmsprop-bs128 with 5-fold cross-validation
22-11-07 18:56:36 - INFO - root: [('reg:1e-05', 80.85), ('reg:0.0001', 80.72), ('reg:0.001', 79.75), ('reg:0.01', 77.0)]
22-11-07 18:56:36 - INFO - root: Cross-validation : best param found is reg = 1e-05             with score 80.85
22-11-07 18:56:36 - INFO - root: Evaluating...
22-11-07 18:56:37 - INFO - root: ***** Transfer task : MRPC *****


22-11-07 18:56:37 - INFO - root: Computing embedding for train
22-11-07 18:56:42 - INFO - root: Computed train embeddings
22-11-07 18:56:42 - INFO - root: Computing embedding for test
22-11-07 18:56:45 - INFO - root: Computed test embeddings
22-11-07 18:56:45 - INFO - root: Training pytorch-MLP-nhid0-rmsprop-bs128 with 5-fold cross-validation
22-11-07 18:56:54 - INFO - root: [('reg:1e-05', 72.67), ('reg:0.0001', 72.55), ('reg:0.001', 72.55), ('reg:0.01', 73.53)]
22-11-07 18:56:54 - INFO - root: Cross-validation : best param found is reg = 0.01             with score 73.53
22-11-07 18:56:54 - INFO - root: Evaluating...
