22-11-08 05:41:25 - INFO - sentence_transformers.SentenceTransformer: Load pretrained SentenceTransformer: sentence-transformers/LaBSE
22-11-08 05:41:28 - INFO - sentence_transformers.SentenceTransformer: Use pytorch device: cuda
22-11-08 05:41:28 - INFO - __main__: SBert model sentence-transformers/LaBSE is loaded.
22-11-08 05:41:30 - INFO - __main__: Num of SBert features: 768
22-11-08 05:41:31 - INFO - root: Generating sentence embeddings
22-11-08 05:41:38 - INFO - root: Generated sentence embeddings
22-11-08 05:41:38 - INFO - root: Training pytorch-MLP-nhid0-rmsprop-bs128 with (inner) 5-fold cross-validation
22-11-08 05:42:11 - INFO - root: Best param found at split 1: l2reg = 1e-05                 with score 75.2
22-11-08 05:42:39 - INFO - root: Best param found at split 2: l2reg = 0.01                 with score 74.44
22-11-08 05:43:10 - INFO - root: Best param found at split 3: l2reg = 0.01                 with score 74.41
22-11-08 05:43:35 - INFO - root: Best param found at split 4: l2reg = 0.01                 with score 72.33
22-11-08 05:44:05 - INFO - root: Best param found at split 5: l2reg = 0.01                 with score 73.75
22-11-08 05:44:07 - INFO - root: Generating sentence embeddings
22-11-08 05:44:09 - INFO - root: Generated sentence embeddings
22-11-08 05:44:09 - INFO - root: Training pytorch-MLP-nhid0-rmsprop-bs128 with (inner) 5-fold cross-validation
22-11-08 05:44:21 - INFO - root: Best param found at split 1: l2reg = 1e-05                 with score 84.3
22-11-08 05:44:32 - INFO - root: Best param found at split 2: l2reg = 0.0001                 with score 83.44
22-11-08 05:44:43 - INFO - root: Best param found at split 3: l2reg = 0.01                 with score 84.24
22-11-08 05:44:54 - INFO - root: Best param found at split 4: l2reg = 1e-05                 with score 84.47
22-11-08 05:45:04 - INFO - root: Best param found at split 5: l2reg = 0.01                 with score 83.58
22-11-08 05:45:05 - INFO - root: Generating sentence embeddings
22-11-08 05:45:12 - INFO - root: Generated sentence embeddings
22-11-08 05:45:12 - INFO - root: Training pytorch-MLP-nhid0-rmsprop-bs128 with (inner) 5-fold cross-validation
22-11-08 05:45:37 - INFO - root: Best param found at split 1: l2reg = 0.01                 with score 90.3
22-11-08 05:46:03 - INFO - root: Best param found at split 2: l2reg = 0.0001                 with score 90.64
22-11-08 05:46:32 - INFO - root: Best param found at split 3: l2reg = 1e-05                 with score 90.81
22-11-08 05:46:59 - INFO - root: Best param found at split 4: l2reg = 1e-05                 with score 90.31
22-11-08 05:47:27 - INFO - root: Best param found at split 5: l2reg = 0.01                 with score 90.33
22-11-08 05:47:28 - INFO - root: Generating sentence embeddings
22-11-08 05:47:32 - INFO - root: Generated sentence embeddings
22-11-08 05:47:32 - INFO - root: Training pytorch-MLP-nhid0-rmsprop-bs128 with (inner) 5-fold cross-validation
22-11-08 05:47:58 - INFO - root: Best param found at split 1: l2reg = 0.01                 with score 87.61
22-11-08 05:48:26 - INFO - root: Best param found at split 2: l2reg = 1e-05                 with score 87.12
22-11-08 05:48:55 - INFO - root: Best param found at split 3: l2reg = 0.01                 with score 87.12
22-11-08 05:49:23 - INFO - root: Best param found at split 4: l2reg = 0.01                 with score 87.47
22-11-08 05:49:55 - INFO - root: Best param found at split 5: l2reg = 0.01                 with score 87.68
22-11-08 05:49:57 - INFO - root: Computing embedding for train
22-11-08 05:50:03 - INFO - root: Computed train embeddings
22-11-08 05:50:03 - INFO - root: Computing embedding for dev
22-11-08 05:50:03 - INFO - root: Computed dev embeddings
22-11-08 05:50:03 - INFO - root: Computing embedding for test
22-11-08 05:50:05 - INFO - root: Computed test embeddings
22-11-08 05:50:05 - INFO - root: Training pytorch-MLP-nhid0-rmsprop-bs128 with standard validation..
22-11-08 05:50:11 - INFO - root: [('reg:1e-05', 41.69), ('reg:0.0001', 41.69), ('reg:0.001', 41.69), ('reg:0.01', 37.42)]
22-11-08 05:50:11 - INFO - root: Validation : best param found is reg = 1e-05 with score             41.69
22-11-08 05:50:11 - INFO - root: Evaluating...
22-11-08 05:50:13 - INFO - root: ***** Transfer task : TREC *****


22-11-08 05:50:15 - INFO - root: Computed train embeddings
22-11-08 05:50:16 - INFO - root: Computed test embeddings
22-11-08 05:50:16 - INFO - root: Training pytorch-MLP-nhid0-rmsprop-bs128 with 5-fold cross-validation
22-11-08 05:50:34 - INFO - root: [('reg:1e-05', 75.05), ('reg:0.0001', 75.26), ('reg:0.001', 75.02), ('reg:0.01', 72.49)]
22-11-08 05:50:34 - INFO - root: Cross-validation : best param found is reg = 0.0001             with score 75.26
22-11-08 05:50:34 - INFO - root: Evaluating...
22-11-08 05:50:35 - INFO - root: ***** Transfer task : MRPC *****


22-11-08 05:50:35 - INFO - root: Computing embedding for train
22-11-08 05:50:41 - INFO - root: Computed train embeddings
22-11-08 05:50:41 - INFO - root: Computing embedding for test
22-11-08 05:50:43 - INFO - root: Computed test embeddings
22-11-08 05:50:43 - INFO - root: Training pytorch-MLP-nhid0-rmsprop-bs128 with 5-fold cross-validation
22-11-08 05:50:56 - INFO - root: [('reg:1e-05', 73.33), ('reg:0.0001', 72.72), ('reg:0.001', 72.82), ('reg:0.01', 73.5)]
22-11-08 05:50:56 - INFO - root: Cross-validation : best param found is reg = 0.01             with score 73.5
22-11-08 05:50:56 - INFO - root: Evaluating...
22-11-19 15:11:47 - INFO - sentence_transformers.SentenceTransformer: Load pretrained SentenceTransformer: sentence-transformers/LaBSE
22-11-19 15:11:51 - INFO - sentence_transformers.SentenceTransformer: Use pytorch device: cuda
22-11-19 15:11:51 - INFO - __main__: SBert model sentence-transformers/LaBSE is loaded.
22-11-19 15:11:53 - INFO - __main__: Num of SBert features: 768
