22-11-09 04:49:42 - INFO - sentence_transformers.SentenceTransformer: Load pretrained SentenceTransformer: sentence-transformers/LaBSE
22-11-09 04:49:45 - INFO - sentence_transformers.SentenceTransformer: Use pytorch device: cuda
22-11-09 04:49:45 - INFO - __main__: SBert model sentence-transformers/LaBSE is loaded.
22-11-09 04:49:48 - INFO - __main__: Num of SBert features: 768
22-11-09 04:49:48 - INFO - root: Generating sentence embeddings
22-11-09 04:49:55 - INFO - root: Generated sentence embeddings
22-11-09 04:49:55 - INFO - root: Training pytorch-MLP-nhid0-rmsprop-bs128 with (inner) 5-fold cross-validation
22-11-09 04:50:24 - INFO - root: Best param found at split 1: l2reg = 0.01                 with score 76.13
22-11-09 04:50:53 - INFO - root: Best param found at split 2: l2reg = 1e-05                 with score 76.64
22-11-09 04:51:23 - INFO - root: Best param found at split 3: l2reg = 1e-05                 with score 77.1
22-11-09 04:51:50 - INFO - root: Best param found at split 4: l2reg = 0.001                 with score 75.15
22-11-09 04:52:20 - INFO - root: Best param found at split 5: l2reg = 0.01                 with score 76.34
22-11-09 04:52:22 - INFO - root: Generating sentence embeddings
22-11-09 04:52:24 - INFO - root: Generated sentence embeddings
22-11-09 04:52:24 - INFO - root: Training pytorch-MLP-nhid0-rmsprop-bs128 with (inner) 5-fold cross-validation
22-11-09 04:52:34 - INFO - root: Best param found at split 1: l2reg = 1e-05                 with score 86.36
22-11-09 04:52:44 - INFO - root: Best param found at split 2: l2reg = 0.01                 with score 85.66
22-11-09 04:52:54 - INFO - root: Best param found at split 3: l2reg = 1e-05                 with score 85.33
22-11-09 04:53:04 - INFO - root: Best param found at split 4: l2reg = 0.01                 with score 85.26
22-11-09 04:53:15 - INFO - root: Best param found at split 5: l2reg = 0.0001                 with score 85.96
22-11-09 04:53:16 - INFO - root: Generating sentence embeddings
22-11-09 04:53:23 - INFO - root: Generated sentence embeddings
22-11-09 04:53:23 - INFO - root: Training pytorch-MLP-nhid0-rmsprop-bs128 with (inner) 5-fold cross-validation
22-11-09 04:53:50 - INFO - root: Best param found at split 1: l2reg = 1e-05                 with score 92.14
22-11-09 04:54:18 - INFO - root: Best param found at split 2: l2reg = 1e-05                 with score 92.64
22-11-09 04:54:46 - INFO - root: Best param found at split 3: l2reg = 1e-05                 with score 92.34
22-11-09 04:55:14 - INFO - root: Best param found at split 4: l2reg = 0.001                 with score 92.34
22-11-09 04:55:42 - INFO - root: Best param found at split 5: l2reg = 0.01                 with score 92.14
22-11-09 04:55:44 - INFO - root: Generating sentence embeddings
22-11-09 04:55:48 - INFO - root: Generated sentence embeddings
22-11-09 04:55:48 - INFO - root: Training pytorch-MLP-nhid0-rmsprop-bs128 with (inner) 5-fold cross-validation
22-11-09 04:56:13 - INFO - root: Best param found at split 1: l2reg = 0.001                 with score 88.97
22-11-09 04:56:44 - INFO - root: Best param found at split 2: l2reg = 0.01                 with score 88.54
22-11-09 04:57:13 - INFO - root: Best param found at split 3: l2reg = 1e-05                 with score 89.03
22-11-09 04:57:41 - INFO - root: Best param found at split 4: l2reg = 0.0001                 with score 89.18
22-11-09 04:58:09 - INFO - root: Best param found at split 5: l2reg = 0.001                 with score 88.65
22-11-09 04:58:10 - INFO - root: Computing embedding for train
22-11-09 04:58:16 - INFO - root: Computed train embeddings
22-11-09 04:58:16 - INFO - root: Computing embedding for dev
22-11-09 04:58:16 - INFO - root: Computed dev embeddings
22-11-09 04:58:16 - INFO - root: Computing embedding for test
22-11-09 04:58:18 - INFO - root: Computed test embeddings
22-11-09 04:58:18 - INFO - root: Training pytorch-MLP-nhid0-rmsprop-bs128 with standard validation..
22-11-09 04:58:26 - INFO - root: [('reg:1e-05', 43.32), ('reg:0.0001', 43.69), ('reg:0.001', 41.33), ('reg:0.01', 43.78)]
22-11-09 04:58:26 - INFO - root: Validation : best param found is reg = 0.01 with score             43.78
22-11-09 04:58:26 - INFO - root: Evaluating...
22-11-09 04:58:28 - INFO - root: ***** Transfer task : TREC *****


22-11-09 04:58:30 - INFO - root: Computed train embeddings
22-11-09 04:58:30 - INFO - root: Computed test embeddings
22-11-09 04:58:30 - INFO - root: Training pytorch-MLP-nhid0-rmsprop-bs128 with 5-fold cross-validation
22-11-09 04:58:50 - INFO - root: [('reg:1e-05', 82.5), ('reg:0.0001', 79.92), ('reg:0.001', 80.15), ('reg:0.01', 73.44)]
22-11-09 04:58:50 - INFO - root: Cross-validation : best param found is reg = 1e-05             with score 82.5
22-11-09 04:58:50 - INFO - root: Evaluating...
22-11-09 04:58:51 - INFO - root: ***** Transfer task : MRPC *****


22-11-09 04:58:51 - INFO - root: Computing embedding for train
22-11-09 04:58:57 - INFO - root: Computed train embeddings
22-11-09 04:58:57 - INFO - root: Computing embedding for test
22-11-09 04:58:59 - INFO - root: Computed test embeddings
22-11-09 04:58:59 - INFO - root: Training pytorch-MLP-nhid0-rmsprop-bs128 with 5-fold cross-validation
22-11-09 04:59:11 - INFO - root: [('reg:1e-05', 74.46), ('reg:0.0001', 73.7), ('reg:0.001', 73.16), ('reg:0.01', 74.26)]
22-11-09 04:59:11 - INFO - root: Cross-validation : best param found is reg = 1e-05             with score 74.46
22-11-09 04:59:11 - INFO - root: Evaluating...
