22-11-08 09:23:48 - INFO - sentence_transformers.SentenceTransformer: Load pretrained SentenceTransformer: sentence-transformers/LaBSE
22-11-08 09:23:52 - INFO - sentence_transformers.SentenceTransformer: Use pytorch device: cuda
22-11-08 09:23:52 - INFO - __main__: SBert model sentence-transformers/LaBSE is loaded.
22-11-08 09:23:54 - INFO - __main__: Num of SBert features: 768
22-11-08 09:23:55 - INFO - root: Generating sentence embeddings
22-11-08 09:24:02 - INFO - root: Generated sentence embeddings
22-11-08 09:24:02 - INFO - root: Training pytorch-MLP-nhid0-rmsprop-bs128 with (inner) 5-fold cross-validation
22-11-08 09:24:31 - INFO - root: Best param found at split 1: l2reg = 0.0001                 with score 73.81
22-11-08 09:25:01 - INFO - root: Best param found at split 2: l2reg = 0.0001                 with score 74.83
22-11-08 09:25:30 - INFO - root: Best param found at split 3: l2reg = 0.001                 with score 75.57
22-11-08 09:26:00 - INFO - root: Best param found at split 4: l2reg = 0.001                 with score 75.13
22-11-08 09:26:27 - INFO - root: Best param found at split 5: l2reg = 0.0001                 with score 75.22
22-11-08 09:26:29 - INFO - root: Generating sentence embeddings
22-11-08 09:26:31 - INFO - root: Generated sentence embeddings
22-11-08 09:26:31 - INFO - root: Training pytorch-MLP-nhid0-rmsprop-bs128 with (inner) 5-fold cross-validation
22-11-08 09:26:42 - INFO - root: Best param found at split 1: l2reg = 0.01                 with score 84.74
22-11-08 09:26:53 - INFO - root: Best param found at split 2: l2reg = 0.0001                 with score 84.83
22-11-08 09:27:04 - INFO - root: Best param found at split 3: l2reg = 1e-05                 with score 83.41
22-11-08 09:27:14 - INFO - root: Best param found at split 4: l2reg = 0.001                 with score 84.17
22-11-08 09:27:24 - INFO - root: Best param found at split 5: l2reg = 1e-05                 with score 84.11
22-11-08 09:27:25 - INFO - root: Generating sentence embeddings
22-11-08 09:27:32 - INFO - root: Generated sentence embeddings
22-11-08 09:27:32 - INFO - root: Training pytorch-MLP-nhid0-rmsprop-bs128 with (inner) 5-fold cross-validation
22-11-08 09:27:57 - INFO - root: Best param found at split 1: l2reg = 0.01                 with score 91.22
22-11-08 09:28:26 - INFO - root: Best param found at split 2: l2reg = 0.01                 with score 91.4
22-11-08 09:28:54 - INFO - root: Best param found at split 3: l2reg = 0.01                 with score 91.25
22-11-08 09:29:22 - INFO - root: Best param found at split 4: l2reg = 0.01                 with score 91.42
22-11-08 09:29:49 - INFO - root: Best param found at split 5: l2reg = 0.01                 with score 91.04
22-11-08 09:29:50 - INFO - root: Generating sentence embeddings
22-11-08 09:29:54 - INFO - root: Generated sentence embeddings
22-11-08 09:29:54 - INFO - root: Training pytorch-MLP-nhid0-rmsprop-bs128 with (inner) 5-fold cross-validation
22-11-08 09:30:19 - INFO - root: Best param found at split 1: l2reg = 0.001                 with score 88.28
22-11-08 09:30:49 - INFO - root: Best param found at split 2: l2reg = 0.001                 with score 87.5
22-11-08 09:31:17 - INFO - root: Best param found at split 3: l2reg = 0.01                 with score 88.27
22-11-08 09:31:47 - INFO - root: Best param found at split 4: l2reg = 0.001                 with score 87.98
22-11-08 09:32:17 - INFO - root: Best param found at split 5: l2reg = 0.001                 with score 87.38
22-11-08 09:32:19 - INFO - root: Computing embedding for train
22-11-08 09:32:24 - INFO - root: Computed train embeddings
22-11-08 09:32:24 - INFO - root: Computing embedding for dev
22-11-08 09:32:25 - INFO - root: Computed dev embeddings
22-11-08 09:32:25 - INFO - root: Computing embedding for test
22-11-08 09:32:26 - INFO - root: Computed test embeddings
22-11-08 09:32:26 - INFO - root: Training pytorch-MLP-nhid0-rmsprop-bs128 with standard validation..
22-11-08 09:32:33 - INFO - root: [('reg:1e-05', 37.6), ('reg:0.0001', 41.24), ('reg:0.001', 39.33), ('reg:0.01', 42.51)]
22-11-08 09:32:33 - INFO - root: Validation : best param found is reg = 0.01 with score             42.51
22-11-08 09:32:33 - INFO - root: Evaluating...
22-11-08 09:32:34 - INFO - root: ***** Transfer task : TREC *****


22-11-08 09:32:37 - INFO - root: Computed train embeddings
22-11-08 09:32:37 - INFO - root: Computed test embeddings
22-11-08 09:32:37 - INFO - root: Training pytorch-MLP-nhid0-rmsprop-bs128 with 5-fold cross-validation
22-11-08 09:32:54 - INFO - root: [('reg:1e-05', 78.37), ('reg:0.0001', 77.38), ('reg:0.001', 77.84), ('reg:0.01', 73.08)]
22-11-08 09:32:54 - INFO - root: Cross-validation : best param found is reg = 1e-05             with score 78.37
22-11-08 09:32:54 - INFO - root: Evaluating...
22-11-08 09:32:56 - INFO - root: ***** Transfer task : MRPC *****


22-11-08 09:32:56 - INFO - root: Computing embedding for train
22-11-08 09:33:01 - INFO - root: Computed train embeddings
22-11-08 09:33:01 - INFO - root: Computing embedding for test
22-11-08 09:33:04 - INFO - root: Computed test embeddings
22-11-08 09:33:04 - INFO - root: Training pytorch-MLP-nhid0-rmsprop-bs128 with 5-fold cross-validation
22-11-08 09:33:17 - INFO - root: [('reg:1e-05', 72.5), ('reg:0.0001', 72.33), ('reg:0.001', 73.26), ('reg:0.01', 73.63)]
22-11-08 09:33:17 - INFO - root: Cross-validation : best param found is reg = 0.01             with score 73.63
22-11-08 09:33:17 - INFO - root: Evaluating...
