22-11-08 22:44:11 - INFO - sentence_transformers.SentenceTransformer: Load pretrained SentenceTransformer: sentence-transformers/LaBSE
22-11-08 22:44:15 - INFO - sentence_transformers.SentenceTransformer: Use pytorch device: cuda
22-11-08 22:44:15 - INFO - __main__: SBert model sentence-transformers/LaBSE is loaded.
22-11-08 22:44:17 - INFO - __main__: Num of SBert features: 768
22-11-08 22:44:18 - INFO - root: Generating sentence embeddings
22-11-08 22:44:25 - INFO - root: Generated sentence embeddings
22-11-08 22:44:25 - INFO - root: Training pytorch-MLP-nhid0-rmsprop-bs128 with (inner) 5-fold cross-validation
22-11-08 22:44:54 - INFO - root: Best param found at split 1: l2reg = 0.001                 with score 76.74
22-11-08 22:45:27 - INFO - root: Best param found at split 2: l2reg = 0.001                 with score 75.74
22-11-08 22:45:58 - INFO - root: Best param found at split 3: l2reg = 0.001                 with score 75.49
22-11-08 22:46:28 - INFO - root: Best param found at split 4: l2reg = 1e-05                 with score 74.51
22-11-08 22:47:01 - INFO - root: Best param found at split 5: l2reg = 0.0001                 with score 75.89
22-11-08 22:47:02 - INFO - root: Generating sentence embeddings
22-11-08 22:47:04 - INFO - root: Generated sentence embeddings
22-11-08 22:47:04 - INFO - root: Training pytorch-MLP-nhid0-rmsprop-bs128 with (inner) 5-fold cross-validation
22-11-08 22:47:14 - INFO - root: Best param found at split 1: l2reg = 0.0001                 with score 85.26
22-11-08 22:47:25 - INFO - root: Best param found at split 2: l2reg = 0.001                 with score 85.36
22-11-08 22:47:35 - INFO - root: Best param found at split 3: l2reg = 0.01                 with score 84.74
22-11-08 22:47:46 - INFO - root: Best param found at split 4: l2reg = 0.01                 with score 84.3
22-11-08 22:47:57 - INFO - root: Best param found at split 5: l2reg = 0.001                 with score 84.67
22-11-08 22:47:57 - INFO - root: Generating sentence embeddings
22-11-08 22:48:04 - INFO - root: Generated sentence embeddings
22-11-08 22:48:04 - INFO - root: Training pytorch-MLP-nhid0-rmsprop-bs128 with (inner) 5-fold cross-validation
22-11-08 22:48:30 - INFO - root: Best param found at split 1: l2reg = 0.01                 with score 91.72
22-11-08 22:48:59 - INFO - root: Best param found at split 2: l2reg = 0.0001                 with score 92.02
22-11-08 22:49:26 - INFO - root: Best param found at split 3: l2reg = 0.01                 with score 91.84
22-11-08 22:49:53 - INFO - root: Best param found at split 4: l2reg = 0.01                 with score 92.12
22-11-08 22:50:21 - INFO - root: Best param found at split 5: l2reg = 0.01                 with score 91.79
22-11-08 22:50:23 - INFO - root: Generating sentence embeddings
22-11-08 22:50:26 - INFO - root: Generated sentence embeddings
22-11-08 22:50:26 - INFO - root: Training pytorch-MLP-nhid0-rmsprop-bs128 with (inner) 5-fold cross-validation
22-11-08 22:50:55 - INFO - root: Best param found at split 1: l2reg = 0.01                 with score 89.55
22-11-08 22:51:25 - INFO - root: Best param found at split 2: l2reg = 0.01                 with score 88.51
22-11-08 22:51:53 - INFO - root: Best param found at split 3: l2reg = 1e-05                 with score 88.65
22-11-08 22:52:22 - INFO - root: Best param found at split 4: l2reg = 0.01                 with score 89.16
22-11-08 22:52:49 - INFO - root: Best param found at split 5: l2reg = 0.01                 with score 88.46
22-11-08 22:52:51 - INFO - root: Computing embedding for train
22-11-08 22:52:56 - INFO - root: Computed train embeddings
22-11-08 22:52:56 - INFO - root: Computing embedding for dev
22-11-08 22:52:57 - INFO - root: Computed dev embeddings
22-11-08 22:52:57 - INFO - root: Computing embedding for test
22-11-08 22:52:58 - INFO - root: Computed test embeddings
22-11-08 22:52:58 - INFO - root: Training pytorch-MLP-nhid0-rmsprop-bs128 with standard validation..
22-11-08 22:53:04 - INFO - root: [('reg:1e-05', 40.33), ('reg:0.0001', 42.23), ('reg:0.001', 36.15), ('reg:0.01', 41.05)]
22-11-08 22:53:04 - INFO - root: Validation : best param found is reg = 0.0001 with score             42.23
22-11-08 22:53:04 - INFO - root: Evaluating...
22-11-08 22:53:06 - INFO - root: ***** Transfer task : TREC *****


22-11-08 22:53:08 - INFO - root: Computed train embeddings
22-11-08 22:53:08 - INFO - root: Computed test embeddings
22-11-08 22:53:08 - INFO - root: Training pytorch-MLP-nhid0-rmsprop-bs128 with 5-fold cross-validation
22-11-08 22:53:27 - INFO - root: [('reg:1e-05', 81.42), ('reg:0.0001', 80.6), ('reg:0.001', 81.26), ('reg:0.01', 79.51)]
22-11-08 22:53:27 - INFO - root: Cross-validation : best param found is reg = 1e-05             with score 81.42
22-11-08 22:53:27 - INFO - root: Evaluating...
22-11-08 22:53:28 - INFO - root: ***** Transfer task : MRPC *****


22-11-08 22:53:28 - INFO - root: Computing embedding for train
22-11-08 22:53:34 - INFO - root: Computed train embeddings
22-11-08 22:53:34 - INFO - root: Computing embedding for test
22-11-08 22:53:36 - INFO - root: Computed test embeddings
22-11-08 22:53:36 - INFO - root: Training pytorch-MLP-nhid0-rmsprop-bs128 with 5-fold cross-validation
22-11-08 22:53:51 - INFO - root: [('reg:1e-05', 74.02), ('reg:0.0001', 74.58), ('reg:0.001', 73.6), ('reg:0.01', 74.9)]
22-11-08 22:53:51 - INFO - root: Cross-validation : best param found is reg = 0.01             with score 74.9
22-11-08 22:53:51 - INFO - root: Evaluating...
