22-11-08 06:09:15 - INFO - sentence_transformers.SentenceTransformer: Load pretrained SentenceTransformer: sentence-transformers/LaBSE
22-11-08 06:09:18 - INFO - sentence_transformers.SentenceTransformer: Use pytorch device: cuda
22-11-08 06:09:18 - INFO - __main__: SBert model sentence-transformers/LaBSE is loaded.
22-11-08 06:09:20 - INFO - __main__: Num of SBert features: 768
22-11-08 06:09:21 - INFO - root: Generating sentence embeddings
22-11-08 06:09:28 - INFO - root: Generated sentence embeddings
22-11-08 06:09:28 - INFO - root: Training pytorch-MLP-nhid0-rmsprop-bs128 with (inner) 5-fold cross-validation
22-11-08 06:09:57 - INFO - root: Best param found at split 1: l2reg = 1e-05                 with score 74.45
22-11-08 06:10:29 - INFO - root: Best param found at split 2: l2reg = 0.0001                 with score 74.3
22-11-08 06:10:57 - INFO - root: Best param found at split 3: l2reg = 0.001                 with score 72.42
22-11-08 06:11:22 - INFO - root: Best param found at split 4: l2reg = 0.01                 with score 73.38
22-11-08 06:11:55 - INFO - root: Best param found at split 5: l2reg = 0.01                 with score 74.82
22-11-08 06:11:57 - INFO - root: Generating sentence embeddings
22-11-08 06:11:59 - INFO - root: Generated sentence embeddings
22-11-08 06:11:59 - INFO - root: Training pytorch-MLP-nhid0-rmsprop-bs128 with (inner) 5-fold cross-validation
22-11-08 06:12:09 - INFO - root: Best param found at split 1: l2reg = 0.01                 with score 83.54
22-11-08 06:12:19 - INFO - root: Best param found at split 2: l2reg = 1e-05                 with score 82.81
22-11-08 06:12:30 - INFO - root: Best param found at split 3: l2reg = 1e-05                 with score 82.68
22-11-08 06:12:40 - INFO - root: Best param found at split 4: l2reg = 1e-05                 with score 81.59
22-11-08 06:12:54 - INFO - root: Best param found at split 5: l2reg = 0.01                 with score 83.38
22-11-08 06:12:54 - INFO - root: Generating sentence embeddings
22-11-08 06:13:01 - INFO - root: Generated sentence embeddings
22-11-08 06:13:01 - INFO - root: Training pytorch-MLP-nhid0-rmsprop-bs128 with (inner) 5-fold cross-validation
22-11-08 06:13:19 - INFO - root: Best param found at split 1: l2reg = 0.001                 with score 90.79
22-11-08 06:13:49 - INFO - root: Best param found at split 2: l2reg = 0.0001                 with score 91.28
22-11-08 06:14:16 - INFO - root: Best param found at split 3: l2reg = 1e-05                 with score 91.0
22-11-08 06:14:41 - INFO - root: Best param found at split 4: l2reg = 1e-05                 with score 90.61
22-11-08 06:15:08 - INFO - root: Best param found at split 5: l2reg = 0.001                 with score 90.68
22-11-08 06:15:09 - INFO - root: Generating sentence embeddings
22-11-08 06:15:13 - INFO - root: Generated sentence embeddings
22-11-08 06:15:13 - INFO - root: Training pytorch-MLP-nhid0-rmsprop-bs128 with (inner) 5-fold cross-validation
22-11-08 06:15:35 - INFO - root: Best param found at split 1: l2reg = 0.01                 with score 87.66
22-11-08 06:16:03 - INFO - root: Best param found at split 2: l2reg = 0.01                 with score 87.14
22-11-08 06:16:34 - INFO - root: Best param found at split 3: l2reg = 1e-05                 with score 87.37
22-11-08 06:17:02 - INFO - root: Best param found at split 4: l2reg = 0.01                 with score 87.52
22-11-08 06:17:29 - INFO - root: Best param found at split 5: l2reg = 0.01                 with score 87.44
22-11-08 06:17:31 - INFO - root: Computing embedding for train
22-11-08 06:17:37 - INFO - root: Computed train embeddings
22-11-08 06:17:37 - INFO - root: Computing embedding for dev
22-11-08 06:17:37 - INFO - root: Computed dev embeddings
22-11-08 06:17:37 - INFO - root: Computing embedding for test
22-11-08 06:17:39 - INFO - root: Computed test embeddings
22-11-08 06:17:39 - INFO - root: Training pytorch-MLP-nhid0-rmsprop-bs128 with standard validation..
22-11-08 06:17:45 - INFO - root: [('reg:1e-05', 40.05), ('reg:0.0001', 41.42), ('reg:0.001', 41.69), ('reg:0.01', 35.79)]
22-11-08 06:17:45 - INFO - root: Validation : best param found is reg = 0.001 with score             41.69
22-11-08 06:17:45 - INFO - root: Evaluating...
22-11-08 06:17:47 - INFO - root: ***** Transfer task : TREC *****


22-11-08 06:17:49 - INFO - root: Computed train embeddings
22-11-08 06:17:49 - INFO - root: Computed test embeddings
22-11-08 06:17:49 - INFO - root: Training pytorch-MLP-nhid0-rmsprop-bs128 with 5-fold cross-validation
22-11-08 06:18:08 - INFO - root: [('reg:1e-05', 76.25), ('reg:0.0001', 76.25), ('reg:0.001', 76.1), ('reg:0.01', 73.04)]
22-11-08 06:18:08 - INFO - root: Cross-validation : best param found is reg = 1e-05             with score 76.25
22-11-08 06:18:08 - INFO - root: Evaluating...
22-11-08 06:18:10 - INFO - root: ***** Transfer task : MRPC *****


22-11-08 06:18:10 - INFO - root: Computing embedding for train
22-11-08 06:18:15 - INFO - root: Computed train embeddings
22-11-08 06:18:15 - INFO - root: Computing embedding for test
22-11-08 06:18:17 - INFO - root: Computed test embeddings
22-11-08 06:18:17 - INFO - root: Training pytorch-MLP-nhid0-rmsprop-bs128 with 5-fold cross-validation
22-11-08 06:18:30 - INFO - root: [('reg:1e-05', 73.33), ('reg:0.0001', 73.33), ('reg:0.001', 73.45), ('reg:0.01', 74.14)]
22-11-08 06:18:30 - INFO - root: Cross-validation : best param found is reg = 0.01             with score 74.14
22-11-08 06:18:30 - INFO - root: Evaluating...
