22-11-09 02:45:06 - INFO - sentence_transformers.SentenceTransformer: Load pretrained SentenceTransformer: sentence-transformers/LaBSE
22-11-09 02:45:10 - INFO - sentence_transformers.SentenceTransformer: Use pytorch device: cuda
22-11-09 02:45:10 - INFO - __main__: SBert model sentence-transformers/LaBSE is loaded.
22-11-09 02:45:12 - INFO - __main__: Num of SBert features: 768
22-11-09 02:45:13 - INFO - root: Generating sentence embeddings
22-11-09 02:45:19 - INFO - root: Generated sentence embeddings
22-11-09 02:45:19 - INFO - root: Training pytorch-MLP-nhid0-rmsprop-bs128 with (inner) 5-fold cross-validation
22-11-09 02:45:42 - INFO - root: Best param found at split 1: l2reg = 1e-05                 with score 76.28
22-11-09 02:46:08 - INFO - root: Best param found at split 2: l2reg = 1e-05                 with score 76.59
22-11-09 02:46:40 - INFO - root: Best param found at split 3: l2reg = 1e-05                 with score 77.21
22-11-09 02:47:08 - INFO - root: Best param found at split 4: l2reg = 1e-05                 with score 75.22
22-11-09 02:47:38 - INFO - root: Best param found at split 5: l2reg = 1e-05                 with score 75.6
22-11-09 02:47:40 - INFO - root: Generating sentence embeddings
22-11-09 02:47:42 - INFO - root: Generated sentence embeddings
22-11-09 02:47:42 - INFO - root: Training pytorch-MLP-nhid0-rmsprop-bs128 with (inner) 5-fold cross-validation
22-11-09 02:47:52 - INFO - root: Best param found at split 1: l2reg = 0.0001                 with score 85.7
22-11-09 02:48:04 - INFO - root: Best param found at split 2: l2reg = 0.0001                 with score 85.7
22-11-09 02:48:15 - INFO - root: Best param found at split 3: l2reg = 1e-05                 with score 85.1
22-11-09 02:48:26 - INFO - root: Best param found at split 4: l2reg = 0.001                 with score 85.46
22-11-09 02:48:36 - INFO - root: Best param found at split 5: l2reg = 0.001                 with score 84.3
22-11-09 02:48:37 - INFO - root: Generating sentence embeddings
22-11-09 02:48:44 - INFO - root: Generated sentence embeddings
22-11-09 02:48:44 - INFO - root: Training pytorch-MLP-nhid0-rmsprop-bs128 with (inner) 5-fold cross-validation
22-11-09 02:49:09 - INFO - root: Best param found at split 1: l2reg = 0.01                 with score 91.75
22-11-09 02:49:37 - INFO - root: Best param found at split 2: l2reg = 0.01                 with score 92.05
22-11-09 02:50:04 - INFO - root: Best param found at split 3: l2reg = 1e-05                 with score 92.28
22-11-09 02:50:31 - INFO - root: Best param found at split 4: l2reg = 0.0001                 with score 91.9
22-11-09 02:51:00 - INFO - root: Best param found at split 5: l2reg = 0.01                 with score 92.18
22-11-09 02:51:02 - INFO - root: Generating sentence embeddings
22-11-09 02:51:05 - INFO - root: Generated sentence embeddings
22-11-09 02:51:05 - INFO - root: Training pytorch-MLP-nhid0-rmsprop-bs128 with (inner) 5-fold cross-validation
22-11-09 02:51:32 - INFO - root: Best param found at split 1: l2reg = 0.001                 with score 88.85
22-11-09 02:52:03 - INFO - root: Best param found at split 2: l2reg = 0.001                 with score 88.86
22-11-09 02:52:35 - INFO - root: Best param found at split 3: l2reg = 0.001                 with score 88.43
22-11-09 02:53:03 - INFO - root: Best param found at split 4: l2reg = 0.001                 with score 88.47
22-11-09 02:53:32 - INFO - root: Best param found at split 5: l2reg = 0.001                 with score 88.79
22-11-09 02:53:34 - INFO - root: Computing embedding for train
22-11-09 02:53:39 - INFO - root: Computed train embeddings
22-11-09 02:53:39 - INFO - root: Computing embedding for dev
22-11-09 02:53:40 - INFO - root: Computed dev embeddings
22-11-09 02:53:40 - INFO - root: Computing embedding for test
22-11-09 02:53:41 - INFO - root: Computed test embeddings
22-11-09 02:53:41 - INFO - root: Training pytorch-MLP-nhid0-rmsprop-bs128 with standard validation..
22-11-09 02:53:50 - INFO - root: [('reg:1e-05', 39.24), ('reg:0.0001', 42.87), ('reg:0.001', 42.51), ('reg:0.01', 42.14)]
22-11-09 02:53:50 - INFO - root: Validation : best param found is reg = 0.0001 with score             42.87
22-11-09 02:53:50 - INFO - root: Evaluating...
22-11-09 02:53:52 - INFO - root: ***** Transfer task : TREC *****


22-11-09 02:53:54 - INFO - root: Computed train embeddings
22-11-09 02:53:54 - INFO - root: Computed test embeddings
22-11-09 02:53:54 - INFO - root: Training pytorch-MLP-nhid0-rmsprop-bs128 with 5-fold cross-validation
22-11-09 02:54:13 - INFO - root: [('reg:1e-05', 83.4), ('reg:0.0001', 78.1), ('reg:0.001', 80.74), ('reg:0.01', 70.97)]
22-11-09 02:54:13 - INFO - root: Cross-validation : best param found is reg = 1e-05             with score 83.4
22-11-09 02:54:13 - INFO - root: Evaluating...
22-11-09 02:54:14 - INFO - root: ***** Transfer task : MRPC *****


22-11-09 02:54:14 - INFO - root: Computing embedding for train
22-11-09 02:54:20 - INFO - root: Computed train embeddings
22-11-09 02:54:20 - INFO - root: Computing embedding for test
22-11-09 02:54:22 - INFO - root: Computed test embeddings
22-11-09 02:54:22 - INFO - root: Training pytorch-MLP-nhid0-rmsprop-bs128 with 5-fold cross-validation
22-11-09 02:54:36 - INFO - root: [('reg:1e-05', 74.48), ('reg:0.0001', 74.61), ('reg:0.001', 73.82), ('reg:0.01', 74.61)]
22-11-09 02:54:36 - INFO - root: Cross-validation : best param found is reg = 0.0001             with score 74.61
22-11-09 02:54:36 - INFO - root: Evaluating...
22-11-19 23:44:36 - INFO - sentence_transformers.SentenceTransformer: Load pretrained SentenceTransformer: sentence-transformers/LaBSE
22-11-19 23:44:40 - INFO - sentence_transformers.SentenceTransformer: Use pytorch device: cuda
22-11-19 23:44:40 - INFO - __main__: SBert model sentence-transformers/LaBSE is loaded.
22-11-19 23:44:42 - INFO - __main__: Num of SBert features: 768
