22-11-08 16:25:08 - INFO - sentence_transformers.SentenceTransformer: Load pretrained SentenceTransformer: sentence-transformers/LaBSE
22-11-08 16:25:11 - INFO - sentence_transformers.SentenceTransformer: Use pytorch device: cuda
22-11-08 16:25:11 - INFO - __main__: SBert model sentence-transformers/LaBSE is loaded.
22-11-08 16:25:13 - INFO - __main__: Num of SBert features: 768
22-11-08 16:25:14 - INFO - root: Generating sentence embeddings
22-11-08 16:25:21 - INFO - root: Generated sentence embeddings
22-11-08 16:25:21 - INFO - root: Training pytorch-MLP-nhid0-rmsprop-bs128 with (inner) 5-fold cross-validation
22-11-08 16:25:49 - INFO - root: Best param found at split 1: l2reg = 0.001                 with score 75.28
22-11-08 16:26:20 - INFO - root: Best param found at split 2: l2reg = 0.01                 with score 75.35
22-11-08 16:26:49 - INFO - root: Best param found at split 3: l2reg = 0.01                 with score 76.06
22-11-08 16:27:17 - INFO - root: Best param found at split 4: l2reg = 0.001                 with score 75.02
22-11-08 16:27:42 - INFO - root: Best param found at split 5: l2reg = 0.0001                 with score 74.09
22-11-08 16:27:44 - INFO - root: Generating sentence embeddings
22-11-08 16:27:46 - INFO - root: Generated sentence embeddings
22-11-08 16:27:46 - INFO - root: Training pytorch-MLP-nhid0-rmsprop-bs128 with (inner) 5-fold cross-validation
22-11-08 16:27:57 - INFO - root: Best param found at split 1: l2reg = 1e-05                 with score 85.03
22-11-08 16:28:08 - INFO - root: Best param found at split 2: l2reg = 0.001                 with score 84.54
22-11-08 16:28:17 - INFO - root: Best param found at split 3: l2reg = 0.01                 with score 84.74
22-11-08 16:28:29 - INFO - root: Best param found at split 4: l2reg = 1e-05                 with score 85.0
22-11-08 16:28:40 - INFO - root: Best param found at split 5: l2reg = 0.01                 with score 85.07
22-11-08 16:28:40 - INFO - root: Generating sentence embeddings
22-11-08 16:28:48 - INFO - root: Generated sentence embeddings
22-11-08 16:28:48 - INFO - root: Training pytorch-MLP-nhid0-rmsprop-bs128 with (inner) 5-fold cross-validation
22-11-08 16:29:13 - INFO - root: Best param found at split 1: l2reg = 0.01                 with score 91.75
22-11-08 16:29:45 - INFO - root: Best param found at split 2: l2reg = 1e-05                 with score 91.96
22-11-08 16:30:13 - INFO - root: Best param found at split 3: l2reg = 0.01                 with score 92.09
22-11-08 16:30:40 - INFO - root: Best param found at split 4: l2reg = 0.001                 with score 91.51
22-11-08 16:31:09 - INFO - root: Best param found at split 5: l2reg = 0.01                 with score 91.46
22-11-08 16:31:11 - INFO - root: Generating sentence embeddings
22-11-08 16:31:15 - INFO - root: Generated sentence embeddings
22-11-08 16:31:15 - INFO - root: Training pytorch-MLP-nhid0-rmsprop-bs128 with (inner) 5-fold cross-validation
22-11-08 16:31:42 - INFO - root: Best param found at split 1: l2reg = 0.001                 with score 88.47
22-11-08 16:32:12 - INFO - root: Best param found at split 2: l2reg = 1e-05                 with score 88.16
22-11-08 16:32:41 - INFO - root: Best param found at split 3: l2reg = 0.01                 with score 88.54
22-11-08 16:33:08 - INFO - root: Best param found at split 4: l2reg = 0.01                 with score 87.58
22-11-08 16:33:37 - INFO - root: Best param found at split 5: l2reg = 0.0001                 with score 88.41
22-11-08 16:33:38 - INFO - root: Computing embedding for train
22-11-08 16:33:44 - INFO - root: Computed train embeddings
22-11-08 16:33:44 - INFO - root: Computing embedding for dev
22-11-08 16:33:44 - INFO - root: Computed dev embeddings
22-11-08 16:33:44 - INFO - root: Computing embedding for test
22-11-08 16:33:46 - INFO - root: Computed test embeddings
22-11-08 16:33:46 - INFO - root: Training pytorch-MLP-nhid0-rmsprop-bs128 with standard validation..
22-11-08 16:33:52 - INFO - root: [('reg:1e-05', 41.87), ('reg:0.0001', 41.51), ('reg:0.001', 40.96), ('reg:0.01', 44.14)]
22-11-08 16:33:52 - INFO - root: Validation : best param found is reg = 0.01 with score             44.14
22-11-08 16:33:52 - INFO - root: Evaluating...
22-11-08 16:33:54 - INFO - root: ***** Transfer task : TREC *****


22-11-08 16:33:56 - INFO - root: Computed train embeddings
22-11-08 16:33:57 - INFO - root: Computed test embeddings
22-11-08 16:33:57 - INFO - root: Training pytorch-MLP-nhid0-rmsprop-bs128 with 5-fold cross-validation
22-11-08 16:34:14 - INFO - root: [('reg:1e-05', 77.5), ('reg:0.0001', 78.28), ('reg:0.001', 78.23), ('reg:0.01', 73.04)]
22-11-08 16:34:14 - INFO - root: Cross-validation : best param found is reg = 0.0001             with score 78.28
22-11-08 16:34:14 - INFO - root: Evaluating...
22-11-08 16:34:15 - INFO - root: ***** Transfer task : MRPC *****


22-11-08 16:34:15 - INFO - root: Computing embedding for train
22-11-08 16:34:21 - INFO - root: Computed train embeddings
22-11-08 16:34:21 - INFO - root: Computing embedding for test
22-11-08 16:34:23 - INFO - root: Computed test embeddings
22-11-08 16:34:23 - INFO - root: Training pytorch-MLP-nhid0-rmsprop-bs128 with 5-fold cross-validation
22-11-08 16:34:36 - INFO - root: [('reg:1e-05', 73.43), ('reg:0.0001', 73.63), ('reg:0.001', 74.07), ('reg:0.01', 74.88)]
22-11-08 16:34:36 - INFO - root: Cross-validation : best param found is reg = 0.01             with score 74.88
22-11-08 16:34:36 - INFO - root: Evaluating...
22-11-19 19:31:41 - INFO - sentence_transformers.SentenceTransformer: Load pretrained SentenceTransformer: sentence-transformers/LaBSE
22-11-19 19:31:44 - INFO - sentence_transformers.SentenceTransformer: Use pytorch device: cuda
22-11-19 19:31:44 - INFO - __main__: SBert model sentence-transformers/LaBSE is loaded.
22-11-19 19:31:46 - INFO - __main__: Num of SBert features: 768
