22-11-08 10:59:26 - INFO - sentence_transformers.SentenceTransformer: Load pretrained SentenceTransformer: sentence-transformers/LaBSE
22-11-08 10:59:30 - INFO - sentence_transformers.SentenceTransformer: Use pytorch device: cuda
22-11-08 10:59:30 - INFO - __main__: SBert model sentence-transformers/LaBSE is loaded.
22-11-08 10:59:32 - INFO - __main__: Num of SBert features: 768
22-11-08 10:59:33 - INFO - root: Generating sentence embeddings
22-11-08 10:59:40 - INFO - root: Generated sentence embeddings
22-11-08 10:59:40 - INFO - root: Training pytorch-MLP-nhid0-rmsprop-bs128 with (inner) 5-fold cross-validation
22-11-08 11:00:07 - INFO - root: Best param found at split 1: l2reg = 0.0001                 with score 73.49
22-11-08 11:00:33 - INFO - root: Best param found at split 2: l2reg = 0.01                 with score 75.31
22-11-08 11:01:03 - INFO - root: Best param found at split 3: l2reg = 1e-05                 with score 74.26
22-11-08 11:01:33 - INFO - root: Best param found at split 4: l2reg = 0.01                 with score 73.35
22-11-08 11:02:03 - INFO - root: Best param found at split 5: l2reg = 0.001                 with score 75.3
22-11-08 11:02:05 - INFO - root: Generating sentence embeddings
22-11-08 11:02:07 - INFO - root: Generated sentence embeddings
22-11-08 11:02:07 - INFO - root: Training pytorch-MLP-nhid0-rmsprop-bs128 with (inner) 5-fold cross-validation
22-11-08 11:02:18 - INFO - root: Best param found at split 1: l2reg = 0.01                 with score 84.21
22-11-08 11:02:30 - INFO - root: Best param found at split 2: l2reg = 1e-05                 with score 84.77
22-11-08 11:02:41 - INFO - root: Best param found at split 3: l2reg = 0.01                 with score 85.3
22-11-08 11:02:52 - INFO - root: Best param found at split 4: l2reg = 0.001                 with score 83.74
22-11-08 11:03:02 - INFO - root: Best param found at split 5: l2reg = 0.01                 with score 82.88
22-11-08 11:03:03 - INFO - root: Generating sentence embeddings
22-11-08 11:03:10 - INFO - root: Generated sentence embeddings
22-11-08 11:03:10 - INFO - root: Training pytorch-MLP-nhid0-rmsprop-bs128 with (inner) 5-fold cross-validation
22-11-08 11:03:35 - INFO - root: Best param found at split 1: l2reg = 0.001                 with score 90.84
22-11-08 11:04:02 - INFO - root: Best param found at split 2: l2reg = 0.0001                 with score 91.09
22-11-08 11:04:28 - INFO - root: Best param found at split 3: l2reg = 1e-05                 with score 91.42
22-11-08 11:04:56 - INFO - root: Best param found at split 4: l2reg = 1e-05                 with score 90.96
22-11-08 11:05:27 - INFO - root: Best param found at split 5: l2reg = 0.01                 with score 90.93
22-11-08 11:05:28 - INFO - root: Generating sentence embeddings
22-11-08 11:05:32 - INFO - root: Generated sentence embeddings
22-11-08 11:05:32 - INFO - root: Training pytorch-MLP-nhid0-rmsprop-bs128 with (inner) 5-fold cross-validation
22-11-08 11:05:57 - INFO - root: Best param found at split 1: l2reg = 0.001                 with score 88.33
22-11-08 11:06:27 - INFO - root: Best param found at split 2: l2reg = 0.01                 with score 87.47
22-11-08 11:06:58 - INFO - root: Best param found at split 3: l2reg = 0.01                 with score 87.8
22-11-08 11:07:25 - INFO - root: Best param found at split 4: l2reg = 0.01                 with score 87.48
22-11-08 11:07:54 - INFO - root: Best param found at split 5: l2reg = 0.01                 with score 87.25
22-11-08 11:07:56 - INFO - root: Computing embedding for train
22-11-08 11:08:01 - INFO - root: Computed train embeddings
22-11-08 11:08:01 - INFO - root: Computing embedding for dev
22-11-08 11:08:02 - INFO - root: Computed dev embeddings
22-11-08 11:08:02 - INFO - root: Computing embedding for test
22-11-08 11:08:03 - INFO - root: Computed test embeddings
22-11-08 11:08:03 - INFO - root: Training pytorch-MLP-nhid0-rmsprop-bs128 with standard validation..
22-11-08 11:08:10 - INFO - root: [('reg:1e-05', 37.69), ('reg:0.0001', 42.05), ('reg:0.001', 41.51), ('reg:0.01', 41.33)]
22-11-08 11:08:10 - INFO - root: Validation : best param found is reg = 0.0001 with score             42.05
22-11-08 11:08:10 - INFO - root: Evaluating...
22-11-08 11:08:12 - INFO - root: ***** Transfer task : TREC *****


22-11-08 11:08:15 - INFO - root: Computed train embeddings
22-11-08 11:08:15 - INFO - root: Computed test embeddings
22-11-08 11:08:15 - INFO - root: Training pytorch-MLP-nhid0-rmsprop-bs128 with 5-fold cross-validation
22-11-08 11:08:34 - INFO - root: [('reg:1e-05', 77.82), ('reg:0.0001', 77.24), ('reg:0.001', 78.21), ('reg:0.01', 75.77)]
22-11-08 11:08:34 - INFO - root: Cross-validation : best param found is reg = 0.001             with score 78.21
22-11-08 11:08:34 - INFO - root: Evaluating...
22-11-08 11:08:35 - INFO - root: ***** Transfer task : MRPC *****


22-11-08 11:08:35 - INFO - root: Computing embedding for train
22-11-08 11:08:41 - INFO - root: Computed train embeddings
22-11-08 11:08:41 - INFO - root: Computing embedding for test
22-11-08 11:08:43 - INFO - root: Computed test embeddings
22-11-08 11:08:43 - INFO - root: Training pytorch-MLP-nhid0-rmsprop-bs128 with 5-fold cross-validation
22-11-08 11:08:56 - INFO - root: [('reg:1e-05', 73.36), ('reg:0.0001', 73.21), ('reg:0.001', 73.48), ('reg:0.01', 74.12)]
22-11-08 11:08:56 - INFO - root: Cross-validation : best param found is reg = 0.01             with score 74.12
22-11-08 11:08:56 - INFO - root: Evaluating...
22-11-19 17:20:24 - INFO - sentence_transformers.SentenceTransformer: Load pretrained SentenceTransformer: sentence-transformers/LaBSE
22-11-19 17:20:27 - INFO - sentence_transformers.SentenceTransformer: Use pytorch device: cuda
22-11-19 17:20:27 - INFO - __main__: SBert model sentence-transformers/LaBSE is loaded.
22-11-19 17:20:29 - INFO - __main__: Num of SBert features: 768
