22-11-09 02:14:32 - INFO - sentence_transformers.SentenceTransformer: Load pretrained SentenceTransformer: sentence-transformers/LaBSE
22-11-09 02:14:35 - INFO - sentence_transformers.SentenceTransformer: Use pytorch device: cuda
22-11-09 02:14:35 - INFO - __main__: SBert model sentence-transformers/LaBSE is loaded.
22-11-09 02:14:37 - INFO - __main__: Num of SBert features: 768
22-11-09 02:14:38 - INFO - root: Generating sentence embeddings
22-11-09 02:14:45 - INFO - root: Generated sentence embeddings
22-11-09 02:14:45 - INFO - root: Training pytorch-MLP-nhid0-rmsprop-bs128 with (inner) 5-fold cross-validation
22-11-09 02:15:17 - INFO - root: Best param found at split 1: l2reg = 1e-05                 with score 77.11
22-11-09 02:15:47 - INFO - root: Best param found at split 2: l2reg = 1e-05                 with score 76.52
22-11-09 02:16:23 - INFO - root: Best param found at split 3: l2reg = 0.001                 with score 76.17
22-11-09 02:16:51 - INFO - root: Best param found at split 4: l2reg = 0.001                 with score 74.7
22-11-09 02:17:13 - INFO - root: Best param found at split 5: l2reg = 0.01                 with score 75.81
22-11-09 02:17:15 - INFO - root: Generating sentence embeddings
22-11-09 02:17:17 - INFO - root: Generated sentence embeddings
22-11-09 02:17:17 - INFO - root: Training pytorch-MLP-nhid0-rmsprop-bs128 with (inner) 5-fold cross-validation
22-11-09 02:17:27 - INFO - root: Best param found at split 1: l2reg = 0.0001                 with score 86.16
22-11-09 02:17:38 - INFO - root: Best param found at split 2: l2reg = 0.001                 with score 85.53
22-11-09 02:17:48 - INFO - root: Best param found at split 3: l2reg = 0.0001                 with score 85.13
22-11-09 02:17:58 - INFO - root: Best param found at split 4: l2reg = 0.001                 with score 85.3
22-11-09 02:18:09 - INFO - root: Best param found at split 5: l2reg = 0.0001                 with score 84.77
22-11-09 02:18:10 - INFO - root: Generating sentence embeddings
22-11-09 02:18:17 - INFO - root: Generated sentence embeddings
22-11-09 02:18:17 - INFO - root: Training pytorch-MLP-nhid0-rmsprop-bs128 with (inner) 5-fold cross-validation
22-11-09 02:18:43 - INFO - root: Best param found at split 1: l2reg = 0.01                 with score 92.11
22-11-09 02:19:11 - INFO - root: Best param found at split 2: l2reg = 0.001                 with score 92.64
22-11-09 02:19:38 - INFO - root: Best param found at split 3: l2reg = 0.001                 with score 92.18
22-11-09 02:20:04 - INFO - root: Best param found at split 4: l2reg = 0.001                 with score 92.0
22-11-09 02:20:21 - INFO - root: Best param found at split 5: l2reg = 1e-05                 with score 92.12
22-11-09 02:20:22 - INFO - root: Generating sentence embeddings
22-11-09 02:20:26 - INFO - root: Generated sentence embeddings
22-11-09 02:20:26 - INFO - root: Training pytorch-MLP-nhid0-rmsprop-bs128 with (inner) 5-fold cross-validation
22-11-09 02:20:53 - INFO - root: Best param found at split 1: l2reg = 1e-05                 with score 89.22
22-11-09 02:21:25 - INFO - root: Best param found at split 2: l2reg = 0.0001                 with score 88.9
22-11-09 02:21:58 - INFO - root: Best param found at split 3: l2reg = 0.001                 with score 88.89
22-11-09 02:22:27 - INFO - root: Best param found at split 4: l2reg = 0.001                 with score 88.44
22-11-09 02:22:56 - INFO - root: Best param found at split 5: l2reg = 0.0001                 with score 88.5
22-11-09 02:22:58 - INFO - root: Computing embedding for train
22-11-09 02:23:03 - INFO - root: Computed train embeddings
22-11-09 02:23:03 - INFO - root: Computing embedding for dev
22-11-09 02:23:04 - INFO - root: Computed dev embeddings
22-11-09 02:23:04 - INFO - root: Computing embedding for test
22-11-09 02:23:05 - INFO - root: Computed test embeddings
22-11-09 02:23:05 - INFO - root: Training pytorch-MLP-nhid0-rmsprop-bs128 with standard validation..
22-11-09 02:23:12 - INFO - root: [('reg:1e-05', 40.05), ('reg:0.0001', 42.42), ('reg:0.001', 40.69), ('reg:0.01', 39.69)]
22-11-09 02:23:12 - INFO - root: Validation : best param found is reg = 0.0001 with score             42.42
22-11-09 02:23:12 - INFO - root: Evaluating...
22-11-09 02:23:14 - INFO - root: ***** Transfer task : TREC *****


22-11-09 02:23:16 - INFO - root: Computed train embeddings
22-11-09 02:23:16 - INFO - root: Computed test embeddings
22-11-09 02:23:16 - INFO - root: Training pytorch-MLP-nhid0-rmsprop-bs128 with 5-fold cross-validation
22-11-09 02:23:35 - INFO - root: [('reg:1e-05', 78.85), ('reg:0.0001', 83.69), ('reg:0.001', 81.02), ('reg:0.01', 76.16)]
22-11-09 02:23:35 - INFO - root: Cross-validation : best param found is reg = 0.0001             with score 83.69
22-11-09 02:23:35 - INFO - root: Evaluating...
22-11-09 02:23:36 - INFO - root: ***** Transfer task : MRPC *****


22-11-09 02:23:36 - INFO - root: Computing embedding for train
22-11-09 02:23:41 - INFO - root: Computed train embeddings
22-11-09 02:23:41 - INFO - root: Computing embedding for test
22-11-09 02:23:44 - INFO - root: Computed test embeddings
22-11-09 02:23:44 - INFO - root: Training pytorch-MLP-nhid0-rmsprop-bs128 with 5-fold cross-validation
22-11-09 02:23:56 - INFO - root: [('reg:1e-05', 75.05), ('reg:0.0001', 75.07), ('reg:0.001', 74.61), ('reg:0.01', 74.31)]
22-11-09 02:23:56 - INFO - root: Cross-validation : best param found is reg = 0.0001             with score 75.07
22-11-09 02:23:56 - INFO - root: Evaluating...
22-11-19 23:32:02 - INFO - sentence_transformers.SentenceTransformer: Load pretrained SentenceTransformer: sentence-transformers/LaBSE
22-11-19 23:32:06 - INFO - sentence_transformers.SentenceTransformer: Use pytorch device: cuda
22-11-19 23:32:06 - INFO - __main__: SBert model sentence-transformers/LaBSE is loaded.
22-11-19 23:32:07 - INFO - __main__: Num of SBert features: 768
