22-11-07 18:57:25 - INFO - sentence_transformers.SentenceTransformer: Load pretrained SentenceTransformer: sentence-transformers/LaBSE
22-11-07 18:57:29 - INFO - sentence_transformers.SentenceTransformer: Use pytorch device: cuda
22-11-07 18:57:29 - INFO - __main__: SBert model sentence-transformers/LaBSE is loaded.
22-11-07 18:57:31 - INFO - __main__: Num of SBert features: 768
22-11-07 18:57:31 - INFO - root: Generating sentence embeddings
22-11-07 18:57:38 - INFO - root: Generated sentence embeddings
22-11-07 18:57:38 - INFO - root: Training pytorch-MLP-nhid0-rmsprop-bs128 with (inner) 5-fold cross-validation
22-11-07 18:58:11 - INFO - root: Best param found at split 1: l2reg = 1e-05                 with score 79.48
22-11-07 18:58:42 - INFO - root: Best param found at split 2: l2reg = 0.0001                 with score 78.9
22-11-07 18:59:12 - INFO - root: Best param found at split 3: l2reg = 1e-05                 with score 79.06
22-11-07 18:59:40 - INFO - root: Best param found at split 4: l2reg = 1e-05                 with score 78.79
22-11-07 19:00:13 - INFO - root: Best param found at split 5: l2reg = 1e-05                 with score 78.92
22-11-07 19:00:15 - INFO - root: Generating sentence embeddings
22-11-07 19:00:17 - INFO - root: Generated sentence embeddings
22-11-07 19:00:17 - INFO - root: Training pytorch-MLP-nhid0-rmsprop-bs128 with (inner) 5-fold cross-validation
22-11-07 19:00:26 - INFO - root: Best param found at split 1: l2reg = 1e-05                 with score 87.72
22-11-07 19:00:37 - INFO - root: Best param found at split 2: l2reg = 1e-05                 with score 86.85
22-11-07 19:00:48 - INFO - root: Best param found at split 3: l2reg = 1e-05                 with score 86.95
22-11-07 19:00:59 - INFO - root: Best param found at split 4: l2reg = 0.0001                 with score 86.56
22-11-07 19:01:09 - INFO - root: Best param found at split 5: l2reg = 0.0001                 with score 86.39
22-11-07 19:01:10 - INFO - root: Generating sentence embeddings
22-11-07 19:01:17 - INFO - root: Generated sentence embeddings
22-11-07 19:01:17 - INFO - root: Training pytorch-MLP-nhid0-rmsprop-bs128 with (inner) 5-fold cross-validation
22-11-07 19:01:41 - INFO - root: Best param found at split 1: l2reg = 1e-05                 with score 92.72
22-11-07 19:02:10 - INFO - root: Best param found at split 2: l2reg = 1e-05                 with score 93.22
22-11-07 19:02:38 - INFO - root: Best param found at split 3: l2reg = 1e-05                 with score 93.12
22-11-07 19:03:08 - INFO - root: Best param found at split 4: l2reg = 1e-05                 with score 93.2
22-11-07 19:03:37 - INFO - root: Best param found at split 5: l2reg = 1e-05                 with score 92.92
22-11-07 19:03:39 - INFO - root: Generating sentence embeddings
22-11-07 19:03:42 - INFO - root: Generated sentence embeddings
22-11-07 19:03:42 - INFO - root: Training pytorch-MLP-nhid0-rmsprop-bs128 with (inner) 5-fold cross-validation
22-11-07 19:03:59 - INFO - root: Best param found at split 1: l2reg = 1e-05                 with score 89.89
22-11-07 19:04:17 - INFO - root: Best param found at split 2: l2reg = 1e-05                 with score 89.44
22-11-07 19:04:46 - INFO - root: Best param found at split 3: l2reg = 1e-05                 with score 89.58
22-11-07 19:05:12 - INFO - root: Best param found at split 4: l2reg = 1e-05                 with score 89.56
22-11-07 19:05:42 - INFO - root: Best param found at split 5: l2reg = 1e-05                 with score 89.49
22-11-07 19:05:44 - INFO - root: Computing embedding for train
22-11-07 19:05:49 - INFO - root: Computed train embeddings
22-11-07 19:05:49 - INFO - root: Computing embedding for dev
22-11-07 19:05:50 - INFO - root: Computed dev embeddings
22-11-07 19:05:50 - INFO - root: Computing embedding for test
22-11-07 19:05:51 - INFO - root: Computed test embeddings
22-11-07 19:05:51 - INFO - root: Training pytorch-MLP-nhid0-rmsprop-bs128 with standard validation..
22-11-07 19:05:58 - INFO - root: [('reg:1e-05', 46.14), ('reg:0.0001', 46.32), ('reg:0.001', 45.5), ('reg:0.01', 41.51)]
22-11-07 19:05:58 - INFO - root: Validation : best param found is reg = 0.0001 with score             46.32
22-11-07 19:05:58 - INFO - root: Evaluating...
22-11-07 19:06:00 - INFO - root: ***** Transfer task : TREC *****


22-11-07 19:06:02 - INFO - root: Computed train embeddings
22-11-07 19:06:02 - INFO - root: Computed test embeddings
22-11-07 19:06:02 - INFO - root: Training pytorch-MLP-nhid0-rmsprop-bs128 with 5-fold cross-validation
22-11-07 19:06:23 - INFO - root: [('reg:1e-05', 86.83), ('reg:0.0001', 86.37), ('reg:0.001', 83.55), ('reg:0.01', 72.14)]
22-11-07 19:06:23 - INFO - root: Cross-validation : best param found is reg = 1e-05             with score 86.83
22-11-07 19:06:23 - INFO - root: Evaluating...
22-11-07 19:06:24 - INFO - root: ***** Transfer task : MRPC *****


22-11-07 19:06:24 - INFO - root: Computing embedding for train
22-11-07 19:06:29 - INFO - root: Computed train embeddings
22-11-07 19:06:29 - INFO - root: Computing embedding for test
22-11-07 19:06:32 - INFO - root: Computed test embeddings
22-11-07 19:06:32 - INFO - root: Training pytorch-MLP-nhid0-rmsprop-bs128 with 5-fold cross-validation
22-11-07 19:06:45 - INFO - root: [('reg:1e-05', 75.86), ('reg:0.0001', 75.32), ('reg:0.001', 74.83), ('reg:0.01', 74.26)]
22-11-07 19:06:45 - INFO - root: Cross-validation : best param found is reg = 1e-05             with score 75.86
22-11-07 19:06:45 - INFO - root: Evaluating...
