22-11-09 03:15:49 - INFO - sentence_transformers.SentenceTransformer: Load pretrained SentenceTransformer: sentence-transformers/LaBSE
22-11-09 03:15:52 - INFO - sentence_transformers.SentenceTransformer: Use pytorch device: cuda
22-11-09 03:15:52 - INFO - __main__: SBert model sentence-transformers/LaBSE is loaded.
22-11-09 03:15:55 - INFO - __main__: Num of SBert features: 768
22-11-09 03:15:55 - INFO - root: Generating sentence embeddings
22-11-09 03:16:02 - INFO - root: Generated sentence embeddings
22-11-09 03:16:02 - INFO - root: Training pytorch-MLP-nhid0-rmsprop-bs128 with (inner) 5-fold cross-validation
22-11-09 03:16:29 - INFO - root: Best param found at split 1: l2reg = 0.0001                 with score 74.35
22-11-09 03:16:58 - INFO - root: Best param found at split 2: l2reg = 0.001                 with score 77.34
22-11-09 03:17:29 - INFO - root: Best param found at split 3: l2reg = 0.0001                 with score 76.86
22-11-09 03:17:57 - INFO - root: Best param found at split 4: l2reg = 1e-05                 with score 75.16
22-11-09 03:18:27 - INFO - root: Best param found at split 5: l2reg = 0.0001                 with score 77.01
22-11-09 03:18:29 - INFO - root: Generating sentence embeddings
22-11-09 03:18:31 - INFO - root: Generated sentence embeddings
22-11-09 03:18:31 - INFO - root: Training pytorch-MLP-nhid0-rmsprop-bs128 with (inner) 5-fold cross-validation
22-11-09 03:18:40 - INFO - root: Best param found at split 1: l2reg = 0.01                 with score 85.89
22-11-09 03:18:50 - INFO - root: Best param found at split 2: l2reg = 0.01                 with score 84.64
22-11-09 03:19:01 - INFO - root: Best param found at split 3: l2reg = 1e-05                 with score 85.3
22-11-09 03:19:12 - INFO - root: Best param found at split 4: l2reg = 0.01                 with score 85.53
22-11-09 03:19:23 - INFO - root: Best param found at split 5: l2reg = 0.01                 with score 85.26
22-11-09 03:19:24 - INFO - root: Generating sentence embeddings
22-11-09 03:19:31 - INFO - root: Generated sentence embeddings
22-11-09 03:19:31 - INFO - root: Training pytorch-MLP-nhid0-rmsprop-bs128 with (inner) 5-fold cross-validation
22-11-09 03:19:58 - INFO - root: Best param found at split 1: l2reg = 0.01                 with score 91.91
22-11-09 03:20:29 - INFO - root: Best param found at split 2: l2reg = 0.001                 with score 92.35
22-11-09 03:20:58 - INFO - root: Best param found at split 3: l2reg = 0.001                 with score 92.14
22-11-09 03:21:26 - INFO - root: Best param found at split 4: l2reg = 0.01                 with score 91.94
22-11-09 03:21:50 - INFO - root: Best param found at split 5: l2reg = 1e-05                 with score 91.98
22-11-09 03:21:51 - INFO - root: Generating sentence embeddings
22-11-09 03:21:55 - INFO - root: Generated sentence embeddings
22-11-09 03:21:55 - INFO - root: Training pytorch-MLP-nhid0-rmsprop-bs128 with (inner) 5-fold cross-validation
22-11-09 03:22:23 - INFO - root: Best param found at split 1: l2reg = 0.001                 with score 89.16
22-11-09 03:22:54 - INFO - root: Best param found at split 2: l2reg = 0.01                 with score 88.77
22-11-09 03:23:23 - INFO - root: Best param found at split 3: l2reg = 0.0001                 with score 88.6
22-11-09 03:23:50 - INFO - root: Best param found at split 4: l2reg = 0.001                 with score 88.77
22-11-09 03:24:18 - INFO - root: Best param found at split 5: l2reg = 0.0001                 with score 88.77
22-11-09 03:24:19 - INFO - root: Computing embedding for train
22-11-09 03:24:25 - INFO - root: Computed train embeddings
22-11-09 03:24:25 - INFO - root: Computing embedding for dev
22-11-09 03:24:25 - INFO - root: Computed dev embeddings
22-11-09 03:24:25 - INFO - root: Computing embedding for test
22-11-09 03:24:27 - INFO - root: Computed test embeddings
22-11-09 03:24:27 - INFO - root: Training pytorch-MLP-nhid0-rmsprop-bs128 with standard validation..
22-11-09 03:24:33 - INFO - root: [('reg:1e-05', 36.78), ('reg:0.0001', 38.15), ('reg:0.001', 42.6), ('reg:0.01', 33.24)]
22-11-09 03:24:33 - INFO - root: Validation : best param found is reg = 0.001 with score             42.6
22-11-09 03:24:33 - INFO - root: Evaluating...
22-11-09 03:24:34 - INFO - root: ***** Transfer task : TREC *****


22-11-09 03:24:37 - INFO - root: Computed train embeddings
22-11-09 03:24:37 - INFO - root: Computed test embeddings
22-11-09 03:24:37 - INFO - root: Training pytorch-MLP-nhid0-rmsprop-bs128 with 5-fold cross-validation
22-11-09 03:24:55 - INFO - root: [('reg:1e-05', 80.41), ('reg:0.0001', 82.06), ('reg:0.001', 80.19), ('reg:0.01', 77.86)]
22-11-09 03:24:55 - INFO - root: Cross-validation : best param found is reg = 0.0001             with score 82.06
22-11-09 03:24:55 - INFO - root: Evaluating...
22-11-09 03:24:56 - INFO - root: ***** Transfer task : MRPC *****


22-11-09 03:24:56 - INFO - root: Computing embedding for train
22-11-09 03:25:02 - INFO - root: Computed train embeddings
22-11-09 03:25:02 - INFO - root: Computing embedding for test
22-11-09 03:25:04 - INFO - root: Computed test embeddings
22-11-09 03:25:04 - INFO - root: Training pytorch-MLP-nhid0-rmsprop-bs128 with 5-fold cross-validation
22-11-09 03:25:17 - INFO - root: [('reg:1e-05', 74.71), ('reg:0.0001', 74.26), ('reg:0.001', 75.07), ('reg:0.01', 75.56)]
22-11-09 03:25:17 - INFO - root: Cross-validation : best param found is reg = 0.01             with score 75.56
22-11-09 03:25:17 - INFO - root: Evaluating...
22-11-20 00:00:21 - INFO - sentence_transformers.SentenceTransformer: Load pretrained SentenceTransformer: sentence-transformers/LaBSE
22-11-20 00:00:24 - INFO - sentence_transformers.SentenceTransformer: Use pytorch device: cuda
22-11-20 00:00:24 - INFO - __main__: SBert model sentence-transformers/LaBSE is loaded.
22-11-20 00:00:26 - INFO - __main__: Num of SBert features: 768
