22-11-08 15:50:57 - INFO - sentence_transformers.SentenceTransformer: Load pretrained SentenceTransformer: sentence-transformers/LaBSE
22-11-08 15:51:01 - INFO - sentence_transformers.SentenceTransformer: Use pytorch device: cuda
22-11-08 15:51:01 - INFO - __main__: SBert model sentence-transformers/LaBSE is loaded.
22-11-08 15:51:03 - INFO - __main__: Num of SBert features: 768
22-11-08 15:51:04 - INFO - root: Generating sentence embeddings
22-11-08 15:51:11 - INFO - root: Generated sentence embeddings
22-11-08 15:51:11 - INFO - root: Training pytorch-MLP-nhid0-rmsprop-bs128 with (inner) 5-fold cross-validation
22-11-08 15:51:39 - INFO - root: Best param found at split 1: l2reg = 0.01                 with score 75.85
22-11-08 15:52:10 - INFO - root: Best param found at split 2: l2reg = 1e-05                 with score 75.96
22-11-08 15:52:42 - INFO - root: Best param found at split 3: l2reg = 1e-05                 with score 75.53
22-11-08 15:53:12 - INFO - root: Best param found at split 4: l2reg = 0.001                 with score 75.16
22-11-08 15:53:31 - INFO - root: Best param found at split 5: l2reg = 0.01                 with score 75.02
22-11-08 15:53:33 - INFO - root: Generating sentence embeddings
22-11-08 15:53:35 - INFO - root: Generated sentence embeddings
22-11-08 15:53:35 - INFO - root: Training pytorch-MLP-nhid0-rmsprop-bs128 with (inner) 5-fold cross-validation
22-11-08 15:53:46 - INFO - root: Best param found at split 1: l2reg = 1e-05                 with score 84.54
22-11-08 15:53:57 - INFO - root: Best param found at split 2: l2reg = 0.001                 with score 84.47
22-11-08 15:54:08 - INFO - root: Best param found at split 3: l2reg = 0.01                 with score 84.47
22-11-08 15:54:20 - INFO - root: Best param found at split 4: l2reg = 0.01                 with score 84.11
22-11-08 15:54:31 - INFO - root: Best param found at split 5: l2reg = 0.01                 with score 83.38
22-11-08 15:54:32 - INFO - root: Generating sentence embeddings
22-11-08 15:54:39 - INFO - root: Generated sentence embeddings
22-11-08 15:54:39 - INFO - root: Training pytorch-MLP-nhid0-rmsprop-bs128 with (inner) 5-fold cross-validation
22-11-08 15:55:08 - INFO - root: Best param found at split 1: l2reg = 0.001                 with score 91.8
22-11-08 15:55:34 - INFO - root: Best param found at split 2: l2reg = 0.01                 with score 91.89
22-11-08 15:56:01 - INFO - root: Best param found at split 3: l2reg = 0.01                 with score 92.12
22-11-08 15:56:33 - INFO - root: Best param found at split 4: l2reg = 0.001                 with score 91.76
22-11-08 15:57:02 - INFO - root: Best param found at split 5: l2reg = 0.01                 with score 91.55
22-11-08 15:57:03 - INFO - root: Generating sentence embeddings
22-11-08 15:57:07 - INFO - root: Generated sentence embeddings
22-11-08 15:57:07 - INFO - root: Training pytorch-MLP-nhid0-rmsprop-bs128 with (inner) 5-fold cross-validation
22-11-08 15:57:35 - INFO - root: Best param found at split 1: l2reg = 0.01                 with score 88.64
22-11-08 15:58:06 - INFO - root: Best param found at split 2: l2reg = 0.01                 with score 88.07
22-11-08 15:58:36 - INFO - root: Best param found at split 3: l2reg = 0.01                 with score 88.17
22-11-08 15:59:02 - INFO - root: Best param found at split 4: l2reg = 0.001                 with score 88.24
22-11-08 15:59:31 - INFO - root: Best param found at split 5: l2reg = 1e-05                 with score 88.14
22-11-08 15:59:32 - INFO - root: Computing embedding for train
22-11-08 15:59:38 - INFO - root: Computed train embeddings
22-11-08 15:59:38 - INFO - root: Computing embedding for dev
22-11-08 15:59:39 - INFO - root: Computed dev embeddings
22-11-08 15:59:39 - INFO - root: Computing embedding for test
22-11-08 15:59:40 - INFO - root: Computed test embeddings
22-11-08 15:59:40 - INFO - root: Training pytorch-MLP-nhid0-rmsprop-bs128 with standard validation..
22-11-08 15:59:47 - INFO - root: [('reg:1e-05', 41.42), ('reg:0.0001', 36.6), ('reg:0.001', 40.05), ('reg:0.01', 40.51)]
22-11-08 15:59:47 - INFO - root: Validation : best param found is reg = 1e-05 with score             41.42
22-11-08 15:59:47 - INFO - root: Evaluating...
22-11-08 15:59:49 - INFO - root: ***** Transfer task : TREC *****


22-11-08 15:59:52 - INFO - root: Computed train embeddings
22-11-08 15:59:52 - INFO - root: Computed test embeddings
22-11-08 15:59:52 - INFO - root: Training pytorch-MLP-nhid0-rmsprop-bs128 with 5-fold cross-validation
22-11-08 16:00:10 - INFO - root: [('reg:1e-05', 79.04), ('reg:0.0001', 77.68), ('reg:0.001', 78.23), ('reg:0.01', 76.5)]
22-11-08 16:00:10 - INFO - root: Cross-validation : best param found is reg = 1e-05             with score 79.04
22-11-08 16:00:10 - INFO - root: Evaluating...
22-11-08 16:00:11 - INFO - root: ***** Transfer task : MRPC *****


22-11-08 16:00:11 - INFO - root: Computing embedding for train
22-11-08 16:00:16 - INFO - root: Computed train embeddings
22-11-08 16:00:16 - INFO - root: Computing embedding for test
22-11-08 16:00:19 - INFO - root: Computed test embeddings
22-11-08 16:00:19 - INFO - root: Training pytorch-MLP-nhid0-rmsprop-bs128 with 5-fold cross-validation
22-11-08 16:00:32 - INFO - root: [('reg:1e-05', 72.35), ('reg:0.0001', 72.74), ('reg:0.001', 73.26), ('reg:0.01', 74.17)]
22-11-08 16:00:32 - INFO - root: Cross-validation : best param found is reg = 0.01             with score 74.17
22-11-08 16:00:32 - INFO - root: Evaluating...
