22-11-08 05:14:13 - INFO - sentence_transformers.SentenceTransformer: Load pretrained SentenceTransformer: sentence-transformers/LaBSE
22-11-08 05:14:16 - INFO - sentence_transformers.SentenceTransformer: Use pytorch device: cuda
22-11-08 05:14:16 - INFO - __main__: SBert model sentence-transformers/LaBSE is loaded.
22-11-08 05:14:19 - INFO - __main__: Num of SBert features: 768
22-11-08 05:14:19 - INFO - root: Generating sentence embeddings
22-11-08 05:14:26 - INFO - root: Generated sentence embeddings
22-11-08 05:14:26 - INFO - root: Training pytorch-MLP-nhid0-rmsprop-bs128 with (inner) 5-fold cross-validation
22-11-08 05:14:59 - INFO - root: Best param found at split 1: l2reg = 1e-05                 with score 73.1
22-11-08 05:15:36 - INFO - root: Best param found at split 2: l2reg = 1e-05                 with score 74.15
22-11-08 05:16:12 - INFO - root: Best param found at split 3: l2reg = 0.01                 with score 74.08
22-11-08 05:16:38 - INFO - root: Best param found at split 4: l2reg = 1e-05                 with score 71.78
22-11-08 05:17:06 - INFO - root: Best param found at split 5: l2reg = 0.001                 with score 74.0
22-11-08 05:17:08 - INFO - root: Generating sentence embeddings
22-11-08 05:17:10 - INFO - root: Generated sentence embeddings
22-11-08 05:17:10 - INFO - root: Training pytorch-MLP-nhid0-rmsprop-bs128 with (inner) 5-fold cross-validation
22-11-08 05:17:19 - INFO - root: Best param found at split 1: l2reg = 0.001                 with score 83.61
22-11-08 05:17:30 - INFO - root: Best param found at split 2: l2reg = 0.001                 with score 83.44
22-11-08 05:17:39 - INFO - root: Best param found at split 3: l2reg = 1e-05                 with score 83.15
22-11-08 05:17:50 - INFO - root: Best param found at split 4: l2reg = 0.0001                 with score 82.81
22-11-08 05:18:01 - INFO - root: Best param found at split 5: l2reg = 1e-05                 with score 83.38
22-11-08 05:18:02 - INFO - root: Generating sentence embeddings
22-11-08 05:18:08 - INFO - root: Generated sentence embeddings
22-11-08 05:18:08 - INFO - root: Training pytorch-MLP-nhid0-rmsprop-bs128 with (inner) 5-fold cross-validation
22-11-08 05:18:33 - INFO - root: Best param found at split 1: l2reg = 0.01                 with score 89.76
22-11-08 05:18:54 - INFO - root: Best param found at split 2: l2reg = 1e-05                 with score 90.57
22-11-08 05:19:11 - INFO - root: Best param found at split 3: l2reg = 0.0001                 with score 90.6
22-11-08 05:19:34 - INFO - root: Best param found at split 4: l2reg = 0.0001                 with score 90.33
22-11-08 05:20:01 - INFO - root: Best param found at split 5: l2reg = 0.01                 with score 90.1
22-11-08 05:20:03 - INFO - root: Generating sentence embeddings
22-11-08 05:20:06 - INFO - root: Generated sentence embeddings
22-11-08 05:20:06 - INFO - root: Training pytorch-MLP-nhid0-rmsprop-bs128 with (inner) 5-fold cross-validation
22-11-08 05:20:32 - INFO - root: Best param found at split 1: l2reg = 0.001                 with score 88.17
22-11-08 05:21:04 - INFO - root: Best param found at split 2: l2reg = 0.001                 with score 87.31
22-11-08 05:21:35 - INFO - root: Best param found at split 3: l2reg = 0.01                 with score 87.99
22-11-08 05:22:05 - INFO - root: Best param found at split 4: l2reg = 0.01                 with score 86.92
22-11-08 05:22:36 - INFO - root: Best param found at split 5: l2reg = 0.0001                 with score 87.61
22-11-08 05:22:38 - INFO - root: Computing embedding for train
22-11-08 05:22:43 - INFO - root: Computed train embeddings
22-11-08 05:22:43 - INFO - root: Computing embedding for dev
22-11-08 05:22:44 - INFO - root: Computed dev embeddings
22-11-08 05:22:44 - INFO - root: Computing embedding for test
22-11-08 05:22:45 - INFO - root: Computed test embeddings
22-11-08 05:22:45 - INFO - root: Training pytorch-MLP-nhid0-rmsprop-bs128 with standard validation..
22-11-08 05:22:51 - INFO - root: [('reg:1e-05', 38.87), ('reg:0.0001', 38.78), ('reg:0.001', 41.69), ('reg:0.01', 37.06)]
22-11-08 05:22:51 - INFO - root: Validation : best param found is reg = 0.001 with score             41.69
22-11-08 05:22:51 - INFO - root: Evaluating...
22-11-08 05:22:52 - INFO - root: ***** Transfer task : TREC *****


22-11-08 05:22:55 - INFO - root: Computed train embeddings
22-11-08 05:22:55 - INFO - root: Computed test embeddings
22-11-08 05:22:55 - INFO - root: Training pytorch-MLP-nhid0-rmsprop-bs128 with 5-fold cross-validation
22-11-08 05:23:12 - INFO - root: [('reg:1e-05', 76.25), ('reg:0.0001', 76.65), ('reg:0.001', 76.76), ('reg:0.01', 72.38)]
22-11-08 05:23:12 - INFO - root: Cross-validation : best param found is reg = 0.001             with score 76.76
22-11-08 05:23:12 - INFO - root: Evaluating...
22-11-08 05:23:13 - INFO - root: ***** Transfer task : MRPC *****


22-11-08 05:23:13 - INFO - root: Computing embedding for train
22-11-08 05:23:19 - INFO - root: Computed train embeddings
22-11-08 05:23:19 - INFO - root: Computing embedding for test
22-11-08 05:23:21 - INFO - root: Computed test embeddings
22-11-08 05:23:21 - INFO - root: Training pytorch-MLP-nhid0-rmsprop-bs128 with 5-fold cross-validation
22-11-08 05:23:35 - INFO - root: [('reg:1e-05', 72.57), ('reg:0.0001', 72.72), ('reg:0.001', 72.67), ('reg:0.01', 72.69)]
22-11-08 05:23:35 - INFO - root: Cross-validation : best param found is reg = 0.0001             with score 72.72
22-11-08 05:23:35 - INFO - root: Evaluating...
