22-11-08 04:47:17 - INFO - sentence_transformers.SentenceTransformer: Load pretrained SentenceTransformer: sentence-transformers/LaBSE
22-11-08 04:47:21 - INFO - sentence_transformers.SentenceTransformer: Use pytorch device: cuda
22-11-08 04:47:21 - INFO - __main__: SBert model sentence-transformers/LaBSE is loaded.
22-11-08 04:47:23 - INFO - __main__: Num of SBert features: 768
22-11-08 04:47:24 - INFO - root: Generating sentence embeddings
22-11-08 04:47:31 - INFO - root: Generated sentence embeddings
22-11-08 04:47:31 - INFO - root: Training pytorch-MLP-nhid0-rmsprop-bs128 with (inner) 5-fold cross-validation
22-11-08 04:48:01 - INFO - root: Best param found at split 1: l2reg = 1e-05                 with score 74.22
22-11-08 04:48:33 - INFO - root: Best param found at split 2: l2reg = 1e-05                 with score 72.83
22-11-08 04:49:02 - INFO - root: Best param found at split 3: l2reg = 0.01                 with score 74.14
22-11-08 04:49:29 - INFO - root: Best param found at split 4: l2reg = 0.0001                 with score 73.24
22-11-08 04:50:01 - INFO - root: Best param found at split 5: l2reg = 0.001                 with score 73.8
22-11-08 04:50:02 - INFO - root: Generating sentence embeddings
22-11-08 04:50:05 - INFO - root: Generated sentence embeddings
22-11-08 04:50:05 - INFO - root: Training pytorch-MLP-nhid0-rmsprop-bs128 with (inner) 5-fold cross-validation
22-11-08 04:50:14 - INFO - root: Best param found at split 1: l2reg = 0.01                 with score 83.64
22-11-08 04:50:24 - INFO - root: Best param found at split 2: l2reg = 0.001                 with score 82.91
22-11-08 04:50:34 - INFO - root: Best param found at split 3: l2reg = 0.01                 with score 82.32
22-11-08 04:50:45 - INFO - root: Best param found at split 4: l2reg = 0.001                 with score 83.44
22-11-08 04:50:56 - INFO - root: Best param found at split 5: l2reg = 0.001                 with score 82.25
22-11-08 04:50:56 - INFO - root: Generating sentence embeddings
22-11-08 04:51:03 - INFO - root: Generated sentence embeddings
22-11-08 04:51:03 - INFO - root: Training pytorch-MLP-nhid0-rmsprop-bs128 with (inner) 5-fold cross-validation
22-11-08 04:51:26 - INFO - root: Best param found at split 1: l2reg = 0.01                 with score 89.89
22-11-08 04:51:55 - INFO - root: Best param found at split 2: l2reg = 0.01                 with score 90.14
22-11-08 04:52:19 - INFO - root: Best param found at split 3: l2reg = 0.01                 with score 90.16
22-11-08 04:52:40 - INFO - root: Best param found at split 4: l2reg = 0.001                 with score 89.98
22-11-08 04:53:01 - INFO - root: Best param found at split 5: l2reg = 0.01                 with score 90.21
22-11-08 04:53:02 - INFO - root: Generating sentence embeddings
22-11-08 04:53:06 - INFO - root: Generated sentence embeddings
22-11-08 04:53:06 - INFO - root: Training pytorch-MLP-nhid0-rmsprop-bs128 with (inner) 5-fold cross-validation
22-11-08 04:53:31 - INFO - root: Best param found at split 1: l2reg = 1e-05                 with score 87.42
22-11-08 04:53:59 - INFO - root: Best param found at split 2: l2reg = 0.001                 with score 87.13
22-11-08 04:54:31 - INFO - root: Best param found at split 3: l2reg = 0.001                 with score 87.5
22-11-08 04:55:02 - INFO - root: Best param found at split 4: l2reg = 0.01                 with score 88.07
22-11-08 04:55:32 - INFO - root: Best param found at split 5: l2reg = 0.001                 with score 87.6
22-11-08 04:55:34 - INFO - root: Computing embedding for train
22-11-08 04:55:39 - INFO - root: Computed train embeddings
22-11-08 04:55:39 - INFO - root: Computing embedding for dev
22-11-08 04:55:40 - INFO - root: Computed dev embeddings
22-11-08 04:55:40 - INFO - root: Computing embedding for test
22-11-08 04:55:41 - INFO - root: Computed test embeddings
22-11-08 04:55:41 - INFO - root: Training pytorch-MLP-nhid0-rmsprop-bs128 with standard validation..
22-11-08 04:55:48 - INFO - root: [('reg:1e-05', 40.69), ('reg:0.0001', 40.6), ('reg:0.001', 37.97), ('reg:0.01', 36.33)]
22-11-08 04:55:48 - INFO - root: Validation : best param found is reg = 1e-05 with score             40.69
22-11-08 04:55:48 - INFO - root: Evaluating...
22-11-08 04:55:50 - INFO - root: ***** Transfer task : TREC *****


22-11-08 04:55:52 - INFO - root: Computed train embeddings
22-11-08 04:55:52 - INFO - root: Computed test embeddings
22-11-08 04:55:52 - INFO - root: Training pytorch-MLP-nhid0-rmsprop-bs128 with 5-fold cross-validation
22-11-08 04:56:10 - INFO - root: [('reg:1e-05', 75.52), ('reg:0.0001', 75.41), ('reg:0.001', 74.45), ('reg:0.01', 73.22)]
22-11-08 04:56:10 - INFO - root: Cross-validation : best param found is reg = 1e-05             with score 75.52
22-11-08 04:56:10 - INFO - root: Evaluating...
22-11-08 04:56:11 - INFO - root: ***** Transfer task : MRPC *****


22-11-08 04:56:11 - INFO - root: Computing embedding for train
22-11-08 04:56:17 - INFO - root: Computed train embeddings
22-11-08 04:56:17 - INFO - root: Computing embedding for test
22-11-08 04:56:19 - INFO - root: Computed test embeddings
22-11-08 04:56:19 - INFO - root: Training pytorch-MLP-nhid0-rmsprop-bs128 with 5-fold cross-validation
22-11-08 04:56:32 - INFO - root: [('reg:1e-05', 73.72), ('reg:0.0001', 73.6), ('reg:0.001', 73.6), ('reg:0.01', 72.74)]
22-11-08 04:56:32 - INFO - root: Cross-validation : best param found is reg = 1e-05             with score 73.72
22-11-08 04:56:32 - INFO - root: Evaluating...
