22-11-07 22:18:02 - INFO - sentence_transformers.SentenceTransformer: Load pretrained SentenceTransformer: sentence-transformers/LaBSE
22-11-07 22:18:05 - INFO - sentence_transformers.SentenceTransformer: Use pytorch device: cuda
22-11-07 22:18:05 - INFO - __main__: SBert model sentence-transformers/LaBSE is loaded.
22-11-07 22:18:07 - INFO - __main__: Num of SBert features: 768
22-11-07 22:18:08 - INFO - root: Generating sentence embeddings
22-11-07 22:18:15 - INFO - root: Generated sentence embeddings
22-11-07 22:18:15 - INFO - root: Training pytorch-MLP-nhid0-rmsprop-bs128 with (inner) 5-fold cross-validation
22-11-07 22:18:42 - INFO - root: Best param found at split 1: l2reg = 0.0001                 with score 71.36
22-11-07 22:19:11 - INFO - root: Best param found at split 2: l2reg = 1e-05                 with score 72.48
22-11-07 22:19:44 - INFO - root: Best param found at split 3: l2reg = 0.01                 with score 72.25
22-11-07 22:20:12 - INFO - root: Best param found at split 4: l2reg = 1e-05                 with score 71.28
22-11-07 22:20:42 - INFO - root: Best param found at split 5: l2reg = 1e-05                 with score 71.82
22-11-07 22:20:44 - INFO - root: Generating sentence embeddings
22-11-07 22:20:46 - INFO - root: Generated sentence embeddings
22-11-07 22:20:46 - INFO - root: Training pytorch-MLP-nhid0-rmsprop-bs128 with (inner) 5-fold cross-validation
22-11-07 22:20:57 - INFO - root: Best param found at split 1: l2reg = 0.0001                 with score 82.81
22-11-07 22:21:08 - INFO - root: Best param found at split 2: l2reg = 0.01                 with score 82.28
22-11-07 22:21:15 - INFO - root: Best param found at split 3: l2reg = 0.01                 with score 81.49
22-11-07 22:21:26 - INFO - root: Best param found at split 4: l2reg = 0.01                 with score 82.05
22-11-07 22:21:36 - INFO - root: Best param found at split 5: l2reg = 1e-05                 with score 82.25
22-11-07 22:21:37 - INFO - root: Generating sentence embeddings
22-11-07 22:21:43 - INFO - root: Generated sentence embeddings
22-11-07 22:21:43 - INFO - root: Training pytorch-MLP-nhid0-rmsprop-bs128 with (inner) 5-fold cross-validation
22-11-07 22:22:09 - INFO - root: Best param found at split 1: l2reg = 1e-05                 with score 88.65
22-11-07 22:22:28 - INFO - root: Best param found at split 2: l2reg = 0.001                 with score 88.92
22-11-07 22:22:52 - INFO - root: Best param found at split 3: l2reg = 1e-05                 with score 88.18
22-11-07 22:23:18 - INFO - root: Best param found at split 4: l2reg = 1e-05                 with score 88.8
22-11-07 22:23:45 - INFO - root: Best param found at split 5: l2reg = 0.001                 with score 88.4
22-11-07 22:23:46 - INFO - root: Generating sentence embeddings
22-11-07 22:23:50 - INFO - root: Generated sentence embeddings
22-11-07 22:23:50 - INFO - root: Training pytorch-MLP-nhid0-rmsprop-bs128 with (inner) 5-fold cross-validation
22-11-07 22:24:15 - INFO - root: Best param found at split 1: l2reg = 1e-05                 with score 86.69
22-11-07 22:24:44 - INFO - root: Best param found at split 2: l2reg = 1e-05                 with score 86.33
22-11-07 22:25:12 - INFO - root: Best param found at split 3: l2reg = 0.01                 with score 86.02
22-11-07 22:25:43 - INFO - root: Best param found at split 4: l2reg = 0.001                 with score 86.13
22-11-07 22:26:10 - INFO - root: Best param found at split 5: l2reg = 0.001                 with score 85.49
22-11-07 22:26:11 - INFO - root: Computing embedding for train
22-11-07 22:26:17 - INFO - root: Computed train embeddings
22-11-07 22:26:17 - INFO - root: Computing embedding for dev
22-11-07 22:26:17 - INFO - root: Computed dev embeddings
22-11-07 22:26:17 - INFO - root: Computing embedding for test
22-11-07 22:26:19 - INFO - root: Computed test embeddings
22-11-07 22:26:19 - INFO - root: Training pytorch-MLP-nhid0-rmsprop-bs128 with standard validation..
22-11-07 22:26:25 - INFO - root: [('reg:1e-05', 40.69), ('reg:0.0001', 40.69), ('reg:0.001', 41.14), ('reg:0.01', 41.96)]
22-11-07 22:26:25 - INFO - root: Validation : best param found is reg = 0.01 with score             41.96
22-11-07 22:26:25 - INFO - root: Evaluating...
22-11-07 22:26:26 - INFO - root: ***** Transfer task : TREC *****


22-11-07 22:26:29 - INFO - root: Computed train embeddings
22-11-07 22:26:29 - INFO - root: Computed test embeddings
22-11-07 22:26:29 - INFO - root: Training pytorch-MLP-nhid0-rmsprop-bs128 with 5-fold cross-validation
22-11-07 22:26:47 - INFO - root: [('reg:1e-05', 71.24), ('reg:0.0001', 71.26), ('reg:0.001', 71.2), ('reg:0.01', 70.07)]
22-11-07 22:26:47 - INFO - root: Cross-validation : best param found is reg = 0.0001             with score 71.26
22-11-07 22:26:47 - INFO - root: Evaluating...
22-11-07 22:26:48 - INFO - root: ***** Transfer task : MRPC *****


22-11-07 22:26:48 - INFO - root: Computing embedding for train
22-11-07 22:26:54 - INFO - root: Computed train embeddings
22-11-07 22:26:54 - INFO - root: Computing embedding for test
22-11-07 22:26:56 - INFO - root: Computed test embeddings
22-11-07 22:26:56 - INFO - root: Training pytorch-MLP-nhid0-rmsprop-bs128 with 5-fold cross-validation
22-11-07 22:27:09 - INFO - root: [('reg:1e-05', 73.31), ('reg:0.0001', 73.33), ('reg:0.001', 73.31), ('reg:0.01', 73.53)]
22-11-07 22:27:09 - INFO - root: Cross-validation : best param found is reg = 0.01             with score 73.53
22-11-07 22:27:09 - INFO - root: Evaluating...
22-11-19 11:59:50 - INFO - sentence_transformers.SentenceTransformer: Load pretrained SentenceTransformer: sentence-transformers/LaBSE
22-11-19 11:59:54 - INFO - sentence_transformers.SentenceTransformer: Use pytorch device: cuda
22-11-19 11:59:54 - INFO - __main__: SBert model sentence-transformers/LaBSE is loaded.
22-11-19 11:59:56 - INFO - __main__: Num of SBert features: 768
