22-11-08 02:05:44 - INFO - sentence_transformers.SentenceTransformer: Load pretrained SentenceTransformer: sentence-transformers/LaBSE
22-11-08 02:05:47 - INFO - sentence_transformers.SentenceTransformer: Use pytorch device: cuda
22-11-08 02:05:47 - INFO - __main__: SBert model sentence-transformers/LaBSE is loaded.
22-11-08 02:05:49 - INFO - __main__: Num of SBert features: 768
22-11-08 02:05:50 - INFO - root: Generating sentence embeddings
22-11-08 02:05:57 - INFO - root: Generated sentence embeddings
22-11-08 02:05:57 - INFO - root: Training pytorch-MLP-nhid0-rmsprop-bs128 with (inner) 5-fold cross-validation
22-11-08 02:06:23 - INFO - root: Best param found at split 1: l2reg = 0.001                 with score 73.47
22-11-08 02:06:51 - INFO - root: Best param found at split 2: l2reg = 1e-05                 with score 74.1
22-11-08 02:07:20 - INFO - root: Best param found at split 3: l2reg = 0.001                 with score 74.75
22-11-08 02:07:48 - INFO - root: Best param found at split 4: l2reg = 0.01                 with score 73.86
22-11-08 02:08:15 - INFO - root: Best param found at split 5: l2reg = 0.01                 with score 74.76
22-11-08 02:08:16 - INFO - root: Generating sentence embeddings
22-11-08 02:08:19 - INFO - root: Generated sentence embeddings
22-11-08 02:08:19 - INFO - root: Training pytorch-MLP-nhid0-rmsprop-bs128 with (inner) 5-fold cross-validation
22-11-08 02:08:28 - INFO - root: Best param found at split 1: l2reg = 0.01                 with score 83.87
22-11-08 02:08:39 - INFO - root: Best param found at split 2: l2reg = 0.01                 with score 81.85
22-11-08 02:08:49 - INFO - root: Best param found at split 3: l2reg = 1e-05                 with score 82.25
22-11-08 02:08:59 - INFO - root: Best param found at split 4: l2reg = 1e-05                 with score 82.15
22-11-08 02:09:11 - INFO - root: Best param found at split 5: l2reg = 0.001                 with score 83.15
22-11-08 02:09:11 - INFO - root: Generating sentence embeddings
22-11-08 02:09:18 - INFO - root: Generated sentence embeddings
22-11-08 02:09:18 - INFO - root: Training pytorch-MLP-nhid0-rmsprop-bs128 with (inner) 5-fold cross-validation
22-11-08 02:09:42 - INFO - root: Best param found at split 1: l2reg = 1e-05                 with score 89.6
22-11-08 02:10:09 - INFO - root: Best param found at split 2: l2reg = 0.001                 with score 90.29
22-11-08 02:10:37 - INFO - root: Best param found at split 3: l2reg = 0.001                 with score 90.22
22-11-08 02:11:02 - INFO - root: Best param found at split 4: l2reg = 0.01                 with score 89.76
22-11-08 02:11:30 - INFO - root: Best param found at split 5: l2reg = 0.001                 with score 89.62
22-11-08 02:11:32 - INFO - root: Generating sentence embeddings
22-11-08 02:11:36 - INFO - root: Generated sentence embeddings
22-11-08 02:11:36 - INFO - root: Training pytorch-MLP-nhid0-rmsprop-bs128 with (inner) 5-fold cross-validation
22-11-08 02:11:59 - INFO - root: Best param found at split 1: l2reg = 0.0001                 with score 87.13
22-11-08 02:12:30 - INFO - root: Best param found at split 2: l2reg = 1e-05                 with score 86.2
22-11-08 02:13:00 - INFO - root: Best param found at split 3: l2reg = 0.01                 with score 86.74
22-11-08 02:13:30 - INFO - root: Best param found at split 4: l2reg = 0.001                 with score 87.06
22-11-08 02:13:50 - INFO - root: Best param found at split 5: l2reg = 0.001                 with score 86.82
22-11-08 02:13:51 - INFO - root: Computing embedding for train
22-11-08 02:13:56 - INFO - root: Computed train embeddings
22-11-08 02:13:56 - INFO - root: Computing embedding for dev
22-11-08 02:13:57 - INFO - root: Computed dev embeddings
22-11-08 02:13:57 - INFO - root: Computing embedding for test
22-11-08 02:13:58 - INFO - root: Computed test embeddings
22-11-08 02:13:58 - INFO - root: Training pytorch-MLP-nhid0-rmsprop-bs128 with standard validation..
22-11-08 02:14:06 - INFO - root: [('reg:1e-05', 40.05), ('reg:0.0001', 40.24), ('reg:0.001', 40.24), ('reg:0.01', 39.87)]
22-11-08 02:14:06 - INFO - root: Validation : best param found is reg = 0.0001 with score             40.24
22-11-08 02:14:06 - INFO - root: Evaluating...
22-11-08 02:14:08 - INFO - root: ***** Transfer task : TREC *****


22-11-08 02:14:10 - INFO - root: Computed train embeddings
22-11-08 02:14:11 - INFO - root: Computed test embeddings
22-11-08 02:14:11 - INFO - root: Training pytorch-MLP-nhid0-rmsprop-bs128 with 5-fold cross-validation
22-11-08 02:14:27 - INFO - root: [('reg:1e-05', 73.94), ('reg:0.0001', 73.99), ('reg:0.001', 73.61), ('reg:0.01', 72.16)]
22-11-08 02:14:27 - INFO - root: Cross-validation : best param found is reg = 0.0001             with score 73.99
22-11-08 02:14:27 - INFO - root: Evaluating...
22-11-08 02:14:28 - INFO - root: ***** Transfer task : MRPC *****


22-11-08 02:14:28 - INFO - root: Computing embedding for train
22-11-08 02:14:34 - INFO - root: Computed train embeddings
22-11-08 02:14:34 - INFO - root: Computing embedding for test
22-11-08 02:14:36 - INFO - root: Computed test embeddings
22-11-08 02:14:36 - INFO - root: Training pytorch-MLP-nhid0-rmsprop-bs128 with 5-fold cross-validation
22-11-08 02:14:49 - INFO - root: [('reg:1e-05', 73.48), ('reg:0.0001', 73.55), ('reg:0.001', 72.72), ('reg:0.01', 73.04)]
22-11-08 02:14:49 - INFO - root: Cross-validation : best param found is reg = 0.0001             with score 73.55
22-11-08 02:14:49 - INFO - root: Evaluating...
22-11-19 13:33:40 - INFO - sentence_transformers.SentenceTransformer: Load pretrained SentenceTransformer: sentence-transformers/LaBSE
22-11-19 13:33:44 - INFO - sentence_transformers.SentenceTransformer: Use pytorch device: cuda
22-11-19 13:33:44 - INFO - __main__: SBert model sentence-transformers/LaBSE is loaded.
22-11-19 13:33:46 - INFO - __main__: Num of SBert features: 768
