22-11-08 19:50:34 - INFO - sentence_transformers.SentenceTransformer: Load pretrained SentenceTransformer: sentence-transformers/LaBSE
22-11-08 19:50:38 - INFO - sentence_transformers.SentenceTransformer: Use pytorch device: cuda
22-11-08 19:50:38 - INFO - __main__: SBert model sentence-transformers/LaBSE is loaded.
22-11-08 19:50:40 - INFO - __main__: Num of SBert features: 768
22-11-08 19:50:41 - INFO - root: Generating sentence embeddings
22-11-08 19:50:48 - INFO - root: Generated sentence embeddings
22-11-08 19:50:48 - INFO - root: Training pytorch-MLP-nhid0-rmsprop-bs128 with (inner) 5-fold cross-validation
22-11-08 19:51:20 - INFO - root: Best param found at split 1: l2reg = 0.01                 with score 74.86
22-11-08 19:51:48 - INFO - root: Best param found at split 2: l2reg = 0.01                 with score 73.91
22-11-08 19:52:19 - INFO - root: Best param found at split 3: l2reg = 1e-05                 with score 74.63
22-11-08 19:52:53 - INFO - root: Best param found at split 4: l2reg = 1e-05                 with score 76.25
22-11-08 19:53:21 - INFO - root: Best param found at split 5: l2reg = 0.0001                 with score 75.77
22-11-08 19:53:23 - INFO - root: Generating sentence embeddings
22-11-08 19:53:26 - INFO - root: Generated sentence embeddings
22-11-08 19:53:26 - INFO - root: Training pytorch-MLP-nhid0-rmsprop-bs128 with (inner) 5-fold cross-validation
22-11-08 19:53:36 - INFO - root: Best param found at split 1: l2reg = 0.0001                 with score 84.87
22-11-08 19:53:48 - INFO - root: Best param found at split 2: l2reg = 0.001                 with score 85.43
22-11-08 19:53:58 - INFO - root: Best param found at split 3: l2reg = 0.01                 with score 84.44
22-11-08 19:54:09 - INFO - root: Best param found at split 4: l2reg = 1e-05                 with score 84.67
22-11-08 19:54:20 - INFO - root: Best param found at split 5: l2reg = 0.001                 with score 84.97
22-11-08 19:54:20 - INFO - root: Generating sentence embeddings
22-11-08 19:54:27 - INFO - root: Generated sentence embeddings
22-11-08 19:54:27 - INFO - root: Training pytorch-MLP-nhid0-rmsprop-bs128 with (inner) 5-fold cross-validation
22-11-08 19:54:55 - INFO - root: Best param found at split 1: l2reg = 0.01                 with score 91.65
22-11-08 19:55:24 - INFO - root: Best param found at split 2: l2reg = 1e-05                 with score 91.99
22-11-08 19:55:49 - INFO - root: Best param found at split 3: l2reg = 0.0001                 with score 91.65
22-11-08 19:56:18 - INFO - root: Best param found at split 4: l2reg = 0.01                 with score 91.68
22-11-08 19:56:48 - INFO - root: Best param found at split 5: l2reg = 0.0001                 with score 91.38
22-11-08 19:56:49 - INFO - root: Generating sentence embeddings
22-11-08 19:56:53 - INFO - root: Generated sentence embeddings
22-11-08 19:56:53 - INFO - root: Training pytorch-MLP-nhid0-rmsprop-bs128 with (inner) 5-fold cross-validation
22-11-08 19:57:18 - INFO - root: Best param found at split 1: l2reg = 0.01                 with score 88.54
22-11-08 19:57:45 - INFO - root: Best param found at split 2: l2reg = 0.001                 with score 87.86
22-11-08 19:58:15 - INFO - root: Best param found at split 3: l2reg = 0.01                 with score 88.47
22-11-08 19:58:42 - INFO - root: Best param found at split 4: l2reg = 0.0001                 with score 87.42
22-11-08 19:59:08 - INFO - root: Best param found at split 5: l2reg = 1e-05                 with score 88.34
22-11-08 19:59:10 - INFO - root: Computing embedding for train
22-11-08 19:59:15 - INFO - root: Computed train embeddings
22-11-08 19:59:15 - INFO - root: Computing embedding for dev
22-11-08 19:59:16 - INFO - root: Computed dev embeddings
22-11-08 19:59:16 - INFO - root: Computing embedding for test
22-11-08 19:59:17 - INFO - root: Computed test embeddings
22-11-08 19:59:17 - INFO - root: Training pytorch-MLP-nhid0-rmsprop-bs128 with standard validation..
22-11-08 19:59:24 - INFO - root: [('reg:1e-05', 39.15), ('reg:0.0001', 40.15), ('reg:0.001', 40.6), ('reg:0.01', 38.24)]
22-11-08 19:59:24 - INFO - root: Validation : best param found is reg = 0.001 with score             40.6
22-11-08 19:59:24 - INFO - root: Evaluating...
22-11-08 19:59:26 - INFO - root: ***** Transfer task : TREC *****


22-11-08 19:59:28 - INFO - root: Computed train embeddings
22-11-08 19:59:28 - INFO - root: Computed test embeddings
22-11-08 19:59:28 - INFO - root: Training pytorch-MLP-nhid0-rmsprop-bs128 with 5-fold cross-validation
22-11-08 19:59:46 - INFO - root: [('reg:1e-05', 79.11), ('reg:0.0001', 75.5), ('reg:0.001', 74.6), ('reg:0.01', 74.96)]
22-11-08 19:59:46 - INFO - root: Cross-validation : best param found is reg = 1e-05             with score 79.11
22-11-08 19:59:46 - INFO - root: Evaluating...
22-11-08 19:59:48 - INFO - root: ***** Transfer task : MRPC *****


22-11-08 19:59:48 - INFO - root: Computing embedding for train
22-11-08 19:59:53 - INFO - root: Computed train embeddings
22-11-08 19:59:53 - INFO - root: Computing embedding for test
22-11-08 19:59:55 - INFO - root: Computed test embeddings
22-11-08 19:59:55 - INFO - root: Training pytorch-MLP-nhid0-rmsprop-bs128 with 5-fold cross-validation
22-11-08 20:00:03 - INFO - root: [('reg:1e-05', 73.9), ('reg:0.0001', 73.75), ('reg:0.001', 73.87), ('reg:0.01', 73.63)]
22-11-08 20:00:03 - INFO - root: Cross-validation : best param found is reg = 1e-05             with score 73.9
22-11-08 20:00:03 - INFO - root: Evaluating...
