22-11-08 03:53:07 - INFO - sentence_transformers.SentenceTransformer: Load pretrained SentenceTransformer: sentence-transformers/LaBSE
22-11-08 03:53:11 - INFO - sentence_transformers.SentenceTransformer: Use pytorch device: cuda
22-11-08 03:53:11 - INFO - __main__: SBert model sentence-transformers/LaBSE is loaded.
22-11-08 03:53:13 - INFO - __main__: Num of SBert features: 768
22-11-08 03:53:14 - INFO - root: Generating sentence embeddings
22-11-08 03:53:21 - INFO - root: Generated sentence embeddings
22-11-08 03:53:21 - INFO - root: Training pytorch-MLP-nhid0-rmsprop-bs128 with (inner) 5-fold cross-validation
22-11-08 03:53:48 - INFO - root: Best param found at split 1: l2reg = 0.01                 with score 72.7
22-11-08 03:54:19 - INFO - root: Best param found at split 2: l2reg = 0.0001                 with score 71.71
22-11-08 03:54:50 - INFO - root: Best param found at split 3: l2reg = 0.001                 with score 73.63
22-11-08 03:55:19 - INFO - root: Best param found at split 4: l2reg = 0.001                 with score 72.31
22-11-08 03:55:48 - INFO - root: Best param found at split 5: l2reg = 0.0001                 with score 71.79
22-11-08 03:55:50 - INFO - root: Generating sentence embeddings
22-11-08 03:55:52 - INFO - root: Generated sentence embeddings
22-11-08 03:55:52 - INFO - root: Training pytorch-MLP-nhid0-rmsprop-bs128 with (inner) 5-fold cross-validation
22-11-08 03:56:02 - INFO - root: Best param found at split 1: l2reg = 0.01                 with score 83.94
22-11-08 03:56:12 - INFO - root: Best param found at split 2: l2reg = 0.01                 with score 83.15
22-11-08 03:56:23 - INFO - root: Best param found at split 3: l2reg = 0.0001                 with score 82.42
22-11-08 03:56:34 - INFO - root: Best param found at split 4: l2reg = 0.001                 with score 81.79
22-11-08 03:56:44 - INFO - root: Best param found at split 5: l2reg = 0.001                 with score 82.02
22-11-08 03:56:45 - INFO - root: Generating sentence embeddings
22-11-08 03:56:52 - INFO - root: Generated sentence embeddings
22-11-08 03:56:52 - INFO - root: Training pytorch-MLP-nhid0-rmsprop-bs128 with (inner) 5-fold cross-validation
22-11-08 03:57:18 - INFO - root: Best param found at split 1: l2reg = 0.01                 with score 89.86
22-11-08 03:57:44 - INFO - root: Best param found at split 2: l2reg = 0.01                 with score 90.26
22-11-08 03:58:10 - INFO - root: Best param found at split 3: l2reg = 0.01                 with score 90.6
22-11-08 03:58:37 - INFO - root: Best param found at split 4: l2reg = 0.01                 with score 90.46
22-11-08 03:59:04 - INFO - root: Best param found at split 5: l2reg = 0.0001                 with score 90.06
22-11-08 03:59:06 - INFO - root: Generating sentence embeddings
22-11-08 03:59:09 - INFO - root: Generated sentence embeddings
22-11-08 03:59:09 - INFO - root: Training pytorch-MLP-nhid0-rmsprop-bs128 with (inner) 5-fold cross-validation
22-11-08 03:59:35 - INFO - root: Best param found at split 1: l2reg = 1e-05                 with score 87.42
22-11-08 04:00:04 - INFO - root: Best param found at split 2: l2reg = 0.0001                 with score 85.74
22-11-08 04:00:34 - INFO - root: Best param found at split 3: l2reg = 0.01                 with score 87.2
22-11-08 04:01:01 - INFO - root: Best param found at split 4: l2reg = 1e-05                 with score 86.88
22-11-08 04:01:30 - INFO - root: Best param found at split 5: l2reg = 0.001                 with score 86.92
22-11-08 04:01:32 - INFO - root: Computing embedding for train
22-11-08 04:01:37 - INFO - root: Computed train embeddings
22-11-08 04:01:37 - INFO - root: Computing embedding for dev
22-11-08 04:01:38 - INFO - root: Computed dev embeddings
22-11-08 04:01:38 - INFO - root: Computing embedding for test
22-11-08 04:01:39 - INFO - root: Computed test embeddings
22-11-08 04:01:39 - INFO - root: Training pytorch-MLP-nhid0-rmsprop-bs128 with standard validation..
22-11-08 04:01:48 - INFO - root: [('reg:1e-05', 39.33), ('reg:0.0001', 38.96), ('reg:0.001', 37.33), ('reg:0.01', 37.33)]
22-11-08 04:01:48 - INFO - root: Validation : best param found is reg = 1e-05 with score             39.33
22-11-08 04:01:48 - INFO - root: Evaluating...
22-11-08 04:01:50 - INFO - root: ***** Transfer task : TREC *****


22-11-08 04:01:53 - INFO - root: Computed train embeddings
22-11-08 04:01:53 - INFO - root: Computed test embeddings
22-11-08 04:01:53 - INFO - root: Training pytorch-MLP-nhid0-rmsprop-bs128 with 5-fold cross-validation
22-11-08 04:02:12 - INFO - root: [('reg:1e-05', 74.58), ('reg:0.0001', 74.63), ('reg:0.001', 73.66), ('reg:0.01', 71.11)]
22-11-08 04:02:12 - INFO - root: Cross-validation : best param found is reg = 0.0001             with score 74.63
22-11-08 04:02:12 - INFO - root: Evaluating...
22-11-08 04:02:13 - INFO - root: ***** Transfer task : MRPC *****


22-11-08 04:02:13 - INFO - root: Computing embedding for train
22-11-08 04:02:19 - INFO - root: Computed train embeddings
22-11-08 04:02:19 - INFO - root: Computing embedding for test
22-11-08 04:02:21 - INFO - root: Computed test embeddings
22-11-08 04:02:21 - INFO - root: Training pytorch-MLP-nhid0-rmsprop-bs128 with 5-fold cross-validation
22-11-08 04:02:33 - INFO - root: [('reg:1e-05', 74.04), ('reg:0.0001', 74.02), ('reg:0.001', 73.97), ('reg:0.01', 73.85)]
22-11-08 04:02:33 - INFO - root: Cross-validation : best param found is reg = 1e-05             with score 74.04
22-11-08 04:02:33 - INFO - root: Evaluating...
