22-11-07 19:24:51 - INFO - sentence_transformers.SentenceTransformer: Load pretrained SentenceTransformer: sentence-transformers/LaBSE
22-11-07 19:24:54 - INFO - sentence_transformers.SentenceTransformer: Use pytorch device: cuda
22-11-07 19:24:54 - INFO - __main__: SBert model sentence-transformers/LaBSE is loaded.
22-11-07 19:24:56 - INFO - __main__: Num of SBert features: 768
22-11-07 19:24:57 - INFO - root: Generating sentence embeddings
22-11-07 19:25:04 - INFO - root: Generated sentence embeddings
22-11-07 19:25:04 - INFO - root: Training pytorch-MLP-nhid0-rmsprop-bs128 with (inner) 5-fold cross-validation
22-11-07 19:25:31 - INFO - root: Best param found at split 1: l2reg = 0.01                 with score 72.39
22-11-07 19:25:58 - INFO - root: Best param found at split 2: l2reg = 0.01                 with score 72.61
22-11-07 19:26:27 - INFO - root: Best param found at split 3: l2reg = 0.001                 with score 73.12
22-11-07 19:26:57 - INFO - root: Best param found at split 4: l2reg = 0.01                 with score 71.96
22-11-07 19:27:26 - INFO - root: Best param found at split 5: l2reg = 0.01                 with score 72.54
22-11-07 19:27:27 - INFO - root: Generating sentence embeddings
22-11-07 19:27:30 - INFO - root: Generated sentence embeddings
22-11-07 19:27:30 - INFO - root: Training pytorch-MLP-nhid0-rmsprop-bs128 with (inner) 5-fold cross-validation
22-11-07 19:27:39 - INFO - root: Best param found at split 1: l2reg = 0.001                 with score 82.85
22-11-07 19:27:49 - INFO - root: Best param found at split 2: l2reg = 0.01                 with score 82.32
22-11-07 19:28:00 - INFO - root: Best param found at split 3: l2reg = 0.01                 with score 81.95
22-11-07 19:28:09 - INFO - root: Best param found at split 4: l2reg = 0.001                 with score 81.13
22-11-07 19:28:19 - INFO - root: Best param found at split 5: l2reg = 0.001                 with score 81.19
22-11-07 19:28:20 - INFO - root: Generating sentence embeddings
22-11-07 19:28:26 - INFO - root: Generated sentence embeddings
22-11-07 19:28:26 - INFO - root: Training pytorch-MLP-nhid0-rmsprop-bs128 with (inner) 5-fold cross-validation
22-11-07 19:28:51 - INFO - root: Best param found at split 1: l2reg = 0.001                 with score 88.76
22-11-07 19:29:17 - INFO - root: Best param found at split 2: l2reg = 0.01                 with score 89.25
22-11-07 19:29:43 - INFO - root: Best param found at split 3: l2reg = 1e-05                 with score 88.59
22-11-07 19:30:09 - INFO - root: Best param found at split 4: l2reg = 1e-05                 with score 88.46
22-11-07 19:30:35 - INFO - root: Best param found at split 5: l2reg = 1e-05                 with score 88.44
22-11-07 19:30:37 - INFO - root: Generating sentence embeddings
22-11-07 19:30:40 - INFO - root: Generated sentence embeddings
22-11-07 19:30:40 - INFO - root: Training pytorch-MLP-nhid0-rmsprop-bs128 with (inner) 5-fold cross-validation
22-11-07 19:31:09 - INFO - root: Best param found at split 1: l2reg = 0.001                 with score 85.67
22-11-07 19:31:36 - INFO - root: Best param found at split 2: l2reg = 0.01                 with score 85.34
22-11-07 19:32:05 - INFO - root: Best param found at split 3: l2reg = 1e-05                 with score 85.57
22-11-07 19:32:37 - INFO - root: Best param found at split 4: l2reg = 0.01                 with score 85.09
22-11-07 19:33:04 - INFO - root: Best param found at split 5: l2reg = 0.01                 with score 84.66
22-11-07 19:33:06 - INFO - root: Computing embedding for train
22-11-07 19:33:11 - INFO - root: Computed train embeddings
22-11-07 19:33:11 - INFO - root: Computing embedding for dev
22-11-07 19:33:12 - INFO - root: Computed dev embeddings
22-11-07 19:33:12 - INFO - root: Computing embedding for test
22-11-07 19:33:13 - INFO - root: Computed test embeddings
22-11-07 19:33:13 - INFO - root: Training pytorch-MLP-nhid0-rmsprop-bs128 with standard validation..
22-11-07 19:33:19 - INFO - root: [('reg:1e-05', 38.78), ('reg:0.0001', 38.78), ('reg:0.001', 38.33), ('reg:0.01', 38.78)]
22-11-07 19:33:19 - INFO - root: Validation : best param found is reg = 1e-05 with score             38.78
22-11-07 19:33:19 - INFO - root: Evaluating...
22-11-07 19:33:21 - INFO - root: ***** Transfer task : TREC *****


22-11-07 19:33:23 - INFO - root: Computed train embeddings
22-11-07 19:33:23 - INFO - root: Computed test embeddings
22-11-07 19:33:23 - INFO - root: Training pytorch-MLP-nhid0-rmsprop-bs128 with 5-fold cross-validation
22-11-07 19:33:41 - INFO - root: [('reg:1e-05', 69.57), ('reg:0.0001', 69.57), ('reg:0.001', 68.53), ('reg:0.01', 67.15)]
22-11-07 19:33:41 - INFO - root: Cross-validation : best param found is reg = 1e-05             with score 69.57
22-11-07 19:33:41 - INFO - root: Evaluating...
22-11-07 19:33:42 - INFO - root: ***** Transfer task : MRPC *****


22-11-07 19:33:42 - INFO - root: Computing embedding for train
22-11-07 19:33:48 - INFO - root: Computed train embeddings
22-11-07 19:33:48 - INFO - root: Computing embedding for test
22-11-07 19:33:50 - INFO - root: Computed test embeddings
22-11-07 19:33:50 - INFO - root: Training pytorch-MLP-nhid0-rmsprop-bs128 with 5-fold cross-validation
22-11-07 19:34:05 - INFO - root: [('reg:1e-05', 73.23), ('reg:0.0001', 73.48), ('reg:0.001', 73.45), ('reg:0.01', 73.94)]
22-11-07 19:34:05 - INFO - root: Cross-validation : best param found is reg = 0.01             with score 73.94
22-11-07 19:34:05 - INFO - root: Evaluating...
22-11-19 10:49:47 - INFO - sentence_transformers.SentenceTransformer: Load pretrained SentenceTransformer: sentence-transformers/LaBSE
22-11-19 10:49:50 - INFO - sentence_transformers.SentenceTransformer: Use pytorch device: cuda
22-11-19 10:49:50 - INFO - __main__: SBert model sentence-transformers/LaBSE is loaded.
22-11-19 10:49:52 - INFO - __main__: Num of SBert features: 768
