22-11-09 05:20:29 - INFO - sentence_transformers.SentenceTransformer: Load pretrained SentenceTransformer: sentence-transformers/LaBSE
22-11-09 05:20:33 - INFO - sentence_transformers.SentenceTransformer: Use pytorch device: cuda
22-11-09 05:20:33 - INFO - __main__: SBert model sentence-transformers/LaBSE is loaded.
22-11-09 05:20:35 - INFO - __main__: Num of SBert features: 768
22-11-09 05:20:36 - INFO - root: Generating sentence embeddings
22-11-09 05:20:43 - INFO - root: Generated sentence embeddings
22-11-09 05:20:43 - INFO - root: Training pytorch-MLP-nhid0-rmsprop-bs128 with (inner) 5-fold cross-validation
22-11-09 05:21:12 - INFO - root: Best param found at split 1: l2reg = 1e-05                 with score 77.02
22-11-09 05:21:44 - INFO - root: Best param found at split 2: l2reg = 0.001                 with score 76.13
22-11-09 05:22:14 - INFO - root: Best param found at split 3: l2reg = 1e-05                 with score 76.2
22-11-09 05:22:42 - INFO - root: Best param found at split 4: l2reg = 0.0001                 with score 72.74
22-11-09 05:23:11 - INFO - root: Best param found at split 5: l2reg = 1e-05                 with score 76.78
22-11-09 05:23:13 - INFO - root: Generating sentence embeddings
22-11-09 05:23:15 - INFO - root: Generated sentence embeddings
22-11-09 05:23:15 - INFO - root: Training pytorch-MLP-nhid0-rmsprop-bs128 with (inner) 5-fold cross-validation
22-11-09 05:23:25 - INFO - root: Best param found at split 1: l2reg = 0.01                 with score 86.36
22-11-09 05:23:36 - INFO - root: Best param found at split 2: l2reg = 1e-05                 with score 85.53
22-11-09 05:23:46 - INFO - root: Best param found at split 3: l2reg = 1e-05                 with score 84.4
22-11-09 05:23:56 - INFO - root: Best param found at split 4: l2reg = 0.0001                 with score 84.8
22-11-09 05:24:07 - INFO - root: Best param found at split 5: l2reg = 0.01                 with score 84.44
22-11-09 05:24:08 - INFO - root: Generating sentence embeddings
22-11-09 05:24:15 - INFO - root: Generated sentence embeddings
22-11-09 05:24:15 - INFO - root: Training pytorch-MLP-nhid0-rmsprop-bs128 with (inner) 5-fold cross-validation
22-11-09 05:24:43 - INFO - root: Best param found at split 1: l2reg = 0.01                 with score 91.85
22-11-09 05:25:11 - INFO - root: Best param found at split 2: l2reg = 1e-05                 with score 92.38
22-11-09 05:25:38 - INFO - root: Best param found at split 3: l2reg = 0.001                 with score 92.29
22-11-09 05:26:08 - INFO - root: Best param found at split 4: l2reg = 1e-05                 with score 92.16
22-11-09 05:26:37 - INFO - root: Best param found at split 5: l2reg = 0.01                 with score 92.06
22-11-09 05:26:38 - INFO - root: Generating sentence embeddings
22-11-09 05:26:42 - INFO - root: Generated sentence embeddings
22-11-09 05:26:42 - INFO - root: Training pytorch-MLP-nhid0-rmsprop-bs128 with (inner) 5-fold cross-validation
22-11-09 05:27:08 - INFO - root: Best param found at split 1: l2reg = 0.0001                 with score 89.17
22-11-09 05:27:34 - INFO - root: Best param found at split 2: l2reg = 0.0001                 with score 88.53
22-11-09 05:28:04 - INFO - root: Best param found at split 3: l2reg = 0.0001                 with score 88.59
22-11-09 05:28:31 - INFO - root: Best param found at split 4: l2reg = 0.01                 with score 88.9
22-11-09 05:28:58 - INFO - root: Best param found at split 5: l2reg = 0.001                 with score 88.72
22-11-09 05:28:59 - INFO - root: Computing embedding for train
22-11-09 05:29:05 - INFO - root: Computed train embeddings
22-11-09 05:29:05 - INFO - root: Computing embedding for dev
22-11-09 05:29:05 - INFO - root: Computed dev embeddings
22-11-09 05:29:05 - INFO - root: Computing embedding for test
22-11-09 05:29:07 - INFO - root: Computed test embeddings
22-11-09 05:29:07 - INFO - root: Training pytorch-MLP-nhid0-rmsprop-bs128 with standard validation..
22-11-09 05:29:14 - INFO - root: [('reg:1e-05', 41.69), ('reg:0.0001', 41.51), ('reg:0.001', 41.14), ('reg:0.01', 35.06)]
22-11-09 05:29:14 - INFO - root: Validation : best param found is reg = 1e-05 with score             41.69
22-11-09 05:29:14 - INFO - root: Evaluating...
22-11-09 05:29:16 - INFO - root: ***** Transfer task : TREC *****


22-11-09 05:29:18 - INFO - root: Computed train embeddings
22-11-09 05:29:18 - INFO - root: Computed test embeddings
22-11-09 05:29:18 - INFO - root: Training pytorch-MLP-nhid0-rmsprop-bs128 with 5-fold cross-validation
22-11-09 05:29:36 - INFO - root: [('reg:1e-05', 82.15), ('reg:0.0001', 79.07), ('reg:0.001', 80.81), ('reg:0.01', 78.82)]
22-11-09 05:29:36 - INFO - root: Cross-validation : best param found is reg = 1e-05             with score 82.15
22-11-09 05:29:36 - INFO - root: Evaluating...
22-11-09 05:29:37 - INFO - root: ***** Transfer task : MRPC *****


22-11-09 05:29:37 - INFO - root: Computing embedding for train
22-11-09 05:29:43 - INFO - root: Computed train embeddings
22-11-09 05:29:43 - INFO - root: Computing embedding for test
22-11-09 05:29:45 - INFO - root: Computed test embeddings
22-11-09 05:29:45 - INFO - root: Training pytorch-MLP-nhid0-rmsprop-bs128 with 5-fold cross-validation
22-11-09 05:29:58 - INFO - root: [('reg:1e-05', 71.69), ('reg:0.0001', 72.91), ('reg:0.001', 73.82), ('reg:0.01', 74.71)]
22-11-09 05:29:58 - INFO - root: Cross-validation : best param found is reg = 0.01             with score 74.71
22-11-09 05:29:58 - INFO - root: Evaluating...
