22-11-09 06:22:11 - INFO - sentence_transformers.SentenceTransformer: Load pretrained SentenceTransformer: sentence-transformers/LaBSE
22-11-09 06:22:14 - INFO - sentence_transformers.SentenceTransformer: Use pytorch device: cuda
22-11-09 06:22:14 - INFO - __main__: SBert model sentence-transformers/LaBSE is loaded.
22-11-09 06:22:16 - INFO - __main__: Num of SBert features: 768
22-11-09 06:22:17 - INFO - root: Generating sentence embeddings
22-11-09 06:22:24 - INFO - root: Generated sentence embeddings
22-11-09 06:22:24 - INFO - root: Training pytorch-MLP-nhid0-rmsprop-bs128 with (inner) 5-fold cross-validation
22-11-09 06:22:55 - INFO - root: Best param found at split 1: l2reg = 0.001                 with score 76.84
22-11-09 06:23:22 - INFO - root: Best param found at split 2: l2reg = 0.001                 with score 77.14
22-11-09 06:23:52 - INFO - root: Best param found at split 3: l2reg = 0.01                 with score 74.76
22-11-09 06:24:21 - INFO - root: Best param found at split 4: l2reg = 1e-05                 with score 73.26
22-11-09 06:24:49 - INFO - root: Best param found at split 5: l2reg = 1e-05                 with score 75.72
22-11-09 06:24:50 - INFO - root: Generating sentence embeddings
22-11-09 06:24:53 - INFO - root: Generated sentence embeddings
22-11-09 06:24:53 - INFO - root: Training pytorch-MLP-nhid0-rmsprop-bs128 with (inner) 5-fold cross-validation
22-11-09 06:25:03 - INFO - root: Best param found at split 1: l2reg = 0.01                 with score 85.99
22-11-09 06:25:14 - INFO - root: Best param found at split 2: l2reg = 0.01                 with score 85.46
22-11-09 06:25:25 - INFO - root: Best param found at split 3: l2reg = 1e-05                 with score 85.23
22-11-09 06:25:36 - INFO - root: Best param found at split 4: l2reg = 0.001                 with score 85.66
22-11-09 06:25:46 - INFO - root: Best param found at split 5: l2reg = 0.0001                 with score 85.23
22-11-09 06:25:47 - INFO - root: Generating sentence embeddings
22-11-09 06:25:54 - INFO - root: Generated sentence embeddings
22-11-09 06:25:54 - INFO - root: Training pytorch-MLP-nhid0-rmsprop-bs128 with (inner) 5-fold cross-validation
22-11-09 06:26:20 - INFO - root: Best param found at split 1: l2reg = 0.0001                 with score 92.01
22-11-09 06:26:46 - INFO - root: Best param found at split 2: l2reg = 1e-05                 with score 92.4
22-11-09 06:27:12 - INFO - root: Best param found at split 3: l2reg = 0.0001                 with score 92.16
22-11-09 06:27:39 - INFO - root: Best param found at split 4: l2reg = 0.001                 with score 92.18
22-11-09 06:28:08 - INFO - root: Best param found at split 5: l2reg = 0.001                 with score 91.99
22-11-09 06:28:09 - INFO - root: Generating sentence embeddings
22-11-09 06:28:13 - INFO - root: Generated sentence embeddings
22-11-09 06:28:13 - INFO - root: Training pytorch-MLP-nhid0-rmsprop-bs128 with (inner) 5-fold cross-validation
22-11-09 06:28:43 - INFO - root: Best param found at split 1: l2reg = 1e-05                 with score 89.3
22-11-09 06:29:13 - INFO - root: Best param found at split 2: l2reg = 0.001                 with score 88.8
22-11-09 06:29:43 - INFO - root: Best param found at split 3: l2reg = 0.01                 with score 89.19
22-11-09 06:30:10 - INFO - root: Best param found at split 4: l2reg = 0.001                 with score 88.65
22-11-09 06:30:38 - INFO - root: Best param found at split 5: l2reg = 0.01                 with score 88.91
22-11-09 06:30:40 - INFO - root: Computing embedding for train
22-11-09 06:30:45 - INFO - root: Computed train embeddings
22-11-09 06:30:45 - INFO - root: Computing embedding for dev
22-11-09 06:30:46 - INFO - root: Computed dev embeddings
22-11-09 06:30:46 - INFO - root: Computing embedding for test
22-11-09 06:30:47 - INFO - root: Computed test embeddings
22-11-09 06:30:47 - INFO - root: Training pytorch-MLP-nhid0-rmsprop-bs128 with standard validation..
22-11-09 06:30:53 - INFO - root: [('reg:1e-05', 40.24), ('reg:0.0001', 38.15), ('reg:0.001', 39.42), ('reg:0.01', 35.06)]
22-11-09 06:30:53 - INFO - root: Validation : best param found is reg = 1e-05 with score             40.24
22-11-09 06:30:53 - INFO - root: Evaluating...
22-11-09 06:30:54 - INFO - root: ***** Transfer task : TREC *****


22-11-09 06:30:57 - INFO - root: Computed train embeddings
22-11-09 06:30:57 - INFO - root: Computed test embeddings
22-11-09 06:30:57 - INFO - root: Training pytorch-MLP-nhid0-rmsprop-bs128 with 5-fold cross-validation
22-11-09 06:31:15 - INFO - root: [('reg:1e-05', 79.84), ('reg:0.0001', 81.55), ('reg:0.001', 80.14), ('reg:0.01', 81.4)]
22-11-09 06:31:15 - INFO - root: Cross-validation : best param found is reg = 0.0001             with score 81.55
22-11-09 06:31:15 - INFO - root: Evaluating...
22-11-09 06:31:16 - INFO - root: ***** Transfer task : MRPC *****


22-11-09 06:31:17 - INFO - root: Computing embedding for train
22-11-09 06:31:22 - INFO - root: Computed train embeddings
22-11-09 06:31:22 - INFO - root: Computing embedding for test
22-11-09 06:31:24 - INFO - root: Computed test embeddings
22-11-09 06:31:25 - INFO - root: Training pytorch-MLP-nhid0-rmsprop-bs128 with 5-fold cross-validation
22-11-09 06:31:39 - INFO - root: [('reg:1e-05', 74.73), ('reg:0.0001', 75.12), ('reg:0.001', 74.48), ('reg:0.01', 73.97)]
22-11-09 06:31:39 - INFO - root: Cross-validation : best param found is reg = 0.0001             with score 75.12
22-11-09 06:31:39 - INFO - root: Evaluating...
22-11-20 01:17:34 - INFO - sentence_transformers.SentenceTransformer: Load pretrained SentenceTransformer: sentence-transformers/LaBSE
22-11-20 01:17:38 - INFO - sentence_transformers.SentenceTransformer: Use pytorch device: cuda
22-11-20 01:17:38 - INFO - __main__: SBert model sentence-transformers/LaBSE is loaded.
22-11-20 01:17:40 - INFO - __main__: Num of SBert features: 768
