22-11-08 02:58:51 - INFO - sentence_transformers.SentenceTransformer: Load pretrained SentenceTransformer: sentence-transformers/LaBSE
22-11-08 02:58:55 - INFO - sentence_transformers.SentenceTransformer: Use pytorch device: cuda
22-11-08 02:58:55 - INFO - __main__: SBert model sentence-transformers/LaBSE is loaded.
22-11-08 02:58:57 - INFO - __main__: Num of SBert features: 768
22-11-08 02:58:58 - INFO - root: Generating sentence embeddings
22-11-08 02:59:05 - INFO - root: Generated sentence embeddings
22-11-08 02:59:05 - INFO - root: Training pytorch-MLP-nhid0-rmsprop-bs128 with (inner) 5-fold cross-validation
22-11-08 02:59:40 - INFO - root: Best param found at split 1: l2reg = 0.0001                 with score 73.31
22-11-08 03:00:22 - INFO - root: Best param found at split 2: l2reg = 0.001                 with score 73.22
22-11-08 03:00:55 - INFO - root: Best param found at split 3: l2reg = 0.001                 with score 72.05
22-11-08 03:01:24 - INFO - root: Best param found at split 4: l2reg = 1e-05                 with score 73.0
22-11-08 03:01:46 - INFO - root: Best param found at split 5: l2reg = 0.001                 with score 72.31
22-11-08 03:01:47 - INFO - root: Generating sentence embeddings
22-11-08 03:01:49 - INFO - root: Generated sentence embeddings
22-11-08 03:01:49 - INFO - root: Training pytorch-MLP-nhid0-rmsprop-bs128 with (inner) 5-fold cross-validation
22-11-08 03:02:00 - INFO - root: Best param found at split 1: l2reg = 0.001                 with score 82.02
22-11-08 03:02:13 - INFO - root: Best param found at split 2: l2reg = 1e-05                 with score 83.48
22-11-08 03:02:23 - INFO - root: Best param found at split 3: l2reg = 0.01                 with score 82.22
22-11-08 03:02:35 - INFO - root: Best param found at split 4: l2reg = 0.001                 with score 81.92
22-11-08 03:02:46 - INFO - root: Best param found at split 5: l2reg = 1e-05                 with score 81.95
22-11-08 03:02:47 - INFO - root: Generating sentence embeddings
22-11-08 03:02:54 - INFO - root: Generated sentence embeddings
22-11-08 03:02:54 - INFO - root: Training pytorch-MLP-nhid0-rmsprop-bs128 with (inner) 5-fold cross-validation
22-11-08 03:03:21 - INFO - root: Best param found at split 1: l2reg = 0.01                 with score 89.92
22-11-08 03:03:49 - INFO - root: Best param found at split 2: l2reg = 1e-05                 with score 90.01
22-11-08 03:04:15 - INFO - root: Best param found at split 3: l2reg = 0.0001                 with score 90.44
22-11-08 03:04:42 - INFO - root: Best param found at split 4: l2reg = 0.01                 with score 89.76
22-11-08 03:05:09 - INFO - root: Best param found at split 5: l2reg = 0.0001                 with score 89.66
22-11-08 03:05:10 - INFO - root: Generating sentence embeddings
22-11-08 03:05:14 - INFO - root: Generated sentence embeddings
22-11-08 03:05:14 - INFO - root: Training pytorch-MLP-nhid0-rmsprop-bs128 with (inner) 5-fold cross-validation
22-11-08 03:05:40 - INFO - root: Best param found at split 1: l2reg = 0.001                 with score 87.47
22-11-08 03:06:06 - INFO - root: Best param found at split 2: l2reg = 1e-05                 with score 84.89
22-11-08 03:06:36 - INFO - root: Best param found at split 3: l2reg = 0.01                 with score 87.25
22-11-08 03:07:03 - INFO - root: Best param found at split 4: l2reg = 0.01                 with score 87.34
22-11-08 03:07:33 - INFO - root: Best param found at split 5: l2reg = 0.01                 with score 87.35
22-11-08 03:07:35 - INFO - root: Computing embedding for train
22-11-08 03:07:40 - INFO - root: Computed train embeddings
22-11-08 03:07:40 - INFO - root: Computing embedding for dev
22-11-08 03:07:41 - INFO - root: Computed dev embeddings
22-11-08 03:07:41 - INFO - root: Computing embedding for test
22-11-08 03:07:42 - INFO - root: Computed test embeddings
22-11-08 03:07:42 - INFO - root: Training pytorch-MLP-nhid0-rmsprop-bs128 with standard validation..
22-11-08 03:07:50 - INFO - root: [('reg:1e-05', 38.24), ('reg:0.0001', 41.78), ('reg:0.001', 40.87), ('reg:0.01', 37.51)]
22-11-08 03:07:50 - INFO - root: Validation : best param found is reg = 0.0001 with score             41.78
22-11-08 03:07:50 - INFO - root: Evaluating...
22-11-08 03:07:52 - INFO - root: ***** Transfer task : TREC *****


22-11-08 03:07:54 - INFO - root: Computed train embeddings
22-11-08 03:07:54 - INFO - root: Computed test embeddings
22-11-08 03:07:54 - INFO - root: Training pytorch-MLP-nhid0-rmsprop-bs128 with 5-fold cross-validation
22-11-08 03:08:11 - INFO - root: [('reg:1e-05', 71.85), ('reg:0.0001', 71.66), ('reg:0.001', 71.13), ('reg:0.01', 70.62)]
22-11-08 03:08:11 - INFO - root: Cross-validation : best param found is reg = 1e-05             with score 71.85
22-11-08 03:08:11 - INFO - root: Evaluating...
22-11-08 03:08:12 - INFO - root: ***** Transfer task : MRPC *****


22-11-08 03:08:12 - INFO - root: Computing embedding for train
22-11-08 03:08:18 - INFO - root: Computed train embeddings
22-11-08 03:08:18 - INFO - root: Computing embedding for test
22-11-08 03:08:20 - INFO - root: Computed test embeddings
22-11-08 03:08:20 - INFO - root: Training pytorch-MLP-nhid0-rmsprop-bs128 with 5-fold cross-validation
22-11-08 03:08:32 - INFO - root: [('reg:1e-05', 72.96), ('reg:0.0001', 72.96), ('reg:0.001', 72.96), ('reg:0.01', 72.96)]
22-11-08 03:08:32 - INFO - root: Cross-validation : best param found is reg = 1e-05             with score 72.96
22-11-08 03:08:32 - INFO - root: Evaluating...
