22-11-09 06:53:00 - INFO - sentence_transformers.SentenceTransformer: Load pretrained SentenceTransformer: sentence-transformers/LaBSE
22-11-09 06:53:04 - INFO - sentence_transformers.SentenceTransformer: Use pytorch device: cuda
22-11-09 06:53:04 - INFO - __main__: SBert model sentence-transformers/LaBSE is loaded.
22-11-09 06:53:06 - INFO - __main__: Num of SBert features: 768
22-11-09 06:53:07 - INFO - root: Generating sentence embeddings
22-11-09 06:53:14 - INFO - root: Generated sentence embeddings
22-11-09 06:53:14 - INFO - root: Training pytorch-MLP-nhid0-rmsprop-bs128 with (inner) 5-fold cross-validation
22-11-09 06:53:45 - INFO - root: Best param found at split 1: l2reg = 0.001                 with score 76.86
22-11-09 06:54:12 - INFO - root: Best param found at split 2: l2reg = 0.01                 with score 76.0
22-11-09 06:54:41 - INFO - root: Best param found at split 3: l2reg = 0.01                 with score 75.35
22-11-09 06:55:08 - INFO - root: Best param found at split 4: l2reg = 0.01                 with score 74.37
22-11-09 06:55:36 - INFO - root: Best param found at split 5: l2reg = 0.01                 with score 75.92
22-11-09 06:55:37 - INFO - root: Generating sentence embeddings
22-11-09 06:55:40 - INFO - root: Generated sentence embeddings
22-11-09 06:55:40 - INFO - root: Training pytorch-MLP-nhid0-rmsprop-bs128 with (inner) 5-fold cross-validation
22-11-09 06:55:50 - INFO - root: Best param found at split 1: l2reg = 0.001                 with score 86.32
22-11-09 06:56:00 - INFO - root: Best param found at split 2: l2reg = 0.01                 with score 85.1
22-11-09 06:56:10 - INFO - root: Best param found at split 3: l2reg = 1e-05                 with score 85.46
22-11-09 06:56:21 - INFO - root: Best param found at split 4: l2reg = 0.001                 with score 85.6
22-11-09 06:56:32 - INFO - root: Best param found at split 5: l2reg = 1e-05                 with score 85.76
22-11-09 06:56:33 - INFO - root: Generating sentence embeddings
22-11-09 06:56:40 - INFO - root: Generated sentence embeddings
22-11-09 06:56:40 - INFO - root: Training pytorch-MLP-nhid0-rmsprop-bs128 with (inner) 5-fold cross-validation
22-11-09 06:57:08 - INFO - root: Best param found at split 1: l2reg = 0.0001                 with score 92.15
22-11-09 06:57:37 - INFO - root: Best param found at split 2: l2reg = 1e-05                 with score 92.84
22-11-09 06:58:07 - INFO - root: Best param found at split 3: l2reg = 0.001                 with score 92.54
22-11-09 06:58:36 - INFO - root: Best param found at split 4: l2reg = 1e-05                 with score 92.31
22-11-09 06:59:02 - INFO - root: Best param found at split 5: l2reg = 0.01                 with score 92.11
22-11-09 06:59:03 - INFO - root: Generating sentence embeddings
22-11-09 06:59:07 - INFO - root: Generated sentence embeddings
22-11-09 06:59:07 - INFO - root: Training pytorch-MLP-nhid0-rmsprop-bs128 with (inner) 5-fold cross-validation
22-11-09 06:59:34 - INFO - root: Best param found at split 1: l2reg = 1e-05                 with score 89.4
22-11-09 07:00:05 - INFO - root: Best param found at split 2: l2reg = 0.0001                 with score 88.8
22-11-09 07:00:36 - INFO - root: Best param found at split 3: l2reg = 1e-05                 with score 88.83
22-11-09 07:01:06 - INFO - root: Best param found at split 4: l2reg = 0.01                 with score 89.11
22-11-09 07:01:34 - INFO - root: Best param found at split 5: l2reg = 0.001                 with score 88.67
22-11-09 07:01:35 - INFO - root: Computing embedding for train
22-11-09 07:01:40 - INFO - root: Computed train embeddings
22-11-09 07:01:40 - INFO - root: Computing embedding for dev
22-11-09 07:01:41 - INFO - root: Computed dev embeddings
22-11-09 07:01:41 - INFO - root: Computing embedding for test
22-11-09 07:01:42 - INFO - root: Computed test embeddings
22-11-09 07:01:42 - INFO - root: Training pytorch-MLP-nhid0-rmsprop-bs128 with standard validation..
22-11-09 07:01:48 - INFO - root: [('reg:1e-05', 41.6), ('reg:0.0001', 39.69), ('reg:0.001', 43.23), ('reg:0.01', 40.69)]
22-11-09 07:01:48 - INFO - root: Validation : best param found is reg = 0.001 with score             43.23
22-11-09 07:01:48 - INFO - root: Evaluating...
22-11-09 07:01:50 - INFO - root: ***** Transfer task : TREC *****


22-11-09 07:01:52 - INFO - root: Computed train embeddings
22-11-09 07:01:52 - INFO - root: Computed test embeddings
22-11-09 07:01:52 - INFO - root: Training pytorch-MLP-nhid0-rmsprop-bs128 with 5-fold cross-validation
22-11-09 07:02:10 - INFO - root: [('reg:1e-05', 78.32), ('reg:0.0001', 81.0), ('reg:0.001', 81.09), ('reg:0.01', 76.28)]
22-11-09 07:02:10 - INFO - root: Cross-validation : best param found is reg = 0.001             with score 81.09
22-11-09 07:02:10 - INFO - root: Evaluating...
22-11-09 07:02:11 - INFO - root: ***** Transfer task : MRPC *****


22-11-09 07:02:11 - INFO - root: Computing embedding for train
22-11-09 07:02:17 - INFO - root: Computed train embeddings
22-11-09 07:02:17 - INFO - root: Computing embedding for test
22-11-09 07:02:19 - INFO - root: Computed test embeddings
22-11-09 07:02:19 - INFO - root: Training pytorch-MLP-nhid0-rmsprop-bs128 with 5-fold cross-validation
22-11-09 07:02:31 - INFO - root: [('reg:1e-05', 75.0), ('reg:0.0001', 74.9), ('reg:0.001', 74.41), ('reg:0.01', 74.95)]
22-11-09 07:02:31 - INFO - root: Cross-validation : best param found is reg = 1e-05             with score 75.0
22-11-09 07:02:31 - INFO - root: Evaluating...
