22-11-08 04:20:14 - INFO - sentence_transformers.SentenceTransformer: Load pretrained SentenceTransformer: sentence-transformers/LaBSE
22-11-08 04:20:18 - INFO - sentence_transformers.SentenceTransformer: Use pytorch device: cuda
22-11-08 04:20:18 - INFO - __main__: SBert model sentence-transformers/LaBSE is loaded.
22-11-08 04:20:20 - INFO - __main__: Num of SBert features: 768
22-11-08 04:20:21 - INFO - root: Generating sentence embeddings
22-11-08 04:20:27 - INFO - root: Generated sentence embeddings
22-11-08 04:20:27 - INFO - root: Training pytorch-MLP-nhid0-rmsprop-bs128 with (inner) 5-fold cross-validation
22-11-08 04:20:54 - INFO - root: Best param found at split 1: l2reg = 0.001                 with score 74.66
22-11-08 04:21:26 - INFO - root: Best param found at split 2: l2reg = 0.001                 with score 73.97
22-11-08 04:21:58 - INFO - root: Best param found at split 3: l2reg = 0.001                 with score 73.99
22-11-08 04:22:23 - INFO - root: Best param found at split 4: l2reg = 0.01                 with score 73.22
22-11-08 04:22:53 - INFO - root: Best param found at split 5: l2reg = 0.01                 with score 74.11
22-11-08 04:22:55 - INFO - root: Generating sentence embeddings
22-11-08 04:22:58 - INFO - root: Generated sentence embeddings
22-11-08 04:22:58 - INFO - root: Training pytorch-MLP-nhid0-rmsprop-bs128 with (inner) 5-fold cross-validation
22-11-08 04:23:08 - INFO - root: Best param found at split 1: l2reg = 0.01                 with score 83.54
22-11-08 04:23:18 - INFO - root: Best param found at split 2: l2reg = 0.01                 with score 82.91
22-11-08 04:23:28 - INFO - root: Best param found at split 3: l2reg = 0.01                 with score 83.15
22-11-08 04:23:38 - INFO - root: Best param found at split 4: l2reg = 0.0001                 with score 82.72
22-11-08 04:23:50 - INFO - root: Best param found at split 5: l2reg = 1e-05                 with score 82.98
22-11-08 04:23:51 - INFO - root: Generating sentence embeddings
22-11-08 04:23:58 - INFO - root: Generated sentence embeddings
22-11-08 04:23:58 - INFO - root: Training pytorch-MLP-nhid0-rmsprop-bs128 with (inner) 5-fold cross-validation
22-11-08 04:24:25 - INFO - root: Best param found at split 1: l2reg = 1e-05                 with score 89.65
22-11-08 04:24:52 - INFO - root: Best param found at split 2: l2reg = 0.01                 with score 90.02
22-11-08 04:25:20 - INFO - root: Best param found at split 3: l2reg = 1e-05                 with score 90.21
22-11-08 04:25:46 - INFO - root: Best param found at split 4: l2reg = 0.01                 with score 89.65
22-11-08 04:26:12 - INFO - root: Best param found at split 5: l2reg = 0.0001                 with score 89.5
22-11-08 04:26:14 - INFO - root: Generating sentence embeddings
22-11-08 04:26:17 - INFO - root: Generated sentence embeddings
22-11-08 04:26:17 - INFO - root: Training pytorch-MLP-nhid0-rmsprop-bs128 with (inner) 5-fold cross-validation
22-11-08 04:26:33 - INFO - root: Best param found at split 1: l2reg = 0.01                 with score 87.22
22-11-08 04:26:56 - INFO - root: Best param found at split 2: l2reg = 0.01                 with score 86.87
22-11-08 04:27:24 - INFO - root: Best param found at split 3: l2reg = 0.01                 with score 87.33
22-11-08 04:27:55 - INFO - root: Best param found at split 4: l2reg = 0.01                 with score 86.95
22-11-08 04:28:25 - INFO - root: Best param found at split 5: l2reg = 0.0001                 with score 86.97
22-11-08 04:28:27 - INFO - root: Computing embedding for train
22-11-08 04:28:32 - INFO - root: Computed train embeddings
22-11-08 04:28:32 - INFO - root: Computing embedding for dev
22-11-08 04:28:33 - INFO - root: Computed dev embeddings
22-11-08 04:28:33 - INFO - root: Computing embedding for test
22-11-08 04:28:34 - INFO - root: Computed test embeddings
22-11-08 04:28:34 - INFO - root: Training pytorch-MLP-nhid0-rmsprop-bs128 with standard validation..
22-11-08 04:28:41 - INFO - root: [('reg:1e-05', 42.69), ('reg:0.0001', 38.78), ('reg:0.001', 38.87), ('reg:0.01', 41.69)]
22-11-08 04:28:41 - INFO - root: Validation : best param found is reg = 1e-05 with score             42.69
22-11-08 04:28:41 - INFO - root: Evaluating...
22-11-08 04:28:42 - INFO - root: ***** Transfer task : TREC *****


22-11-08 04:28:44 - INFO - root: Computed train embeddings
22-11-08 04:28:45 - INFO - root: Computed test embeddings
22-11-08 04:28:45 - INFO - root: Training pytorch-MLP-nhid0-rmsprop-bs128 with 5-fold cross-validation
22-11-08 04:29:02 - INFO - root: [('reg:1e-05', 71.17), ('reg:0.0001', 71.13), ('reg:0.001', 71.46), ('reg:0.01', 71.09)]
22-11-08 04:29:02 - INFO - root: Cross-validation : best param found is reg = 0.001             with score 71.46
22-11-08 04:29:02 - INFO - root: Evaluating...
22-11-08 04:29:03 - INFO - root: ***** Transfer task : MRPC *****


22-11-08 04:29:03 - INFO - root: Computing embedding for train
22-11-08 04:29:08 - INFO - root: Computed train embeddings
22-11-08 04:29:08 - INFO - root: Computing embedding for test
22-11-08 04:29:11 - INFO - root: Computed test embeddings
22-11-08 04:29:11 - INFO - root: Training pytorch-MLP-nhid0-rmsprop-bs128 with 5-fold cross-validation
22-11-08 04:29:22 - INFO - root: [('reg:1e-05', 72.99), ('reg:0.0001', 73.04), ('reg:0.001', 72.77), ('reg:0.01', 73.11)]
22-11-08 04:29:22 - INFO - root: Cross-validation : best param found is reg = 0.01             with score 73.11
22-11-08 04:29:22 - INFO - root: Evaluating...
