22-11-09 01:39:34 - INFO - sentence_transformers.SentenceTransformer: Load pretrained SentenceTransformer: sentence-transformers/LaBSE
22-11-09 01:39:37 - INFO - sentence_transformers.SentenceTransformer: Use pytorch device: cuda
22-11-09 01:39:37 - INFO - __main__: SBert model sentence-transformers/LaBSE is loaded.
22-11-09 01:39:40 - INFO - __main__: Num of SBert features: 768
22-11-09 01:39:41 - INFO - root: Generating sentence embeddings
22-11-09 01:39:48 - INFO - root: Generated sentence embeddings
22-11-09 01:39:48 - INFO - root: Training pytorch-MLP-nhid0-rmsprop-bs128 with (inner) 5-fold cross-validation
22-11-09 01:40:13 - INFO - root: Best param found at split 1: l2reg = 1e-05                 with score 76.46
22-11-09 01:40:44 - INFO - root: Best param found at split 2: l2reg = 1e-05                 with score 76.42
22-11-09 01:41:14 - INFO - root: Best param found at split 3: l2reg = 1e-05                 with score 76.88
22-11-09 01:41:41 - INFO - root: Best param found at split 4: l2reg = 1e-05                 with score 73.67
22-11-09 01:42:11 - INFO - root: Best param found at split 5: l2reg = 0.01                 with score 73.89
22-11-09 01:42:12 - INFO - root: Generating sentence embeddings
22-11-09 01:42:14 - INFO - root: Generated sentence embeddings
22-11-09 01:42:14 - INFO - root: Training pytorch-MLP-nhid0-rmsprop-bs128 with (inner) 5-fold cross-validation
22-11-09 01:42:24 - INFO - root: Best param found at split 1: l2reg = 0.0001                 with score 86.09
22-11-09 01:42:35 - INFO - root: Best param found at split 2: l2reg = 1e-05                 with score 84.93
22-11-09 01:42:45 - INFO - root: Best param found at split 3: l2reg = 0.0001                 with score 83.44
22-11-09 01:42:56 - INFO - root: Best param found at split 4: l2reg = 1e-05                 with score 83.97
22-11-09 01:43:07 - INFO - root: Best param found at split 5: l2reg = 0.001                 with score 85.03
22-11-09 01:43:08 - INFO - root: Generating sentence embeddings
22-11-09 01:43:15 - INFO - root: Generated sentence embeddings
22-11-09 01:43:15 - INFO - root: Training pytorch-MLP-nhid0-rmsprop-bs128 with (inner) 5-fold cross-validation
22-11-09 01:43:42 - INFO - root: Best param found at split 1: l2reg = 1e-05                 with score 91.59
22-11-09 01:44:11 - INFO - root: Best param found at split 2: l2reg = 0.01                 with score 92.29
22-11-09 01:44:39 - INFO - root: Best param found at split 3: l2reg = 0.001                 with score 91.94
22-11-09 01:45:05 - INFO - root: Best param found at split 4: l2reg = 0.001                 with score 91.92
22-11-09 01:45:35 - INFO - root: Best param found at split 5: l2reg = 0.0001                 with score 91.81
22-11-09 01:45:37 - INFO - root: Generating sentence embeddings
22-11-09 01:45:41 - INFO - root: Generated sentence embeddings
22-11-09 01:45:41 - INFO - root: Training pytorch-MLP-nhid0-rmsprop-bs128 with (inner) 5-fold cross-validation
22-11-09 01:46:08 - INFO - root: Best param found at split 1: l2reg = 0.0001                 with score 89.18
22-11-09 01:46:41 - INFO - root: Best param found at split 2: l2reg = 1e-05                 with score 88.45
22-11-09 01:47:09 - INFO - root: Best param found at split 3: l2reg = 0.01                 with score 88.44
22-11-09 01:47:36 - INFO - root: Best param found at split 4: l2reg = 1e-05                 with score 88.96
22-11-09 01:48:04 - INFO - root: Best param found at split 5: l2reg = 1e-05                 with score 88.1
22-11-09 01:48:06 - INFO - root: Computing embedding for train
22-11-09 01:48:12 - INFO - root: Computed train embeddings
22-11-09 01:48:12 - INFO - root: Computing embedding for dev
22-11-09 01:48:12 - INFO - root: Computed dev embeddings
22-11-09 01:48:12 - INFO - root: Computing embedding for test
22-11-09 01:48:14 - INFO - root: Computed test embeddings
22-11-09 01:48:14 - INFO - root: Training pytorch-MLP-nhid0-rmsprop-bs128 with standard validation..
22-11-09 01:48:20 - INFO - root: [('reg:1e-05', 41.05), ('reg:0.0001', 42.05), ('reg:0.001', 38.42), ('reg:0.01', 39.06)]
22-11-09 01:48:20 - INFO - root: Validation : best param found is reg = 0.0001 with score             42.05
22-11-09 01:48:20 - INFO - root: Evaluating...
22-11-09 01:48:21 - INFO - root: ***** Transfer task : TREC *****


22-11-09 01:48:24 - INFO - root: Computed train embeddings
22-11-09 01:48:24 - INFO - root: Computed test embeddings
22-11-09 01:48:24 - INFO - root: Training pytorch-MLP-nhid0-rmsprop-bs128 with 5-fold cross-validation
22-11-09 01:48:41 - INFO - root: [('reg:1e-05', 77.61), ('reg:0.0001', 80.03), ('reg:0.001', 80.72), ('reg:0.01', 74.21)]
22-11-09 01:48:41 - INFO - root: Cross-validation : best param found is reg = 0.001             with score 80.72
22-11-09 01:48:41 - INFO - root: Evaluating...
22-11-09 01:48:42 - INFO - root: ***** Transfer task : MRPC *****


22-11-09 01:48:42 - INFO - root: Computing embedding for train
22-11-09 01:48:48 - INFO - root: Computed train embeddings
22-11-09 01:48:48 - INFO - root: Computing embedding for test
22-11-09 01:48:50 - INFO - root: Computed test embeddings
22-11-09 01:48:50 - INFO - root: Training pytorch-MLP-nhid0-rmsprop-bs128 with 5-fold cross-validation
22-11-09 01:49:04 - INFO - root: [('reg:1e-05', 74.75), ('reg:0.0001', 74.93), ('reg:0.001', 74.41), ('reg:0.01', 74.61)]
22-11-09 01:49:04 - INFO - root: Cross-validation : best param found is reg = 0.0001             with score 74.93
22-11-09 01:49:04 - INFO - root: Evaluating...
22-11-19 23:17:37 - INFO - sentence_transformers.SentenceTransformer: Load pretrained SentenceTransformer: sentence-transformers/LaBSE
22-11-19 23:17:41 - INFO - sentence_transformers.SentenceTransformer: Use pytorch device: cuda
22-11-19 23:17:41 - INFO - __main__: SBert model sentence-transformers/LaBSE is loaded.
22-11-19 23:17:42 - INFO - __main__: Num of SBert features: 768
