22-11-08 12:03:04 - INFO - sentence_transformers.SentenceTransformer: Load pretrained SentenceTransformer: sentence-transformers/LaBSE
22-11-08 12:03:07 - INFO - sentence_transformers.SentenceTransformer: Use pytorch device: cuda
22-11-08 12:03:07 - INFO - __main__: SBert model sentence-transformers/LaBSE is loaded.
22-11-08 12:03:10 - INFO - __main__: Num of SBert features: 768
22-11-08 12:03:11 - INFO - root: Generating sentence embeddings
22-11-08 12:03:18 - INFO - root: Generated sentence embeddings
22-11-08 12:03:18 - INFO - root: Training pytorch-MLP-nhid0-rmsprop-bs128 with (inner) 5-fold cross-validation
22-11-08 12:03:44 - INFO - root: Best param found at split 1: l2reg = 0.01                 with score 76.02
22-11-08 12:04:12 - INFO - root: Best param found at split 2: l2reg = 0.01                 with score 75.44
22-11-08 12:04:40 - INFO - root: Best param found at split 3: l2reg = 0.0001                 with score 73.63
22-11-08 12:05:08 - INFO - root: Best param found at split 4: l2reg = 1e-05                 with score 75.01
22-11-08 12:05:37 - INFO - root: Best param found at split 5: l2reg = 1e-05                 with score 75.52
22-11-08 12:05:39 - INFO - root: Generating sentence embeddings
22-11-08 12:05:41 - INFO - root: Generated sentence embeddings
22-11-08 12:05:41 - INFO - root: Training pytorch-MLP-nhid0-rmsprop-bs128 with (inner) 5-fold cross-validation
22-11-08 12:05:52 - INFO - root: Best param found at split 1: l2reg = 0.001                 with score 85.53
22-11-08 12:06:05 - INFO - root: Best param found at split 2: l2reg = 0.01                 with score 85.93
22-11-08 12:06:16 - INFO - root: Best param found at split 3: l2reg = 0.001                 with score 85.0
22-11-08 12:06:26 - INFO - root: Best param found at split 4: l2reg = 0.001                 with score 84.3
22-11-08 12:06:36 - INFO - root: Best param found at split 5: l2reg = 0.01                 with score 84.57
22-11-08 12:06:37 - INFO - root: Generating sentence embeddings
22-11-08 12:06:44 - INFO - root: Generated sentence embeddings
22-11-08 12:06:44 - INFO - root: Training pytorch-MLP-nhid0-rmsprop-bs128 with (inner) 5-fold cross-validation
22-11-08 12:07:08 - INFO - root: Best param found at split 1: l2reg = 0.01                 with score 90.91
22-11-08 12:07:35 - INFO - root: Best param found at split 2: l2reg = 0.01                 with score 91.38
22-11-08 12:08:02 - INFO - root: Best param found at split 3: l2reg = 0.0001                 with score 91.4
22-11-08 12:08:28 - INFO - root: Best param found at split 4: l2reg = 0.001                 with score 91.07
22-11-08 12:08:56 - INFO - root: Best param found at split 5: l2reg = 0.001                 with score 91.01
22-11-08 12:08:58 - INFO - root: Generating sentence embeddings
22-11-08 12:09:01 - INFO - root: Generated sentence embeddings
22-11-08 12:09:01 - INFO - root: Training pytorch-MLP-nhid0-rmsprop-bs128 with (inner) 5-fold cross-validation
22-11-08 12:09:30 - INFO - root: Best param found at split 1: l2reg = 0.01                 with score 88.67
22-11-08 12:10:01 - INFO - root: Best param found at split 2: l2reg = 0.0001                 with score 87.4
22-11-08 12:10:29 - INFO - root: Best param found at split 3: l2reg = 1e-05                 with score 88.12
22-11-08 12:11:00 - INFO - root: Best param found at split 4: l2reg = 0.01                 with score 87.86
22-11-08 12:11:26 - INFO - root: Best param found at split 5: l2reg = 0.001                 with score 86.94
22-11-08 12:11:28 - INFO - root: Computing embedding for train
22-11-08 12:11:33 - INFO - root: Computed train embeddings
22-11-08 12:11:33 - INFO - root: Computing embedding for dev
22-11-08 12:11:34 - INFO - root: Computed dev embeddings
22-11-08 12:11:34 - INFO - root: Computing embedding for test
22-11-08 12:11:35 - INFO - root: Computed test embeddings
22-11-08 12:11:35 - INFO - root: Training pytorch-MLP-nhid0-rmsprop-bs128 with standard validation..
22-11-08 12:11:40 - INFO - root: [('reg:1e-05', 40.33), ('reg:0.0001', 38.96), ('reg:0.001', 41.6), ('reg:0.01', 41.33)]
22-11-08 12:11:40 - INFO - root: Validation : best param found is reg = 0.001 with score             41.6
22-11-08 12:11:40 - INFO - root: Evaluating...
22-11-08 12:11:41 - INFO - root: ***** Transfer task : TREC *****


22-11-08 12:11:43 - INFO - root: Computed train embeddings
22-11-08 12:11:43 - INFO - root: Computed test embeddings
22-11-08 12:11:43 - INFO - root: Training pytorch-MLP-nhid0-rmsprop-bs128 with 5-fold cross-validation
22-11-08 12:12:02 - INFO - root: [('reg:1e-05', 77.99), ('reg:0.0001', 75.84), ('reg:0.001', 78.69), ('reg:0.01', 73.55)]
22-11-08 12:12:02 - INFO - root: Cross-validation : best param found is reg = 0.001             with score 78.69
22-11-08 12:12:02 - INFO - root: Evaluating...
22-11-08 12:12:03 - INFO - root: ***** Transfer task : MRPC *****


22-11-08 12:12:03 - INFO - root: Computing embedding for train
22-11-08 12:12:09 - INFO - root: Computed train embeddings
22-11-08 12:12:09 - INFO - root: Computing embedding for test
22-11-08 12:12:11 - INFO - root: Computed test embeddings
22-11-08 12:12:11 - INFO - root: Training pytorch-MLP-nhid0-rmsprop-bs128 with 5-fold cross-validation
22-11-08 12:12:25 - INFO - root: [('reg:1e-05', 74.26), ('reg:0.0001', 74.73), ('reg:0.001', 74.04), ('reg:0.01', 75.17)]
22-11-08 12:12:25 - INFO - root: Cross-validation : best param found is reg = 0.01             with score 75.17
22-11-08 12:12:25 - INFO - root: Evaluating...
22-11-19 17:45:55 - INFO - sentence_transformers.SentenceTransformer: Load pretrained SentenceTransformer: sentence-transformers/LaBSE
22-11-19 17:45:59 - INFO - sentence_transformers.SentenceTransformer: Use pytorch device: cuda
22-11-19 17:45:59 - INFO - __main__: SBert model sentence-transformers/LaBSE is loaded.
22-11-19 17:46:01 - INFO - __main__: Num of SBert features: 768
