22-11-08 18:06:59 - INFO - sentence_transformers.SentenceTransformer: Load pretrained SentenceTransformer: sentence-transformers/LaBSE
22-11-08 18:07:02 - INFO - sentence_transformers.SentenceTransformer: Use pytorch device: cuda
22-11-08 18:07:02 - INFO - __main__: SBert model sentence-transformers/LaBSE is loaded.
22-11-08 18:07:04 - INFO - __main__: Num of SBert features: 768
22-11-08 18:07:05 - INFO - root: Generating sentence embeddings
22-11-08 18:07:12 - INFO - root: Generated sentence embeddings
22-11-08 18:07:12 - INFO - root: Training pytorch-MLP-nhid0-rmsprop-bs128 with (inner) 5-fold cross-validation
22-11-08 18:07:44 - INFO - root: Best param found at split 1: l2reg = 0.01                 with score 74.92
22-11-08 18:08:15 - INFO - root: Best param found at split 2: l2reg = 1e-05                 with score 74.98
22-11-08 18:08:50 - INFO - root: Best param found at split 3: l2reg = 0.001                 with score 74.54
22-11-08 18:09:20 - INFO - root: Best param found at split 4: l2reg = 1e-05                 with score 75.49
22-11-08 18:09:55 - INFO - root: Best param found at split 5: l2reg = 0.001                 with score 75.39
22-11-08 18:09:56 - INFO - root: Generating sentence embeddings
22-11-08 18:09:58 - INFO - root: Generated sentence embeddings
22-11-08 18:09:58 - INFO - root: Training pytorch-MLP-nhid0-rmsprop-bs128 with (inner) 5-fold cross-validation
22-11-08 18:10:10 - INFO - root: Best param found at split 1: l2reg = 1e-05                 with score 84.97
22-11-08 18:10:24 - INFO - root: Best param found at split 2: l2reg = 0.001                 with score 85.33
22-11-08 18:10:36 - INFO - root: Best param found at split 3: l2reg = 0.001                 with score 83.38
22-11-08 18:10:48 - INFO - root: Best param found at split 4: l2reg = 0.0001                 with score 83.61
22-11-08 18:10:59 - INFO - root: Best param found at split 5: l2reg = 0.01                 with score 84.3
22-11-08 18:11:00 - INFO - root: Generating sentence embeddings
22-11-08 18:11:07 - INFO - root: Generated sentence embeddings
22-11-08 18:11:07 - INFO - root: Training pytorch-MLP-nhid0-rmsprop-bs128 with (inner) 5-fold cross-validation
22-11-08 18:11:37 - INFO - root: Best param found at split 1: l2reg = 0.001                 with score 91.36
22-11-08 18:12:06 - INFO - root: Best param found at split 2: l2reg = 0.0001                 with score 91.78
22-11-08 18:12:38 - INFO - root: Best param found at split 3: l2reg = 0.01                 with score 91.81
22-11-08 18:13:08 - INFO - root: Best param found at split 4: l2reg = 0.0001                 with score 91.01
22-11-08 18:13:37 - INFO - root: Best param found at split 5: l2reg = 0.01                 with score 91.61
22-11-08 18:13:40 - INFO - root: Generating sentence embeddings
22-11-08 18:13:43 - INFO - root: Generated sentence embeddings
22-11-08 18:13:43 - INFO - root: Training pytorch-MLP-nhid0-rmsprop-bs128 with (inner) 5-fold cross-validation
22-11-08 18:14:13 - INFO - root: Best param found at split 1: l2reg = 1e-05                 with score 88.4
22-11-08 18:14:42 - INFO - root: Best param found at split 2: l2reg = 0.001                 with score 88.24
22-11-08 18:15:08 - INFO - root: Best param found at split 3: l2reg = 0.01                 with score 88.62
22-11-08 18:15:35 - INFO - root: Best param found at split 4: l2reg = 0.0001                 with score 88.7
22-11-08 18:16:02 - INFO - root: Best param found at split 5: l2reg = 0.001                 with score 87.9
22-11-08 18:16:03 - INFO - root: Computing embedding for train
22-11-08 18:16:09 - INFO - root: Computed train embeddings
22-11-08 18:16:09 - INFO - root: Computing embedding for dev
22-11-08 18:16:09 - INFO - root: Computed dev embeddings
22-11-08 18:16:09 - INFO - root: Computing embedding for test
22-11-08 18:16:11 - INFO - root: Computed test embeddings
22-11-08 18:16:11 - INFO - root: Training pytorch-MLP-nhid0-rmsprop-bs128 with standard validation..
22-11-08 18:16:18 - INFO - root: [('reg:1e-05', 37.69), ('reg:0.0001', 40.42), ('reg:0.001', 40.6), ('reg:0.01', 41.78)]
22-11-08 18:16:18 - INFO - root: Validation : best param found is reg = 0.01 with score             41.78
22-11-08 18:16:18 - INFO - root: Evaluating...
22-11-08 18:16:19 - INFO - root: ***** Transfer task : TREC *****


22-11-08 18:16:22 - INFO - root: Computed train embeddings
22-11-08 18:16:22 - INFO - root: Computed test embeddings
22-11-08 18:16:22 - INFO - root: Training pytorch-MLP-nhid0-rmsprop-bs128 with 5-fold cross-validation
22-11-08 18:16:41 - INFO - root: [('reg:1e-05', 77.81), ('reg:0.0001', 76.63), ('reg:0.001', 78.03), ('reg:0.01', 70.91)]
22-11-08 18:16:41 - INFO - root: Cross-validation : best param found is reg = 0.001             with score 78.03
22-11-08 18:16:41 - INFO - root: Evaluating...
22-11-08 18:16:42 - INFO - root: ***** Transfer task : MRPC *****


22-11-08 18:16:43 - INFO - root: Computing embedding for train
22-11-08 18:16:48 - INFO - root: Computed train embeddings
22-11-08 18:16:48 - INFO - root: Computing embedding for test
22-11-08 18:16:50 - INFO - root: Computed test embeddings
22-11-08 18:16:50 - INFO - root: Training pytorch-MLP-nhid0-rmsprop-bs128 with 5-fold cross-validation
22-11-08 18:17:04 - INFO - root: [('reg:1e-05', 72.99), ('reg:0.0001', 73.21), ('reg:0.001', 73.06), ('reg:0.01', 72.89)]
22-11-08 18:17:04 - INFO - root: Cross-validation : best param found is reg = 0.0001             with score 73.21
22-11-08 18:17:04 - INFO - root: Evaluating...
