22-11-08 08:01:29 - INFO - sentence_transformers.SentenceTransformer: Load pretrained SentenceTransformer: sentence-transformers/LaBSE
22-11-08 08:01:32 - INFO - sentence_transformers.SentenceTransformer: Use pytorch device: cuda
22-11-08 08:01:32 - INFO - __main__: SBert model sentence-transformers/LaBSE is loaded.
22-11-08 08:01:35 - INFO - __main__: Num of SBert features: 768
22-11-08 08:01:36 - INFO - root: Generating sentence embeddings
22-11-08 08:01:43 - INFO - root: Generated sentence embeddings
22-11-08 08:01:43 - INFO - root: Training pytorch-MLP-nhid0-rmsprop-bs128 with (inner) 5-fold cross-validation
22-11-08 08:02:16 - INFO - root: Best param found at split 1: l2reg = 0.001                 with score 75.75
22-11-08 08:02:44 - INFO - root: Best param found at split 2: l2reg = 0.01                 with score 74.6
22-11-08 08:03:13 - INFO - root: Best param found at split 3: l2reg = 1e-05                 with score 74.7
22-11-08 08:03:41 - INFO - root: Best param found at split 4: l2reg = 0.01                 with score 74.89
22-11-08 08:04:08 - INFO - root: Best param found at split 5: l2reg = 0.001                 with score 75.21
22-11-08 08:04:10 - INFO - root: Generating sentence embeddings
22-11-08 08:04:12 - INFO - root: Generated sentence embeddings
22-11-08 08:04:12 - INFO - root: Training pytorch-MLP-nhid0-rmsprop-bs128 with (inner) 5-fold cross-validation
22-11-08 08:04:22 - INFO - root: Best param found at split 1: l2reg = 0.001                 with score 83.51
22-11-08 08:04:32 - INFO - root: Best param found at split 2: l2reg = 0.01                 with score 83.54
22-11-08 08:04:43 - INFO - root: Best param found at split 3: l2reg = 0.001                 with score 82.58
22-11-08 08:04:53 - INFO - root: Best param found at split 4: l2reg = 0.01                 with score 83.08
22-11-08 08:05:03 - INFO - root: Best param found at split 5: l2reg = 1e-05                 with score 83.44
22-11-08 08:05:04 - INFO - root: Generating sentence embeddings
22-11-08 08:05:11 - INFO - root: Generated sentence embeddings
22-11-08 08:05:11 - INFO - root: Training pytorch-MLP-nhid0-rmsprop-bs128 with (inner) 5-fold cross-validation
22-11-08 08:05:38 - INFO - root: Best param found at split 1: l2reg = 0.001                 with score 90.98
22-11-08 08:06:05 - INFO - root: Best param found at split 2: l2reg = 0.001                 with score 91.58
22-11-08 08:06:29 - INFO - root: Best param found at split 3: l2reg = 0.01                 with score 91.01
22-11-08 08:06:56 - INFO - root: Best param found at split 4: l2reg = 0.01                 with score 90.99
22-11-08 08:07:25 - INFO - root: Best param found at split 5: l2reg = 0.001                 with score 91.01
22-11-08 08:07:26 - INFO - root: Generating sentence embeddings
22-11-08 08:07:30 - INFO - root: Generated sentence embeddings
22-11-08 08:07:30 - INFO - root: Training pytorch-MLP-nhid0-rmsprop-bs128 with (inner) 5-fold cross-validation
22-11-08 08:07:54 - INFO - root: Best param found at split 1: l2reg = 0.001                 with score 87.91
22-11-08 08:08:22 - INFO - root: Best param found at split 2: l2reg = 0.0001                 with score 87.0
22-11-08 08:08:51 - INFO - root: Best param found at split 3: l2reg = 0.0001                 with score 87.9
22-11-08 08:09:17 - INFO - root: Best param found at split 4: l2reg = 0.01                 with score 85.22
22-11-08 08:09:46 - INFO - root: Best param found at split 5: l2reg = 0.0001                 with score 86.67
22-11-08 08:09:47 - INFO - root: Computing embedding for train
22-11-08 08:09:53 - INFO - root: Computed train embeddings
22-11-08 08:09:53 - INFO - root: Computing embedding for dev
22-11-08 08:09:53 - INFO - root: Computed dev embeddings
22-11-08 08:09:53 - INFO - root: Computing embedding for test
22-11-08 08:09:55 - INFO - root: Computed test embeddings
22-11-08 08:09:55 - INFO - root: Training pytorch-MLP-nhid0-rmsprop-bs128 with standard validation..
22-11-08 08:10:03 - INFO - root: [('reg:1e-05', 40.96), ('reg:0.0001', 40.78), ('reg:0.001', 38.69), ('reg:0.01', 39.96)]
22-11-08 08:10:03 - INFO - root: Validation : best param found is reg = 1e-05 with score             40.96
22-11-08 08:10:03 - INFO - root: Evaluating...
22-11-08 08:10:05 - INFO - root: ***** Transfer task : TREC *****


22-11-08 08:10:07 - INFO - root: Computed train embeddings
22-11-08 08:10:07 - INFO - root: Computed test embeddings
22-11-08 08:10:07 - INFO - root: Training pytorch-MLP-nhid0-rmsprop-bs128 with 5-fold cross-validation
22-11-08 08:10:23 - INFO - root: [('reg:1e-05', 76.1), ('reg:0.0001', 77.38), ('reg:0.001', 76.94), ('reg:0.01', 75.86)]
22-11-08 08:10:23 - INFO - root: Cross-validation : best param found is reg = 0.0001             with score 77.38
22-11-08 08:10:23 - INFO - root: Evaluating...
22-11-08 08:10:25 - INFO - root: ***** Transfer task : MRPC *****


22-11-08 08:10:25 - INFO - root: Computing embedding for train
22-11-08 08:10:30 - INFO - root: Computed train embeddings
22-11-08 08:10:30 - INFO - root: Computing embedding for test
22-11-08 08:10:32 - INFO - root: Computed test embeddings
22-11-08 08:10:32 - INFO - root: Training pytorch-MLP-nhid0-rmsprop-bs128 with 5-fold cross-validation
22-11-08 08:10:45 - INFO - root: [('reg:1e-05', 73.45), ('reg:0.0001', 73.38), ('reg:0.001', 73.43), ('reg:0.01', 73.8)]
22-11-08 08:10:45 - INFO - root: Cross-validation : best param found is reg = 0.01             with score 73.8
22-11-08 08:10:45 - INFO - root: Evaluating...
22-11-19 16:08:06 - INFO - sentence_transformers.SentenceTransformer: Load pretrained SentenceTransformer: sentence-transformers/LaBSE
22-11-19 16:08:10 - INFO - sentence_transformers.SentenceTransformer: Use pytorch device: cuda
22-11-19 16:08:10 - INFO - __main__: SBert model sentence-transformers/LaBSE is loaded.
22-11-19 16:08:11 - INFO - __main__: Num of SBert features: 768
