22-11-08 01:06:50 - INFO - sentence_transformers.SentenceTransformer: Load pretrained SentenceTransformer: sentence-transformers/LaBSE
22-11-08 01:06:53 - INFO - sentence_transformers.SentenceTransformer: Use pytorch device: cuda
22-11-08 01:06:53 - INFO - __main__: SBert model sentence-transformers/LaBSE is loaded.
22-11-08 01:06:55 - INFO - __main__: Num of SBert features: 768
22-11-08 01:06:56 - INFO - root: Generating sentence embeddings
22-11-08 01:07:03 - INFO - root: Generated sentence embeddings
22-11-08 01:07:03 - INFO - root: Training pytorch-MLP-nhid0-rmsprop-bs128 with (inner) 5-fold cross-validation
22-11-08 01:07:31 - INFO - root: Best param found at split 1: l2reg = 0.01                 with score 73.22
22-11-08 01:07:59 - INFO - root: Best param found at split 2: l2reg = 1e-05                 with score 73.58
22-11-08 01:08:31 - INFO - root: Best param found at split 3: l2reg = 0.001                 with score 74.3
22-11-08 01:08:59 - INFO - root: Best param found at split 4: l2reg = 1e-05                 with score 72.61
22-11-08 01:09:27 - INFO - root: Best param found at split 5: l2reg = 0.001                 with score 73.07
22-11-08 01:09:29 - INFO - root: Generating sentence embeddings
22-11-08 01:09:31 - INFO - root: Generated sentence embeddings
22-11-08 01:09:31 - INFO - root: Training pytorch-MLP-nhid0-rmsprop-bs128 with (inner) 5-fold cross-validation
22-11-08 01:09:42 - INFO - root: Best param found at split 1: l2reg = 0.0001                 with score 82.48
22-11-08 01:09:53 - INFO - root: Best param found at split 2: l2reg = 0.01                 with score 82.78
22-11-08 01:10:04 - INFO - root: Best param found at split 3: l2reg = 1e-05                 with score 82.22
22-11-08 01:10:15 - INFO - root: Best param found at split 4: l2reg = 0.001                 with score 81.99
22-11-08 01:10:26 - INFO - root: Best param found at split 5: l2reg = 1e-05                 with score 82.02
22-11-08 01:10:27 - INFO - root: Generating sentence embeddings
22-11-08 01:10:34 - INFO - root: Generated sentence embeddings
22-11-08 01:10:34 - INFO - root: Training pytorch-MLP-nhid0-rmsprop-bs128 with (inner) 5-fold cross-validation
22-11-08 01:10:58 - INFO - root: Best param found at split 1: l2reg = 0.001                 with score 89.82
22-11-08 01:11:22 - INFO - root: Best param found at split 2: l2reg = 0.01                 with score 90.2
22-11-08 01:11:49 - INFO - root: Best param found at split 3: l2reg = 0.01                 with score 90.1
22-11-08 01:12:15 - INFO - root: Best param found at split 4: l2reg = 0.01                 with score 90.26
22-11-08 01:12:41 - INFO - root: Best param found at split 5: l2reg = 0.01                 with score 90.06
22-11-08 01:12:42 - INFO - root: Generating sentence embeddings
22-11-08 01:12:46 - INFO - root: Generated sentence embeddings
22-11-08 01:12:46 - INFO - root: Training pytorch-MLP-nhid0-rmsprop-bs128 with (inner) 5-fold cross-validation
22-11-08 01:13:12 - INFO - root: Best param found at split 1: l2reg = 0.001                 with score 87.21
22-11-08 01:13:41 - INFO - root: Best param found at split 2: l2reg = 0.01                 with score 86.45
22-11-08 01:14:11 - INFO - root: Best param found at split 3: l2reg = 0.01                 with score 86.92
22-11-08 01:14:39 - INFO - root: Best param found at split 4: l2reg = 1e-05                 with score 86.28
22-11-08 01:15:08 - INFO - root: Best param found at split 5: l2reg = 0.01                 with score 86.35
22-11-08 01:15:09 - INFO - root: Computing embedding for train
22-11-08 01:15:14 - INFO - root: Computed train embeddings
22-11-08 01:15:14 - INFO - root: Computing embedding for dev
22-11-08 01:15:15 - INFO - root: Computed dev embeddings
22-11-08 01:15:15 - INFO - root: Computing embedding for test
22-11-08 01:15:17 - INFO - root: Computed test embeddings
22-11-08 01:15:17 - INFO - root: Training pytorch-MLP-nhid0-rmsprop-bs128 with standard validation..
22-11-08 01:15:23 - INFO - root: [('reg:1e-05', 40.15), ('reg:0.0001', 40.24), ('reg:0.001', 40.33), ('reg:0.01', 40.51)]
22-11-08 01:15:23 - INFO - root: Validation : best param found is reg = 0.01 with score             40.51
22-11-08 01:15:23 - INFO - root: Evaluating...
22-11-08 01:15:25 - INFO - root: ***** Transfer task : TREC *****


22-11-08 01:15:27 - INFO - root: Computed train embeddings
22-11-08 01:15:27 - INFO - root: Computed test embeddings
22-11-08 01:15:27 - INFO - root: Training pytorch-MLP-nhid0-rmsprop-bs128 with 5-fold cross-validation
22-11-08 01:15:46 - INFO - root: [('reg:1e-05', 73.33), ('reg:0.0001', 72.93), ('reg:0.001', 73.27), ('reg:0.01', 70.12)]
22-11-08 01:15:46 - INFO - root: Cross-validation : best param found is reg = 1e-05             with score 73.33
22-11-08 01:15:46 - INFO - root: Evaluating...
22-11-08 01:15:47 - INFO - root: ***** Transfer task : MRPC *****


22-11-08 01:15:47 - INFO - root: Computing embedding for train
22-11-08 01:15:52 - INFO - root: Computed train embeddings
22-11-08 01:15:52 - INFO - root: Computing embedding for test
22-11-08 01:15:55 - INFO - root: Computed test embeddings
22-11-08 01:15:55 - INFO - root: Training pytorch-MLP-nhid0-rmsprop-bs128 with 5-fold cross-validation
22-11-08 01:16:06 - INFO - root: [('reg:1e-05', 72.74), ('reg:0.0001', 72.82), ('reg:0.001', 72.69), ('reg:0.01', 72.47)]
22-11-08 01:16:06 - INFO - root: Cross-validation : best param found is reg = 0.0001             with score 72.82
22-11-08 01:16:06 - INFO - root: Evaluating...
