22-11-08 14:42:54 - INFO - sentence_transformers.SentenceTransformer: Load pretrained SentenceTransformer: sentence-transformers/LaBSE
22-11-08 14:42:58 - INFO - sentence_transformers.SentenceTransformer: Use pytorch device: cuda
22-11-08 14:42:58 - INFO - __main__: SBert model sentence-transformers/LaBSE is loaded.
22-11-08 14:43:00 - INFO - __main__: Num of SBert features: 768
22-11-08 14:43:00 - INFO - root: Generating sentence embeddings
22-11-08 14:43:07 - INFO - root: Generated sentence embeddings
22-11-08 14:43:07 - INFO - root: Training pytorch-MLP-nhid0-rmsprop-bs128 with (inner) 5-fold cross-validation
22-11-08 14:43:33 - INFO - root: Best param found at split 1: l2reg = 1e-05                 with score 75.31
22-11-08 14:44:02 - INFO - root: Best param found at split 2: l2reg = 0.001                 with score 75.72
22-11-08 14:44:32 - INFO - root: Best param found at split 3: l2reg = 0.0001                 with score 75.47
22-11-08 14:44:59 - INFO - root: Best param found at split 4: l2reg = 0.01                 with score 73.28
22-11-08 14:45:26 - INFO - root: Best param found at split 5: l2reg = 0.001                 with score 75.65
22-11-08 14:45:28 - INFO - root: Generating sentence embeddings
22-11-08 14:45:30 - INFO - root: Generated sentence embeddings
22-11-08 14:45:30 - INFO - root: Training pytorch-MLP-nhid0-rmsprop-bs128 with (inner) 5-fold cross-validation
22-11-08 14:45:39 - INFO - root: Best param found at split 1: l2reg = 0.01                 with score 85.43
22-11-08 14:45:50 - INFO - root: Best param found at split 2: l2reg = 0.01                 with score 84.97
22-11-08 14:46:01 - INFO - root: Best param found at split 3: l2reg = 0.01                 with score 84.7
22-11-08 14:46:12 - INFO - root: Best param found at split 4: l2reg = 0.001                 with score 85.07
22-11-08 14:46:23 - INFO - root: Best param found at split 5: l2reg = 0.001                 with score 83.61
22-11-08 14:46:23 - INFO - root: Generating sentence embeddings
22-11-08 14:46:30 - INFO - root: Generated sentence embeddings
22-11-08 14:46:30 - INFO - root: Training pytorch-MLP-nhid0-rmsprop-bs128 with (inner) 5-fold cross-validation
22-11-08 14:46:59 - INFO - root: Best param found at split 1: l2reg = 0.01                 with score 91.19
22-11-08 14:47:24 - INFO - root: Best param found at split 2: l2reg = 0.001                 with score 91.61
22-11-08 14:47:52 - INFO - root: Best param found at split 3: l2reg = 0.01                 with score 91.59
22-11-08 14:48:19 - INFO - root: Best param found at split 4: l2reg = 0.01                 with score 91.48
22-11-08 14:48:48 - INFO - root: Best param found at split 5: l2reg = 0.01                 with score 91.41
22-11-08 14:48:50 - INFO - root: Generating sentence embeddings
22-11-08 14:48:53 - INFO - root: Generated sentence embeddings
22-11-08 14:48:53 - INFO - root: Training pytorch-MLP-nhid0-rmsprop-bs128 with (inner) 5-fold cross-validation
22-11-08 14:49:22 - INFO - root: Best param found at split 1: l2reg = 0.01                 with score 88.67
22-11-08 14:49:56 - INFO - root: Best param found at split 2: l2reg = 1e-05                 with score 88.08
22-11-08 14:50:26 - INFO - root: Best param found at split 3: l2reg = 1e-05                 with score 88.34
22-11-08 14:50:52 - INFO - root: Best param found at split 4: l2reg = 0.001                 with score 88.34
22-11-08 14:51:22 - INFO - root: Best param found at split 5: l2reg = 0.001                 with score 88.18
22-11-08 14:51:23 - INFO - root: Computing embedding for train
22-11-08 14:51:29 - INFO - root: Computed train embeddings
22-11-08 14:51:29 - INFO - root: Computing embedding for dev
22-11-08 14:51:29 - INFO - root: Computed dev embeddings
22-11-08 14:51:29 - INFO - root: Computing embedding for test
22-11-08 14:51:31 - INFO - root: Computed test embeddings
22-11-08 14:51:31 - INFO - root: Training pytorch-MLP-nhid0-rmsprop-bs128 with standard validation..
22-11-08 14:51:37 - INFO - root: [('reg:1e-05', 40.78), ('reg:0.0001', 40.78), ('reg:0.001', 38.15), ('reg:0.01', 38.33)]
22-11-08 14:51:37 - INFO - root: Validation : best param found is reg = 1e-05 with score             40.78
22-11-08 14:51:37 - INFO - root: Evaluating...
22-11-08 14:51:39 - INFO - root: ***** Transfer task : TREC *****


22-11-08 14:51:42 - INFO - root: Computed train embeddings
22-11-08 14:51:42 - INFO - root: Computed test embeddings
22-11-08 14:51:42 - INFO - root: Training pytorch-MLP-nhid0-rmsprop-bs128 with 5-fold cross-validation
22-11-08 14:51:59 - INFO - root: [('reg:1e-05', 77.17), ('reg:0.0001', 76.58), ('reg:0.001', 77.33), ('reg:0.01', 78.34)]
22-11-08 14:51:59 - INFO - root: Cross-validation : best param found is reg = 0.01             with score 78.34
22-11-08 14:51:59 - INFO - root: Evaluating...
22-11-08 14:52:00 - INFO - root: ***** Transfer task : MRPC *****


22-11-08 14:52:00 - INFO - root: Computing embedding for train
22-11-08 14:52:05 - INFO - root: Computed train embeddings
22-11-08 14:52:05 - INFO - root: Computing embedding for test
22-11-08 14:52:07 - INFO - root: Computed test embeddings
22-11-08 14:52:08 - INFO - root: Training pytorch-MLP-nhid0-rmsprop-bs128 with 5-fold cross-validation
22-11-08 14:52:19 - INFO - root: [('reg:1e-05', 74.17), ('reg:0.0001', 74.58), ('reg:0.001', 74.66), ('reg:0.01', 74.44)]
22-11-08 14:52:19 - INFO - root: Cross-validation : best param found is reg = 0.001             with score 74.66
22-11-08 14:52:19 - INFO - root: Evaluating...
22-11-19 18:50:27 - INFO - sentence_transformers.SentenceTransformer: Load pretrained SentenceTransformer: sentence-transformers/LaBSE
22-11-19 18:50:31 - INFO - sentence_transformers.SentenceTransformer: Use pytorch device: cuda
22-11-19 18:50:31 - INFO - __main__: SBert model sentence-transformers/LaBSE is loaded.
22-11-19 18:50:33 - INFO - __main__: Num of SBert features: 768
