22-11-08 15:16:48 - INFO - sentence_transformers.SentenceTransformer: Load pretrained SentenceTransformer: sentence-transformers/LaBSE
22-11-08 15:16:52 - INFO - sentence_transformers.SentenceTransformer: Use pytorch device: cuda
22-11-08 15:16:52 - INFO - __main__: SBert model sentence-transformers/LaBSE is loaded.
22-11-08 15:16:54 - INFO - __main__: Num of SBert features: 768
22-11-08 15:16:55 - INFO - root: Generating sentence embeddings
22-11-08 15:17:01 - INFO - root: Generated sentence embeddings
22-11-08 15:17:01 - INFO - root: Training pytorch-MLP-nhid0-rmsprop-bs128 with (inner) 5-fold cross-validation
22-11-08 15:17:30 - INFO - root: Best param found at split 1: l2reg = 0.0001                 with score 73.85
22-11-08 15:17:59 - INFO - root: Best param found at split 2: l2reg = 0.0001                 with score 75.99
22-11-08 15:18:28 - INFO - root: Best param found at split 3: l2reg = 0.001                 with score 75.57
22-11-08 15:19:00 - INFO - root: Best param found at split 4: l2reg = 1e-05                 with score 74.76
22-11-08 15:19:26 - INFO - root: Best param found at split 5: l2reg = 0.001                 with score 74.72
22-11-08 15:19:28 - INFO - root: Generating sentence embeddings
22-11-08 15:19:30 - INFO - root: Generated sentence embeddings
22-11-08 15:19:30 - INFO - root: Training pytorch-MLP-nhid0-rmsprop-bs128 with (inner) 5-fold cross-validation
22-11-08 15:19:40 - INFO - root: Best param found at split 1: l2reg = 0.0001                 with score 85.07
22-11-08 15:19:52 - INFO - root: Best param found at split 2: l2reg = 0.01                 with score 84.77
22-11-08 15:20:03 - INFO - root: Best param found at split 3: l2reg = 0.01                 with score 84.67
22-11-08 15:20:15 - INFO - root: Best param found at split 4: l2reg = 1e-05                 with score 84.67
22-11-08 15:20:26 - INFO - root: Best param found at split 5: l2reg = 1e-05                 with score 84.24
22-11-08 15:20:27 - INFO - root: Generating sentence embeddings
22-11-08 15:20:34 - INFO - root: Generated sentence embeddings
22-11-08 15:20:34 - INFO - root: Training pytorch-MLP-nhid0-rmsprop-bs128 with (inner) 5-fold cross-validation
22-11-08 15:21:02 - INFO - root: Best param found at split 1: l2reg = 0.01                 with score 91.38
22-11-08 15:21:29 - INFO - root: Best param found at split 2: l2reg = 0.01                 with score 91.81
22-11-08 15:21:57 - INFO - root: Best param found at split 3: l2reg = 0.01                 with score 91.44
22-11-08 15:22:25 - INFO - root: Best param found at split 4: l2reg = 1e-05                 with score 91.6
22-11-08 15:22:53 - INFO - root: Best param found at split 5: l2reg = 0.01                 with score 91.06
22-11-08 15:22:55 - INFO - root: Generating sentence embeddings
22-11-08 15:22:58 - INFO - root: Generated sentence embeddings
22-11-08 15:22:58 - INFO - root: Training pytorch-MLP-nhid0-rmsprop-bs128 with (inner) 5-fold cross-validation
22-11-08 15:23:22 - INFO - root: Best param found at split 1: l2reg = 1e-05                 with score 88.77
22-11-08 15:23:55 - INFO - root: Best param found at split 2: l2reg = 0.01                 with score 87.73
22-11-08 15:24:24 - INFO - root: Best param found at split 3: l2reg = 0.0001                 with score 87.99
22-11-08 15:24:53 - INFO - root: Best param found at split 4: l2reg = 0.001                 with score 88.0
22-11-08 15:25:21 - INFO - root: Best param found at split 5: l2reg = 0.01                 with score 88.11
22-11-08 15:25:24 - INFO - root: Computing embedding for train
22-11-08 15:25:29 - INFO - root: Computed train embeddings
22-11-08 15:25:29 - INFO - root: Computing embedding for dev
22-11-08 15:25:30 - INFO - root: Computed dev embeddings
22-11-08 15:25:30 - INFO - root: Computing embedding for test
22-11-08 15:25:31 - INFO - root: Computed test embeddings
22-11-08 15:25:31 - INFO - root: Training pytorch-MLP-nhid0-rmsprop-bs128 with standard validation..
22-11-08 15:25:37 - INFO - root: [('reg:1e-05', 39.06), ('reg:0.0001', 37.6), ('reg:0.001', 39.87), ('reg:0.01', 38.24)]
22-11-08 15:25:37 - INFO - root: Validation : best param found is reg = 0.001 with score             39.87
22-11-08 15:25:37 - INFO - root: Evaluating...
22-11-08 15:25:39 - INFO - root: ***** Transfer task : TREC *****


22-11-08 15:25:41 - INFO - root: Computed train embeddings
22-11-08 15:25:41 - INFO - root: Computed test embeddings
22-11-08 15:25:41 - INFO - root: Training pytorch-MLP-nhid0-rmsprop-bs128 with 5-fold cross-validation
22-11-08 15:26:00 - INFO - root: [('reg:1e-05', 76.54), ('reg:0.0001', 78.3), ('reg:0.001', 77.64), ('reg:0.01', 74.89)]
22-11-08 15:26:00 - INFO - root: Cross-validation : best param found is reg = 0.0001             with score 78.3
22-11-08 15:26:00 - INFO - root: Evaluating...
22-11-08 15:26:01 - INFO - root: ***** Transfer task : MRPC *****


22-11-08 15:26:01 - INFO - root: Computing embedding for train
22-11-08 15:26:06 - INFO - root: Computed train embeddings
22-11-08 15:26:06 - INFO - root: Computing embedding for test
22-11-08 15:26:08 - INFO - root: Computed test embeddings
22-11-08 15:26:09 - INFO - root: Training pytorch-MLP-nhid0-rmsprop-bs128 with 5-fold cross-validation
22-11-08 15:26:20 - INFO - root: [('reg:1e-05', 74.02), ('reg:0.0001', 73.45), ('reg:0.001', 73.06), ('reg:0.01', 72.25)]
22-11-08 15:26:20 - INFO - root: Cross-validation : best param found is reg = 1e-05             with score 74.02
22-11-08 15:26:20 - INFO - root: Evaluating...
