22-11-06 22:46:43 - INFO - sentence_transformers.SentenceTransformer: Load pretrained SentenceTransformer: distiluse-base-multilingual-cased-v2
22-11-06 22:46:44 - INFO - sentence_transformers.SentenceTransformer: Use pytorch device: cuda
22-11-06 22:46:44 - INFO - __main__: SBert model distiluse-base-multilingual-cased-v2 is loaded.
22-11-06 22:46:46 - INFO - __main__: Num of SBert features: 512
22-11-06 22:46:47 - INFO - root: Generating sentence embeddings
22-11-06 22:46:51 - INFO - root: Generated sentence embeddings
22-11-06 22:46:51 - INFO - root: Training pytorch-MLP-nhid0-rmsprop-bs128 with (inner) 5-fold cross-validation
22-11-06 22:47:19 - INFO - root: Best param found at split 1: l2reg = 1e-05                 with score 70.91
22-11-06 22:47:47 - INFO - root: Best param found at split 2: l2reg = 0.01                 with score 69.4
22-11-06 22:48:17 - INFO - root: Best param found at split 3: l2reg = 1e-05                 with score 71.07
22-11-06 22:48:46 - INFO - root: Best param found at split 4: l2reg = 1e-05                 with score 70.75
22-11-06 22:49:14 - INFO - root: Best param found at split 5: l2reg = 1e-05                 with score 69.14
22-11-06 22:49:16 - INFO - root: Generating sentence embeddings
22-11-06 22:49:17 - INFO - root: Generated sentence embeddings
22-11-06 22:49:17 - INFO - root: Training pytorch-MLP-nhid0-rmsprop-bs128 with (inner) 5-fold cross-validation
22-11-06 22:49:26 - INFO - root: Best param found at split 1: l2reg = 1e-05                 with score 81.09
22-11-06 22:49:36 - INFO - root: Best param found at split 2: l2reg = 1e-05                 with score 80.5
22-11-06 22:49:46 - INFO - root: Best param found at split 3: l2reg = 0.001                 with score 79.8
22-11-06 22:49:57 - INFO - root: Best param found at split 4: l2reg = 1e-05                 with score 80.89
22-11-06 22:50:08 - INFO - root: Best param found at split 5: l2reg = 0.01                 with score 80.1
22-11-06 22:50:08 - INFO - root: Generating sentence embeddings
22-11-06 22:50:13 - INFO - root: Generated sentence embeddings
22-11-06 22:50:13 - INFO - root: Training pytorch-MLP-nhid0-rmsprop-bs128 with (inner) 5-fold cross-validation
22-11-06 22:50:39 - INFO - root: Best param found at split 1: l2reg = 0.01                 with score 90.15
22-11-06 22:51:10 - INFO - root: Best param found at split 2: l2reg = 0.01                 with score 90.46
22-11-06 22:51:37 - INFO - root: Best param found at split 3: l2reg = 0.01                 with score 90.15
22-11-06 22:52:04 - INFO - root: Best param found at split 4: l2reg = 0.001                 with score 89.68
22-11-06 22:52:32 - INFO - root: Best param found at split 5: l2reg = 0.001                 with score 89.84
22-11-06 22:52:34 - INFO - root: Generating sentence embeddings
22-11-06 22:52:36 - INFO - root: Generated sentence embeddings
22-11-06 22:52:36 - INFO - root: Training pytorch-MLP-nhid0-rmsprop-bs128 with (inner) 5-fold cross-validation
22-11-06 22:53:01 - INFO - root: Best param found at split 1: l2reg = 0.001                 with score 86.57
22-11-06 22:53:31 - INFO - root: Best param found at split 2: l2reg = 1e-05                 with score 86.32
22-11-06 22:54:00 - INFO - root: Best param found at split 3: l2reg = 0.01                 with score 86.29
22-11-06 22:54:31 - INFO - root: Best param found at split 4: l2reg = 1e-05                 with score 85.95
22-11-06 22:55:00 - INFO - root: Best param found at split 5: l2reg = 0.001                 with score 85.67
22-11-06 22:55:02 - INFO - root: Computing embedding for train
22-11-06 22:55:06 - INFO - root: Computed train embeddings
22-11-06 22:55:06 - INFO - root: Computing embedding for dev
22-11-06 22:55:06 - INFO - root: Computed dev embeddings
22-11-06 22:55:06 - INFO - root: Computing embedding for test
22-11-06 22:55:07 - INFO - root: Computed test embeddings
22-11-06 22:55:07 - INFO - root: Training pytorch-MLP-nhid0-rmsprop-bs128 with standard validation..
22-11-06 22:55:13 - INFO - root: [('reg:1e-05', 39.87), ('reg:0.0001', 36.33), ('reg:0.001', 37.87), ('reg:0.01', 38.51)]
22-11-06 22:55:13 - INFO - root: Validation : best param found is reg = 1e-05 with score             39.87
22-11-06 22:55:13 - INFO - root: Evaluating...
22-11-06 22:55:15 - INFO - root: ***** Transfer task : TREC *****


22-11-06 22:55:17 - INFO - root: Computed train embeddings
22-11-06 22:55:17 - INFO - root: Computed test embeddings
22-11-06 22:55:17 - INFO - root: Training pytorch-MLP-nhid0-rmsprop-bs128 with 5-fold cross-validation
22-11-06 22:55:34 - INFO - root: [('reg:1e-05', 85.02), ('reg:0.0001', 83.95), ('reg:0.001', 83.49), ('reg:0.01', 82.08)]
22-11-06 22:55:34 - INFO - root: Cross-validation : best param found is reg = 1e-05             with score 85.02
22-11-06 22:55:34 - INFO - root: Evaluating...
22-11-06 22:55:35 - INFO - root: ***** Transfer task : MRPC *****


22-11-06 22:55:35 - INFO - root: Computing embedding for train
22-11-06 22:55:38 - INFO - root: Computed train embeddings
22-11-06 22:55:38 - INFO - root: Computing embedding for test
22-11-06 22:55:40 - INFO - root: Computed test embeddings
22-11-06 22:55:40 - INFO - root: Training pytorch-MLP-nhid0-rmsprop-bs128 with 5-fold cross-validation
22-11-06 22:55:53 - INFO - root: [('reg:1e-05', 73.5), ('reg:0.0001', 73.33), ('reg:0.001', 72.69), ('reg:0.01', 72.99)]
22-11-06 22:55:53 - INFO - root: Cross-validation : best param found is reg = 1e-05             with score 73.5
22-11-06 22:55:53 - INFO - root: Evaluating...
22-11-19 02:28:44 - INFO - sentence_transformers.SentenceTransformer: Load pretrained SentenceTransformer: distiluse-base-multilingual-cased-v2
22-11-19 02:28:46 - INFO - sentence_transformers.SentenceTransformer: Use pytorch device: cuda
22-11-19 02:28:46 - INFO - __main__: SBert model distiluse-base-multilingual-cased-v2 is loaded.
22-11-19 02:28:47 - INFO - __main__: Num of SBert features: 512
