22-11-07 01:27:34 - INFO - sentence_transformers.SentenceTransformer: Load pretrained SentenceTransformer: distiluse-base-multilingual-cased-v2
22-11-07 01:27:35 - INFO - sentence_transformers.SentenceTransformer: Use pytorch device: cuda
22-11-07 01:27:35 - INFO - __main__: SBert model distiluse-base-multilingual-cased-v2 is loaded.
22-11-07 01:27:37 - INFO - __main__: Num of SBert features: 512
22-11-07 01:27:38 - INFO - root: Generating sentence embeddings
22-11-07 01:27:42 - INFO - root: Generated sentence embeddings
22-11-07 01:27:42 - INFO - root: Training pytorch-MLP-nhid0-rmsprop-bs128 with (inner) 5-fold cross-validation
22-11-07 01:28:10 - INFO - root: Best param found at split 1: l2reg = 0.01                 with score 70.03
22-11-07 01:28:36 - INFO - root: Best param found at split 2: l2reg = 0.0001                 with score 70.25
22-11-07 01:29:09 - INFO - root: Best param found at split 3: l2reg = 0.01                 with score 72.1
22-11-07 01:29:38 - INFO - root: Best param found at split 4: l2reg = 0.001                 with score 71.99
22-11-07 01:30:08 - INFO - root: Best param found at split 5: l2reg = 1e-05                 with score 71.37
22-11-07 01:30:10 - INFO - root: Generating sentence embeddings
22-11-07 01:30:11 - INFO - root: Generated sentence embeddings
22-11-07 01:30:11 - INFO - root: Training pytorch-MLP-nhid0-rmsprop-bs128 with (inner) 5-fold cross-validation
22-11-07 01:30:21 - INFO - root: Best param found at split 1: l2reg = 0.001                 with score 81.03
22-11-07 01:30:32 - INFO - root: Best param found at split 2: l2reg = 0.0001                 with score 80.23
22-11-07 01:30:42 - INFO - root: Best param found at split 3: l2reg = 1e-05                 with score 81.69
22-11-07 01:30:53 - INFO - root: Best param found at split 4: l2reg = 0.001                 with score 79.54
22-11-07 01:31:03 - INFO - root: Best param found at split 5: l2reg = 1e-05                 with score 80.63
22-11-07 01:31:04 - INFO - root: Generating sentence embeddings
22-11-07 01:31:08 - INFO - root: Generated sentence embeddings
22-11-07 01:31:08 - INFO - root: Training pytorch-MLP-nhid0-rmsprop-bs128 with (inner) 5-fold cross-validation
22-11-07 01:31:30 - INFO - root: Best param found at split 1: l2reg = 0.001                 with score 90.18
22-11-07 01:31:48 - INFO - root: Best param found at split 2: l2reg = 0.01                 with score 90.56
22-11-07 01:32:16 - INFO - root: Best param found at split 3: l2reg = 0.001                 with score 90.61
22-11-07 01:32:45 - INFO - root: Best param found at split 4: l2reg = 1e-05                 with score 90.31
22-11-07 01:33:14 - INFO - root: Best param found at split 5: l2reg = 0.01                 with score 89.98
22-11-07 01:33:15 - INFO - root: Generating sentence embeddings
22-11-07 01:33:18 - INFO - root: Generated sentence embeddings
22-11-07 01:33:18 - INFO - root: Training pytorch-MLP-nhid0-rmsprop-bs128 with (inner) 5-fold cross-validation
22-11-07 01:33:42 - INFO - root: Best param found at split 1: l2reg = 1e-05                 with score 85.33
22-11-07 01:34:11 - INFO - root: Best param found at split 2: l2reg = 0.01                 with score 85.87
22-11-07 01:34:41 - INFO - root: Best param found at split 3: l2reg = 0.01                 with score 86.32
22-11-07 01:35:08 - INFO - root: Best param found at split 4: l2reg = 0.01                 with score 85.52
22-11-07 01:35:36 - INFO - root: Best param found at split 5: l2reg = 1e-05                 with score 85.6
22-11-07 01:35:38 - INFO - root: Computing embedding for train
22-11-07 01:35:42 - INFO - root: Computed train embeddings
22-11-07 01:35:42 - INFO - root: Computing embedding for dev
22-11-07 01:35:42 - INFO - root: Computed dev embeddings
22-11-07 01:35:42 - INFO - root: Computing embedding for test
22-11-07 01:35:43 - INFO - root: Computed test embeddings
22-11-07 01:35:43 - INFO - root: Training pytorch-MLP-nhid0-rmsprop-bs128 with standard validation..
22-11-07 01:35:49 - INFO - root: [('reg:1e-05', 39.06), ('reg:0.0001', 35.88), ('reg:0.001', 37.33), ('reg:0.01', 38.6)]
22-11-07 01:35:49 - INFO - root: Validation : best param found is reg = 1e-05 with score             39.06
22-11-07 01:35:49 - INFO - root: Evaluating...
22-11-07 01:35:51 - INFO - root: ***** Transfer task : TREC *****


22-11-07 01:35:52 - INFO - root: Computed train embeddings
22-11-07 01:35:52 - INFO - root: Computed test embeddings
22-11-07 01:35:52 - INFO - root: Training pytorch-MLP-nhid0-rmsprop-bs128 with 5-fold cross-validation
22-11-07 01:36:11 - INFO - root: [('reg:1e-05', 83.31), ('reg:0.0001', 83.27), ('reg:0.001', 82.57), ('reg:0.01', 81.92)]
22-11-07 01:36:11 - INFO - root: Cross-validation : best param found is reg = 1e-05             with score 83.31
22-11-07 01:36:11 - INFO - root: Evaluating...
22-11-07 01:36:12 - INFO - root: ***** Transfer task : MRPC *****


22-11-07 01:36:12 - INFO - root: Computing embedding for train
22-11-07 01:36:15 - INFO - root: Computed train embeddings
22-11-07 01:36:15 - INFO - root: Computing embedding for test
22-11-07 01:36:17 - INFO - root: Computed test embeddings
22-11-07 01:36:17 - INFO - root: Training pytorch-MLP-nhid0-rmsprop-bs128 with 5-fold cross-validation
22-11-07 01:36:29 - INFO - root: [('reg:1e-05', 73.43), ('reg:0.0001', 73.43), ('reg:0.001', 73.8), ('reg:0.01', 74.04)]
22-11-07 01:36:29 - INFO - root: Cross-validation : best param found is reg = 0.01             with score 74.04
22-11-07 01:36:29 - INFO - root: Evaluating...
22-11-19 03:38:28 - INFO - sentence_transformers.SentenceTransformer: Load pretrained SentenceTransformer: distiluse-base-multilingual-cased-v2
22-11-19 03:38:29 - INFO - sentence_transformers.SentenceTransformer: Use pytorch device: cuda
22-11-19 03:38:29 - INFO - __main__: SBert model distiluse-base-multilingual-cased-v2 is loaded.
22-11-19 03:38:31 - INFO - __main__: Num of SBert features: 512
