22-11-07 09:20:31 - INFO - sentence_transformers.SentenceTransformer: Load pretrained SentenceTransformer: distiluse-base-multilingual-cased-v2
22-11-07 09:20:32 - INFO - sentence_transformers.SentenceTransformer: Use pytorch device: cuda
22-11-07 09:20:32 - INFO - __main__: SBert model distiluse-base-multilingual-cased-v2 is loaded.
22-11-07 09:20:34 - INFO - __main__: Num of SBert features: 512
22-11-07 09:20:35 - INFO - root: Generating sentence embeddings
22-11-07 09:20:39 - INFO - root: Generated sentence embeddings
22-11-07 09:20:39 - INFO - root: Training pytorch-MLP-nhid0-rmsprop-bs128 with (inner) 5-fold cross-validation
22-11-07 09:21:06 - INFO - root: Best param found at split 1: l2reg = 0.01                 with score 70.32
22-11-07 09:21:35 - INFO - root: Best param found at split 2: l2reg = 0.001                 with score 69.4
22-11-07 09:22:04 - INFO - root: Best param found at split 3: l2reg = 1e-05                 with score 70.45
22-11-07 09:22:31 - INFO - root: Best param found at split 4: l2reg = 0.001                 with score 70.89
22-11-07 09:23:04 - INFO - root: Best param found at split 5: l2reg = 0.001                 with score 70.0
22-11-07 09:23:06 - INFO - root: Generating sentence embeddings
22-11-07 09:23:07 - INFO - root: Generated sentence embeddings
22-11-07 09:23:07 - INFO - root: Training pytorch-MLP-nhid0-rmsprop-bs128 with (inner) 5-fold cross-validation
22-11-07 09:23:18 - INFO - root: Best param found at split 1: l2reg = 1e-05                 with score 82.91
22-11-07 09:23:30 - INFO - root: Best param found at split 2: l2reg = 0.01                 with score 82.19
22-11-07 09:23:41 - INFO - root: Best param found at split 3: l2reg = 0.0001                 with score 81.99
22-11-07 09:23:52 - INFO - root: Best param found at split 4: l2reg = 0.01                 with score 81.85
22-11-07 09:24:03 - INFO - root: Best param found at split 5: l2reg = 0.001                 with score 81.82
22-11-07 09:24:04 - INFO - root: Generating sentence embeddings
22-11-07 09:24:08 - INFO - root: Generated sentence embeddings
22-11-07 09:24:08 - INFO - root: Training pytorch-MLP-nhid0-rmsprop-bs128 with (inner) 5-fold cross-validation
22-11-07 09:24:35 - INFO - root: Best param found at split 1: l2reg = 0.001                 with score 91.2
22-11-07 09:25:03 - INFO - root: Best param found at split 2: l2reg = 0.01                 with score 91.22
22-11-07 09:25:29 - INFO - root: Best param found at split 3: l2reg = 1e-05                 with score 91.21
22-11-07 09:25:56 - INFO - root: Best param found at split 4: l2reg = 0.01                 with score 90.71
22-11-07 09:26:24 - INFO - root: Best param found at split 5: l2reg = 0.01                 with score 90.81
22-11-07 09:26:26 - INFO - root: Generating sentence embeddings
22-11-07 09:26:29 - INFO - root: Generated sentence embeddings
22-11-07 09:26:29 - INFO - root: Training pytorch-MLP-nhid0-rmsprop-bs128 with (inner) 5-fold cross-validation
22-11-07 09:26:54 - INFO - root: Best param found at split 1: l2reg = 0.0001                 with score 86.96
22-11-07 09:27:22 - INFO - root: Best param found at split 2: l2reg = 1e-05                 with score 86.78
22-11-07 09:27:50 - INFO - root: Best param found at split 3: l2reg = 0.0001                 with score 86.95
22-11-07 09:28:18 - INFO - root: Best param found at split 4: l2reg = 0.01                 with score 85.85
22-11-07 09:28:51 - INFO - root: Best param found at split 5: l2reg = 0.01                 with score 86.42
22-11-07 09:28:53 - INFO - root: Computing embedding for train
22-11-07 09:28:56 - INFO - root: Computed train embeddings
22-11-07 09:28:56 - INFO - root: Computing embedding for dev
22-11-07 09:28:57 - INFO - root: Computed dev embeddings
22-11-07 09:28:57 - INFO - root: Computing embedding for test
22-11-07 09:28:57 - INFO - root: Computed test embeddings
22-11-07 09:28:57 - INFO - root: Training pytorch-MLP-nhid0-rmsprop-bs128 with standard validation..
22-11-07 09:29:05 - INFO - root: [('reg:1e-05', 38.51), ('reg:0.0001', 37.06), ('reg:0.001', 37.6), ('reg:0.01', 32.61)]
22-11-07 09:29:05 - INFO - root: Validation : best param found is reg = 1e-05 with score             38.51
22-11-07 09:29:05 - INFO - root: Evaluating...
22-11-07 09:29:07 - INFO - root: ***** Transfer task : TREC *****


22-11-07 09:29:09 - INFO - root: Computed train embeddings
22-11-07 09:29:09 - INFO - root: Computed test embeddings
22-11-07 09:29:09 - INFO - root: Training pytorch-MLP-nhid0-rmsprop-bs128 with 5-fold cross-validation
22-11-07 09:29:26 - INFO - root: [('reg:1e-05', 84.63), ('reg:0.0001', 82.45), ('reg:0.001', 83.47), ('reg:0.01', 82.15)]
22-11-07 09:29:26 - INFO - root: Cross-validation : best param found is reg = 1e-05             with score 84.63
22-11-07 09:29:26 - INFO - root: Evaluating...
22-11-07 09:29:27 - INFO - root: ***** Transfer task : MRPC *****


22-11-07 09:29:27 - INFO - root: Computing embedding for train
22-11-07 09:29:31 - INFO - root: Computed train embeddings
22-11-07 09:29:31 - INFO - root: Computing embedding for test
22-11-07 09:29:32 - INFO - root: Computed test embeddings
22-11-07 09:29:32 - INFO - root: Training pytorch-MLP-nhid0-rmsprop-bs128 with 5-fold cross-validation
22-11-07 09:29:45 - INFO - root: [('reg:1e-05', 73.41), ('reg:0.0001', 73.23), ('reg:0.001', 73.28), ('reg:0.01', 72.33)]
22-11-07 09:29:45 - INFO - root: Cross-validation : best param found is reg = 1e-05             with score 73.41
22-11-07 09:29:45 - INFO - root: Evaluating...
