22-11-07 16:02:12 - INFO - sentence_transformers.SentenceTransformer: Load pretrained SentenceTransformer: distiluse-base-multilingual-cased-v2
22-11-07 16:02:13 - INFO - sentence_transformers.SentenceTransformer: Use pytorch device: cuda
22-11-07 16:02:13 - INFO - __main__: SBert model distiluse-base-multilingual-cased-v2 is loaded.
22-11-07 16:02:15 - INFO - __main__: Num of SBert features: 512
22-11-07 16:02:16 - INFO - root: Generating sentence embeddings
22-11-07 16:02:21 - INFO - root: Generated sentence embeddings
22-11-07 16:02:21 - INFO - root: Training pytorch-MLP-nhid0-rmsprop-bs128 with (inner) 5-fold cross-validation
22-11-07 16:02:47 - INFO - root: Best param found at split 1: l2reg = 0.01                 with score 73.01
22-11-07 16:03:15 - INFO - root: Best param found at split 2: l2reg = 1e-05                 with score 72.6
22-11-07 16:03:43 - INFO - root: Best param found at split 3: l2reg = 1e-05                 with score 70.83
22-11-07 16:04:08 - INFO - root: Best param found at split 4: l2reg = 0.0001                 with score 71.59
22-11-07 16:04:33 - INFO - root: Best param found at split 5: l2reg = 1e-05                 with score 69.85
22-11-07 16:04:35 - INFO - root: Generating sentence embeddings
22-11-07 16:04:36 - INFO - root: Generated sentence embeddings
22-11-07 16:04:36 - INFO - root: Training pytorch-MLP-nhid0-rmsprop-bs128 with (inner) 5-fold cross-validation
22-11-07 16:04:47 - INFO - root: Best param found at split 1: l2reg = 0.0001                 with score 81.92
22-11-07 16:04:57 - INFO - root: Best param found at split 2: l2reg = 1e-05                 with score 82.15
22-11-07 16:05:06 - INFO - root: Best param found at split 3: l2reg = 0.0001                 with score 81.95
22-11-07 16:05:17 - INFO - root: Best param found at split 4: l2reg = 1e-05                 with score 80.93
22-11-07 16:05:27 - INFO - root: Best param found at split 5: l2reg = 0.001                 with score 82.02
22-11-07 16:05:28 - INFO - root: Generating sentence embeddings
22-11-07 16:05:33 - INFO - root: Generated sentence embeddings
22-11-07 16:05:33 - INFO - root: Training pytorch-MLP-nhid0-rmsprop-bs128 with (inner) 5-fold cross-validation
22-11-07 16:06:00 - INFO - root: Best param found at split 1: l2reg = 1e-05                 with score 91.21
22-11-07 16:06:26 - INFO - root: Best param found at split 2: l2reg = 0.0001                 with score 91.52
22-11-07 16:06:54 - INFO - root: Best param found at split 3: l2reg = 0.001                 with score 91.39
22-11-07 16:07:24 - INFO - root: Best param found at split 4: l2reg = 0.01                 with score 91.1
22-11-07 16:07:52 - INFO - root: Best param found at split 5: l2reg = 0.01                 with score 91.01
22-11-07 16:07:53 - INFO - root: Generating sentence embeddings
22-11-07 16:07:56 - INFO - root: Generated sentence embeddings
22-11-07 16:07:56 - INFO - root: Training pytorch-MLP-nhid0-rmsprop-bs128 with (inner) 5-fold cross-validation
22-11-07 16:08:17 - INFO - root: Best param found at split 1: l2reg = 0.001                 with score 86.89
22-11-07 16:08:47 - INFO - root: Best param found at split 2: l2reg = 1e-05                 with score 86.58
22-11-07 16:09:16 - INFO - root: Best param found at split 3: l2reg = 0.001                 with score 87.13
22-11-07 16:09:42 - INFO - root: Best param found at split 4: l2reg = 0.01                 with score 86.67
22-11-07 16:10:09 - INFO - root: Best param found at split 5: l2reg = 1e-05                 with score 86.02
22-11-07 16:10:10 - INFO - root: Computing embedding for train
22-11-07 16:10:14 - INFO - root: Computed train embeddings
22-11-07 16:10:14 - INFO - root: Computing embedding for dev
22-11-07 16:10:14 - INFO - root: Computed dev embeddings
22-11-07 16:10:14 - INFO - root: Computing embedding for test
22-11-07 16:10:15 - INFO - root: Computed test embeddings
22-11-07 16:10:15 - INFO - root: Training pytorch-MLP-nhid0-rmsprop-bs128 with standard validation..
22-11-07 16:10:22 - INFO - root: [('reg:1e-05', 37.6), ('reg:0.0001', 39.78), ('reg:0.001', 34.06), ('reg:0.01', 38.51)]
22-11-07 16:10:22 - INFO - root: Validation : best param found is reg = 0.0001 with score             39.78
22-11-07 16:10:22 - INFO - root: Evaluating...
22-11-07 16:10:23 - INFO - root: ***** Transfer task : TREC *****


22-11-07 16:10:25 - INFO - root: Computed train embeddings
22-11-07 16:10:25 - INFO - root: Computed test embeddings
22-11-07 16:10:25 - INFO - root: Training pytorch-MLP-nhid0-rmsprop-bs128 with 5-fold cross-validation
22-11-07 16:10:45 - INFO - root: [('reg:1e-05', 86.74), ('reg:0.0001', 86.59), ('reg:0.001', 85.88), ('reg:0.01', 82.67)]
22-11-07 16:10:45 - INFO - root: Cross-validation : best param found is reg = 1e-05             with score 86.74
22-11-07 16:10:45 - INFO - root: Evaluating...
22-11-07 16:10:46 - INFO - root: ***** Transfer task : MRPC *****


22-11-07 16:10:46 - INFO - root: Computing embedding for train
22-11-07 16:10:49 - INFO - root: Computed train embeddings
22-11-07 16:10:49 - INFO - root: Computing embedding for test
22-11-07 16:10:51 - INFO - root: Computed test embeddings
22-11-07 16:10:51 - INFO - root: Training pytorch-MLP-nhid0-rmsprop-bs128 with 5-fold cross-validation
22-11-07 16:11:03 - INFO - root: [('reg:1e-05', 74.07), ('reg:0.0001', 74.83), ('reg:0.001', 74.29), ('reg:0.01', 73.38)]
22-11-07 16:11:03 - INFO - root: Cross-validation : best param found is reg = 0.0001             with score 74.83
22-11-07 16:11:03 - INFO - root: Evaluating...
