22-11-07 02:52:42 - INFO - sentence_transformers.SentenceTransformer: Load pretrained SentenceTransformer: distiluse-base-multilingual-cased-v2
22-11-07 02:52:43 - INFO - sentence_transformers.SentenceTransformer: Use pytorch device: cuda
22-11-07 02:52:43 - INFO - __main__: SBert model distiluse-base-multilingual-cased-v2 is loaded.
22-11-07 02:52:45 - INFO - __main__: Num of SBert features: 512
22-11-07 02:52:46 - INFO - root: Generating sentence embeddings
22-11-07 02:52:50 - INFO - root: Generated sentence embeddings
22-11-07 02:52:50 - INFO - root: Training pytorch-MLP-nhid0-rmsprop-bs128 with (inner) 5-fold cross-validation
22-11-07 02:53:18 - INFO - root: Best param found at split 1: l2reg = 0.01                 with score 72.52
22-11-07 02:53:47 - INFO - root: Best param found at split 2: l2reg = 0.001                 with score 71.56
22-11-07 02:54:19 - INFO - root: Best param found at split 3: l2reg = 1e-05                 with score 71.06
22-11-07 02:54:47 - INFO - root: Best param found at split 4: l2reg = 0.001                 with score 69.96
22-11-07 02:55:19 - INFO - root: Best param found at split 5: l2reg = 0.001                 with score 70.38
22-11-07 02:55:20 - INFO - root: Generating sentence embeddings
22-11-07 02:55:22 - INFO - root: Generated sentence embeddings
22-11-07 02:55:22 - INFO - root: Training pytorch-MLP-nhid0-rmsprop-bs128 with (inner) 5-fold cross-validation
22-11-07 02:55:33 - INFO - root: Best param found at split 1: l2reg = 0.001                 with score 81.69
22-11-07 02:55:45 - INFO - root: Best param found at split 2: l2reg = 0.01                 with score 80.99
22-11-07 02:55:56 - INFO - root: Best param found at split 3: l2reg = 0.0001                 with score 80.86
22-11-07 02:56:07 - INFO - root: Best param found at split 4: l2reg = 0.01                 with score 80.33
22-11-07 02:56:19 - INFO - root: Best param found at split 5: l2reg = 1e-05                 with score 80.33
22-11-07 02:56:19 - INFO - root: Generating sentence embeddings
22-11-07 02:56:24 - INFO - root: Generated sentence embeddings
22-11-07 02:56:24 - INFO - root: Training pytorch-MLP-nhid0-rmsprop-bs128 with (inner) 5-fold cross-validation
22-11-07 02:56:48 - INFO - root: Best param found at split 1: l2reg = 0.01                 with score 90.89
22-11-07 02:57:15 - INFO - root: Best param found at split 2: l2reg = 0.001                 with score 91.25
22-11-07 02:57:42 - INFO - root: Best param found at split 3: l2reg = 0.01                 with score 90.86
22-11-07 02:58:08 - INFO - root: Best param found at split 4: l2reg = 0.001                 with score 90.96
22-11-07 02:58:34 - INFO - root: Best param found at split 5: l2reg = 0.01                 with score 90.55
22-11-07 02:58:36 - INFO - root: Generating sentence embeddings
22-11-07 02:58:38 - INFO - root: Generated sentence embeddings
22-11-07 02:58:38 - INFO - root: Training pytorch-MLP-nhid0-rmsprop-bs128 with (inner) 5-fold cross-validation
22-11-07 02:59:03 - INFO - root: Best param found at split 1: l2reg = 0.001                 with score 87.22
22-11-07 02:59:32 - INFO - root: Best param found at split 2: l2reg = 1e-05                 with score 86.28
22-11-07 03:00:01 - INFO - root: Best param found at split 3: l2reg = 0.01                 with score 87.07
22-11-07 03:00:29 - INFO - root: Best param found at split 4: l2reg = 1e-05                 with score 85.04
22-11-07 03:00:58 - INFO - root: Best param found at split 5: l2reg = 0.0001                 with score 84.99
22-11-07 03:00:59 - INFO - root: Computing embedding for train
22-11-07 03:01:03 - INFO - root: Computed train embeddings
22-11-07 03:01:03 - INFO - root: Computing embedding for dev
22-11-07 03:01:03 - INFO - root: Computed dev embeddings
22-11-07 03:01:03 - INFO - root: Computing embedding for test
22-11-07 03:01:04 - INFO - root: Computed test embeddings
22-11-07 03:01:04 - INFO - root: Training pytorch-MLP-nhid0-rmsprop-bs128 with standard validation..
22-11-07 03:01:12 - INFO - root: [('reg:1e-05', 38.78), ('reg:0.0001', 37.6), ('reg:0.001', 38.24), ('reg:0.01', 37.24)]
22-11-07 03:01:12 - INFO - root: Validation : best param found is reg = 1e-05 with score             38.78
22-11-07 03:01:12 - INFO - root: Evaluating...
22-11-07 03:01:14 - INFO - root: ***** Transfer task : TREC *****


22-11-07 03:01:16 - INFO - root: Computed train embeddings
22-11-07 03:01:16 - INFO - root: Computed test embeddings
22-11-07 03:01:16 - INFO - root: Training pytorch-MLP-nhid0-rmsprop-bs128 with 5-fold cross-validation
22-11-07 03:01:33 - INFO - root: [('reg:1e-05', 83.68), ('reg:0.0001', 80.93), ('reg:0.001', 84.35), ('reg:0.01', 82.5)]
22-11-07 03:01:33 - INFO - root: Cross-validation : best param found is reg = 0.001             with score 84.35
22-11-07 03:01:33 - INFO - root: Evaluating...
22-11-07 03:01:34 - INFO - root: ***** Transfer task : MRPC *****


22-11-07 03:01:34 - INFO - root: Computing embedding for train
22-11-07 03:01:38 - INFO - root: Computed train embeddings
22-11-07 03:01:38 - INFO - root: Computing embedding for test
22-11-07 03:01:39 - INFO - root: Computed test embeddings
22-11-07 03:01:39 - INFO - root: Training pytorch-MLP-nhid0-rmsprop-bs128 with 5-fold cross-validation
22-11-07 03:01:51 - INFO - root: [('reg:1e-05', 72.64), ('reg:0.0001', 72.77), ('reg:0.001', 72.96), ('reg:0.01', 73.72)]
22-11-07 03:01:51 - INFO - root: Cross-validation : best param found is reg = 0.01             with score 73.72
22-11-07 03:01:51 - INFO - root: Evaluating...
