22-11-06 08:41:59 - INFO - sentence_transformers.SentenceTransformer: Load pretrained SentenceTransformer: distiluse-base-multilingual-cased-v2
22-11-06 08:42:00 - INFO - sentence_transformers.SentenceTransformer: Use pytorch device: cuda
22-11-06 08:42:00 - INFO - __main__: SBert model distiluse-base-multilingual-cased-v2 is loaded.
22-11-06 08:42:02 - INFO - __main__: Num of SBert features: 512
22-11-06 08:42:03 - INFO - root: Generating sentence embeddings
22-11-06 08:42:07 - INFO - root: Generated sentence embeddings
22-11-06 08:42:07 - INFO - root: Training pytorch-MLP-nhid0-rmsprop-bs128 with (inner) 5-fold cross-validation
22-11-06 08:42:35 - INFO - root: Best param found at split 1: l2reg = 0.0001                 with score 68.0
22-11-06 08:43:04 - INFO - root: Best param found at split 2: l2reg = 1e-05                 with score 68.09
22-11-06 08:43:33 - INFO - root: Best param found at split 3: l2reg = 0.001                 with score 68.83
22-11-06 08:44:02 - INFO - root: Best param found at split 4: l2reg = 0.001                 with score 69.0
22-11-06 08:44:29 - INFO - root: Best param found at split 5: l2reg = 0.01                 with score 68.87
22-11-06 08:44:31 - INFO - root: Generating sentence embeddings
22-11-06 08:44:32 - INFO - root: Generated sentence embeddings
22-11-06 08:44:32 - INFO - root: Training pytorch-MLP-nhid0-rmsprop-bs128 with (inner) 5-fold cross-validation
22-11-06 08:44:41 - INFO - root: Best param found at split 1: l2reg = 0.01                 with score 79.07
22-11-06 08:44:52 - INFO - root: Best param found at split 2: l2reg = 0.01                 with score 78.77
22-11-06 08:45:01 - INFO - root: Best param found at split 3: l2reg = 1e-05                 with score 79.21
22-11-06 08:45:10 - INFO - root: Best param found at split 4: l2reg = 1e-05                 with score 77.68
22-11-06 08:45:22 - INFO - root: Best param found at split 5: l2reg = 0.01                 with score 78.61
22-11-06 08:45:22 - INFO - root: Generating sentence embeddings
22-11-06 08:45:27 - INFO - root: Generated sentence embeddings
22-11-06 08:45:27 - INFO - root: Training pytorch-MLP-nhid0-rmsprop-bs128 with (inner) 5-fold cross-validation
22-11-06 08:45:51 - INFO - root: Best param found at split 1: l2reg = 0.001                 with score 87.58
22-11-06 08:46:19 - INFO - root: Best param found at split 2: l2reg = 1e-05                 with score 88.02
22-11-06 08:46:40 - INFO - root: Best param found at split 3: l2reg = 0.01                 with score 87.4
22-11-06 08:47:08 - INFO - root: Best param found at split 4: l2reg = 0.0001                 with score 87.48
22-11-06 08:47:35 - INFO - root: Best param found at split 5: l2reg = 0.01                 with score 87.31
22-11-06 08:47:37 - INFO - root: Generating sentence embeddings
22-11-06 08:47:39 - INFO - root: Generated sentence embeddings
22-11-06 08:47:39 - INFO - root: Training pytorch-MLP-nhid0-rmsprop-bs128 with (inner) 5-fold cross-validation
22-11-06 08:48:01 - INFO - root: Best param found at split 1: l2reg = 1e-05                 with score 83.3
22-11-06 08:48:30 - INFO - root: Best param found at split 2: l2reg = 0.0001                 with score 82.6
22-11-06 08:48:58 - INFO - root: Best param found at split 3: l2reg = 0.01                 with score 84.03
22-11-06 08:49:27 - INFO - root: Best param found at split 4: l2reg = 0.01                 with score 84.23
22-11-06 08:49:57 - INFO - root: Best param found at split 5: l2reg = 1e-05                 with score 82.84
22-11-06 08:49:59 - INFO - root: Computing embedding for train
22-11-06 08:50:02 - INFO - root: Computed train embeddings
22-11-06 08:50:02 - INFO - root: Computing embedding for dev
22-11-06 08:50:02 - INFO - root: Computed dev embeddings
22-11-06 08:50:02 - INFO - root: Computing embedding for test
22-11-06 08:50:03 - INFO - root: Computed test embeddings
22-11-06 08:50:03 - INFO - root: Training pytorch-MLP-nhid0-rmsprop-bs128 with standard validation..
22-11-06 08:50:10 - INFO - root: [('reg:1e-05', 37.15), ('reg:0.0001', 37.15), ('reg:0.001', 37.24), ('reg:0.01', 38.6)]
22-11-06 08:50:10 - INFO - root: Validation : best param found is reg = 0.01 with score             38.6
22-11-06 08:50:10 - INFO - root: Evaluating...
22-11-06 08:50:12 - INFO - root: ***** Transfer task : TREC *****


22-11-06 08:50:14 - INFO - root: Computed train embeddings
22-11-06 08:50:14 - INFO - root: Computed test embeddings
22-11-06 08:50:14 - INFO - root: Training pytorch-MLP-nhid0-rmsprop-bs128 with 5-fold cross-validation
22-11-06 08:50:29 - INFO - root: [('reg:1e-05', 75.0), ('reg:0.0001', 75.02), ('reg:0.001', 74.91), ('reg:0.01', 73.33)]
22-11-06 08:50:29 - INFO - root: Cross-validation : best param found is reg = 0.0001             with score 75.02
22-11-06 08:50:29 - INFO - root: Evaluating...
22-11-06 08:50:31 - INFO - root: ***** Transfer task : MRPC *****


22-11-06 08:50:31 - INFO - root: Computing embedding for train
22-11-06 08:50:34 - INFO - root: Computed train embeddings
22-11-06 08:50:34 - INFO - root: Computing embedding for test
22-11-06 08:50:35 - INFO - root: Computed test embeddings
22-11-06 08:50:35 - INFO - root: Training pytorch-MLP-nhid0-rmsprop-bs128 with 5-fold cross-validation
22-11-06 08:50:50 - INFO - root: [('reg:1e-05', 71.93), ('reg:0.0001', 71.91), ('reg:0.001', 71.98), ('reg:0.01', 72.15)]
22-11-06 08:50:50 - INFO - root: Cross-validation : best param found is reg = 0.01             with score 72.15
22-11-06 08:50:50 - INFO - root: Evaluating...
22-11-18 20:45:13 - INFO - sentence_transformers.SentenceTransformer: Load pretrained SentenceTransformer: distiluse-base-multilingual-cased-v2
22-11-18 20:45:14 - INFO - sentence_transformers.SentenceTransformer: Use pytorch device: cuda
22-11-18 20:45:14 - INFO - __main__: SBert model distiluse-base-multilingual-cased-v2 is loaded.
22-11-18 20:45:16 - INFO - __main__: Num of SBert features: 512
