22-11-06 09:34:19 - INFO - sentence_transformers.SentenceTransformer: Load pretrained SentenceTransformer: distiluse-base-multilingual-cased-v2
22-11-06 09:34:20 - INFO - sentence_transformers.SentenceTransformer: Use pytorch device: cuda
22-11-06 09:34:20 - INFO - __main__: SBert model distiluse-base-multilingual-cased-v2 is loaded.
22-11-06 09:34:22 - INFO - __main__: Num of SBert features: 512
22-11-06 09:34:23 - INFO - root: Generating sentence embeddings
22-11-06 09:34:27 - INFO - root: Generated sentence embeddings
22-11-06 09:34:27 - INFO - root: Training pytorch-MLP-nhid0-rmsprop-bs128 with (inner) 5-fold cross-validation
22-11-06 09:34:58 - INFO - root: Best param found at split 1: l2reg = 0.001                 with score 68.75
22-11-06 09:35:26 - INFO - root: Best param found at split 2: l2reg = 0.0001                 with score 68.43
22-11-06 09:35:57 - INFO - root: Best param found at split 3: l2reg = 0.01                 with score 69.93
22-11-06 09:36:25 - INFO - root: Best param found at split 4: l2reg = 0.01                 with score 69.75
22-11-06 09:36:54 - INFO - root: Best param found at split 5: l2reg = 0.001                 with score 69.47
22-11-06 09:36:55 - INFO - root: Generating sentence embeddings
22-11-06 09:36:57 - INFO - root: Generated sentence embeddings
22-11-06 09:36:57 - INFO - root: Training pytorch-MLP-nhid0-rmsprop-bs128 with (inner) 5-fold cross-validation
22-11-06 09:37:05 - INFO - root: Best param found at split 1: l2reg = 0.0001                 with score 77.81
22-11-06 09:37:14 - INFO - root: Best param found at split 2: l2reg = 0.01                 with score 77.98
22-11-06 09:37:25 - INFO - root: Best param found at split 3: l2reg = 0.001                 with score 78.21
22-11-06 09:37:35 - INFO - root: Best param found at split 4: l2reg = 0.001                 with score 77.05
22-11-06 09:37:44 - INFO - root: Best param found at split 5: l2reg = 0.001                 with score 77.19
22-11-06 09:37:45 - INFO - root: Generating sentence embeddings
22-11-06 09:37:49 - INFO - root: Generated sentence embeddings
22-11-06 09:37:49 - INFO - root: Training pytorch-MLP-nhid0-rmsprop-bs128 with (inner) 5-fold cross-validation
22-11-06 09:38:16 - INFO - root: Best param found at split 1: l2reg = 0.001                 with score 87.86
22-11-06 09:38:45 - INFO - root: Best param found at split 2: l2reg = 0.01                 with score 88.3
22-11-06 09:39:11 - INFO - root: Best param found at split 3: l2reg = 1e-05                 with score 87.78
22-11-06 09:39:38 - INFO - root: Best param found at split 4: l2reg = 0.0001                 with score 87.44
22-11-06 09:40:04 - INFO - root: Best param found at split 5: l2reg = 0.01                 with score 87.34
22-11-06 09:40:06 - INFO - root: Generating sentence embeddings
22-11-06 09:40:08 - INFO - root: Generated sentence embeddings
22-11-06 09:40:08 - INFO - root: Training pytorch-MLP-nhid0-rmsprop-bs128 with (inner) 5-fold cross-validation
22-11-06 09:40:33 - INFO - root: Best param found at split 1: l2reg = 0.001                 with score 82.96
22-11-06 09:40:59 - INFO - root: Best param found at split 2: l2reg = 0.01                 with score 82.26
22-11-06 09:41:24 - INFO - root: Best param found at split 3: l2reg = 0.01                 with score 83.44
22-11-06 09:41:56 - INFO - root: Best param found at split 4: l2reg = 0.01                 with score 83.82
22-11-06 09:42:26 - INFO - root: Best param found at split 5: l2reg = 0.001                 with score 83.63
22-11-06 09:42:28 - INFO - root: Computing embedding for train
22-11-06 09:42:31 - INFO - root: Computed train embeddings
22-11-06 09:42:31 - INFO - root: Computing embedding for dev
22-11-06 09:42:32 - INFO - root: Computed dev embeddings
22-11-06 09:42:32 - INFO - root: Computing embedding for test
22-11-06 09:42:33 - INFO - root: Computed test embeddings
22-11-06 09:42:33 - INFO - root: Training pytorch-MLP-nhid0-rmsprop-bs128 with standard validation..
22-11-06 09:42:39 - INFO - root: [('reg:1e-05', 36.6), ('reg:0.0001', 36.6), ('reg:0.001', 36.78), ('reg:0.01', 37.06)]
22-11-06 09:42:39 - INFO - root: Validation : best param found is reg = 0.01 with score             37.06
22-11-06 09:42:39 - INFO - root: Evaluating...
22-11-06 09:42:41 - INFO - root: ***** Transfer task : TREC *****


22-11-06 09:42:42 - INFO - root: Computed train embeddings
22-11-06 09:42:43 - INFO - root: Computed test embeddings
22-11-06 09:42:43 - INFO - root: Training pytorch-MLP-nhid0-rmsprop-bs128 with 5-fold cross-validation
22-11-06 09:43:01 - INFO - root: [('reg:1e-05', 75.57), ('reg:0.0001', 75.61), ('reg:0.001', 75.09), ('reg:0.01', 72.97)]
22-11-06 09:43:01 - INFO - root: Cross-validation : best param found is reg = 0.0001             with score 75.61
22-11-06 09:43:01 - INFO - root: Evaluating...
22-11-06 09:43:02 - INFO - root: ***** Transfer task : MRPC *****


22-11-06 09:43:02 - INFO - root: Computing embedding for train
22-11-06 09:43:05 - INFO - root: Computed train embeddings
22-11-06 09:43:05 - INFO - root: Computing embedding for test
22-11-06 09:43:07 - INFO - root: Computed test embeddings
22-11-06 09:43:07 - INFO - root: Training pytorch-MLP-nhid0-rmsprop-bs128 with 5-fold cross-validation
22-11-06 09:43:19 - INFO - root: [('reg:1e-05', 71.52), ('reg:0.0001', 71.71), ('reg:0.001', 71.66), ('reg:0.01', 72.06)]
22-11-06 09:43:19 - INFO - root: Cross-validation : best param found is reg = 0.01             with score 72.06
22-11-06 09:43:19 - INFO - root: Evaluating...
22-11-18 21:06:18 - INFO - sentence_transformers.SentenceTransformer: Load pretrained SentenceTransformer: distiluse-base-multilingual-cased-v2
22-11-18 21:06:20 - INFO - sentence_transformers.SentenceTransformer: Use pytorch device: cuda
22-11-18 21:06:20 - INFO - __main__: SBert model distiluse-base-multilingual-cased-v2 is loaded.
22-11-18 21:06:21 - INFO - __main__: Num of SBert features: 512
