22-11-06 11:22:15 - INFO - sentence_transformers.SentenceTransformer: Load pretrained SentenceTransformer: distiluse-base-multilingual-cased-v2
22-11-06 11:22:16 - INFO - sentence_transformers.SentenceTransformer: Use pytorch device: cuda
22-11-06 11:22:16 - INFO - __main__: SBert model distiluse-base-multilingual-cased-v2 is loaded.
22-11-06 11:22:18 - INFO - __main__: Num of SBert features: 512
22-11-06 11:22:19 - INFO - root: Generating sentence embeddings
22-11-06 11:22:24 - INFO - root: Generated sentence embeddings
22-11-06 11:22:24 - INFO - root: Training pytorch-MLP-nhid0-rmsprop-bs128 with (inner) 5-fold cross-validation
22-11-06 11:22:50 - INFO - root: Best param found at split 1: l2reg = 1e-05                 with score 69.53
22-11-06 11:23:16 - INFO - root: Best param found at split 2: l2reg = 0.01                 with score 69.54
22-11-06 11:23:42 - INFO - root: Best param found at split 3: l2reg = 0.0001                 with score 69.06
22-11-06 11:24:08 - INFO - root: Best param found at split 4: l2reg = 0.01                 with score 69.51
22-11-06 11:24:37 - INFO - root: Best param found at split 5: l2reg = 1e-05                 with score 69.55
22-11-06 11:24:38 - INFO - root: Generating sentence embeddings
22-11-06 11:24:40 - INFO - root: Generated sentence embeddings
22-11-06 11:24:40 - INFO - root: Training pytorch-MLP-nhid0-rmsprop-bs128 with (inner) 5-fold cross-validation
22-11-06 11:24:48 - INFO - root: Best param found at split 1: l2reg = 1e-05                 with score 78.77
22-11-06 11:24:58 - INFO - root: Best param found at split 2: l2reg = 0.01                 with score 79.3
22-11-06 11:25:08 - INFO - root: Best param found at split 3: l2reg = 0.0001                 with score 80.2
22-11-06 11:25:18 - INFO - root: Best param found at split 4: l2reg = 1e-05                 with score 78.71
22-11-06 11:25:28 - INFO - root: Best param found at split 5: l2reg = 0.01                 with score 77.38
22-11-06 11:25:28 - INFO - root: Generating sentence embeddings
22-11-06 11:25:32 - INFO - root: Generated sentence embeddings
22-11-06 11:25:32 - INFO - root: Training pytorch-MLP-nhid0-rmsprop-bs128 with (inner) 5-fold cross-validation
22-11-06 11:25:55 - INFO - root: Best param found at split 1: l2reg = 0.01                 with score 87.63
22-11-06 11:26:22 - INFO - root: Best param found at split 2: l2reg = 0.001                 with score 87.87
22-11-06 11:26:39 - INFO - root: Best param found at split 3: l2reg = 0.001                 with score 88.19
22-11-06 11:26:59 - INFO - root: Best param found at split 4: l2reg = 0.001                 with score 87.75
22-11-06 11:27:26 - INFO - root: Best param found at split 5: l2reg = 0.01                 with score 87.36
22-11-06 11:27:27 - INFO - root: Generating sentence embeddings
22-11-06 11:27:30 - INFO - root: Generated sentence embeddings
22-11-06 11:27:30 - INFO - root: Training pytorch-MLP-nhid0-rmsprop-bs128 with (inner) 5-fold cross-validation
22-11-06 11:27:55 - INFO - root: Best param found at split 1: l2reg = 0.0001                 with score 84.71
22-11-06 11:28:22 - INFO - root: Best param found at split 2: l2reg = 1e-05                 with score 83.04
22-11-06 11:28:52 - INFO - root: Best param found at split 3: l2reg = 1e-05                 with score 84.6
22-11-06 11:29:20 - INFO - root: Best param found at split 4: l2reg = 0.01                 with score 84.29
22-11-06 11:29:40 - INFO - root: Best param found at split 5: l2reg = 0.01                 with score 83.91
22-11-06 11:29:41 - INFO - root: Computing embedding for train
22-11-06 11:29:45 - INFO - root: Computed train embeddings
22-11-06 11:29:45 - INFO - root: Computing embedding for dev
22-11-06 11:29:45 - INFO - root: Computed dev embeddings
22-11-06 11:29:45 - INFO - root: Computing embedding for test
22-11-06 11:29:46 - INFO - root: Computed test embeddings
22-11-06 11:29:46 - INFO - root: Training pytorch-MLP-nhid0-rmsprop-bs128 with standard validation..
22-11-06 11:29:52 - INFO - root: [('reg:1e-05', 37.97), ('reg:0.0001', 37.87), ('reg:0.001', 37.78), ('reg:0.01', 36.97)]
22-11-06 11:29:52 - INFO - root: Validation : best param found is reg = 1e-05 with score             37.97
22-11-06 11:29:52 - INFO - root: Evaluating...
22-11-06 11:29:53 - INFO - root: ***** Transfer task : TREC *****


22-11-06 11:29:55 - INFO - root: Computed train embeddings
22-11-06 11:29:55 - INFO - root: Computed test embeddings
22-11-06 11:29:55 - INFO - root: Training pytorch-MLP-nhid0-rmsprop-bs128 with 5-fold cross-validation
22-11-06 11:30:13 - INFO - root: [('reg:1e-05', 75.15), ('reg:0.0001', 75.13), ('reg:0.001', 75.86), ('reg:0.01', 73.04)]
22-11-06 11:30:13 - INFO - root: Cross-validation : best param found is reg = 0.001             with score 75.86
22-11-06 11:30:13 - INFO - root: Evaluating...
22-11-06 11:30:14 - INFO - root: ***** Transfer task : MRPC *****


22-11-06 11:30:14 - INFO - root: Computing embedding for train
22-11-06 11:30:18 - INFO - root: Computed train embeddings
22-11-06 11:30:18 - INFO - root: Computing embedding for test
22-11-06 11:30:19 - INFO - root: Computed test embeddings
22-11-06 11:30:19 - INFO - root: Training pytorch-MLP-nhid0-rmsprop-bs128 with 5-fold cross-validation
22-11-06 11:30:32 - INFO - root: [('reg:1e-05', 72.3), ('reg:0.0001', 72.32), ('reg:0.001', 72.32), ('reg:0.01', 72.72)]
22-11-06 11:30:32 - INFO - root: Cross-validation : best param found is reg = 0.01             with score 72.72
22-11-06 11:30:32 - INFO - root: Evaluating...
