22-11-07 07:39:48 - INFO - sentence_transformers.SentenceTransformer: Load pretrained SentenceTransformer: distiluse-base-multilingual-cased-v2
22-11-07 07:39:49 - INFO - sentence_transformers.SentenceTransformer: Use pytorch device: cuda
22-11-07 07:39:49 - INFO - __main__: SBert model distiluse-base-multilingual-cased-v2 is loaded.
22-11-07 07:39:51 - INFO - __main__: Num of SBert features: 512
22-11-07 07:39:52 - INFO - root: Generating sentence embeddings
22-11-07 07:39:57 - INFO - root: Generated sentence embeddings
22-11-07 07:39:57 - INFO - root: Training pytorch-MLP-nhid0-rmsprop-bs128 with (inner) 5-fold cross-validation
22-11-07 07:40:23 - INFO - root: Best param found at split 1: l2reg = 0.001                 with score 71.77
22-11-07 07:40:53 - INFO - root: Best param found at split 2: l2reg = 1e-05                 with score 68.61
22-11-07 07:41:24 - INFO - root: Best param found at split 3: l2reg = 1e-05                 with score 68.6
22-11-07 07:41:55 - INFO - root: Best param found at split 4: l2reg = 0.001                 with score 72.83
22-11-07 07:42:28 - INFO - root: Best param found at split 5: l2reg = 0.0001                 with score 70.95
22-11-07 07:42:29 - INFO - root: Generating sentence embeddings
22-11-07 07:42:31 - INFO - root: Generated sentence embeddings
22-11-07 07:42:31 - INFO - root: Training pytorch-MLP-nhid0-rmsprop-bs128 with (inner) 5-fold cross-validation
22-11-07 07:42:41 - INFO - root: Best param found at split 1: l2reg = 0.001                 with score 83.25
22-11-07 07:42:52 - INFO - root: Best param found at split 2: l2reg = 0.0001                 with score 82.58
22-11-07 07:43:02 - INFO - root: Best param found at split 3: l2reg = 0.001                 with score 81.72
22-11-07 07:43:13 - INFO - root: Best param found at split 4: l2reg = 0.001                 with score 81.19
22-11-07 07:43:25 - INFO - root: Best param found at split 5: l2reg = 0.0001                 with score 82.15
22-11-07 07:43:25 - INFO - root: Generating sentence embeddings
22-11-07 07:43:30 - INFO - root: Generated sentence embeddings
22-11-07 07:43:30 - INFO - root: Training pytorch-MLP-nhid0-rmsprop-bs128 with (inner) 5-fold cross-validation
22-11-07 07:43:56 - INFO - root: Best param found at split 1: l2reg = 0.01                 with score 91.29
22-11-07 07:44:26 - INFO - root: Best param found at split 2: l2reg = 0.01                 with score 91.38
22-11-07 07:44:55 - INFO - root: Best param found at split 3: l2reg = 1e-05                 with score 91.64
22-11-07 07:45:21 - INFO - root: Best param found at split 4: l2reg = 0.01                 with score 91.1
22-11-07 07:45:49 - INFO - root: Best param found at split 5: l2reg = 0.001                 with score 91.2
22-11-07 07:45:51 - INFO - root: Generating sentence embeddings
22-11-07 07:45:53 - INFO - root: Generated sentence embeddings
22-11-07 07:45:53 - INFO - root: Training pytorch-MLP-nhid0-rmsprop-bs128 with (inner) 5-fold cross-validation
22-11-07 07:46:17 - INFO - root: Best param found at split 1: l2reg = 0.0001                 with score 86.3
22-11-07 07:46:47 - INFO - root: Best param found at split 2: l2reg = 0.001                 with score 86.28
22-11-07 07:47:14 - INFO - root: Best param found at split 3: l2reg = 0.001                 with score 86.79
22-11-07 07:47:42 - INFO - root: Best param found at split 4: l2reg = 0.01                 with score 86.45
22-11-07 07:48:14 - INFO - root: Best param found at split 5: l2reg = 0.01                 with score 86.61
22-11-07 07:48:16 - INFO - root: Computing embedding for train
22-11-07 07:48:19 - INFO - root: Computed train embeddings
22-11-07 07:48:19 - INFO - root: Computing embedding for dev
22-11-07 07:48:20 - INFO - root: Computed dev embeddings
22-11-07 07:48:20 - INFO - root: Computing embedding for test
22-11-07 07:48:21 - INFO - root: Computed test embeddings
22-11-07 07:48:21 - INFO - root: Training pytorch-MLP-nhid0-rmsprop-bs128 with standard validation..
22-11-07 07:48:27 - INFO - root: [('reg:1e-05', 36.88), ('reg:0.0001', 38.87), ('reg:0.001', 32.88), ('reg:0.01', 36.97)]
22-11-07 07:48:27 - INFO - root: Validation : best param found is reg = 0.0001 with score             38.87
22-11-07 07:48:27 - INFO - root: Evaluating...
22-11-07 07:48:28 - INFO - root: ***** Transfer task : TREC *****


22-11-07 07:48:30 - INFO - root: Computed train embeddings
22-11-07 07:48:30 - INFO - root: Computed test embeddings
22-11-07 07:48:30 - INFO - root: Training pytorch-MLP-nhid0-rmsprop-bs128 with 5-fold cross-validation
22-11-07 07:48:49 - INFO - root: [('reg:1e-05', 84.59), ('reg:0.0001', 85.03), ('reg:0.001', 85.82), ('reg:0.01', 84.45)]
22-11-07 07:48:49 - INFO - root: Cross-validation : best param found is reg = 0.001             with score 85.82
22-11-07 07:48:49 - INFO - root: Evaluating...
22-11-07 07:48:50 - INFO - root: ***** Transfer task : MRPC *****


22-11-07 07:48:51 - INFO - root: Computing embedding for train
22-11-07 07:48:54 - INFO - root: Computed train embeddings
22-11-07 07:48:54 - INFO - root: Computing embedding for test
22-11-07 07:48:56 - INFO - root: Computed test embeddings
22-11-07 07:48:56 - INFO - root: Training pytorch-MLP-nhid0-rmsprop-bs128 with 5-fold cross-validation
22-11-07 07:49:09 - INFO - root: [('reg:1e-05', 73.33), ('reg:0.0001', 72.89), ('reg:0.001', 72.4), ('reg:0.01', 72.79)]
22-11-07 07:49:09 - INFO - root: Cross-validation : best param found is reg = 1e-05             with score 73.33
22-11-07 07:49:09 - INFO - root: Evaluating...
22-11-19 06:08:36 - INFO - sentence_transformers.SentenceTransformer: Load pretrained SentenceTransformer: distiluse-base-multilingual-cased-v2
22-11-19 06:08:38 - INFO - sentence_transformers.SentenceTransformer: Use pytorch device: cuda
22-11-19 06:08:38 - INFO - __main__: SBert model distiluse-base-multilingual-cased-v2 is loaded.
22-11-19 06:08:39 - INFO - __main__: Num of SBert features: 512
