22-11-07 13:17:07 - INFO - sentence_transformers.SentenceTransformer: Load pretrained SentenceTransformer: distiluse-base-multilingual-cased-v2
22-11-07 13:17:08 - INFO - sentence_transformers.SentenceTransformer: Use pytorch device: cuda
22-11-07 13:17:08 - INFO - __main__: SBert model distiluse-base-multilingual-cased-v2 is loaded.
22-11-07 13:17:10 - INFO - __main__: Num of SBert features: 512
22-11-07 13:17:11 - INFO - root: Generating sentence embeddings
22-11-07 13:17:16 - INFO - root: Generated sentence embeddings
22-11-07 13:17:16 - INFO - root: Training pytorch-MLP-nhid0-rmsprop-bs128 with (inner) 5-fold cross-validation
22-11-07 13:17:37 - INFO - root: Best param found at split 1: l2reg = 0.01                 with score 71.7
22-11-07 13:18:09 - INFO - root: Best param found at split 2: l2reg = 0.0001                 with score 72.54
22-11-07 13:18:41 - INFO - root: Best param found at split 3: l2reg = 0.0001                 with score 71.48
22-11-07 13:19:11 - INFO - root: Best param found at split 4: l2reg = 1e-05                 with score 72.04
22-11-07 13:19:41 - INFO - root: Best param found at split 5: l2reg = 1e-05                 with score 69.92
22-11-07 13:19:43 - INFO - root: Generating sentence embeddings
22-11-07 13:19:44 - INFO - root: Generated sentence embeddings
22-11-07 13:19:44 - INFO - root: Training pytorch-MLP-nhid0-rmsprop-bs128 with (inner) 5-fold cross-validation
22-11-07 13:19:53 - INFO - root: Best param found at split 1: l2reg = 0.001                 with score 80.96
22-11-07 13:20:05 - INFO - root: Best param found at split 2: l2reg = 0.0001                 with score 82.38
22-11-07 13:20:15 - INFO - root: Best param found at split 3: l2reg = 0.001                 with score 81.69
22-11-07 13:20:26 - INFO - root: Best param found at split 4: l2reg = 0.001                 with score 81.82
22-11-07 13:20:36 - INFO - root: Best param found at split 5: l2reg = 0.001                 with score 81.52
22-11-07 13:20:36 - INFO - root: Generating sentence embeddings
22-11-07 13:20:41 - INFO - root: Generated sentence embeddings
22-11-07 13:20:41 - INFO - root: Training pytorch-MLP-nhid0-rmsprop-bs128 with (inner) 5-fold cross-validation
22-11-07 13:21:07 - INFO - root: Best param found at split 1: l2reg = 0.001                 with score 91.21
22-11-07 13:21:35 - INFO - root: Best param found at split 2: l2reg = 0.0001                 with score 91.48
22-11-07 13:22:03 - INFO - root: Best param found at split 3: l2reg = 0.001                 with score 91.49
22-11-07 13:22:31 - INFO - root: Best param found at split 4: l2reg = 1e-05                 with score 91.24
22-11-07 13:22:59 - INFO - root: Best param found at split 5: l2reg = 1e-05                 with score 90.88
22-11-07 13:23:01 - INFO - root: Generating sentence embeddings
22-11-07 13:23:03 - INFO - root: Generated sentence embeddings
22-11-07 13:23:03 - INFO - root: Training pytorch-MLP-nhid0-rmsprop-bs128 with (inner) 5-fold cross-validation
22-11-07 13:23:27 - INFO - root: Best param found at split 1: l2reg = 1e-05                 with score 86.9
22-11-07 13:23:55 - INFO - root: Best param found at split 2: l2reg = 0.0001                 with score 86.71
22-11-07 13:24:22 - INFO - root: Best param found at split 3: l2reg = 0.001                 with score 86.2
22-11-07 13:24:49 - INFO - root: Best param found at split 4: l2reg = 0.0001                 with score 86.76
22-11-07 13:25:20 - INFO - root: Best param found at split 5: l2reg = 0.01                 with score 87.01
22-11-07 13:25:23 - INFO - root: Computing embedding for train
22-11-07 13:25:26 - INFO - root: Computed train embeddings
22-11-07 13:25:26 - INFO - root: Computing embedding for dev
22-11-07 13:25:27 - INFO - root: Computed dev embeddings
22-11-07 13:25:27 - INFO - root: Computing embedding for test
22-11-07 13:25:28 - INFO - root: Computed test embeddings
22-11-07 13:25:28 - INFO - root: Training pytorch-MLP-nhid0-rmsprop-bs128 with standard validation..
22-11-07 13:25:33 - INFO - root: [('reg:1e-05', 39.78), ('reg:0.0001', 37.24), ('reg:0.001', 39.78), ('reg:0.01', 38.6)]
22-11-07 13:25:33 - INFO - root: Validation : best param found is reg = 1e-05 with score             39.78
22-11-07 13:25:33 - INFO - root: Evaluating...
22-11-07 13:25:35 - INFO - root: ***** Transfer task : TREC *****


22-11-07 13:25:36 - INFO - root: Computed train embeddings
22-11-07 13:25:37 - INFO - root: Computed test embeddings
22-11-07 13:25:37 - INFO - root: Training pytorch-MLP-nhid0-rmsprop-bs128 with 5-fold cross-validation
22-11-07 13:25:55 - INFO - root: [('reg:1e-05', 82.21), ('reg:0.0001', 83.16), ('reg:0.001', 85.0), ('reg:0.01', 83.42)]
22-11-07 13:25:55 - INFO - root: Cross-validation : best param found is reg = 0.001             with score 85.0
22-11-07 13:25:55 - INFO - root: Evaluating...
22-11-07 13:25:56 - INFO - root: ***** Transfer task : MRPC *****


22-11-07 13:25:56 - INFO - root: Computing embedding for train
22-11-07 13:26:00 - INFO - root: Computed train embeddings
22-11-07 13:26:00 - INFO - root: Computing embedding for test
22-11-07 13:26:01 - INFO - root: Computed test embeddings
22-11-07 13:26:01 - INFO - root: Training pytorch-MLP-nhid0-rmsprop-bs128 with 5-fold cross-validation
22-11-07 13:26:14 - INFO - root: [('reg:1e-05', 73.23), ('reg:0.0001', 74.19), ('reg:0.001', 74.9), ('reg:0.01', 75.07)]
22-11-07 13:26:14 - INFO - root: Cross-validation : best param found is reg = 0.01             with score 75.07
22-11-07 13:26:14 - INFO - root: Evaluating...
