22-11-07 14:22:49 - INFO - sentence_transformers.SentenceTransformer: Load pretrained SentenceTransformer: distiluse-base-multilingual-cased-v2
22-11-07 14:22:50 - INFO - sentence_transformers.SentenceTransformer: Use pytorch device: cuda
22-11-07 14:22:50 - INFO - __main__: SBert model distiluse-base-multilingual-cased-v2 is loaded.
22-11-07 14:22:52 - INFO - __main__: Num of SBert features: 512
22-11-07 14:22:53 - INFO - root: Generating sentence embeddings
22-11-07 14:22:58 - INFO - root: Generated sentence embeddings
22-11-07 14:22:58 - INFO - root: Training pytorch-MLP-nhid0-rmsprop-bs128 with (inner) 5-fold cross-validation
22-11-07 14:23:28 - INFO - root: Best param found at split 1: l2reg = 1e-05                 with score 72.06
22-11-07 14:23:57 - INFO - root: Best param found at split 2: l2reg = 0.0001                 with score 72.13
22-11-07 14:24:27 - INFO - root: Best param found at split 3: l2reg = 0.01                 with score 72.52
22-11-07 14:24:55 - INFO - root: Best param found at split 4: l2reg = 1e-05                 with score 71.78
22-11-07 14:25:25 - INFO - root: Best param found at split 5: l2reg = 1e-05                 with score 71.62
22-11-07 14:25:27 - INFO - root: Generating sentence embeddings
22-11-07 14:25:28 - INFO - root: Generated sentence embeddings
22-11-07 14:25:28 - INFO - root: Training pytorch-MLP-nhid0-rmsprop-bs128 with (inner) 5-fold cross-validation
22-11-07 14:25:38 - INFO - root: Best param found at split 1: l2reg = 0.001                 with score 81.62
22-11-07 14:25:49 - INFO - root: Best param found at split 2: l2reg = 0.001                 with score 82.22
22-11-07 14:25:59 - INFO - root: Best param found at split 3: l2reg = 0.0001                 with score 81.69
22-11-07 14:26:10 - INFO - root: Best param found at split 4: l2reg = 0.01                 with score 80.99
22-11-07 14:26:20 - INFO - root: Best param found at split 5: l2reg = 0.0001                 with score 80.46
22-11-07 14:26:21 - INFO - root: Generating sentence embeddings
22-11-07 14:26:26 - INFO - root: Generated sentence embeddings
22-11-07 14:26:26 - INFO - root: Training pytorch-MLP-nhid0-rmsprop-bs128 with (inner) 5-fold cross-validation
22-11-07 14:26:55 - INFO - root: Best param found at split 1: l2reg = 0.001                 with score 91.68
22-11-07 14:27:22 - INFO - root: Best param found at split 2: l2reg = 0.0001                 with score 91.54
22-11-07 14:27:50 - INFO - root: Best param found at split 3: l2reg = 0.01                 with score 91.61
22-11-07 14:28:18 - INFO - root: Best param found at split 4: l2reg = 0.01                 with score 91.4
22-11-07 14:28:47 - INFO - root: Best param found at split 5: l2reg = 0.01                 with score 91.16
22-11-07 14:28:48 - INFO - root: Generating sentence embeddings
22-11-07 14:28:50 - INFO - root: Generated sentence embeddings
22-11-07 14:28:50 - INFO - root: Training pytorch-MLP-nhid0-rmsprop-bs128 with (inner) 5-fold cross-validation
22-11-07 14:29:13 - INFO - root: Best param found at split 1: l2reg = 0.0001                 with score 87.06
22-11-07 14:29:42 - INFO - root: Best param found at split 2: l2reg = 1e-05                 with score 87.22
22-11-07 14:30:13 - INFO - root: Best param found at split 3: l2reg = 0.01                 with score 87.63
22-11-07 14:30:43 - INFO - root: Best param found at split 4: l2reg = 1e-05                 with score 87.33
22-11-07 14:31:13 - INFO - root: Best param found at split 5: l2reg = 0.001                 with score 87.06
22-11-07 14:31:14 - INFO - root: Computing embedding for train
22-11-07 14:31:18 - INFO - root: Computed train embeddings
22-11-07 14:31:18 - INFO - root: Computing embedding for dev
22-11-07 14:31:18 - INFO - root: Computed dev embeddings
22-11-07 14:31:18 - INFO - root: Computing embedding for test
22-11-07 14:31:19 - INFO - root: Computed test embeddings
22-11-07 14:31:19 - INFO - root: Training pytorch-MLP-nhid0-rmsprop-bs128 with standard validation..
22-11-07 14:31:24 - INFO - root: [('reg:1e-05', 39.33), ('reg:0.0001', 39.06), ('reg:0.001', 38.78), ('reg:0.01', 38.33)]
22-11-07 14:31:24 - INFO - root: Validation : best param found is reg = 1e-05 with score             39.33
22-11-07 14:31:24 - INFO - root: Evaluating...
22-11-07 14:31:25 - INFO - root: ***** Transfer task : TREC *****


22-11-07 14:31:26 - INFO - root: Computed train embeddings
22-11-07 14:31:26 - INFO - root: Computed test embeddings
22-11-07 14:31:26 - INFO - root: Training pytorch-MLP-nhid0-rmsprop-bs128 with 5-fold cross-validation
22-11-07 14:31:45 - INFO - root: [('reg:1e-05', 85.36), ('reg:0.0001', 86.46), ('reg:0.001', 84.35), ('reg:0.01', 86.17)]
22-11-07 14:31:45 - INFO - root: Cross-validation : best param found is reg = 0.0001             with score 86.46
22-11-07 14:31:45 - INFO - root: Evaluating...
22-11-07 14:31:46 - INFO - root: ***** Transfer task : MRPC *****


22-11-07 14:31:46 - INFO - root: Computing embedding for train
22-11-07 14:31:50 - INFO - root: Computed train embeddings
22-11-07 14:31:50 - INFO - root: Computing embedding for test
22-11-07 14:31:51 - INFO - root: Computed test embeddings
22-11-07 14:31:51 - INFO - root: Training pytorch-MLP-nhid0-rmsprop-bs128 with 5-fold cross-validation
22-11-07 14:32:04 - INFO - root: [('reg:1e-05', 74.58), ('reg:0.0001', 73.16), ('reg:0.001', 73.72), ('reg:0.01', 72.99)]
22-11-07 14:32:04 - INFO - root: Cross-validation : best param found is reg = 1e-05             with score 74.58
22-11-07 14:32:04 - INFO - root: Evaluating...
