22-11-06 10:03:06 - INFO - sentence_transformers.SentenceTransformer: Load pretrained SentenceTransformer: distiluse-base-multilingual-cased-v2
22-11-06 10:03:07 - INFO - sentence_transformers.SentenceTransformer: Use pytorch device: cuda
22-11-06 10:03:07 - INFO - __main__: SBert model distiluse-base-multilingual-cased-v2 is loaded.
22-11-06 10:03:09 - INFO - __main__: Num of SBert features: 512
22-11-06 10:03:10 - INFO - root: Generating sentence embeddings
22-11-06 10:03:14 - INFO - root: Generated sentence embeddings
22-11-06 10:03:14 - INFO - root: Training pytorch-MLP-nhid0-rmsprop-bs128 with (inner) 5-fold cross-validation
22-11-06 10:03:42 - INFO - root: Best param found at split 1: l2reg = 1e-05                 with score 69.18
22-11-06 10:04:16 - INFO - root: Best param found at split 2: l2reg = 1e-05                 with score 69.41
22-11-06 10:04:46 - INFO - root: Best param found at split 3: l2reg = 0.01                 with score 69.66
22-11-06 10:05:15 - INFO - root: Best param found at split 4: l2reg = 0.01                 with score 68.82
22-11-06 10:05:43 - INFO - root: Best param found at split 5: l2reg = 1e-05                 with score 69.28
22-11-06 10:05:44 - INFO - root: Generating sentence embeddings
22-11-06 10:05:46 - INFO - root: Generated sentence embeddings
22-11-06 10:05:46 - INFO - root: Training pytorch-MLP-nhid0-rmsprop-bs128 with (inner) 5-fold cross-validation
22-11-06 10:05:55 - INFO - root: Best param found at split 1: l2reg = 0.0001                 with score 78.38
22-11-06 10:06:05 - INFO - root: Best param found at split 2: l2reg = 0.001                 with score 77.45
22-11-06 10:06:14 - INFO - root: Best param found at split 3: l2reg = 0.0001                 with score 78.44
22-11-06 10:06:21 - INFO - root: Best param found at split 4: l2reg = 0.001                 with score 77.02
22-11-06 10:06:28 - INFO - root: Best param found at split 5: l2reg = 1e-05                 with score 76.66
22-11-06 10:06:28 - INFO - root: Generating sentence embeddings
22-11-06 10:06:33 - INFO - root: Generated sentence embeddings
22-11-06 10:06:33 - INFO - root: Training pytorch-MLP-nhid0-rmsprop-bs128 with (inner) 5-fold cross-validation
22-11-06 10:06:56 - INFO - root: Best param found at split 1: l2reg = 0.001                 with score 88.1
22-11-06 10:07:23 - INFO - root: Best param found at split 2: l2reg = 0.01                 with score 88.66
22-11-06 10:07:50 - INFO - root: Best param found at split 3: l2reg = 0.01                 with score 88.02
22-11-06 10:08:14 - INFO - root: Best param found at split 4: l2reg = 0.001                 with score 87.9
22-11-06 10:08:41 - INFO - root: Best param found at split 5: l2reg = 0.001                 with score 87.8
22-11-06 10:08:43 - INFO - root: Generating sentence embeddings
22-11-06 10:08:45 - INFO - root: Generated sentence embeddings
22-11-06 10:08:45 - INFO - root: Training pytorch-MLP-nhid0-rmsprop-bs128 with (inner) 5-fold cross-validation
22-11-06 10:09:09 - INFO - root: Best param found at split 1: l2reg = 0.01                 with score 84.18
22-11-06 10:09:39 - INFO - root: Best param found at split 2: l2reg = 1e-05                 with score 84.24
22-11-06 10:10:07 - INFO - root: Best param found at split 3: l2reg = 0.01                 with score 85.0
22-11-06 10:10:37 - INFO - root: Best param found at split 4: l2reg = 1e-05                 with score 84.49
22-11-06 10:11:09 - INFO - root: Best param found at split 5: l2reg = 0.001                 with score 84.41
22-11-06 10:11:10 - INFO - root: Computing embedding for train
22-11-06 10:11:14 - INFO - root: Computed train embeddings
22-11-06 10:11:14 - INFO - root: Computing embedding for dev
22-11-06 10:11:14 - INFO - root: Computed dev embeddings
22-11-06 10:11:14 - INFO - root: Computing embedding for test
22-11-06 10:11:15 - INFO - root: Computed test embeddings
22-11-06 10:11:15 - INFO - root: Training pytorch-MLP-nhid0-rmsprop-bs128 with standard validation..
22-11-06 10:11:21 - INFO - root: [('reg:1e-05', 36.78), ('reg:0.0001', 36.78), ('reg:0.001', 36.97), ('reg:0.01', 37.51)]
22-11-06 10:11:21 - INFO - root: Validation : best param found is reg = 0.01 with score             37.51
22-11-06 10:11:21 - INFO - root: Evaluating...
22-11-06 10:11:22 - INFO - root: ***** Transfer task : TREC *****


22-11-06 10:11:24 - INFO - root: Computed train embeddings
22-11-06 10:11:24 - INFO - root: Computed test embeddings
22-11-06 10:11:24 - INFO - root: Training pytorch-MLP-nhid0-rmsprop-bs128 with 5-fold cross-validation
22-11-06 10:11:42 - INFO - root: [('reg:1e-05', 75.05), ('reg:0.0001', 75.0), ('reg:0.001', 74.78), ('reg:0.01', 72.87)]
22-11-06 10:11:42 - INFO - root: Cross-validation : best param found is reg = 1e-05             with score 75.05
22-11-06 10:11:42 - INFO - root: Evaluating...
22-11-06 10:11:43 - INFO - root: ***** Transfer task : MRPC *****


22-11-06 10:11:43 - INFO - root: Computing embedding for train
22-11-06 10:11:46 - INFO - root: Computed train embeddings
22-11-06 10:11:46 - INFO - root: Computing embedding for test
22-11-06 10:11:48 - INFO - root: Computed test embeddings
22-11-06 10:11:48 - INFO - root: Training pytorch-MLP-nhid0-rmsprop-bs128 with 5-fold cross-validation
22-11-06 10:12:02 - INFO - root: [('reg:1e-05', 71.47), ('reg:0.0001', 71.44), ('reg:0.001', 71.52), ('reg:0.01', 72.08)]
22-11-06 10:12:02 - INFO - root: Cross-validation : best param found is reg = 0.01             with score 72.08
22-11-06 10:12:02 - INFO - root: Evaluating...
22-11-18 21:15:21 - INFO - sentence_transformers.SentenceTransformer: Load pretrained SentenceTransformer: distiluse-base-multilingual-cased-v2
22-11-18 21:15:23 - INFO - sentence_transformers.SentenceTransformer: Use pytorch device: cuda
22-11-18 21:15:23 - INFO - __main__: SBert model distiluse-base-multilingual-cased-v2 is loaded.
22-11-18 21:15:24 - INFO - __main__: Num of SBert features: 512
