22-11-06 14:53:05 - INFO - sentence_transformers.SentenceTransformer: Load pretrained SentenceTransformer: distiluse-base-multilingual-cased-v2
22-11-06 14:53:06 - INFO - sentence_transformers.SentenceTransformer: Use pytorch device: cuda
22-11-06 14:53:06 - INFO - __main__: SBert model distiluse-base-multilingual-cased-v2 is loaded.
22-11-06 14:53:08 - INFO - __main__: Num of SBert features: 512
22-11-06 14:53:09 - INFO - root: Generating sentence embeddings
22-11-06 14:53:14 - INFO - root: Generated sentence embeddings
22-11-06 14:53:14 - INFO - root: Training pytorch-MLP-nhid0-rmsprop-bs128 with (inner) 5-fold cross-validation
22-11-06 14:53:41 - INFO - root: Best param found at split 1: l2reg = 1e-05                 with score 69.11
22-11-06 14:54:10 - INFO - root: Best param found at split 2: l2reg = 0.001                 with score 69.61
22-11-06 14:54:39 - INFO - root: Best param found at split 3: l2reg = 0.01                 with score 69.17
22-11-06 14:55:07 - INFO - root: Best param found at split 4: l2reg = 0.001                 with score 70.05
22-11-06 14:55:37 - INFO - root: Best param found at split 5: l2reg = 0.001                 with score 70.05
22-11-06 14:55:40 - INFO - root: Generating sentence embeddings
22-11-06 14:55:41 - INFO - root: Generated sentence embeddings
22-11-06 14:55:41 - INFO - root: Training pytorch-MLP-nhid0-rmsprop-bs128 with (inner) 5-fold cross-validation
22-11-06 14:55:51 - INFO - root: Best param found at split 1: l2reg = 0.001                 with score 78.28
22-11-06 14:56:02 - INFO - root: Best param found at split 2: l2reg = 0.001                 with score 79.27
22-11-06 14:56:10 - INFO - root: Best param found at split 3: l2reg = 0.001                 with score 80.07
22-11-06 14:56:21 - INFO - root: Best param found at split 4: l2reg = 0.001                 with score 78.44
22-11-06 14:56:32 - INFO - root: Best param found at split 5: l2reg = 0.001                 with score 78.48
22-11-06 14:56:32 - INFO - root: Generating sentence embeddings
22-11-06 14:56:37 - INFO - root: Generated sentence embeddings
22-11-06 14:56:37 - INFO - root: Training pytorch-MLP-nhid0-rmsprop-bs128 with (inner) 5-fold cross-validation
22-11-06 14:57:01 - INFO - root: Best param found at split 1: l2reg = 0.01                 with score 89.02
22-11-06 14:57:28 - INFO - root: Best param found at split 2: l2reg = 0.001                 with score 89.25
22-11-06 14:57:54 - INFO - root: Best param found at split 3: l2reg = 0.01                 with score 89.49
22-11-06 14:58:22 - INFO - root: Best param found at split 4: l2reg = 0.01                 with score 88.75
22-11-06 14:58:50 - INFO - root: Best param found at split 5: l2reg = 0.001                 with score 88.6
22-11-06 14:58:52 - INFO - root: Generating sentence embeddings
22-11-06 14:58:55 - INFO - root: Generated sentence embeddings
22-11-06 14:58:55 - INFO - root: Training pytorch-MLP-nhid0-rmsprop-bs128 with (inner) 5-fold cross-validation
22-11-06 14:59:16 - INFO - root: Best param found at split 1: l2reg = 0.01                 with score 84.98
22-11-06 14:59:46 - INFO - root: Best param found at split 2: l2reg = 1e-05                 with score 85.01
22-11-06 15:00:13 - INFO - root: Best param found at split 3: l2reg = 1e-05                 with score 84.71
22-11-06 15:00:45 - INFO - root: Best param found at split 4: l2reg = 0.01                 with score 84.86
22-11-06 15:01:14 - INFO - root: Best param found at split 5: l2reg = 0.01                 with score 84.5
22-11-06 15:01:16 - INFO - root: Computing embedding for train
22-11-06 15:01:19 - INFO - root: Computed train embeddings
22-11-06 15:01:19 - INFO - root: Computing embedding for dev
22-11-06 15:01:20 - INFO - root: Computed dev embeddings
22-11-06 15:01:20 - INFO - root: Computing embedding for test
22-11-06 15:01:21 - INFO - root: Computed test embeddings
22-11-06 15:01:21 - INFO - root: Training pytorch-MLP-nhid0-rmsprop-bs128 with standard validation..
22-11-06 15:01:28 - INFO - root: [('reg:1e-05', 38.15), ('reg:0.0001', 38.87), ('reg:0.001', 37.06), ('reg:0.01', 37.97)]
22-11-06 15:01:28 - INFO - root: Validation : best param found is reg = 0.0001 with score             38.87
22-11-06 15:01:28 - INFO - root: Evaluating...
22-11-06 15:01:29 - INFO - root: ***** Transfer task : TREC *****


22-11-06 15:01:31 - INFO - root: Computed train embeddings
22-11-06 15:01:31 - INFO - root: Computed test embeddings
22-11-06 15:01:31 - INFO - root: Training pytorch-MLP-nhid0-rmsprop-bs128 with 5-fold cross-validation
22-11-06 15:01:48 - INFO - root: [('reg:1e-05', 77.66), ('reg:0.0001', 77.7), ('reg:0.001', 77.79), ('reg:0.01', 77.68)]
22-11-06 15:01:48 - INFO - root: Cross-validation : best param found is reg = 0.001             with score 77.79
22-11-06 15:01:48 - INFO - root: Evaluating...
22-11-06 15:01:49 - INFO - root: ***** Transfer task : MRPC *****


22-11-06 15:01:49 - INFO - root: Computing embedding for train
22-11-06 15:01:53 - INFO - root: Computed train embeddings
22-11-06 15:01:53 - INFO - root: Computing embedding for test
22-11-06 15:01:54 - INFO - root: Computed test embeddings
22-11-06 15:01:54 - INFO - root: Training pytorch-MLP-nhid0-rmsprop-bs128 with 5-fold cross-validation
22-11-06 15:02:05 - INFO - root: [('reg:1e-05', 72.72), ('reg:0.0001', 72.69), ('reg:0.001', 72.74), ('reg:0.01', 72.67)]
22-11-06 15:02:05 - INFO - root: Cross-validation : best param found is reg = 0.001             with score 72.74
22-11-06 15:02:05 - INFO - root: Evaluating...
