22-11-07 02:20:50 - INFO - sentence_transformers.SentenceTransformer: Load pretrained SentenceTransformer: distiluse-base-multilingual-cased-v2
22-11-07 02:20:51 - INFO - sentence_transformers.SentenceTransformer: Use pytorch device: cuda
22-11-07 02:20:51 - INFO - __main__: SBert model distiluse-base-multilingual-cased-v2 is loaded.
22-11-07 02:20:53 - INFO - __main__: Num of SBert features: 512
22-11-07 02:20:53 - INFO - root: Generating sentence embeddings
22-11-07 02:20:58 - INFO - root: Generated sentence embeddings
22-11-07 02:20:58 - INFO - root: Training pytorch-MLP-nhid0-rmsprop-bs128 with (inner) 5-fold cross-validation
22-11-07 02:21:24 - INFO - root: Best param found at split 1: l2reg = 0.001                 with score 70.9
22-11-07 02:21:53 - INFO - root: Best param found at split 2: l2reg = 0.0001                 with score 69.8
22-11-07 02:22:22 - INFO - root: Best param found at split 3: l2reg = 0.01                 with score 72.32
22-11-07 02:22:52 - INFO - root: Best param found at split 4: l2reg = 0.001                 with score 71.18
22-11-07 02:23:24 - INFO - root: Best param found at split 5: l2reg = 0.001                 with score 69.99
22-11-07 02:23:25 - INFO - root: Generating sentence embeddings
22-11-07 02:23:27 - INFO - root: Generated sentence embeddings
22-11-07 02:23:27 - INFO - root: Training pytorch-MLP-nhid0-rmsprop-bs128 with (inner) 5-fold cross-validation
22-11-07 02:23:36 - INFO - root: Best param found at split 1: l2reg = 0.0001                 with score 80.76
22-11-07 02:23:47 - INFO - root: Best param found at split 2: l2reg = 0.01                 with score 80.36
22-11-07 02:23:58 - INFO - root: Best param found at split 3: l2reg = 0.001                 with score 80.79
22-11-07 02:24:08 - INFO - root: Best param found at split 4: l2reg = 0.001                 with score 79.9
22-11-07 02:24:19 - INFO - root: Best param found at split 5: l2reg = 1e-05                 with score 79.87
22-11-07 02:24:19 - INFO - root: Generating sentence embeddings
22-11-07 02:24:24 - INFO - root: Generated sentence embeddings
22-11-07 02:24:24 - INFO - root: Training pytorch-MLP-nhid0-rmsprop-bs128 with (inner) 5-fold cross-validation
22-11-07 02:24:50 - INFO - root: Best param found at split 1: l2reg = 0.0001                 with score 90.86
22-11-07 02:25:15 - INFO - root: Best param found at split 2: l2reg = 0.01                 with score 90.9
22-11-07 02:25:41 - INFO - root: Best param found at split 3: l2reg = 0.01                 with score 90.89
22-11-07 02:26:06 - INFO - root: Best param found at split 4: l2reg = 0.0001                 with score 90.65
22-11-07 02:26:33 - INFO - root: Best param found at split 5: l2reg = 0.01                 with score 90.39
22-11-07 02:26:35 - INFO - root: Generating sentence embeddings
22-11-07 02:26:38 - INFO - root: Generated sentence embeddings
22-11-07 02:26:38 - INFO - root: Training pytorch-MLP-nhid0-rmsprop-bs128 with (inner) 5-fold cross-validation
22-11-07 02:27:01 - INFO - root: Best param found at split 1: l2reg = 0.001                 with score 86.6
22-11-07 02:27:30 - INFO - root: Best param found at split 2: l2reg = 0.01                 with score 85.77
22-11-07 02:27:56 - INFO - root: Best param found at split 3: l2reg = 0.001                 with score 85.29
22-11-07 02:28:27 - INFO - root: Best param found at split 4: l2reg = 0.001                 with score 86.38
22-11-07 02:28:56 - INFO - root: Best param found at split 5: l2reg = 0.01                 with score 83.52
22-11-07 02:28:59 - INFO - root: Computing embedding for train
22-11-07 02:29:02 - INFO - root: Computed train embeddings
22-11-07 02:29:02 - INFO - root: Computing embedding for dev
22-11-07 02:29:03 - INFO - root: Computed dev embeddings
22-11-07 02:29:03 - INFO - root: Computing embedding for test
22-11-07 02:29:03 - INFO - root: Computed test embeddings
22-11-07 02:29:03 - INFO - root: Training pytorch-MLP-nhid0-rmsprop-bs128 with standard validation..
22-11-07 02:29:10 - INFO - root: [('reg:1e-05', 36.69), ('reg:0.0001', 36.33), ('reg:0.001', 37.15), ('reg:0.01', 39.6)]
22-11-07 02:29:10 - INFO - root: Validation : best param found is reg = 0.01 with score             39.6
22-11-07 02:29:10 - INFO - root: Evaluating...
22-11-07 02:29:12 - INFO - root: ***** Transfer task : TREC *****


22-11-07 02:29:14 - INFO - root: Computed train embeddings
22-11-07 02:29:14 - INFO - root: Computed test embeddings
22-11-07 02:29:14 - INFO - root: Training pytorch-MLP-nhid0-rmsprop-bs128 with 5-fold cross-validation
22-11-07 02:29:31 - INFO - root: [('reg:1e-05', 83.79), ('reg:0.0001', 84.04), ('reg:0.001', 84.54), ('reg:0.01', 83.14)]
22-11-07 02:29:31 - INFO - root: Cross-validation : best param found is reg = 0.001             with score 84.54
22-11-07 02:29:31 - INFO - root: Evaluating...
22-11-07 02:29:32 - INFO - root: ***** Transfer task : MRPC *****


22-11-07 02:29:32 - INFO - root: Computing embedding for train
22-11-07 02:29:35 - INFO - root: Computed train embeddings
22-11-07 02:29:35 - INFO - root: Computing embedding for test
22-11-07 02:29:37 - INFO - root: Computed test embeddings
22-11-07 02:29:37 - INFO - root: Training pytorch-MLP-nhid0-rmsprop-bs128 with 5-fold cross-validation
22-11-07 02:29:50 - INFO - root: [('reg:1e-05', 73.31), ('reg:0.0001', 73.06), ('reg:0.001', 73.21), ('reg:0.01', 73.36)]
22-11-07 02:29:50 - INFO - root: Cross-validation : best param found is reg = 0.01             with score 73.36
22-11-07 02:29:50 - INFO - root: Evaluating...
22-11-19 04:02:01 - INFO - sentence_transformers.SentenceTransformer: Load pretrained SentenceTransformer: distiluse-base-multilingual-cased-v2
22-11-19 04:02:02 - INFO - sentence_transformers.SentenceTransformer: Use pytorch device: cuda
22-11-19 04:02:02 - INFO - __main__: SBert model distiluse-base-multilingual-cased-v2 is loaded.
22-11-19 04:02:04 - INFO - __main__: Num of SBert features: 512
