22-11-07 03:56:38 - INFO - sentence_transformers.SentenceTransformer: Load pretrained SentenceTransformer: distiluse-base-multilingual-cased-v2
22-11-07 03:56:39 - INFO - sentence_transformers.SentenceTransformer: Use pytorch device: cuda
22-11-07 03:56:39 - INFO - __main__: SBert model distiluse-base-multilingual-cased-v2 is loaded.
22-11-07 03:56:41 - INFO - __main__: Num of SBert features: 512
22-11-07 03:56:42 - INFO - root: Generating sentence embeddings
22-11-07 03:56:47 - INFO - root: Generated sentence embeddings
22-11-07 03:56:47 - INFO - root: Training pytorch-MLP-nhid0-rmsprop-bs128 with (inner) 5-fold cross-validation
22-11-07 03:57:18 - INFO - root: Best param found at split 1: l2reg = 0.01                 with score 72.02
22-11-07 03:57:44 - INFO - root: Best param found at split 2: l2reg = 1e-05                 with score 70.06
22-11-07 03:58:15 - INFO - root: Best param found at split 3: l2reg = 0.01                 with score 69.72
22-11-07 03:58:47 - INFO - root: Best param found at split 4: l2reg = 0.001                 with score 70.82
22-11-07 03:59:17 - INFO - root: Best param found at split 5: l2reg = 0.001                 with score 71.41
22-11-07 03:59:19 - INFO - root: Generating sentence embeddings
22-11-07 03:59:20 - INFO - root: Generated sentence embeddings
22-11-07 03:59:20 - INFO - root: Training pytorch-MLP-nhid0-rmsprop-bs128 with (inner) 5-fold cross-validation
22-11-07 03:59:29 - INFO - root: Best param found at split 1: l2reg = 0.0001                 with score 81.49
22-11-07 03:59:41 - INFO - root: Best param found at split 2: l2reg = 1e-05                 with score 80.46
22-11-07 03:59:51 - INFO - root: Best param found at split 3: l2reg = 1e-05                 with score 79.7
22-11-07 04:00:02 - INFO - root: Best param found at split 4: l2reg = 1e-05                 with score 80.89
22-11-07 04:00:13 - INFO - root: Best param found at split 5: l2reg = 1e-05                 with score 81.09
22-11-07 04:00:13 - INFO - root: Generating sentence embeddings
22-11-07 04:00:18 - INFO - root: Generated sentence embeddings
22-11-07 04:00:18 - INFO - root: Training pytorch-MLP-nhid0-rmsprop-bs128 with (inner) 5-fold cross-validation
22-11-07 04:00:46 - INFO - root: Best param found at split 1: l2reg = 0.01                 with score 90.44
22-11-07 04:01:15 - INFO - root: Best param found at split 2: l2reg = 0.01                 with score 90.92
22-11-07 04:01:40 - INFO - root: Best param found at split 3: l2reg = 0.0001                 with score 90.69
22-11-07 04:02:07 - INFO - root: Best param found at split 4: l2reg = 0.01                 with score 90.22
22-11-07 04:02:36 - INFO - root: Best param found at split 5: l2reg = 0.01                 with score 90.25
22-11-07 04:02:38 - INFO - root: Generating sentence embeddings
22-11-07 04:02:40 - INFO - root: Generated sentence embeddings
22-11-07 04:02:40 - INFO - root: Training pytorch-MLP-nhid0-rmsprop-bs128 with (inner) 5-fold cross-validation
22-11-07 04:03:07 - INFO - root: Best param found at split 1: l2reg = 0.0001                 with score 86.66
22-11-07 04:03:35 - INFO - root: Best param found at split 2: l2reg = 1e-05                 with score 86.39
22-11-07 04:04:05 - INFO - root: Best param found at split 3: l2reg = 0.01                 with score 86.45
22-11-07 04:04:33 - INFO - root: Best param found at split 4: l2reg = 0.01                 with score 86.38
22-11-07 04:05:03 - INFO - root: Best param found at split 5: l2reg = 0.001                 with score 84.55
22-11-07 04:05:05 - INFO - root: Computing embedding for train
22-11-07 04:05:08 - INFO - root: Computed train embeddings
22-11-07 04:05:08 - INFO - root: Computing embedding for dev
22-11-07 04:05:08 - INFO - root: Computed dev embeddings
22-11-07 04:05:08 - INFO - root: Computing embedding for test
22-11-07 04:05:09 - INFO - root: Computed test embeddings
22-11-07 04:05:09 - INFO - root: Training pytorch-MLP-nhid0-rmsprop-bs128 with standard validation..
22-11-07 04:05:16 - INFO - root: [('reg:1e-05', 30.43), ('reg:0.0001', 39.24), ('reg:0.001', 38.51), ('reg:0.01', 37.51)]
22-11-07 04:05:16 - INFO - root: Validation : best param found is reg = 0.0001 with score             39.24
22-11-07 04:05:16 - INFO - root: Evaluating...
22-11-07 04:05:17 - INFO - root: ***** Transfer task : TREC *****


22-11-07 04:05:19 - INFO - root: Computed train embeddings
22-11-07 04:05:19 - INFO - root: Computed test embeddings
22-11-07 04:05:19 - INFO - root: Training pytorch-MLP-nhid0-rmsprop-bs128 with 5-fold cross-validation
22-11-07 04:05:36 - INFO - root: [('reg:1e-05', 84.45), ('reg:0.0001', 84.7), ('reg:0.001', 84.89), ('reg:0.01', 84.06)]
22-11-07 04:05:36 - INFO - root: Cross-validation : best param found is reg = 0.001             with score 84.89
22-11-07 04:05:36 - INFO - root: Evaluating...
22-11-07 04:05:37 - INFO - root: ***** Transfer task : MRPC *****


22-11-07 04:05:37 - INFO - root: Computing embedding for train
22-11-07 04:05:40 - INFO - root: Computed train embeddings
22-11-07 04:05:40 - INFO - root: Computing embedding for test
22-11-07 04:05:42 - INFO - root: Computed test embeddings
22-11-07 04:05:42 - INFO - root: Training pytorch-MLP-nhid0-rmsprop-bs128 with 5-fold cross-validation
22-11-07 04:05:53 - INFO - root: [('reg:1e-05', 73.26), ('reg:0.0001', 73.65), ('reg:0.001', 73.36), ('reg:0.01', 72.47)]
22-11-07 04:05:53 - INFO - root: Cross-validation : best param found is reg = 0.0001             with score 73.65
22-11-07 04:05:53 - INFO - root: Evaluating...
22-11-19 04:39:58 - INFO - sentence_transformers.SentenceTransformer: Load pretrained SentenceTransformer: distiluse-base-multilingual-cased-v2
22-11-19 04:40:00 - INFO - sentence_transformers.SentenceTransformer: Use pytorch device: cuda
22-11-19 04:40:00 - INFO - __main__: SBert model distiluse-base-multilingual-cased-v2 is loaded.
22-11-19 04:40:01 - INFO - __main__: Num of SBert features: 512
