22-11-07 05:32:13 - INFO - sentence_transformers.SentenceTransformer: Load pretrained SentenceTransformer: distiluse-base-multilingual-cased-v2
22-11-07 05:32:14 - INFO - sentence_transformers.SentenceTransformer: Use pytorch device: cuda
22-11-07 05:32:14 - INFO - __main__: SBert model distiluse-base-multilingual-cased-v2 is loaded.
22-11-07 05:32:16 - INFO - __main__: Num of SBert features: 512
22-11-07 05:32:17 - INFO - root: Generating sentence embeddings
22-11-07 05:32:21 - INFO - root: Generated sentence embeddings
22-11-07 05:32:21 - INFO - root: Training pytorch-MLP-nhid0-rmsprop-bs128 with (inner) 5-fold cross-validation
22-11-07 05:32:54 - INFO - root: Best param found at split 1: l2reg = 1e-05                 with score 69.6
22-11-07 05:33:16 - INFO - root: Best param found at split 2: l2reg = 0.001                 with score 69.75
22-11-07 05:33:46 - INFO - root: Best param found at split 3: l2reg = 1e-05                 with score 70.39
22-11-07 05:34:16 - INFO - root: Best param found at split 4: l2reg = 1e-05                 with score 70.6
22-11-07 05:34:46 - INFO - root: Best param found at split 5: l2reg = 0.001                 with score 70.2
22-11-07 05:34:47 - INFO - root: Generating sentence embeddings
22-11-07 05:34:49 - INFO - root: Generated sentence embeddings
22-11-07 05:34:49 - INFO - root: Training pytorch-MLP-nhid0-rmsprop-bs128 with (inner) 5-fold cross-validation
22-11-07 05:34:59 - INFO - root: Best param found at split 1: l2reg = 1e-05                 with score 81.13
22-11-07 05:35:09 - INFO - root: Best param found at split 2: l2reg = 0.001                 with score 80.46
22-11-07 05:35:20 - INFO - root: Best param found at split 3: l2reg = 0.01                 with score 81.92
22-11-07 05:35:31 - INFO - root: Best param found at split 4: l2reg = 0.001                 with score 80.46
22-11-07 05:35:41 - INFO - root: Best param found at split 5: l2reg = 1e-05                 with score 80.4
22-11-07 05:35:42 - INFO - root: Generating sentence embeddings
22-11-07 05:35:47 - INFO - root: Generated sentence embeddings
22-11-07 05:35:47 - INFO - root: Training pytorch-MLP-nhid0-rmsprop-bs128 with (inner) 5-fold cross-validation
22-11-07 05:36:12 - INFO - root: Best param found at split 1: l2reg = 0.001                 with score 90.57
22-11-07 05:36:40 - INFO - root: Best param found at split 2: l2reg = 0.01                 with score 91.06
22-11-07 05:37:10 - INFO - root: Best param found at split 3: l2reg = 0.01                 with score 91.13
22-11-07 05:37:36 - INFO - root: Best param found at split 4: l2reg = 0.001                 with score 90.88
22-11-07 05:38:04 - INFO - root: Best param found at split 5: l2reg = 1e-05                 with score 90.6
22-11-07 05:38:06 - INFO - root: Generating sentence embeddings
22-11-07 05:38:08 - INFO - root: Generated sentence embeddings
22-11-07 05:38:08 - INFO - root: Training pytorch-MLP-nhid0-rmsprop-bs128 with (inner) 5-fold cross-validation
22-11-07 05:38:32 - INFO - root: Best param found at split 1: l2reg = 1e-05                 with score 86.45
22-11-07 05:39:01 - INFO - root: Best param found at split 2: l2reg = 0.01                 with score 86.58
22-11-07 05:39:28 - INFO - root: Best param found at split 3: l2reg = 0.01                 with score 86.29
22-11-07 05:39:55 - INFO - root: Best param found at split 4: l2reg = 0.0001                 with score 86.42
22-11-07 05:40:22 - INFO - root: Best param found at split 5: l2reg = 0.01                 with score 86.03
22-11-07 05:40:24 - INFO - root: Computing embedding for train
22-11-07 05:40:27 - INFO - root: Computed train embeddings
22-11-07 05:40:27 - INFO - root: Computing embedding for dev
22-11-07 05:40:27 - INFO - root: Computed dev embeddings
22-11-07 05:40:27 - INFO - root: Computing embedding for test
22-11-07 05:40:28 - INFO - root: Computed test embeddings
22-11-07 05:40:28 - INFO - root: Training pytorch-MLP-nhid0-rmsprop-bs128 with standard validation..
22-11-07 05:40:34 - INFO - root: [('reg:1e-05', 36.06), ('reg:0.0001', 39.24), ('reg:0.001', 34.97), ('reg:0.01', 37.24)]
22-11-07 05:40:34 - INFO - root: Validation : best param found is reg = 0.0001 with score             39.24
22-11-07 05:40:34 - INFO - root: Evaluating...
22-11-07 05:40:35 - INFO - root: ***** Transfer task : TREC *****


22-11-07 05:40:37 - INFO - root: Computed train embeddings
22-11-07 05:40:37 - INFO - root: Computed test embeddings
22-11-07 05:40:37 - INFO - root: Training pytorch-MLP-nhid0-rmsprop-bs128 with 5-fold cross-validation
22-11-07 05:40:54 - INFO - root: [('reg:1e-05', 85.0), ('reg:0.0001', 83.38), ('reg:0.001', 85.22), ('reg:0.01', 81.53)]
22-11-07 05:40:54 - INFO - root: Cross-validation : best param found is reg = 0.001             with score 85.22
22-11-07 05:40:54 - INFO - root: Evaluating...
22-11-07 05:40:55 - INFO - root: ***** Transfer task : MRPC *****


22-11-07 05:40:55 - INFO - root: Computing embedding for train
22-11-07 05:40:59 - INFO - root: Computed train embeddings
22-11-07 05:40:59 - INFO - root: Computing embedding for test
22-11-07 05:41:00 - INFO - root: Computed test embeddings
22-11-07 05:41:00 - INFO - root: Training pytorch-MLP-nhid0-rmsprop-bs128 with 5-fold cross-validation
22-11-07 05:41:13 - INFO - root: [('reg:1e-05', 73.4), ('reg:0.0001', 73.67), ('reg:0.001', 73.23), ('reg:0.01', 71.81)]
22-11-07 05:41:13 - INFO - root: Cross-validation : best param found is reg = 0.0001             with score 73.67
22-11-07 05:41:13 - INFO - root: Evaluating...
