22-11-07 08:13:34 - INFO - sentence_transformers.SentenceTransformer: Load pretrained SentenceTransformer: distiluse-base-multilingual-cased-v2
22-11-07 08:13:35 - INFO - sentence_transformers.SentenceTransformer: Use pytorch device: cuda
22-11-07 08:13:35 - INFO - __main__: SBert model distiluse-base-multilingual-cased-v2 is loaded.
22-11-07 08:13:37 - INFO - __main__: Num of SBert features: 512
22-11-07 08:13:38 - INFO - root: Generating sentence embeddings
22-11-07 08:13:42 - INFO - root: Generated sentence embeddings
22-11-07 08:13:42 - INFO - root: Training pytorch-MLP-nhid0-rmsprop-bs128 with (inner) 5-fold cross-validation
22-11-07 08:14:11 - INFO - root: Best param found at split 1: l2reg = 0.0001                 with score 68.94
22-11-07 08:14:39 - INFO - root: Best param found at split 2: l2reg = 0.001                 with score 69.56
22-11-07 08:15:06 - INFO - root: Best param found at split 3: l2reg = 0.001                 with score 69.88
22-11-07 08:15:32 - INFO - root: Best param found at split 4: l2reg = 0.001                 with score 71.2
22-11-07 08:16:00 - INFO - root: Best param found at split 5: l2reg = 0.001                 with score 70.81
22-11-07 08:16:02 - INFO - root: Generating sentence embeddings
22-11-07 08:16:04 - INFO - root: Generated sentence embeddings
22-11-07 08:16:04 - INFO - root: Training pytorch-MLP-nhid0-rmsprop-bs128 with (inner) 5-fold cross-validation
22-11-07 08:16:14 - INFO - root: Best param found at split 1: l2reg = 0.001                 with score 82.45
22-11-07 08:16:26 - INFO - root: Best param found at split 2: l2reg = 1e-05                 with score 81.89
22-11-07 08:16:37 - INFO - root: Best param found at split 3: l2reg = 1e-05                 with score 82.25
22-11-07 08:16:49 - INFO - root: Best param found at split 4: l2reg = 0.0001                 with score 80.43
22-11-07 08:17:01 - INFO - root: Best param found at split 5: l2reg = 0.01                 with score 81.16
22-11-07 08:17:01 - INFO - root: Generating sentence embeddings
22-11-07 08:17:06 - INFO - root: Generated sentence embeddings
22-11-07 08:17:06 - INFO - root: Training pytorch-MLP-nhid0-rmsprop-bs128 with (inner) 5-fold cross-validation
22-11-07 08:17:31 - INFO - root: Best param found at split 1: l2reg = 0.01                 with score 91.2
22-11-07 08:18:00 - INFO - root: Best param found at split 2: l2reg = 1e-05                 with score 91.02
22-11-07 08:18:28 - INFO - root: Best param found at split 3: l2reg = 0.001                 with score 91.3
22-11-07 08:18:55 - INFO - root: Best param found at split 4: l2reg = 0.001                 with score 91.2
22-11-07 08:19:23 - INFO - root: Best param found at split 5: l2reg = 0.01                 with score 90.88
22-11-07 08:19:25 - INFO - root: Generating sentence embeddings
22-11-07 08:19:28 - INFO - root: Generated sentence embeddings
22-11-07 08:19:28 - INFO - root: Training pytorch-MLP-nhid0-rmsprop-bs128 with (inner) 5-fold cross-validation
22-11-07 08:19:53 - INFO - root: Best param found at split 1: l2reg = 0.0001                 with score 86.41
22-11-07 08:20:22 - INFO - root: Best param found at split 2: l2reg = 0.001                 with score 86.93
22-11-07 08:20:52 - INFO - root: Best param found at split 3: l2reg = 1e-05                 with score 87.13
22-11-07 08:21:20 - INFO - root: Best param found at split 4: l2reg = 0.0001                 with score 86.74
22-11-07 08:21:51 - INFO - root: Best param found at split 5: l2reg = 0.0001                 with score 85.77
22-11-07 08:21:52 - INFO - root: Computing embedding for train
22-11-07 08:21:56 - INFO - root: Computed train embeddings
22-11-07 08:21:56 - INFO - root: Computing embedding for dev
22-11-07 08:21:56 - INFO - root: Computed dev embeddings
22-11-07 08:21:56 - INFO - root: Computing embedding for test
22-11-07 08:21:57 - INFO - root: Computed test embeddings
22-11-07 08:21:57 - INFO - root: Training pytorch-MLP-nhid0-rmsprop-bs128 with standard validation..
22-11-07 08:22:04 - INFO - root: [('reg:1e-05', 38.42), ('reg:0.0001', 38.87), ('reg:0.001', 34.24), ('reg:0.01', 37.87)]
22-11-07 08:22:04 - INFO - root: Validation : best param found is reg = 0.0001 with score             38.87
22-11-07 08:22:04 - INFO - root: Evaluating...
22-11-07 08:22:05 - INFO - root: ***** Transfer task : TREC *****


22-11-07 08:22:07 - INFO - root: Computed train embeddings
22-11-07 08:22:07 - INFO - root: Computed test embeddings
22-11-07 08:22:07 - INFO - root: Training pytorch-MLP-nhid0-rmsprop-bs128 with 5-fold cross-validation
22-11-07 08:22:25 - INFO - root: [('reg:1e-05', 84.96), ('reg:0.0001', 84.68), ('reg:0.001', 85.55), ('reg:0.01', 79.94)]
22-11-07 08:22:25 - INFO - root: Cross-validation : best param found is reg = 0.001             with score 85.55
22-11-07 08:22:25 - INFO - root: Evaluating...
22-11-07 08:22:26 - INFO - root: ***** Transfer task : MRPC *****


22-11-07 08:22:26 - INFO - root: Computing embedding for train
22-11-07 08:22:29 - INFO - root: Computed train embeddings
22-11-07 08:22:29 - INFO - root: Computing embedding for test
22-11-07 08:22:31 - INFO - root: Computed test embeddings
22-11-07 08:22:31 - INFO - root: Training pytorch-MLP-nhid0-rmsprop-bs128 with 5-fold cross-validation
22-11-07 08:22:43 - INFO - root: [('reg:1e-05', 74.19), ('reg:0.0001', 73.23), ('reg:0.001', 73.09), ('reg:0.01', 72.84)]
22-11-07 08:22:43 - INFO - root: Cross-validation : best param found is reg = 1e-05             with score 74.19
22-11-07 08:22:43 - INFO - root: Evaluating...
