22-11-06 20:58:05 - INFO - sentence_transformers.SentenceTransformer: Load pretrained SentenceTransformer: distiluse-base-multilingual-cased-v2
22-11-06 20:58:06 - INFO - sentence_transformers.SentenceTransformer: Use pytorch device: cuda
22-11-06 20:58:06 - INFO - __main__: SBert model distiluse-base-multilingual-cased-v2 is loaded.
22-11-06 20:58:08 - INFO - __main__: Num of SBert features: 512
22-11-06 20:58:09 - INFO - root: Generating sentence embeddings
22-11-06 20:58:13 - INFO - root: Generated sentence embeddings
22-11-06 20:58:13 - INFO - root: Training pytorch-MLP-nhid0-rmsprop-bs128 with (inner) 5-fold cross-validation
22-11-06 20:58:42 - INFO - root: Best param found at split 1: l2reg = 0.01                 with score 70.03
22-11-06 20:59:11 - INFO - root: Best param found at split 2: l2reg = 0.0001                 with score 69.06
22-11-06 20:59:42 - INFO - root: Best param found at split 3: l2reg = 0.01                 with score 71.14
22-11-06 21:00:07 - INFO - root: Best param found at split 4: l2reg = 0.0001                 with score 69.75
22-11-06 21:00:37 - INFO - root: Best param found at split 5: l2reg = 0.01                 with score 68.7
22-11-06 21:00:38 - INFO - root: Generating sentence embeddings
22-11-06 21:00:39 - INFO - root: Generated sentence embeddings
22-11-06 21:00:39 - INFO - root: Training pytorch-MLP-nhid0-rmsprop-bs128 with (inner) 5-fold cross-validation
22-11-06 21:00:49 - INFO - root: Best param found at split 1: l2reg = 0.001                 with score 80.5
22-11-06 21:01:00 - INFO - root: Best param found at split 2: l2reg = 0.001                 with score 79.74
22-11-06 21:01:10 - INFO - root: Best param found at split 3: l2reg = 1e-05                 with score 80.43
22-11-06 21:01:20 - INFO - root: Best param found at split 4: l2reg = 1e-05                 with score 79.5
22-11-06 21:01:30 - INFO - root: Best param found at split 5: l2reg = 0.01                 with score 80.1
22-11-06 21:01:31 - INFO - root: Generating sentence embeddings
22-11-06 21:01:35 - INFO - root: Generated sentence embeddings
22-11-06 21:01:35 - INFO - root: Training pytorch-MLP-nhid0-rmsprop-bs128 with (inner) 5-fold cross-validation
22-11-06 21:02:01 - INFO - root: Best param found at split 1: l2reg = 0.01                 with score 89.44
22-11-06 21:02:28 - INFO - root: Best param found at split 2: l2reg = 0.0001                 with score 89.6
22-11-06 21:02:56 - INFO - root: Best param found at split 3: l2reg = 0.001                 with score 89.65
22-11-06 21:03:23 - INFO - root: Best param found at split 4: l2reg = 1e-05                 with score 89.39
22-11-06 21:03:52 - INFO - root: Best param found at split 5: l2reg = 0.001                 with score 89.2
22-11-06 21:03:54 - INFO - root: Generating sentence embeddings
22-11-06 21:03:56 - INFO - root: Generated sentence embeddings
22-11-06 21:03:56 - INFO - root: Training pytorch-MLP-nhid0-rmsprop-bs128 with (inner) 5-fold cross-validation
22-11-06 21:04:22 - INFO - root: Best param found at split 1: l2reg = 1e-05                 with score 85.05
22-11-06 21:04:50 - INFO - root: Best param found at split 2: l2reg = 0.01                 with score 85.44
22-11-06 21:05:20 - INFO - root: Best param found at split 3: l2reg = 1e-05                 with score 84.96
22-11-06 21:05:47 - INFO - root: Best param found at split 4: l2reg = 0.01                 with score 84.12
22-11-06 21:06:18 - INFO - root: Best param found at split 5: l2reg = 0.001                 with score 84.49
22-11-06 21:06:20 - INFO - root: Computing embedding for train
22-11-06 21:06:24 - INFO - root: Computed train embeddings
22-11-06 21:06:24 - INFO - root: Computing embedding for dev
22-11-06 21:06:24 - INFO - root: Computed dev embeddings
22-11-06 21:06:24 - INFO - root: Computing embedding for test
22-11-06 21:06:25 - INFO - root: Computed test embeddings
22-11-06 21:06:25 - INFO - root: Training pytorch-MLP-nhid0-rmsprop-bs128 with standard validation..
22-11-06 21:06:31 - INFO - root: [('reg:1e-05', 37.51), ('reg:0.0001', 36.24), ('reg:0.001', 38.96), ('reg:0.01', 39.87)]
22-11-06 21:06:31 - INFO - root: Validation : best param found is reg = 0.01 with score             39.87
22-11-06 21:06:31 - INFO - root: Evaluating...
22-11-06 21:06:33 - INFO - root: ***** Transfer task : TREC *****


22-11-06 21:06:34 - INFO - root: Computed train embeddings
22-11-06 21:06:34 - INFO - root: Computed test embeddings
22-11-06 21:06:34 - INFO - root: Training pytorch-MLP-nhid0-rmsprop-bs128 with 5-fold cross-validation
22-11-06 21:06:51 - INFO - root: [('reg:1e-05', 80.3), ('reg:0.0001', 80.14), ('reg:0.001', 80.96), ('reg:0.01', 77.95)]
22-11-06 21:06:51 - INFO - root: Cross-validation : best param found is reg = 0.001             with score 80.96
22-11-06 21:06:51 - INFO - root: Evaluating...
22-11-06 21:06:52 - INFO - root: ***** Transfer task : MRPC *****


22-11-06 21:06:52 - INFO - root: Computing embedding for train
22-11-06 21:06:56 - INFO - root: Computed train embeddings
22-11-06 21:06:56 - INFO - root: Computing embedding for test
22-11-06 21:06:57 - INFO - root: Computed test embeddings
22-11-06 21:06:57 - INFO - root: Training pytorch-MLP-nhid0-rmsprop-bs128 with 5-fold cross-validation
22-11-06 21:07:10 - INFO - root: [('reg:1e-05', 72.28), ('reg:0.0001', 72.18), ('reg:0.001', 72.06), ('reg:0.01', 72.6)]
22-11-06 21:07:10 - INFO - root: Cross-validation : best param found is reg = 0.01             with score 72.6
22-11-06 21:07:10 - INFO - root: Evaluating...
