22-11-07 07:07:54 - INFO - sentence_transformers.SentenceTransformer: Load pretrained SentenceTransformer: distiluse-base-multilingual-cased-v2
22-11-07 07:07:55 - INFO - sentence_transformers.SentenceTransformer: Use pytorch device: cuda
22-11-07 07:07:55 - INFO - __main__: SBert model distiluse-base-multilingual-cased-v2 is loaded.
22-11-07 07:07:57 - INFO - __main__: Num of SBert features: 512
22-11-07 07:07:58 - INFO - root: Generating sentence embeddings
22-11-07 07:08:03 - INFO - root: Generated sentence embeddings
22-11-07 07:08:03 - INFO - root: Training pytorch-MLP-nhid0-rmsprop-bs128 with (inner) 5-fold cross-validation
22-11-07 07:08:33 - INFO - root: Best param found at split 1: l2reg = 0.01                 with score 71.78
22-11-07 07:09:01 - INFO - root: Best param found at split 2: l2reg = 0.001                 with score 72.05
22-11-07 07:09:29 - INFO - root: Best param found at split 3: l2reg = 1e-05                 with score 70.73
22-11-07 07:09:56 - INFO - root: Best param found at split 4: l2reg = 0.001                 with score 70.36
22-11-07 07:10:28 - INFO - root: Best param found at split 5: l2reg = 0.001                 with score 71.71
22-11-07 07:10:29 - INFO - root: Generating sentence embeddings
22-11-07 07:10:31 - INFO - root: Generated sentence embeddings
22-11-07 07:10:31 - INFO - root: Training pytorch-MLP-nhid0-rmsprop-bs128 with (inner) 5-fold cross-validation
22-11-07 07:10:41 - INFO - root: Best param found at split 1: l2reg = 0.01                 with score 81.09
22-11-07 07:10:52 - INFO - root: Best param found at split 2: l2reg = 1e-05                 with score 81.13
22-11-07 07:11:02 - INFO - root: Best param found at split 3: l2reg = 0.001                 with score 81.42
22-11-07 07:11:13 - INFO - root: Best param found at split 4: l2reg = 1e-05                 with score 80.36
22-11-07 07:11:24 - INFO - root: Best param found at split 5: l2reg = 0.001                 with score 80.53
22-11-07 07:11:25 - INFO - root: Generating sentence embeddings
22-11-07 07:11:30 - INFO - root: Generated sentence embeddings
22-11-07 07:11:30 - INFO - root: Training pytorch-MLP-nhid0-rmsprop-bs128 with (inner) 5-fold cross-validation
22-11-07 07:11:54 - INFO - root: Best param found at split 1: l2reg = 0.0001                 with score 90.68
22-11-07 07:12:21 - INFO - root: Best param found at split 2: l2reg = 0.01                 with score 91.25
22-11-07 07:12:48 - INFO - root: Best param found at split 3: l2reg = 0.01                 with score 91.1
22-11-07 07:13:15 - INFO - root: Best param found at split 4: l2reg = 1e-05                 with score 90.72
22-11-07 07:13:44 - INFO - root: Best param found at split 5: l2reg = 0.01                 with score 90.44
22-11-07 07:13:45 - INFO - root: Generating sentence embeddings
22-11-07 07:13:48 - INFO - root: Generated sentence embeddings
22-11-07 07:13:48 - INFO - root: Training pytorch-MLP-nhid0-rmsprop-bs128 with (inner) 5-fold cross-validation
22-11-07 07:14:12 - INFO - root: Best param found at split 1: l2reg = 0.001                 with score 86.4
22-11-07 07:14:41 - INFO - root: Best param found at split 2: l2reg = 0.001                 with score 86.89
22-11-07 07:15:09 - INFO - root: Best param found at split 3: l2reg = 1e-05                 with score 86.59
22-11-07 07:15:38 - INFO - root: Best param found at split 4: l2reg = 0.01                 with score 86.65
22-11-07 07:16:07 - INFO - root: Best param found at split 5: l2reg = 0.01                 with score 83.21
22-11-07 07:16:08 - INFO - root: Computing embedding for train
22-11-07 07:16:12 - INFO - root: Computed train embeddings
22-11-07 07:16:12 - INFO - root: Computing embedding for dev
22-11-07 07:16:12 - INFO - root: Computed dev embeddings
22-11-07 07:16:12 - INFO - root: Computing embedding for test
22-11-07 07:16:13 - INFO - root: Computed test embeddings
22-11-07 07:16:13 - INFO - root: Training pytorch-MLP-nhid0-rmsprop-bs128 with standard validation..
22-11-07 07:16:20 - INFO - root: [('reg:1e-05', 37.24), ('reg:0.0001', 38.42), ('reg:0.001', 39.6), ('reg:0.01', 38.69)]
22-11-07 07:16:20 - INFO - root: Validation : best param found is reg = 0.001 with score             39.6
22-11-07 07:16:20 - INFO - root: Evaluating...
22-11-07 07:16:22 - INFO - root: ***** Transfer task : TREC *****


22-11-07 07:16:24 - INFO - root: Computed train embeddings
22-11-07 07:16:24 - INFO - root: Computed test embeddings
22-11-07 07:16:24 - INFO - root: Training pytorch-MLP-nhid0-rmsprop-bs128 with 5-fold cross-validation
22-11-07 07:16:41 - INFO - root: [('reg:1e-05', 83.84), ('reg:0.0001', 82.94), ('reg:0.001', 84.87), ('reg:0.01', 82.1)]
22-11-07 07:16:41 - INFO - root: Cross-validation : best param found is reg = 0.001             with score 84.87
22-11-07 07:16:41 - INFO - root: Evaluating...
22-11-07 07:16:42 - INFO - root: ***** Transfer task : MRPC *****


22-11-07 07:16:42 - INFO - root: Computing embedding for train
22-11-07 07:16:45 - INFO - root: Computed train embeddings
22-11-07 07:16:45 - INFO - root: Computing embedding for test
22-11-07 07:16:47 - INFO - root: Computed test embeddings
22-11-07 07:16:47 - INFO - root: Training pytorch-MLP-nhid0-rmsprop-bs128 with 5-fold cross-validation
22-11-07 07:17:00 - INFO - root: [('reg:1e-05', 74.26), ('reg:0.0001', 74.17), ('reg:0.001', 74.31), ('reg:0.01', 75.02)]
22-11-07 07:17:00 - INFO - root: Cross-validation : best param found is reg = 0.01             with score 75.02
22-11-07 07:17:00 - INFO - root: Evaluating...
