22-11-06 17:27:51 - INFO - sentence_transformers.SentenceTransformer: Load pretrained SentenceTransformer: distiluse-base-multilingual-cased-v2
22-11-06 17:27:52 - INFO - sentence_transformers.SentenceTransformer: Use pytorch device: cuda
22-11-06 17:27:52 - INFO - __main__: SBert model distiluse-base-multilingual-cased-v2 is loaded.
22-11-06 17:27:54 - INFO - __main__: Num of SBert features: 512
22-11-06 17:27:55 - INFO - root: Generating sentence embeddings
22-11-06 17:28:00 - INFO - root: Generated sentence embeddings
22-11-06 17:28:00 - INFO - root: Training pytorch-MLP-nhid0-rmsprop-bs128 with (inner) 5-fold cross-validation
22-11-06 17:28:29 - INFO - root: Best param found at split 1: l2reg = 1e-05                 with score 70.44
22-11-06 17:28:58 - INFO - root: Best param found at split 2: l2reg = 1e-05                 with score 69.54
22-11-06 17:29:26 - INFO - root: Best param found at split 3: l2reg = 0.001                 with score 69.25
22-11-06 17:29:55 - INFO - root: Best param found at split 4: l2reg = 1e-05                 with score 68.93
22-11-06 17:30:27 - INFO - root: Best param found at split 5: l2reg = 0.0001                 with score 69.09
22-11-06 17:30:28 - INFO - root: Generating sentence embeddings
22-11-06 17:30:30 - INFO - root: Generated sentence embeddings
22-11-06 17:30:30 - INFO - root: Training pytorch-MLP-nhid0-rmsprop-bs128 with (inner) 5-fold cross-validation
22-11-06 17:30:41 - INFO - root: Best param found at split 1: l2reg = 0.001                 with score 79.3
22-11-06 17:30:51 - INFO - root: Best param found at split 2: l2reg = 0.0001                 with score 79.9
22-11-06 17:31:02 - INFO - root: Best param found at split 3: l2reg = 0.0001                 with score 79.8
22-11-06 17:31:12 - INFO - root: Best param found at split 4: l2reg = 1e-05                 with score 78.61
22-11-06 17:31:23 - INFO - root: Best param found at split 5: l2reg = 0.0001                 with score 78.94
22-11-06 17:31:24 - INFO - root: Generating sentence embeddings
22-11-06 17:31:28 - INFO - root: Generated sentence embeddings
22-11-06 17:31:28 - INFO - root: Training pytorch-MLP-nhid0-rmsprop-bs128 with (inner) 5-fold cross-validation
22-11-06 17:31:53 - INFO - root: Best param found at split 1: l2reg = 0.01                 with score 90.11
22-11-06 17:32:20 - INFO - root: Best param found at split 2: l2reg = 0.01                 with score 90.0
22-11-06 17:32:49 - INFO - root: Best param found at split 3: l2reg = 1e-05                 with score 89.82
22-11-06 17:33:14 - INFO - root: Best param found at split 4: l2reg = 1e-05                 with score 89.18
22-11-06 17:33:40 - INFO - root: Best param found at split 5: l2reg = 0.01                 with score 89.6
22-11-06 17:33:42 - INFO - root: Generating sentence embeddings
22-11-06 17:33:44 - INFO - root: Generated sentence embeddings
22-11-06 17:33:44 - INFO - root: Training pytorch-MLP-nhid0-rmsprop-bs128 with (inner) 5-fold cross-validation
22-11-06 17:34:06 - INFO - root: Best param found at split 1: l2reg = 0.01                 with score 85.05
22-11-06 17:34:35 - INFO - root: Best param found at split 2: l2reg = 0.01                 with score 85.47
22-11-06 17:35:02 - INFO - root: Best param found at split 3: l2reg = 0.01                 with score 85.46
22-11-06 17:35:33 - INFO - root: Best param found at split 4: l2reg = 0.0001                 with score 85.02
22-11-06 17:36:03 - INFO - root: Best param found at split 5: l2reg = 0.01                 with score 84.6
22-11-06 17:36:05 - INFO - root: Computing embedding for train
22-11-06 17:36:08 - INFO - root: Computed train embeddings
22-11-06 17:36:08 - INFO - root: Computing embedding for dev
22-11-06 17:36:09 - INFO - root: Computed dev embeddings
22-11-06 17:36:09 - INFO - root: Computing embedding for test
22-11-06 17:36:10 - INFO - root: Computed test embeddings
22-11-06 17:36:10 - INFO - root: Training pytorch-MLP-nhid0-rmsprop-bs128 with standard validation..
22-11-06 17:36:16 - INFO - root: [('reg:1e-05', 39.78), ('reg:0.0001', 39.42), ('reg:0.001', 39.15), ('reg:0.01', 38.78)]
22-11-06 17:36:16 - INFO - root: Validation : best param found is reg = 1e-05 with score             39.78
22-11-06 17:36:16 - INFO - root: Evaluating...
22-11-06 17:36:17 - INFO - root: ***** Transfer task : TREC *****


22-11-06 17:36:19 - INFO - root: Computed train embeddings
22-11-06 17:36:19 - INFO - root: Computed test embeddings
22-11-06 17:36:19 - INFO - root: Training pytorch-MLP-nhid0-rmsprop-bs128 with 5-fold cross-validation
22-11-06 17:36:38 - INFO - root: [('reg:1e-05', 81.53), ('reg:0.0001', 81.42), ('reg:0.001', 81.6), ('reg:0.01', 79.29)]
22-11-06 17:36:38 - INFO - root: Cross-validation : best param found is reg = 0.001             with score 81.6
22-11-06 17:36:38 - INFO - root: Evaluating...
22-11-06 17:36:39 - INFO - root: ***** Transfer task : MRPC *****


22-11-06 17:36:39 - INFO - root: Computing embedding for train
22-11-06 17:36:42 - INFO - root: Computed train embeddings
22-11-06 17:36:42 - INFO - root: Computing embedding for test
22-11-06 17:36:44 - INFO - root: Computed test embeddings
22-11-06 17:36:44 - INFO - root: Training pytorch-MLP-nhid0-rmsprop-bs128 with 5-fold cross-validation
22-11-06 17:36:56 - INFO - root: [('reg:1e-05', 72.25), ('reg:0.0001', 72.52), ('reg:0.001', 72.37), ('reg:0.01', 72.84)]
22-11-06 17:36:56 - INFO - root: Cross-validation : best param found is reg = 0.01             with score 72.84
22-11-06 17:36:56 - INFO - root: Evaluating...
22-11-19 00:20:58 - INFO - sentence_transformers.SentenceTransformer: Load pretrained SentenceTransformer: distiluse-base-multilingual-cased-v2
22-11-19 00:21:00 - INFO - sentence_transformers.SentenceTransformer: Use pytorch device: cuda
22-11-19 00:21:00 - INFO - __main__: SBert model distiluse-base-multilingual-cased-v2 is loaded.
22-11-19 00:21:02 - INFO - __main__: Num of SBert features: 512
