22-11-06 09:08:28 - INFO - sentence_transformers.SentenceTransformer: Load pretrained SentenceTransformer: distiluse-base-multilingual-cased-v2
22-11-06 09:08:29 - INFO - sentence_transformers.SentenceTransformer: Use pytorch device: cuda
22-11-06 09:08:29 - INFO - __main__: SBert model distiluse-base-multilingual-cased-v2 is loaded.
22-11-06 09:08:31 - INFO - __main__: Num of SBert features: 512
22-11-06 09:08:32 - INFO - root: Generating sentence embeddings
22-11-06 09:08:36 - INFO - root: Generated sentence embeddings
22-11-06 09:08:36 - INFO - root: Training pytorch-MLP-nhid0-rmsprop-bs128 with (inner) 5-fold cross-validation
22-11-06 09:09:09 - INFO - root: Best param found at split 1: l2reg = 0.001                 with score 69.28
22-11-06 09:09:39 - INFO - root: Best param found at split 2: l2reg = 0.0001                 with score 68.79
22-11-06 09:10:06 - INFO - root: Best param found at split 3: l2reg = 0.01                 with score 68.84
22-11-06 09:10:36 - INFO - root: Best param found at split 4: l2reg = 0.001                 with score 68.84
22-11-06 09:11:05 - INFO - root: Best param found at split 5: l2reg = 0.001                 with score 68.87
22-11-06 09:11:07 - INFO - root: Generating sentence embeddings
22-11-06 09:11:08 - INFO - root: Generated sentence embeddings
22-11-06 09:11:08 - INFO - root: Training pytorch-MLP-nhid0-rmsprop-bs128 with (inner) 5-fold cross-validation
22-11-06 09:11:17 - INFO - root: Best param found at split 1: l2reg = 0.001                 with score 76.75
22-11-06 09:11:27 - INFO - root: Best param found at split 2: l2reg = 0.01                 with score 77.52
22-11-06 09:11:37 - INFO - root: Best param found at split 3: l2reg = 0.01                 with score 76.66
22-11-06 09:11:48 - INFO - root: Best param found at split 4: l2reg = 0.01                 with score 76.85
22-11-06 09:11:58 - INFO - root: Best param found at split 5: l2reg = 0.0001                 with score 75.7
22-11-06 09:11:58 - INFO - root: Generating sentence embeddings
22-11-06 09:12:03 - INFO - root: Generated sentence embeddings
22-11-06 09:12:03 - INFO - root: Training pytorch-MLP-nhid0-rmsprop-bs128 with (inner) 5-fold cross-validation
22-11-06 09:12:28 - INFO - root: Best param found at split 1: l2reg = 0.001                 with score 87.21
22-11-06 09:12:55 - INFO - root: Best param found at split 2: l2reg = 0.0001                 with score 87.82
22-11-06 09:13:21 - INFO - root: Best param found at split 3: l2reg = 0.001                 with score 87.4
22-11-06 09:13:48 - INFO - root: Best param found at split 4: l2reg = 0.001                 with score 87.26
22-11-06 09:14:13 - INFO - root: Best param found at split 5: l2reg = 0.01                 with score 86.91
22-11-06 09:14:14 - INFO - root: Generating sentence embeddings
22-11-06 09:14:17 - INFO - root: Generated sentence embeddings
22-11-06 09:14:17 - INFO - root: Training pytorch-MLP-nhid0-rmsprop-bs128 with (inner) 5-fold cross-validation
22-11-06 09:14:40 - INFO - root: Best param found at split 1: l2reg = 1e-05                 with score 84.38
22-11-06 09:15:10 - INFO - root: Best param found at split 2: l2reg = 1e-05                 with score 84.17
22-11-06 09:15:39 - INFO - root: Best param found at split 3: l2reg = 0.01                 with score 85.08
22-11-06 09:16:10 - INFO - root: Best param found at split 4: l2reg = 0.01                 with score 84.55
22-11-06 09:16:39 - INFO - root: Best param found at split 5: l2reg = 0.001                 with score 84.68
22-11-06 09:16:41 - INFO - root: Computing embedding for train
22-11-06 09:16:45 - INFO - root: Computed train embeddings
22-11-06 09:16:45 - INFO - root: Computing embedding for dev
22-11-06 09:16:45 - INFO - root: Computed dev embeddings
22-11-06 09:16:45 - INFO - root: Computing embedding for test
22-11-06 09:16:46 - INFO - root: Computed test embeddings
22-11-06 09:16:46 - INFO - root: Training pytorch-MLP-nhid0-rmsprop-bs128 with standard validation..
22-11-06 09:16:53 - INFO - root: [('reg:1e-05', 37.42), ('reg:0.0001', 37.51), ('reg:0.001', 37.42), ('reg:0.01', 37.51)]
22-11-06 09:16:53 - INFO - root: Validation : best param found is reg = 0.0001 with score             37.51
22-11-06 09:16:53 - INFO - root: Evaluating...
22-11-06 09:16:55 - INFO - root: ***** Transfer task : TREC *****


22-11-06 09:16:56 - INFO - root: Computed train embeddings
22-11-06 09:16:56 - INFO - root: Computed test embeddings
22-11-06 09:16:56 - INFO - root: Training pytorch-MLP-nhid0-rmsprop-bs128 with 5-fold cross-validation
22-11-06 09:17:14 - INFO - root: [('reg:1e-05', 78.61), ('reg:0.0001', 78.58), ('reg:0.001', 78.43), ('reg:0.01', 76.71)]
22-11-06 09:17:14 - INFO - root: Cross-validation : best param found is reg = 1e-05             with score 78.61
22-11-06 09:17:14 - INFO - root: Evaluating...
22-11-06 09:17:15 - INFO - root: ***** Transfer task : MRPC *****


22-11-06 09:17:15 - INFO - root: Computing embedding for train
22-11-06 09:17:19 - INFO - root: Computed train embeddings
22-11-06 09:17:19 - INFO - root: Computing embedding for test
22-11-06 09:17:20 - INFO - root: Computed test embeddings
22-11-06 09:17:20 - INFO - root: Training pytorch-MLP-nhid0-rmsprop-bs128 with 5-fold cross-validation
22-11-06 09:17:35 - INFO - root: [('reg:1e-05', 72.13), ('reg:0.0001', 72.18), ('reg:0.001', 72.01), ('reg:0.01', 71.83)]
22-11-06 09:17:35 - INFO - root: Cross-validation : best param found is reg = 0.0001             with score 72.18
22-11-06 09:17:35 - INFO - root: Evaluating...
22-11-18 20:57:26 - INFO - sentence_transformers.SentenceTransformer: Load pretrained SentenceTransformer: distiluse-base-multilingual-cased-v2
22-11-18 20:57:27 - INFO - sentence_transformers.SentenceTransformer: Use pytorch device: cuda
22-11-18 20:57:27 - INFO - __main__: SBert model distiluse-base-multilingual-cased-v2 is loaded.
22-11-18 20:57:29 - INFO - __main__: Num of SBert features: 512
