22-11-06 12:43:35 - INFO - sentence_transformers.SentenceTransformer: Load pretrained SentenceTransformer: distiluse-base-multilingual-cased-v2
22-11-06 12:43:36 - INFO - sentence_transformers.SentenceTransformer: Use pytorch device: cuda
22-11-06 12:43:36 - INFO - __main__: SBert model distiluse-base-multilingual-cased-v2 is loaded.
22-11-06 12:43:39 - INFO - __main__: Num of SBert features: 512
22-11-06 12:43:40 - INFO - root: Generating sentence embeddings
22-11-06 12:43:44 - INFO - root: Generated sentence embeddings
22-11-06 12:43:44 - INFO - root: Training pytorch-MLP-nhid0-rmsprop-bs128 with (inner) 5-fold cross-validation
22-11-06 12:44:13 - INFO - root: Best param found at split 1: l2reg = 0.0001                 with score 67.99
22-11-06 12:44:46 - INFO - root: Best param found at split 2: l2reg = 0.01                 with score 69.01
22-11-06 12:45:16 - INFO - root: Best param found at split 3: l2reg = 0.001                 with score 69.17
22-11-06 12:45:46 - INFO - root: Best param found at split 4: l2reg = 0.01                 with score 69.07
22-11-06 12:46:16 - INFO - root: Best param found at split 5: l2reg = 0.01                 with score 68.09
22-11-06 12:46:18 - INFO - root: Generating sentence embeddings
22-11-06 12:46:19 - INFO - root: Generated sentence embeddings
22-11-06 12:46:19 - INFO - root: Training pytorch-MLP-nhid0-rmsprop-bs128 with (inner) 5-fold cross-validation
22-11-06 12:46:28 - INFO - root: Best param found at split 1: l2reg = 0.01                 with score 79.64
22-11-06 12:46:38 - INFO - root: Best param found at split 2: l2reg = 1e-05                 with score 78.71
22-11-06 12:46:49 - INFO - root: Best param found at split 3: l2reg = 0.01                 with score 78.44
22-11-06 12:46:58 - INFO - root: Best param found at split 4: l2reg = 0.01                 with score 78.71
22-11-06 12:47:09 - INFO - root: Best param found at split 5: l2reg = 0.01                 with score 79.67
22-11-06 12:47:10 - INFO - root: Generating sentence embeddings
22-11-06 12:47:14 - INFO - root: Generated sentence embeddings
22-11-06 12:47:14 - INFO - root: Training pytorch-MLP-nhid0-rmsprop-bs128 with (inner) 5-fold cross-validation
22-11-06 12:47:37 - INFO - root: Best param found at split 1: l2reg = 0.001                 with score 87.24
22-11-06 12:48:01 - INFO - root: Best param found at split 2: l2reg = 0.001                 with score 87.9
22-11-06 12:48:25 - INFO - root: Best param found at split 3: l2reg = 0.001                 with score 87.2
22-11-06 12:48:51 - INFO - root: Best param found at split 4: l2reg = 0.01                 with score 87.39
22-11-06 12:49:18 - INFO - root: Best param found at split 5: l2reg = 0.01                 with score 86.98
22-11-06 12:49:19 - INFO - root: Generating sentence embeddings
22-11-06 12:49:22 - INFO - root: Generated sentence embeddings
22-11-06 12:49:22 - INFO - root: Training pytorch-MLP-nhid0-rmsprop-bs128 with (inner) 5-fold cross-validation
22-11-06 12:49:49 - INFO - root: Best param found at split 1: l2reg = 0.01                 with score 84.24
22-11-06 12:50:18 - INFO - root: Best param found at split 2: l2reg = 1e-05                 with score 83.62
22-11-06 12:50:49 - INFO - root: Best param found at split 3: l2reg = 0.01                 with score 83.91
22-11-06 12:51:19 - INFO - root: Best param found at split 4: l2reg = 0.01                 with score 84.05
22-11-06 12:51:49 - INFO - root: Best param found at split 5: l2reg = 0.001                 with score 83.13
22-11-06 12:51:51 - INFO - root: Computing embedding for train
22-11-06 12:51:54 - INFO - root: Computed train embeddings
22-11-06 12:51:54 - INFO - root: Computing embedding for dev
22-11-06 12:51:54 - INFO - root: Computed dev embeddings
22-11-06 12:51:54 - INFO - root: Computing embedding for test
22-11-06 12:51:55 - INFO - root: Computed test embeddings
22-11-06 12:51:55 - INFO - root: Training pytorch-MLP-nhid0-rmsprop-bs128 with standard validation..
22-11-06 12:52:04 - INFO - root: [('reg:1e-05', 37.6), ('reg:0.0001', 37.6), ('reg:0.001', 37.51), ('reg:0.01', 37.87)]
22-11-06 12:52:04 - INFO - root: Validation : best param found is reg = 0.01 with score             37.87
22-11-06 12:52:04 - INFO - root: Evaluating...
22-11-06 12:52:06 - INFO - root: ***** Transfer task : TREC *****


22-11-06 12:52:07 - INFO - root: Computed train embeddings
22-11-06 12:52:07 - INFO - root: Computed test embeddings
22-11-06 12:52:07 - INFO - root: Training pytorch-MLP-nhid0-rmsprop-bs128 with 5-fold cross-validation
22-11-06 12:52:24 - INFO - root: [('reg:1e-05', 76.76), ('reg:0.0001', 76.69), ('reg:0.001', 76.43), ('reg:0.01', 75.24)]
22-11-06 12:52:24 - INFO - root: Cross-validation : best param found is reg = 1e-05             with score 76.76
22-11-06 12:52:24 - INFO - root: Evaluating...
22-11-06 12:52:25 - INFO - root: ***** Transfer task : MRPC *****


22-11-06 12:52:25 - INFO - root: Computing embedding for train
22-11-06 12:52:28 - INFO - root: Computed train embeddings
22-11-06 12:52:28 - INFO - root: Computing embedding for test
22-11-06 12:52:30 - INFO - root: Computed test embeddings
22-11-06 12:52:30 - INFO - root: Training pytorch-MLP-nhid0-rmsprop-bs128 with 5-fold cross-validation
22-11-06 12:52:44 - INFO - root: [('reg:1e-05', 72.77), ('reg:0.0001', 72.74), ('reg:0.001', 72.74), ('reg:0.01', 72.5)]
22-11-06 12:52:44 - INFO - root: Cross-validation : best param found is reg = 1e-05             with score 72.77
22-11-06 12:52:44 - INFO - root: Evaluating...
