22-11-07 12:08:53 - INFO - sentence_transformers.SentenceTransformer: Load pretrained SentenceTransformer: distiluse-base-multilingual-cased-v2
22-11-07 12:08:54 - INFO - sentence_transformers.SentenceTransformer: Use pytorch device: cuda
22-11-07 12:08:54 - INFO - __main__: SBert model distiluse-base-multilingual-cased-v2 is loaded.
22-11-07 12:08:56 - INFO - __main__: Num of SBert features: 512
22-11-07 12:08:57 - INFO - root: Generating sentence embeddings
22-11-07 12:09:01 - INFO - root: Generated sentence embeddings
22-11-07 12:09:01 - INFO - root: Training pytorch-MLP-nhid0-rmsprop-bs128 with (inner) 5-fold cross-validation
22-11-07 12:09:30 - INFO - root: Best param found at split 1: l2reg = 0.001                 with score 70.21
22-11-07 12:09:56 - INFO - root: Best param found at split 2: l2reg = 0.001                 with score 71.85
22-11-07 12:10:29 - INFO - root: Best param found at split 3: l2reg = 0.01                 with score 72.3
22-11-07 12:10:58 - INFO - root: Best param found at split 4: l2reg = 0.0001                 with score 70.12
22-11-07 12:11:30 - INFO - root: Best param found at split 5: l2reg = 1e-05                 with score 70.73
22-11-07 12:11:32 - INFO - root: Generating sentence embeddings
22-11-07 12:11:33 - INFO - root: Generated sentence embeddings
22-11-07 12:11:33 - INFO - root: Training pytorch-MLP-nhid0-rmsprop-bs128 with (inner) 5-fold cross-validation
22-11-07 12:11:43 - INFO - root: Best param found at split 1: l2reg = 1e-05                 with score 82.15
22-11-07 12:11:55 - INFO - root: Best param found at split 2: l2reg = 1e-05                 with score 83.11
22-11-07 12:12:05 - INFO - root: Best param found at split 3: l2reg = 0.01                 with score 81.85
22-11-07 12:12:17 - INFO - root: Best param found at split 4: l2reg = 0.001                 with score 80.93
22-11-07 12:12:28 - INFO - root: Best param found at split 5: l2reg = 0.001                 with score 80.76
22-11-07 12:12:29 - INFO - root: Generating sentence embeddings
22-11-07 12:12:33 - INFO - root: Generated sentence embeddings
22-11-07 12:12:33 - INFO - root: Training pytorch-MLP-nhid0-rmsprop-bs128 with (inner) 5-fold cross-validation
22-11-07 12:12:59 - INFO - root: Best param found at split 1: l2reg = 0.001                 with score 91.09
22-11-07 12:13:29 - INFO - root: Best param found at split 2: l2reg = 0.01                 with score 91.39
22-11-07 12:13:58 - INFO - root: Best param found at split 3: l2reg = 1e-05                 with score 91.59
22-11-07 12:14:25 - INFO - root: Best param found at split 4: l2reg = 0.001                 with score 91.15
22-11-07 12:14:55 - INFO - root: Best param found at split 5: l2reg = 0.0001                 with score 91.21
22-11-07 12:14:56 - INFO - root: Generating sentence embeddings
22-11-07 12:14:59 - INFO - root: Generated sentence embeddings
22-11-07 12:14:59 - INFO - root: Training pytorch-MLP-nhid0-rmsprop-bs128 with (inner) 5-fold cross-validation
22-11-07 12:15:24 - INFO - root: Best param found at split 1: l2reg = 0.0001                 with score 86.7
22-11-07 12:15:54 - INFO - root: Best param found at split 2: l2reg = 0.001                 with score 86.25
22-11-07 12:16:23 - INFO - root: Best param found at split 3: l2reg = 1e-05                 with score 86.49
22-11-07 12:16:51 - INFO - root: Best param found at split 4: l2reg = 0.001                 with score 86.42
22-11-07 12:17:22 - INFO - root: Best param found at split 5: l2reg = 1e-05                 with score 85.63
22-11-07 12:17:23 - INFO - root: Computing embedding for train
22-11-07 12:17:27 - INFO - root: Computed train embeddings
22-11-07 12:17:27 - INFO - root: Computing embedding for dev
22-11-07 12:17:27 - INFO - root: Computed dev embeddings
22-11-07 12:17:27 - INFO - root: Computing embedding for test
22-11-07 12:17:28 - INFO - root: Computed test embeddings
22-11-07 12:17:28 - INFO - root: Training pytorch-MLP-nhid0-rmsprop-bs128 with standard validation..
22-11-07 12:17:35 - INFO - root: [('reg:1e-05', 38.51), ('reg:0.0001', 38.33), ('reg:0.001', 36.97), ('reg:0.01', 37.78)]
22-11-07 12:17:35 - INFO - root: Validation : best param found is reg = 1e-05 with score             38.51
22-11-07 12:17:35 - INFO - root: Evaluating...
22-11-07 12:17:36 - INFO - root: ***** Transfer task : TREC *****


22-11-07 12:17:38 - INFO - root: Computed train embeddings
22-11-07 12:17:38 - INFO - root: Computed test embeddings
22-11-07 12:17:38 - INFO - root: Training pytorch-MLP-nhid0-rmsprop-bs128 with 5-fold cross-validation
22-11-07 12:17:55 - INFO - root: [('reg:1e-05', 85.09), ('reg:0.0001', 84.94), ('reg:0.001', 85.03), ('reg:0.01', 84.68)]
22-11-07 12:17:55 - INFO - root: Cross-validation : best param found is reg = 1e-05             with score 85.09
22-11-07 12:17:55 - INFO - root: Evaluating...
22-11-07 12:17:56 - INFO - root: ***** Transfer task : MRPC *****


22-11-07 12:17:56 - INFO - root: Computing embedding for train
22-11-07 12:18:00 - INFO - root: Computed train embeddings
22-11-07 12:18:00 - INFO - root: Computing embedding for test
22-11-07 12:18:01 - INFO - root: Computed test embeddings
22-11-07 12:18:01 - INFO - root: Training pytorch-MLP-nhid0-rmsprop-bs128 with 5-fold cross-validation
22-11-07 12:18:14 - INFO - root: [('reg:1e-05', 73.31), ('reg:0.0001', 73.53), ('reg:0.001', 73.6), ('reg:0.01', 71.84)]
22-11-07 12:18:14 - INFO - root: Cross-validation : best param found is reg = 0.001             with score 73.6
22-11-07 12:18:14 - INFO - root: Evaluating...
