22-11-06 17:52:59 - INFO - sentence_transformers.SentenceTransformer: Load pretrained SentenceTransformer: distiluse-base-multilingual-cased-v2
22-11-06 17:53:00 - INFO - sentence_transformers.SentenceTransformer: Use pytorch device: cuda
22-11-06 17:53:00 - INFO - __main__: SBert model distiluse-base-multilingual-cased-v2 is loaded.
22-11-06 17:53:02 - INFO - __main__: Num of SBert features: 512
22-11-06 17:53:03 - INFO - root: Generating sentence embeddings
22-11-06 17:53:07 - INFO - root: Generated sentence embeddings
22-11-06 17:53:07 - INFO - root: Training pytorch-MLP-nhid0-rmsprop-bs128 with (inner) 5-fold cross-validation
22-11-06 17:53:37 - INFO - root: Best param found at split 1: l2reg = 1e-05                 with score 69.14
22-11-06 17:54:06 - INFO - root: Best param found at split 2: l2reg = 1e-05                 with score 68.75
22-11-06 17:54:37 - INFO - root: Best param found at split 3: l2reg = 0.01                 with score 69.82
22-11-06 17:55:06 - INFO - root: Best param found at split 4: l2reg = 0.001                 with score 70.74
22-11-06 17:55:38 - INFO - root: Best param found at split 5: l2reg = 0.0001                 with score 69.77
22-11-06 17:55:40 - INFO - root: Generating sentence embeddings
22-11-06 17:55:41 - INFO - root: Generated sentence embeddings
22-11-06 17:55:41 - INFO - root: Training pytorch-MLP-nhid0-rmsprop-bs128 with (inner) 5-fold cross-validation
22-11-06 17:55:51 - INFO - root: Best param found at split 1: l2reg = 1e-05                 with score 78.51
22-11-06 17:56:01 - INFO - root: Best param found at split 2: l2reg = 0.001                 with score 78.77
22-11-06 17:56:12 - INFO - root: Best param found at split 3: l2reg = 0.01                 with score 79.34
22-11-06 17:56:23 - INFO - root: Best param found at split 4: l2reg = 0.0001                 with score 79.57
22-11-06 17:56:33 - INFO - root: Best param found at split 5: l2reg = 0.01                 with score 78.34
22-11-06 17:56:34 - INFO - root: Generating sentence embeddings
22-11-06 17:56:38 - INFO - root: Generated sentence embeddings
22-11-06 17:56:38 - INFO - root: Training pytorch-MLP-nhid0-rmsprop-bs128 with (inner) 5-fold cross-validation
22-11-06 17:57:05 - INFO - root: Best param found at split 1: l2reg = 0.01                 with score 89.52
22-11-06 17:57:34 - INFO - root: Best param found at split 2: l2reg = 0.01                 with score 90.06
22-11-06 17:58:00 - INFO - root: Best param found at split 3: l2reg = 0.001                 with score 89.51
22-11-06 17:58:29 - INFO - root: Best param found at split 4: l2reg = 0.001                 with score 89.51
22-11-06 17:58:55 - INFO - root: Best param found at split 5: l2reg = 0.01                 with score 89.11
22-11-06 17:58:56 - INFO - root: Generating sentence embeddings
22-11-06 17:58:59 - INFO - root: Generated sentence embeddings
22-11-06 17:58:59 - INFO - root: Training pytorch-MLP-nhid0-rmsprop-bs128 with (inner) 5-fold cross-validation
22-11-06 17:59:22 - INFO - root: Best param found at split 1: l2reg = 0.0001                 with score 84.72
22-11-06 17:59:49 - INFO - root: Best param found at split 2: l2reg = 0.01                 with score 85.19
22-11-06 18:00:17 - INFO - root: Best param found at split 3: l2reg = 1e-05                 with score 85.69
22-11-06 18:00:48 - INFO - root: Best param found at split 4: l2reg = 0.0001                 with score 85.76
22-11-06 18:01:18 - INFO - root: Best param found at split 5: l2reg = 0.01                 with score 83.22
22-11-06 18:01:20 - INFO - root: Computing embedding for train
22-11-06 18:01:23 - INFO - root: Computed train embeddings
22-11-06 18:01:23 - INFO - root: Computing embedding for dev
22-11-06 18:01:24 - INFO - root: Computed dev embeddings
22-11-06 18:01:24 - INFO - root: Computing embedding for test
22-11-06 18:01:25 - INFO - root: Computed test embeddings
22-11-06 18:01:25 - INFO - root: Training pytorch-MLP-nhid0-rmsprop-bs128 with standard validation..
22-11-06 18:01:32 - INFO - root: [('reg:1e-05', 34.6), ('reg:0.0001', 40.6), ('reg:0.001', 38.6), ('reg:0.01', 39.33)]
22-11-06 18:01:32 - INFO - root: Validation : best param found is reg = 0.0001 with score             40.6
22-11-06 18:01:32 - INFO - root: Evaluating...
22-11-06 18:01:34 - INFO - root: ***** Transfer task : TREC *****


22-11-06 18:01:36 - INFO - root: Computed train embeddings
22-11-06 18:01:36 - INFO - root: Computed test embeddings
22-11-06 18:01:36 - INFO - root: Training pytorch-MLP-nhid0-rmsprop-bs128 with 5-fold cross-validation
22-11-06 18:01:53 - INFO - root: [('reg:1e-05', 77.71), ('reg:0.0001', 80.26), ('reg:0.001', 80.17), ('reg:0.01', 77.31)]
22-11-06 18:01:53 - INFO - root: Cross-validation : best param found is reg = 0.0001             with score 80.26
22-11-06 18:01:53 - INFO - root: Evaluating...
22-11-06 18:01:54 - INFO - root: ***** Transfer task : MRPC *****


22-11-06 18:01:54 - INFO - root: Computing embedding for train
22-11-06 18:01:58 - INFO - root: Computed train embeddings
22-11-06 18:01:58 - INFO - root: Computing embedding for test
22-11-06 18:01:59 - INFO - root: Computed test embeddings
22-11-06 18:01:59 - INFO - root: Training pytorch-MLP-nhid0-rmsprop-bs128 with 5-fold cross-validation
22-11-06 18:02:11 - INFO - root: [('reg:1e-05', 72.67), ('reg:0.0001', 72.45), ('reg:0.001', 72.45), ('reg:0.01', 71.98)]
22-11-06 18:02:11 - INFO - root: Cross-validation : best param found is reg = 1e-05             with score 72.67
22-11-06 18:02:11 - INFO - root: Evaluating...
