22-11-06 22:14:22 - INFO - sentence_transformers.SentenceTransformer: Load pretrained SentenceTransformer: distiluse-base-multilingual-cased-v2
22-11-06 22:14:23 - INFO - sentence_transformers.SentenceTransformer: Use pytorch device: cuda
22-11-06 22:14:23 - INFO - __main__: SBert model distiluse-base-multilingual-cased-v2 is loaded.
22-11-06 22:14:25 - INFO - __main__: Num of SBert features: 512
22-11-06 22:14:26 - INFO - root: Generating sentence embeddings
22-11-06 22:14:31 - INFO - root: Generated sentence embeddings
22-11-06 22:14:31 - INFO - root: Training pytorch-MLP-nhid0-rmsprop-bs128 with (inner) 5-fold cross-validation
22-11-06 22:14:59 - INFO - root: Best param found at split 1: l2reg = 1e-05                 with score 68.3
22-11-06 22:15:27 - INFO - root: Best param found at split 2: l2reg = 1e-05                 with score 69.98
22-11-06 22:15:58 - INFO - root: Best param found at split 3: l2reg = 0.001                 with score 71.52
22-11-06 22:16:27 - INFO - root: Best param found at split 4: l2reg = 0.001                 with score 70.93
22-11-06 22:16:55 - INFO - root: Best param found at split 5: l2reg = 0.01                 with score 69.67
22-11-06 22:16:57 - INFO - root: Generating sentence embeddings
22-11-06 22:16:59 - INFO - root: Generated sentence embeddings
22-11-06 22:16:59 - INFO - root: Training pytorch-MLP-nhid0-rmsprop-bs128 with (inner) 5-fold cross-validation
22-11-06 22:17:08 - INFO - root: Best param found at split 1: l2reg = 1e-05                 with score 82.05
22-11-06 22:17:19 - INFO - root: Best param found at split 2: l2reg = 0.0001                 with score 81.23
22-11-06 22:17:29 - INFO - root: Best param found at split 3: l2reg = 1e-05                 with score 81.42
22-11-06 22:17:40 - INFO - root: Best param found at split 4: l2reg = 0.01                 with score 80.73
22-11-06 22:17:52 - INFO - root: Best param found at split 5: l2reg = 1e-05                 with score 81.79
22-11-06 22:17:53 - INFO - root: Generating sentence embeddings
22-11-06 22:17:57 - INFO - root: Generated sentence embeddings
22-11-06 22:17:57 - INFO - root: Training pytorch-MLP-nhid0-rmsprop-bs128 with (inner) 5-fold cross-validation
22-11-06 22:18:24 - INFO - root: Best param found at split 1: l2reg = 0.01                 with score 90.14
22-11-06 22:18:52 - INFO - root: Best param found at split 2: l2reg = 0.0001                 with score 90.18
22-11-06 22:19:18 - INFO - root: Best param found at split 3: l2reg = 0.0001                 with score 90.55
22-11-06 22:19:46 - INFO - root: Best param found at split 4: l2reg = 0.01                 with score 90.33
22-11-06 22:20:14 - INFO - root: Best param found at split 5: l2reg = 1e-05                 with score 89.82
22-11-06 22:20:15 - INFO - root: Generating sentence embeddings
22-11-06 22:20:18 - INFO - root: Generated sentence embeddings
22-11-06 22:20:18 - INFO - root: Training pytorch-MLP-nhid0-rmsprop-bs128 with (inner) 5-fold cross-validation
22-11-06 22:20:43 - INFO - root: Best param found at split 1: l2reg = 0.01                 with score 85.99
22-11-06 22:21:13 - INFO - root: Best param found at split 2: l2reg = 1e-05                 with score 85.4
22-11-06 22:21:43 - INFO - root: Best param found at split 3: l2reg = 0.001                 with score 85.8
22-11-06 22:22:11 - INFO - root: Best param found at split 4: l2reg = 0.01                 with score 84.35
22-11-06 22:22:43 - INFO - root: Best param found at split 5: l2reg = 0.0001                 with score 85.03
22-11-06 22:22:45 - INFO - root: Computing embedding for train
22-11-06 22:22:49 - INFO - root: Computed train embeddings
22-11-06 22:22:49 - INFO - root: Computing embedding for dev
22-11-06 22:22:49 - INFO - root: Computed dev embeddings
22-11-06 22:22:49 - INFO - root: Computing embedding for test
22-11-06 22:22:50 - INFO - root: Computed test embeddings
22-11-06 22:22:50 - INFO - root: Training pytorch-MLP-nhid0-rmsprop-bs128 with standard validation..
22-11-06 22:22:57 - INFO - root: [('reg:1e-05', 37.33), ('reg:0.0001', 37.6), ('reg:0.001', 36.51), ('reg:0.01', 37.69)]
22-11-06 22:22:57 - INFO - root: Validation : best param found is reg = 0.01 with score             37.69
22-11-06 22:22:57 - INFO - root: Evaluating...
22-11-06 22:22:58 - INFO - root: ***** Transfer task : TREC *****


22-11-06 22:23:00 - INFO - root: Computed train embeddings
22-11-06 22:23:00 - INFO - root: Computed test embeddings
22-11-06 22:23:00 - INFO - root: Training pytorch-MLP-nhid0-rmsprop-bs128 with 5-fold cross-validation
22-11-06 22:23:17 - INFO - root: [('reg:1e-05', 82.89), ('reg:0.0001', 83.75), ('reg:0.001', 82.56), ('reg:0.01', 82.5)]
22-11-06 22:23:17 - INFO - root: Cross-validation : best param found is reg = 0.0001             with score 83.75
22-11-06 22:23:17 - INFO - root: Evaluating...
22-11-06 22:23:18 - INFO - root: ***** Transfer task : MRPC *****


22-11-06 22:23:18 - INFO - root: Computing embedding for train
22-11-06 22:23:21 - INFO - root: Computed train embeddings
22-11-06 22:23:21 - INFO - root: Computing embedding for test
22-11-06 22:23:23 - INFO - root: Computed test embeddings
22-11-06 22:23:23 - INFO - root: Training pytorch-MLP-nhid0-rmsprop-bs128 with 5-fold cross-validation
22-11-06 22:23:35 - INFO - root: [('reg:1e-05', 72.08), ('reg:0.0001', 71.96), ('reg:0.001', 72.69), ('reg:0.01', 72.23)]
22-11-06 22:23:35 - INFO - root: Cross-validation : best param found is reg = 0.001             with score 72.69
22-11-06 22:23:35 - INFO - root: Evaluating...
