22-11-06 13:09:57 - INFO - sentence_transformers.SentenceTransformer: Load pretrained SentenceTransformer: distiluse-base-multilingual-cased-v2
22-11-06 13:09:58 - INFO - sentence_transformers.SentenceTransformer: Use pytorch device: cuda
22-11-06 13:09:58 - INFO - __main__: SBert model distiluse-base-multilingual-cased-v2 is loaded.
22-11-06 13:10:00 - INFO - __main__: Num of SBert features: 512
22-11-06 13:10:01 - INFO - root: Generating sentence embeddings
22-11-06 13:10:05 - INFO - root: Generated sentence embeddings
22-11-06 13:10:05 - INFO - root: Training pytorch-MLP-nhid0-rmsprop-bs128 with (inner) 5-fold cross-validation
22-11-06 13:10:34 - INFO - root: Best param found at split 1: l2reg = 1e-05                 with score 68.03
22-11-06 13:11:02 - INFO - root: Best param found at split 2: l2reg = 1e-05                 with score 69.22
22-11-06 13:11:34 - INFO - root: Best param found at split 3: l2reg = 1e-05                 with score 69.88
22-11-06 13:12:05 - INFO - root: Best param found at split 4: l2reg = 0.01                 with score 70.07
22-11-06 13:12:37 - INFO - root: Best param found at split 5: l2reg = 0.001                 with score 69.57
22-11-06 13:12:39 - INFO - root: Generating sentence embeddings
22-11-06 13:12:40 - INFO - root: Generated sentence embeddings
22-11-06 13:12:40 - INFO - root: Training pytorch-MLP-nhid0-rmsprop-bs128 with (inner) 5-fold cross-validation
22-11-06 13:12:50 - INFO - root: Best param found at split 1: l2reg = 0.0001                 with score 78.97
22-11-06 13:13:00 - INFO - root: Best param found at split 2: l2reg = 1e-05                 with score 79.77
22-11-06 13:13:12 - INFO - root: Best param found at split 3: l2reg = 0.001                 with score 79.93
22-11-06 13:13:23 - INFO - root: Best param found at split 4: l2reg = 0.0001                 with score 79.47
22-11-06 13:13:34 - INFO - root: Best param found at split 5: l2reg = 0.01                 with score 79.24
22-11-06 13:13:35 - INFO - root: Generating sentence embeddings
22-11-06 13:13:39 - INFO - root: Generated sentence embeddings
22-11-06 13:13:39 - INFO - root: Training pytorch-MLP-nhid0-rmsprop-bs128 with (inner) 5-fold cross-validation
22-11-06 13:14:04 - INFO - root: Best param found at split 1: l2reg = 0.01                 with score 89.05
22-11-06 13:14:32 - INFO - root: Best param found at split 2: l2reg = 0.01                 with score 89.55
22-11-06 13:14:57 - INFO - root: Best param found at split 3: l2reg = 0.001                 with score 88.89
22-11-06 13:15:23 - INFO - root: Best param found at split 4: l2reg = 0.01                 with score 88.51
22-11-06 13:15:51 - INFO - root: Best param found at split 5: l2reg = 0.01                 with score 88.95
22-11-06 13:15:52 - INFO - root: Generating sentence embeddings
22-11-06 13:15:55 - INFO - root: Generated sentence embeddings
22-11-06 13:15:55 - INFO - root: Training pytorch-MLP-nhid0-rmsprop-bs128 with (inner) 5-fold cross-validation
22-11-06 13:16:21 - INFO - root: Best param found at split 1: l2reg = 0.0001                 with score 82.96
22-11-06 13:16:51 - INFO - root: Best param found at split 2: l2reg = 0.01                 with score 84.45
22-11-06 13:17:18 - INFO - root: Best param found at split 3: l2reg = 0.01                 with score 85.49
22-11-06 13:17:44 - INFO - root: Best param found at split 4: l2reg = 0.0001                 with score 84.4
22-11-06 13:18:12 - INFO - root: Best param found at split 5: l2reg = 0.01                 with score 85.21
22-11-06 13:18:14 - INFO - root: Computing embedding for train
22-11-06 13:18:17 - INFO - root: Computed train embeddings
22-11-06 13:18:17 - INFO - root: Computing embedding for dev
22-11-06 13:18:18 - INFO - root: Computed dev embeddings
22-11-06 13:18:18 - INFO - root: Computing embedding for test
22-11-06 13:18:19 - INFO - root: Computed test embeddings
22-11-06 13:18:19 - INFO - root: Training pytorch-MLP-nhid0-rmsprop-bs128 with standard validation..
22-11-06 13:18:25 - INFO - root: [('reg:1e-05', 38.6), ('reg:0.0001', 38.42), ('reg:0.001', 36.6), ('reg:0.01', 37.69)]
22-11-06 13:18:25 - INFO - root: Validation : best param found is reg = 1e-05 with score             38.6
22-11-06 13:18:25 - INFO - root: Evaluating...
22-11-06 13:18:26 - INFO - root: ***** Transfer task : TREC *****


22-11-06 13:18:28 - INFO - root: Computed train embeddings
22-11-06 13:18:28 - INFO - root: Computed test embeddings
22-11-06 13:18:28 - INFO - root: Training pytorch-MLP-nhid0-rmsprop-bs128 with 5-fold cross-validation
22-11-06 13:18:44 - INFO - root: [('reg:1e-05', 76.65), ('reg:0.0001', 76.52), ('reg:0.001', 76.32), ('reg:0.01', 77.26)]
22-11-06 13:18:44 - INFO - root: Cross-validation : best param found is reg = 0.01             with score 77.26
22-11-06 13:18:44 - INFO - root: Evaluating...
22-11-06 13:18:45 - INFO - root: ***** Transfer task : MRPC *****


22-11-06 13:18:45 - INFO - root: Computing embedding for train
22-11-06 13:18:49 - INFO - root: Computed train embeddings
22-11-06 13:18:49 - INFO - root: Computing embedding for test
22-11-06 13:18:50 - INFO - root: Computed test embeddings
22-11-06 13:18:50 - INFO - root: Training pytorch-MLP-nhid0-rmsprop-bs128 with 5-fold cross-validation
22-11-06 13:19:03 - INFO - root: [('reg:1e-05', 72.18), ('reg:0.0001', 72.4), ('reg:0.001', 72.72), ('reg:0.01', 72.67)]
22-11-06 13:19:03 - INFO - root: Cross-validation : best param found is reg = 0.001             with score 72.72
22-11-06 13:19:03 - INFO - root: Evaluating...
