22-11-06 14:01:13 - INFO - sentence_transformers.SentenceTransformer: Load pretrained SentenceTransformer: distiluse-base-multilingual-cased-v2
22-11-06 14:01:14 - INFO - sentence_transformers.SentenceTransformer: Use pytorch device: cuda
22-11-06 14:01:14 - INFO - __main__: SBert model distiluse-base-multilingual-cased-v2 is loaded.
22-11-06 14:01:16 - INFO - __main__: Num of SBert features: 512
22-11-06 14:01:17 - INFO - root: Generating sentence embeddings
22-11-06 14:01:21 - INFO - root: Generated sentence embeddings
22-11-06 14:01:21 - INFO - root: Training pytorch-MLP-nhid0-rmsprop-bs128 with (inner) 5-fold cross-validation
22-11-06 14:01:46 - INFO - root: Best param found at split 1: l2reg = 0.01                 with score 70.07
22-11-06 14:02:16 - INFO - root: Best param found at split 2: l2reg = 0.01                 with score 69.91
22-11-06 14:02:45 - INFO - root: Best param found at split 3: l2reg = 0.01                 with score 69.6
22-11-06 14:03:14 - INFO - root: Best param found at split 4: l2reg = 0.01                 with score 70.89
22-11-06 14:03:44 - INFO - root: Best param found at split 5: l2reg = 0.0001                 with score 68.52
22-11-06 14:03:45 - INFO - root: Generating sentence embeddings
22-11-06 14:03:46 - INFO - root: Generated sentence embeddings
22-11-06 14:03:46 - INFO - root: Training pytorch-MLP-nhid0-rmsprop-bs128 with (inner) 5-fold cross-validation
22-11-06 14:03:56 - INFO - root: Best param found at split 1: l2reg = 0.0001                 with score 79.8
22-11-06 14:04:07 - INFO - root: Best param found at split 2: l2reg = 0.01                 with score 79.83
22-11-06 14:04:18 - INFO - root: Best param found at split 3: l2reg = 0.01                 with score 79.24
22-11-06 14:04:28 - INFO - root: Best param found at split 4: l2reg = 1e-05                 with score 78.15
22-11-06 14:04:39 - INFO - root: Best param found at split 5: l2reg = 0.01                 with score 80.07
22-11-06 14:04:40 - INFO - root: Generating sentence embeddings
22-11-06 14:04:44 - INFO - root: Generated sentence embeddings
22-11-06 14:04:44 - INFO - root: Training pytorch-MLP-nhid0-rmsprop-bs128 with (inner) 5-fold cross-validation
22-11-06 14:05:10 - INFO - root: Best param found at split 1: l2reg = 0.01                 with score 88.45
22-11-06 14:05:36 - INFO - root: Best param found at split 2: l2reg = 0.01                 with score 88.74
22-11-06 14:06:03 - INFO - root: Best param found at split 3: l2reg = 0.01                 with score 88.61
22-11-06 14:06:23 - INFO - root: Best param found at split 4: l2reg = 0.01                 with score 88.72
22-11-06 14:06:50 - INFO - root: Best param found at split 5: l2reg = 0.01                 with score 88.19
22-11-06 14:06:51 - INFO - root: Generating sentence embeddings
22-11-06 14:06:54 - INFO - root: Generated sentence embeddings
22-11-06 14:06:54 - INFO - root: Training pytorch-MLP-nhid0-rmsprop-bs128 with (inner) 5-fold cross-validation
22-11-06 14:07:18 - INFO - root: Best param found at split 1: l2reg = 0.0001                 with score 85.25
22-11-06 14:07:45 - INFO - root: Best param found at split 2: l2reg = 0.01                 with score 85.57
22-11-06 14:08:12 - INFO - root: Best param found at split 3: l2reg = 0.001                 with score 85.68
22-11-06 14:08:42 - INFO - root: Best param found at split 4: l2reg = 0.01                 with score 84.58
22-11-06 14:09:09 - INFO - root: Best param found at split 5: l2reg = 0.001                 with score 85.0
22-11-06 14:09:11 - INFO - root: Computing embedding for train
22-11-06 14:09:14 - INFO - root: Computed train embeddings
22-11-06 14:09:14 - INFO - root: Computing embedding for dev
22-11-06 14:09:15 - INFO - root: Computed dev embeddings
22-11-06 14:09:15 - INFO - root: Computing embedding for test
22-11-06 14:09:16 - INFO - root: Computed test embeddings
22-11-06 14:09:16 - INFO - root: Training pytorch-MLP-nhid0-rmsprop-bs128 with standard validation..
22-11-06 14:09:23 - INFO - root: [('reg:1e-05', 36.97), ('reg:0.0001', 38.6), ('reg:0.001', 36.88), ('reg:0.01', 36.24)]
22-11-06 14:09:23 - INFO - root: Validation : best param found is reg = 0.0001 with score             38.6
22-11-06 14:09:23 - INFO - root: Evaluating...
22-11-06 14:09:25 - INFO - root: ***** Transfer task : TREC *****


22-11-06 14:09:27 - INFO - root: Computed train embeddings
22-11-06 14:09:27 - INFO - root: Computed test embeddings
22-11-06 14:09:27 - INFO - root: Training pytorch-MLP-nhid0-rmsprop-bs128 with 5-fold cross-validation
22-11-06 14:09:46 - INFO - root: [('reg:1e-05', 79.18), ('reg:0.0001', 79.18), ('reg:0.001', 79.44), ('reg:0.01', 77.93)]
22-11-06 14:09:46 - INFO - root: Cross-validation : best param found is reg = 0.001             with score 79.44
22-11-06 14:09:46 - INFO - root: Evaluating...
22-11-06 14:09:47 - INFO - root: ***** Transfer task : MRPC *****


22-11-06 14:09:48 - INFO - root: Computing embedding for train
22-11-06 14:09:51 - INFO - root: Computed train embeddings
22-11-06 14:09:51 - INFO - root: Computing embedding for test
22-11-06 14:09:52 - INFO - root: Computed test embeddings
22-11-06 14:09:52 - INFO - root: Training pytorch-MLP-nhid0-rmsprop-bs128 with 5-fold cross-validation
22-11-06 14:10:05 - INFO - root: [('reg:1e-05', 73.06), ('reg:0.0001', 73.04), ('reg:0.001', 72.94), ('reg:0.01', 73.36)]
22-11-06 14:10:05 - INFO - root: Cross-validation : best param found is reg = 0.01             with score 73.36
22-11-06 14:10:05 - INFO - root: Evaluating...
22-11-18 22:57:03 - INFO - sentence_transformers.SentenceTransformer: Load pretrained SentenceTransformer: distiluse-base-multilingual-cased-v2
22-11-18 22:57:05 - INFO - sentence_transformers.SentenceTransformer: Use pytorch device: cuda
22-11-18 22:57:05 - INFO - __main__: SBert model distiluse-base-multilingual-cased-v2 is loaded.
22-11-18 22:57:07 - INFO - __main__: Num of SBert features: 512
