22-11-06 10:28:30 - INFO - sentence_transformers.SentenceTransformer: Load pretrained SentenceTransformer: distiluse-base-multilingual-cased-v2
22-11-06 10:28:31 - INFO - sentence_transformers.SentenceTransformer: Use pytorch device: cuda
22-11-06 10:28:31 - INFO - __main__: SBert model distiluse-base-multilingual-cased-v2 is loaded.
22-11-06 10:28:33 - INFO - __main__: Num of SBert features: 512
22-11-06 10:28:34 - INFO - root: Generating sentence embeddings
22-11-06 10:28:39 - INFO - root: Generated sentence embeddings
22-11-06 10:28:39 - INFO - root: Training pytorch-MLP-nhid0-rmsprop-bs128 with (inner) 5-fold cross-validation
22-11-06 10:29:07 - INFO - root: Best param found at split 1: l2reg = 0.0001                 with score 69.79
22-11-06 10:29:36 - INFO - root: Best param found at split 2: l2reg = 0.0001                 with score 69.12
22-11-06 10:30:04 - INFO - root: Best param found at split 3: l2reg = 0.0001                 with score 69.11
22-11-06 10:30:33 - INFO - root: Best param found at split 4: l2reg = 0.01                 with score 69.7
22-11-06 10:31:03 - INFO - root: Best param found at split 5: l2reg = 0.01                 with score 69.84
22-11-06 10:31:05 - INFO - root: Generating sentence embeddings
22-11-06 10:31:06 - INFO - root: Generated sentence embeddings
22-11-06 10:31:06 - INFO - root: Training pytorch-MLP-nhid0-rmsprop-bs128 with (inner) 5-fold cross-validation
22-11-06 10:31:12 - INFO - root: Best param found at split 1: l2reg = 1e-05                 with score 79.01
22-11-06 10:31:23 - INFO - root: Best param found at split 2: l2reg = 0.01                 with score 79.83
22-11-06 10:31:32 - INFO - root: Best param found at split 3: l2reg = 1e-05                 with score 79.6
22-11-06 10:31:43 - INFO - root: Best param found at split 4: l2reg = 1e-05                 with score 79.54
22-11-06 10:31:52 - INFO - root: Best param found at split 5: l2reg = 1e-05                 with score 79.07
22-11-06 10:31:53 - INFO - root: Generating sentence embeddings
22-11-06 10:31:57 - INFO - root: Generated sentence embeddings
22-11-06 10:31:57 - INFO - root: Training pytorch-MLP-nhid0-rmsprop-bs128 with (inner) 5-fold cross-validation
22-11-06 10:32:21 - INFO - root: Best param found at split 1: l2reg = 0.01                 with score 87.96
22-11-06 10:32:47 - INFO - root: Best param found at split 2: l2reg = 0.0001                 with score 88.59
22-11-06 10:33:13 - INFO - root: Best param found at split 3: l2reg = 1e-05                 with score 88.3
22-11-06 10:33:42 - INFO - root: Best param found at split 4: l2reg = 0.001                 with score 88.14
22-11-06 10:34:07 - INFO - root: Best param found at split 5: l2reg = 0.001                 with score 87.85
22-11-06 10:34:08 - INFO - root: Generating sentence embeddings
22-11-06 10:34:10 - INFO - root: Generated sentence embeddings
22-11-06 10:34:10 - INFO - root: Training pytorch-MLP-nhid0-rmsprop-bs128 with (inner) 5-fold cross-validation
22-11-06 10:34:33 - INFO - root: Best param found at split 1: l2reg = 1e-05                 with score 84.15
22-11-06 10:35:01 - INFO - root: Best param found at split 2: l2reg = 0.001                 with score 83.29
22-11-06 10:35:30 - INFO - root: Best param found at split 3: l2reg = 0.01                 with score 84.74
22-11-06 10:35:59 - INFO - root: Best param found at split 4: l2reg = 0.01                 with score 83.88
22-11-06 10:36:27 - INFO - root: Best param found at split 5: l2reg = 0.001                 with score 83.35
22-11-06 10:36:29 - INFO - root: Computing embedding for train
22-11-06 10:36:33 - INFO - root: Computed train embeddings
22-11-06 10:36:33 - INFO - root: Computing embedding for dev
22-11-06 10:36:33 - INFO - root: Computed dev embeddings
22-11-06 10:36:33 - INFO - root: Computing embedding for test
22-11-06 10:36:34 - INFO - root: Computed test embeddings
22-11-06 10:36:34 - INFO - root: Training pytorch-MLP-nhid0-rmsprop-bs128 with standard validation..
22-11-06 10:36:42 - INFO - root: [('reg:1e-05', 36.69), ('reg:0.0001', 36.78), ('reg:0.001', 36.97), ('reg:0.01', 38.51)]
22-11-06 10:36:42 - INFO - root: Validation : best param found is reg = 0.01 with score             38.51
22-11-06 10:36:42 - INFO - root: Evaluating...
22-11-06 10:36:44 - INFO - root: ***** Transfer task : TREC *****


22-11-06 10:36:45 - INFO - root: Computed train embeddings
22-11-06 10:36:45 - INFO - root: Computed test embeddings
22-11-06 10:36:45 - INFO - root: Training pytorch-MLP-nhid0-rmsprop-bs128 with 5-fold cross-validation
22-11-06 10:37:01 - INFO - root: [('reg:1e-05', 74.65), ('reg:0.0001', 74.67), ('reg:0.001', 74.47), ('reg:0.01', 73.5)]
22-11-06 10:37:01 - INFO - root: Cross-validation : best param found is reg = 0.0001             with score 74.67
22-11-06 10:37:01 - INFO - root: Evaluating...
22-11-06 10:37:02 - INFO - root: ***** Transfer task : MRPC *****


22-11-06 10:37:02 - INFO - root: Computing embedding for train
22-11-06 10:37:05 - INFO - root: Computed train embeddings
22-11-06 10:37:05 - INFO - root: Computing embedding for test
22-11-06 10:37:07 - INFO - root: Computed test embeddings
22-11-06 10:37:07 - INFO - root: Training pytorch-MLP-nhid0-rmsprop-bs128 with 5-fold cross-validation
22-11-06 10:37:19 - INFO - root: [('reg:1e-05', 72.45), ('reg:0.0001', 72.52), ('reg:0.001', 72.42), ('reg:0.01', 72.77)]
22-11-06 10:37:19 - INFO - root: Cross-validation : best param found is reg = 0.01             with score 72.77
22-11-06 10:37:19 - INFO - root: Evaluating...
