22-11-07 01:54:10 - INFO - sentence_transformers.SentenceTransformer: Load pretrained SentenceTransformer: distiluse-base-multilingual-cased-v2
22-11-07 01:54:11 - INFO - sentence_transformers.SentenceTransformer: Use pytorch device: cuda
22-11-07 01:54:11 - INFO - __main__: SBert model distiluse-base-multilingual-cased-v2 is loaded.
22-11-07 01:54:13 - INFO - __main__: Num of SBert features: 512
22-11-07 01:54:14 - INFO - root: Generating sentence embeddings
22-11-07 01:54:19 - INFO - root: Generated sentence embeddings
22-11-07 01:54:19 - INFO - root: Training pytorch-MLP-nhid0-rmsprop-bs128 with (inner) 5-fold cross-validation
22-11-07 01:54:44 - INFO - root: Best param found at split 1: l2reg = 0.01                 with score 71.25
22-11-07 01:55:11 - INFO - root: Best param found at split 2: l2reg = 1e-05                 with score 70.9
22-11-07 01:55:40 - INFO - root: Best param found at split 3: l2reg = 0.001                 with score 71.17
22-11-07 01:56:09 - INFO - root: Best param found at split 4: l2reg = 1e-05                 with score 71.4
22-11-07 01:56:39 - INFO - root: Best param found at split 5: l2reg = 0.001                 with score 69.09
22-11-07 01:56:40 - INFO - root: Generating sentence embeddings
22-11-07 01:56:42 - INFO - root: Generated sentence embeddings
22-11-07 01:56:42 - INFO - root: Training pytorch-MLP-nhid0-rmsprop-bs128 with (inner) 5-fold cross-validation
22-11-07 01:56:51 - INFO - root: Best param found at split 1: l2reg = 0.01                 with score 79.9
22-11-07 01:57:04 - INFO - root: Best param found at split 2: l2reg = 1e-05                 with score 79.4
22-11-07 01:57:14 - INFO - root: Best param found at split 3: l2reg = 0.0001                 with score 81.52
22-11-07 01:57:25 - INFO - root: Best param found at split 4: l2reg = 0.001                 with score 80.86
22-11-07 01:57:36 - INFO - root: Best param found at split 5: l2reg = 0.0001                 with score 80.17
22-11-07 01:57:36 - INFO - root: Generating sentence embeddings
22-11-07 01:57:41 - INFO - root: Generated sentence embeddings
22-11-07 01:57:41 - INFO - root: Training pytorch-MLP-nhid0-rmsprop-bs128 with (inner) 5-fold cross-validation
22-11-07 01:58:05 - INFO - root: Best param found at split 1: l2reg = 0.01                 with score 90.06
22-11-07 01:58:33 - INFO - root: Best param found at split 2: l2reg = 0.01                 with score 90.4
22-11-07 01:59:00 - INFO - root: Best param found at split 3: l2reg = 0.01                 with score 90.51
22-11-07 01:59:25 - INFO - root: Best param found at split 4: l2reg = 0.01                 with score 90.42
22-11-07 01:59:55 - INFO - root: Best param found at split 5: l2reg = 1e-05                 with score 90.28
22-11-07 01:59:56 - INFO - root: Generating sentence embeddings
22-11-07 01:59:58 - INFO - root: Generated sentence embeddings
22-11-07 01:59:58 - INFO - root: Training pytorch-MLP-nhid0-rmsprop-bs128 with (inner) 5-fold cross-validation
22-11-07 02:00:22 - INFO - root: Best param found at split 1: l2reg = 0.01                 with score 86.06
22-11-07 02:00:42 - INFO - root: Best param found at split 2: l2reg = 0.001                 with score 85.75
22-11-07 02:01:00 - INFO - root: Best param found at split 3: l2reg = 0.001                 with score 86.34
22-11-07 02:01:22 - INFO - root: Best param found at split 4: l2reg = 0.01                 with score 86.19
22-11-07 02:01:51 - INFO - root: Best param found at split 5: l2reg = 0.0001                 with score 85.95
22-11-07 02:01:53 - INFO - root: Computing embedding for train
22-11-07 02:01:56 - INFO - root: Computed train embeddings
22-11-07 02:01:56 - INFO - root: Computing embedding for dev
22-11-07 02:01:57 - INFO - root: Computed dev embeddings
22-11-07 02:01:57 - INFO - root: Computing embedding for test
22-11-07 02:01:58 - INFO - root: Computed test embeddings
22-11-07 02:01:58 - INFO - root: Training pytorch-MLP-nhid0-rmsprop-bs128 with standard validation..
22-11-07 02:02:04 - INFO - root: [('reg:1e-05', 36.78), ('reg:0.0001', 39.96), ('reg:0.001', 37.97), ('reg:0.01', 34.33)]
22-11-07 02:02:04 - INFO - root: Validation : best param found is reg = 0.0001 with score             39.96
22-11-07 02:02:04 - INFO - root: Evaluating...
22-11-07 02:02:06 - INFO - root: ***** Transfer task : TREC *****


22-11-07 02:02:08 - INFO - root: Computed train embeddings
22-11-07 02:02:08 - INFO - root: Computed test embeddings
22-11-07 02:02:08 - INFO - root: Training pytorch-MLP-nhid0-rmsprop-bs128 with 5-fold cross-validation
22-11-07 02:02:26 - INFO - root: [('reg:1e-05', 83.82), ('reg:0.0001', 84.08), ('reg:0.001', 82.34), ('reg:0.01', 81.71)]
22-11-07 02:02:26 - INFO - root: Cross-validation : best param found is reg = 0.0001             with score 84.08
22-11-07 02:02:26 - INFO - root: Evaluating...
22-11-07 02:02:27 - INFO - root: ***** Transfer task : MRPC *****


22-11-07 02:02:27 - INFO - root: Computing embedding for train
22-11-07 02:02:31 - INFO - root: Computed train embeddings
22-11-07 02:02:31 - INFO - root: Computing embedding for test
22-11-07 02:02:32 - INFO - root: Computed test embeddings
22-11-07 02:02:32 - INFO - root: Training pytorch-MLP-nhid0-rmsprop-bs128 with 5-fold cross-validation
22-11-07 02:02:46 - INFO - root: [('reg:1e-05', 72.82), ('reg:0.0001', 72.77), ('reg:0.001', 73.01), ('reg:0.01', 72.94)]
22-11-07 02:02:46 - INFO - root: Cross-validation : best param found is reg = 0.001             with score 73.01
22-11-07 02:02:46 - INFO - root: Evaluating...
