22-11-06 17:02:20 - INFO - sentence_transformers.SentenceTransformer: Load pretrained SentenceTransformer: distiluse-base-multilingual-cased-v2
22-11-06 17:02:21 - INFO - sentence_transformers.SentenceTransformer: Use pytorch device: cuda
22-11-06 17:02:21 - INFO - __main__: SBert model distiluse-base-multilingual-cased-v2 is loaded.
22-11-06 17:02:23 - INFO - __main__: Num of SBert features: 512
22-11-06 17:02:24 - INFO - root: Generating sentence embeddings
22-11-06 17:02:28 - INFO - root: Generated sentence embeddings
22-11-06 17:02:28 - INFO - root: Training pytorch-MLP-nhid0-rmsprop-bs128 with (inner) 5-fold cross-validation
22-11-06 17:02:58 - INFO - root: Best param found at split 1: l2reg = 0.001                 with score 69.21
22-11-06 17:03:22 - INFO - root: Best param found at split 2: l2reg = 0.01                 with score 69.57
22-11-06 17:03:54 - INFO - root: Best param found at split 3: l2reg = 0.001                 with score 70.3
22-11-06 17:04:23 - INFO - root: Best param found at split 4: l2reg = 0.01                 with score 70.0
22-11-06 17:04:54 - INFO - root: Best param found at split 5: l2reg = 0.01                 with score 70.07
22-11-06 17:04:56 - INFO - root: Generating sentence embeddings
22-11-06 17:04:57 - INFO - root: Generated sentence embeddings
22-11-06 17:04:57 - INFO - root: Training pytorch-MLP-nhid0-rmsprop-bs128 with (inner) 5-fold cross-validation
22-11-06 17:05:07 - INFO - root: Best param found at split 1: l2reg = 1e-05                 with score 77.95
22-11-06 17:05:17 - INFO - root: Best param found at split 2: l2reg = 0.01                 with score 78.51
22-11-06 17:05:28 - INFO - root: Best param found at split 3: l2reg = 0.001                 with score 79.83
22-11-06 17:05:39 - INFO - root: Best param found at split 4: l2reg = 1e-05                 with score 78.48
22-11-06 17:05:49 - INFO - root: Best param found at split 5: l2reg = 0.0001                 with score 79.14
22-11-06 17:05:49 - INFO - root: Generating sentence embeddings
22-11-06 17:05:54 - INFO - root: Generated sentence embeddings
22-11-06 17:05:54 - INFO - root: Training pytorch-MLP-nhid0-rmsprop-bs128 with (inner) 5-fold cross-validation
22-11-06 17:06:18 - INFO - root: Best param found at split 1: l2reg = 0.01                 with score 88.5
22-11-06 17:06:48 - INFO - root: Best param found at split 2: l2reg = 0.01                 with score 89.06
22-11-06 17:07:15 - INFO - root: Best param found at split 3: l2reg = 0.001                 with score 88.74
22-11-06 17:07:43 - INFO - root: Best param found at split 4: l2reg = 0.01                 with score 88.4
22-11-06 17:08:10 - INFO - root: Best param found at split 5: l2reg = 0.01                 with score 88.5
22-11-06 17:08:11 - INFO - root: Generating sentence embeddings
22-11-06 17:08:14 - INFO - root: Generated sentence embeddings
22-11-06 17:08:14 - INFO - root: Training pytorch-MLP-nhid0-rmsprop-bs128 with (inner) 5-fold cross-validation
22-11-06 17:08:39 - INFO - root: Best param found at split 1: l2reg = 0.0001                 with score 85.04
22-11-06 17:09:09 - INFO - root: Best param found at split 2: l2reg = 1e-05                 with score 84.67
22-11-06 17:09:38 - INFO - root: Best param found at split 3: l2reg = 1e-05                 with score 85.23
22-11-06 17:10:05 - INFO - root: Best param found at split 4: l2reg = 0.01                 with score 85.41
22-11-06 17:10:34 - INFO - root: Best param found at split 5: l2reg = 0.001                 with score 83.65
22-11-06 17:10:35 - INFO - root: Computing embedding for train
22-11-06 17:10:39 - INFO - root: Computed train embeddings
22-11-06 17:10:39 - INFO - root: Computing embedding for dev
22-11-06 17:10:39 - INFO - root: Computed dev embeddings
22-11-06 17:10:39 - INFO - root: Computing embedding for test
22-11-06 17:10:40 - INFO - root: Computed test embeddings
22-11-06 17:10:40 - INFO - root: Training pytorch-MLP-nhid0-rmsprop-bs128 with standard validation..
22-11-06 17:10:47 - INFO - root: [('reg:1e-05', 38.42), ('reg:0.0001', 37.33), ('reg:0.001', 37.51), ('reg:0.01', 37.42)]
22-11-06 17:10:47 - INFO - root: Validation : best param found is reg = 1e-05 with score             38.42
22-11-06 17:10:47 - INFO - root: Evaluating...
22-11-06 17:10:49 - INFO - root: ***** Transfer task : TREC *****


22-11-06 17:10:50 - INFO - root: Computed train embeddings
22-11-06 17:10:50 - INFO - root: Computed test embeddings
22-11-06 17:10:50 - INFO - root: Training pytorch-MLP-nhid0-rmsprop-bs128 with 5-fold cross-validation
22-11-06 17:11:06 - INFO - root: [('reg:1e-05', 77.99), ('reg:0.0001', 77.86), ('reg:0.001', 77.42), ('reg:0.01', 75.57)]
22-11-06 17:11:06 - INFO - root: Cross-validation : best param found is reg = 1e-05             with score 77.99
22-11-06 17:11:06 - INFO - root: Evaluating...
22-11-06 17:11:08 - INFO - root: ***** Transfer task : MRPC *****


22-11-06 17:11:08 - INFO - root: Computing embedding for train
22-11-06 17:11:11 - INFO - root: Computed train embeddings
22-11-06 17:11:11 - INFO - root: Computing embedding for test
22-11-06 17:11:12 - INFO - root: Computed test embeddings
22-11-06 17:11:12 - INFO - root: Training pytorch-MLP-nhid0-rmsprop-bs128 with 5-fold cross-validation
22-11-06 17:11:24 - INFO - root: [('reg:1e-05', 72.99), ('reg:0.0001', 72.94), ('reg:0.001', 72.77), ('reg:0.01', 72.96)]
22-11-06 17:11:24 - INFO - root: Cross-validation : best param found is reg = 1e-05             with score 72.99
22-11-06 17:11:24 - INFO - root: Evaluating...
