22-11-07 00:59:48 - INFO - sentence_transformers.SentenceTransformer: Load pretrained SentenceTransformer: distiluse-base-multilingual-cased-v2
22-11-07 00:59:49 - INFO - sentence_transformers.SentenceTransformer: Use pytorch device: cuda
22-11-07 00:59:49 - INFO - __main__: SBert model distiluse-base-multilingual-cased-v2 is loaded.
22-11-07 00:59:51 - INFO - __main__: Num of SBert features: 512
22-11-07 00:59:52 - INFO - root: Generating sentence embeddings
22-11-07 00:59:57 - INFO - root: Generated sentence embeddings
22-11-07 00:59:57 - INFO - root: Training pytorch-MLP-nhid0-rmsprop-bs128 with (inner) 5-fold cross-validation
22-11-07 01:00:23 - INFO - root: Best param found at split 1: l2reg = 0.0001                 with score 69.87
22-11-07 01:00:56 - INFO - root: Best param found at split 2: l2reg = 0.01                 with score 70.99
22-11-07 01:01:26 - INFO - root: Best param found at split 3: l2reg = 0.0001                 with score 69.85
22-11-07 01:01:56 - INFO - root: Best param found at split 4: l2reg = 0.001                 with score 70.32
22-11-07 01:02:24 - INFO - root: Best param found at split 5: l2reg = 0.01                 with score 70.21
22-11-07 01:02:26 - INFO - root: Generating sentence embeddings
22-11-07 01:02:28 - INFO - root: Generated sentence embeddings
22-11-07 01:02:28 - INFO - root: Training pytorch-MLP-nhid0-rmsprop-bs128 with (inner) 5-fold cross-validation
22-11-07 01:02:38 - INFO - root: Best param found at split 1: l2reg = 0.01                 with score 82.42
22-11-07 01:02:49 - INFO - root: Best param found at split 2: l2reg = 0.0001                 with score 81.82
22-11-07 01:02:59 - INFO - root: Best param found at split 3: l2reg = 0.0001                 with score 81.95
22-11-07 01:03:10 - INFO - root: Best param found at split 4: l2reg = 1e-05                 with score 81.75
22-11-07 01:03:21 - INFO - root: Best param found at split 5: l2reg = 0.01                 with score 80.46
22-11-07 01:03:21 - INFO - root: Generating sentence embeddings
22-11-07 01:03:26 - INFO - root: Generated sentence embeddings
22-11-07 01:03:26 - INFO - root: Training pytorch-MLP-nhid0-rmsprop-bs128 with (inner) 5-fold cross-validation
22-11-07 01:03:51 - INFO - root: Best param found at split 1: l2reg = 1e-05                 with score 90.44
22-11-07 01:04:19 - INFO - root: Best param found at split 2: l2reg = 0.01                 with score 90.81
22-11-07 01:04:49 - INFO - root: Best param found at split 3: l2reg = 0.01                 with score 90.62
22-11-07 01:05:15 - INFO - root: Best param found at split 4: l2reg = 1e-05                 with score 90.12
22-11-07 01:05:43 - INFO - root: Best param found at split 5: l2reg = 1e-05                 with score 90.15
22-11-07 01:05:44 - INFO - root: Generating sentence embeddings
22-11-07 01:05:47 - INFO - root: Generated sentence embeddings
22-11-07 01:05:47 - INFO - root: Training pytorch-MLP-nhid0-rmsprop-bs128 with (inner) 5-fold cross-validation
22-11-07 01:06:10 - INFO - root: Best param found at split 1: l2reg = 0.001                 with score 85.88
22-11-07 01:06:38 - INFO - root: Best param found at split 2: l2reg = 0.0001                 with score 84.87
22-11-07 01:07:06 - INFO - root: Best param found at split 3: l2reg = 1e-05                 with score 85.79
22-11-07 01:07:35 - INFO - root: Best param found at split 4: l2reg = 0.01                 with score 86.18
22-11-07 01:08:09 - INFO - root: Best param found at split 5: l2reg = 0.01                 with score 86.35
22-11-07 01:08:11 - INFO - root: Computing embedding for train
22-11-07 01:08:14 - INFO - root: Computed train embeddings
22-11-07 01:08:14 - INFO - root: Computing embedding for dev
22-11-07 01:08:14 - INFO - root: Computed dev embeddings
22-11-07 01:08:14 - INFO - root: Computing embedding for test
22-11-07 01:08:15 - INFO - root: Computed test embeddings
22-11-07 01:08:15 - INFO - root: Training pytorch-MLP-nhid0-rmsprop-bs128 with standard validation..
22-11-07 01:08:22 - INFO - root: [('reg:1e-05', 37.15), ('reg:0.0001', 37.6), ('reg:0.001', 38.15), ('reg:0.01', 36.69)]
22-11-07 01:08:22 - INFO - root: Validation : best param found is reg = 0.001 with score             38.15
22-11-07 01:08:22 - INFO - root: Evaluating...
22-11-07 01:08:24 - INFO - root: ***** Transfer task : TREC *****


22-11-07 01:08:26 - INFO - root: Computed train embeddings
22-11-07 01:08:26 - INFO - root: Computed test embeddings
22-11-07 01:08:26 - INFO - root: Training pytorch-MLP-nhid0-rmsprop-bs128 with 5-fold cross-validation
22-11-07 01:08:43 - INFO - root: [('reg:1e-05', 83.14), ('reg:0.0001', 83.29), ('reg:0.001', 82.45), ('reg:0.01', 82.17)]
22-11-07 01:08:43 - INFO - root: Cross-validation : best param found is reg = 0.0001             with score 83.29
22-11-07 01:08:43 - INFO - root: Evaluating...
22-11-07 01:08:44 - INFO - root: ***** Transfer task : MRPC *****


22-11-07 01:08:44 - INFO - root: Computing embedding for train
22-11-07 01:08:48 - INFO - root: Computed train embeddings
22-11-07 01:08:48 - INFO - root: Computing embedding for test
22-11-07 01:08:49 - INFO - root: Computed test embeddings
22-11-07 01:08:49 - INFO - root: Training pytorch-MLP-nhid0-rmsprop-bs128 with 5-fold cross-validation
22-11-07 01:09:03 - INFO - root: [('reg:1e-05', 73.9), ('reg:0.0001', 73.9), ('reg:0.001', 73.31), ('reg:0.01', 74.24)]
22-11-07 01:09:03 - INFO - root: Cross-validation : best param found is reg = 0.01             with score 74.24
22-11-07 01:09:03 - INFO - root: Evaluating...
