22-11-07 08:47:18 - INFO - sentence_transformers.SentenceTransformer: Load pretrained SentenceTransformer: distiluse-base-multilingual-cased-v2
22-11-07 08:47:19 - INFO - sentence_transformers.SentenceTransformer: Use pytorch device: cuda
22-11-07 08:47:19 - INFO - __main__: SBert model distiluse-base-multilingual-cased-v2 is loaded.
22-11-07 08:47:21 - INFO - __main__: Num of SBert features: 512
22-11-07 08:47:22 - INFO - root: Generating sentence embeddings
22-11-07 08:47:26 - INFO - root: Generated sentence embeddings
22-11-07 08:47:26 - INFO - root: Training pytorch-MLP-nhid0-rmsprop-bs128 with (inner) 5-fold cross-validation
22-11-07 08:47:52 - INFO - root: Best param found at split 1: l2reg = 0.001                 with score 70.83
22-11-07 08:48:19 - INFO - root: Best param found at split 2: l2reg = 1e-05                 with score 71.08
22-11-07 08:48:52 - INFO - root: Best param found at split 3: l2reg = 0.001                 with score 71.44
22-11-07 08:49:22 - INFO - root: Best param found at split 4: l2reg = 0.0001                 with score 72.37
22-11-07 08:49:51 - INFO - root: Best param found at split 5: l2reg = 0.001                 with score 72.32
22-11-07 08:49:52 - INFO - root: Generating sentence embeddings
22-11-07 08:49:54 - INFO - root: Generated sentence embeddings
22-11-07 08:49:54 - INFO - root: Training pytorch-MLP-nhid0-rmsprop-bs128 with (inner) 5-fold cross-validation
22-11-07 08:50:03 - INFO - root: Best param found at split 1: l2reg = 0.01                 with score 81.29
22-11-07 08:50:14 - INFO - root: Best param found at split 2: l2reg = 0.01                 with score 82.55
22-11-07 08:50:25 - INFO - root: Best param found at split 3: l2reg = 1e-05                 with score 82.22
22-11-07 08:50:37 - INFO - root: Best param found at split 4: l2reg = 0.001                 with score 81.62
22-11-07 08:50:47 - INFO - root: Best param found at split 5: l2reg = 0.0001                 with score 81.39
22-11-07 08:50:48 - INFO - root: Generating sentence embeddings
22-11-07 08:50:52 - INFO - root: Generated sentence embeddings
22-11-07 08:50:52 - INFO - root: Training pytorch-MLP-nhid0-rmsprop-bs128 with (inner) 5-fold cross-validation
22-11-07 08:51:20 - INFO - root: Best param found at split 1: l2reg = 0.01                 with score 91.0
22-11-07 08:51:46 - INFO - root: Best param found at split 2: l2reg = 0.0001                 with score 91.01
22-11-07 08:52:15 - INFO - root: Best param found at split 3: l2reg = 0.01                 with score 91.11
22-11-07 08:52:40 - INFO - root: Best param found at split 4: l2reg = 0.01                 with score 90.91
22-11-07 08:53:09 - INFO - root: Best param found at split 5: l2reg = 0.01                 with score 90.71
22-11-07 08:53:10 - INFO - root: Generating sentence embeddings
22-11-07 08:53:13 - INFO - root: Generated sentence embeddings
22-11-07 08:53:13 - INFO - root: Training pytorch-MLP-nhid0-rmsprop-bs128 with (inner) 5-fold cross-validation
22-11-07 08:53:37 - INFO - root: Best param found at split 1: l2reg = 0.001                 with score 87.22
22-11-07 08:54:03 - INFO - root: Best param found at split 2: l2reg = 0.01                 with score 87.12
22-11-07 08:54:33 - INFO - root: Best param found at split 3: l2reg = 0.0001                 with score 86.99
22-11-07 08:54:49 - INFO - root: Best param found at split 4: l2reg = 0.01                 with score 86.38
22-11-07 08:55:06 - INFO - root: Best param found at split 5: l2reg = 0.001                 with score 86.67
22-11-07 08:55:07 - INFO - root: Computing embedding for train
22-11-07 08:55:10 - INFO - root: Computed train embeddings
22-11-07 08:55:10 - INFO - root: Computing embedding for dev
22-11-07 08:55:11 - INFO - root: Computed dev embeddings
22-11-07 08:55:11 - INFO - root: Computing embedding for test
22-11-07 08:55:12 - INFO - root: Computed test embeddings
22-11-07 08:55:12 - INFO - root: Training pytorch-MLP-nhid0-rmsprop-bs128 with standard validation..
22-11-07 08:55:19 - INFO - root: [('reg:1e-05', 37.15), ('reg:0.0001', 35.97), ('reg:0.001', 36.24), ('reg:0.01', 37.24)]
22-11-07 08:55:19 - INFO - root: Validation : best param found is reg = 0.01 with score             37.24
22-11-07 08:55:19 - INFO - root: Evaluating...
22-11-07 08:55:20 - INFO - root: ***** Transfer task : TREC *****


22-11-07 08:55:22 - INFO - root: Computed train embeddings
22-11-07 08:55:22 - INFO - root: Computed test embeddings
22-11-07 08:55:22 - INFO - root: Training pytorch-MLP-nhid0-rmsprop-bs128 with 5-fold cross-validation
22-11-07 08:55:40 - INFO - root: [('reg:1e-05', 84.76), ('reg:0.0001', 83.49), ('reg:0.001', 83.77), ('reg:0.01', 85.31)]
22-11-07 08:55:40 - INFO - root: Cross-validation : best param found is reg = 0.01             with score 85.31
22-11-07 08:55:40 - INFO - root: Evaluating...
22-11-07 08:55:41 - INFO - root: ***** Transfer task : MRPC *****


22-11-07 08:55:41 - INFO - root: Computing embedding for train
22-11-07 08:55:45 - INFO - root: Computed train embeddings
22-11-07 08:55:45 - INFO - root: Computing embedding for test
22-11-07 08:55:46 - INFO - root: Computed test embeddings
22-11-07 08:55:46 - INFO - root: Training pytorch-MLP-nhid0-rmsprop-bs128 with 5-fold cross-validation
22-11-07 08:55:59 - INFO - root: [('reg:1e-05', 74.29), ('reg:0.0001', 73.7), ('reg:0.001', 73.41), ('reg:0.01', 72.77)]
22-11-07 08:55:59 - INFO - root: Cross-validation : best param found is reg = 1e-05             with score 74.29
22-11-07 08:55:59 - INFO - root: Evaluating...
