22-11-07 18:15:11 - INFO - sentence_transformers.SentenceTransformer: Load pretrained SentenceTransformer: distiluse-base-multilingual-cased-v2
22-11-07 18:15:12 - INFO - sentence_transformers.SentenceTransformer: Use pytorch device: cuda
22-11-07 18:15:12 - INFO - __main__: SBert model distiluse-base-multilingual-cased-v2 is loaded.
22-11-07 18:15:14 - INFO - __main__: Num of SBert features: 512
22-11-07 18:15:16 - INFO - root: Generating sentence embeddings
22-11-07 18:15:20 - INFO - root: Generated sentence embeddings
22-11-07 18:15:20 - INFO - root: Training pytorch-MLP-nhid0-rmsprop-bs128 with (inner) 5-fold cross-validation
22-11-07 18:15:48 - INFO - root: Best param found at split 1: l2reg = 1e-05                 with score 72.52
22-11-07 18:16:14 - INFO - root: Best param found at split 2: l2reg = 0.01                 with score 71.11
22-11-07 18:16:40 - INFO - root: Best param found at split 3: l2reg = 0.01                 with score 71.7
22-11-07 18:17:07 - INFO - root: Best param found at split 4: l2reg = 0.001                 with score 69.71
22-11-07 18:17:35 - INFO - root: Best param found at split 5: l2reg = 1e-05                 with score 71.29
22-11-07 18:17:37 - INFO - root: Generating sentence embeddings
22-11-07 18:17:39 - INFO - root: Generated sentence embeddings
22-11-07 18:17:39 - INFO - root: Training pytorch-MLP-nhid0-rmsprop-bs128 with (inner) 5-fold cross-validation
22-11-07 18:17:49 - INFO - root: Best param found at split 1: l2reg = 0.01                 with score 82.81
22-11-07 18:18:00 - INFO - root: Best param found at split 2: l2reg = 0.001                 with score 82.62
22-11-07 18:18:11 - INFO - root: Best param found at split 3: l2reg = 1e-05                 with score 81.39
22-11-07 18:18:23 - INFO - root: Best param found at split 4: l2reg = 1e-05                 with score 82.02
22-11-07 18:18:34 - INFO - root: Best param found at split 5: l2reg = 0.0001                 with score 81.06
22-11-07 18:18:35 - INFO - root: Generating sentence embeddings
22-11-07 18:18:39 - INFO - root: Generated sentence embeddings
22-11-07 18:18:39 - INFO - root: Training pytorch-MLP-nhid0-rmsprop-bs128 with (inner) 5-fold cross-validation
22-11-07 18:19:06 - INFO - root: Best param found at split 1: l2reg = 0.001                 with score 91.18
22-11-07 18:19:34 - INFO - root: Best param found at split 2: l2reg = 0.01                 with score 91.35
22-11-07 18:20:03 - INFO - root: Best param found at split 3: l2reg = 0.001                 with score 91.05
22-11-07 18:20:33 - INFO - root: Best param found at split 4: l2reg = 0.0001                 with score 90.98
22-11-07 18:21:03 - INFO - root: Best param found at split 5: l2reg = 0.0001                 with score 90.84
22-11-07 18:21:04 - INFO - root: Generating sentence embeddings
22-11-07 18:21:07 - INFO - root: Generated sentence embeddings
22-11-07 18:21:07 - INFO - root: Training pytorch-MLP-nhid0-rmsprop-bs128 with (inner) 5-fold cross-validation
22-11-07 18:21:33 - INFO - root: Best param found at split 1: l2reg = 0.01                 with score 87.68
22-11-07 18:22:02 - INFO - root: Best param found at split 2: l2reg = 0.001                 with score 86.67
22-11-07 18:22:33 - INFO - root: Best param found at split 3: l2reg = 0.0001                 with score 87.04
22-11-07 18:22:59 - INFO - root: Best param found at split 4: l2reg = 0.001                 with score 86.93
22-11-07 18:23:26 - INFO - root: Best param found at split 5: l2reg = 0.01                 with score 85.44
22-11-07 18:23:27 - INFO - root: Computing embedding for train
22-11-07 18:23:31 - INFO - root: Computed train embeddings
22-11-07 18:23:31 - INFO - root: Computing embedding for dev
22-11-07 18:23:31 - INFO - root: Computed dev embeddings
22-11-07 18:23:31 - INFO - root: Computing embedding for test
22-11-07 18:23:32 - INFO - root: Computed test embeddings
22-11-07 18:23:32 - INFO - root: Training pytorch-MLP-nhid0-rmsprop-bs128 with standard validation..
22-11-07 18:23:39 - INFO - root: [('reg:1e-05', 34.97), ('reg:0.0001', 36.69), ('reg:0.001', 39.87), ('reg:0.01', 39.06)]
22-11-07 18:23:39 - INFO - root: Validation : best param found is reg = 0.001 with score             39.87
22-11-07 18:23:39 - INFO - root: Evaluating...
22-11-07 18:23:41 - INFO - root: ***** Transfer task : TREC *****


22-11-07 18:23:43 - INFO - root: Computed train embeddings
22-11-07 18:23:43 - INFO - root: Computed test embeddings
22-11-07 18:23:43 - INFO - root: Training pytorch-MLP-nhid0-rmsprop-bs128 with 5-fold cross-validation
22-11-07 18:24:01 - INFO - root: [('reg:1e-05', 83.6), ('reg:0.0001', 85.36), ('reg:0.001', 83.75), ('reg:0.01', 82.43)]
22-11-07 18:24:01 - INFO - root: Cross-validation : best param found is reg = 0.0001             with score 85.36
22-11-07 18:24:01 - INFO - root: Evaluating...
22-11-07 18:24:02 - INFO - root: ***** Transfer task : MRPC *****


22-11-07 18:24:02 - INFO - root: Computing embedding for train
22-11-07 18:24:05 - INFO - root: Computed train embeddings
22-11-07 18:24:05 - INFO - root: Computing embedding for test
22-11-07 18:24:07 - INFO - root: Computed test embeddings
22-11-07 18:24:07 - INFO - root: Training pytorch-MLP-nhid0-rmsprop-bs128 with 5-fold cross-validation
22-11-07 18:24:20 - INFO - root: [('reg:1e-05', 73.38), ('reg:0.0001', 73.87), ('reg:0.001', 74.04), ('reg:0.01', 73.14)]
22-11-07 18:24:20 - INFO - root: Cross-validation : best param found is reg = 0.001             with score 74.04
22-11-07 18:24:20 - INFO - root: Evaluating...
22-11-19 10:24:04 - INFO - sentence_transformers.SentenceTransformer: Load pretrained SentenceTransformer: distiluse-base-multilingual-cased-v2
22-11-19 10:24:05 - INFO - sentence_transformers.SentenceTransformer: Use pytorch device: cuda
22-11-19 10:24:05 - INFO - __main__: SBert model distiluse-base-multilingual-cased-v2 is loaded.
22-11-19 10:24:07 - INFO - __main__: Num of SBert features: 512
