22-11-07 06:04:01 - INFO - sentence_transformers.SentenceTransformer: Load pretrained SentenceTransformer: distiluse-base-multilingual-cased-v2
22-11-07 06:04:02 - INFO - sentence_transformers.SentenceTransformer: Use pytorch device: cuda
22-11-07 06:04:02 - INFO - __main__: SBert model distiluse-base-multilingual-cased-v2 is loaded.
22-11-07 06:04:04 - INFO - __main__: Num of SBert features: 512
22-11-07 06:04:04 - INFO - root: Generating sentence embeddings
22-11-07 06:04:09 - INFO - root: Generated sentence embeddings
22-11-07 06:04:09 - INFO - root: Training pytorch-MLP-nhid0-rmsprop-bs128 with (inner) 5-fold cross-validation
22-11-07 06:04:35 - INFO - root: Best param found at split 1: l2reg = 1e-05                 with score 71.15
22-11-07 06:04:54 - INFO - root: Best param found at split 2: l2reg = 0.0001                 with score 70.88
22-11-07 06:05:25 - INFO - root: Best param found at split 3: l2reg = 1e-05                 with score 70.62
22-11-07 06:05:52 - INFO - root: Best param found at split 4: l2reg = 1e-05                 with score 71.55
22-11-07 06:06:25 - INFO - root: Best param found at split 5: l2reg = 0.0001                 with score 70.23
22-11-07 06:06:27 - INFO - root: Generating sentence embeddings
22-11-07 06:06:29 - INFO - root: Generated sentence embeddings
22-11-07 06:06:29 - INFO - root: Training pytorch-MLP-nhid0-rmsprop-bs128 with (inner) 5-fold cross-validation
22-11-07 06:06:38 - INFO - root: Best param found at split 1: l2reg = 0.01                 with score 81.72
22-11-07 06:06:48 - INFO - root: Best param found at split 2: l2reg = 0.001                 with score 80.99
22-11-07 06:06:59 - INFO - root: Best param found at split 3: l2reg = 0.001                 with score 82.15
22-11-07 06:07:10 - INFO - root: Best param found at split 4: l2reg = 0.001                 with score 80.43
22-11-07 06:07:22 - INFO - root: Best param found at split 5: l2reg = 0.0001                 with score 82.05
22-11-07 06:07:22 - INFO - root: Generating sentence embeddings
22-11-07 06:07:27 - INFO - root: Generated sentence embeddings
22-11-07 06:07:27 - INFO - root: Training pytorch-MLP-nhid0-rmsprop-bs128 with (inner) 5-fold cross-validation
22-11-07 06:07:52 - INFO - root: Best param found at split 1: l2reg = 0.001                 with score 90.93
22-11-07 06:08:21 - INFO - root: Best param found at split 2: l2reg = 0.01                 with score 91.1
22-11-07 06:08:48 - INFO - root: Best param found at split 3: l2reg = 0.0001                 with score 91.09
22-11-07 06:09:17 - INFO - root: Best param found at split 4: l2reg = 1e-05                 with score 90.45
22-11-07 06:09:46 - INFO - root: Best param found at split 5: l2reg = 0.01                 with score 90.98
22-11-07 06:09:47 - INFO - root: Generating sentence embeddings
22-11-07 06:09:50 - INFO - root: Generated sentence embeddings
22-11-07 06:09:50 - INFO - root: Training pytorch-MLP-nhid0-rmsprop-bs128 with (inner) 5-fold cross-validation
22-11-07 06:10:16 - INFO - root: Best param found at split 1: l2reg = 1e-05                 with score 86.36
22-11-07 06:10:46 - INFO - root: Best param found at split 2: l2reg = 0.0001                 with score 86.27
22-11-07 06:11:14 - INFO - root: Best param found at split 3: l2reg = 0.0001                 with score 86.29
22-11-07 06:11:42 - INFO - root: Best param found at split 4: l2reg = 1e-05                 with score 86.09
22-11-07 06:12:12 - INFO - root: Best param found at split 5: l2reg = 0.01                 with score 86.02
22-11-07 06:12:13 - INFO - root: Computing embedding for train
22-11-07 06:12:17 - INFO - root: Computed train embeddings
22-11-07 06:12:17 - INFO - root: Computing embedding for dev
22-11-07 06:12:17 - INFO - root: Computed dev embeddings
22-11-07 06:12:17 - INFO - root: Computing embedding for test
22-11-07 06:12:18 - INFO - root: Computed test embeddings
22-11-07 06:12:18 - INFO - root: Training pytorch-MLP-nhid0-rmsprop-bs128 with standard validation..
22-11-07 06:12:26 - INFO - root: [('reg:1e-05', 38.96), ('reg:0.0001', 37.51), ('reg:0.001', 38.15), ('reg:0.01', 39.33)]
22-11-07 06:12:26 - INFO - root: Validation : best param found is reg = 0.01 with score             39.33
22-11-07 06:12:26 - INFO - root: Evaluating...
22-11-07 06:12:27 - INFO - root: ***** Transfer task : TREC *****


22-11-07 06:12:29 - INFO - root: Computed train embeddings
22-11-07 06:12:29 - INFO - root: Computed test embeddings
22-11-07 06:12:29 - INFO - root: Training pytorch-MLP-nhid0-rmsprop-bs128 with 5-fold cross-validation
22-11-07 06:12:47 - INFO - root: [('reg:1e-05', 82.83), ('reg:0.0001', 84.46), ('reg:0.001', 83.82), ('reg:0.01', 80.08)]
22-11-07 06:12:47 - INFO - root: Cross-validation : best param found is reg = 0.0001             with score 84.46
22-11-07 06:12:47 - INFO - root: Evaluating...
22-11-07 06:12:48 - INFO - root: ***** Transfer task : MRPC *****


22-11-07 06:12:48 - INFO - root: Computing embedding for train
22-11-07 06:12:52 - INFO - root: Computed train embeddings
22-11-07 06:12:52 - INFO - root: Computing embedding for test
22-11-07 06:12:53 - INFO - root: Computed test embeddings
22-11-07 06:12:53 - INFO - root: Training pytorch-MLP-nhid0-rmsprop-bs128 with 5-fold cross-validation
22-11-07 06:13:07 - INFO - root: [('reg:1e-05', 72.99), ('reg:0.0001', 73.14), ('reg:0.001', 73.01), ('reg:0.01', 72.87)]
22-11-07 06:13:07 - INFO - root: Cross-validation : best param found is reg = 0.0001             with score 73.14
22-11-07 06:13:07 - INFO - root: Evaluating...
