22-11-06 20:01:30 - INFO - sentence_transformers.SentenceTransformer: Load pretrained SentenceTransformer: distiluse-base-multilingual-cased-v2
22-11-06 20:01:31 - INFO - sentence_transformers.SentenceTransformer: Use pytorch device: cuda
22-11-06 20:01:31 - INFO - __main__: SBert model distiluse-base-multilingual-cased-v2 is loaded.
22-11-06 20:01:34 - INFO - __main__: Num of SBert features: 512
22-11-06 20:01:35 - INFO - root: Generating sentence embeddings
22-11-06 20:01:39 - INFO - root: Generated sentence embeddings
22-11-06 20:01:39 - INFO - root: Training pytorch-MLP-nhid0-rmsprop-bs128 with (inner) 5-fold cross-validation
22-11-06 20:02:07 - INFO - root: Best param found at split 1: l2reg = 0.01                 with score 70.86
22-11-06 20:02:35 - INFO - root: Best param found at split 2: l2reg = 1e-05                 with score 69.13
22-11-06 20:03:05 - INFO - root: Best param found at split 3: l2reg = 0.01                 with score 69.79
22-11-06 20:03:34 - INFO - root: Best param found at split 4: l2reg = 0.01                 with score 71.04
22-11-06 20:04:03 - INFO - root: Best param found at split 5: l2reg = 0.001                 with score 71.11
22-11-06 20:04:04 - INFO - root: Generating sentence embeddings
22-11-06 20:04:06 - INFO - root: Generated sentence embeddings
22-11-06 20:04:06 - INFO - root: Training pytorch-MLP-nhid0-rmsprop-bs128 with (inner) 5-fold cross-validation
22-11-06 20:04:15 - INFO - root: Best param found at split 1: l2reg = 0.001                 with score 80.4
22-11-06 20:04:26 - INFO - root: Best param found at split 2: l2reg = 1e-05                 with score 80.33
22-11-06 20:04:37 - INFO - root: Best param found at split 3: l2reg = 0.0001                 with score 79.5
22-11-06 20:04:48 - INFO - root: Best param found at split 4: l2reg = 0.01                 with score 79.4
22-11-06 20:04:59 - INFO - root: Best param found at split 5: l2reg = 0.001                 with score 78.81
22-11-06 20:05:00 - INFO - root: Generating sentence embeddings
22-11-06 20:05:04 - INFO - root: Generated sentence embeddings
22-11-06 20:05:04 - INFO - root: Training pytorch-MLP-nhid0-rmsprop-bs128 with (inner) 5-fold cross-validation
22-11-06 20:05:29 - INFO - root: Best param found at split 1: l2reg = 0.01                 with score 89.98
22-11-06 20:05:58 - INFO - root: Best param found at split 2: l2reg = 0.01                 with score 89.79
22-11-06 20:06:24 - INFO - root: Best param found at split 3: l2reg = 0.01                 with score 89.85
22-11-06 20:06:48 - INFO - root: Best param found at split 4: l2reg = 0.01                 with score 89.39
22-11-06 20:07:13 - INFO - root: Best param found at split 5: l2reg = 0.001                 with score 89.59
22-11-06 20:07:15 - INFO - root: Generating sentence embeddings
22-11-06 20:07:17 - INFO - root: Generated sentence embeddings
22-11-06 20:07:17 - INFO - root: Training pytorch-MLP-nhid0-rmsprop-bs128 with (inner) 5-fold cross-validation
22-11-06 20:07:42 - INFO - root: Best param found at split 1: l2reg = 0.01                 with score 86.89
22-11-06 20:08:11 - INFO - root: Best param found at split 2: l2reg = 0.01                 with score 85.89
22-11-06 20:08:38 - INFO - root: Best param found at split 3: l2reg = 0.0001                 with score 86.15
22-11-06 20:09:08 - INFO - root: Best param found at split 4: l2reg = 0.01                 with score 85.24
22-11-06 20:09:38 - INFO - root: Best param found at split 5: l2reg = 0.0001                 with score 85.27
22-11-06 20:09:40 - INFO - root: Computing embedding for train
22-11-06 20:09:43 - INFO - root: Computed train embeddings
22-11-06 20:09:43 - INFO - root: Computing embedding for dev
22-11-06 20:09:44 - INFO - root: Computed dev embeddings
22-11-06 20:09:44 - INFO - root: Computing embedding for test
22-11-06 20:09:45 - INFO - root: Computed test embeddings
22-11-06 20:09:45 - INFO - root: Training pytorch-MLP-nhid0-rmsprop-bs128 with standard validation..
22-11-06 20:09:51 - INFO - root: [('reg:1e-05', 37.06), ('reg:0.0001', 36.88), ('reg:0.001', 37.24), ('reg:0.01', 37.97)]
22-11-06 20:09:51 - INFO - root: Validation : best param found is reg = 0.01 with score             37.97
22-11-06 20:09:51 - INFO - root: Evaluating...
22-11-06 20:09:53 - INFO - root: ***** Transfer task : TREC *****


22-11-06 20:09:55 - INFO - root: Computed train embeddings
22-11-06 20:09:55 - INFO - root: Computed test embeddings
22-11-06 20:09:55 - INFO - root: Training pytorch-MLP-nhid0-rmsprop-bs128 with 5-fold cross-validation
22-11-06 20:10:12 - INFO - root: [('reg:1e-05', 79.82), ('reg:0.0001', 79.64), ('reg:0.001', 79.95), ('reg:0.01', 79.24)]
22-11-06 20:10:12 - INFO - root: Cross-validation : best param found is reg = 0.001             with score 79.95
22-11-06 20:10:12 - INFO - root: Evaluating...
22-11-06 20:10:13 - INFO - root: ***** Transfer task : MRPC *****


22-11-06 20:10:13 - INFO - root: Computing embedding for train
22-11-06 20:10:17 - INFO - root: Computed train embeddings
22-11-06 20:10:17 - INFO - root: Computing embedding for test
22-11-06 20:10:18 - INFO - root: Computed test embeddings
22-11-06 20:10:18 - INFO - root: Training pytorch-MLP-nhid0-rmsprop-bs128 with 5-fold cross-validation
22-11-06 20:10:34 - INFO - root: [('reg:1e-05', 72.28), ('reg:0.0001', 72.13), ('reg:0.001', 72.25), ('reg:0.01', 72.55)]
22-11-06 20:10:34 - INFO - root: Cross-validation : best param found is reg = 0.01             with score 72.55
22-11-06 20:10:34 - INFO - root: Evaluating...
22-11-19 01:26:17 - INFO - sentence_transformers.SentenceTransformer: Load pretrained SentenceTransformer: distiluse-base-multilingual-cased-v2
22-11-19 01:26:19 - INFO - sentence_transformers.SentenceTransformer: Use pytorch device: cuda
22-11-19 01:26:19 - INFO - __main__: SBert model distiluse-base-multilingual-cased-v2 is loaded.
22-11-19 01:26:20 - INFO - __main__: Num of SBert features: 512
