22-11-07 12:42:51 - INFO - sentence_transformers.SentenceTransformer: Load pretrained SentenceTransformer: distiluse-base-multilingual-cased-v2
22-11-07 12:42:53 - INFO - sentence_transformers.SentenceTransformer: Use pytorch device: cuda
22-11-07 12:42:53 - INFO - __main__: SBert model distiluse-base-multilingual-cased-v2 is loaded.
22-11-07 12:42:55 - INFO - __main__: Num of SBert features: 512
22-11-07 12:42:56 - INFO - root: Generating sentence embeddings
22-11-07 12:43:01 - INFO - root: Generated sentence embeddings
22-11-07 12:43:01 - INFO - root: Training pytorch-MLP-nhid0-rmsprop-bs128 with (inner) 5-fold cross-validation
22-11-07 12:43:29 - INFO - root: Best param found at split 1: l2reg = 0.01                 with score 69.63
22-11-07 12:43:53 - INFO - root: Best param found at split 2: l2reg = 0.001                 with score 70.14
22-11-07 12:44:25 - INFO - root: Best param found at split 3: l2reg = 0.001                 with score 72.7
22-11-07 12:44:55 - INFO - root: Best param found at split 4: l2reg = 0.01                 with score 71.13
22-11-07 12:45:23 - INFO - root: Best param found at split 5: l2reg = 0.0001                 with score 68.98
22-11-07 12:45:25 - INFO - root: Generating sentence embeddings
22-11-07 12:45:27 - INFO - root: Generated sentence embeddings
22-11-07 12:45:27 - INFO - root: Training pytorch-MLP-nhid0-rmsprop-bs128 with (inner) 5-fold cross-validation
22-11-07 12:45:36 - INFO - root: Best param found at split 1: l2reg = 0.001                 with score 80.33
22-11-07 12:45:47 - INFO - root: Best param found at split 2: l2reg = 0.0001                 with score 81.29
22-11-07 12:45:58 - INFO - root: Best param found at split 3: l2reg = 0.01                 with score 82.02
22-11-07 12:46:08 - INFO - root: Best param found at split 4: l2reg = 1e-05                 with score 81.29
22-11-07 12:46:19 - INFO - root: Best param found at split 5: l2reg = 0.001                 with score 81.16
22-11-07 12:46:20 - INFO - root: Generating sentence embeddings
22-11-07 12:46:24 - INFO - root: Generated sentence embeddings
22-11-07 12:46:24 - INFO - root: Training pytorch-MLP-nhid0-rmsprop-bs128 with (inner) 5-fold cross-validation
22-11-07 12:46:49 - INFO - root: Best param found at split 1: l2reg = 0.001                 with score 91.28
22-11-07 12:47:16 - INFO - root: Best param found at split 2: l2reg = 0.001                 with score 91.46
22-11-07 12:47:45 - INFO - root: Best param found at split 3: l2reg = 0.01                 with score 91.38
22-11-07 12:48:12 - INFO - root: Best param found at split 4: l2reg = 0.01                 with score 90.68
22-11-07 12:48:40 - INFO - root: Best param found at split 5: l2reg = 1e-05                 with score 90.96
22-11-07 12:48:42 - INFO - root: Generating sentence embeddings
22-11-07 12:48:44 - INFO - root: Generated sentence embeddings
22-11-07 12:48:44 - INFO - root: Training pytorch-MLP-nhid0-rmsprop-bs128 with (inner) 5-fold cross-validation
22-11-07 12:49:08 - INFO - root: Best param found at split 1: l2reg = 0.01                 with score 86.66
22-11-07 12:49:38 - INFO - root: Best param found at split 2: l2reg = 0.0001                 with score 86.69
22-11-07 12:50:05 - INFO - root: Best param found at split 3: l2reg = 0.001                 with score 86.36
22-11-07 12:50:34 - INFO - root: Best param found at split 4: l2reg = 0.01                 with score 86.49
22-11-07 12:51:02 - INFO - root: Best param found at split 5: l2reg = 0.0001                 with score 85.72
22-11-07 12:51:04 - INFO - root: Computing embedding for train
22-11-07 12:51:07 - INFO - root: Computed train embeddings
22-11-07 12:51:07 - INFO - root: Computing embedding for dev
22-11-07 12:51:08 - INFO - root: Computed dev embeddings
22-11-07 12:51:08 - INFO - root: Computing embedding for test
22-11-07 12:51:08 - INFO - root: Computed test embeddings
22-11-07 12:51:08 - INFO - root: Training pytorch-MLP-nhid0-rmsprop-bs128 with standard validation..
22-11-07 12:51:15 - INFO - root: [('reg:1e-05', 37.78), ('reg:0.0001', 35.24), ('reg:0.001', 35.69), ('reg:0.01', 37.51)]
22-11-07 12:51:15 - INFO - root: Validation : best param found is reg = 1e-05 with score             37.78
22-11-07 12:51:15 - INFO - root: Evaluating...
22-11-07 12:51:17 - INFO - root: ***** Transfer task : TREC *****


22-11-07 12:51:18 - INFO - root: Computed train embeddings
22-11-07 12:51:18 - INFO - root: Computed test embeddings
22-11-07 12:51:18 - INFO - root: Training pytorch-MLP-nhid0-rmsprop-bs128 with 5-fold cross-validation
22-11-07 12:51:36 - INFO - root: [('reg:1e-05', 84.81), ('reg:0.0001', 82.81), ('reg:0.001', 82.74), ('reg:0.01', 78.34)]
22-11-07 12:51:36 - INFO - root: Cross-validation : best param found is reg = 1e-05             with score 84.81
22-11-07 12:51:36 - INFO - root: Evaluating...
22-11-07 12:51:37 - INFO - root: ***** Transfer task : MRPC *****


22-11-07 12:51:37 - INFO - root: Computing embedding for train
22-11-07 12:51:40 - INFO - root: Computed train embeddings
22-11-07 12:51:40 - INFO - root: Computing embedding for test
22-11-07 12:51:42 - INFO - root: Computed test embeddings
22-11-07 12:51:42 - INFO - root: Training pytorch-MLP-nhid0-rmsprop-bs128 with 5-fold cross-validation
22-11-07 12:51:55 - INFO - root: [('reg:1e-05', 73.72), ('reg:0.0001', 72.77), ('reg:0.001', 73.33), ('reg:0.01', 72.23)]
22-11-07 12:51:55 - INFO - root: Cross-validation : best param found is reg = 1e-05             with score 73.72
22-11-07 12:51:55 - INFO - root: Evaluating...
22-11-19 08:08:38 - INFO - sentence_transformers.SentenceTransformer: Load pretrained SentenceTransformer: distiluse-base-multilingual-cased-v2
22-11-19 08:08:39 - INFO - sentence_transformers.SentenceTransformer: Use pytorch device: cuda
22-11-19 08:08:39 - INFO - __main__: SBert model distiluse-base-multilingual-cased-v2 is loaded.
22-11-19 08:08:41 - INFO - __main__: Num of SBert features: 512
