22-11-07 14:55:49 - INFO - sentence_transformers.SentenceTransformer: Load pretrained SentenceTransformer: distiluse-base-multilingual-cased-v2
22-11-07 14:55:50 - INFO - sentence_transformers.SentenceTransformer: Use pytorch device: cuda
22-11-07 14:55:50 - INFO - __main__: SBert model distiluse-base-multilingual-cased-v2 is loaded.
22-11-07 14:55:52 - INFO - __main__: Num of SBert features: 512
22-11-07 14:55:53 - INFO - root: Generating sentence embeddings
22-11-07 14:55:58 - INFO - root: Generated sentence embeddings
22-11-07 14:55:58 - INFO - root: Training pytorch-MLP-nhid0-rmsprop-bs128 with (inner) 5-fold cross-validation
22-11-07 14:56:28 - INFO - root: Best param found at split 1: l2reg = 0.001                 with score 69.83
22-11-07 14:56:59 - INFO - root: Best param found at split 2: l2reg = 1e-05                 with score 72.73
22-11-07 14:57:31 - INFO - root: Best param found at split 3: l2reg = 0.001                 with score 72.36
22-11-07 14:57:58 - INFO - root: Best param found at split 4: l2reg = 1e-05                 with score 71.0
22-11-07 14:58:25 - INFO - root: Best param found at split 5: l2reg = 1e-05                 with score 71.11
22-11-07 14:58:27 - INFO - root: Generating sentence embeddings
22-11-07 14:58:29 - INFO - root: Generated sentence embeddings
22-11-07 14:58:29 - INFO - root: Training pytorch-MLP-nhid0-rmsprop-bs128 with (inner) 5-fold cross-validation
22-11-07 14:58:40 - INFO - root: Best param found at split 1: l2reg = 1e-05                 with score 83.05
22-11-07 14:58:51 - INFO - root: Best param found at split 2: l2reg = 0.0001                 with score 81.92
22-11-07 14:59:02 - INFO - root: Best param found at split 3: l2reg = 1e-05                 with score 81.99
22-11-07 14:59:12 - INFO - root: Best param found at split 4: l2reg = 0.001                 with score 82.15
22-11-07 14:59:23 - INFO - root: Best param found at split 5: l2reg = 0.001                 with score 82.02
22-11-07 14:59:24 - INFO - root: Generating sentence embeddings
22-11-07 14:59:29 - INFO - root: Generated sentence embeddings
22-11-07 14:59:29 - INFO - root: Training pytorch-MLP-nhid0-rmsprop-bs128 with (inner) 5-fold cross-validation
22-11-07 14:59:54 - INFO - root: Best param found at split 1: l2reg = 0.001                 with score 91.38
22-11-07 15:00:23 - INFO - root: Best param found at split 2: l2reg = 1e-05                 with score 91.9
22-11-07 15:00:53 - INFO - root: Best param found at split 3: l2reg = 0.001                 with score 91.83
22-11-07 15:01:22 - INFO - root: Best param found at split 4: l2reg = 1e-05                 with score 91.59
22-11-07 15:01:52 - INFO - root: Best param found at split 5: l2reg = 0.0001                 with score 91.52
22-11-07 15:01:54 - INFO - root: Generating sentence embeddings
22-11-07 15:01:56 - INFO - root: Generated sentence embeddings
22-11-07 15:01:56 - INFO - root: Training pytorch-MLP-nhid0-rmsprop-bs128 with (inner) 5-fold cross-validation
22-11-07 15:02:21 - INFO - root: Best param found at split 1: l2reg = 1e-05                 with score 87.65
22-11-07 15:02:50 - INFO - root: Best param found at split 2: l2reg = 0.001                 with score 87.02
22-11-07 15:03:21 - INFO - root: Best param found at split 3: l2reg = 0.0001                 with score 86.72
22-11-07 15:03:47 - INFO - root: Best param found at split 4: l2reg = 0.01                 with score 85.73
22-11-07 15:04:15 - INFO - root: Best param found at split 5: l2reg = 0.01                 with score 85.77
22-11-07 15:04:16 - INFO - root: Computing embedding for train
22-11-07 15:04:20 - INFO - root: Computed train embeddings
22-11-07 15:04:20 - INFO - root: Computing embedding for dev
22-11-07 15:04:20 - INFO - root: Computed dev embeddings
22-11-07 15:04:20 - INFO - root: Computing embedding for test
22-11-07 15:04:21 - INFO - root: Computed test embeddings
22-11-07 15:04:21 - INFO - root: Training pytorch-MLP-nhid0-rmsprop-bs128 with standard validation..
22-11-07 15:04:29 - INFO - root: [('reg:1e-05', 38.15), ('reg:0.0001', 35.79), ('reg:0.001', 39.06), ('reg:0.01', 37.24)]
22-11-07 15:04:29 - INFO - root: Validation : best param found is reg = 0.001 with score             39.06
22-11-07 15:04:29 - INFO - root: Evaluating...
22-11-07 15:04:31 - INFO - root: ***** Transfer task : TREC *****


22-11-07 15:04:33 - INFO - root: Computed train embeddings
22-11-07 15:04:33 - INFO - root: Computed test embeddings
22-11-07 15:04:33 - INFO - root: Training pytorch-MLP-nhid0-rmsprop-bs128 with 5-fold cross-validation
22-11-07 15:04:50 - INFO - root: [('reg:1e-05', 85.91), ('reg:0.0001', 85.4), ('reg:0.001', 84.3), ('reg:0.01', 85.0)]
22-11-07 15:04:50 - INFO - root: Cross-validation : best param found is reg = 1e-05             with score 85.91
22-11-07 15:04:50 - INFO - root: Evaluating...
22-11-07 15:04:51 - INFO - root: ***** Transfer task : MRPC *****


22-11-07 15:04:51 - INFO - root: Computing embedding for train
22-11-07 15:04:55 - INFO - root: Computed train embeddings
22-11-07 15:04:55 - INFO - root: Computing embedding for test
22-11-07 15:04:56 - INFO - root: Computed test embeddings
22-11-07 15:04:56 - INFO - root: Training pytorch-MLP-nhid0-rmsprop-bs128 with 5-fold cross-validation
22-11-07 15:05:10 - INFO - root: [('reg:1e-05', 72.72), ('reg:0.0001', 73.26), ('reg:0.001', 72.37), ('reg:0.01', 73.41)]
22-11-07 15:05:10 - INFO - root: Cross-validation : best param found is reg = 0.01             with score 73.41
22-11-07 15:05:10 - INFO - root: Evaluating...
