22-11-06 18:18:17 - INFO - sentence_transformers.SentenceTransformer: Load pretrained SentenceTransformer: distiluse-base-multilingual-cased-v2
22-11-06 18:18:18 - INFO - sentence_transformers.SentenceTransformer: Use pytorch device: cuda
22-11-06 18:18:18 - INFO - __main__: SBert model distiluse-base-multilingual-cased-v2 is loaded.
22-11-06 18:18:20 - INFO - __main__: Num of SBert features: 512
22-11-06 18:18:21 - INFO - root: Generating sentence embeddings
22-11-06 18:18:26 - INFO - root: Generated sentence embeddings
22-11-06 18:18:26 - INFO - root: Training pytorch-MLP-nhid0-rmsprop-bs128 with (inner) 5-fold cross-validation
22-11-06 18:18:55 - INFO - root: Best param found at split 1: l2reg = 1e-05                 with score 68.85
22-11-06 18:19:27 - INFO - root: Best param found at split 2: l2reg = 0.0001                 with score 68.12
22-11-06 18:19:58 - INFO - root: Best param found at split 3: l2reg = 0.0001                 with score 70.61
22-11-06 18:20:24 - INFO - root: Best param found at split 4: l2reg = 0.0001                 with score 69.82
22-11-06 18:20:55 - INFO - root: Best param found at split 5: l2reg = 1e-05                 with score 69.82
22-11-06 18:20:57 - INFO - root: Generating sentence embeddings
22-11-06 18:20:59 - INFO - root: Generated sentence embeddings
22-11-06 18:20:59 - INFO - root: Training pytorch-MLP-nhid0-rmsprop-bs128 with (inner) 5-fold cross-validation
22-11-06 18:21:08 - INFO - root: Best param found at split 1: l2reg = 0.01                 with score 80.46
22-11-06 18:21:18 - INFO - root: Best param found at split 2: l2reg = 1e-05                 with score 79.14
22-11-06 18:21:28 - INFO - root: Best param found at split 3: l2reg = 1e-05                 with score 80.86
22-11-06 18:21:39 - INFO - root: Best param found at split 4: l2reg = 0.0001                 with score 79.27
22-11-06 18:21:50 - INFO - root: Best param found at split 5: l2reg = 1e-05                 with score 79.74
22-11-06 18:21:50 - INFO - root: Generating sentence embeddings
22-11-06 18:21:55 - INFO - root: Generated sentence embeddings
22-11-06 18:21:55 - INFO - root: Training pytorch-MLP-nhid0-rmsprop-bs128 with (inner) 5-fold cross-validation
22-11-06 18:22:18 - INFO - root: Best param found at split 1: l2reg = 1e-05                 with score 89.76
22-11-06 18:22:46 - INFO - root: Best param found at split 2: l2reg = 1e-05                 with score 90.08
22-11-06 18:23:12 - INFO - root: Best param found at split 3: l2reg = 0.0001                 with score 89.74
22-11-06 18:23:39 - INFO - root: Best param found at split 4: l2reg = 0.01                 with score 89.46
22-11-06 18:24:05 - INFO - root: Best param found at split 5: l2reg = 0.0001                 with score 89.57
22-11-06 18:24:07 - INFO - root: Generating sentence embeddings
22-11-06 18:24:09 - INFO - root: Generated sentence embeddings
22-11-06 18:24:09 - INFO - root: Training pytorch-MLP-nhid0-rmsprop-bs128 with (inner) 5-fold cross-validation
22-11-06 18:24:33 - INFO - root: Best param found at split 1: l2reg = 0.01                 with score 85.93
22-11-06 18:25:01 - INFO - root: Best param found at split 2: l2reg = 0.0001                 with score 85.28
22-11-06 18:25:31 - INFO - root: Best param found at split 3: l2reg = 0.01                 with score 86.31
22-11-06 18:25:56 - INFO - root: Best param found at split 4: l2reg = 0.01                 with score 85.92
22-11-06 18:26:25 - INFO - root: Best param found at split 5: l2reg = 0.01                 with score 84.09
22-11-06 18:26:27 - INFO - root: Computing embedding for train
22-11-06 18:26:30 - INFO - root: Computed train embeddings
22-11-06 18:26:30 - INFO - root: Computing embedding for dev
22-11-06 18:26:31 - INFO - root: Computed dev embeddings
22-11-06 18:26:31 - INFO - root: Computing embedding for test
22-11-06 18:26:31 - INFO - root: Computed test embeddings
22-11-06 18:26:31 - INFO - root: Training pytorch-MLP-nhid0-rmsprop-bs128 with standard validation..
22-11-06 18:26:38 - INFO - root: [('reg:1e-05', 38.96), ('reg:0.0001', 38.78), ('reg:0.001', 38.42), ('reg:0.01', 35.88)]
22-11-06 18:26:38 - INFO - root: Validation : best param found is reg = 1e-05 with score             38.96
22-11-06 18:26:38 - INFO - root: Evaluating...
22-11-06 18:26:40 - INFO - root: ***** Transfer task : TREC *****


22-11-06 18:26:42 - INFO - root: Computed train embeddings
22-11-06 18:26:42 - INFO - root: Computed test embeddings
22-11-06 18:26:42 - INFO - root: Training pytorch-MLP-nhid0-rmsprop-bs128 with 5-fold cross-validation
22-11-06 18:26:59 - INFO - root: [('reg:1e-05', 79.84), ('reg:0.0001', 79.86), ('reg:0.001', 79.71), ('reg:0.01', 79.73)]
22-11-06 18:26:59 - INFO - root: Cross-validation : best param found is reg = 0.0001             with score 79.86
22-11-06 18:26:59 - INFO - root: Evaluating...
22-11-06 18:27:00 - INFO - root: ***** Transfer task : MRPC *****


22-11-06 18:27:00 - INFO - root: Computing embedding for train
22-11-06 18:27:03 - INFO - root: Computed train embeddings
22-11-06 18:27:03 - INFO - root: Computing embedding for test
22-11-06 18:27:05 - INFO - root: Computed test embeddings
22-11-06 18:27:05 - INFO - root: Training pytorch-MLP-nhid0-rmsprop-bs128 with 5-fold cross-validation
22-11-06 18:27:18 - INFO - root: [('reg:1e-05', 72.35), ('reg:0.0001', 72.42), ('reg:0.001', 73.04), ('reg:0.01', 71.59)]
22-11-06 18:27:18 - INFO - root: Cross-validation : best param found is reg = 0.001             with score 73.04
22-11-06 18:27:18 - INFO - root: Evaluating...
