22-11-07 16:34:54 - INFO - sentence_transformers.SentenceTransformer: Load pretrained SentenceTransformer: distiluse-base-multilingual-cased-v2
22-11-07 16:34:55 - INFO - sentence_transformers.SentenceTransformer: Use pytorch device: cuda
22-11-07 16:34:55 - INFO - __main__: SBert model distiluse-base-multilingual-cased-v2 is loaded.
22-11-07 16:34:57 - INFO - __main__: Num of SBert features: 512
22-11-07 16:34:58 - INFO - root: Generating sentence embeddings
22-11-07 16:35:02 - INFO - root: Generated sentence embeddings
22-11-07 16:35:02 - INFO - root: Training pytorch-MLP-nhid0-rmsprop-bs128 with (inner) 5-fold cross-validation
22-11-07 16:35:29 - INFO - root: Best param found at split 1: l2reg = 0.01                 with score 72.74
22-11-07 16:35:54 - INFO - root: Best param found at split 2: l2reg = 1e-05                 with score 70.95
22-11-07 16:36:22 - INFO - root: Best param found at split 3: l2reg = 0.001                 with score 72.24
22-11-07 16:36:53 - INFO - root: Best param found at split 4: l2reg = 1e-05                 with score 72.04
22-11-07 16:37:24 - INFO - root: Best param found at split 5: l2reg = 0.0001                 with score 71.76
22-11-07 16:37:26 - INFO - root: Generating sentence embeddings
22-11-07 16:37:27 - INFO - root: Generated sentence embeddings
22-11-07 16:37:27 - INFO - root: Training pytorch-MLP-nhid0-rmsprop-bs128 with (inner) 5-fold cross-validation
22-11-07 16:37:38 - INFO - root: Best param found at split 1: l2reg = 0.001                 with score 82.48
22-11-07 16:37:49 - INFO - root: Best param found at split 2: l2reg = 0.001                 with score 82.48
22-11-07 16:38:01 - INFO - root: Best param found at split 3: l2reg = 0.0001                 with score 81.99
22-11-07 16:38:11 - INFO - root: Best param found at split 4: l2reg = 1e-05                 with score 81.56
22-11-07 16:38:23 - INFO - root: Best param found at split 5: l2reg = 0.001                 with score 81.42
22-11-07 16:38:23 - INFO - root: Generating sentence embeddings
22-11-07 16:38:28 - INFO - root: Generated sentence embeddings
22-11-07 16:38:28 - INFO - root: Training pytorch-MLP-nhid0-rmsprop-bs128 with (inner) 5-fold cross-validation
22-11-07 16:38:54 - INFO - root: Best param found at split 1: l2reg = 0.001                 with score 91.51
22-11-07 16:39:22 - INFO - root: Best param found at split 2: l2reg = 0.01                 with score 91.68
22-11-07 16:39:50 - INFO - root: Best param found at split 3: l2reg = 1e-05                 with score 91.75
22-11-07 16:40:16 - INFO - root: Best param found at split 4: l2reg = 0.001                 with score 91.35
22-11-07 16:40:45 - INFO - root: Best param found at split 5: l2reg = 1e-05                 with score 91.29
22-11-07 16:40:46 - INFO - root: Generating sentence embeddings
22-11-07 16:40:49 - INFO - root: Generated sentence embeddings
22-11-07 16:40:49 - INFO - root: Training pytorch-MLP-nhid0-rmsprop-bs128 with (inner) 5-fold cross-validation
22-11-07 16:41:14 - INFO - root: Best param found at split 1: l2reg = 1e-05                 with score 87.08
22-11-07 16:41:43 - INFO - root: Best param found at split 2: l2reg = 0.01                 with score 86.42
22-11-07 16:42:13 - INFO - root: Best param found at split 3: l2reg = 0.0001                 with score 87.13
22-11-07 16:42:40 - INFO - root: Best param found at split 4: l2reg = 0.0001                 with score 87.01
22-11-07 16:43:09 - INFO - root: Best param found at split 5: l2reg = 0.01                 with score 87.45
22-11-07 16:43:11 - INFO - root: Computing embedding for train
22-11-07 16:43:15 - INFO - root: Computed train embeddings
22-11-07 16:43:15 - INFO - root: Computing embedding for dev
22-11-07 16:43:15 - INFO - root: Computed dev embeddings
22-11-07 16:43:15 - INFO - root: Computing embedding for test
22-11-07 16:43:16 - INFO - root: Computed test embeddings
22-11-07 16:43:16 - INFO - root: Training pytorch-MLP-nhid0-rmsprop-bs128 with standard validation..
22-11-07 16:43:22 - INFO - root: [('reg:1e-05', 37.33), ('reg:0.0001', 39.78), ('reg:0.001', 40.05), ('reg:0.01', 40.24)]
22-11-07 16:43:22 - INFO - root: Validation : best param found is reg = 0.01 with score             40.24
22-11-07 16:43:22 - INFO - root: Evaluating...
22-11-07 16:43:23 - INFO - root: ***** Transfer task : TREC *****


22-11-07 16:43:25 - INFO - root: Computed train embeddings
22-11-07 16:43:25 - INFO - root: Computed test embeddings
22-11-07 16:43:25 - INFO - root: Training pytorch-MLP-nhid0-rmsprop-bs128 with 5-fold cross-validation
22-11-07 16:43:44 - INFO - root: [('reg:1e-05', 84.32), ('reg:0.0001', 84.7), ('reg:0.001', 82.65), ('reg:0.01', 84.83)]
22-11-07 16:43:44 - INFO - root: Cross-validation : best param found is reg = 0.01             with score 84.83
22-11-07 16:43:44 - INFO - root: Evaluating...
22-11-07 16:43:45 - INFO - root: ***** Transfer task : MRPC *****


22-11-07 16:43:45 - INFO - root: Computing embedding for train
22-11-07 16:43:49 - INFO - root: Computed train embeddings
22-11-07 16:43:49 - INFO - root: Computing embedding for test
22-11-07 16:43:50 - INFO - root: Computed test embeddings
22-11-07 16:43:50 - INFO - root: Training pytorch-MLP-nhid0-rmsprop-bs128 with 5-fold cross-validation
22-11-07 16:44:03 - INFO - root: [('reg:1e-05', 74.58), ('reg:0.0001', 72.74), ('reg:0.001', 74.98), ('reg:0.01', 75.05)]
22-11-07 16:44:03 - INFO - root: Cross-validation : best param found is reg = 0.01             with score 75.05
22-11-07 16:44:03 - INFO - root: Evaluating...
