22-11-06 15:19:25 - INFO - sentence_transformers.SentenceTransformer: Load pretrained SentenceTransformer: distiluse-base-multilingual-cased-v2
22-11-06 15:19:26 - INFO - sentence_transformers.SentenceTransformer: Use pytorch device: cuda
22-11-06 15:19:26 - INFO - __main__: SBert model distiluse-base-multilingual-cased-v2 is loaded.
22-11-06 15:19:28 - INFO - __main__: Num of SBert features: 512
22-11-06 15:19:29 - INFO - root: Generating sentence embeddings
22-11-06 15:19:33 - INFO - root: Generated sentence embeddings
22-11-06 15:19:33 - INFO - root: Training pytorch-MLP-nhid0-rmsprop-bs128 with (inner) 5-fold cross-validation
22-11-06 15:20:00 - INFO - root: Best param found at split 1: l2reg = 1e-05                 with score 68.67
22-11-06 15:20:30 - INFO - root: Best param found at split 2: l2reg = 0.0001                 with score 70.79
22-11-06 15:20:57 - INFO - root: Best param found at split 3: l2reg = 0.01                 with score 70.22
22-11-06 15:21:27 - INFO - root: Best param found at split 4: l2reg = 0.001                 with score 70.09
22-11-06 15:22:00 - INFO - root: Best param found at split 5: l2reg = 0.001                 with score 70.11
22-11-06 15:22:01 - INFO - root: Generating sentence embeddings
22-11-06 15:22:03 - INFO - root: Generated sentence embeddings
22-11-06 15:22:03 - INFO - root: Training pytorch-MLP-nhid0-rmsprop-bs128 with (inner) 5-fold cross-validation
22-11-06 15:22:14 - INFO - root: Best param found at split 1: l2reg = 0.001                 with score 79.17
22-11-06 15:22:25 - INFO - root: Best param found at split 2: l2reg = 0.0001                 with score 78.94
22-11-06 15:22:35 - INFO - root: Best param found at split 3: l2reg = 1e-05                 with score 78.91
22-11-06 15:22:45 - INFO - root: Best param found at split 4: l2reg = 0.0001                 with score 78.97
22-11-06 15:22:56 - INFO - root: Best param found at split 5: l2reg = 1e-05                 with score 78.31
22-11-06 15:22:57 - INFO - root: Generating sentence embeddings
22-11-06 15:23:01 - INFO - root: Generated sentence embeddings
22-11-06 15:23:01 - INFO - root: Training pytorch-MLP-nhid0-rmsprop-bs128 with (inner) 5-fold cross-validation
22-11-06 15:23:25 - INFO - root: Best param found at split 1: l2reg = 0.01                 with score 89.02
22-11-06 15:23:50 - INFO - root: Best param found at split 2: l2reg = 0.0001                 with score 88.61
22-11-06 15:24:19 - INFO - root: Best param found at split 3: l2reg = 0.01                 with score 88.91
22-11-06 15:24:46 - INFO - root: Best param found at split 4: l2reg = 1e-05                 with score 88.76
22-11-06 15:25:13 - INFO - root: Best param found at split 5: l2reg = 0.0001                 with score 88.21
22-11-06 15:25:14 - INFO - root: Generating sentence embeddings
22-11-06 15:25:17 - INFO - root: Generated sentence embeddings
22-11-06 15:25:17 - INFO - root: Training pytorch-MLP-nhid0-rmsprop-bs128 with (inner) 5-fold cross-validation
22-11-06 15:25:42 - INFO - root: Best param found at split 1: l2reg = 0.0001                 with score 84.8
22-11-06 15:26:11 - INFO - root: Best param found at split 2: l2reg = 0.001                 with score 85.24
22-11-06 15:26:39 - INFO - root: Best param found at split 3: l2reg = 0.001                 with score 85.49
22-11-06 15:27:10 - INFO - root: Best param found at split 4: l2reg = 0.01                 with score 85.15
22-11-06 15:27:41 - INFO - root: Best param found at split 5: l2reg = 0.001                 with score 85.95
22-11-06 15:27:42 - INFO - root: Computing embedding for train
22-11-06 15:27:46 - INFO - root: Computed train embeddings
22-11-06 15:27:46 - INFO - root: Computing embedding for dev
22-11-06 15:27:46 - INFO - root: Computed dev embeddings
22-11-06 15:27:46 - INFO - root: Computing embedding for test
22-11-06 15:27:47 - INFO - root: Computed test embeddings
22-11-06 15:27:47 - INFO - root: Training pytorch-MLP-nhid0-rmsprop-bs128 with standard validation..
22-11-06 15:27:53 - INFO - root: [('reg:1e-05', 37.87), ('reg:0.0001', 34.79), ('reg:0.001', 38.33), ('reg:0.01', 35.15)]
22-11-06 15:27:53 - INFO - root: Validation : best param found is reg = 0.001 with score             38.33
22-11-06 15:27:53 - INFO - root: Evaluating...
22-11-06 15:27:54 - INFO - root: ***** Transfer task : TREC *****


22-11-06 15:27:56 - INFO - root: Computed train embeddings
22-11-06 15:27:56 - INFO - root: Computed test embeddings
22-11-06 15:27:56 - INFO - root: Training pytorch-MLP-nhid0-rmsprop-bs128 with 5-fold cross-validation
22-11-06 15:28:12 - INFO - root: [('reg:1e-05', 79.27), ('reg:0.0001', 79.27), ('reg:0.001', 79.18), ('reg:0.01', 78.6)]
22-11-06 15:28:12 - INFO - root: Cross-validation : best param found is reg = 1e-05             with score 79.27
22-11-06 15:28:12 - INFO - root: Evaluating...
22-11-06 15:28:13 - INFO - root: ***** Transfer task : MRPC *****


22-11-06 15:28:13 - INFO - root: Computing embedding for train
22-11-06 15:28:17 - INFO - root: Computed train embeddings
22-11-06 15:28:17 - INFO - root: Computing embedding for test
22-11-06 15:28:18 - INFO - root: Computed test embeddings
22-11-06 15:28:18 - INFO - root: Training pytorch-MLP-nhid0-rmsprop-bs128 with 5-fold cross-validation
22-11-06 15:28:31 - INFO - root: [('reg:1e-05', 72.79), ('reg:0.0001', 72.37), ('reg:0.001', 73.14), ('reg:0.01', 72.6)]
22-11-06 15:28:31 - INFO - root: Cross-validation : best param found is reg = 0.001             with score 73.14
22-11-06 15:28:31 - INFO - root: Evaluating...
