22-11-06 19:09:24 - INFO - sentence_transformers.SentenceTransformer: Load pretrained SentenceTransformer: distiluse-base-multilingual-cased-v2
22-11-06 19:09:25 - INFO - sentence_transformers.SentenceTransformer: Use pytorch device: cuda
22-11-06 19:09:25 - INFO - __main__: SBert model distiluse-base-multilingual-cased-v2 is loaded.
22-11-06 19:09:27 - INFO - __main__: Num of SBert features: 512
22-11-06 19:09:28 - INFO - root: Generating sentence embeddings
22-11-06 19:09:32 - INFO - root: Generated sentence embeddings
22-11-06 19:09:32 - INFO - root: Training pytorch-MLP-nhid0-rmsprop-bs128 with (inner) 5-fold cross-validation
22-11-06 19:10:01 - INFO - root: Best param found at split 1: l2reg = 0.01                 with score 70.17
22-11-06 19:10:31 - INFO - root: Best param found at split 2: l2reg = 0.001                 with score 69.86
22-11-06 19:11:03 - INFO - root: Best param found at split 3: l2reg = 0.01                 with score 70.6
22-11-06 19:11:33 - INFO - root: Best param found at split 4: l2reg = 0.01                 with score 71.13
22-11-06 19:12:01 - INFO - root: Best param found at split 5: l2reg = 0.001                 with score 68.86
22-11-06 19:12:03 - INFO - root: Generating sentence embeddings
22-11-06 19:12:04 - INFO - root: Generated sentence embeddings
22-11-06 19:12:04 - INFO - root: Training pytorch-MLP-nhid0-rmsprop-bs128 with (inner) 5-fold cross-validation
22-11-06 19:12:15 - INFO - root: Best param found at split 1: l2reg = 1e-05                 with score 80.33
22-11-06 19:12:24 - INFO - root: Best param found at split 2: l2reg = 1e-05                 with score 78.64
22-11-06 19:12:33 - INFO - root: Best param found at split 3: l2reg = 0.001                 with score 80.46
22-11-06 19:12:43 - INFO - root: Best param found at split 4: l2reg = 0.01                 with score 78.41
22-11-06 19:12:53 - INFO - root: Best param found at split 5: l2reg = 0.001                 with score 78.87
22-11-06 19:12:54 - INFO - root: Generating sentence embeddings
22-11-06 19:12:58 - INFO - root: Generated sentence embeddings
22-11-06 19:12:58 - INFO - root: Training pytorch-MLP-nhid0-rmsprop-bs128 with (inner) 5-fold cross-validation
22-11-06 19:13:23 - INFO - root: Best param found at split 1: l2reg = 0.01                 with score 90.04
22-11-06 19:13:50 - INFO - root: Best param found at split 2: l2reg = 1e-05                 with score 89.81
22-11-06 19:14:16 - INFO - root: Best param found at split 3: l2reg = 0.01                 with score 90.06
22-11-06 19:14:43 - INFO - root: Best param found at split 4: l2reg = 0.0001                 with score 89.66
22-11-06 19:15:11 - INFO - root: Best param found at split 5: l2reg = 0.01                 with score 89.51
22-11-06 19:15:12 - INFO - root: Generating sentence embeddings
22-11-06 19:15:15 - INFO - root: Generated sentence embeddings
22-11-06 19:15:15 - INFO - root: Training pytorch-MLP-nhid0-rmsprop-bs128 with (inner) 5-fold cross-validation
22-11-06 19:15:38 - INFO - root: Best param found at split 1: l2reg = 0.01                 with score 84.84
22-11-06 19:16:08 - INFO - root: Best param found at split 2: l2reg = 0.001                 with score 84.95
22-11-06 19:16:38 - INFO - root: Best param found at split 3: l2reg = 0.0001                 with score 85.39
22-11-06 19:17:06 - INFO - root: Best param found at split 4: l2reg = 1e-05                 with score 84.83
22-11-06 19:17:35 - INFO - root: Best param found at split 5: l2reg = 0.001                 with score 84.42
22-11-06 19:17:37 - INFO - root: Computing embedding for train
22-11-06 19:17:40 - INFO - root: Computed train embeddings
22-11-06 19:17:40 - INFO - root: Computing embedding for dev
22-11-06 19:17:41 - INFO - root: Computed dev embeddings
22-11-06 19:17:41 - INFO - root: Computing embedding for test
22-11-06 19:17:42 - INFO - root: Computed test embeddings
22-11-06 19:17:42 - INFO - root: Training pytorch-MLP-nhid0-rmsprop-bs128 with standard validation..
22-11-06 19:17:48 - INFO - root: [('reg:1e-05', 36.6), ('reg:0.0001', 37.06), ('reg:0.001', 38.69), ('reg:0.01', 34.88)]
22-11-06 19:17:48 - INFO - root: Validation : best param found is reg = 0.001 with score             38.69
22-11-06 19:17:48 - INFO - root: Evaluating...
22-11-06 19:17:50 - INFO - root: ***** Transfer task : TREC *****


22-11-06 19:17:52 - INFO - root: Computed train embeddings
22-11-06 19:17:52 - INFO - root: Computed test embeddings
22-11-06 19:17:52 - INFO - root: Training pytorch-MLP-nhid0-rmsprop-bs128 with 5-fold cross-validation
22-11-06 19:18:08 - INFO - root: [('reg:1e-05', 79.55), ('reg:0.0001', 79.46), ('reg:0.001', 78.78), ('reg:0.01', 78.08)]
22-11-06 19:18:08 - INFO - root: Cross-validation : best param found is reg = 1e-05             with score 79.55
22-11-06 19:18:08 - INFO - root: Evaluating...
22-11-06 19:18:09 - INFO - root: ***** Transfer task : MRPC *****


22-11-06 19:18:09 - INFO - root: Computing embedding for train
22-11-06 19:18:13 - INFO - root: Computed train embeddings
22-11-06 19:18:13 - INFO - root: Computing embedding for test
22-11-06 19:18:14 - INFO - root: Computed test embeddings
22-11-06 19:18:14 - INFO - root: Training pytorch-MLP-nhid0-rmsprop-bs128 with 5-fold cross-validation
22-11-06 19:18:28 - INFO - root: [('reg:1e-05', 71.86), ('reg:0.0001', 72.4), ('reg:0.001', 71.76), ('reg:0.01', 72.96)]
22-11-06 19:18:28 - INFO - root: Cross-validation : best param found is reg = 0.01             with score 72.96
22-11-06 19:18:28 - INFO - root: Evaluating...
