22-11-06 12:13:42 - INFO - sentence_transformers.SentenceTransformer: Load pretrained SentenceTransformer: distiluse-base-multilingual-cased-v2
22-11-06 12:13:43 - INFO - sentence_transformers.SentenceTransformer: Use pytorch device: cuda
22-11-06 12:13:43 - INFO - __main__: SBert model distiluse-base-multilingual-cased-v2 is loaded.
22-11-06 12:13:45 - INFO - __main__: Num of SBert features: 512
22-11-06 12:13:46 - INFO - root: Generating sentence embeddings
22-11-06 12:13:50 - INFO - root: Generated sentence embeddings
22-11-06 12:13:50 - INFO - root: Training pytorch-MLP-nhid0-rmsprop-bs128 with (inner) 5-fold cross-validation
22-11-06 12:14:16 - INFO - root: Best param found at split 1: l2reg = 0.001                 with score 69.23
22-11-06 12:14:45 - INFO - root: Best param found at split 2: l2reg = 1e-05                 with score 68.93
22-11-06 12:15:11 - INFO - root: Best param found at split 3: l2reg = 0.01                 with score 68.89
22-11-06 12:15:42 - INFO - root: Best param found at split 4: l2reg = 1e-05                 with score 69.87
22-11-06 12:16:13 - INFO - root: Best param found at split 5: l2reg = 0.01                 with score 69.89
22-11-06 12:16:14 - INFO - root: Generating sentence embeddings
22-11-06 12:16:16 - INFO - root: Generated sentence embeddings
22-11-06 12:16:16 - INFO - root: Training pytorch-MLP-nhid0-rmsprop-bs128 with (inner) 5-fold cross-validation
22-11-06 12:16:24 - INFO - root: Best param found at split 1: l2reg = 0.01                 with score 78.68
22-11-06 12:16:34 - INFO - root: Best param found at split 2: l2reg = 1e-05                 with score 78.94
22-11-06 12:16:44 - INFO - root: Best param found at split 3: l2reg = 0.001                 with score 79.67
22-11-06 12:16:55 - INFO - root: Best param found at split 4: l2reg = 0.0001                 with score 78.68
22-11-06 12:17:06 - INFO - root: Best param found at split 5: l2reg = 1e-05                 with score 79.37
22-11-06 12:17:07 - INFO - root: Generating sentence embeddings
22-11-06 12:17:11 - INFO - root: Generated sentence embeddings
22-11-06 12:17:11 - INFO - root: Training pytorch-MLP-nhid0-rmsprop-bs128 with (inner) 5-fold cross-validation
22-11-06 12:17:29 - INFO - root: Best param found at split 1: l2reg = 1e-05                 with score 88.22
22-11-06 12:17:56 - INFO - root: Best param found at split 2: l2reg = 0.001                 with score 88.66
22-11-06 12:18:22 - INFO - root: Best param found at split 3: l2reg = 1e-05                 with score 88.28
22-11-06 12:18:50 - INFO - root: Best param found at split 4: l2reg = 0.01                 with score 88.05
22-11-06 12:19:16 - INFO - root: Best param found at split 5: l2reg = 0.001                 with score 87.34
22-11-06 12:19:17 - INFO - root: Generating sentence embeddings
22-11-06 12:19:20 - INFO - root: Generated sentence embeddings
22-11-06 12:19:20 - INFO - root: Training pytorch-MLP-nhid0-rmsprop-bs128 with (inner) 5-fold cross-validation
22-11-06 12:19:42 - INFO - root: Best param found at split 1: l2reg = 0.01                 with score 84.41
22-11-06 12:20:11 - INFO - root: Best param found at split 2: l2reg = 1e-05                 with score 83.48
22-11-06 12:20:38 - INFO - root: Best param found at split 3: l2reg = 0.01                 with score 84.64
22-11-06 12:21:06 - INFO - root: Best param found at split 4: l2reg = 1e-05                 with score 84.4
22-11-06 12:21:34 - INFO - root: Best param found at split 5: l2reg = 0.001                 with score 84.44
22-11-06 12:21:36 - INFO - root: Computing embedding for train
22-11-06 12:21:39 - INFO - root: Computed train embeddings
22-11-06 12:21:39 - INFO - root: Computing embedding for dev
22-11-06 12:21:40 - INFO - root: Computed dev embeddings
22-11-06 12:21:40 - INFO - root: Computing embedding for test
22-11-06 12:21:41 - INFO - root: Computed test embeddings
22-11-06 12:21:41 - INFO - root: Training pytorch-MLP-nhid0-rmsprop-bs128 with standard validation..
22-11-06 12:21:47 - INFO - root: [('reg:1e-05', 38.69), ('reg:0.0001', 38.87), ('reg:0.001', 39.15), ('reg:0.01', 37.51)]
22-11-06 12:21:47 - INFO - root: Validation : best param found is reg = 0.001 with score             39.15
22-11-06 12:21:47 - INFO - root: Evaluating...
22-11-06 12:21:49 - INFO - root: ***** Transfer task : TREC *****


22-11-06 12:21:51 - INFO - root: Computed train embeddings
22-11-06 12:21:51 - INFO - root: Computed test embeddings
22-11-06 12:21:51 - INFO - root: Training pytorch-MLP-nhid0-rmsprop-bs128 with 5-fold cross-validation
22-11-06 12:22:07 - INFO - root: [('reg:1e-05', 76.47), ('reg:0.0001', 76.47), ('reg:0.001', 76.28), ('reg:0.01', 74.8)]
22-11-06 12:22:07 - INFO - root: Cross-validation : best param found is reg = 1e-05             with score 76.47
22-11-06 12:22:07 - INFO - root: Evaluating...
22-11-06 12:22:08 - INFO - root: ***** Transfer task : MRPC *****


22-11-06 12:22:08 - INFO - root: Computing embedding for train
22-11-06 12:22:12 - INFO - root: Computed train embeddings
22-11-06 12:22:12 - INFO - root: Computing embedding for test
22-11-06 12:22:13 - INFO - root: Computed test embeddings
22-11-06 12:22:13 - INFO - root: Training pytorch-MLP-nhid0-rmsprop-bs128 with 5-fold cross-validation
22-11-06 12:22:25 - INFO - root: [('reg:1e-05', 72.5), ('reg:0.0001', 72.5), ('reg:0.001', 72.52), ('reg:0.01', 71.86)]
22-11-06 12:22:25 - INFO - root: Cross-validation : best param found is reg = 0.001             with score 72.52
22-11-06 12:22:25 - INFO - root: Evaluating...
22-11-18 22:13:32 - INFO - sentence_transformers.SentenceTransformer: Load pretrained SentenceTransformer: distiluse-base-multilingual-cased-v2
22-11-18 22:13:33 - INFO - sentence_transformers.SentenceTransformer: Use pytorch device: cuda
22-11-18 22:13:33 - INFO - __main__: SBert model distiluse-base-multilingual-cased-v2 is loaded.
22-11-18 22:13:35 - INFO - __main__: Num of SBert features: 512
