22-11-06 18:43:49 - INFO - sentence_transformers.SentenceTransformer: Load pretrained SentenceTransformer: distiluse-base-multilingual-cased-v2
22-11-06 18:43:50 - INFO - sentence_transformers.SentenceTransformer: Use pytorch device: cuda
22-11-06 18:43:50 - INFO - __main__: SBert model distiluse-base-multilingual-cased-v2 is loaded.
22-11-06 18:43:52 - INFO - __main__: Num of SBert features: 512
22-11-06 18:43:53 - INFO - root: Generating sentence embeddings
22-11-06 18:43:57 - INFO - root: Generated sentence embeddings
22-11-06 18:43:57 - INFO - root: Training pytorch-MLP-nhid0-rmsprop-bs128 with (inner) 5-fold cross-validation
22-11-06 18:44:24 - INFO - root: Best param found at split 1: l2reg = 1e-05                 with score 70.85
22-11-06 18:44:54 - INFO - root: Best param found at split 2: l2reg = 0.0001                 with score 69.96
22-11-06 18:45:24 - INFO - root: Best param found at split 3: l2reg = 0.01                 with score 70.96
22-11-06 18:45:53 - INFO - root: Best param found at split 4: l2reg = 0.0001                 with score 70.8
22-11-06 18:46:26 - INFO - root: Best param found at split 5: l2reg = 0.01                 with score 70.74
22-11-06 18:46:27 - INFO - root: Generating sentence embeddings
22-11-06 18:46:29 - INFO - root: Generated sentence embeddings
22-11-06 18:46:29 - INFO - root: Training pytorch-MLP-nhid0-rmsprop-bs128 with (inner) 5-fold cross-validation
22-11-06 18:46:38 - INFO - root: Best param found at split 1: l2reg = 0.001                 with score 78.01
22-11-06 18:46:49 - INFO - root: Best param found at split 2: l2reg = 1e-05                 with score 80.13
22-11-06 18:46:59 - INFO - root: Best param found at split 3: l2reg = 1e-05                 with score 80.3
22-11-06 18:47:11 - INFO - root: Best param found at split 4: l2reg = 1e-05                 with score 80.17
22-11-06 18:47:21 - INFO - root: Best param found at split 5: l2reg = 0.01                 with score 80.1
22-11-06 18:47:22 - INFO - root: Generating sentence embeddings
22-11-06 18:47:26 - INFO - root: Generated sentence embeddings
22-11-06 18:47:26 - INFO - root: Training pytorch-MLP-nhid0-rmsprop-bs128 with (inner) 5-fold cross-validation
22-11-06 18:47:51 - INFO - root: Best param found at split 1: l2reg = 0.001                 with score 89.3
22-11-06 18:48:20 - INFO - root: Best param found at split 2: l2reg = 0.01                 with score 90.1
22-11-06 18:48:49 - INFO - root: Best param found at split 3: l2reg = 0.0001                 with score 89.8
22-11-06 18:49:16 - INFO - root: Best param found at split 4: l2reg = 0.01                 with score 89.38
22-11-06 18:49:42 - INFO - root: Best param found at split 5: l2reg = 0.01                 with score 89.06
22-11-06 18:49:44 - INFO - root: Generating sentence embeddings
22-11-06 18:49:46 - INFO - root: Generated sentence embeddings
22-11-06 18:49:46 - INFO - root: Training pytorch-MLP-nhid0-rmsprop-bs128 with (inner) 5-fold cross-validation
22-11-06 18:50:04 - INFO - root: Best param found at split 1: l2reg = 0.0001                 with score 84.52
22-11-06 18:50:33 - INFO - root: Best param found at split 2: l2reg = 1e-05                 with score 86.01
22-11-06 18:51:01 - INFO - root: Best param found at split 3: l2reg = 0.01                 with score 86.19
22-11-06 18:51:29 - INFO - root: Best param found at split 4: l2reg = 1e-05                 with score 85.44
22-11-06 18:52:00 - INFO - root: Best param found at split 5: l2reg = 0.01                 with score 85.13
22-11-06 18:52:02 - INFO - root: Computing embedding for train
22-11-06 18:52:05 - INFO - root: Computed train embeddings
22-11-06 18:52:05 - INFO - root: Computing embedding for dev
22-11-06 18:52:06 - INFO - root: Computed dev embeddings
22-11-06 18:52:06 - INFO - root: Computing embedding for test
22-11-06 18:52:06 - INFO - root: Computed test embeddings
22-11-06 18:52:06 - INFO - root: Training pytorch-MLP-nhid0-rmsprop-bs128 with standard validation..
22-11-06 18:52:13 - INFO - root: [('reg:1e-05', 34.88), ('reg:0.0001', 35.42), ('reg:0.001', 38.96), ('reg:0.01', 37.69)]
22-11-06 18:52:13 - INFO - root: Validation : best param found is reg = 0.001 with score             38.96
22-11-06 18:52:13 - INFO - root: Evaluating...
22-11-06 18:52:14 - INFO - root: ***** Transfer task : TREC *****


22-11-06 18:52:16 - INFO - root: Computed train embeddings
22-11-06 18:52:16 - INFO - root: Computed test embeddings
22-11-06 18:52:16 - INFO - root: Training pytorch-MLP-nhid0-rmsprop-bs128 with 5-fold cross-validation
22-11-06 18:52:33 - INFO - root: [('reg:1e-05', 81.99), ('reg:0.0001', 81.93), ('reg:0.001', 82.04), ('reg:0.01', 78.38)]
22-11-06 18:52:33 - INFO - root: Cross-validation : best param found is reg = 0.001             with score 82.04
22-11-06 18:52:33 - INFO - root: Evaluating...
22-11-06 18:52:34 - INFO - root: ***** Transfer task : MRPC *****


22-11-06 18:52:34 - INFO - root: Computing embedding for train
22-11-06 18:52:38 - INFO - root: Computed train embeddings
22-11-06 18:52:38 - INFO - root: Computing embedding for test
22-11-06 18:52:39 - INFO - root: Computed test embeddings
22-11-06 18:52:39 - INFO - root: Training pytorch-MLP-nhid0-rmsprop-bs128 with 5-fold cross-validation
22-11-06 18:52:52 - INFO - root: [('reg:1e-05', 72.5), ('reg:0.0001', 72.2), ('reg:0.001', 72.47), ('reg:0.01', 71.84)]
22-11-06 18:52:52 - INFO - root: Cross-validation : best param found is reg = 1e-05             with score 72.5
22-11-06 18:52:52 - INFO - root: Evaluating...
22-11-19 00:53:27 - INFO - sentence_transformers.SentenceTransformer: Load pretrained SentenceTransformer: distiluse-base-multilingual-cased-v2
22-11-19 00:53:28 - INFO - sentence_transformers.SentenceTransformer: Use pytorch device: cuda
22-11-19 00:53:28 - INFO - __main__: SBert model distiluse-base-multilingual-cased-v2 is loaded.
22-11-19 00:53:30 - INFO - __main__: Num of SBert features: 512
