22-11-06 21:23:07 - INFO - sentence_transformers.SentenceTransformer: Load pretrained SentenceTransformer: distiluse-base-multilingual-cased-v2
22-11-06 21:23:08 - INFO - sentence_transformers.SentenceTransformer: Use pytorch device: cuda
22-11-06 21:23:08 - INFO - __main__: SBert model distiluse-base-multilingual-cased-v2 is loaded.
22-11-06 21:23:10 - INFO - __main__: Num of SBert features: 512
22-11-06 21:23:11 - INFO - root: Generating sentence embeddings
22-11-06 21:23:16 - INFO - root: Generated sentence embeddings
22-11-06 21:23:16 - INFO - root: Training pytorch-MLP-nhid0-rmsprop-bs128 with (inner) 5-fold cross-validation
22-11-06 21:23:42 - INFO - root: Best param found at split 1: l2reg = 0.01                 with score 69.02
22-11-06 21:24:08 - INFO - root: Best param found at split 2: l2reg = 0.001                 with score 68.66
22-11-06 21:24:39 - INFO - root: Best param found at split 3: l2reg = 1e-05                 with score 69.95
22-11-06 21:25:10 - INFO - root: Best param found at split 4: l2reg = 0.01                 with score 70.11
22-11-06 21:25:41 - INFO - root: Best param found at split 5: l2reg = 0.001                 with score 69.85
22-11-06 21:25:43 - INFO - root: Generating sentence embeddings
22-11-06 21:25:44 - INFO - root: Generated sentence embeddings
22-11-06 21:25:44 - INFO - root: Training pytorch-MLP-nhid0-rmsprop-bs128 with (inner) 5-fold cross-validation
22-11-06 21:25:54 - INFO - root: Best param found at split 1: l2reg = 0.0001                 with score 80.33
22-11-06 21:26:03 - INFO - root: Best param found at split 2: l2reg = 1e-05                 with score 80.07
22-11-06 21:26:14 - INFO - root: Best param found at split 3: l2reg = 0.001                 with score 79.74
22-11-06 21:26:24 - INFO - root: Best param found at split 4: l2reg = 0.01                 with score 79.67
22-11-06 21:26:35 - INFO - root: Best param found at split 5: l2reg = 0.001                 with score 79.67
22-11-06 21:26:36 - INFO - root: Generating sentence embeddings
22-11-06 21:26:40 - INFO - root: Generated sentence embeddings
22-11-06 21:26:40 - INFO - root: Training pytorch-MLP-nhid0-rmsprop-bs128 with (inner) 5-fold cross-validation
22-11-06 21:27:07 - INFO - root: Best param found at split 1: l2reg = 1e-05                 with score 90.08
22-11-06 21:27:32 - INFO - root: Best param found at split 2: l2reg = 0.01                 with score 90.08
22-11-06 21:27:59 - INFO - root: Best param found at split 3: l2reg = 0.01                 with score 90.06
22-11-06 21:28:25 - INFO - root: Best param found at split 4: l2reg = 0.01                 with score 89.9
22-11-06 21:28:53 - INFO - root: Best param found at split 5: l2reg = 0.01                 with score 89.9
22-11-06 21:28:54 - INFO - root: Generating sentence embeddings
22-11-06 21:28:57 - INFO - root: Generated sentence embeddings
22-11-06 21:28:57 - INFO - root: Training pytorch-MLP-nhid0-rmsprop-bs128 with (inner) 5-fold cross-validation
22-11-06 21:29:21 - INFO - root: Best param found at split 1: l2reg = 0.01                 with score 85.86
22-11-06 21:29:52 - INFO - root: Best param found at split 2: l2reg = 1e-05                 with score 84.91
22-11-06 21:30:20 - INFO - root: Best param found at split 3: l2reg = 0.01                 with score 86.06
22-11-06 21:30:50 - INFO - root: Best param found at split 4: l2reg = 0.01                 with score 85.54
22-11-06 21:31:18 - INFO - root: Best param found at split 5: l2reg = 1e-05                 with score 84.07
22-11-06 21:31:20 - INFO - root: Computing embedding for train
22-11-06 21:31:23 - INFO - root: Computed train embeddings
22-11-06 21:31:23 - INFO - root: Computing embedding for dev
22-11-06 21:31:23 - INFO - root: Computed dev embeddings
22-11-06 21:31:23 - INFO - root: Computing embedding for test
22-11-06 21:31:24 - INFO - root: Computed test embeddings
22-11-06 21:31:24 - INFO - root: Training pytorch-MLP-nhid0-rmsprop-bs128 with standard validation..
22-11-06 21:31:31 - INFO - root: [('reg:1e-05', 36.42), ('reg:0.0001', 38.33), ('reg:0.001', 36.15), ('reg:0.01', 37.97)]
22-11-06 21:31:31 - INFO - root: Validation : best param found is reg = 0.0001 with score             38.33
22-11-06 21:31:31 - INFO - root: Evaluating...
22-11-06 21:31:32 - INFO - root: ***** Transfer task : TREC *****


22-11-06 21:31:34 - INFO - root: Computed train embeddings
22-11-06 21:31:34 - INFO - root: Computed test embeddings
22-11-06 21:31:34 - INFO - root: Training pytorch-MLP-nhid0-rmsprop-bs128 with 5-fold cross-validation
22-11-06 21:31:51 - INFO - root: [('reg:1e-05', 79.82), ('reg:0.0001', 79.66), ('reg:0.001', 79.6), ('reg:0.01', 77.84)]
22-11-06 21:31:51 - INFO - root: Cross-validation : best param found is reg = 1e-05             with score 79.82
22-11-06 21:31:51 - INFO - root: Evaluating...
22-11-06 21:31:52 - INFO - root: ***** Transfer task : MRPC *****


22-11-06 21:31:52 - INFO - root: Computing embedding for train
22-11-06 21:31:56 - INFO - root: Computed train embeddings
22-11-06 21:31:56 - INFO - root: Computing embedding for test
22-11-06 21:31:57 - INFO - root: Computed test embeddings
22-11-06 21:31:57 - INFO - root: Training pytorch-MLP-nhid0-rmsprop-bs128 with 5-fold cross-validation
22-11-06 21:32:10 - INFO - root: [('reg:1e-05', 73.04), ('reg:0.0001', 73.01), ('reg:0.001', 73.04), ('reg:0.01', 72.82)]
22-11-06 21:32:10 - INFO - root: Cross-validation : best param found is reg = 1e-05             with score 73.04
22-11-06 21:32:10 - INFO - root: Evaluating...
