22-11-06 21:48:05 - INFO - sentence_transformers.SentenceTransformer: Load pretrained SentenceTransformer: distiluse-base-multilingual-cased-v2
22-11-06 21:48:06 - INFO - sentence_transformers.SentenceTransformer: Use pytorch device: cuda
22-11-06 21:48:06 - INFO - __main__: SBert model distiluse-base-multilingual-cased-v2 is loaded.
22-11-06 21:48:08 - INFO - __main__: Num of SBert features: 512
22-11-06 21:48:09 - INFO - root: Generating sentence embeddings
22-11-06 21:48:13 - INFO - root: Generated sentence embeddings
22-11-06 21:48:13 - INFO - root: Training pytorch-MLP-nhid0-rmsprop-bs128 with (inner) 5-fold cross-validation
22-11-06 21:48:40 - INFO - root: Best param found at split 1: l2reg = 0.01                 with score 69.47
22-11-06 21:49:09 - INFO - root: Best param found at split 2: l2reg = 1e-05                 with score 68.8
22-11-06 21:49:40 - INFO - root: Best param found at split 3: l2reg = 0.01                 with score 71.36
22-11-06 21:50:06 - INFO - root: Best param found at split 4: l2reg = 1e-05                 with score 69.34
22-11-06 21:50:31 - INFO - root: Best param found at split 5: l2reg = 0.0001                 with score 70.01
22-11-06 21:50:32 - INFO - root: Generating sentence embeddings
22-11-06 21:50:34 - INFO - root: Generated sentence embeddings
22-11-06 21:50:34 - INFO - root: Training pytorch-MLP-nhid0-rmsprop-bs128 with (inner) 5-fold cross-validation
22-11-06 21:50:42 - INFO - root: Best param found at split 1: l2reg = 0.001                 with score 80.33
22-11-06 21:50:49 - INFO - root: Best param found at split 2: l2reg = 0.01                 with score 80.56
22-11-06 21:50:59 - INFO - root: Best param found at split 3: l2reg = 0.01                 with score 81.19
22-11-06 21:51:10 - INFO - root: Best param found at split 4: l2reg = 0.001                 with score 80.2
22-11-06 21:51:20 - INFO - root: Best param found at split 5: l2reg = 0.01                 with score 79.4
22-11-06 21:51:20 - INFO - root: Generating sentence embeddings
22-11-06 21:51:24 - INFO - root: Generated sentence embeddings
22-11-06 21:51:24 - INFO - root: Training pytorch-MLP-nhid0-rmsprop-bs128 with (inner) 5-fold cross-validation
22-11-06 21:51:49 - INFO - root: Best param found at split 1: l2reg = 0.01                 with score 90.2
22-11-06 21:52:17 - INFO - root: Best param found at split 2: l2reg = 0.01                 with score 90.41
22-11-06 21:52:43 - INFO - root: Best param found at split 3: l2reg = 0.001                 with score 89.7
22-11-06 21:53:10 - INFO - root: Best param found at split 4: l2reg = 1e-05                 with score 90.04
22-11-06 21:53:37 - INFO - root: Best param found at split 5: l2reg = 0.01                 with score 89.8
22-11-06 21:53:38 - INFO - root: Generating sentence embeddings
22-11-06 21:53:41 - INFO - root: Generated sentence embeddings
22-11-06 21:53:41 - INFO - root: Training pytorch-MLP-nhid0-rmsprop-bs128 with (inner) 5-fold cross-validation
22-11-06 21:54:04 - INFO - root: Best param found at split 1: l2reg = 0.01                 with score 85.77
22-11-06 21:54:33 - INFO - root: Best param found at split 2: l2reg = 0.01                 with score 85.63
22-11-06 21:55:01 - INFO - root: Best param found at split 3: l2reg = 0.01                 with score 86.26
22-11-06 21:55:30 - INFO - root: Best param found at split 4: l2reg = 0.01                 with score 86.18
22-11-06 21:55:59 - INFO - root: Best param found at split 5: l2reg = 1e-05                 with score 85.34
22-11-06 21:56:01 - INFO - root: Computing embedding for train
22-11-06 21:56:04 - INFO - root: Computed train embeddings
22-11-06 21:56:04 - INFO - root: Computing embedding for dev
22-11-06 21:56:05 - INFO - root: Computed dev embeddings
22-11-06 21:56:05 - INFO - root: Computing embedding for test
22-11-06 21:56:06 - INFO - root: Computed test embeddings
22-11-06 21:56:06 - INFO - root: Training pytorch-MLP-nhid0-rmsprop-bs128 with standard validation..
22-11-06 21:56:12 - INFO - root: [('reg:1e-05', 38.24), ('reg:0.0001', 37.69), ('reg:0.001', 32.97), ('reg:0.01', 35.69)]
22-11-06 21:56:12 - INFO - root: Validation : best param found is reg = 1e-05 with score             38.24
22-11-06 21:56:12 - INFO - root: Evaluating...
22-11-06 21:56:14 - INFO - root: ***** Transfer task : TREC *****


22-11-06 21:56:15 - INFO - root: Computed train embeddings
22-11-06 21:56:15 - INFO - root: Computed test embeddings
22-11-06 21:56:15 - INFO - root: Training pytorch-MLP-nhid0-rmsprop-bs128 with 5-fold cross-validation
22-11-06 21:56:34 - INFO - root: [('reg:1e-05', 82.72), ('reg:0.0001', 82.74), ('reg:0.001', 82.87), ('reg:0.01', 81.53)]
22-11-06 21:56:34 - INFO - root: Cross-validation : best param found is reg = 0.001             with score 82.87
22-11-06 21:56:34 - INFO - root: Evaluating...
22-11-06 21:56:35 - INFO - root: ***** Transfer task : MRPC *****


22-11-06 21:56:35 - INFO - root: Computing embedding for train
22-11-06 21:56:39 - INFO - root: Computed train embeddings
22-11-06 21:56:39 - INFO - root: Computing embedding for test
22-11-06 21:56:40 - INFO - root: Computed test embeddings
22-11-06 21:56:40 - INFO - root: Training pytorch-MLP-nhid0-rmsprop-bs128 with 5-fold cross-validation
22-11-06 21:56:54 - INFO - root: [('reg:1e-05', 73.18), ('reg:0.0001', 73.4), ('reg:0.001', 73.21), ('reg:0.01', 73.7)]
22-11-06 21:56:54 - INFO - root: Cross-validation : best param found is reg = 0.01             with score 73.7
22-11-06 21:56:54 - INFO - root: Evaluating...
