22-11-07 00:06:31 - INFO - sentence_transformers.SentenceTransformer: Load pretrained SentenceTransformer: distiluse-base-multilingual-cased-v2
22-11-07 00:06:32 - INFO - sentence_transformers.SentenceTransformer: Use pytorch device: cuda
22-11-07 00:06:32 - INFO - __main__: SBert model distiluse-base-multilingual-cased-v2 is loaded.
22-11-07 00:06:34 - INFO - __main__: Num of SBert features: 512
22-11-07 00:06:35 - INFO - root: Generating sentence embeddings
22-11-07 00:06:39 - INFO - root: Generated sentence embeddings
22-11-07 00:06:39 - INFO - root: Training pytorch-MLP-nhid0-rmsprop-bs128 with (inner) 5-fold cross-validation
22-11-07 00:07:07 - INFO - root: Best param found at split 1: l2reg = 0.01                 with score 70.44
22-11-07 00:07:33 - INFO - root: Best param found at split 2: l2reg = 1e-05                 with score 71.9
22-11-07 00:08:01 - INFO - root: Best param found at split 3: l2reg = 0.0001                 with score 69.77
22-11-07 00:08:29 - INFO - root: Best param found at split 4: l2reg = 1e-05                 with score 68.87
22-11-07 00:08:57 - INFO - root: Best param found at split 5: l2reg = 0.01                 with score 68.43
22-11-07 00:08:59 - INFO - root: Generating sentence embeddings
22-11-07 00:09:00 - INFO - root: Generated sentence embeddings
22-11-07 00:09:00 - INFO - root: Training pytorch-MLP-nhid0-rmsprop-bs128 with (inner) 5-fold cross-validation
22-11-07 00:09:10 - INFO - root: Best param found at split 1: l2reg = 0.0001                 with score 80.0
22-11-07 00:09:21 - INFO - root: Best param found at split 2: l2reg = 0.01                 with score 81.99
22-11-07 00:09:33 - INFO - root: Best param found at split 3: l2reg = 0.001                 with score 81.42
22-11-07 00:09:44 - INFO - root: Best param found at split 4: l2reg = 1e-05                 with score 80.63
22-11-07 00:09:55 - INFO - root: Best param found at split 5: l2reg = 0.001                 with score 81.03
22-11-07 00:09:56 - INFO - root: Generating sentence embeddings
22-11-07 00:10:00 - INFO - root: Generated sentence embeddings
22-11-07 00:10:00 - INFO - root: Training pytorch-MLP-nhid0-rmsprop-bs128 with (inner) 5-fold cross-validation
22-11-07 00:10:29 - INFO - root: Best param found at split 1: l2reg = 0.01                 with score 90.34
22-11-07 00:10:54 - INFO - root: Best param found at split 2: l2reg = 0.001                 with score 90.25
22-11-07 00:11:22 - INFO - root: Best param found at split 3: l2reg = 0.0001                 with score 90.35
22-11-07 00:11:49 - INFO - root: Best param found at split 4: l2reg = 0.01                 with score 89.99
22-11-07 00:12:18 - INFO - root: Best param found at split 5: l2reg = 0.01                 with score 90.01
22-11-07 00:12:19 - INFO - root: Generating sentence embeddings
22-11-07 00:12:22 - INFO - root: Generated sentence embeddings
22-11-07 00:12:22 - INFO - root: Training pytorch-MLP-nhid0-rmsprop-bs128 with (inner) 5-fold cross-validation
22-11-07 00:12:45 - INFO - root: Best param found at split 1: l2reg = 0.001                 with score 86.11
22-11-07 00:13:14 - INFO - root: Best param found at split 2: l2reg = 0.01                 with score 85.73
22-11-07 00:13:45 - INFO - root: Best param found at split 3: l2reg = 0.0001                 with score 86.42
22-11-07 00:14:13 - INFO - root: Best param found at split 4: l2reg = 0.01                 with score 85.88
22-11-07 00:14:40 - INFO - root: Best param found at split 5: l2reg = 0.0001                 with score 85.22
22-11-07 00:14:42 - INFO - root: Computing embedding for train
22-11-07 00:14:45 - INFO - root: Computed train embeddings
22-11-07 00:14:45 - INFO - root: Computing embedding for dev
22-11-07 00:14:45 - INFO - root: Computed dev embeddings
22-11-07 00:14:45 - INFO - root: Computing embedding for test
22-11-07 00:14:46 - INFO - root: Computed test embeddings
22-11-07 00:14:46 - INFO - root: Training pytorch-MLP-nhid0-rmsprop-bs128 with standard validation..
22-11-07 00:14:54 - INFO - root: [('reg:1e-05', 38.15), ('reg:0.0001', 38.96), ('reg:0.001', 36.97), ('reg:0.01', 38.15)]
22-11-07 00:14:54 - INFO - root: Validation : best param found is reg = 0.0001 with score             38.96
22-11-07 00:14:54 - INFO - root: Evaluating...
22-11-07 00:14:56 - INFO - root: ***** Transfer task : TREC *****


22-11-07 00:14:58 - INFO - root: Computed train embeddings
22-11-07 00:14:58 - INFO - root: Computed test embeddings
22-11-07 00:14:58 - INFO - root: Training pytorch-MLP-nhid0-rmsprop-bs128 with 5-fold cross-validation
22-11-07 00:15:14 - INFO - root: [('reg:1e-05', 83.47), ('reg:0.0001', 83.49), ('reg:0.001', 83.68), ('reg:0.01', 82.15)]
22-11-07 00:15:14 - INFO - root: Cross-validation : best param found is reg = 0.001             with score 83.68
22-11-07 00:15:14 - INFO - root: Evaluating...
22-11-07 00:15:15 - INFO - root: ***** Transfer task : MRPC *****


22-11-07 00:15:15 - INFO - root: Computing embedding for train
22-11-07 00:15:19 - INFO - root: Computed train embeddings
22-11-07 00:15:19 - INFO - root: Computing embedding for test
22-11-07 00:15:20 - INFO - root: Computed test embeddings
22-11-07 00:15:20 - INFO - root: Training pytorch-MLP-nhid0-rmsprop-bs128 with 5-fold cross-validation
22-11-07 00:15:33 - INFO - root: [('reg:1e-05', 73.4), ('reg:0.0001', 73.63), ('reg:0.001', 73.31), ('reg:0.01', 72.72)]
22-11-07 00:15:33 - INFO - root: Cross-validation : best param found is reg = 0.0001             with score 73.63
22-11-07 00:15:33 - INFO - root: Evaluating...
22-11-19 03:03:30 - INFO - sentence_transformers.SentenceTransformer: Load pretrained SentenceTransformer: distiluse-base-multilingual-cased-v2
22-11-19 03:03:32 - INFO - sentence_transformers.SentenceTransformer: Use pytorch device: cuda
22-11-19 03:03:32 - INFO - __main__: SBert model distiluse-base-multilingual-cased-v2 is loaded.
22-11-19 03:03:33 - INFO - __main__: Num of SBert features: 512
