22-11-07 09:54:23 - INFO - sentence_transformers.SentenceTransformer: Load pretrained SentenceTransformer: distiluse-base-multilingual-cased-v2
22-11-07 09:54:25 - INFO - sentence_transformers.SentenceTransformer: Use pytorch device: cuda
22-11-07 09:54:25 - INFO - __main__: SBert model distiluse-base-multilingual-cased-v2 is loaded.
22-11-07 09:54:27 - INFO - __main__: Num of SBert features: 512
22-11-07 09:54:27 - INFO - root: Generating sentence embeddings
22-11-07 09:54:32 - INFO - root: Generated sentence embeddings
22-11-07 09:54:32 - INFO - root: Training pytorch-MLP-nhid0-rmsprop-bs128 with (inner) 5-fold cross-validation
22-11-07 09:55:00 - INFO - root: Best param found at split 1: l2reg = 0.001                 with score 71.32
22-11-07 09:55:26 - INFO - root: Best param found at split 2: l2reg = 0.001                 with score 71.27
22-11-07 09:56:01 - INFO - root: Best param found at split 3: l2reg = 0.0001                 with score 72.51
22-11-07 09:56:31 - INFO - root: Best param found at split 4: l2reg = 0.001                 with score 72.1
22-11-07 09:57:00 - INFO - root: Best param found at split 5: l2reg = 0.0001                 with score 71.27
22-11-07 09:57:02 - INFO - root: Generating sentence embeddings
22-11-07 09:57:03 - INFO - root: Generated sentence embeddings
22-11-07 09:57:03 - INFO - root: Training pytorch-MLP-nhid0-rmsprop-bs128 with (inner) 5-fold cross-validation
22-11-07 09:57:14 - INFO - root: Best param found at split 1: l2reg = 1e-05                 with score 81.82
22-11-07 09:57:24 - INFO - root: Best param found at split 2: l2reg = 1e-05                 with score 80.17
22-11-07 09:57:35 - INFO - root: Best param found at split 3: l2reg = 0.001                 with score 82.22
22-11-07 09:57:46 - INFO - root: Best param found at split 4: l2reg = 0.001                 with score 81.39
22-11-07 09:57:56 - INFO - root: Best param found at split 5: l2reg = 0.0001                 with score 81.23
22-11-07 09:57:57 - INFO - root: Generating sentence embeddings
22-11-07 09:58:02 - INFO - root: Generated sentence embeddings
22-11-07 09:58:02 - INFO - root: Training pytorch-MLP-nhid0-rmsprop-bs128 with (inner) 5-fold cross-validation
22-11-07 09:58:29 - INFO - root: Best param found at split 1: l2reg = 1e-05                 with score 91.3
22-11-07 09:58:59 - INFO - root: Best param found at split 2: l2reg = 0.01                 with score 91.6
22-11-07 09:59:28 - INFO - root: Best param found at split 3: l2reg = 0.01                 with score 91.31
22-11-07 09:59:55 - INFO - root: Best param found at split 4: l2reg = 1e-05                 with score 90.96
22-11-07 10:00:25 - INFO - root: Best param found at split 5: l2reg = 0.01                 with score 90.75
22-11-07 10:00:26 - INFO - root: Generating sentence embeddings
22-11-07 10:00:29 - INFO - root: Generated sentence embeddings
22-11-07 10:00:29 - INFO - root: Training pytorch-MLP-nhid0-rmsprop-bs128 with (inner) 5-fold cross-validation
22-11-07 10:00:53 - INFO - root: Best param found at split 1: l2reg = 0.001                 with score 87.28
22-11-07 10:01:22 - INFO - root: Best param found at split 2: l2reg = 1e-05                 with score 86.81
22-11-07 10:01:51 - INFO - root: Best param found at split 3: l2reg = 0.0001                 with score 86.46
22-11-07 10:02:18 - INFO - root: Best param found at split 4: l2reg = 0.0001                 with score 85.86
22-11-07 10:02:46 - INFO - root: Best param found at split 5: l2reg = 1e-05                 with score 86.25
22-11-07 10:02:48 - INFO - root: Computing embedding for train
22-11-07 10:02:51 - INFO - root: Computed train embeddings
22-11-07 10:02:51 - INFO - root: Computing embedding for dev
22-11-07 10:02:52 - INFO - root: Computed dev embeddings
22-11-07 10:02:52 - INFO - root: Computing embedding for test
22-11-07 10:02:52 - INFO - root: Computed test embeddings
22-11-07 10:02:52 - INFO - root: Training pytorch-MLP-nhid0-rmsprop-bs128 with standard validation..
22-11-07 10:02:59 - INFO - root: [('reg:1e-05', 35.51), ('reg:0.0001', 35.42), ('reg:0.001', 37.6), ('reg:0.01', 32.79)]
22-11-07 10:02:59 - INFO - root: Validation : best param found is reg = 0.001 with score             37.6
22-11-07 10:02:59 - INFO - root: Evaluating...
22-11-07 10:03:00 - INFO - root: ***** Transfer task : TREC *****


22-11-07 10:03:02 - INFO - root: Computed train embeddings
22-11-07 10:03:02 - INFO - root: Computed test embeddings
22-11-07 10:03:02 - INFO - root: Training pytorch-MLP-nhid0-rmsprop-bs128 with 5-fold cross-validation
22-11-07 10:03:20 - INFO - root: [('reg:1e-05', 85.6), ('reg:0.0001', 85.64), ('reg:0.001', 85.16), ('reg:0.01', 79.66)]
22-11-07 10:03:20 - INFO - root: Cross-validation : best param found is reg = 0.0001             with score 85.64
22-11-07 10:03:20 - INFO - root: Evaluating...
22-11-07 10:03:21 - INFO - root: ***** Transfer task : MRPC *****


22-11-07 10:03:22 - INFO - root: Computing embedding for train
22-11-07 10:03:25 - INFO - root: Computed train embeddings
22-11-07 10:03:25 - INFO - root: Computing embedding for test
22-11-07 10:03:27 - INFO - root: Computed test embeddings
22-11-07 10:03:27 - INFO - root: Training pytorch-MLP-nhid0-rmsprop-bs128 with 5-fold cross-validation
22-11-07 10:03:39 - INFO - root: [('reg:1e-05', 73.82), ('reg:0.0001', 72.94), ('reg:0.001', 72.89), ('reg:0.01', 72.74)]
22-11-07 10:03:39 - INFO - root: Cross-validation : best param found is reg = 1e-05             with score 73.82
22-11-07 10:03:39 - INFO - root: Evaluating...
