22-11-07 17:42:05 - INFO - sentence_transformers.SentenceTransformer: Load pretrained SentenceTransformer: distiluse-base-multilingual-cased-v2
22-11-07 17:42:06 - INFO - sentence_transformers.SentenceTransformer: Use pytorch device: cuda
22-11-07 17:42:06 - INFO - __main__: SBert model distiluse-base-multilingual-cased-v2 is loaded.
22-11-07 17:42:08 - INFO - __main__: Num of SBert features: 512
22-11-07 17:42:09 - INFO - root: Generating sentence embeddings
22-11-07 17:42:13 - INFO - root: Generated sentence embeddings
22-11-07 17:42:13 - INFO - root: Training pytorch-MLP-nhid0-rmsprop-bs128 with (inner) 5-fold cross-validation
22-11-07 17:42:38 - INFO - root: Best param found at split 1: l2reg = 1e-05                 with score 70.13
22-11-07 17:43:03 - INFO - root: Best param found at split 2: l2reg = 0.0001                 with score 71.26
22-11-07 17:43:32 - INFO - root: Best param found at split 3: l2reg = 0.001                 with score 73.2
22-11-07 17:44:01 - INFO - root: Best param found at split 4: l2reg = 0.0001                 with score 72.26
22-11-07 17:44:26 - INFO - root: Best param found at split 5: l2reg = 0.001                 with score 68.46
22-11-07 17:44:28 - INFO - root: Generating sentence embeddings
22-11-07 17:44:29 - INFO - root: Generated sentence embeddings
22-11-07 17:44:29 - INFO - root: Training pytorch-MLP-nhid0-rmsprop-bs128 with (inner) 5-fold cross-validation
22-11-07 17:44:40 - INFO - root: Best param found at split 1: l2reg = 0.001                 with score 82.78
22-11-07 17:44:51 - INFO - root: Best param found at split 2: l2reg = 0.0001                 with score 82.05
22-11-07 17:45:02 - INFO - root: Best param found at split 3: l2reg = 1e-05                 with score 81.62
22-11-07 17:45:13 - INFO - root: Best param found at split 4: l2reg = 1e-05                 with score 81.29
22-11-07 17:45:24 - INFO - root: Best param found at split 5: l2reg = 0.001                 with score 81.95
22-11-07 17:45:24 - INFO - root: Generating sentence embeddings
22-11-07 17:45:29 - INFO - root: Generated sentence embeddings
22-11-07 17:45:29 - INFO - root: Training pytorch-MLP-nhid0-rmsprop-bs128 with (inner) 5-fold cross-validation
22-11-07 17:45:57 - INFO - root: Best param found at split 1: l2reg = 0.01                 with score 91.44
22-11-07 17:46:25 - INFO - root: Best param found at split 2: l2reg = 0.01                 with score 91.68
22-11-07 17:46:52 - INFO - root: Best param found at split 3: l2reg = 1e-05                 with score 91.56
22-11-07 17:47:19 - INFO - root: Best param found at split 4: l2reg = 0.0001                 with score 90.91
22-11-07 17:47:48 - INFO - root: Best param found at split 5: l2reg = 0.0001                 with score 91.06
22-11-07 17:47:50 - INFO - root: Generating sentence embeddings
22-11-07 17:47:53 - INFO - root: Generated sentence embeddings
22-11-07 17:47:53 - INFO - root: Training pytorch-MLP-nhid0-rmsprop-bs128 with (inner) 5-fold cross-validation
22-11-07 17:48:17 - INFO - root: Best param found at split 1: l2reg = 0.01                 with score 86.21
22-11-07 17:48:46 - INFO - root: Best param found at split 2: l2reg = 0.001                 with score 86.76
22-11-07 17:49:15 - INFO - root: Best param found at split 3: l2reg = 0.0001                 with score 87.21
22-11-07 17:49:45 - INFO - root: Best param found at split 4: l2reg = 0.01                 with score 86.8
22-11-07 17:50:16 - INFO - root: Best param found at split 5: l2reg = 0.0001                 with score 86.41
22-11-07 17:50:18 - INFO - root: Computing embedding for train
22-11-07 17:50:21 - INFO - root: Computed train embeddings
22-11-07 17:50:21 - INFO - root: Computing embedding for dev
22-11-07 17:50:22 - INFO - root: Computed dev embeddings
22-11-07 17:50:22 - INFO - root: Computing embedding for test
22-11-07 17:50:22 - INFO - root: Computed test embeddings
22-11-07 17:50:22 - INFO - root: Training pytorch-MLP-nhid0-rmsprop-bs128 with standard validation..
22-11-07 17:50:30 - INFO - root: [('reg:1e-05', 37.78), ('reg:0.0001', 38.15), ('reg:0.001', 40.42), ('reg:0.01', 40.6)]
22-11-07 17:50:30 - INFO - root: Validation : best param found is reg = 0.01 with score             40.6
22-11-07 17:50:30 - INFO - root: Evaluating...
22-11-07 17:50:32 - INFO - root: ***** Transfer task : TREC *****


22-11-07 17:50:33 - INFO - root: Computed train embeddings
22-11-07 17:50:34 - INFO - root: Computed test embeddings
22-11-07 17:50:34 - INFO - root: Training pytorch-MLP-nhid0-rmsprop-bs128 with 5-fold cross-validation
22-11-07 17:50:51 - INFO - root: [('reg:1e-05', 85.77), ('reg:0.0001', 84.61), ('reg:0.001', 84.98), ('reg:0.01', 84.15)]
22-11-07 17:50:51 - INFO - root: Cross-validation : best param found is reg = 1e-05             with score 85.77
22-11-07 17:50:51 - INFO - root: Evaluating...
22-11-07 17:50:52 - INFO - root: ***** Transfer task : MRPC *****


22-11-07 17:50:52 - INFO - root: Computing embedding for train
22-11-07 17:50:55 - INFO - root: Computed train embeddings
22-11-07 17:50:55 - INFO - root: Computing embedding for test
22-11-07 17:50:57 - INFO - root: Computed test embeddings
22-11-07 17:50:57 - INFO - root: Training pytorch-MLP-nhid0-rmsprop-bs128 with 5-fold cross-validation
22-11-07 17:51:11 - INFO - root: [('reg:1e-05', 71.88), ('reg:0.0001', 71.96), ('reg:0.001', 73.43), ('reg:0.01', 73.26)]
22-11-07 17:51:11 - INFO - root: Cross-validation : best param found is reg = 0.001             with score 73.43
22-11-07 17:51:11 - INFO - root: Evaluating...
