22-11-07 11:01:30 - INFO - sentence_transformers.SentenceTransformer: Load pretrained SentenceTransformer: distiluse-base-multilingual-cased-v2
22-11-07 11:01:31 - INFO - sentence_transformers.SentenceTransformer: Use pytorch device: cuda
22-11-07 11:01:31 - INFO - __main__: SBert model distiluse-base-multilingual-cased-v2 is loaded.
22-11-07 11:01:33 - INFO - __main__: Num of SBert features: 512
22-11-07 11:01:34 - INFO - root: Generating sentence embeddings
22-11-07 11:01:39 - INFO - root: Generated sentence embeddings
22-11-07 11:01:39 - INFO - root: Training pytorch-MLP-nhid0-rmsprop-bs128 with (inner) 5-fold cross-validation
22-11-07 11:02:06 - INFO - root: Best param found at split 1: l2reg = 0.01                 with score 71.09
22-11-07 11:02:34 - INFO - root: Best param found at split 2: l2reg = 0.001                 with score 70.64
22-11-07 11:03:02 - INFO - root: Best param found at split 3: l2reg = 0.0001                 with score 69.55
22-11-07 11:03:30 - INFO - root: Best param found at split 4: l2reg = 0.001                 with score 71.36
22-11-07 11:03:58 - INFO - root: Best param found at split 5: l2reg = 0.001                 with score 70.68
22-11-07 11:03:59 - INFO - root: Generating sentence embeddings
22-11-07 11:04:01 - INFO - root: Generated sentence embeddings
22-11-07 11:04:01 - INFO - root: Training pytorch-MLP-nhid0-rmsprop-bs128 with (inner) 5-fold cross-validation
22-11-07 11:04:10 - INFO - root: Best param found at split 1: l2reg = 0.01                 with score 80.76
22-11-07 11:04:22 - INFO - root: Best param found at split 2: l2reg = 0.01                 with score 82.88
22-11-07 11:04:33 - INFO - root: Best param found at split 3: l2reg = 0.001                 with score 82.35
22-11-07 11:04:44 - INFO - root: Best param found at split 4: l2reg = 1e-05                 with score 81.66
22-11-07 11:04:54 - INFO - root: Best param found at split 5: l2reg = 1e-05                 with score 81.59
22-11-07 11:04:55 - INFO - root: Generating sentence embeddings
22-11-07 11:04:59 - INFO - root: Generated sentence embeddings
22-11-07 11:04:59 - INFO - root: Training pytorch-MLP-nhid0-rmsprop-bs128 with (inner) 5-fold cross-validation
22-11-07 11:05:16 - INFO - root: Best param found at split 1: l2reg = 1e-05                 with score 91.28
22-11-07 11:05:42 - INFO - root: Best param found at split 2: l2reg = 0.0001                 with score 91.34
22-11-07 11:06:09 - INFO - root: Best param found at split 3: l2reg = 0.001                 with score 91.09
22-11-07 11:06:37 - INFO - root: Best param found at split 4: l2reg = 0.001                 with score 90.64
22-11-07 11:07:06 - INFO - root: Best param found at split 5: l2reg = 0.01                 with score 90.55
22-11-07 11:07:08 - INFO - root: Generating sentence embeddings
22-11-07 11:07:10 - INFO - root: Generated sentence embeddings
22-11-07 11:07:10 - INFO - root: Training pytorch-MLP-nhid0-rmsprop-bs128 with (inner) 5-fold cross-validation
22-11-07 11:07:36 - INFO - root: Best param found at split 1: l2reg = 1e-05                 with score 86.75
22-11-07 11:08:04 - INFO - root: Best param found at split 2: l2reg = 1e-05                 with score 86.4
22-11-07 11:08:34 - INFO - root: Best param found at split 3: l2reg = 1e-05                 with score 86.61
22-11-07 11:09:01 - INFO - root: Best param found at split 4: l2reg = 0.01                 with score 86.15
22-11-07 11:09:30 - INFO - root: Best param found at split 5: l2reg = 1e-05                 with score 86.73
22-11-07 11:09:32 - INFO - root: Computing embedding for train
22-11-07 11:09:36 - INFO - root: Computed train embeddings
22-11-07 11:09:36 - INFO - root: Computing embedding for dev
22-11-07 11:09:36 - INFO - root: Computed dev embeddings
22-11-07 11:09:36 - INFO - root: Computing embedding for test
22-11-07 11:09:37 - INFO - root: Computed test embeddings
22-11-07 11:09:37 - INFO - root: Training pytorch-MLP-nhid0-rmsprop-bs128 with standard validation..
22-11-07 11:09:43 - INFO - root: [('reg:1e-05', 38.6), ('reg:0.0001', 40.05), ('reg:0.001', 35.79), ('reg:0.01', 40.05)]
22-11-07 11:09:43 - INFO - root: Validation : best param found is reg = 0.0001 with score             40.05
22-11-07 11:09:43 - INFO - root: Evaluating...
22-11-07 11:09:45 - INFO - root: ***** Transfer task : TREC *****


22-11-07 11:09:46 - INFO - root: Computed train embeddings
22-11-07 11:09:46 - INFO - root: Computed test embeddings
22-11-07 11:09:46 - INFO - root: Training pytorch-MLP-nhid0-rmsprop-bs128 with 5-fold cross-validation
22-11-07 11:10:03 - INFO - root: [('reg:1e-05', 84.12), ('reg:0.0001', 82.7), ('reg:0.001', 83.18), ('reg:0.01', 77.48)]
22-11-07 11:10:03 - INFO - root: Cross-validation : best param found is reg = 1e-05             with score 84.12
22-11-07 11:10:03 - INFO - root: Evaluating...
22-11-07 11:10:05 - INFO - root: ***** Transfer task : MRPC *****


22-11-07 11:10:05 - INFO - root: Computing embedding for train
22-11-07 11:10:08 - INFO - root: Computed train embeddings
22-11-07 11:10:08 - INFO - root: Computing embedding for test
22-11-07 11:10:10 - INFO - root: Computed test embeddings
22-11-07 11:10:10 - INFO - root: Training pytorch-MLP-nhid0-rmsprop-bs128 with 5-fold cross-validation
22-11-07 11:10:24 - INFO - root: [('reg:1e-05', 74.44), ('reg:0.0001', 75.05), ('reg:0.001', 72.79), ('reg:0.01', 72.77)]
22-11-07 11:10:24 - INFO - root: Cross-validation : best param found is reg = 0.0001             with score 75.05
22-11-07 11:10:24 - INFO - root: Evaluating...
22-11-19 07:29:01 - INFO - sentence_transformers.SentenceTransformer: Load pretrained SentenceTransformer: distiluse-base-multilingual-cased-v2
22-11-19 07:29:02 - INFO - sentence_transformers.SentenceTransformer: Use pytorch device: cuda
22-11-19 07:29:02 - INFO - __main__: SBert model distiluse-base-multilingual-cased-v2 is loaded.
22-11-19 07:29:04 - INFO - __main__: Num of SBert features: 512
