22-11-06 16:10:06 - INFO - sentence_transformers.SentenceTransformer: Load pretrained SentenceTransformer: distiluse-base-multilingual-cased-v2
22-11-06 16:10:07 - INFO - sentence_transformers.SentenceTransformer: Use pytorch device: cuda
22-11-06 16:10:07 - INFO - __main__: SBert model distiluse-base-multilingual-cased-v2 is loaded.
22-11-06 16:10:10 - INFO - __main__: Num of SBert features: 512
22-11-06 16:10:11 - INFO - root: Generating sentence embeddings
22-11-06 16:10:15 - INFO - root: Generated sentence embeddings
22-11-06 16:10:15 - INFO - root: Training pytorch-MLP-nhid0-rmsprop-bs128 with (inner) 5-fold cross-validation
22-11-06 16:10:42 - INFO - root: Best param found at split 1: l2reg = 1e-05                 with score 69.55
22-11-06 16:11:11 - INFO - root: Best param found at split 2: l2reg = 0.01                 with score 69.52
22-11-06 16:11:42 - INFO - root: Best param found at split 3: l2reg = 0.01                 with score 69.33
22-11-06 16:12:13 - INFO - root: Best param found at split 4: l2reg = 1e-05                 with score 67.82
22-11-06 16:12:44 - INFO - root: Best param found at split 5: l2reg = 0.01                 with score 69.99
22-11-06 16:12:46 - INFO - root: Generating sentence embeddings
22-11-06 16:12:48 - INFO - root: Generated sentence embeddings
22-11-06 16:12:48 - INFO - root: Training pytorch-MLP-nhid0-rmsprop-bs128 with (inner) 5-fold cross-validation
22-11-06 16:12:56 - INFO - root: Best param found at split 1: l2reg = 0.001                 with score 78.31
22-11-06 16:13:07 - INFO - root: Best param found at split 2: l2reg = 0.0001                 with score 79.44
22-11-06 16:13:17 - INFO - root: Best param found at split 3: l2reg = 0.0001                 with score 79.44
22-11-06 16:13:27 - INFO - root: Best param found at split 4: l2reg = 1e-05                 with score 78.81
22-11-06 16:13:40 - INFO - root: Best param found at split 5: l2reg = 1e-05                 with score 78.94
22-11-06 16:13:40 - INFO - root: Generating sentence embeddings
22-11-06 16:13:45 - INFO - root: Generated sentence embeddings
22-11-06 16:13:45 - INFO - root: Training pytorch-MLP-nhid0-rmsprop-bs128 with (inner) 5-fold cross-validation
22-11-06 16:14:10 - INFO - root: Best param found at split 1: l2reg = 0.0001                 with score 89.51
22-11-06 16:14:36 - INFO - root: Best param found at split 2: l2reg = 0.01                 with score 89.41
22-11-06 16:15:05 - INFO - root: Best param found at split 3: l2reg = 1e-05                 with score 89.2
22-11-06 16:15:33 - INFO - root: Best param found at split 4: l2reg = 0.01                 with score 89.0
22-11-06 16:16:03 - INFO - root: Best param found at split 5: l2reg = 0.001                 with score 89.19
22-11-06 16:16:04 - INFO - root: Generating sentence embeddings
22-11-06 16:16:07 - INFO - root: Generated sentence embeddings
22-11-06 16:16:07 - INFO - root: Training pytorch-MLP-nhid0-rmsprop-bs128 with (inner) 5-fold cross-validation
22-11-06 16:16:36 - INFO - root: Best param found at split 1: l2reg = 0.001                 with score 85.71
22-11-06 16:17:05 - INFO - root: Best param found at split 2: l2reg = 0.01                 with score 85.41
22-11-06 16:17:35 - INFO - root: Best param found at split 3: l2reg = 0.0001                 with score 85.29
22-11-06 16:18:03 - INFO - root: Best param found at split 4: l2reg = 0.01                 with score 85.98
22-11-06 16:18:31 - INFO - root: Best param found at split 5: l2reg = 0.01                 with score 83.61
22-11-06 16:18:33 - INFO - root: Computing embedding for train
22-11-06 16:18:36 - INFO - root: Computed train embeddings
22-11-06 16:18:36 - INFO - root: Computing embedding for dev
22-11-06 16:18:37 - INFO - root: Computed dev embeddings
22-11-06 16:18:37 - INFO - root: Computing embedding for test
22-11-06 16:18:37 - INFO - root: Computed test embeddings
22-11-06 16:18:37 - INFO - root: Training pytorch-MLP-nhid0-rmsprop-bs128 with standard validation..
22-11-06 16:18:44 - INFO - root: [('reg:1e-05', 38.24), ('reg:0.0001', 38.51), ('reg:0.001', 38.78), ('reg:0.01', 38.51)]
22-11-06 16:18:44 - INFO - root: Validation : best param found is reg = 0.001 with score             38.78
22-11-06 16:18:44 - INFO - root: Evaluating...
22-11-06 16:18:47 - INFO - root: ***** Transfer task : TREC *****


22-11-06 16:18:48 - INFO - root: Computed train embeddings
22-11-06 16:18:48 - INFO - root: Computed test embeddings
22-11-06 16:18:48 - INFO - root: Training pytorch-MLP-nhid0-rmsprop-bs128 with 5-fold cross-validation
22-11-06 16:19:05 - INFO - root: [('reg:1e-05', 80.06), ('reg:0.0001', 80.01), ('reg:0.001', 79.95), ('reg:0.01', 78.03)]
22-11-06 16:19:05 - INFO - root: Cross-validation : best param found is reg = 1e-05             with score 80.06
22-11-06 16:19:05 - INFO - root: Evaluating...
22-11-06 16:19:06 - INFO - root: ***** Transfer task : MRPC *****


22-11-06 16:19:06 - INFO - root: Computing embedding for train
22-11-06 16:19:10 - INFO - root: Computed train embeddings
22-11-06 16:19:10 - INFO - root: Computing embedding for test
22-11-06 16:19:11 - INFO - root: Computed test embeddings
22-11-06 16:19:11 - INFO - root: Training pytorch-MLP-nhid0-rmsprop-bs128 with 5-fold cross-validation
22-11-06 16:19:24 - INFO - root: [('reg:1e-05', 73.18), ('reg:0.0001', 73.48), ('reg:0.001', 72.82), ('reg:0.01', 74.07)]
22-11-06 16:19:24 - INFO - root: Cross-validation : best param found is reg = 0.01             with score 74.07
22-11-06 16:19:24 - INFO - root: Evaluating...
22-11-18 23:48:03 - INFO - sentence_transformers.SentenceTransformer: Load pretrained SentenceTransformer: distiluse-base-multilingual-cased-v2
22-11-18 23:48:05 - INFO - sentence_transformers.SentenceTransformer: Use pytorch device: cuda
22-11-18 23:48:05 - INFO - __main__: SBert model distiluse-base-multilingual-cased-v2 is loaded.
22-11-18 23:48:06 - INFO - __main__: Num of SBert features: 512
