22-11-07 13:49:51 - INFO - sentence_transformers.SentenceTransformer: Load pretrained SentenceTransformer: distiluse-base-multilingual-cased-v2
22-11-07 13:49:52 - INFO - sentence_transformers.SentenceTransformer: Use pytorch device: cuda
22-11-07 13:49:52 - INFO - __main__: SBert model distiluse-base-multilingual-cased-v2 is loaded.
22-11-07 13:49:54 - INFO - __main__: Num of SBert features: 512
22-11-07 13:49:54 - INFO - root: Generating sentence embeddings
22-11-07 13:49:59 - INFO - root: Generated sentence embeddings
22-11-07 13:49:59 - INFO - root: Training pytorch-MLP-nhid0-rmsprop-bs128 with (inner) 5-fold cross-validation
22-11-07 13:50:30 - INFO - root: Best param found at split 1: l2reg = 1e-05                 with score 72.28
22-11-07 13:50:56 - INFO - root: Best param found at split 2: l2reg = 0.001                 with score 71.65
22-11-07 13:51:25 - INFO - root: Best param found at split 3: l2reg = 1e-05                 with score 70.64
22-11-07 13:51:54 - INFO - root: Best param found at split 4: l2reg = 0.001                 with score 72.13
22-11-07 13:52:22 - INFO - root: Best param found at split 5: l2reg = 0.01                 with score 70.79
22-11-07 13:52:24 - INFO - root: Generating sentence embeddings
22-11-07 13:52:25 - INFO - root: Generated sentence embeddings
22-11-07 13:52:25 - INFO - root: Training pytorch-MLP-nhid0-rmsprop-bs128 with (inner) 5-fold cross-validation
22-11-07 13:52:36 - INFO - root: Best param found at split 1: l2reg = 1e-05                 with score 82.52
22-11-07 13:52:46 - INFO - root: Best param found at split 2: l2reg = 0.01                 with score 82.78
22-11-07 13:52:57 - INFO - root: Best param found at split 3: l2reg = 0.0001                 with score 82.62
22-11-07 13:53:09 - INFO - root: Best param found at split 4: l2reg = 0.0001                 with score 82.38
22-11-07 13:53:19 - INFO - root: Best param found at split 5: l2reg = 0.001                 with score 81.99
22-11-07 13:53:19 - INFO - root: Generating sentence embeddings
22-11-07 13:53:24 - INFO - root: Generated sentence embeddings
22-11-07 13:53:24 - INFO - root: Training pytorch-MLP-nhid0-rmsprop-bs128 with (inner) 5-fold cross-validation
22-11-07 13:53:50 - INFO - root: Best param found at split 1: l2reg = 1e-05                 with score 91.24
22-11-07 13:54:17 - INFO - root: Best param found at split 2: l2reg = 1e-05                 with score 91.78
22-11-07 13:54:45 - INFO - root: Best param found at split 3: l2reg = 0.001                 with score 91.63
22-11-07 13:55:06 - INFO - root: Best param found at split 4: l2reg = 0.0001                 with score 91.29
22-11-07 13:55:30 - INFO - root: Best param found at split 5: l2reg = 1e-05                 with score 91.11
22-11-07 13:55:32 - INFO - root: Generating sentence embeddings
22-11-07 13:55:34 - INFO - root: Generated sentence embeddings
22-11-07 13:55:34 - INFO - root: Training pytorch-MLP-nhid0-rmsprop-bs128 with (inner) 5-fold cross-validation
22-11-07 13:55:52 - INFO - root: Best param found at split 1: l2reg = 0.0001                 with score 86.99
22-11-07 13:56:13 - INFO - root: Best param found at split 2: l2reg = 0.001                 with score 86.99
22-11-07 13:56:43 - INFO - root: Best param found at split 3: l2reg = 0.01                 with score 87.31
22-11-07 13:57:18 - INFO - root: Best param found at split 4: l2reg = 0.001                 with score 87.12
22-11-07 13:57:47 - INFO - root: Best param found at split 5: l2reg = 1e-05                 with score 85.49
22-11-07 13:57:49 - INFO - root: Computing embedding for train
22-11-07 13:57:53 - INFO - root: Computed train embeddings
22-11-07 13:57:53 - INFO - root: Computing embedding for dev
22-11-07 13:57:53 - INFO - root: Computed dev embeddings
22-11-07 13:57:53 - INFO - root: Computing embedding for test
22-11-07 13:57:54 - INFO - root: Computed test embeddings
22-11-07 13:57:54 - INFO - root: Training pytorch-MLP-nhid0-rmsprop-bs128 with standard validation..
22-11-07 13:58:01 - INFO - root: [('reg:1e-05', 39.69), ('reg:0.0001', 38.42), ('reg:0.001', 38.78), ('reg:0.01', 37.42)]
22-11-07 13:58:01 - INFO - root: Validation : best param found is reg = 1e-05 with score             39.69
22-11-07 13:58:01 - INFO - root: Evaluating...
22-11-07 13:58:02 - INFO - root: ***** Transfer task : TREC *****


22-11-07 13:58:04 - INFO - root: Computed train embeddings
22-11-07 13:58:04 - INFO - root: Computed test embeddings
22-11-07 13:58:04 - INFO - root: Training pytorch-MLP-nhid0-rmsprop-bs128 with 5-fold cross-validation
22-11-07 13:58:22 - INFO - root: [('reg:1e-05', 85.42), ('reg:0.0001', 85.38), ('reg:0.001', 85.22), ('reg:0.01', 82.58)]
22-11-07 13:58:22 - INFO - root: Cross-validation : best param found is reg = 1e-05             with score 85.42
22-11-07 13:58:22 - INFO - root: Evaluating...
22-11-07 13:58:23 - INFO - root: ***** Transfer task : MRPC *****


22-11-07 13:58:23 - INFO - root: Computing embedding for train
22-11-07 13:58:27 - INFO - root: Computed train embeddings
22-11-07 13:58:27 - INFO - root: Computing embedding for test
22-11-07 13:58:28 - INFO - root: Computed test embeddings
22-11-07 13:58:29 - INFO - root: Training pytorch-MLP-nhid0-rmsprop-bs128 with 5-fold cross-validation
22-11-07 13:58:42 - INFO - root: [('reg:1e-05', 74.98), ('reg:0.0001', 75.05), ('reg:0.001', 74.09), ('reg:0.01', 73.87)]
22-11-07 13:58:42 - INFO - root: Cross-validation : best param found is reg = 0.0001             with score 75.05
22-11-07 13:58:42 - INFO - root: Evaluating...
22-11-19 08:35:21 - INFO - sentence_transformers.SentenceTransformer: Load pretrained SentenceTransformer: distiluse-base-multilingual-cased-v2
22-11-19 08:35:22 - INFO - sentence_transformers.SentenceTransformer: Use pytorch device: cuda
22-11-19 08:35:22 - INFO - __main__: SBert model distiluse-base-multilingual-cased-v2 is loaded.
22-11-19 08:35:24 - INFO - __main__: Num of SBert features: 512
