22-11-06 20:32:24 - INFO - sentence_transformers.SentenceTransformer: Load pretrained SentenceTransformer: distiluse-base-multilingual-cased-v2
22-11-06 20:32:25 - INFO - sentence_transformers.SentenceTransformer: Use pytorch device: cuda
22-11-06 20:32:25 - INFO - __main__: SBert model distiluse-base-multilingual-cased-v2 is loaded.
22-11-06 20:32:27 - INFO - __main__: Num of SBert features: 512
22-11-06 20:32:28 - INFO - root: Generating sentence embeddings
22-11-06 20:32:33 - INFO - root: Generated sentence embeddings
22-11-06 20:32:33 - INFO - root: Training pytorch-MLP-nhid0-rmsprop-bs128 with (inner) 5-fold cross-validation
22-11-06 20:32:59 - INFO - root: Best param found at split 1: l2reg = 1e-05                 with score 70.03
22-11-06 20:33:26 - INFO - root: Best param found at split 2: l2reg = 0.01                 with score 68.99
22-11-06 20:34:01 - INFO - root: Best param found at split 3: l2reg = 0.001                 with score 70.64
22-11-06 20:34:30 - INFO - root: Best param found at split 4: l2reg = 0.001                 with score 70.33
22-11-06 20:35:01 - INFO - root: Best param found at split 5: l2reg = 0.001                 with score 70.05
22-11-06 20:35:03 - INFO - root: Generating sentence embeddings
22-11-06 20:35:05 - INFO - root: Generated sentence embeddings
22-11-06 20:35:05 - INFO - root: Training pytorch-MLP-nhid0-rmsprop-bs128 with (inner) 5-fold cross-validation
22-11-06 20:35:14 - INFO - root: Best param found at split 1: l2reg = 0.0001                 with score 79.14
22-11-06 20:35:26 - INFO - root: Best param found at split 2: l2reg = 0.01                 with score 79.74
22-11-06 20:35:36 - INFO - root: Best param found at split 3: l2reg = 0.001                 with score 79.17
22-11-06 20:35:46 - INFO - root: Best param found at split 4: l2reg = 1e-05                 with score 77.88
22-11-06 20:35:56 - INFO - root: Best param found at split 5: l2reg = 0.0001                 with score 78.81
22-11-06 20:35:57 - INFO - root: Generating sentence embeddings
22-11-06 20:36:02 - INFO - root: Generated sentence embeddings
22-11-06 20:36:02 - INFO - root: Training pytorch-MLP-nhid0-rmsprop-bs128 with (inner) 5-fold cross-validation
22-11-06 20:36:27 - INFO - root: Best param found at split 1: l2reg = 0.001                 with score 89.64
22-11-06 20:36:54 - INFO - root: Best param found at split 2: l2reg = 0.001                 with score 89.89
22-11-06 20:37:23 - INFO - root: Best param found at split 3: l2reg = 0.001                 with score 90.05
22-11-06 20:37:49 - INFO - root: Best param found at split 4: l2reg = 0.01                 with score 89.66
22-11-06 20:38:18 - INFO - root: Best param found at split 5: l2reg = 0.01                 with score 89.36
22-11-06 20:38:19 - INFO - root: Generating sentence embeddings
22-11-06 20:38:22 - INFO - root: Generated sentence embeddings
22-11-06 20:38:22 - INFO - root: Training pytorch-MLP-nhid0-rmsprop-bs128 with (inner) 5-fold cross-validation
22-11-06 20:38:45 - INFO - root: Best param found at split 1: l2reg = 0.001                 with score 86.15
22-11-06 20:39:13 - INFO - root: Best param found at split 2: l2reg = 0.01                 with score 85.74
22-11-06 20:39:44 - INFO - root: Best param found at split 3: l2reg = 0.001                 with score 85.6
22-11-06 20:40:13 - INFO - root: Best param found at split 4: l2reg = 0.01                 with score 85.75
22-11-06 20:40:43 - INFO - root: Best param found at split 5: l2reg = 0.01                 with score 84.64
22-11-06 20:40:45 - INFO - root: Computing embedding for train
22-11-06 20:40:48 - INFO - root: Computed train embeddings
22-11-06 20:40:48 - INFO - root: Computing embedding for dev
22-11-06 20:40:48 - INFO - root: Computed dev embeddings
22-11-06 20:40:48 - INFO - root: Computing embedding for test
22-11-06 20:40:49 - INFO - root: Computed test embeddings
22-11-06 20:40:49 - INFO - root: Training pytorch-MLP-nhid0-rmsprop-bs128 with standard validation..
22-11-06 20:40:56 - INFO - root: [('reg:1e-05', 38.6), ('reg:0.0001', 40.6), ('reg:0.001', 38.96), ('reg:0.01', 40.42)]
22-11-06 20:40:56 - INFO - root: Validation : best param found is reg = 0.0001 with score             40.6
22-11-06 20:40:56 - INFO - root: Evaluating...
22-11-06 20:40:58 - INFO - root: ***** Transfer task : TREC *****


22-11-06 20:40:59 - INFO - root: Computed train embeddings
22-11-06 20:40:59 - INFO - root: Computed test embeddings
22-11-06 20:40:59 - INFO - root: Training pytorch-MLP-nhid0-rmsprop-bs128 with 5-fold cross-validation
22-11-06 20:41:15 - INFO - root: [('reg:1e-05', 81.58), ('reg:0.0001', 81.27), ('reg:0.001', 81.29), ('reg:0.01', 79.99)]
22-11-06 20:41:15 - INFO - root: Cross-validation : best param found is reg = 1e-05             with score 81.58
22-11-06 20:41:15 - INFO - root: Evaluating...
22-11-06 20:41:17 - INFO - root: ***** Transfer task : MRPC *****


22-11-06 20:41:17 - INFO - root: Computing embedding for train
22-11-06 20:41:20 - INFO - root: Computed train embeddings
22-11-06 20:41:20 - INFO - root: Computing embedding for test
22-11-06 20:41:22 - INFO - root: Computed test embeddings
22-11-06 20:41:22 - INFO - root: Training pytorch-MLP-nhid0-rmsprop-bs128 with 5-fold cross-validation
22-11-06 20:41:33 - INFO - root: [('reg:1e-05', 73.48), ('reg:0.0001', 73.53), ('reg:0.001', 73.28), ('reg:0.01', 73.58)]
22-11-06 20:41:33 - INFO - root: Cross-validation : best param found is reg = 0.01             with score 73.58
22-11-06 20:41:33 - INFO - root: Evaluating...
