22-11-06 23:13:31 - INFO - sentence_transformers.SentenceTransformer: Load pretrained SentenceTransformer: distiluse-base-multilingual-cased-v2
22-11-06 23:13:32 - INFO - sentence_transformers.SentenceTransformer: Use pytorch device: cuda
22-11-06 23:13:32 - INFO - __main__: SBert model distiluse-base-multilingual-cased-v2 is loaded.
22-11-06 23:13:34 - INFO - __main__: Num of SBert features: 512
22-11-06 23:13:35 - INFO - root: Generating sentence embeddings
22-11-06 23:13:39 - INFO - root: Generated sentence embeddings
22-11-06 23:13:39 - INFO - root: Training pytorch-MLP-nhid0-rmsprop-bs128 with (inner) 5-fold cross-validation
22-11-06 23:14:07 - INFO - root: Best param found at split 1: l2reg = 0.001                 with score 69.54
22-11-06 23:14:32 - INFO - root: Best param found at split 2: l2reg = 0.01                 with score 69.97
22-11-06 23:15:03 - INFO - root: Best param found at split 3: l2reg = 0.0001                 with score 69.88
22-11-06 23:15:34 - INFO - root: Best param found at split 4: l2reg = 0.0001                 with score 70.3
22-11-06 23:16:01 - INFO - root: Best param found at split 5: l2reg = 1e-05                 with score 70.14
22-11-06 23:16:03 - INFO - root: Generating sentence embeddings
22-11-06 23:16:04 - INFO - root: Generated sentence embeddings
22-11-06 23:16:04 - INFO - root: Training pytorch-MLP-nhid0-rmsprop-bs128 with (inner) 5-fold cross-validation
22-11-06 23:16:14 - INFO - root: Best param found at split 1: l2reg = 0.01                 with score 80.76
22-11-06 23:16:25 - INFO - root: Best param found at split 2: l2reg = 0.001                 with score 81.42
22-11-06 23:16:35 - INFO - root: Best param found at split 3: l2reg = 0.01                 with score 81.92
22-11-06 23:16:46 - INFO - root: Best param found at split 4: l2reg = 1e-05                 with score 80.5
22-11-06 23:16:58 - INFO - root: Best param found at split 5: l2reg = 0.0001                 with score 80.43
22-11-06 23:16:59 - INFO - root: Generating sentence embeddings
22-11-06 23:17:03 - INFO - root: Generated sentence embeddings
22-11-06 23:17:03 - INFO - root: Training pytorch-MLP-nhid0-rmsprop-bs128 with (inner) 5-fold cross-validation
22-11-06 23:17:28 - INFO - root: Best param found at split 1: l2reg = 0.01                 with score 90.31
22-11-06 23:17:56 - INFO - root: Best param found at split 2: l2reg = 0.01                 with score 90.8
22-11-06 23:18:24 - INFO - root: Best param found at split 3: l2reg = 0.01                 with score 90.59
22-11-06 23:18:51 - INFO - root: Best param found at split 4: l2reg = 0.01                 with score 90.35
22-11-06 23:19:17 - INFO - root: Best param found at split 5: l2reg = 0.01                 with score 89.57
22-11-06 23:19:18 - INFO - root: Generating sentence embeddings
22-11-06 23:19:21 - INFO - root: Generated sentence embeddings
22-11-06 23:19:21 - INFO - root: Training pytorch-MLP-nhid0-rmsprop-bs128 with (inner) 5-fold cross-validation
22-11-06 23:19:45 - INFO - root: Best param found at split 1: l2reg = 0.01                 with score 86.78
22-11-06 23:20:16 - INFO - root: Best param found at split 2: l2reg = 0.01                 with score 86.14
22-11-06 23:20:46 - INFO - root: Best param found at split 3: l2reg = 0.01                 with score 86.0
22-11-06 23:21:13 - INFO - root: Best param found at split 4: l2reg = 0.01                 with score 84.04
22-11-06 23:21:39 - INFO - root: Best param found at split 5: l2reg = 0.001                 with score 86.4
22-11-06 23:21:40 - INFO - root: Computing embedding for train
22-11-06 23:21:44 - INFO - root: Computed train embeddings
22-11-06 23:21:44 - INFO - root: Computing embedding for dev
22-11-06 23:21:44 - INFO - root: Computed dev embeddings
22-11-06 23:21:44 - INFO - root: Computing embedding for test
22-11-06 23:21:45 - INFO - root: Computed test embeddings
22-11-06 23:21:45 - INFO - root: Training pytorch-MLP-nhid0-rmsprop-bs128 with standard validation..
22-11-06 23:21:51 - INFO - root: [('reg:1e-05', 36.6), ('reg:0.0001', 37.15), ('reg:0.001', 36.42), ('reg:0.01', 37.15)]
22-11-06 23:21:51 - INFO - root: Validation : best param found is reg = 0.0001 with score             37.15
22-11-06 23:21:51 - INFO - root: Evaluating...
22-11-06 23:21:52 - INFO - root: ***** Transfer task : TREC *****


22-11-06 23:21:54 - INFO - root: Computed train embeddings
22-11-06 23:21:54 - INFO - root: Computed test embeddings
22-11-06 23:21:54 - INFO - root: Training pytorch-MLP-nhid0-rmsprop-bs128 with 5-fold cross-validation
22-11-06 23:22:12 - INFO - root: [('reg:1e-05', 84.23), ('reg:0.0001', 83.86), ('reg:0.001', 83.44), ('reg:0.01', 82.14)]
22-11-06 23:22:12 - INFO - root: Cross-validation : best param found is reg = 1e-05             with score 84.23
22-11-06 23:22:12 - INFO - root: Evaluating...
22-11-06 23:22:13 - INFO - root: ***** Transfer task : MRPC *****


22-11-06 23:22:13 - INFO - root: Computing embedding for train
22-11-06 23:22:17 - INFO - root: Computed train embeddings
22-11-06 23:22:17 - INFO - root: Computing embedding for test
22-11-06 23:22:18 - INFO - root: Computed test embeddings
22-11-06 23:22:18 - INFO - root: Training pytorch-MLP-nhid0-rmsprop-bs128 with 5-fold cross-validation
22-11-06 23:22:31 - INFO - root: [('reg:1e-05', 72.5), ('reg:0.0001', 73.09), ('reg:0.001', 73.16), ('reg:0.01', 73.53)]
22-11-06 23:22:31 - INFO - root: Cross-validation : best param found is reg = 0.01             with score 73.53
22-11-06 23:22:31 - INFO - root: Evaluating...
22-11-19 02:40:35 - INFO - sentence_transformers.SentenceTransformer: Load pretrained SentenceTransformer: distiluse-base-multilingual-cased-v2
22-11-19 02:40:37 - INFO - sentence_transformers.SentenceTransformer: Use pytorch device: cuda
22-11-19 02:40:37 - INFO - __main__: SBert model distiluse-base-multilingual-cased-v2 is loaded.
22-11-19 02:40:38 - INFO - __main__: Num of SBert features: 512
