22-11-06 08:05:49 - INFO - sentence_transformers.SentenceTransformer: Load pretrained SentenceTransformer: distiluse-base-multilingual-cased-v2
22-11-06 08:05:50 - INFO - sentence_transformers.SentenceTransformer: Use pytorch device: cuda
22-11-06 08:05:50 - INFO - __main__: SBert model distiluse-base-multilingual-cased-v2 is loaded.
22-11-06 08:05:52 - INFO - __main__: Num of SBert features: 512
22-11-06 08:05:52 - INFO - root: Generating sentence embeddings
22-11-06 08:05:56 - INFO - root: Generated sentence embeddings
22-11-06 08:05:56 - INFO - root: Training pytorch-MLP-nhid0-rmsprop-bs128 with (inner) 5-fold cross-validation
22-11-06 08:06:08 - INFO - root: Best param found at split 1: l2reg = 0.001                 with score 71.71
22-11-06 08:06:33 - INFO - root: Best param found at split 2: l2reg = 0.001                 with score 70.37
22-11-06 08:07:04 - INFO - root: Best param found at split 3: l2reg = 1e-05                 with score 71.83
22-11-06 08:07:32 - INFO - root: Best param found at split 4: l2reg = 0.01                 with score 69.98
22-11-06 08:08:01 - INFO - root: Best param found at split 5: l2reg = 0.01                 with score 72.65
22-11-06 08:08:03 - INFO - root: Generating sentence embeddings
22-11-06 08:08:04 - INFO - root: Generated sentence embeddings
22-11-06 08:08:04 - INFO - root: Training pytorch-MLP-nhid0-rmsprop-bs128 with (inner) 5-fold cross-validation
22-11-06 08:08:14 - INFO - root: Best param found at split 1: l2reg = 0.001                 with score 80.36
22-11-06 08:08:25 - INFO - root: Best param found at split 2: l2reg = 0.0001                 with score 80.79
22-11-06 08:08:36 - INFO - root: Best param found at split 3: l2reg = 1e-05                 with score 80.83
22-11-06 08:08:46 - INFO - root: Best param found at split 4: l2reg = 0.001                 with score 79.6
22-11-06 08:08:57 - INFO - root: Best param found at split 5: l2reg = 0.001                 with score 81.06
22-11-06 08:08:57 - INFO - root: Generating sentence embeddings
22-11-06 08:09:02 - INFO - root: Generated sentence embeddings
22-11-06 08:09:02 - INFO - root: Training pytorch-MLP-nhid0-rmsprop-bs128 with (inner) 5-fold cross-validation
22-11-06 08:09:27 - INFO - root: Best param found at split 1: l2reg = 0.001                 with score 90.24
22-11-06 08:09:43 - INFO - root: Best param found at split 2: l2reg = 1e-05                 with score 90.44
22-11-06 08:10:08 - INFO - root: Best param found at split 3: l2reg = 0.01                 with score 90.41
22-11-06 08:10:32 - INFO - root: Best param found at split 4: l2reg = 0.0001                 with score 90.01
22-11-06 08:10:59 - INFO - root: Best param found at split 5: l2reg = 0.01                 with score 89.88
22-11-06 08:11:01 - INFO - root: Generating sentence embeddings
22-11-06 08:11:03 - INFO - root: Generated sentence embeddings
22-11-06 08:11:03 - INFO - root: Training pytorch-MLP-nhid0-rmsprop-bs128 with (inner) 5-fold cross-validation
22-11-06 08:11:24 - INFO - root: Best param found at split 1: l2reg = 0.001                 with score 85.01
22-11-06 08:11:50 - INFO - root: Best param found at split 2: l2reg = 1e-05                 with score 83.05
22-11-06 08:12:18 - INFO - root: Best param found at split 3: l2reg = 0.0001                 with score 85.2
22-11-06 08:12:47 - INFO - root: Best param found at split 4: l2reg = 0.01                 with score 84.91
22-11-06 08:13:15 - INFO - root: Best param found at split 5: l2reg = 0.001                 with score 84.54
22-11-06 08:13:17 - INFO - root: Computing embedding for train
22-11-06 08:13:20 - INFO - root: Computed train embeddings
22-11-06 08:13:20 - INFO - root: Computing embedding for dev
22-11-06 08:13:21 - INFO - root: Computed dev embeddings
22-11-06 08:13:21 - INFO - root: Computing embedding for test
22-11-06 08:13:22 - INFO - root: Computed test embeddings
22-11-06 08:13:22 - INFO - root: Training pytorch-MLP-nhid0-rmsprop-bs128 with standard validation..
22-11-06 08:13:28 - INFO - root: [('reg:1e-05', 39.69), ('reg:0.0001', 38.15), ('reg:0.001', 37.97), ('reg:0.01', 35.88)]
22-11-06 08:13:28 - INFO - root: Validation : best param found is reg = 1e-05 with score             39.69
22-11-06 08:13:28 - INFO - root: Evaluating...
22-11-06 08:13:30 - INFO - root: ***** Transfer task : TREC *****


22-11-06 08:13:32 - INFO - root: Computed train embeddings
22-11-06 08:13:32 - INFO - root: Computed test embeddings
22-11-06 08:13:32 - INFO - root: Training pytorch-MLP-nhid0-rmsprop-bs128 with 5-fold cross-validation
22-11-06 08:13:49 - INFO - root: [('reg:1e-05', 83.09), ('reg:0.0001', 82.81), ('reg:0.001', 82.52), ('reg:0.01', 81.86)]
22-11-06 08:13:49 - INFO - root: Cross-validation : best param found is reg = 1e-05             with score 83.09
22-11-06 08:13:49 - INFO - root: Evaluating...
22-11-06 08:13:50 - INFO - root: ***** Transfer task : MRPC *****


22-11-06 08:13:50 - INFO - root: Computing embedding for train
22-11-06 08:13:53 - INFO - root: Computed train embeddings
22-11-06 08:13:53 - INFO - root: Computing embedding for test
22-11-06 08:13:54 - INFO - root: Computed test embeddings
22-11-06 08:13:54 - INFO - root: Training pytorch-MLP-nhid0-rmsprop-bs128 with 5-fold cross-validation
22-11-06 08:14:08 - INFO - root: [('reg:1e-05', 73.36), ('reg:0.0001', 73.38), ('reg:0.001', 73.48), ('reg:0.01', 73.45)]
22-11-06 08:14:08 - INFO - root: Cross-validation : best param found is reg = 0.001             with score 73.48
22-11-06 08:14:08 - INFO - root: Evaluating...
