22-11-06 19:35:51 - INFO - sentence_transformers.SentenceTransformer: Load pretrained SentenceTransformer: distiluse-base-multilingual-cased-v2
22-11-06 19:35:52 - INFO - sentence_transformers.SentenceTransformer: Use pytorch device: cuda
22-11-06 19:35:52 - INFO - __main__: SBert model distiluse-base-multilingual-cased-v2 is loaded.
22-11-06 19:35:54 - INFO - __main__: Num of SBert features: 512
22-11-06 19:35:55 - INFO - root: Generating sentence embeddings
22-11-06 19:35:59 - INFO - root: Generated sentence embeddings
22-11-06 19:35:59 - INFO - root: Training pytorch-MLP-nhid0-rmsprop-bs128 with (inner) 5-fold cross-validation
22-11-06 19:36:25 - INFO - root: Best param found at split 1: l2reg = 1e-05                 with score 70.59
22-11-06 19:36:54 - INFO - root: Best param found at split 2: l2reg = 0.001                 with score 69.8
22-11-06 19:37:25 - INFO - root: Best param found at split 3: l2reg = 0.01                 with score 70.84
22-11-06 19:37:53 - INFO - root: Best param found at split 4: l2reg = 0.001                 with score 71.59
22-11-06 19:38:22 - INFO - root: Best param found at split 5: l2reg = 1e-05                 with score 68.9
22-11-06 19:38:24 - INFO - root: Generating sentence embeddings
22-11-06 19:38:25 - INFO - root: Generated sentence embeddings
22-11-06 19:38:25 - INFO - root: Training pytorch-MLP-nhid0-rmsprop-bs128 with (inner) 5-fold cross-validation
22-11-06 19:38:34 - INFO - root: Best param found at split 1: l2reg = 0.0001                 with score 79.3
22-11-06 19:38:45 - INFO - root: Best param found at split 2: l2reg = 1e-05                 with score 79.77
22-11-06 19:38:56 - INFO - root: Best param found at split 3: l2reg = 0.01                 with score 79.93
22-11-06 19:39:07 - INFO - root: Best param found at split 4: l2reg = 0.001                 with score 79.64
22-11-06 19:39:18 - INFO - root: Best param found at split 5: l2reg = 0.001                 with score 80.17
22-11-06 19:39:18 - INFO - root: Generating sentence embeddings
22-11-06 19:39:22 - INFO - root: Generated sentence embeddings
22-11-06 19:39:22 - INFO - root: Training pytorch-MLP-nhid0-rmsprop-bs128 with (inner) 5-fold cross-validation
22-11-06 19:39:47 - INFO - root: Best param found at split 1: l2reg = 0.01                 with score 89.44
22-11-06 19:40:15 - INFO - root: Best param found at split 2: l2reg = 0.001                 with score 90.11
22-11-06 19:40:42 - INFO - root: Best param found at split 3: l2reg = 0.01                 with score 89.57
22-11-06 19:41:09 - INFO - root: Best param found at split 4: l2reg = 0.001                 with score 89.72
22-11-06 19:41:37 - INFO - root: Best param found at split 5: l2reg = 1e-05                 with score 89.36
22-11-06 19:41:38 - INFO - root: Generating sentence embeddings
22-11-06 19:41:41 - INFO - root: Generated sentence embeddings
22-11-06 19:41:41 - INFO - root: Training pytorch-MLP-nhid0-rmsprop-bs128 with (inner) 5-fold cross-validation
22-11-06 19:42:05 - INFO - root: Best param found at split 1: l2reg = 0.01                 with score 86.14
22-11-06 19:42:32 - INFO - root: Best param found at split 2: l2reg = 1e-05                 with score 85.35
22-11-06 19:43:01 - INFO - root: Best param found at split 3: l2reg = 0.001                 with score 84.71
22-11-06 19:43:29 - INFO - root: Best param found at split 4: l2reg = 0.01                 with score 84.49
22-11-06 19:43:56 - INFO - root: Best param found at split 5: l2reg = 1e-05                 with score 83.34
22-11-06 19:43:58 - INFO - root: Computing embedding for train
22-11-06 19:44:02 - INFO - root: Computed train embeddings
22-11-06 19:44:02 - INFO - root: Computing embedding for dev
22-11-06 19:44:02 - INFO - root: Computed dev embeddings
22-11-06 19:44:02 - INFO - root: Computing embedding for test
22-11-06 19:44:03 - INFO - root: Computed test embeddings
22-11-06 19:44:03 - INFO - root: Training pytorch-MLP-nhid0-rmsprop-bs128 with standard validation..
22-11-06 19:44:10 - INFO - root: [('reg:1e-05', 37.15), ('reg:0.0001', 37.69), ('reg:0.001', 37.06), ('reg:0.01', 34.97)]
22-11-06 19:44:10 - INFO - root: Validation : best param found is reg = 0.0001 with score             37.69
22-11-06 19:44:10 - INFO - root: Evaluating...
22-11-06 19:44:12 - INFO - root: ***** Transfer task : TREC *****


22-11-06 19:44:13 - INFO - root: Computed train embeddings
22-11-06 19:44:14 - INFO - root: Computed test embeddings
22-11-06 19:44:14 - INFO - root: Training pytorch-MLP-nhid0-rmsprop-bs128 with 5-fold cross-validation
22-11-06 19:44:32 - INFO - root: [('reg:1e-05', 80.76), ('reg:0.0001', 80.83), ('reg:0.001', 80.69), ('reg:0.01', 80.21)]
22-11-06 19:44:32 - INFO - root: Cross-validation : best param found is reg = 0.0001             with score 80.83
22-11-06 19:44:32 - INFO - root: Evaluating...
22-11-06 19:44:33 - INFO - root: ***** Transfer task : MRPC *****


22-11-06 19:44:33 - INFO - root: Computing embedding for train
22-11-06 19:44:37 - INFO - root: Computed train embeddings
22-11-06 19:44:37 - INFO - root: Computing embedding for test
22-11-06 19:44:38 - INFO - root: Computed test embeddings
22-11-06 19:44:38 - INFO - root: Training pytorch-MLP-nhid0-rmsprop-bs128 with 5-fold cross-validation
22-11-06 19:44:50 - INFO - root: [('reg:1e-05', 73.4), ('reg:0.0001', 73.31), ('reg:0.001', 72.74), ('reg:0.01', 73.55)]
22-11-06 19:44:50 - INFO - root: Cross-validation : best param found is reg = 0.01             with score 73.55
22-11-06 19:44:50 - INFO - root: Evaluating...
22-11-19 01:15:32 - INFO - sentence_transformers.SentenceTransformer: Load pretrained SentenceTransformer: distiluse-base-multilingual-cased-v2
22-11-19 01:15:33 - INFO - sentence_transformers.SentenceTransformer: Use pytorch device: cuda
22-11-19 01:15:33 - INFO - __main__: SBert model distiluse-base-multilingual-cased-v2 is loaded.
22-11-19 01:15:35 - INFO - __main__: Num of SBert features: 512
