22-11-07 15:28:54 - INFO - sentence_transformers.SentenceTransformer: Load pretrained SentenceTransformer: distiluse-base-multilingual-cased-v2
22-11-07 15:28:55 - INFO - sentence_transformers.SentenceTransformer: Use pytorch device: cuda
22-11-07 15:28:55 - INFO - __main__: SBert model distiluse-base-multilingual-cased-v2 is loaded.
22-11-07 15:28:58 - INFO - __main__: Num of SBert features: 512
22-11-07 15:28:58 - INFO - root: Generating sentence embeddings
22-11-07 15:29:03 - INFO - root: Generated sentence embeddings
22-11-07 15:29:03 - INFO - root: Training pytorch-MLP-nhid0-rmsprop-bs128 with (inner) 5-fold cross-validation
22-11-07 15:29:31 - INFO - root: Best param found at split 1: l2reg = 0.0001                 with score 71.57
22-11-07 15:29:57 - INFO - root: Best param found at split 2: l2reg = 0.001                 with score 71.09
22-11-07 15:30:27 - INFO - root: Best param found at split 3: l2reg = 0.001                 with score 72.43
22-11-07 15:30:57 - INFO - root: Best param found at split 4: l2reg = 1e-05                 with score 71.79
22-11-07 15:31:28 - INFO - root: Best param found at split 5: l2reg = 0.01                 with score 70.96
22-11-07 15:31:31 - INFO - root: Generating sentence embeddings
22-11-07 15:31:32 - INFO - root: Generated sentence embeddings
22-11-07 15:31:32 - INFO - root: Training pytorch-MLP-nhid0-rmsprop-bs128 with (inner) 5-fold cross-validation
22-11-07 15:31:42 - INFO - root: Best param found at split 1: l2reg = 0.0001                 with score 82.42
22-11-07 15:31:53 - INFO - root: Best param found at split 2: l2reg = 0.0001                 with score 82.75
22-11-07 15:32:04 - INFO - root: Best param found at split 3: l2reg = 1e-05                 with score 81.79
22-11-07 15:32:15 - INFO - root: Best param found at split 4: l2reg = 0.001                 with score 81.23
22-11-07 15:32:25 - INFO - root: Best param found at split 5: l2reg = 0.0001                 with score 80.2
22-11-07 15:32:26 - INFO - root: Generating sentence embeddings
22-11-07 15:32:30 - INFO - root: Generated sentence embeddings
22-11-07 15:32:30 - INFO - root: Training pytorch-MLP-nhid0-rmsprop-bs128 with (inner) 5-fold cross-validation
22-11-07 15:32:59 - INFO - root: Best param found at split 1: l2reg = 0.0001                 with score 91.41
22-11-07 15:33:27 - INFO - root: Best param found at split 2: l2reg = 0.01                 with score 91.38
22-11-07 15:33:56 - INFO - root: Best param found at split 3: l2reg = 1e-05                 with score 91.6
22-11-07 15:34:24 - INFO - root: Best param found at split 4: l2reg = 0.001                 with score 91.2
22-11-07 15:34:52 - INFO - root: Best param found at split 5: l2reg = 0.01                 with score 91.32
22-11-07 15:34:53 - INFO - root: Generating sentence embeddings
22-11-07 15:34:56 - INFO - root: Generated sentence embeddings
22-11-07 15:34:56 - INFO - root: Training pytorch-MLP-nhid0-rmsprop-bs128 with (inner) 5-fold cross-validation
22-11-07 15:35:22 - INFO - root: Best param found at split 1: l2reg = 0.0001                 with score 87.18
22-11-07 15:35:51 - INFO - root: Best param found at split 2: l2reg = 0.001                 with score 86.8
22-11-07 15:36:21 - INFO - root: Best param found at split 3: l2reg = 0.01                 with score 87.3
22-11-07 15:36:50 - INFO - root: Best param found at split 4: l2reg = 0.001                 with score 86.84
22-11-07 15:37:19 - INFO - root: Best param found at split 5: l2reg = 0.0001                 with score 85.28
22-11-07 15:37:20 - INFO - root: Computing embedding for train
22-11-07 15:37:24 - INFO - root: Computed train embeddings
22-11-07 15:37:24 - INFO - root: Computing embedding for dev
22-11-07 15:37:24 - INFO - root: Computed dev embeddings
22-11-07 15:37:24 - INFO - root: Computing embedding for test
22-11-07 15:37:25 - INFO - root: Computed test embeddings
22-11-07 15:37:25 - INFO - root: Training pytorch-MLP-nhid0-rmsprop-bs128 with standard validation..
22-11-07 15:37:31 - INFO - root: [('reg:1e-05', 35.24), ('reg:0.0001', 40.6), ('reg:0.001', 35.42), ('reg:0.01', 38.15)]
22-11-07 15:37:31 - INFO - root: Validation : best param found is reg = 0.0001 with score             40.6
22-11-07 15:37:31 - INFO - root: Evaluating...
22-11-07 15:37:33 - INFO - root: ***** Transfer task : TREC *****


22-11-07 15:37:35 - INFO - root: Computed train embeddings
22-11-07 15:37:35 - INFO - root: Computed test embeddings
22-11-07 15:37:35 - INFO - root: Training pytorch-MLP-nhid0-rmsprop-bs128 with 5-fold cross-validation
22-11-07 15:37:53 - INFO - root: [('reg:1e-05', 82.7), ('reg:0.0001', 84.26), ('reg:0.001', 85.25), ('reg:0.01', 77.72)]
22-11-07 15:37:53 - INFO - root: Cross-validation : best param found is reg = 0.001             with score 85.25
22-11-07 15:37:53 - INFO - root: Evaluating...
22-11-07 15:37:54 - INFO - root: ***** Transfer task : MRPC *****


22-11-07 15:37:54 - INFO - root: Computing embedding for train
22-11-07 15:37:58 - INFO - root: Computed train embeddings
22-11-07 15:37:58 - INFO - root: Computing embedding for test
22-11-07 15:37:59 - INFO - root: Computed test embeddings
22-11-07 15:38:00 - INFO - root: Training pytorch-MLP-nhid0-rmsprop-bs128 with 5-fold cross-validation
22-11-07 15:38:11 - INFO - root: [('reg:1e-05', 73.33), ('reg:0.0001', 73.36), ('reg:0.001', 72.69), ('reg:0.01', 74.48)]
22-11-07 15:38:11 - INFO - root: Cross-validation : best param found is reg = 0.01             with score 74.48
22-11-07 15:38:11 - INFO - root: Evaluating...
