22-11-07 00:33:08 - INFO - sentence_transformers.SentenceTransformer: Load pretrained SentenceTransformer: distiluse-base-multilingual-cased-v2
22-11-07 00:33:09 - INFO - sentence_transformers.SentenceTransformer: Use pytorch device: cuda
22-11-07 00:33:09 - INFO - __main__: SBert model distiluse-base-multilingual-cased-v2 is loaded.
22-11-07 00:33:11 - INFO - __main__: Num of SBert features: 512
22-11-07 00:33:12 - INFO - root: Generating sentence embeddings
22-11-07 00:33:17 - INFO - root: Generated sentence embeddings
22-11-07 00:33:17 - INFO - root: Training pytorch-MLP-nhid0-rmsprop-bs128 with (inner) 5-fold cross-validation
22-11-07 00:33:45 - INFO - root: Best param found at split 1: l2reg = 0.01                 with score 71.49
22-11-07 00:34:12 - INFO - root: Best param found at split 2: l2reg = 0.0001                 with score 71.4
22-11-07 00:34:40 - INFO - root: Best param found at split 3: l2reg = 0.0001                 with score 67.57
22-11-07 00:35:13 - INFO - root: Best param found at split 4: l2reg = 0.01                 with score 70.98
22-11-07 00:35:40 - INFO - root: Best param found at split 5: l2reg = 0.0001                 with score 69.6
22-11-07 00:35:42 - INFO - root: Generating sentence embeddings
22-11-07 00:35:43 - INFO - root: Generated sentence embeddings
22-11-07 00:35:43 - INFO - root: Training pytorch-MLP-nhid0-rmsprop-bs128 with (inner) 5-fold cross-validation
22-11-07 00:35:53 - INFO - root: Best param found at split 1: l2reg = 0.01                 with score 79.74
22-11-07 00:36:04 - INFO - root: Best param found at split 2: l2reg = 0.01                 with score 80.7
22-11-07 00:36:14 - INFO - root: Best param found at split 3: l2reg = 1e-05                 with score 80.36
22-11-07 00:36:26 - INFO - root: Best param found at split 4: l2reg = 0.01                 with score 78.81
22-11-07 00:36:37 - INFO - root: Best param found at split 5: l2reg = 1e-05                 with score 79.11
22-11-07 00:36:37 - INFO - root: Generating sentence embeddings
22-11-07 00:36:42 - INFO - root: Generated sentence embeddings
22-11-07 00:36:42 - INFO - root: Training pytorch-MLP-nhid0-rmsprop-bs128 with (inner) 5-fold cross-validation
22-11-07 00:37:07 - INFO - root: Best param found at split 1: l2reg = 0.0001                 with score 90.48
22-11-07 00:37:37 - INFO - root: Best param found at split 2: l2reg = 0.01                 with score 90.99
22-11-07 00:38:05 - INFO - root: Best param found at split 3: l2reg = 0.001                 with score 90.74
22-11-07 00:38:34 - INFO - root: Best param found at split 4: l2reg = 0.01                 with score 90.29
22-11-07 00:39:00 - INFO - root: Best param found at split 5: l2reg = 0.01                 with score 90.36
22-11-07 00:39:01 - INFO - root: Generating sentence embeddings
22-11-07 00:39:04 - INFO - root: Generated sentence embeddings
22-11-07 00:39:04 - INFO - root: Training pytorch-MLP-nhid0-rmsprop-bs128 with (inner) 5-fold cross-validation
22-11-07 00:39:29 - INFO - root: Best param found at split 1: l2reg = 0.001                 with score 85.74
22-11-07 00:40:00 - INFO - root: Best param found at split 2: l2reg = 0.0001                 with score 86.01
22-11-07 00:40:28 - INFO - root: Best param found at split 3: l2reg = 0.01                 with score 85.85
22-11-07 00:40:58 - INFO - root: Best param found at split 4: l2reg = 0.001                 with score 85.68
22-11-07 00:41:26 - INFO - root: Best param found at split 5: l2reg = 0.01                 with score 84.88
22-11-07 00:41:28 - INFO - root: Computing embedding for train
22-11-07 00:41:31 - INFO - root: Computed train embeddings
22-11-07 00:41:31 - INFO - root: Computing embedding for dev
22-11-07 00:41:32 - INFO - root: Computed dev embeddings
22-11-07 00:41:32 - INFO - root: Computing embedding for test
22-11-07 00:41:32 - INFO - root: Computed test embeddings
22-11-07 00:41:32 - INFO - root: Training pytorch-MLP-nhid0-rmsprop-bs128 with standard validation..
22-11-07 00:41:40 - INFO - root: [('reg:1e-05', 35.42), ('reg:0.0001', 37.06), ('reg:0.001', 35.06), ('reg:0.01', 38.15)]
22-11-07 00:41:40 - INFO - root: Validation : best param found is reg = 0.01 with score             38.15
22-11-07 00:41:40 - INFO - root: Evaluating...
22-11-07 00:41:41 - INFO - root: ***** Transfer task : TREC *****


22-11-07 00:41:43 - INFO - root: Computed train embeddings
22-11-07 00:41:43 - INFO - root: Computed test embeddings
22-11-07 00:41:43 - INFO - root: Training pytorch-MLP-nhid0-rmsprop-bs128 with 5-fold cross-validation
22-11-07 00:41:59 - INFO - root: [('reg:1e-05', 79.57), ('reg:0.0001', 79.13), ('reg:0.001', 81.02), ('reg:0.01', 77.51)]
22-11-07 00:41:59 - INFO - root: Cross-validation : best param found is reg = 0.001             with score 81.02
22-11-07 00:41:59 - INFO - root: Evaluating...
22-11-07 00:42:00 - INFO - root: ***** Transfer task : MRPC *****


22-11-07 00:42:01 - INFO - root: Computing embedding for train
22-11-07 00:42:04 - INFO - root: Computed train embeddings
22-11-07 00:42:04 - INFO - root: Computing embedding for test
22-11-07 00:42:06 - INFO - root: Computed test embeddings
22-11-07 00:42:06 - INFO - root: Training pytorch-MLP-nhid0-rmsprop-bs128 with 5-fold cross-validation
22-11-07 00:42:18 - INFO - root: [('reg:1e-05', 72.67), ('reg:0.0001', 72.55), ('reg:0.001', 72.67), ('reg:0.01', 72.23)]
22-11-07 00:42:18 - INFO - root: Cross-validation : best param found is reg = 1e-05             with score 72.67
22-11-07 00:42:18 - INFO - root: Evaluating...
