22-11-06 16:35:54 - INFO - sentence_transformers.SentenceTransformer: Load pretrained SentenceTransformer: distiluse-base-multilingual-cased-v2
22-11-06 16:35:55 - INFO - sentence_transformers.SentenceTransformer: Use pytorch device: cuda
22-11-06 16:35:55 - INFO - __main__: SBert model distiluse-base-multilingual-cased-v2 is loaded.
22-11-06 16:35:57 - INFO - __main__: Num of SBert features: 512
22-11-06 16:35:58 - INFO - root: Generating sentence embeddings
22-11-06 16:36:02 - INFO - root: Generated sentence embeddings
22-11-06 16:36:02 - INFO - root: Training pytorch-MLP-nhid0-rmsprop-bs128 with (inner) 5-fold cross-validation
22-11-06 16:36:30 - INFO - root: Best param found at split 1: l2reg = 1e-05                 with score 69.35
22-11-06 16:36:59 - INFO - root: Best param found at split 2: l2reg = 0.0001                 with score 68.87
22-11-06 16:37:29 - INFO - root: Best param found at split 3: l2reg = 1e-05                 with score 69.11
22-11-06 16:37:59 - INFO - root: Best param found at split 4: l2reg = 0.001                 with score 70.16
22-11-06 16:38:29 - INFO - root: Best param found at split 5: l2reg = 0.01                 with score 69.84
22-11-06 16:38:31 - INFO - root: Generating sentence embeddings
22-11-06 16:38:32 - INFO - root: Generated sentence embeddings
22-11-06 16:38:32 - INFO - root: Training pytorch-MLP-nhid0-rmsprop-bs128 with (inner) 5-fold cross-validation
22-11-06 16:38:41 - INFO - root: Best param found at split 1: l2reg = 0.001                 with score 77.72
22-11-06 16:38:52 - INFO - root: Best param found at split 2: l2reg = 0.0001                 with score 78.87
22-11-06 16:39:03 - INFO - root: Best param found at split 3: l2reg = 1e-05                 with score 78.94
22-11-06 16:39:14 - INFO - root: Best param found at split 4: l2reg = 1e-05                 with score 79.21
22-11-06 16:39:27 - INFO - root: Best param found at split 5: l2reg = 0.01                 with score 78.11
22-11-06 16:39:27 - INFO - root: Generating sentence embeddings
22-11-06 16:39:32 - INFO - root: Generated sentence embeddings
22-11-06 16:39:32 - INFO - root: Training pytorch-MLP-nhid0-rmsprop-bs128 with (inner) 5-fold cross-validation
22-11-06 16:39:58 - INFO - root: Best param found at split 1: l2reg = 0.01                 with score 89.6
22-11-06 16:40:23 - INFO - root: Best param found at split 2: l2reg = 0.001                 with score 89.41
22-11-06 16:40:48 - INFO - root: Best param found at split 3: l2reg = 0.0001                 with score 89.13
22-11-06 16:41:11 - INFO - root: Best param found at split 4: l2reg = 1e-05                 with score 89.1
22-11-06 16:41:38 - INFO - root: Best param found at split 5: l2reg = 0.01                 with score 89.2
22-11-06 16:41:39 - INFO - root: Generating sentence embeddings
22-11-06 16:41:42 - INFO - root: Generated sentence embeddings
22-11-06 16:41:42 - INFO - root: Training pytorch-MLP-nhid0-rmsprop-bs128 with (inner) 5-fold cross-validation
22-11-06 16:42:13 - INFO - root: Best param found at split 1: l2reg = 1e-05                 with score 84.9
22-11-06 16:42:41 - INFO - root: Best param found at split 2: l2reg = 0.001                 with score 84.69
22-11-06 16:43:09 - INFO - root: Best param found at split 3: l2reg = 1e-05                 with score 84.34
22-11-06 16:43:38 - INFO - root: Best param found at split 4: l2reg = 0.001                 with score 84.62
22-11-06 16:44:07 - INFO - root: Best param found at split 5: l2reg = 0.0001                 with score 84.09
22-11-06 16:44:09 - INFO - root: Computing embedding for train
22-11-06 16:44:12 - INFO - root: Computed train embeddings
22-11-06 16:44:12 - INFO - root: Computing embedding for dev
22-11-06 16:44:13 - INFO - root: Computed dev embeddings
22-11-06 16:44:13 - INFO - root: Computing embedding for test
22-11-06 16:44:14 - INFO - root: Computed test embeddings
22-11-06 16:44:14 - INFO - root: Training pytorch-MLP-nhid0-rmsprop-bs128 with standard validation..
22-11-06 16:44:21 - INFO - root: [('reg:1e-05', 38.33), ('reg:0.0001', 37.42), ('reg:0.001', 37.87), ('reg:0.01', 37.6)]
22-11-06 16:44:21 - INFO - root: Validation : best param found is reg = 1e-05 with score             38.33
22-11-06 16:44:21 - INFO - root: Evaluating...
22-11-06 16:44:22 - INFO - root: ***** Transfer task : TREC *****


22-11-06 16:44:24 - INFO - root: Computed train embeddings
22-11-06 16:44:24 - INFO - root: Computed test embeddings
22-11-06 16:44:24 - INFO - root: Training pytorch-MLP-nhid0-rmsprop-bs128 with 5-fold cross-validation
22-11-06 16:44:41 - INFO - root: [('reg:1e-05', 79.79), ('reg:0.0001', 79.7), ('reg:0.001', 79.99), ('reg:0.01', 79.11)]
22-11-06 16:44:41 - INFO - root: Cross-validation : best param found is reg = 0.001             with score 79.99
22-11-06 16:44:41 - INFO - root: Evaluating...
22-11-06 16:44:42 - INFO - root: ***** Transfer task : MRPC *****


22-11-06 16:44:42 - INFO - root: Computing embedding for train
22-11-06 16:44:46 - INFO - root: Computed train embeddings
22-11-06 16:44:46 - INFO - root: Computing embedding for test
22-11-06 16:44:47 - INFO - root: Computed test embeddings
22-11-06 16:44:47 - INFO - root: Training pytorch-MLP-nhid0-rmsprop-bs128 with 5-fold cross-validation
22-11-06 16:45:00 - INFO - root: [('reg:1e-05', 71.88), ('reg:0.0001', 71.98), ('reg:0.001', 72.55), ('reg:0.01', 72.28)]
22-11-06 16:45:00 - INFO - root: Cross-validation : best param found is reg = 0.001             with score 72.55
22-11-06 16:45:00 - INFO - root: Evaluating...
