22-11-06 11:48:41 - INFO - sentence_transformers.SentenceTransformer: Load pretrained SentenceTransformer: distiluse-base-multilingual-cased-v2
22-11-06 11:48:42 - INFO - sentence_transformers.SentenceTransformer: Use pytorch device: cuda
22-11-06 11:48:42 - INFO - __main__: SBert model distiluse-base-multilingual-cased-v2 is loaded.
22-11-06 11:48:44 - INFO - __main__: Num of SBert features: 512
22-11-06 11:48:45 - INFO - root: Generating sentence embeddings
22-11-06 11:48:49 - INFO - root: Generated sentence embeddings
22-11-06 11:48:49 - INFO - root: Training pytorch-MLP-nhid0-rmsprop-bs128 with (inner) 5-fold cross-validation
22-11-06 11:49:15 - INFO - root: Best param found at split 1: l2reg = 0.01                 with score 68.87
22-11-06 11:49:43 - INFO - root: Best param found at split 2: l2reg = 0.01                 with score 69.07
22-11-06 11:50:10 - INFO - root: Best param found at split 3: l2reg = 0.01                 with score 69.41
22-11-06 11:50:38 - INFO - root: Best param found at split 4: l2reg = 0.01                 with score 69.7
22-11-06 11:51:07 - INFO - root: Best param found at split 5: l2reg = 1e-05                 with score 69.28
22-11-06 11:51:09 - INFO - root: Generating sentence embeddings
22-11-06 11:51:10 - INFO - root: Generated sentence embeddings
22-11-06 11:51:10 - INFO - root: Training pytorch-MLP-nhid0-rmsprop-bs128 with (inner) 5-fold cross-validation
22-11-06 11:51:21 - INFO - root: Best param found at split 1: l2reg = 0.001                 with score 79.67
22-11-06 11:51:31 - INFO - root: Best param found at split 2: l2reg = 0.01                 with score 78.58
22-11-06 11:51:40 - INFO - root: Best param found at split 3: l2reg = 1e-05                 with score 78.41
22-11-06 11:51:52 - INFO - root: Best param found at split 4: l2reg = 1e-05                 with score 79.14
22-11-06 11:52:04 - INFO - root: Best param found at split 5: l2reg = 1e-05                 with score 78.41
22-11-06 11:52:05 - INFO - root: Generating sentence embeddings
22-11-06 11:52:09 - INFO - root: Generated sentence embeddings
22-11-06 11:52:09 - INFO - root: Training pytorch-MLP-nhid0-rmsprop-bs128 with (inner) 5-fold cross-validation
22-11-06 11:52:34 - INFO - root: Best param found at split 1: l2reg = 1e-05                 with score 88.04
22-11-06 11:53:00 - INFO - root: Best param found at split 2: l2reg = 0.01                 with score 88.11
22-11-06 11:53:27 - INFO - root: Best param found at split 3: l2reg = 0.001                 with score 87.68
22-11-06 11:53:55 - INFO - root: Best param found at split 4: l2reg = 0.01                 with score 87.64
22-11-06 11:54:23 - INFO - root: Best param found at split 5: l2reg = 0.001                 with score 87.6
22-11-06 11:54:25 - INFO - root: Generating sentence embeddings
22-11-06 11:54:27 - INFO - root: Generated sentence embeddings
22-11-06 11:54:27 - INFO - root: Training pytorch-MLP-nhid0-rmsprop-bs128 with (inner) 5-fold cross-validation
22-11-06 11:54:53 - INFO - root: Best param found at split 1: l2reg = 0.01                 with score 83.79
22-11-06 11:55:20 - INFO - root: Best param found at split 2: l2reg = 0.0001                 with score 83.9
22-11-06 11:55:50 - INFO - root: Best param found at split 3: l2reg = 0.01                 with score 84.66
22-11-06 11:56:16 - INFO - root: Best param found at split 4: l2reg = 0.001                 with score 81.84
22-11-06 11:56:44 - INFO - root: Best param found at split 5: l2reg = 1e-05                 with score 84.3
22-11-06 11:56:46 - INFO - root: Computing embedding for train
22-11-06 11:56:49 - INFO - root: Computed train embeddings
22-11-06 11:56:49 - INFO - root: Computing embedding for dev
22-11-06 11:56:50 - INFO - root: Computed dev embeddings
22-11-06 11:56:50 - INFO - root: Computing embedding for test
22-11-06 11:56:51 - INFO - root: Computed test embeddings
22-11-06 11:56:51 - INFO - root: Training pytorch-MLP-nhid0-rmsprop-bs128 with standard validation..
22-11-06 11:56:59 - INFO - root: [('reg:1e-05', 38.15), ('reg:0.0001', 38.24), ('reg:0.001', 38.06), ('reg:0.01', 38.51)]
22-11-06 11:56:59 - INFO - root: Validation : best param found is reg = 0.01 with score             38.51
22-11-06 11:56:59 - INFO - root: Evaluating...
22-11-06 11:57:01 - INFO - root: ***** Transfer task : TREC *****


22-11-06 11:57:02 - INFO - root: Computed train embeddings
22-11-06 11:57:02 - INFO - root: Computed test embeddings
22-11-06 11:57:02 - INFO - root: Training pytorch-MLP-nhid0-rmsprop-bs128 with 5-fold cross-validation
22-11-06 11:57:19 - INFO - root: [('reg:1e-05', 76.58), ('reg:0.0001', 76.5), ('reg:0.001', 76.05), ('reg:0.01', 74.62)]
22-11-06 11:57:19 - INFO - root: Cross-validation : best param found is reg = 1e-05             with score 76.58
22-11-06 11:57:19 - INFO - root: Evaluating...
22-11-06 11:57:20 - INFO - root: ***** Transfer task : MRPC *****


22-11-06 11:57:20 - INFO - root: Computing embedding for train
22-11-06 11:57:24 - INFO - root: Computed train embeddings
22-11-06 11:57:24 - INFO - root: Computing embedding for test
22-11-06 11:57:25 - INFO - root: Computed test embeddings
22-11-06 11:57:25 - INFO - root: Training pytorch-MLP-nhid0-rmsprop-bs128 with 5-fold cross-validation
22-11-06 11:57:38 - INFO - root: [('reg:1e-05', 72.15), ('reg:0.0001', 72.18), ('reg:0.001', 72.23), ('reg:0.01', 72.5)]
22-11-06 11:57:38 - INFO - root: Cross-validation : best param found is reg = 0.01             with score 72.5
22-11-06 11:57:38 - INFO - root: Evaluating...
